[2021-12-05 15:55:06,937] {taskinstance.py:670} INFO - Dependencies all met for <TaskInstance: twitter_dag.transform_twitter_chapecoense 2021-12-01T09:00:00+00:00 [queued]>
[2021-12-05 15:55:06,943] {taskinstance.py:670} INFO - Dependencies all met for <TaskInstance: twitter_dag.transform_twitter_chapecoense 2021-12-01T09:00:00+00:00 [queued]>
[2021-12-05 15:55:06,944] {taskinstance.py:880} INFO - 
--------------------------------------------------------------------------------
[2021-12-05 15:55:06,944] {taskinstance.py:881} INFO - Starting attempt 1 of 1
[2021-12-05 15:55:06,944] {taskinstance.py:882} INFO - 
--------------------------------------------------------------------------------
[2021-12-05 15:55:06,950] {taskinstance.py:901} INFO - Executing <Task(SparkSubmitOperator): transform_twitter_chapecoense> on 2021-12-01T09:00:00+00:00
[2021-12-05 15:55:06,951] {standard_task_runner.py:54} INFO - Started process 2631 to run task
[2021-12-05 15:55:07,124] {standard_task_runner.py:77} INFO - Running: ['airflow', 'run', 'twitter_dag', 'transform_twitter_chapecoense', '2021-12-01T09:00:00+00:00', '--job_id', '119', '--pool', 'default_pool', '--raw', '-sd', 'DAGS_FOLDER/twitter_dag.py', '--cfg_path', '/tmp/tmpuv3bazhh']
[2021-12-05 15:55:07,124] {standard_task_runner.py:78} INFO - Job 119: Subtask transform_twitter_chapecoense
[2021-12-05 15:55:07,176] {logging_mixin.py:112} INFO - Running <TaskInstance: twitter_dag.transform_twitter_chapecoense 2021-12-01T09:00:00+00:00 [running]> on host kauai-VirtualBox
[2021-12-05 15:55:07,268] {base_hook.py:89} INFO - Using connection to: id: spark_default. Host: local, Port: None, Schema: None, Login: None, Password: None, extra: XXXXXXXX
[2021-12-05 15:55:07,269] {spark_submit_hook.py:325} INFO - Spark-Submit cmd: /home/kauai/spark-3.1.2-bin-hadoop3.2/bin/spark-submit --master local --name twitter_transformation /home/kauai/datapipeline/spark/transformation.py --src /home/kauai/datapipeline/datalake/bronze/twitter_chapecoense/extract_date=2021-12-01 --dest /home/kauai/datapipeline/datalake/silver/twitter_chapecoense/ --process-date 2021-12-01
[2021-12-05 15:55:08,872] {spark_submit_hook.py:479} INFO - 21/12/05 15:55:08 WARN Utils: Your hostname, kauai-VirtualBox resolves to a loopback address: 127.0.1.1; using 10.0.2.15 instead (on interface enp0s3)
[2021-12-05 15:55:08,874] {spark_submit_hook.py:479} INFO - 21/12/05 15:55:08 WARN Utils: Set SPARK_LOCAL_IP if you need to bind to another address
[2021-12-05 15:55:08,882] {spark_submit_hook.py:479} INFO - WARNING: An illegal reflective access operation has occurred
[2021-12-05 15:55:08,882] {spark_submit_hook.py:479} INFO - WARNING: Illegal reflective access by org.apache.spark.unsafe.Platform (file:/opt/spark/jars/spark-unsafe_2.12-3.1.2.jar) to constructor java.nio.DirectByteBuffer(long,int)
[2021-12-05 15:55:08,882] {spark_submit_hook.py:479} INFO - WARNING: Please consider reporting this to the maintainers of org.apache.spark.unsafe.Platform
[2021-12-05 15:55:08,882] {spark_submit_hook.py:479} INFO - WARNING: Use --illegal-access=warn to enable warnings of further illegal reflective access operations
[2021-12-05 15:55:08,882] {spark_submit_hook.py:479} INFO - WARNING: All illegal access operations will be denied in a future release
[2021-12-05 15:55:09,418] {spark_submit_hook.py:479} INFO - 21/12/05 15:55:09 WARN NativeCodeLoader: Unable to load native-hadoop library for your platform... using builtin-java classes where applicable
[2021-12-05 15:55:10,127] {spark_submit_hook.py:479} INFO - Using Spark's default log4j profile: org/apache/spark/log4j-defaults.properties
[2021-12-05 15:55:10,133] {spark_submit_hook.py:479} INFO - 21/12/05 15:55:10 INFO SparkContext: Running Spark version 3.1.2
[2021-12-05 15:55:10,200] {spark_submit_hook.py:479} INFO - 21/12/05 15:55:10 INFO ResourceUtils: ==============================================================
[2021-12-05 15:55:10,203] {spark_submit_hook.py:479} INFO - 21/12/05 15:55:10 INFO ResourceUtils: No custom resources configured for spark.driver.
[2021-12-05 15:55:10,203] {spark_submit_hook.py:479} INFO - 21/12/05 15:55:10 INFO ResourceUtils: ==============================================================
[2021-12-05 15:55:10,205] {spark_submit_hook.py:479} INFO - 21/12/05 15:55:10 INFO SparkContext: Submitted application: twitter_transformation
[2021-12-05 15:55:10,237] {spark_submit_hook.py:479} INFO - 21/12/05 15:55:10 INFO ResourceProfile: Default ResourceProfile created, executor resources: Map(cores -> name: cores, amount: 1, script: , vendor: , memory -> name: memory, amount: 1024, script: , vendor: , offHeap -> name: offHeap, amount: 0, script: , vendor: ), task resources: Map(cpus -> name: cpus, amount: 1.0)
[2021-12-05 15:55:10,252] {spark_submit_hook.py:479} INFO - 21/12/05 15:55:10 INFO ResourceProfile: Limiting resource is cpu
[2021-12-05 15:55:10,252] {spark_submit_hook.py:479} INFO - 21/12/05 15:55:10 INFO ResourceProfileManager: Added ResourceProfile id: 0
[2021-12-05 15:55:10,323] {spark_submit_hook.py:479} INFO - 21/12/05 15:55:10 INFO SecurityManager: Changing view acls to: kauai
[2021-12-05 15:55:10,323] {spark_submit_hook.py:479} INFO - 21/12/05 15:55:10 INFO SecurityManager: Changing modify acls to: kauai
[2021-12-05 15:55:10,323] {spark_submit_hook.py:479} INFO - 21/12/05 15:55:10 INFO SecurityManager: Changing view acls groups to:
[2021-12-05 15:55:10,323] {spark_submit_hook.py:479} INFO - 21/12/05 15:55:10 INFO SecurityManager: Changing modify acls groups to:
[2021-12-05 15:55:10,324] {spark_submit_hook.py:479} INFO - 21/12/05 15:55:10 INFO SecurityManager: SecurityManager: authentication disabled; ui acls disabled; users  with view permissions: Set(kauai); groups with view permissions: Set(); users  with modify permissions: Set(kauai); groups with modify permissions: Set()
[2021-12-05 15:55:10,651] {spark_submit_hook.py:479} INFO - 21/12/05 15:55:10 INFO Utils: Successfully started service 'sparkDriver' on port 34659.
[2021-12-05 15:55:10,687] {spark_submit_hook.py:479} INFO - 21/12/05 15:55:10 INFO SparkEnv: Registering MapOutputTracker
[2021-12-05 15:55:10,735] {spark_submit_hook.py:479} INFO - 21/12/05 15:55:10 INFO SparkEnv: Registering BlockManagerMaster
[2021-12-05 15:55:10,763] {spark_submit_hook.py:479} INFO - 21/12/05 15:55:10 INFO BlockManagerMasterEndpoint: Using org.apache.spark.storage.DefaultTopologyMapper for getting topology information
[2021-12-05 15:55:10,763] {spark_submit_hook.py:479} INFO - 21/12/05 15:55:10 INFO BlockManagerMasterEndpoint: BlockManagerMasterEndpoint up
[2021-12-05 15:55:10,768] {spark_submit_hook.py:479} INFO - 21/12/05 15:55:10 INFO SparkEnv: Registering BlockManagerMasterHeartbeat
[2021-12-05 15:55:10,794] {spark_submit_hook.py:479} INFO - 21/12/05 15:55:10 INFO DiskBlockManager: Created local directory at /tmp/blockmgr-36fb75dd-8074-49f4-893e-79a6d328d40f
[2021-12-05 15:55:10,826] {spark_submit_hook.py:479} INFO - 21/12/05 15:55:10 INFO MemoryStore: MemoryStore started with capacity 413.9 MiB
[2021-12-05 15:55:10,845] {spark_submit_hook.py:479} INFO - 21/12/05 15:55:10 INFO SparkEnv: Registering OutputCommitCoordinator
[2021-12-05 15:55:11,075] {spark_submit_hook.py:479} INFO - 21/12/05 15:55:11 INFO Utils: Successfully started service 'SparkUI' on port 4040.
[2021-12-05 15:55:11,176] {spark_submit_hook.py:479} INFO - 21/12/05 15:55:11 INFO SparkUI: Bound SparkUI to 0.0.0.0, and started at http://10.0.2.15:4040
[2021-12-05 15:55:11,426] {spark_submit_hook.py:479} INFO - 21/12/05 15:55:11 INFO Executor: Starting executor ID driver on host 10.0.2.15
[2021-12-05 15:55:11,466] {spark_submit_hook.py:479} INFO - 21/12/05 15:55:11 INFO Utils: Successfully started service 'org.apache.spark.network.netty.NettyBlockTransferService' on port 37691.
[2021-12-05 15:55:11,466] {spark_submit_hook.py:479} INFO - 21/12/05 15:55:11 INFO NettyBlockTransferService: Server created on 10.0.2.15:37691
[2021-12-05 15:55:11,466] {spark_submit_hook.py:479} INFO - 21/12/05 15:55:11 INFO BlockManager: Using org.apache.spark.storage.RandomBlockReplicationPolicy for block replication policy
[2021-12-05 15:55:11,473] {spark_submit_hook.py:479} INFO - 21/12/05 15:55:11 INFO BlockManagerMaster: Registering BlockManager BlockManagerId(driver, 10.0.2.15, 37691, None)
[2021-12-05 15:55:11,476] {spark_submit_hook.py:479} INFO - 21/12/05 15:55:11 INFO BlockManagerMasterEndpoint: Registering block manager 10.0.2.15:37691 with 413.9 MiB RAM, BlockManagerId(driver, 10.0.2.15, 37691, None)
[2021-12-05 15:55:11,479] {spark_submit_hook.py:479} INFO - 21/12/05 15:55:11 INFO BlockManagerMaster: Registered BlockManager BlockManagerId(driver, 10.0.2.15, 37691, None)
[2021-12-05 15:55:11,480] {spark_submit_hook.py:479} INFO - 21/12/05 15:55:11 INFO BlockManager: Initialized BlockManager: BlockManagerId(driver, 10.0.2.15, 37691, None)
[2021-12-05 15:55:12,084] {spark_submit_hook.py:479} INFO - 21/12/05 15:55:12 INFO SharedState: Setting hive.metastore.warehouse.dir ('null') to the value of spark.sql.warehouse.dir ('file:/home/kauai/datapipeline/spark-warehouse').
[2021-12-05 15:55:12,086] {spark_submit_hook.py:479} INFO - 21/12/05 15:55:12 INFO SharedState: Warehouse path is 'file:/home/kauai/datapipeline/spark-warehouse'.
[2021-12-05 15:55:13,027] {spark_submit_hook.py:479} INFO - 21/12/05 15:55:13 INFO InMemoryFileIndex: It took 88 ms to list leaf files for 1 paths.
[2021-12-05 15:55:13,144] {spark_submit_hook.py:479} INFO - 21/12/05 15:55:13 INFO InMemoryFileIndex: It took 2 ms to list leaf files for 1 paths.
[2021-12-05 15:55:15,311] {spark_submit_hook.py:479} INFO - 21/12/05 15:55:15 INFO FileSourceStrategy: Pushed Filters:
[2021-12-05 15:55:15,311] {spark_submit_hook.py:479} INFO - 21/12/05 15:55:15 INFO FileSourceStrategy: Post-Scan Filters:
[2021-12-05 15:55:15,314] {spark_submit_hook.py:479} INFO - 21/12/05 15:55:15 INFO FileSourceStrategy: Output Data Schema: struct<value: string>
[2021-12-05 15:55:15,802] {spark_submit_hook.py:479} INFO - 21/12/05 15:55:15 INFO MemoryStore: Block broadcast_0 stored as values in memory (estimated size 174.7 KiB, free 413.8 MiB)
[2021-12-05 15:55:15,914] {spark_submit_hook.py:479} INFO - 21/12/05 15:55:15 INFO MemoryStore: Block broadcast_0_piece0 stored as bytes in memory (estimated size 27.6 KiB, free 413.7 MiB)
[2021-12-05 15:55:15,919] {spark_submit_hook.py:479} INFO - 21/12/05 15:55:15 INFO BlockManagerInfo: Added broadcast_0_piece0 in memory on 10.0.2.15:37691 (size: 27.6 KiB, free: 413.9 MiB)
[2021-12-05 15:55:15,926] {spark_submit_hook.py:479} INFO - 21/12/05 15:55:15 INFO SparkContext: Created broadcast 0 from json at NativeMethodAccessorImpl.java:0
[2021-12-05 15:55:15,943] {spark_submit_hook.py:479} INFO - 21/12/05 15:55:15 INFO FileSourceScanExec: Planning scan with bin packing, max size: 4292463 bytes, open cost is considered as scanning 4194304 bytes.
[2021-12-05 15:55:16,184] {spark_submit_hook.py:479} INFO - 21/12/05 15:55:16 INFO SparkContext: Starting job: json at NativeMethodAccessorImpl.java:0
[2021-12-05 15:55:16,201] {spark_submit_hook.py:479} INFO - 21/12/05 15:55:16 INFO DAGScheduler: Got job 0 (json at NativeMethodAccessorImpl.java:0) with 1 output partitions
[2021-12-05 15:55:16,209] {spark_submit_hook.py:479} INFO - 21/12/05 15:55:16 INFO DAGScheduler: Final stage: ResultStage 0 (json at NativeMethodAccessorImpl.java:0)
[2021-12-05 15:55:16,210] {spark_submit_hook.py:479} INFO - 21/12/05 15:55:16 INFO DAGScheduler: Parents of final stage: List()
[2021-12-05 15:55:16,210] {spark_submit_hook.py:479} INFO - 21/12/05 15:55:16 INFO DAGScheduler: Missing parents: List()
[2021-12-05 15:55:16,221] {spark_submit_hook.py:479} INFO - 21/12/05 15:55:16 INFO DAGScheduler: Submitting ResultStage 0 (MapPartitionsRDD[3] at json at NativeMethodAccessorImpl.java:0), which has no missing parents
[2021-12-05 15:55:16,476] {spark_submit_hook.py:479} INFO - 21/12/05 15:55:16 INFO MemoryStore: Block broadcast_1 stored as values in memory (estimated size 12.0 KiB, free 413.7 MiB)
[2021-12-05 15:55:16,485] {spark_submit_hook.py:479} INFO - 21/12/05 15:55:16 INFO MemoryStore: Block broadcast_1_piece0 stored as bytes in memory (estimated size 6.3 KiB, free 413.7 MiB)
[2021-12-05 15:55:16,486] {spark_submit_hook.py:479} INFO - 21/12/05 15:55:16 INFO BlockManagerInfo: Added broadcast_1_piece0 in memory on 10.0.2.15:37691 (size: 6.3 KiB, free: 413.9 MiB)
[2021-12-05 15:55:16,489] {spark_submit_hook.py:479} INFO - 21/12/05 15:55:16 INFO SparkContext: Created broadcast 1 from broadcast at DAGScheduler.scala:1388
[2021-12-05 15:55:16,522] {spark_submit_hook.py:479} INFO - 21/12/05 15:55:16 INFO DAGScheduler: Submitting 1 missing tasks from ResultStage 0 (MapPartitionsRDD[3] at json at NativeMethodAccessorImpl.java:0) (first 15 tasks are for partitions Vector(0))
[2021-12-05 15:55:16,527] {spark_submit_hook.py:479} INFO - 21/12/05 15:55:16 INFO TaskSchedulerImpl: Adding task set 0.0 with 1 tasks resource profile 0
[2021-12-05 15:55:16,639] {spark_submit_hook.py:479} INFO - 21/12/05 15:55:16 INFO TaskSetManager: Starting task 0.0 in stage 0.0 (TID 0) (10.0.2.15, executor driver, partition 0, PROCESS_LOCAL, 4942 bytes) taskResourceAssignments Map()
[2021-12-05 15:55:16,674] {spark_submit_hook.py:479} INFO - 21/12/05 15:55:16 INFO Executor: Running task 0.0 in stage 0.0 (TID 0)
[2021-12-05 15:55:16,898] {spark_submit_hook.py:479} INFO - 21/12/05 15:55:16 INFO FileScanRDD: Reading File path: file:///home/kauai/datapipeline/datalake/bronze/twitter_chapecoense/extract_date=2021-12-01/VascodaGama_20211201.json, range: 0-98159, partition values: [empty row]
[2021-12-05 15:55:17,404] {spark_submit_hook.py:479} INFO - 21/12/05 15:55:17 INFO CodeGenerator: Code generated in 275.495772 ms
[2021-12-05 15:55:17,573] {spark_submit_hook.py:479} INFO - 21/12/05 15:55:17 INFO Executor: Finished task 0.0 in stage 0.0 (TID 0). 2858 bytes result sent to driver
[2021-12-05 15:55:17,598] {spark_submit_hook.py:479} INFO - 21/12/05 15:55:17 INFO TaskSetManager: Finished task 0.0 in stage 0.0 (TID 0) in 983 ms on 10.0.2.15 (executor driver) (1/1)
[2021-12-05 15:55:17,612] {spark_submit_hook.py:479} INFO - 21/12/05 15:55:17 INFO DAGScheduler: ResultStage 0 (json at NativeMethodAccessorImpl.java:0) finished in 1,360 s
[2021-12-05 15:55:17,613] {spark_submit_hook.py:479} INFO - 21/12/05 15:55:17 INFO TaskSchedulerImpl: Removed TaskSet 0.0, whose tasks have all completed, from pool
[2021-12-05 15:55:17,620] {spark_submit_hook.py:479} INFO - 21/12/05 15:55:17 INFO DAGScheduler: Job 0 is finished. Cancelling potential speculative or zombie tasks for this job
[2021-12-05 15:55:17,620] {spark_submit_hook.py:479} INFO - 21/12/05 15:55:17 INFO TaskSchedulerImpl: Killing all running tasks in stage 0: Stage finished
[2021-12-05 15:55:17,627] {spark_submit_hook.py:479} INFO - 21/12/05 15:55:17 INFO DAGScheduler: Job 0 finished: json at NativeMethodAccessorImpl.java:0, took 1,438774 s
[2021-12-05 15:55:18,374] {spark_submit_hook.py:479} INFO - 21/12/05 15:55:18 INFO FileSourceStrategy: Pushed Filters: IsNotNull(data)
[2021-12-05 15:55:18,375] {spark_submit_hook.py:479} INFO - 21/12/05 15:55:18 INFO FileSourceStrategy: Post-Scan Filters: (size(data#7, true) > 0),isnotnull(data#7)
[2021-12-05 15:55:18,376] {spark_submit_hook.py:479} INFO - 21/12/05 15:55:18 INFO FileSourceStrategy: Output Data Schema: struct<data: array<struct<author_id:string,conversation_id:string,created_at:string,id:string,in_reply_to_user_id:string,public_metrics:struct<like_count:bigint,quote_count:bigint,reply_count:bigint,retweet_count:bigint>,text:string>>>
[2021-12-05 15:55:18,527] {spark_submit_hook.py:479} INFO - 21/12/05 15:55:18 INFO BlockManagerInfo: Removed broadcast_0_piece0 on 10.0.2.15:37691 in memory (size: 27.6 KiB, free: 413.9 MiB)
[2021-12-05 15:55:18,539] {spark_submit_hook.py:479} INFO - 21/12/05 15:55:18 INFO FileOutputCommitter: File Output Committer Algorithm version is 1
[2021-12-05 15:55:18,539] {spark_submit_hook.py:479} INFO - 21/12/05 15:55:18 INFO FileOutputCommitter: FileOutputCommitter skip cleanup _temporary folders under output directory:false, ignore cleanup failures: false
[2021-12-05 15:55:18,542] {spark_submit_hook.py:479} INFO - 21/12/05 15:55:18 INFO SQLHadoopMapReduceCommitProtocol: Using output committer class org.apache.hadoop.mapreduce.lib.output.FileOutputCommitter
[2021-12-05 15:55:18,552] {spark_submit_hook.py:479} INFO - 21/12/05 15:55:18 INFO BlockManagerInfo: Removed broadcast_1_piece0 on 10.0.2.15:37691 in memory (size: 6.3 KiB, free: 413.9 MiB)
[2021-12-05 15:55:18,682] {spark_submit_hook.py:479} INFO - 21/12/05 15:55:18 INFO CodeGenerator: Code generated in 50.014305 ms
[2021-12-05 15:55:18,760] {spark_submit_hook.py:479} INFO - 21/12/05 15:55:18 INFO CodeGenerator: Code generated in 47.643153 ms
[2021-12-05 15:55:18,782] {spark_submit_hook.py:479} INFO - 21/12/05 15:55:18 INFO MemoryStore: Block broadcast_2 stored as values in memory (estimated size 174.6 KiB, free 413.8 MiB)
[2021-12-05 15:55:18,792] {spark_submit_hook.py:479} INFO - 21/12/05 15:55:18 INFO MemoryStore: Block broadcast_2_piece0 stored as bytes in memory (estimated size 27.6 KiB, free 413.7 MiB)
[2021-12-05 15:55:18,793] {spark_submit_hook.py:479} INFO - 21/12/05 15:55:18 INFO BlockManagerInfo: Added broadcast_2_piece0 in memory on 10.0.2.15:37691 (size: 27.6 KiB, free: 413.9 MiB)
[2021-12-05 15:55:18,795] {spark_submit_hook.py:479} INFO - 21/12/05 15:55:18 INFO SparkContext: Created broadcast 2 from json at NativeMethodAccessorImpl.java:0
[2021-12-05 15:55:18,801] {spark_submit_hook.py:479} INFO - 21/12/05 15:55:18 INFO FileSourceScanExec: Planning scan with bin packing, max size: 4292463 bytes, open cost is considered as scanning 4194304 bytes.
[2021-12-05 15:55:18,951] {spark_submit_hook.py:479} INFO - 21/12/05 15:55:18 INFO SparkContext: Starting job: json at NativeMethodAccessorImpl.java:0
[2021-12-05 15:55:18,955] {spark_submit_hook.py:479} INFO - 21/12/05 15:55:18 INFO DAGScheduler: Got job 1 (json at NativeMethodAccessorImpl.java:0) with 1 output partitions
[2021-12-05 15:55:18,955] {spark_submit_hook.py:479} INFO - 21/12/05 15:55:18 INFO DAGScheduler: Final stage: ResultStage 1 (json at NativeMethodAccessorImpl.java:0)
[2021-12-05 15:55:18,955] {spark_submit_hook.py:479} INFO - 21/12/05 15:55:18 INFO DAGScheduler: Parents of final stage: List()
[2021-12-05 15:55:18,958] {spark_submit_hook.py:479} INFO - 21/12/05 15:55:18 INFO DAGScheduler: Missing parents: List()
[2021-12-05 15:55:18,971] {spark_submit_hook.py:479} INFO - 21/12/05 15:55:18 INFO DAGScheduler: Submitting ResultStage 1 (CoalescedRDD[13] at json at NativeMethodAccessorImpl.java:0), which has no missing parents
[2021-12-05 15:55:19,042] {spark_submit_hook.py:479} INFO - 21/12/05 15:55:19 INFO MemoryStore: Block broadcast_3 stored as values in memory (estimated size 188.7 KiB, free 413.5 MiB)
[2021-12-05 15:55:19,045] {spark_submit_hook.py:479} INFO - 21/12/05 15:55:19 INFO MemoryStore: Block broadcast_3_piece0 stored as bytes in memory (estimated size 66.6 KiB, free 413.5 MiB)
[2021-12-05 15:55:19,046] {spark_submit_hook.py:479} INFO - 21/12/05 15:55:19 INFO BlockManagerInfo: Added broadcast_3_piece0 in memory on 10.0.2.15:37691 (size: 66.6 KiB, free: 413.8 MiB)
[2021-12-05 15:55:19,052] {spark_submit_hook.py:479} INFO - 21/12/05 15:55:19 INFO SparkContext: Created broadcast 3 from broadcast at DAGScheduler.scala:1388
[2021-12-05 15:55:19,060] {spark_submit_hook.py:479} INFO - 21/12/05 15:55:19 INFO DAGScheduler: Submitting 1 missing tasks from ResultStage 1 (CoalescedRDD[13] at json at NativeMethodAccessorImpl.java:0) (first 15 tasks are for partitions Vector(0))
[2021-12-05 15:55:19,060] {spark_submit_hook.py:479} INFO - 21/12/05 15:55:19 INFO TaskSchedulerImpl: Adding task set 1.0 with 1 tasks resource profile 0
[2021-12-05 15:55:19,061] {spark_submit_hook.py:479} INFO - 21/12/05 15:55:19 INFO TaskSetManager: Starting task 0.0 in stage 1.0 (TID 1) (10.0.2.15, executor driver, partition 0, PROCESS_LOCAL, 5171 bytes) taskResourceAssignments Map()
[2021-12-05 15:55:19,061] {spark_submit_hook.py:479} INFO - 21/12/05 15:55:19 INFO Executor: Running task 0.0 in stage 1.0 (TID 1)
[2021-12-05 15:55:19,168] {spark_submit_hook.py:479} INFO - 21/12/05 15:55:19 INFO FileOutputCommitter: File Output Committer Algorithm version is 1
[2021-12-05 15:55:19,168] {spark_submit_hook.py:479} INFO - 21/12/05 15:55:19 INFO FileOutputCommitter: FileOutputCommitter skip cleanup _temporary folders under output directory:false, ignore cleanup failures: false
[2021-12-05 15:55:19,172] {spark_submit_hook.py:479} INFO - 21/12/05 15:55:19 INFO SQLHadoopMapReduceCommitProtocol: Using output committer class org.apache.hadoop.mapreduce.lib.output.FileOutputCommitter
[2021-12-05 15:55:19,282] {spark_submit_hook.py:479} INFO - 21/12/05 15:55:19 INFO CodeGenerator: Code generated in 34.186349 ms
[2021-12-05 15:55:19,287] {spark_submit_hook.py:479} INFO - 21/12/05 15:55:19 INFO FileScanRDD: Reading File path: file:///home/kauai/datapipeline/datalake/bronze/twitter_chapecoense/extract_date=2021-12-01/VascodaGama_20211201.json, range: 0-98159, partition values: [empty row]
[2021-12-05 15:55:19,324] {spark_submit_hook.py:479} INFO - 21/12/05 15:55:19 INFO CodeGenerator: Code generated in 35.463363 ms
[2021-12-05 15:55:19,366] {spark_submit_hook.py:479} INFO - 21/12/05 15:55:19 INFO CodeGenerator: Code generated in 15.382417 ms
[2021-12-05 15:55:19,576] {spark_submit_hook.py:479} INFO - 21/12/05 15:55:19 INFO FileOutputCommitter: Saved output of task 'attempt_202112051555182071801155892581081_0001_m_000000_1' to file:/home/kauai/datapipeline/datalake/silver/twitter_chapecoense/tweet/process_date=2021-12-01/_temporary/0/task_202112051555182071801155892581081_0001_m_000000
[2021-12-05 15:55:19,577] {spark_submit_hook.py:479} INFO - 21/12/05 15:55:19 INFO SparkHadoopMapRedUtil: attempt_202112051555182071801155892581081_0001_m_000000_1: Committed
[2021-12-05 15:55:19,586] {spark_submit_hook.py:479} INFO - 21/12/05 15:55:19 INFO Executor: Finished task 0.0 in stage 1.0 (TID 1). 2944 bytes result sent to driver
[2021-12-05 15:55:19,595] {spark_submit_hook.py:479} INFO - 21/12/05 15:55:19 INFO TaskSetManager: Finished task 0.0 in stage 1.0 (TID 1) in 540 ms on 10.0.2.15 (executor driver) (1/1)
[2021-12-05 15:55:19,600] {spark_submit_hook.py:479} INFO - 21/12/05 15:55:19 INFO DAGScheduler: ResultStage 1 (json at NativeMethodAccessorImpl.java:0) finished in 0,623 s
[2021-12-05 15:55:19,600] {spark_submit_hook.py:479} INFO - 21/12/05 15:55:19 INFO DAGScheduler: Job 1 is finished. Cancelling potential speculative or zombie tasks for this job
[2021-12-05 15:55:19,603] {spark_submit_hook.py:479} INFO - 21/12/05 15:55:19 INFO TaskSchedulerImpl: Removed TaskSet 1.0, whose tasks have all completed, from pool
[2021-12-05 15:55:19,606] {spark_submit_hook.py:479} INFO - 21/12/05 15:55:19 INFO TaskSchedulerImpl: Killing all running tasks in stage 1: Stage finished
[2021-12-05 15:55:19,606] {spark_submit_hook.py:479} INFO - 21/12/05 15:55:19 INFO DAGScheduler: Job 1 finished: json at NativeMethodAccessorImpl.java:0, took 0,652780 s
[2021-12-05 15:55:19,638] {spark_submit_hook.py:479} INFO - 21/12/05 15:55:19 INFO FileFormatWriter: Write Job 6492f402-d970-42be-ba3e-e247debff7d9 committed.
[2021-12-05 15:55:19,641] {spark_submit_hook.py:479} INFO - 21/12/05 15:55:19 INFO FileFormatWriter: Finished processing stats for write job 6492f402-d970-42be-ba3e-e247debff7d9.
[2021-12-05 15:55:19,771] {spark_submit_hook.py:479} INFO - 21/12/05 15:55:19 INFO FileSourceStrategy: Pushed Filters: IsNotNull(includes)
[2021-12-05 15:55:19,771] {spark_submit_hook.py:479} INFO - 21/12/05 15:55:19 INFO FileSourceStrategy: Post-Scan Filters: isnotnull(includes#8),(size(includes#8.users, true) > 0),isnotnull(includes#8.users)
[2021-12-05 15:55:19,771] {spark_submit_hook.py:479} INFO - 21/12/05 15:55:19 INFO FileSourceStrategy: Output Data Schema: struct<includes: struct<users: array<struct<created_at:string,id:string,name:string,username:string>>>>
[2021-12-05 15:55:19,813] {spark_submit_hook.py:479} INFO - 21/12/05 15:55:19 INFO FileOutputCommitter: File Output Committer Algorithm version is 1
[2021-12-05 15:55:19,814] {spark_submit_hook.py:479} INFO - 21/12/05 15:55:19 INFO FileOutputCommitter: FileOutputCommitter skip cleanup _temporary folders under output directory:false, ignore cleanup failures: false
[2021-12-05 15:55:19,815] {spark_submit_hook.py:479} INFO - 21/12/05 15:55:19 INFO SQLHadoopMapReduceCommitProtocol: Using output committer class org.apache.hadoop.mapreduce.lib.output.FileOutputCommitter
[2021-12-05 15:55:19,883] {spark_submit_hook.py:479} INFO - 21/12/05 15:55:19 INFO CodeGenerator: Code generated in 30.369302 ms
[2021-12-05 15:55:19,917] {spark_submit_hook.py:479} INFO - 21/12/05 15:55:19 INFO CodeGenerator: Code generated in 28.052929 ms
[2021-12-05 15:55:19,930] {spark_submit_hook.py:479} INFO - 21/12/05 15:55:19 INFO MemoryStore: Block broadcast_4 stored as values in memory (estimated size 174.6 KiB, free 413.3 MiB)
[2021-12-05 15:55:19,956] {spark_submit_hook.py:479} INFO - 21/12/05 15:55:19 INFO MemoryStore: Block broadcast_4_piece0 stored as bytes in memory (estimated size 27.6 KiB, free 413.3 MiB)
[2021-12-05 15:55:19,957] {spark_submit_hook.py:479} INFO - 21/12/05 15:55:19 INFO BlockManagerInfo: Added broadcast_4_piece0 in memory on 10.0.2.15:37691 (size: 27.6 KiB, free: 413.8 MiB)
[2021-12-05 15:55:19,958] {spark_submit_hook.py:479} INFO - 21/12/05 15:55:19 INFO SparkContext: Created broadcast 4 from json at NativeMethodAccessorImpl.java:0
[2021-12-05 15:55:19,958] {spark_submit_hook.py:479} INFO - 21/12/05 15:55:19 INFO FileSourceScanExec: Planning scan with bin packing, max size: 4292463 bytes, open cost is considered as scanning 4194304 bytes.
[2021-12-05 15:55:20,043] {spark_submit_hook.py:479} INFO - 21/12/05 15:55:20 INFO SparkContext: Starting job: json at NativeMethodAccessorImpl.java:0
[2021-12-05 15:55:20,044] {spark_submit_hook.py:479} INFO - 21/12/05 15:55:20 INFO DAGScheduler: Got job 2 (json at NativeMethodAccessorImpl.java:0) with 1 output partitions
[2021-12-05 15:55:20,045] {spark_submit_hook.py:479} INFO - 21/12/05 15:55:20 INFO DAGScheduler: Final stage: ResultStage 2 (json at NativeMethodAccessorImpl.java:0)
[2021-12-05 15:55:20,045] {spark_submit_hook.py:479} INFO - 21/12/05 15:55:20 INFO DAGScheduler: Parents of final stage: List()
[2021-12-05 15:55:20,045] {spark_submit_hook.py:479} INFO - 21/12/05 15:55:20 INFO DAGScheduler: Missing parents: List()
[2021-12-05 15:55:20,047] {spark_submit_hook.py:479} INFO - 21/12/05 15:55:20 INFO DAGScheduler: Submitting ResultStage 2 (CoalescedRDD[25] at json at NativeMethodAccessorImpl.java:0), which has no missing parents
[2021-12-05 15:55:20,067] {spark_submit_hook.py:479} INFO - 21/12/05 15:55:20 INFO MemoryStore: Block broadcast_5 stored as values in memory (estimated size 185.1 KiB, free 413.1 MiB)
[2021-12-05 15:55:20,078] {spark_submit_hook.py:479} INFO - 21/12/05 15:55:20 INFO MemoryStore: Block broadcast_5_piece0 stored as bytes in memory (estimated size 66.1 KiB, free 413.0 MiB)
[2021-12-05 15:55:20,079] {spark_submit_hook.py:479} INFO - 21/12/05 15:55:20 INFO BlockManagerInfo: Added broadcast_5_piece0 in memory on 10.0.2.15:37691 (size: 66.1 KiB, free: 413.7 MiB)
[2021-12-05 15:55:20,080] {spark_submit_hook.py:479} INFO - 21/12/05 15:55:20 INFO SparkContext: Created broadcast 5 from broadcast at DAGScheduler.scala:1388
[2021-12-05 15:55:20,081] {spark_submit_hook.py:479} INFO - 21/12/05 15:55:20 INFO DAGScheduler: Submitting 1 missing tasks from ResultStage 2 (CoalescedRDD[25] at json at NativeMethodAccessorImpl.java:0) (first 15 tasks are for partitions Vector(0))
[2021-12-05 15:55:20,081] {spark_submit_hook.py:479} INFO - 21/12/05 15:55:20 INFO TaskSchedulerImpl: Adding task set 2.0 with 1 tasks resource profile 0
[2021-12-05 15:55:20,084] {spark_submit_hook.py:479} INFO - 21/12/05 15:55:20 INFO TaskSetManager: Starting task 0.0 in stage 2.0 (TID 2) (10.0.2.15, executor driver, partition 0, PROCESS_LOCAL, 5171 bytes) taskResourceAssignments Map()
[2021-12-05 15:55:20,085] {spark_submit_hook.py:479} INFO - 21/12/05 15:55:20 INFO Executor: Running task 0.0 in stage 2.0 (TID 2)
[2021-12-05 15:55:20,102] {spark_submit_hook.py:479} INFO - 21/12/05 15:55:20 INFO FileOutputCommitter: File Output Committer Algorithm version is 1
[2021-12-05 15:55:20,107] {spark_submit_hook.py:479} INFO - 21/12/05 15:55:20 INFO FileOutputCommitter: FileOutputCommitter skip cleanup _temporary folders under output directory:false, ignore cleanup failures: false
[2021-12-05 15:55:20,108] {spark_submit_hook.py:479} INFO - 21/12/05 15:55:20 INFO SQLHadoopMapReduceCommitProtocol: Using output committer class org.apache.hadoop.mapreduce.lib.output.FileOutputCommitter
[2021-12-05 15:55:20,193] {spark_submit_hook.py:479} INFO - 21/12/05 15:55:20 INFO CodeGenerator: Code generated in 42.629613 ms
[2021-12-05 15:55:20,194] {spark_submit_hook.py:479} INFO - 21/12/05 15:55:20 INFO FileScanRDD: Reading File path: file:///home/kauai/datapipeline/datalake/bronze/twitter_chapecoense/extract_date=2021-12-01/VascodaGama_20211201.json, range: 0-98159, partition values: [empty row]
[2021-12-05 15:55:20,225] {spark_submit_hook.py:479} INFO - 21/12/05 15:55:20 INFO CodeGenerator: Code generated in 21.252597 ms
[2021-12-05 15:55:20,238] {spark_submit_hook.py:479} INFO - 21/12/05 15:55:20 INFO CodeGenerator: Code generated in 10.065518 ms
[2021-12-05 15:55:20,271] {spark_submit_hook.py:479} INFO - 21/12/05 15:55:20 INFO FileOutputCommitter: Saved output of task 'attempt_202112051555208824459452008969886_0002_m_000000_2' to file:/home/kauai/datapipeline/datalake/silver/twitter_chapecoense/user/process_date=2021-12-01/_temporary/0/task_202112051555208824459452008969886_0002_m_000000
[2021-12-05 15:55:20,272] {spark_submit_hook.py:479} INFO - 21/12/05 15:55:20 INFO SparkHadoopMapRedUtil: attempt_202112051555208824459452008969886_0002_m_000000_2: Committed
[2021-12-05 15:55:20,273] {spark_submit_hook.py:479} INFO - 21/12/05 15:55:20 INFO Executor: Finished task 0.0 in stage 2.0 (TID 2). 2901 bytes result sent to driver
[2021-12-05 15:55:20,280] {spark_submit_hook.py:479} INFO - 21/12/05 15:55:20 INFO TaskSetManager: Finished task 0.0 in stage 2.0 (TID 2) in 196 ms on 10.0.2.15 (executor driver) (1/1)
[2021-12-05 15:55:20,282] {spark_submit_hook.py:479} INFO - 21/12/05 15:55:20 INFO DAGScheduler: ResultStage 2 (json at NativeMethodAccessorImpl.java:0) finished in 0,235 s
[2021-12-05 15:55:20,282] {spark_submit_hook.py:479} INFO - 21/12/05 15:55:20 INFO DAGScheduler: Job 2 is finished. Cancelling potential speculative or zombie tasks for this job
[2021-12-05 15:55:20,283] {spark_submit_hook.py:479} INFO - 21/12/05 15:55:20 INFO TaskSchedulerImpl: Removed TaskSet 2.0, whose tasks have all completed, from pool
[2021-12-05 15:55:20,286] {spark_submit_hook.py:479} INFO - 21/12/05 15:55:20 INFO TaskSchedulerImpl: Killing all running tasks in stage 2: Stage finished
[2021-12-05 15:55:20,286] {spark_submit_hook.py:479} INFO - 21/12/05 15:55:20 INFO DAGScheduler: Job 2 finished: json at NativeMethodAccessorImpl.java:0, took 0,240307 s
[2021-12-05 15:55:20,302] {spark_submit_hook.py:479} INFO - 21/12/05 15:55:20 INFO FileFormatWriter: Write Job b0e6d327-e5e6-422e-b129-4ee94cfcd3ca committed.
[2021-12-05 15:55:20,302] {spark_submit_hook.py:479} INFO - 21/12/05 15:55:20 INFO FileFormatWriter: Finished processing stats for write job b0e6d327-e5e6-422e-b129-4ee94cfcd3ca.
[2021-12-05 15:55:20,360] {spark_submit_hook.py:479} INFO - 21/12/05 15:55:20 INFO SparkUI: Stopped Spark web UI at http://10.0.2.15:4040
[2021-12-05 15:55:20,376] {spark_submit_hook.py:479} INFO - 21/12/05 15:55:20 INFO MapOutputTrackerMasterEndpoint: MapOutputTrackerMasterEndpoint stopped!
[2021-12-05 15:55:20,393] {spark_submit_hook.py:479} INFO - 21/12/05 15:55:20 INFO MemoryStore: MemoryStore cleared
[2021-12-05 15:55:20,393] {spark_submit_hook.py:479} INFO - 21/12/05 15:55:20 INFO BlockManager: BlockManager stopped
[2021-12-05 15:55:20,395] {spark_submit_hook.py:479} INFO - 21/12/05 15:55:20 INFO BlockManagerMaster: BlockManagerMaster stopped
[2021-12-05 15:55:20,397] {spark_submit_hook.py:479} INFO - 21/12/05 15:55:20 INFO OutputCommitCoordinator$OutputCommitCoordinatorEndpoint: OutputCommitCoordinator stopped!
[2021-12-05 15:55:20,408] {spark_submit_hook.py:479} INFO - 21/12/05 15:55:20 INFO SparkContext: Successfully stopped SparkContext
[2021-12-05 15:55:20,415] {spark_submit_hook.py:479} INFO - 21/12/05 15:55:20 INFO ShutdownHookManager: Shutdown hook called
[2021-12-05 15:55:20,418] {spark_submit_hook.py:479} INFO - 21/12/05 15:55:20 INFO ShutdownHookManager: Deleting directory /tmp/spark-6c411834-f602-4a25-a7a8-892c71b756ec
[2021-12-05 15:55:20,423] {spark_submit_hook.py:479} INFO - 21/12/05 15:55:20 INFO ShutdownHookManager: Deleting directory /tmp/spark-c5dc3259-6e84-4ff3-be0f-9f0f3061f8c5/pyspark-f7b370a4-cb19-4318-974e-062a11bf1b77
[2021-12-05 15:55:20,427] {spark_submit_hook.py:479} INFO - 21/12/05 15:55:20 INFO ShutdownHookManager: Deleting directory /tmp/spark-c5dc3259-6e84-4ff3-be0f-9f0f3061f8c5
[2021-12-05 15:55:20,497] {taskinstance.py:1057} INFO - Marking task as SUCCESS.dag_id=twitter_dag, task_id=transform_twitter_chapecoense, execution_date=20211201T090000, start_date=20211205T185506, end_date=20211205T185520
[2021-12-05 15:55:21,926] {local_task_job.py:102} INFO - Task exited with return code 0
