[2021-12-05 15:57:46,671] {taskinstance.py:670} INFO - Dependencies all met for <TaskInstance: twitter_dag.transform_twitter_chapecoense 2021-11-30T09:00:00+00:00 [queued]>
[2021-12-05 15:57:46,677] {taskinstance.py:670} INFO - Dependencies all met for <TaskInstance: twitter_dag.transform_twitter_chapecoense 2021-11-30T09:00:00+00:00 [queued]>
[2021-12-05 15:57:46,677] {taskinstance.py:880} INFO - 
--------------------------------------------------------------------------------
[2021-12-05 15:57:46,677] {taskinstance.py:881} INFO - Starting attempt 1 of 1
[2021-12-05 15:57:46,677] {taskinstance.py:882} INFO - 
--------------------------------------------------------------------------------
[2021-12-05 15:57:46,689] {taskinstance.py:901} INFO - Executing <Task(SparkSubmitOperator): transform_twitter_chapecoense> on 2021-11-30T09:00:00+00:00
[2021-12-05 15:57:46,690] {standard_task_runner.py:54} INFO - Started process 2974 to run task
[2021-12-05 15:57:46,734] {standard_task_runner.py:77} INFO - Running: ['airflow', 'run', 'twitter_dag', 'transform_twitter_chapecoense', '2021-11-30T09:00:00+00:00', '--job_id', '121', '--pool', 'default_pool', '--raw', '-sd', 'DAGS_FOLDER/twitter_dag.py', '--cfg_path', '/tmp/tmpvxaap1cc']
[2021-12-05 15:57:46,735] {standard_task_runner.py:78} INFO - Job 121: Subtask transform_twitter_chapecoense
[2021-12-05 15:57:46,751] {logging_mixin.py:112} INFO - Running <TaskInstance: twitter_dag.transform_twitter_chapecoense 2021-11-30T09:00:00+00:00 [running]> on host kauai-VirtualBox
[2021-12-05 15:57:46,783] {base_hook.py:89} INFO - Using connection to: id: spark_default. Host: local, Port: None, Schema: None, Login: None, Password: None, extra: XXXXXXXX
[2021-12-05 15:57:46,783] {spark_submit_hook.py:325} INFO - Spark-Submit cmd: /home/kauai/spark-3.1.2-bin-hadoop3.2/bin/spark-submit --master local --name twitter_transformation /home/kauai/datapipeline/spark/transformation.py --src /home/kauai/datapipeline/datalake/bronze/twitter_chapecoense/extract_date=2021-11-30 --dest /home/kauai/datapipeline/datalake/silver/twitter_chapecoense/ --process-date 2021-11-30
[2021-12-05 15:57:48,238] {spark_submit_hook.py:479} INFO - 21/12/05 15:57:48 WARN Utils: Your hostname, kauai-VirtualBox resolves to a loopback address: 127.0.1.1; using 10.0.2.15 instead (on interface enp0s3)
[2021-12-05 15:57:48,240] {spark_submit_hook.py:479} INFO - 21/12/05 15:57:48 WARN Utils: Set SPARK_LOCAL_IP if you need to bind to another address
[2021-12-05 15:57:48,259] {spark_submit_hook.py:479} INFO - WARNING: An illegal reflective access operation has occurred
[2021-12-05 15:57:48,259] {spark_submit_hook.py:479} INFO - WARNING: Illegal reflective access by org.apache.spark.unsafe.Platform (file:/opt/spark/jars/spark-unsafe_2.12-3.1.2.jar) to constructor java.nio.DirectByteBuffer(long,int)
[2021-12-05 15:57:48,260] {spark_submit_hook.py:479} INFO - WARNING: Please consider reporting this to the maintainers of org.apache.spark.unsafe.Platform
[2021-12-05 15:57:48,260] {spark_submit_hook.py:479} INFO - WARNING: Use --illegal-access=warn to enable warnings of further illegal reflective access operations
[2021-12-05 15:57:48,260] {spark_submit_hook.py:479} INFO - WARNING: All illegal access operations will be denied in a future release
[2021-12-05 15:57:48,896] {spark_submit_hook.py:479} INFO - 21/12/05 15:57:48 WARN NativeCodeLoader: Unable to load native-hadoop library for your platform... using builtin-java classes where applicable
[2021-12-05 15:57:50,323] {spark_submit_hook.py:479} INFO - Using Spark's default log4j profile: org/apache/spark/log4j-defaults.properties
[2021-12-05 15:57:50,330] {spark_submit_hook.py:479} INFO - 21/12/05 15:57:50 INFO SparkContext: Running Spark version 3.1.2
[2021-12-05 15:57:50,377] {spark_submit_hook.py:479} INFO - 21/12/05 15:57:50 INFO ResourceUtils: ==============================================================
[2021-12-05 15:57:50,377] {spark_submit_hook.py:479} INFO - 21/12/05 15:57:50 INFO ResourceUtils: No custom resources configured for spark.driver.
[2021-12-05 15:57:50,378] {spark_submit_hook.py:479} INFO - 21/12/05 15:57:50 INFO ResourceUtils: ==============================================================
[2021-12-05 15:57:50,379] {spark_submit_hook.py:479} INFO - 21/12/05 15:57:50 INFO SparkContext: Submitted application: twitter_transformation
[2021-12-05 15:57:50,409] {spark_submit_hook.py:479} INFO - 21/12/05 15:57:50 INFO ResourceProfile: Default ResourceProfile created, executor resources: Map(cores -> name: cores, amount: 1, script: , vendor: , memory -> name: memory, amount: 1024, script: , vendor: , offHeap -> name: offHeap, amount: 0, script: , vendor: ), task resources: Map(cpus -> name: cpus, amount: 1.0)
[2021-12-05 15:57:50,420] {spark_submit_hook.py:479} INFO - 21/12/05 15:57:50 INFO ResourceProfile: Limiting resource is cpu
[2021-12-05 15:57:50,420] {spark_submit_hook.py:479} INFO - 21/12/05 15:57:50 INFO ResourceProfileManager: Added ResourceProfile id: 0
[2021-12-05 15:57:50,483] {spark_submit_hook.py:479} INFO - 21/12/05 15:57:50 INFO SecurityManager: Changing view acls to: kauai
[2021-12-05 15:57:50,484] {spark_submit_hook.py:479} INFO - 21/12/05 15:57:50 INFO SecurityManager: Changing modify acls to: kauai
[2021-12-05 15:57:50,484] {spark_submit_hook.py:479} INFO - 21/12/05 15:57:50 INFO SecurityManager: Changing view acls groups to:
[2021-12-05 15:57:50,486] {spark_submit_hook.py:479} INFO - 21/12/05 15:57:50 INFO SecurityManager: Changing modify acls groups to:
[2021-12-05 15:57:50,487] {spark_submit_hook.py:479} INFO - 21/12/05 15:57:50 INFO SecurityManager: SecurityManager: authentication disabled; ui acls disabled; users  with view permissions: Set(kauai); groups with view permissions: Set(); users  with modify permissions: Set(kauai); groups with modify permissions: Set()
[2021-12-05 15:57:50,756] {spark_submit_hook.py:479} INFO - 21/12/05 15:57:50 INFO Utils: Successfully started service 'sparkDriver' on port 44753.
[2021-12-05 15:57:50,778] {spark_submit_hook.py:479} INFO - 21/12/05 15:57:50 INFO SparkEnv: Registering MapOutputTracker
[2021-12-05 15:57:50,827] {spark_submit_hook.py:479} INFO - 21/12/05 15:57:50 INFO SparkEnv: Registering BlockManagerMaster
[2021-12-05 15:57:50,855] {spark_submit_hook.py:479} INFO - 21/12/05 15:57:50 INFO BlockManagerMasterEndpoint: Using org.apache.spark.storage.DefaultTopologyMapper for getting topology information
[2021-12-05 15:57:50,855] {spark_submit_hook.py:479} INFO - 21/12/05 15:57:50 INFO BlockManagerMasterEndpoint: BlockManagerMasterEndpoint up
[2021-12-05 15:57:50,859] {spark_submit_hook.py:479} INFO - 21/12/05 15:57:50 INFO SparkEnv: Registering BlockManagerMasterHeartbeat
[2021-12-05 15:57:50,894] {spark_submit_hook.py:479} INFO - 21/12/05 15:57:50 INFO DiskBlockManager: Created local directory at /tmp/blockmgr-d6bdce32-e911-4370-af50-162e05e42edb
[2021-12-05 15:57:50,933] {spark_submit_hook.py:479} INFO - 21/12/05 15:57:50 INFO MemoryStore: MemoryStore started with capacity 413.9 MiB
[2021-12-05 15:57:50,952] {spark_submit_hook.py:479} INFO - 21/12/05 15:57:50 INFO SparkEnv: Registering OutputCommitCoordinator
[2021-12-05 15:57:51,173] {spark_submit_hook.py:479} INFO - 21/12/05 15:57:51 WARN Utils: Service 'SparkUI' could not bind on port 4040. Attempting port 4041.
[2021-12-05 15:57:51,185] {spark_submit_hook.py:479} INFO - 21/12/05 15:57:51 INFO Utils: Successfully started service 'SparkUI' on port 4041.
[2021-12-05 15:57:51,282] {spark_submit_hook.py:479} INFO - 21/12/05 15:57:51 INFO SparkUI: Bound SparkUI to 0.0.0.0, and started at http://10.0.2.15:4041
[2021-12-05 15:57:51,551] {spark_submit_hook.py:479} INFO - 21/12/05 15:57:51 INFO Executor: Starting executor ID driver on host 10.0.2.15
[2021-12-05 15:57:51,596] {spark_submit_hook.py:479} INFO - 21/12/05 15:57:51 INFO Utils: Successfully started service 'org.apache.spark.network.netty.NettyBlockTransferService' on port 41329.
[2021-12-05 15:57:51,596] {spark_submit_hook.py:479} INFO - 21/12/05 15:57:51 INFO NettyBlockTransferService: Server created on 10.0.2.15:41329
[2021-12-05 15:57:51,596] {spark_submit_hook.py:479} INFO - 21/12/05 15:57:51 INFO BlockManager: Using org.apache.spark.storage.RandomBlockReplicationPolicy for block replication policy
[2021-12-05 15:57:51,600] {spark_submit_hook.py:479} INFO - 21/12/05 15:57:51 INFO BlockManagerMaster: Registering BlockManager BlockManagerId(driver, 10.0.2.15, 41329, None)
[2021-12-05 15:57:51,603] {spark_submit_hook.py:479} INFO - 21/12/05 15:57:51 INFO BlockManagerMasterEndpoint: Registering block manager 10.0.2.15:41329 with 413.9 MiB RAM, BlockManagerId(driver, 10.0.2.15, 41329, None)
[2021-12-05 15:57:51,606] {spark_submit_hook.py:479} INFO - 21/12/05 15:57:51 INFO BlockManagerMaster: Registered BlockManager BlockManagerId(driver, 10.0.2.15, 41329, None)
[2021-12-05 15:57:51,608] {spark_submit_hook.py:479} INFO - 21/12/05 15:57:51 INFO BlockManager: Initialized BlockManager: BlockManagerId(driver, 10.0.2.15, 41329, None)
[2021-12-05 15:57:52,224] {spark_submit_hook.py:479} INFO - 21/12/05 15:57:52 INFO SharedState: Setting hive.metastore.warehouse.dir ('null') to the value of spark.sql.warehouse.dir ('file:/home/kauai/datapipeline/spark-warehouse').
[2021-12-05 15:57:52,225] {spark_submit_hook.py:479} INFO - 21/12/05 15:57:52 INFO SharedState: Warehouse path is 'file:/home/kauai/datapipeline/spark-warehouse'.
[2021-12-05 15:57:53,804] {spark_submit_hook.py:479} INFO - 21/12/05 15:57:53 INFO InMemoryFileIndex: It took 127 ms to list leaf files for 1 paths.
[2021-12-05 15:57:53,966] {spark_submit_hook.py:479} INFO - 21/12/05 15:57:53 INFO InMemoryFileIndex: It took 3 ms to list leaf files for 1 paths.
[2021-12-05 15:57:56,390] {spark_submit_hook.py:479} INFO - 21/12/05 15:57:56 INFO FileSourceStrategy: Pushed Filters:
[2021-12-05 15:57:56,391] {spark_submit_hook.py:479} INFO - 21/12/05 15:57:56 INFO FileSourceStrategy: Post-Scan Filters:
[2021-12-05 15:57:56,422] {spark_submit_hook.py:479} INFO - 21/12/05 15:57:56 INFO FileSourceStrategy: Output Data Schema: struct<value: string>
[2021-12-05 15:57:56,994] {spark_submit_hook.py:479} INFO - 21/12/05 15:57:56 INFO MemoryStore: Block broadcast_0 stored as values in memory (estimated size 174.7 KiB, free 413.8 MiB)
[2021-12-05 15:57:57,170] {spark_submit_hook.py:479} INFO - 21/12/05 15:57:57 INFO MemoryStore: Block broadcast_0_piece0 stored as bytes in memory (estimated size 27.6 KiB, free 413.7 MiB)
[2021-12-05 15:57:57,173] {spark_submit_hook.py:479} INFO - 21/12/05 15:57:57 INFO BlockManagerInfo: Added broadcast_0_piece0 in memory on 10.0.2.15:41329 (size: 27.6 KiB, free: 413.9 MiB)
[2021-12-05 15:57:57,184] {spark_submit_hook.py:479} INFO - 21/12/05 15:57:57 INFO SparkContext: Created broadcast 0 from json at NativeMethodAccessorImpl.java:0
[2021-12-05 15:57:57,222] {spark_submit_hook.py:479} INFO - 21/12/05 15:57:57 INFO FileSourceScanExec: Planning scan with bin packing, max size: 4617989 bytes, open cost is considered as scanning 4194304 bytes.
[2021-12-05 15:57:57,922] {spark_submit_hook.py:479} INFO - 21/12/05 15:57:57 INFO SparkContext: Starting job: json at NativeMethodAccessorImpl.java:0
[2021-12-05 15:57:58,065] {spark_submit_hook.py:479} INFO - 21/12/05 15:57:58 INFO DAGScheduler: Got job 0 (json at NativeMethodAccessorImpl.java:0) with 1 output partitions
[2021-12-05 15:57:58,070] {spark_submit_hook.py:479} INFO - 21/12/05 15:57:58 INFO DAGScheduler: Final stage: ResultStage 0 (json at NativeMethodAccessorImpl.java:0)
[2021-12-05 15:57:58,072] {spark_submit_hook.py:479} INFO - 21/12/05 15:57:58 INFO DAGScheduler: Parents of final stage: List()
[2021-12-05 15:57:58,089] {spark_submit_hook.py:479} INFO - 21/12/05 15:57:58 INFO DAGScheduler: Missing parents: List()
[2021-12-05 15:57:58,125] {spark_submit_hook.py:479} INFO - 21/12/05 15:57:58 INFO DAGScheduler: Submitting ResultStage 0 (MapPartitionsRDD[3] at json at NativeMethodAccessorImpl.java:0), which has no missing parents
[2021-12-05 15:57:58,597] {spark_submit_hook.py:479} INFO - 21/12/05 15:57:58 INFO MemoryStore: Block broadcast_1 stored as values in memory (estimated size 12.0 KiB, free 413.7 MiB)
[2021-12-05 15:57:58,603] {spark_submit_hook.py:479} INFO - 21/12/05 15:57:58 INFO MemoryStore: Block broadcast_1_piece0 stored as bytes in memory (estimated size 6.3 KiB, free 413.7 MiB)
[2021-12-05 15:57:58,605] {spark_submit_hook.py:479} INFO - 21/12/05 15:57:58 INFO BlockManagerInfo: Added broadcast_1_piece0 in memory on 10.0.2.15:41329 (size: 6.3 KiB, free: 413.9 MiB)
[2021-12-05 15:57:58,611] {spark_submit_hook.py:479} INFO - 21/12/05 15:57:58 INFO SparkContext: Created broadcast 1 from broadcast at DAGScheduler.scala:1388
[2021-12-05 15:57:58,669] {spark_submit_hook.py:479} INFO - 21/12/05 15:57:58 INFO DAGScheduler: Submitting 1 missing tasks from ResultStage 0 (MapPartitionsRDD[3] at json at NativeMethodAccessorImpl.java:0) (first 15 tasks are for partitions Vector(0))
[2021-12-05 15:57:58,671] {spark_submit_hook.py:479} INFO - 21/12/05 15:57:58 INFO TaskSchedulerImpl: Adding task set 0.0 with 1 tasks resource profile 0
[2021-12-05 15:57:58,748] {spark_submit_hook.py:479} INFO - 21/12/05 15:57:58 INFO TaskSetManager: Starting task 0.0 in stage 0.0 (TID 0) (10.0.2.15, executor driver, partition 0, PROCESS_LOCAL, 4942 bytes) taskResourceAssignments Map()
[2021-12-05 15:57:58,780] {spark_submit_hook.py:479} INFO - 21/12/05 15:57:58 INFO Executor: Running task 0.0 in stage 0.0 (TID 0)
[2021-12-05 15:57:59,027] {spark_submit_hook.py:479} INFO - 21/12/05 15:57:59 INFO FileScanRDD: Reading File path: file:///home/kauai/datapipeline/datalake/bronze/twitter_chapecoense/extract_date=2021-11-30/VascodaGama_20211130.json, range: 0-423685, partition values: [empty row]
[2021-12-05 15:57:59,519] {spark_submit_hook.py:479} INFO - 21/12/05 15:57:59 INFO CodeGenerator: Code generated in 247.870274 ms
[2021-12-05 15:57:59,670] {spark_submit_hook.py:479} INFO - 21/12/05 15:57:59 INFO Executor: Finished task 0.0 in stage 0.0 (TID 0). 2858 bytes result sent to driver
[2021-12-05 15:57:59,722] {spark_submit_hook.py:479} INFO - 21/12/05 15:57:59 INFO TaskSetManager: Finished task 0.0 in stage 0.0 (TID 0) in 988 ms on 10.0.2.15 (executor driver) (1/1)
[2021-12-05 15:57:59,732] {spark_submit_hook.py:479} INFO - 21/12/05 15:57:59 INFO TaskSchedulerImpl: Removed TaskSet 0.0, whose tasks have all completed, from pool
[2021-12-05 15:57:59,734] {spark_submit_hook.py:479} INFO - 21/12/05 15:57:59 INFO DAGScheduler: ResultStage 0 (json at NativeMethodAccessorImpl.java:0) finished in 1,469 s
[2021-12-05 15:57:59,739] {spark_submit_hook.py:479} INFO - 21/12/05 15:57:59 INFO DAGScheduler: Job 0 is finished. Cancelling potential speculative or zombie tasks for this job
[2021-12-05 15:57:59,740] {spark_submit_hook.py:479} INFO - 21/12/05 15:57:59 INFO TaskSchedulerImpl: Killing all running tasks in stage 0: Stage finished
[2021-12-05 15:57:59,748] {spark_submit_hook.py:479} INFO - 21/12/05 15:57:59 INFO DAGScheduler: Job 0 finished: json at NativeMethodAccessorImpl.java:0, took 1,820457 s
[2021-12-05 15:58:00,447] {spark_submit_hook.py:479} INFO - 21/12/05 15:58:00 INFO FileSourceStrategy: Pushed Filters: IsNotNull(data)
[2021-12-05 15:58:00,448] {spark_submit_hook.py:479} INFO - 21/12/05 15:58:00 INFO FileSourceStrategy: Post-Scan Filters: (size(data#7, true) > 0),isnotnull(data#7)
[2021-12-05 15:58:00,449] {spark_submit_hook.py:479} INFO - 21/12/05 15:58:00 INFO FileSourceStrategy: Output Data Schema: struct<data: array<struct<author_id:string,conversation_id:string,created_at:string,id:string,in_reply_to_user_id:string,public_metrics:struct<like_count:bigint,quote_count:bigint,reply_count:bigint,retweet_count:bigint>,text:string>>>
[2021-12-05 15:58:00,660] {spark_submit_hook.py:479} INFO - 21/12/05 15:58:00 INFO BlockManagerInfo: Removed broadcast_0_piece0 on 10.0.2.15:41329 in memory (size: 27.6 KiB, free: 413.9 MiB)
[2021-12-05 15:58:00,695] {spark_submit_hook.py:479} INFO - 21/12/05 15:58:00 INFO FileOutputCommitter: File Output Committer Algorithm version is 1
[2021-12-05 15:58:00,697] {spark_submit_hook.py:479} INFO - 21/12/05 15:58:00 INFO BlockManagerInfo: Removed broadcast_1_piece0 on 10.0.2.15:41329 in memory (size: 6.3 KiB, free: 413.9 MiB)
[2021-12-05 15:58:00,698] {spark_submit_hook.py:479} INFO - 21/12/05 15:58:00 INFO FileOutputCommitter: FileOutputCommitter skip cleanup _temporary folders under output directory:false, ignore cleanup failures: false
[2021-12-05 15:58:00,699] {spark_submit_hook.py:479} INFO - 21/12/05 15:58:00 INFO SQLHadoopMapReduceCommitProtocol: Using output committer class org.apache.hadoop.mapreduce.lib.output.FileOutputCommitter
[2021-12-05 15:58:00,926] {spark_submit_hook.py:479} INFO - 21/12/05 15:58:00 INFO CodeGenerator: Code generated in 70.630011 ms
[2021-12-05 15:58:01,047] {spark_submit_hook.py:479} INFO - 21/12/05 15:58:01 INFO CodeGenerator: Code generated in 85.344608 ms
[2021-12-05 15:58:01,052] {spark_submit_hook.py:479} INFO - 21/12/05 15:58:01 INFO MemoryStore: Block broadcast_2 stored as values in memory (estimated size 174.6 KiB, free 413.8 MiB)
[2021-12-05 15:58:01,079] {spark_submit_hook.py:479} INFO - 21/12/05 15:58:01 INFO MemoryStore: Block broadcast_2_piece0 stored as bytes in memory (estimated size 27.6 KiB, free 413.7 MiB)
[2021-12-05 15:58:01,080] {spark_submit_hook.py:479} INFO - 21/12/05 15:58:01 INFO BlockManagerInfo: Added broadcast_2_piece0 in memory on 10.0.2.15:41329 (size: 27.6 KiB, free: 413.9 MiB)
[2021-12-05 15:58:01,085] {spark_submit_hook.py:479} INFO - 21/12/05 15:58:01 INFO SparkContext: Created broadcast 2 from json at NativeMethodAccessorImpl.java:0
[2021-12-05 15:58:01,096] {spark_submit_hook.py:479} INFO - 21/12/05 15:58:01 INFO FileSourceScanExec: Planning scan with bin packing, max size: 4617989 bytes, open cost is considered as scanning 4194304 bytes.
[2021-12-05 15:58:01,302] {spark_submit_hook.py:479} INFO - 21/12/05 15:58:01 INFO SparkContext: Starting job: json at NativeMethodAccessorImpl.java:0
[2021-12-05 15:58:01,310] {spark_submit_hook.py:479} INFO - 21/12/05 15:58:01 INFO DAGScheduler: Got job 1 (json at NativeMethodAccessorImpl.java:0) with 1 output partitions
[2021-12-05 15:58:01,310] {spark_submit_hook.py:479} INFO - 21/12/05 15:58:01 INFO DAGScheduler: Final stage: ResultStage 1 (json at NativeMethodAccessorImpl.java:0)
[2021-12-05 15:58:01,310] {spark_submit_hook.py:479} INFO - 21/12/05 15:58:01 INFO DAGScheduler: Parents of final stage: List()
[2021-12-05 15:58:01,311] {spark_submit_hook.py:479} INFO - 21/12/05 15:58:01 INFO DAGScheduler: Missing parents: List()
[2021-12-05 15:58:01,317] {spark_submit_hook.py:479} INFO - 21/12/05 15:58:01 INFO DAGScheduler: Submitting ResultStage 1 (CoalescedRDD[13] at json at NativeMethodAccessorImpl.java:0), which has no missing parents
[2021-12-05 15:58:01,435] {spark_submit_hook.py:479} INFO - 21/12/05 15:58:01 INFO MemoryStore: Block broadcast_3 stored as values in memory (estimated size 188.7 KiB, free 413.5 MiB)
[2021-12-05 15:58:01,447] {spark_submit_hook.py:479} INFO - 21/12/05 15:58:01 INFO MemoryStore: Block broadcast_3_piece0 stored as bytes in memory (estimated size 66.6 KiB, free 413.5 MiB)
[2021-12-05 15:58:01,448] {spark_submit_hook.py:479} INFO - 21/12/05 15:58:01 INFO BlockManagerInfo: Added broadcast_3_piece0 in memory on 10.0.2.15:41329 (size: 66.6 KiB, free: 413.8 MiB)
[2021-12-05 15:58:01,449] {spark_submit_hook.py:479} INFO - 21/12/05 15:58:01 INFO SparkContext: Created broadcast 3 from broadcast at DAGScheduler.scala:1388
[2021-12-05 15:58:01,450] {spark_submit_hook.py:479} INFO - 21/12/05 15:58:01 INFO DAGScheduler: Submitting 1 missing tasks from ResultStage 1 (CoalescedRDD[13] at json at NativeMethodAccessorImpl.java:0) (first 15 tasks are for partitions Vector(0))
[2021-12-05 15:58:01,450] {spark_submit_hook.py:479} INFO - 21/12/05 15:58:01 INFO TaskSchedulerImpl: Adding task set 1.0 with 1 tasks resource profile 0
[2021-12-05 15:58:01,453] {spark_submit_hook.py:479} INFO - 21/12/05 15:58:01 INFO TaskSetManager: Starting task 0.0 in stage 1.0 (TID 1) (10.0.2.15, executor driver, partition 0, PROCESS_LOCAL, 5171 bytes) taskResourceAssignments Map()
[2021-12-05 15:58:01,459] {spark_submit_hook.py:479} INFO - 21/12/05 15:58:01 INFO Executor: Running task 0.0 in stage 1.0 (TID 1)
[2021-12-05 15:58:01,610] {spark_submit_hook.py:479} INFO - 21/12/05 15:58:01 INFO FileOutputCommitter: File Output Committer Algorithm version is 1
[2021-12-05 15:58:01,610] {spark_submit_hook.py:479} INFO - 21/12/05 15:58:01 INFO FileOutputCommitter: FileOutputCommitter skip cleanup _temporary folders under output directory:false, ignore cleanup failures: false
[2021-12-05 15:58:01,611] {spark_submit_hook.py:479} INFO - 21/12/05 15:58:01 INFO SQLHadoopMapReduceCommitProtocol: Using output committer class org.apache.hadoop.mapreduce.lib.output.FileOutputCommitter
[2021-12-05 15:58:01,778] {spark_submit_hook.py:479} INFO - 21/12/05 15:58:01 INFO CodeGenerator: Code generated in 48.815479 ms
[2021-12-05 15:58:01,783] {spark_submit_hook.py:479} INFO - 21/12/05 15:58:01 INFO FileScanRDD: Reading File path: file:///home/kauai/datapipeline/datalake/bronze/twitter_chapecoense/extract_date=2021-11-30/VascodaGama_20211130.json, range: 0-423685, partition values: [empty row]
[2021-12-05 15:58:01,837] {spark_submit_hook.py:479} INFO - 21/12/05 15:58:01 INFO CodeGenerator: Code generated in 50.153314 ms
[2021-12-05 15:58:01,905] {spark_submit_hook.py:479} INFO - 21/12/05 15:58:01 INFO CodeGenerator: Code generated in 20.646581 ms
[2021-12-05 15:58:02,152] {spark_submit_hook.py:479} INFO - 21/12/05 15:58:02 INFO FileOutputCommitter: Saved output of task 'attempt_2021120515580165983864572379426_0001_m_000000_1' to file:/home/kauai/datapipeline/datalake/silver/twitter_chapecoense/tweet/process_date=2021-11-30/_temporary/0/task_2021120515580165983864572379426_0001_m_000000
[2021-12-05 15:58:02,154] {spark_submit_hook.py:479} INFO - 21/12/05 15:58:02 INFO SparkHadoopMapRedUtil: attempt_2021120515580165983864572379426_0001_m_000000_1: Committed
[2021-12-05 15:58:02,161] {spark_submit_hook.py:479} INFO - 21/12/05 15:58:02 INFO Executor: Finished task 0.0 in stage 1.0 (TID 1). 2944 bytes result sent to driver
[2021-12-05 15:58:02,168] {spark_submit_hook.py:479} INFO - 21/12/05 15:58:02 INFO TaskSetManager: Finished task 0.0 in stage 1.0 (TID 1) in 717 ms on 10.0.2.15 (executor driver) (1/1)
[2021-12-05 15:58:02,172] {spark_submit_hook.py:479} INFO - 21/12/05 15:58:02 INFO DAGScheduler: ResultStage 1 (json at NativeMethodAccessorImpl.java:0) finished in 0,851 s
[2021-12-05 15:58:02,172] {spark_submit_hook.py:479} INFO - 21/12/05 15:58:02 INFO DAGScheduler: Job 1 is finished. Cancelling potential speculative or zombie tasks for this job
[2021-12-05 15:58:02,173] {spark_submit_hook.py:479} INFO - 21/12/05 15:58:02 INFO TaskSchedulerImpl: Removed TaskSet 1.0, whose tasks have all completed, from pool
[2021-12-05 15:58:02,174] {spark_submit_hook.py:479} INFO - 21/12/05 15:58:02 INFO TaskSchedulerImpl: Killing all running tasks in stage 1: Stage finished
[2021-12-05 15:58:02,177] {spark_submit_hook.py:479} INFO - 21/12/05 15:58:02 INFO DAGScheduler: Job 1 finished: json at NativeMethodAccessorImpl.java:0, took 0,871324 s
[2021-12-05 15:58:02,196] {spark_submit_hook.py:479} INFO - 21/12/05 15:58:02 INFO FileFormatWriter: Write Job 844b5862-b5b7-4dbf-81b8-8be6baafd258 committed.
[2021-12-05 15:58:02,203] {spark_submit_hook.py:479} INFO - 21/12/05 15:58:02 INFO FileFormatWriter: Finished processing stats for write job 844b5862-b5b7-4dbf-81b8-8be6baafd258.
[2021-12-05 15:58:02,298] {spark_submit_hook.py:479} INFO - 21/12/05 15:58:02 INFO FileSourceStrategy: Pushed Filters: IsNotNull(includes)
[2021-12-05 15:58:02,298] {spark_submit_hook.py:479} INFO - 21/12/05 15:58:02 INFO FileSourceStrategy: Post-Scan Filters: isnotnull(includes#8),(size(includes#8.users, true) > 0),isnotnull(includes#8.users)
[2021-12-05 15:58:02,302] {spark_submit_hook.py:479} INFO - 21/12/05 15:58:02 INFO FileSourceStrategy: Output Data Schema: struct<includes: struct<users: array<struct<created_at:string,id:string,name:string,username:string>>>>
[2021-12-05 15:58:02,326] {spark_submit_hook.py:479} INFO - 21/12/05 15:58:02 INFO FileOutputCommitter: File Output Committer Algorithm version is 1
[2021-12-05 15:58:02,326] {spark_submit_hook.py:479} INFO - 21/12/05 15:58:02 INFO FileOutputCommitter: FileOutputCommitter skip cleanup _temporary folders under output directory:false, ignore cleanup failures: false
[2021-12-05 15:58:02,327] {spark_submit_hook.py:479} INFO - 21/12/05 15:58:02 INFO SQLHadoopMapReduceCommitProtocol: Using output committer class org.apache.hadoop.mapreduce.lib.output.FileOutputCommitter
[2021-12-05 15:58:02,397] {spark_submit_hook.py:479} INFO - 21/12/05 15:58:02 INFO BlockManagerInfo: Removed broadcast_3_piece0 on 10.0.2.15:41329 in memory (size: 66.6 KiB, free: 413.9 MiB)
[2021-12-05 15:58:02,408] {spark_submit_hook.py:479} INFO - 21/12/05 15:58:02 INFO CodeGenerator: Code generated in 56.605601 ms
[2021-12-05 15:58:02,462] {spark_submit_hook.py:479} INFO - 21/12/05 15:58:02 INFO CodeGenerator: Code generated in 43.426261 ms
[2021-12-05 15:58:02,468] {spark_submit_hook.py:479} INFO - 21/12/05 15:58:02 INFO MemoryStore: Block broadcast_4 stored as values in memory (estimated size 174.6 KiB, free 413.6 MiB)
[2021-12-05 15:58:02,487] {spark_submit_hook.py:479} INFO - 21/12/05 15:58:02 INFO MemoryStore: Block broadcast_4_piece0 stored as bytes in memory (estimated size 27.6 KiB, free 413.5 MiB)
[2021-12-05 15:58:02,492] {spark_submit_hook.py:479} INFO - 21/12/05 15:58:02 INFO BlockManagerInfo: Added broadcast_4_piece0 in memory on 10.0.2.15:41329 (size: 27.6 KiB, free: 413.9 MiB)
[2021-12-05 15:58:02,494] {spark_submit_hook.py:479} INFO - 21/12/05 15:58:02 INFO SparkContext: Created broadcast 4 from json at NativeMethodAccessorImpl.java:0
[2021-12-05 15:58:02,494] {spark_submit_hook.py:479} INFO - 21/12/05 15:58:02 INFO FileSourceScanExec: Planning scan with bin packing, max size: 4617989 bytes, open cost is considered as scanning 4194304 bytes.
[2021-12-05 15:58:02,550] {spark_submit_hook.py:479} INFO - 21/12/05 15:58:02 INFO SparkContext: Starting job: json at NativeMethodAccessorImpl.java:0
[2021-12-05 15:58:02,555] {spark_submit_hook.py:479} INFO - 21/12/05 15:58:02 INFO DAGScheduler: Got job 2 (json at NativeMethodAccessorImpl.java:0) with 1 output partitions
[2021-12-05 15:58:02,555] {spark_submit_hook.py:479} INFO - 21/12/05 15:58:02 INFO DAGScheduler: Final stage: ResultStage 2 (json at NativeMethodAccessorImpl.java:0)
[2021-12-05 15:58:02,555] {spark_submit_hook.py:479} INFO - 21/12/05 15:58:02 INFO DAGScheduler: Parents of final stage: List()
[2021-12-05 15:58:02,555] {spark_submit_hook.py:479} INFO - 21/12/05 15:58:02 INFO DAGScheduler: Missing parents: List()
[2021-12-05 15:58:02,557] {spark_submit_hook.py:479} INFO - 21/12/05 15:58:02 INFO DAGScheduler: Submitting ResultStage 2 (CoalescedRDD[25] at json at NativeMethodAccessorImpl.java:0), which has no missing parents
[2021-12-05 15:58:02,583] {spark_submit_hook.py:479} INFO - 21/12/05 15:58:02 INFO MemoryStore: Block broadcast_5 stored as values in memory (estimated size 185.1 KiB, free 413.3 MiB)
[2021-12-05 15:58:02,591] {spark_submit_hook.py:479} INFO - 21/12/05 15:58:02 INFO MemoryStore: Block broadcast_5_piece0 stored as bytes in memory (estimated size 66.2 KiB, free 413.3 MiB)
[2021-12-05 15:58:02,592] {spark_submit_hook.py:479} INFO - 21/12/05 15:58:02 INFO BlockManagerInfo: Added broadcast_5_piece0 in memory on 10.0.2.15:41329 (size: 66.2 KiB, free: 413.8 MiB)
[2021-12-05 15:58:02,593] {spark_submit_hook.py:479} INFO - 21/12/05 15:58:02 INFO SparkContext: Created broadcast 5 from broadcast at DAGScheduler.scala:1388
[2021-12-05 15:58:02,593] {spark_submit_hook.py:479} INFO - 21/12/05 15:58:02 INFO DAGScheduler: Submitting 1 missing tasks from ResultStage 2 (CoalescedRDD[25] at json at NativeMethodAccessorImpl.java:0) (first 15 tasks are for partitions Vector(0))
[2021-12-05 15:58:02,593] {spark_submit_hook.py:479} INFO - 21/12/05 15:58:02 INFO TaskSchedulerImpl: Adding task set 2.0 with 1 tasks resource profile 0
[2021-12-05 15:58:02,595] {spark_submit_hook.py:479} INFO - 21/12/05 15:58:02 INFO TaskSetManager: Starting task 0.0 in stage 2.0 (TID 2) (10.0.2.15, executor driver, partition 0, PROCESS_LOCAL, 5171 bytes) taskResourceAssignments Map()
[2021-12-05 15:58:02,595] {spark_submit_hook.py:479} INFO - 21/12/05 15:58:02 INFO Executor: Running task 0.0 in stage 2.0 (TID 2)
[2021-12-05 15:58:02,616] {spark_submit_hook.py:479} INFO - 21/12/05 15:58:02 INFO FileOutputCommitter: File Output Committer Algorithm version is 1
[2021-12-05 15:58:02,619] {spark_submit_hook.py:479} INFO - 21/12/05 15:58:02 INFO FileOutputCommitter: FileOutputCommitter skip cleanup _temporary folders under output directory:false, ignore cleanup failures: false
[2021-12-05 15:58:02,620] {spark_submit_hook.py:479} INFO - 21/12/05 15:58:02 INFO SQLHadoopMapReduceCommitProtocol: Using output committer class org.apache.hadoop.mapreduce.lib.output.FileOutputCommitter
[2021-12-05 15:58:02,680] {spark_submit_hook.py:479} INFO - 21/12/05 15:58:02 INFO CodeGenerator: Code generated in 17.325682 ms
[2021-12-05 15:58:02,688] {spark_submit_hook.py:479} INFO - 21/12/05 15:58:02 INFO FileScanRDD: Reading File path: file:///home/kauai/datapipeline/datalake/bronze/twitter_chapecoense/extract_date=2021-11-30/VascodaGama_20211130.json, range: 0-423685, partition values: [empty row]
[2021-12-05 15:58:02,718] {spark_submit_hook.py:479} INFO - 21/12/05 15:58:02 INFO CodeGenerator: Code generated in 26.805085 ms
[2021-12-05 15:58:02,724] {spark_submit_hook.py:479} INFO - 21/12/05 15:58:02 INFO CodeGenerator: Code generated in 2.748958 ms
[2021-12-05 15:58:02,873] {spark_submit_hook.py:479} INFO - 21/12/05 15:58:02 INFO FileOutputCommitter: Saved output of task 'attempt_202112051558027698050546707558162_0002_m_000000_2' to file:/home/kauai/datapipeline/datalake/silver/twitter_chapecoense/user/process_date=2021-11-30/_temporary/0/task_202112051558027698050546707558162_0002_m_000000
[2021-12-05 15:58:02,873] {spark_submit_hook.py:479} INFO - 21/12/05 15:58:02 INFO SparkHadoopMapRedUtil: attempt_202112051558027698050546707558162_0002_m_000000_2: Committed
[2021-12-05 15:58:02,878] {spark_submit_hook.py:479} INFO - 21/12/05 15:58:02 INFO Executor: Finished task 0.0 in stage 2.0 (TID 2). 2901 bytes result sent to driver
[2021-12-05 15:58:02,895] {spark_submit_hook.py:479} INFO - 21/12/05 15:58:02 INFO TaskSetManager: Finished task 0.0 in stage 2.0 (TID 2) in 299 ms on 10.0.2.15 (executor driver) (1/1)
[2021-12-05 15:58:02,898] {spark_submit_hook.py:479} INFO - 21/12/05 15:58:02 INFO DAGScheduler: ResultStage 2 (json at NativeMethodAccessorImpl.java:0) finished in 0,338 s
[2021-12-05 15:58:02,898] {spark_submit_hook.py:479} INFO - 21/12/05 15:58:02 INFO DAGScheduler: Job 2 is finished. Cancelling potential speculative or zombie tasks for this job
[2021-12-05 15:58:02,899] {spark_submit_hook.py:479} INFO - 21/12/05 15:58:02 INFO TaskSchedulerImpl: Removed TaskSet 2.0, whose tasks have all completed, from pool
[2021-12-05 15:58:02,899] {spark_submit_hook.py:479} INFO - 21/12/05 15:58:02 INFO TaskSchedulerImpl: Killing all running tasks in stage 2: Stage finished
[2021-12-05 15:58:02,901] {spark_submit_hook.py:479} INFO - 21/12/05 15:58:02 INFO DAGScheduler: Job 2 finished: json at NativeMethodAccessorImpl.java:0, took 0,346215 s
[2021-12-05 15:58:02,921] {spark_submit_hook.py:479} INFO - 21/12/05 15:58:02 INFO FileFormatWriter: Write Job db7e4251-d940-4fa8-946f-b31611225424 committed.
[2021-12-05 15:58:02,921] {spark_submit_hook.py:479} INFO - 21/12/05 15:58:02 INFO FileFormatWriter: Finished processing stats for write job db7e4251-d940-4fa8-946f-b31611225424.
[2021-12-05 15:58:03,020] {spark_submit_hook.py:479} INFO - 21/12/05 15:58:03 INFO SparkUI: Stopped Spark web UI at http://10.0.2.15:4041
[2021-12-05 15:58:03,060] {spark_submit_hook.py:479} INFO - 21/12/05 15:58:03 INFO MapOutputTrackerMasterEndpoint: MapOutputTrackerMasterEndpoint stopped!
[2021-12-05 15:58:03,099] {spark_submit_hook.py:479} INFO - 21/12/05 15:58:03 INFO MemoryStore: MemoryStore cleared
[2021-12-05 15:58:03,100] {spark_submit_hook.py:479} INFO - 21/12/05 15:58:03 INFO BlockManager: BlockManager stopped
[2021-12-05 15:58:03,120] {spark_submit_hook.py:479} INFO - 21/12/05 15:58:03 INFO BlockManagerMaster: BlockManagerMaster stopped
[2021-12-05 15:58:03,130] {spark_submit_hook.py:479} INFO - 21/12/05 15:58:03 INFO OutputCommitCoordinator$OutputCommitCoordinatorEndpoint: OutputCommitCoordinator stopped!
[2021-12-05 15:58:03,163] {spark_submit_hook.py:479} INFO - 21/12/05 15:58:03 INFO SparkContext: Successfully stopped SparkContext
[2021-12-05 15:58:03,171] {spark_submit_hook.py:479} INFO - 21/12/05 15:58:03 INFO ShutdownHookManager: Shutdown hook called
[2021-12-05 15:58:03,171] {spark_submit_hook.py:479} INFO - 21/12/05 15:58:03 INFO ShutdownHookManager: Deleting directory /tmp/spark-5f7701b9-84cc-48a0-986d-0ac974d90dda
[2021-12-05 15:58:03,179] {spark_submit_hook.py:479} INFO - 21/12/05 15:58:03 INFO ShutdownHookManager: Deleting directory /tmp/spark-b784ccd0-7236-45d9-bf3c-7843b3b62d31/pyspark-44460af3-ec1b-45c2-87cc-d15c163965c9
[2021-12-05 15:58:03,182] {spark_submit_hook.py:479} INFO - 21/12/05 15:58:03 INFO ShutdownHookManager: Deleting directory /tmp/spark-b784ccd0-7236-45d9-bf3c-7843b3b62d31
[2021-12-05 15:58:03,216] {taskinstance.py:1057} INFO - Marking task as SUCCESS.dag_id=twitter_dag, task_id=transform_twitter_chapecoense, execution_date=20211130T090000, start_date=20211205T185746, end_date=20211205T185803
[2021-12-05 15:58:06,696] {local_task_job.py:102} INFO - Task exited with return code 0
