[2021-12-03 22:07:32,559] {taskinstance.py:670} INFO - Dependencies all met for <TaskInstance: twitter_dag.transform_twitter_vascodagama 2021-12-02T09:00:00+00:00 [queued]>
[2021-12-03 22:07:32,567] {taskinstance.py:670} INFO - Dependencies all met for <TaskInstance: twitter_dag.transform_twitter_vascodagama 2021-12-02T09:00:00+00:00 [queued]>
[2021-12-03 22:07:32,567] {taskinstance.py:880} INFO - 
--------------------------------------------------------------------------------
[2021-12-03 22:07:32,567] {taskinstance.py:881} INFO - Starting attempt 1 of 1
[2021-12-03 22:07:32,567] {taskinstance.py:882} INFO - 
--------------------------------------------------------------------------------
[2021-12-03 22:07:32,574] {taskinstance.py:901} INFO - Executing <Task(SparkSubmitOperator): transform_twitter_vascodagama> on 2021-12-02T09:00:00+00:00
[2021-12-03 22:07:32,575] {standard_task_runner.py:54} INFO - Started process 4370 to run task
[2021-12-03 22:07:32,620] {standard_task_runner.py:77} INFO - Running: ['airflow', 'run', 'twitter_dag', 'transform_twitter_vascodagama', '2021-12-02T09:00:00+00:00', '--job_id', '93', '--pool', 'default_pool', '--raw', '-sd', 'DAGS_FOLDER/twitter_dag.py', '--cfg_path', '/tmp/tmpw8igolya']
[2021-12-03 22:07:32,620] {standard_task_runner.py:78} INFO - Job 93: Subtask transform_twitter_vascodagama
[2021-12-03 22:07:32,638] {logging_mixin.py:112} INFO - Running <TaskInstance: twitter_dag.transform_twitter_vascodagama 2021-12-02T09:00:00+00:00 [running]> on host kauai-VirtualBox
[2021-12-03 22:07:32,670] {base_hook.py:89} INFO - Using connection to: id: spark_default. Host: local, Port: None, Schema: None, Login: None, Password: None, extra: XXXXXXXX
[2021-12-03 22:07:32,671] {spark_submit_hook.py:325} INFO - Spark-Submit cmd: /home/kauai/spark-3.1.2-bin-hadoop3.2/bin/spark-submit --master local --name twitter_transformation /home/kauai/datapipeline/spark/transformation.py --src /home/kauai/datapipeline/datalake/bronze/twitter_vascodagama/extract_date=2021-12-02 --dest /home/kauai/datapipeline/datalake/silver/twitter_vascodagama/ --process-date 2021-12-02
[2021-12-03 22:07:34,510] {spark_submit_hook.py:479} INFO - 21/12/03 22:07:34 WARN Utils: Your hostname, kauai-VirtualBox resolves to a loopback address: 127.0.1.1; using 10.0.2.15 instead (on interface enp0s3)
[2021-12-03 22:07:34,513] {spark_submit_hook.py:479} INFO - 21/12/03 22:07:34 WARN Utils: Set SPARK_LOCAL_IP if you need to bind to another address
[2021-12-03 22:07:34,523] {spark_submit_hook.py:479} INFO - WARNING: An illegal reflective access operation has occurred
[2021-12-03 22:07:34,523] {spark_submit_hook.py:479} INFO - WARNING: Illegal reflective access by org.apache.spark.unsafe.Platform (file:/opt/spark/jars/spark-unsafe_2.12-3.1.2.jar) to constructor java.nio.DirectByteBuffer(long,int)
[2021-12-03 22:07:34,523] {spark_submit_hook.py:479} INFO - WARNING: Please consider reporting this to the maintainers of org.apache.spark.unsafe.Platform
[2021-12-03 22:07:34,523] {spark_submit_hook.py:479} INFO - WARNING: Use --illegal-access=warn to enable warnings of further illegal reflective access operations
[2021-12-03 22:07:34,523] {spark_submit_hook.py:479} INFO - WARNING: All illegal access operations will be denied in a future release
[2021-12-03 22:07:35,164] {spark_submit_hook.py:479} INFO - 21/12/03 22:07:35 WARN NativeCodeLoader: Unable to load native-hadoop library for your platform... using builtin-java classes where applicable
[2021-12-03 22:07:35,939] {spark_submit_hook.py:479} INFO - Using Spark's default log4j profile: org/apache/spark/log4j-defaults.properties
[2021-12-03 22:07:35,946] {spark_submit_hook.py:479} INFO - 21/12/03 22:07:35 INFO SparkContext: Running Spark version 3.1.2
[2021-12-03 22:07:36,007] {spark_submit_hook.py:479} INFO - 21/12/03 22:07:36 INFO ResourceUtils: ==============================================================
[2021-12-03 22:07:36,007] {spark_submit_hook.py:479} INFO - 21/12/03 22:07:36 INFO ResourceUtils: No custom resources configured for spark.driver.
[2021-12-03 22:07:36,007] {spark_submit_hook.py:479} INFO - 21/12/03 22:07:36 INFO ResourceUtils: ==============================================================
[2021-12-03 22:07:36,007] {spark_submit_hook.py:479} INFO - 21/12/03 22:07:36 INFO SparkContext: Submitted application: twitter_transformation
[2021-12-03 22:07:36,032] {spark_submit_hook.py:479} INFO - 21/12/03 22:07:36 INFO ResourceProfile: Default ResourceProfile created, executor resources: Map(cores -> name: cores, amount: 1, script: , vendor: , memory -> name: memory, amount: 1024, script: , vendor: , offHeap -> name: offHeap, amount: 0, script: , vendor: ), task resources: Map(cpus -> name: cpus, amount: 1.0)
[2021-12-03 22:07:36,042] {spark_submit_hook.py:479} INFO - 21/12/03 22:07:36 INFO ResourceProfile: Limiting resource is cpu
[2021-12-03 22:07:36,042] {spark_submit_hook.py:479} INFO - 21/12/03 22:07:36 INFO ResourceProfileManager: Added ResourceProfile id: 0
[2021-12-03 22:07:36,108] {spark_submit_hook.py:479} INFO - 21/12/03 22:07:36 INFO SecurityManager: Changing view acls to: kauai
[2021-12-03 22:07:36,108] {spark_submit_hook.py:479} INFO - 21/12/03 22:07:36 INFO SecurityManager: Changing modify acls to: kauai
[2021-12-03 22:07:36,108] {spark_submit_hook.py:479} INFO - 21/12/03 22:07:36 INFO SecurityManager: Changing view acls groups to:
[2021-12-03 22:07:36,109] {spark_submit_hook.py:479} INFO - 21/12/03 22:07:36 INFO SecurityManager: Changing modify acls groups to:
[2021-12-03 22:07:36,109] {spark_submit_hook.py:479} INFO - 21/12/03 22:07:36 INFO SecurityManager: SecurityManager: authentication disabled; ui acls disabled; users  with view permissions: Set(kauai); groups with view permissions: Set(); users  with modify permissions: Set(kauai); groups with modify permissions: Set()
[2021-12-03 22:07:36,481] {spark_submit_hook.py:479} INFO - 21/12/03 22:07:36 INFO Utils: Successfully started service 'sparkDriver' on port 39521.
[2021-12-03 22:07:36,515] {spark_submit_hook.py:479} INFO - 21/12/03 22:07:36 INFO SparkEnv: Registering MapOutputTracker
[2021-12-03 22:07:36,554] {spark_submit_hook.py:479} INFO - 21/12/03 22:07:36 INFO SparkEnv: Registering BlockManagerMaster
[2021-12-03 22:07:36,588] {spark_submit_hook.py:479} INFO - 21/12/03 22:07:36 INFO BlockManagerMasterEndpoint: Using org.apache.spark.storage.DefaultTopologyMapper for getting topology information
[2021-12-03 22:07:36,589] {spark_submit_hook.py:479} INFO - 21/12/03 22:07:36 INFO BlockManagerMasterEndpoint: BlockManagerMasterEndpoint up
[2021-12-03 22:07:36,595] {spark_submit_hook.py:479} INFO - 21/12/03 22:07:36 INFO SparkEnv: Registering BlockManagerMasterHeartbeat
[2021-12-03 22:07:36,610] {spark_submit_hook.py:479} INFO - 21/12/03 22:07:36 INFO DiskBlockManager: Created local directory at /tmp/blockmgr-d5566e4b-b616-45e4-af95-b8fe247a1cee
[2021-12-03 22:07:36,645] {spark_submit_hook.py:479} INFO - 21/12/03 22:07:36 INFO MemoryStore: MemoryStore started with capacity 413.9 MiB
[2021-12-03 22:07:36,665] {spark_submit_hook.py:479} INFO - 21/12/03 22:07:36 INFO SparkEnv: Registering OutputCommitCoordinator
[2021-12-03 22:07:36,929] {spark_submit_hook.py:479} INFO - 21/12/03 22:07:36 INFO Utils: Successfully started service 'SparkUI' on port 4040.
[2021-12-03 22:07:37,024] {spark_submit_hook.py:479} INFO - 21/12/03 22:07:37 INFO SparkUI: Bound SparkUI to 0.0.0.0, and started at http://10.0.2.15:4040
[2021-12-03 22:07:37,333] {spark_submit_hook.py:479} INFO - 21/12/03 22:07:37 INFO Executor: Starting executor ID driver on host 10.0.2.15
[2021-12-03 22:07:37,381] {spark_submit_hook.py:479} INFO - 21/12/03 22:07:37 INFO Utils: Successfully started service 'org.apache.spark.network.netty.NettyBlockTransferService' on port 44551.
[2021-12-03 22:07:37,381] {spark_submit_hook.py:479} INFO - 21/12/03 22:07:37 INFO NettyBlockTransferService: Server created on 10.0.2.15:44551
[2021-12-03 22:07:37,381] {spark_submit_hook.py:479} INFO - 21/12/03 22:07:37 INFO BlockManager: Using org.apache.spark.storage.RandomBlockReplicationPolicy for block replication policy
[2021-12-03 22:07:37,389] {spark_submit_hook.py:479} INFO - 21/12/03 22:07:37 INFO BlockManagerMaster: Registering BlockManager BlockManagerId(driver, 10.0.2.15, 44551, None)
[2021-12-03 22:07:37,394] {spark_submit_hook.py:479} INFO - 21/12/03 22:07:37 INFO BlockManagerMasterEndpoint: Registering block manager 10.0.2.15:44551 with 413.9 MiB RAM, BlockManagerId(driver, 10.0.2.15, 44551, None)
[2021-12-03 22:07:37,400] {spark_submit_hook.py:479} INFO - 21/12/03 22:07:37 INFO BlockManagerMaster: Registered BlockManager BlockManagerId(driver, 10.0.2.15, 44551, None)
[2021-12-03 22:07:37,402] {spark_submit_hook.py:479} INFO - 21/12/03 22:07:37 INFO BlockManager: Initialized BlockManager: BlockManagerId(driver, 10.0.2.15, 44551, None)
[2021-12-03 22:07:38,081] {spark_submit_hook.py:479} INFO - 21/12/03 22:07:38 INFO SharedState: Setting hive.metastore.warehouse.dir ('null') to the value of spark.sql.warehouse.dir ('file:/home/kauai/datapipeline/spark-warehouse').
[2021-12-03 22:07:38,082] {spark_submit_hook.py:479} INFO - 21/12/03 22:07:38 INFO SharedState: Warehouse path is 'file:/home/kauai/datapipeline/spark-warehouse'.
[2021-12-03 22:07:39,223] {spark_submit_hook.py:479} INFO - 21/12/03 22:07:39 INFO InMemoryFileIndex: It took 89 ms to list leaf files for 1 paths.
[2021-12-03 22:07:39,331] {spark_submit_hook.py:479} INFO - 21/12/03 22:07:39 INFO InMemoryFileIndex: It took 6 ms to list leaf files for 1 paths.
[2021-12-03 22:07:41,710] {spark_submit_hook.py:479} INFO - 21/12/03 22:07:41 INFO FileSourceStrategy: Pushed Filters:
[2021-12-03 22:07:41,711] {spark_submit_hook.py:479} INFO - 21/12/03 22:07:41 INFO FileSourceStrategy: Post-Scan Filters:
[2021-12-03 22:07:41,715] {spark_submit_hook.py:479} INFO - 21/12/03 22:07:41 INFO FileSourceStrategy: Output Data Schema: struct<value: string>
[2021-12-03 22:07:42,073] {spark_submit_hook.py:479} INFO - 21/12/03 22:07:42 INFO MemoryStore: Block broadcast_0 stored as values in memory (estimated size 174.7 KiB, free 413.8 MiB)
[2021-12-03 22:07:42,174] {spark_submit_hook.py:479} INFO - 21/12/03 22:07:42 INFO MemoryStore: Block broadcast_0_piece0 stored as bytes in memory (estimated size 27.6 KiB, free 413.7 MiB)
[2021-12-03 22:07:42,178] {spark_submit_hook.py:479} INFO - 21/12/03 22:07:42 INFO BlockManagerInfo: Added broadcast_0_piece0 in memory on 10.0.2.15:44551 (size: 27.6 KiB, free: 413.9 MiB)
[2021-12-03 22:07:42,184] {spark_submit_hook.py:479} INFO - 21/12/03 22:07:42 INFO SparkContext: Created broadcast 0 from json at NativeMethodAccessorImpl.java:0
[2021-12-03 22:07:42,195] {spark_submit_hook.py:479} INFO - 21/12/03 22:07:42 INFO FileSourceScanExec: Planning scan with bin packing, max size: 4682029 bytes, open cost is considered as scanning 4194304 bytes.
[2021-12-03 22:07:42,423] {spark_submit_hook.py:479} INFO - 21/12/03 22:07:42 INFO SparkContext: Starting job: json at NativeMethodAccessorImpl.java:0
[2021-12-03 22:07:42,447] {spark_submit_hook.py:479} INFO - 21/12/03 22:07:42 INFO DAGScheduler: Got job 0 (json at NativeMethodAccessorImpl.java:0) with 1 output partitions
[2021-12-03 22:07:42,448] {spark_submit_hook.py:479} INFO - 21/12/03 22:07:42 INFO DAGScheduler: Final stage: ResultStage 0 (json at NativeMethodAccessorImpl.java:0)
[2021-12-03 22:07:42,448] {spark_submit_hook.py:479} INFO - 21/12/03 22:07:42 INFO DAGScheduler: Parents of final stage: List()
[2021-12-03 22:07:42,450] {spark_submit_hook.py:479} INFO - 21/12/03 22:07:42 INFO DAGScheduler: Missing parents: List()
[2021-12-03 22:07:42,464] {spark_submit_hook.py:479} INFO - 21/12/03 22:07:42 INFO DAGScheduler: Submitting ResultStage 0 (MapPartitionsRDD[3] at json at NativeMethodAccessorImpl.java:0), which has no missing parents
[2021-12-03 22:07:42,741] {spark_submit_hook.py:479} INFO - 21/12/03 22:07:42 INFO MemoryStore: Block broadcast_1 stored as values in memory (estimated size 12.0 KiB, free 413.7 MiB)
[2021-12-03 22:07:42,749] {spark_submit_hook.py:479} INFO - 21/12/03 22:07:42 INFO MemoryStore: Block broadcast_1_piece0 stored as bytes in memory (estimated size 6.3 KiB, free 413.7 MiB)
[2021-12-03 22:07:42,750] {spark_submit_hook.py:479} INFO - 21/12/03 22:07:42 INFO BlockManagerInfo: Added broadcast_1_piece0 in memory on 10.0.2.15:44551 (size: 6.3 KiB, free: 413.9 MiB)
[2021-12-03 22:07:42,753] {spark_submit_hook.py:479} INFO - 21/12/03 22:07:42 INFO SparkContext: Created broadcast 1 from broadcast at DAGScheduler.scala:1388
[2021-12-03 22:07:42,774] {spark_submit_hook.py:479} INFO - 21/12/03 22:07:42 INFO DAGScheduler: Submitting 1 missing tasks from ResultStage 0 (MapPartitionsRDD[3] at json at NativeMethodAccessorImpl.java:0) (first 15 tasks are for partitions Vector(0))
[2021-12-03 22:07:42,775] {spark_submit_hook.py:479} INFO - 21/12/03 22:07:42 INFO TaskSchedulerImpl: Adding task set 0.0 with 1 tasks resource profile 0
[2021-12-03 22:07:42,863] {spark_submit_hook.py:479} INFO - 21/12/03 22:07:42 INFO TaskSetManager: Starting task 0.0 in stage 0.0 (TID 0) (10.0.2.15, executor driver, partition 0, PROCESS_LOCAL, 4942 bytes) taskResourceAssignments Map()
[2021-12-03 22:07:42,891] {spark_submit_hook.py:479} INFO - 21/12/03 22:07:42 INFO Executor: Running task 0.0 in stage 0.0 (TID 0)
[2021-12-03 22:07:43,090] {spark_submit_hook.py:479} INFO - 21/12/03 22:07:43 INFO FileScanRDD: Reading File path: file:///home/kauai/datapipeline/datalake/bronze/twitter_vascodagama/extract_date=2021-12-02/VascodaGama_20211202.json, range: 0-487725, partition values: [empty row]
[2021-12-03 22:07:43,585] {spark_submit_hook.py:479} INFO - 21/12/03 22:07:43 INFO CodeGenerator: Code generated in 308.369906 ms
[2021-12-03 22:07:43,790] {spark_submit_hook.py:479} INFO - 21/12/03 22:07:43 INFO Executor: Finished task 0.0 in stage 0.0 (TID 0). 2858 bytes result sent to driver
[2021-12-03 22:07:43,806] {spark_submit_hook.py:479} INFO - 21/12/03 22:07:43 INFO TaskSetManager: Finished task 0.0 in stage 0.0 (TID 0) in 962 ms on 10.0.2.15 (executor driver) (1/1)
[2021-12-03 22:07:43,823] {spark_submit_hook.py:479} INFO - 21/12/03 22:07:43 INFO TaskSchedulerImpl: Removed TaskSet 0.0, whose tasks have all completed, from pool
[2021-12-03 22:07:43,829] {spark_submit_hook.py:479} INFO - 21/12/03 22:07:43 INFO DAGScheduler: ResultStage 0 (json at NativeMethodAccessorImpl.java:0) finished in 1,327 s
[2021-12-03 22:07:43,832] {spark_submit_hook.py:479} INFO - 21/12/03 22:07:43 INFO DAGScheduler: Job 0 is finished. Cancelling potential speculative or zombie tasks for this job
[2021-12-03 22:07:43,842] {spark_submit_hook.py:479} INFO - 21/12/03 22:07:43 INFO TaskSchedulerImpl: Killing all running tasks in stage 0: Stage finished
[2021-12-03 22:07:43,847] {spark_submit_hook.py:479} INFO - 21/12/03 22:07:43 INFO DAGScheduler: Job 0 finished: json at NativeMethodAccessorImpl.java:0, took 1,418219 s
[2021-12-03 22:07:44,389] {spark_submit_hook.py:479} INFO - 21/12/03 22:07:44 INFO FileSourceStrategy: Pushed Filters: IsNotNull(data)
[2021-12-03 22:07:44,390] {spark_submit_hook.py:479} INFO - 21/12/03 22:07:44 INFO FileSourceStrategy: Post-Scan Filters: (size(data#7, true) > 0),isnotnull(data#7)
[2021-12-03 22:07:44,391] {spark_submit_hook.py:479} INFO - 21/12/03 22:07:44 INFO FileSourceStrategy: Output Data Schema: struct<data: array<struct<author_id:string,conversation_id:string,created_at:string,id:string,in_reply_to_user_id:string,public_metrics:struct<like_count:bigint,quote_count:bigint,reply_count:bigint,retweet_count:bigint>,text:string>>>
[2021-12-03 22:07:44,612] {spark_submit_hook.py:479} INFO - 21/12/03 22:07:44 INFO BlockManagerInfo: Removed broadcast_0_piece0 on 10.0.2.15:44551 in memory (size: 27.6 KiB, free: 413.9 MiB)
[2021-12-03 22:07:44,661] {spark_submit_hook.py:479} INFO - 21/12/03 22:07:44 INFO BlockManagerInfo: Removed broadcast_1_piece0 on 10.0.2.15:44551 in memory (size: 6.3 KiB, free: 413.9 MiB)
[2021-12-03 22:07:44,687] {spark_submit_hook.py:479} INFO - 21/12/03 22:07:44 INFO FileOutputCommitter: File Output Committer Algorithm version is 1
[2021-12-03 22:07:44,693] {spark_submit_hook.py:479} INFO - 21/12/03 22:07:44 INFO FileOutputCommitter: FileOutputCommitter skip cleanup _temporary folders under output directory:false, ignore cleanup failures: false
[2021-12-03 22:07:44,694] {spark_submit_hook.py:479} INFO - 21/12/03 22:07:44 INFO SQLHadoopMapReduceCommitProtocol: Using output committer class org.apache.hadoop.mapreduce.lib.output.FileOutputCommitter
[2021-12-03 22:07:44,962] {spark_submit_hook.py:479} INFO - 21/12/03 22:07:44 INFO CodeGenerator: Code generated in 104.335511 ms
[2021-12-03 22:07:45,129] {spark_submit_hook.py:479} INFO - 21/12/03 22:07:45 INFO CodeGenerator: Code generated in 105.26371 ms
[2021-12-03 22:07:45,158] {spark_submit_hook.py:479} INFO - 21/12/03 22:07:45 INFO MemoryStore: Block broadcast_2 stored as values in memory (estimated size 174.6 KiB, free 413.8 MiB)
[2021-12-03 22:07:45,187] {spark_submit_hook.py:479} INFO - 21/12/03 22:07:45 INFO MemoryStore: Block broadcast_2_piece0 stored as bytes in memory (estimated size 27.6 KiB, free 413.7 MiB)
[2021-12-03 22:07:45,191] {spark_submit_hook.py:479} INFO - 21/12/03 22:07:45 INFO BlockManagerInfo: Added broadcast_2_piece0 in memory on 10.0.2.15:44551 (size: 27.6 KiB, free: 413.9 MiB)
[2021-12-03 22:07:45,192] {spark_submit_hook.py:479} INFO - 21/12/03 22:07:45 INFO SparkContext: Created broadcast 2 from json at NativeMethodAccessorImpl.java:0
[2021-12-03 22:07:45,205] {spark_submit_hook.py:479} INFO - 21/12/03 22:07:45 INFO FileSourceScanExec: Planning scan with bin packing, max size: 4682029 bytes, open cost is considered as scanning 4194304 bytes.
[2021-12-03 22:07:45,386] {spark_submit_hook.py:479} INFO - 21/12/03 22:07:45 INFO SparkContext: Starting job: json at NativeMethodAccessorImpl.java:0
[2021-12-03 22:07:45,387] {spark_submit_hook.py:479} INFO - 21/12/03 22:07:45 INFO DAGScheduler: Got job 1 (json at NativeMethodAccessorImpl.java:0) with 1 output partitions
[2021-12-03 22:07:45,387] {spark_submit_hook.py:479} INFO - 21/12/03 22:07:45 INFO DAGScheduler: Final stage: ResultStage 1 (json at NativeMethodAccessorImpl.java:0)
[2021-12-03 22:07:45,387] {spark_submit_hook.py:479} INFO - 21/12/03 22:07:45 INFO DAGScheduler: Parents of final stage: List()
[2021-12-03 22:07:45,387] {spark_submit_hook.py:479} INFO - 21/12/03 22:07:45 INFO DAGScheduler: Missing parents: List()
[2021-12-03 22:07:45,390] {spark_submit_hook.py:479} INFO - 21/12/03 22:07:45 INFO DAGScheduler: Submitting ResultStage 1 (CoalescedRDD[13] at json at NativeMethodAccessorImpl.java:0), which has no missing parents
[2021-12-03 22:07:45,449] {spark_submit_hook.py:479} INFO - 21/12/03 22:07:45 INFO MemoryStore: Block broadcast_3 stored as values in memory (estimated size 188.7 KiB, free 413.5 MiB)
[2021-12-03 22:07:45,453] {spark_submit_hook.py:479} INFO - 21/12/03 22:07:45 INFO MemoryStore: Block broadcast_3_piece0 stored as bytes in memory (estimated size 66.6 KiB, free 413.5 MiB)
[2021-12-03 22:07:45,453] {spark_submit_hook.py:479} INFO - 21/12/03 22:07:45 INFO BlockManagerInfo: Added broadcast_3_piece0 in memory on 10.0.2.15:44551 (size: 66.6 KiB, free: 413.8 MiB)
[2021-12-03 22:07:45,456] {spark_submit_hook.py:479} INFO - 21/12/03 22:07:45 INFO SparkContext: Created broadcast 3 from broadcast at DAGScheduler.scala:1388
[2021-12-03 22:07:45,457] {spark_submit_hook.py:479} INFO - 21/12/03 22:07:45 INFO DAGScheduler: Submitting 1 missing tasks from ResultStage 1 (CoalescedRDD[13] at json at NativeMethodAccessorImpl.java:0) (first 15 tasks are for partitions Vector(0))
[2021-12-03 22:07:45,457] {spark_submit_hook.py:479} INFO - 21/12/03 22:07:45 INFO TaskSchedulerImpl: Adding task set 1.0 with 1 tasks resource profile 0
[2021-12-03 22:07:45,468] {spark_submit_hook.py:479} INFO - 21/12/03 22:07:45 INFO TaskSetManager: Starting task 0.0 in stage 1.0 (TID 1) (10.0.2.15, executor driver, partition 0, PROCESS_LOCAL, 5171 bytes) taskResourceAssignments Map()
[2021-12-03 22:07:45,470] {spark_submit_hook.py:479} INFO - 21/12/03 22:07:45 INFO Executor: Running task 0.0 in stage 1.0 (TID 1)
[2021-12-03 22:07:45,834] {spark_submit_hook.py:479} INFO - 21/12/03 22:07:45 INFO FileOutputCommitter: File Output Committer Algorithm version is 1
[2021-12-03 22:07:45,835] {spark_submit_hook.py:479} INFO - 21/12/03 22:07:45 INFO FileOutputCommitter: FileOutputCommitter skip cleanup _temporary folders under output directory:false, ignore cleanup failures: false
[2021-12-03 22:07:45,843] {spark_submit_hook.py:479} INFO - 21/12/03 22:07:45 INFO SQLHadoopMapReduceCommitProtocol: Using output committer class org.apache.hadoop.mapreduce.lib.output.FileOutputCommitter
[2021-12-03 22:07:46,242] {spark_submit_hook.py:479} INFO - 21/12/03 22:07:46 INFO CodeGenerator: Code generated in 73.541161 ms
[2021-12-03 22:07:46,243] {spark_submit_hook.py:479} INFO - 21/12/03 22:07:46 INFO FileScanRDD: Reading File path: file:///home/kauai/datapipeline/datalake/bronze/twitter_vascodagama/extract_date=2021-12-02/VascodaGama_20211202.json, range: 0-487725, partition values: [empty row]
[2021-12-03 22:07:46,343] {spark_submit_hook.py:479} INFO - 21/12/03 22:07:46 INFO CodeGenerator: Code generated in 96.555655 ms
[2021-12-03 22:07:46,427] {spark_submit_hook.py:479} INFO - 21/12/03 22:07:46 INFO CodeGenerator: Code generated in 23.138012 ms
[2021-12-03 22:07:46,883] {spark_submit_hook.py:479} INFO - 21/12/03 22:07:46 INFO FileOutputCommitter: Saved output of task 'attempt_202112032207454707915556124252554_0001_m_000000_1' to file:/home/kauai/datapipeline/datalake/silver/twitter_vascodagama/tweet/process_date=2021-12-02/_temporary/0/task_202112032207454707915556124252554_0001_m_000000
[2021-12-03 22:07:46,889] {spark_submit_hook.py:479} INFO - 21/12/03 22:07:46 INFO SparkHadoopMapRedUtil: attempt_202112032207454707915556124252554_0001_m_000000_1: Committed
[2021-12-03 22:07:46,906] {spark_submit_hook.py:479} INFO - 21/12/03 22:07:46 INFO Executor: Finished task 0.0 in stage 1.0 (TID 1). 2944 bytes result sent to driver
[2021-12-03 22:07:46,923] {spark_submit_hook.py:479} INFO - 21/12/03 22:07:46 INFO TaskSetManager: Finished task 0.0 in stage 1.0 (TID 1) in 1457 ms on 10.0.2.15 (executor driver) (1/1)
[2021-12-03 22:07:46,929] {spark_submit_hook.py:479} INFO - 21/12/03 22:07:46 INFO DAGScheduler: ResultStage 1 (json at NativeMethodAccessorImpl.java:0) finished in 1,529 s
[2021-12-03 22:07:46,930] {spark_submit_hook.py:479} INFO - 21/12/03 22:07:46 INFO DAGScheduler: Job 1 is finished. Cancelling potential speculative or zombie tasks for this job
[2021-12-03 22:07:46,944] {spark_submit_hook.py:479} INFO - 21/12/03 22:07:46 INFO TaskSchedulerImpl: Removed TaskSet 1.0, whose tasks have all completed, from pool
[2021-12-03 22:07:46,957] {spark_submit_hook.py:479} INFO - 21/12/03 22:07:46 INFO TaskSchedulerImpl: Killing all running tasks in stage 1: Stage finished
[2021-12-03 22:07:46,957] {spark_submit_hook.py:479} INFO - 21/12/03 22:07:46 INFO DAGScheduler: Job 1 finished: json at NativeMethodAccessorImpl.java:0, took 1,568349 s
[2021-12-03 22:07:47,031] {spark_submit_hook.py:479} INFO - 21/12/03 22:07:47 INFO FileFormatWriter: Write Job 732136c6-26bb-4722-88e4-9ded4d3505eb committed.
[2021-12-03 22:07:47,046] {spark_submit_hook.py:479} INFO - 21/12/03 22:07:47 INFO FileFormatWriter: Finished processing stats for write job 732136c6-26bb-4722-88e4-9ded4d3505eb.
[2021-12-03 22:07:47,299] {spark_submit_hook.py:479} INFO - 21/12/03 22:07:47 INFO FileSourceStrategy: Pushed Filters: IsNotNull(includes)
[2021-12-03 22:07:47,300] {spark_submit_hook.py:479} INFO - 21/12/03 22:07:47 INFO FileSourceStrategy: Post-Scan Filters: isnotnull(includes#8),(size(includes#8.users, true) > 0),isnotnull(includes#8.users)
[2021-12-03 22:07:47,300] {spark_submit_hook.py:479} INFO - 21/12/03 22:07:47 INFO FileSourceStrategy: Output Data Schema: struct<includes: struct<users: array<struct<created_at:string,id:string,name:string,username:string>>>>
[2021-12-03 22:07:47,336] {spark_submit_hook.py:479} INFO - 21/12/03 22:07:47 INFO FileOutputCommitter: File Output Committer Algorithm version is 1
[2021-12-03 22:07:47,337] {spark_submit_hook.py:479} INFO - 21/12/03 22:07:47 INFO FileOutputCommitter: FileOutputCommitter skip cleanup _temporary folders under output directory:false, ignore cleanup failures: false
[2021-12-03 22:07:47,343] {spark_submit_hook.py:479} INFO - 21/12/03 22:07:47 INFO SQLHadoopMapReduceCommitProtocol: Using output committer class org.apache.hadoop.mapreduce.lib.output.FileOutputCommitter
[2021-12-03 22:07:47,458] {spark_submit_hook.py:479} INFO - 21/12/03 22:07:47 INFO CodeGenerator: Code generated in 76.056519 ms
[2021-12-03 22:07:47,582] {spark_submit_hook.py:479} INFO - 21/12/03 22:07:47 INFO CodeGenerator: Code generated in 86.702428 ms
[2021-12-03 22:07:47,593] {spark_submit_hook.py:479} INFO - 21/12/03 22:07:47 INFO MemoryStore: Block broadcast_4 stored as values in memory (estimated size 174.6 KiB, free 413.3 MiB)
[2021-12-03 22:07:47,622] {spark_submit_hook.py:479} INFO - 21/12/03 22:07:47 INFO MemoryStore: Block broadcast_4_piece0 stored as bytes in memory (estimated size 27.6 KiB, free 413.3 MiB)
[2021-12-03 22:07:47,626] {spark_submit_hook.py:479} INFO - 21/12/03 22:07:47 INFO BlockManagerInfo: Added broadcast_4_piece0 in memory on 10.0.2.15:44551 (size: 27.6 KiB, free: 413.8 MiB)
[2021-12-03 22:07:47,628] {spark_submit_hook.py:479} INFO - 21/12/03 22:07:47 INFO SparkContext: Created broadcast 4 from json at NativeMethodAccessorImpl.java:0
[2021-12-03 22:07:47,629] {spark_submit_hook.py:479} INFO - 21/12/03 22:07:47 INFO FileSourceScanExec: Planning scan with bin packing, max size: 4682029 bytes, open cost is considered as scanning 4194304 bytes.
[2021-12-03 22:07:47,759] {spark_submit_hook.py:479} INFO - 21/12/03 22:07:47 INFO SparkContext: Starting job: json at NativeMethodAccessorImpl.java:0
[2021-12-03 22:07:47,770] {spark_submit_hook.py:479} INFO - 21/12/03 22:07:47 INFO DAGScheduler: Got job 2 (json at NativeMethodAccessorImpl.java:0) with 1 output partitions
[2021-12-03 22:07:47,770] {spark_submit_hook.py:479} INFO - 21/12/03 22:07:47 INFO DAGScheduler: Final stage: ResultStage 2 (json at NativeMethodAccessorImpl.java:0)
[2021-12-03 22:07:47,770] {spark_submit_hook.py:479} INFO - 21/12/03 22:07:47 INFO DAGScheduler: Parents of final stage: List()
[2021-12-03 22:07:47,770] {spark_submit_hook.py:479} INFO - 21/12/03 22:07:47 INFO DAGScheduler: Missing parents: List()
[2021-12-03 22:07:47,774] {spark_submit_hook.py:479} INFO - 21/12/03 22:07:47 INFO DAGScheduler: Submitting ResultStage 2 (CoalescedRDD[25] at json at NativeMethodAccessorImpl.java:0), which has no missing parents
[2021-12-03 22:07:47,830] {spark_submit_hook.py:479} INFO - 21/12/03 22:07:47 INFO MemoryStore: Block broadcast_5 stored as values in memory (estimated size 185.1 KiB, free 413.1 MiB)
[2021-12-03 22:07:47,839] {spark_submit_hook.py:479} INFO - 21/12/03 22:07:47 INFO MemoryStore: Block broadcast_5_piece0 stored as bytes in memory (estimated size 66.1 KiB, free 413.0 MiB)
[2021-12-03 22:07:47,840] {spark_submit_hook.py:479} INFO - 21/12/03 22:07:47 INFO BlockManagerInfo: Added broadcast_5_piece0 in memory on 10.0.2.15:44551 (size: 66.1 KiB, free: 413.7 MiB)
[2021-12-03 22:07:47,843] {spark_submit_hook.py:479} INFO - 21/12/03 22:07:47 INFO SparkContext: Created broadcast 5 from broadcast at DAGScheduler.scala:1388
[2021-12-03 22:07:47,844] {spark_submit_hook.py:479} INFO - 21/12/03 22:07:47 INFO DAGScheduler: Submitting 1 missing tasks from ResultStage 2 (CoalescedRDD[25] at json at NativeMethodAccessorImpl.java:0) (first 15 tasks are for partitions Vector(0))
[2021-12-03 22:07:47,850] {spark_submit_hook.py:479} INFO - 21/12/03 22:07:47 INFO TaskSchedulerImpl: Adding task set 2.0 with 1 tasks resource profile 0
[2021-12-03 22:07:47,852] {spark_submit_hook.py:479} INFO - 21/12/03 22:07:47 INFO TaskSetManager: Starting task 0.0 in stage 2.0 (TID 2) (10.0.2.15, executor driver, partition 0, PROCESS_LOCAL, 5171 bytes) taskResourceAssignments Map()
[2021-12-03 22:07:47,852] {spark_submit_hook.py:479} INFO - 21/12/03 22:07:47 INFO Executor: Running task 0.0 in stage 2.0 (TID 2)
[2021-12-03 22:07:47,906] {spark_submit_hook.py:479} INFO - 21/12/03 22:07:47 INFO FileOutputCommitter: File Output Committer Algorithm version is 1
[2021-12-03 22:07:47,907] {spark_submit_hook.py:479} INFO - 21/12/03 22:07:47 INFO FileOutputCommitter: FileOutputCommitter skip cleanup _temporary folders under output directory:false, ignore cleanup failures: false
[2021-12-03 22:07:47,908] {spark_submit_hook.py:479} INFO - 21/12/03 22:07:47 INFO SQLHadoopMapReduceCommitProtocol: Using output committer class org.apache.hadoop.mapreduce.lib.output.FileOutputCommitter
[2021-12-03 22:07:48,002] {spark_submit_hook.py:479} INFO - 21/12/03 22:07:48 INFO CodeGenerator: Code generated in 19.735744 ms
[2021-12-03 22:07:48,006] {spark_submit_hook.py:479} INFO - 21/12/03 22:07:48 INFO FileScanRDD: Reading File path: file:///home/kauai/datapipeline/datalake/bronze/twitter_vascodagama/extract_date=2021-12-02/VascodaGama_20211202.json, range: 0-487725, partition values: [empty row]
[2021-12-03 22:07:48,028] {spark_submit_hook.py:479} INFO - 21/12/03 22:07:48 INFO CodeGenerator: Code generated in 14.118166 ms
[2021-12-03 22:07:48,045] {spark_submit_hook.py:479} INFO - 21/12/03 22:07:48 INFO CodeGenerator: Code generated in 9.407275 ms
[2021-12-03 22:07:48,114] {spark_submit_hook.py:479} INFO - 21/12/03 22:07:48 INFO FileOutputCommitter: Saved output of task 'attempt_202112032207473294361663435715898_0002_m_000000_2' to file:/home/kauai/datapipeline/datalake/silver/twitter_vascodagama/user/process_date=2021-12-02/_temporary/0/task_202112032207473294361663435715898_0002_m_000000
[2021-12-03 22:07:48,114] {spark_submit_hook.py:479} INFO - 21/12/03 22:07:48 INFO SparkHadoopMapRedUtil: attempt_202112032207473294361663435715898_0002_m_000000_2: Committed
[2021-12-03 22:07:48,121] {spark_submit_hook.py:479} INFO - 21/12/03 22:07:48 INFO Executor: Finished task 0.0 in stage 2.0 (TID 2). 2858 bytes result sent to driver
[2021-12-03 22:07:48,137] {spark_submit_hook.py:479} INFO - 21/12/03 22:07:48 INFO TaskSetManager: Finished task 0.0 in stage 2.0 (TID 2) in 286 ms on 10.0.2.15 (executor driver) (1/1)
[2021-12-03 22:07:48,138] {spark_submit_hook.py:479} INFO - 21/12/03 22:07:48 INFO DAGScheduler: ResultStage 2 (json at NativeMethodAccessorImpl.java:0) finished in 0,362 s
[2021-12-03 22:07:48,139] {spark_submit_hook.py:479} INFO - 21/12/03 22:07:48 INFO DAGScheduler: Job 2 is finished. Cancelling potential speculative or zombie tasks for this job
[2021-12-03 22:07:48,141] {spark_submit_hook.py:479} INFO - 21/12/03 22:07:48 INFO TaskSchedulerImpl: Removed TaskSet 2.0, whose tasks have all completed, from pool
[2021-12-03 22:07:48,144] {spark_submit_hook.py:479} INFO - 21/12/03 22:07:48 INFO TaskSchedulerImpl: Killing all running tasks in stage 2: Stage finished
[2021-12-03 22:07:48,144] {spark_submit_hook.py:479} INFO - 21/12/03 22:07:48 INFO DAGScheduler: Job 2 finished: json at NativeMethodAccessorImpl.java:0, took 0,375833 s
[2021-12-03 22:07:48,175] {spark_submit_hook.py:479} INFO - 21/12/03 22:07:48 INFO FileFormatWriter: Write Job 130a9270-61d8-4e52-8533-c78aaf6f40a9 committed.
[2021-12-03 22:07:48,175] {spark_submit_hook.py:479} INFO - 21/12/03 22:07:48 INFO FileFormatWriter: Finished processing stats for write job 130a9270-61d8-4e52-8533-c78aaf6f40a9.
[2021-12-03 22:07:48,224] {spark_submit_hook.py:479} INFO - 21/12/03 22:07:48 INFO SparkUI: Stopped Spark web UI at http://10.0.2.15:4040
[2021-12-03 22:07:48,237] {spark_submit_hook.py:479} INFO - 21/12/03 22:07:48 INFO MapOutputTrackerMasterEndpoint: MapOutputTrackerMasterEndpoint stopped!
[2021-12-03 22:07:48,246] {spark_submit_hook.py:479} INFO - 21/12/03 22:07:48 INFO MemoryStore: MemoryStore cleared
[2021-12-03 22:07:48,246] {spark_submit_hook.py:479} INFO - 21/12/03 22:07:48 INFO BlockManager: BlockManager stopped
[2021-12-03 22:07:48,252] {spark_submit_hook.py:479} INFO - 21/12/03 22:07:48 INFO BlockManagerMaster: BlockManagerMaster stopped
[2021-12-03 22:07:48,255] {spark_submit_hook.py:479} INFO - 21/12/03 22:07:48 INFO OutputCommitCoordinator$OutputCommitCoordinatorEndpoint: OutputCommitCoordinator stopped!
[2021-12-03 22:07:48,267] {spark_submit_hook.py:479} INFO - 21/12/03 22:07:48 INFO SparkContext: Successfully stopped SparkContext
[2021-12-03 22:07:48,269] {spark_submit_hook.py:479} INFO - 21/12/03 22:07:48 INFO ShutdownHookManager: Shutdown hook called
[2021-12-03 22:07:48,270] {spark_submit_hook.py:479} INFO - 21/12/03 22:07:48 INFO ShutdownHookManager: Deleting directory /tmp/spark-9eda8915-ec6b-4adb-b294-55f557158114
[2021-12-03 22:07:48,271] {spark_submit_hook.py:479} INFO - 21/12/03 22:07:48 INFO ShutdownHookManager: Deleting directory /tmp/spark-a07f90dd-8838-41a4-8ce3-d7c4677a63ac
[2021-12-03 22:07:48,274] {spark_submit_hook.py:479} INFO - 21/12/03 22:07:48 INFO ShutdownHookManager: Deleting directory /tmp/spark-9eda8915-ec6b-4adb-b294-55f557158114/pyspark-ff3514c2-eb66-43ea-a7c6-7c73a7057d5b
[2021-12-03 22:07:48,304] {taskinstance.py:1057} INFO - Marking task as SUCCESS.dag_id=twitter_dag, task_id=transform_twitter_vascodagama, execution_date=20211202T090000, start_date=20211204T010732, end_date=20211204T010748
[2021-12-03 22:07:52,565] {local_task_job.py:102} INFO - Task exited with return code 0
