[2021-12-05 15:56:14,182] {taskinstance.py:670} INFO - Dependencies all met for <TaskInstance: twitter_dag.twitter_chapecoense 2021-11-30T09:00:00+00:00 [queued]>
[2021-12-05 15:56:14,189] {taskinstance.py:670} INFO - Dependencies all met for <TaskInstance: twitter_dag.twitter_chapecoense 2021-11-30T09:00:00+00:00 [queued]>
[2021-12-05 15:56:14,189] {taskinstance.py:880} INFO - 
--------------------------------------------------------------------------------
[2021-12-05 15:56:14,189] {taskinstance.py:881} INFO - Starting attempt 1 of 1
[2021-12-05 15:56:14,189] {taskinstance.py:882} INFO - 
--------------------------------------------------------------------------------
[2021-12-05 15:56:14,196] {taskinstance.py:901} INFO - Executing <Task(TwitterOperator): twitter_chapecoense> on 2021-11-30T09:00:00+00:00
[2021-12-05 15:56:14,197] {standard_task_runner.py:54} INFO - Started process 2913 to run task
[2021-12-05 15:56:14,245] {standard_task_runner.py:77} INFO - Running: ['airflow', 'run', 'twitter_dag', 'twitter_chapecoense', '2021-11-30T09:00:00+00:00', '--job_id', '120', '--pool', 'default_pool', '--raw', '-sd', 'DAGS_FOLDER/twitter_dag.py', '--cfg_path', '/tmp/tmp5jebjsqm']
[2021-12-05 15:56:14,245] {standard_task_runner.py:78} INFO - Job 120: Subtask twitter_chapecoense
[2021-12-05 15:56:14,266] {logging_mixin.py:112} INFO - Running <TaskInstance: twitter_dag.twitter_chapecoense 2021-11-30T09:00:00+00:00 [running]> on host kauai-VirtualBox
[2021-12-05 15:56:14,315] {base_hook.py:89} INFO - Using connection to: id: twitter_default. Host: https://api.twitter.com, Port: None, Schema: None, Login: None, Password: None, extra: XXXXXXXX
[2021-12-05 15:56:14,316] {twitter_hook.py:36} INFO - URL: https://api.twitter.com/2/tweets/search/recent?query=ChapecoenseReal&tweet.fields=author_id,conversation_id,created_at,id,in_reply_to_user_id,public_metrics,text&expansions=author_id&user.fields=id,name,username,created_at&start_time=2021-11-30T09:00:00.00Z&end_time=2021-12-01T09:00:00.00Z
[2021-12-05 15:56:14,565] {logging_mixin.py:112} WARNING - /home/kauai/datapipeline/venv/lib/python3.8/site-packages/urllib3/connectionpool.py:981: InsecureRequestWarning: Unverified HTTPS request is being made to host 'api.twitter.com'. Adding certificate verification is strongly advised. See: https://urllib3.readthedocs.io/en/latest/advanced-usage.html#ssl-warnings
  warnings.warn(
[2021-12-05 15:56:14,965] {twitter_hook.py:36} INFO - URL: https://api.twitter.com/2/tweets/search/recent?query=ChapecoenseReal&tweet.fields=author_id,conversation_id,created_at,id,in_reply_to_user_id,public_metrics,text&expansions=author_id&user.fields=id,name,username,created_at&start_time=2021-11-30T09:00:00.00Z&end_time=2021-12-01T09:00:00.00Z&next_token=b26v89c19zqg8o3fpdy7oh6eha0x7ug10wbwcoyyw79fh
[2021-12-05 15:56:14,966] {logging_mixin.py:112} WARNING - /home/kauai/datapipeline/venv/lib/python3.8/site-packages/urllib3/connectionpool.py:981: InsecureRequestWarning: Unverified HTTPS request is being made to host 'api.twitter.com'. Adding certificate verification is strongly advised. See: https://urllib3.readthedocs.io/en/latest/advanced-usage.html#ssl-warnings
  warnings.warn(
[2021-12-05 15:56:15,366] {twitter_hook.py:36} INFO - URL: https://api.twitter.com/2/tweets/search/recent?query=ChapecoenseReal&tweet.fields=author_id,conversation_id,created_at,id,in_reply_to_user_id,public_metrics,text&expansions=author_id&user.fields=id,name,username,created_at&start_time=2021-11-30T09:00:00.00Z&end_time=2021-12-01T09:00:00.00Z&next_token=b26v89c19zqg8o3fpdy7oh5sqd7hxx0llrpw79kvviq9p
[2021-12-05 15:56:15,366] {logging_mixin.py:112} WARNING - /home/kauai/datapipeline/venv/lib/python3.8/site-packages/urllib3/connectionpool.py:981: InsecureRequestWarning: Unverified HTTPS request is being made to host 'api.twitter.com'. Adding certificate verification is strongly advised. See: https://urllib3.readthedocs.io/en/latest/advanced-usage.html#ssl-warnings
  warnings.warn(
[2021-12-05 15:56:15,788] {twitter_hook.py:36} INFO - URL: https://api.twitter.com/2/tweets/search/recent?query=ChapecoenseReal&tweet.fields=author_id,conversation_id,created_at,id,in_reply_to_user_id,public_metrics,text&expansions=author_id&user.fields=id,name,username,created_at&start_time=2021-11-30T09:00:00.00Z&end_time=2021-12-01T09:00:00.00Z&next_token=b26v89c19zqg8o3fpdy7of3h0z9dcvbovigcuot6wzq0t
[2021-12-05 15:56:15,796] {logging_mixin.py:112} WARNING - /home/kauai/datapipeline/venv/lib/python3.8/site-packages/urllib3/connectionpool.py:981: InsecureRequestWarning: Unverified HTTPS request is being made to host 'api.twitter.com'. Adding certificate verification is strongly advised. See: https://urllib3.readthedocs.io/en/latest/advanced-usage.html#ssl-warnings
  warnings.warn(
[2021-12-05 15:56:16,205] {twitter_hook.py:36} INFO - URL: https://api.twitter.com/2/tweets/search/recent?query=ChapecoenseReal&tweet.fields=author_id,conversation_id,created_at,id,in_reply_to_user_id,public_metrics,text&expansions=author_id&user.fields=id,name,username,created_at&start_time=2021-11-30T09:00:00.00Z&end_time=2021-12-01T09:00:00.00Z&next_token=b26v89c19zqg8o3fpdy7of36d348zzqpprf7ny9ek51tp
[2021-12-05 15:56:16,207] {logging_mixin.py:112} WARNING - /home/kauai/datapipeline/venv/lib/python3.8/site-packages/urllib3/connectionpool.py:981: InsecureRequestWarning: Unverified HTTPS request is being made to host 'api.twitter.com'. Adding certificate verification is strongly advised. See: https://urllib3.readthedocs.io/en/latest/advanced-usage.html#ssl-warnings
  warnings.warn(
[2021-12-05 15:56:16,624] {twitter_hook.py:36} INFO - URL: https://api.twitter.com/2/tweets/search/recent?query=ChapecoenseReal&tweet.fields=author_id,conversation_id,created_at,id,in_reply_to_user_id,public_metrics,text&expansions=author_id&user.fields=id,name,username,created_at&start_time=2021-11-30T09:00:00.00Z&end_time=2021-12-01T09:00:00.00Z&next_token=b26v89c19zqg8o3fpdy7of3670u3p7thc1iwisirqzq7x
[2021-12-05 15:56:16,624] {logging_mixin.py:112} WARNING - /home/kauai/datapipeline/venv/lib/python3.8/site-packages/urllib3/connectionpool.py:981: InsecureRequestWarning: Unverified HTTPS request is being made to host 'api.twitter.com'. Adding certificate verification is strongly advised. See: https://urllib3.readthedocs.io/en/latest/advanced-usage.html#ssl-warnings
  warnings.warn(
[2021-12-05 15:56:17,025] {twitter_hook.py:36} INFO - URL: https://api.twitter.com/2/tweets/search/recent?query=ChapecoenseReal&tweet.fields=author_id,conversation_id,created_at,id,in_reply_to_user_id,public_metrics,text&expansions=author_id&user.fields=id,name,username,created_at&start_time=2021-11-30T09:00:00.00Z&end_time=2021-12-01T09:00:00.00Z&next_token=b26v89c19zqg8o3fpdy7of363zt2vqw6so6w9h5t08j99
[2021-12-05 15:56:17,025] {logging_mixin.py:112} WARNING - /home/kauai/datapipeline/venv/lib/python3.8/site-packages/urllib3/connectionpool.py:981: InsecureRequestWarning: Unverified HTTPS request is being made to host 'api.twitter.com'. Adding certificate verification is strongly advised. See: https://urllib3.readthedocs.io/en/latest/advanced-usage.html#ssl-warnings
  warnings.warn(
[2021-12-05 15:56:17,441] {twitter_hook.py:36} INFO - URL: https://api.twitter.com/2/tweets/search/recent?query=ChapecoenseReal&tweet.fields=author_id,conversation_id,created_at,id,in_reply_to_user_id,public_metrics,text&expansions=author_id&user.fields=id,name,username,created_at&start_time=2021-11-30T09:00:00.00Z&end_time=2021-12-01T09:00:00.00Z&next_token=b26v89c19zqg8o3fpdy7of35zf349p6tgqt12utlsjfr1
[2021-12-05 15:56:17,442] {logging_mixin.py:112} WARNING - /home/kauai/datapipeline/venv/lib/python3.8/site-packages/urllib3/connectionpool.py:981: InsecureRequestWarning: Unverified HTTPS request is being made to host 'api.twitter.com'. Adding certificate verification is strongly advised. See: https://urllib3.readthedocs.io/en/latest/advanced-usage.html#ssl-warnings
  warnings.warn(
[2021-12-05 15:56:17,899] {twitter_hook.py:36} INFO - URL: https://api.twitter.com/2/tweets/search/recent?query=ChapecoenseReal&tweet.fields=author_id,conversation_id,created_at,id,in_reply_to_user_id,public_metrics,text&expansions=author_id&user.fields=id,name,username,created_at&start_time=2021-11-30T09:00:00.00Z&end_time=2021-12-01T09:00:00.00Z&next_token=b26v89c19zqg8o3fpdy7of2vknj1l9gprdi0r34umjuyl
[2021-12-05 15:56:17,900] {logging_mixin.py:112} WARNING - /home/kauai/datapipeline/venv/lib/python3.8/site-packages/urllib3/connectionpool.py:981: InsecureRequestWarning: Unverified HTTPS request is being made to host 'api.twitter.com'. Adding certificate verification is strongly advised. See: https://urllib3.readthedocs.io/en/latest/advanced-usage.html#ssl-warnings
  warnings.warn(
[2021-12-05 15:56:18,322] {twitter_hook.py:36} INFO - URL: https://api.twitter.com/2/tweets/search/recent?query=ChapecoenseReal&tweet.fields=author_id,conversation_id,created_at,id,in_reply_to_user_id,public_metrics,text&expansions=author_id&user.fields=id,name,username,created_at&start_time=2021-11-30T09:00:00.00Z&end_time=2021-12-01T09:00:00.00Z&next_token=b26v89c19zqg8o3fpdy7of2vg3g6p4be4v2lkciipw399
[2021-12-05 15:56:18,322] {logging_mixin.py:112} WARNING - /home/kauai/datapipeline/venv/lib/python3.8/site-packages/urllib3/connectionpool.py:981: InsecureRequestWarning: Unverified HTTPS request is being made to host 'api.twitter.com'. Adding certificate verification is strongly advised. See: https://urllib3.readthedocs.io/en/latest/advanced-usage.html#ssl-warnings
  warnings.warn(
[2021-12-05 15:56:18,725] {twitter_hook.py:36} INFO - URL: https://api.twitter.com/2/tweets/search/recent?query=ChapecoenseReal&tweet.fields=author_id,conversation_id,created_at,id,in_reply_to_user_id,public_metrics,text&expansions=author_id&user.fields=id,name,username,created_at&start_time=2021-11-30T09:00:00.00Z&end_time=2021-12-01T09:00:00.00Z&next_token=b26v89c19zqg8o3fpdy7of2vd2mjm1j4zrpz2tqjxyagt
[2021-12-05 15:56:18,725] {logging_mixin.py:112} WARNING - /home/kauai/datapipeline/venv/lib/python3.8/site-packages/urllib3/connectionpool.py:981: InsecureRequestWarning: Unverified HTTPS request is being made to host 'api.twitter.com'. Adding certificate verification is strongly advised. See: https://urllib3.readthedocs.io/en/latest/advanced-usage.html#ssl-warnings
  warnings.warn(
[2021-12-05 15:56:19,092] {twitter_hook.py:36} INFO - URL: https://api.twitter.com/2/tweets/search/recent?query=ChapecoenseReal&tweet.fields=author_id,conversation_id,created_at,id,in_reply_to_user_id,public_metrics,text&expansions=author_id&user.fields=id,name,username,created_at&start_time=2021-11-30T09:00:00.00Z&end_time=2021-12-01T09:00:00.00Z&next_token=b26v89c19zqg8o3fpdy7of2vbjsovnmpfntcnjttop8ql
[2021-12-05 15:56:19,093] {logging_mixin.py:112} WARNING - /home/kauai/datapipeline/venv/lib/python3.8/site-packages/urllib3/connectionpool.py:981: InsecureRequestWarning: Unverified HTTPS request is being made to host 'api.twitter.com'. Adding certificate verification is strongly advised. See: https://urllib3.readthedocs.io/en/latest/advanced-usage.html#ssl-warnings
  warnings.warn(
[2021-12-05 15:56:19,520] {twitter_hook.py:36} INFO - URL: https://api.twitter.com/2/tweets/search/recent?query=ChapecoenseReal&tweet.fields=author_id,conversation_id,created_at,id,in_reply_to_user_id,public_metrics,text&expansions=author_id&user.fields=id,name,username,created_at&start_time=2021-11-30T09:00:00.00Z&end_time=2021-12-01T09:00:00.00Z&next_token=b26v89c19zqg8o3fpdy7of2va1dwfjda7ddhjb24ypth9
[2021-12-05 15:56:19,520] {logging_mixin.py:112} WARNING - /home/kauai/datapipeline/venv/lib/python3.8/site-packages/urllib3/connectionpool.py:981: InsecureRequestWarning: Unverified HTTPS request is being made to host 'api.twitter.com'. Adding certificate verification is strongly advised. See: https://urllib3.readthedocs.io/en/latest/advanced-usage.html#ssl-warnings
  warnings.warn(
[2021-12-05 15:56:19,904] {twitter_hook.py:36} INFO - URL: https://api.twitter.com/2/tweets/search/recent?query=ChapecoenseReal&tweet.fields=author_id,conversation_id,created_at,id,in_reply_to_user_id,public_metrics,text&expansions=author_id&user.fields=id,name,username,created_at&start_time=2021-11-30T09:00:00.00Z&end_time=2021-12-01T09:00:00.00Z&next_token=b26v89c19zqg8o3fpdy7of2v8jton5qpzahntgire47lp
[2021-12-05 15:56:19,905] {logging_mixin.py:112} WARNING - /home/kauai/datapipeline/venv/lib/python3.8/site-packages/urllib3/connectionpool.py:981: InsecureRequestWarning: Unverified HTTPS request is being made to host 'api.twitter.com'. Adding certificate verification is strongly advised. See: https://urllib3.readthedocs.io/en/latest/advanced-usage.html#ssl-warnings
  warnings.warn(
[2021-12-05 15:56:20,280] {twitter_hook.py:36} INFO - URL: https://api.twitter.com/2/tweets/search/recent?query=ChapecoenseReal&tweet.fields=author_id,conversation_id,created_at,id,in_reply_to_user_id,public_metrics,text&expansions=author_id&user.fields=id,name,username,created_at&start_time=2021-11-30T09:00:00.00Z&end_time=2021-12-01T09:00:00.00Z&next_token=b26v89c19zqg8o3fpdy7of2v8iz89fzd1abambnmu9x19
[2021-12-05 15:56:20,280] {logging_mixin.py:112} WARNING - /home/kauai/datapipeline/venv/lib/python3.8/site-packages/urllib3/connectionpool.py:981: InsecureRequestWarning: Unverified HTTPS request is being made to host 'api.twitter.com'. Adding certificate verification is strongly advised. See: https://urllib3.readthedocs.io/en/latest/advanced-usage.html#ssl-warnings
  warnings.warn(
[2021-12-05 15:56:20,674] {twitter_hook.py:36} INFO - URL: https://api.twitter.com/2/tweets/search/recent?query=ChapecoenseReal&tweet.fields=author_id,conversation_id,created_at,id,in_reply_to_user_id,public_metrics,text&expansions=author_id&user.fields=id,name,username,created_at&start_time=2021-11-30T09:00:00.00Z&end_time=2021-12-01T09:00:00.00Z&next_token=b26v89c19zqg8o3fpdy7of2ks9filjia6iosew79mjwcd
[2021-12-05 15:56:20,674] {logging_mixin.py:112} WARNING - /home/kauai/datapipeline/venv/lib/python3.8/site-packages/urllib3/connectionpool.py:981: InsecureRequestWarning: Unverified HTTPS request is being made to host 'api.twitter.com'. Adding certificate verification is strongly advised. See: https://urllib3.readthedocs.io/en/latest/advanced-usage.html#ssl-warnings
  warnings.warn(
[2021-12-05 15:56:21,097] {twitter_hook.py:36} INFO - URL: https://api.twitter.com/2/tweets/search/recent?query=ChapecoenseReal&tweet.fields=author_id,conversation_id,created_at,id,in_reply_to_user_id,public_metrics,text&expansions=author_id&user.fields=id,name,username,created_at&start_time=2021-11-30T09:00:00.00Z&end_time=2021-12-01T09:00:00.00Z&next_token=b26v89c19zqg8o3fpdy7of2kqpj611rb1ajfj4mew58cd
[2021-12-05 15:56:21,097] {logging_mixin.py:112} WARNING - /home/kauai/datapipeline/venv/lib/python3.8/site-packages/urllib3/connectionpool.py:981: InsecureRequestWarning: Unverified HTTPS request is being made to host 'api.twitter.com'. Adding certificate verification is strongly advised. See: https://urllib3.readthedocs.io/en/latest/advanced-usage.html#ssl-warnings
  warnings.warn(
[2021-12-05 15:56:21,479] {twitter_hook.py:36} INFO - URL: https://api.twitter.com/2/tweets/search/recent?query=ChapecoenseReal&tweet.fields=author_id,conversation_id,created_at,id,in_reply_to_user_id,public_metrics,text&expansions=author_id&user.fields=id,name,username,created_at&start_time=2021-11-30T09:00:00.00Z&end_time=2021-12-01T09:00:00.00Z&next_token=b26v89c19zqg8o3fpdy7of2knps0sj9q2qk5ihf9i2pa5
[2021-12-05 15:56:21,479] {logging_mixin.py:112} WARNING - /home/kauai/datapipeline/venv/lib/python3.8/site-packages/urllib3/connectionpool.py:981: InsecureRequestWarning: Unverified HTTPS request is being made to host 'api.twitter.com'. Adding certificate verification is strongly advised. See: https://urllib3.readthedocs.io/en/latest/advanced-usage.html#ssl-warnings
  warnings.warn(
[2021-12-05 15:56:21,887] {twitter_hook.py:36} INFO - URL: https://api.twitter.com/2/tweets/search/recent?query=ChapecoenseReal&tweet.fields=author_id,conversation_id,created_at,id,in_reply_to_user_id,public_metrics,text&expansions=author_id&user.fields=id,name,username,created_at&start_time=2021-11-30T09:00:00.00Z&end_time=2021-12-01T09:00:00.00Z&next_token=b26v89c19zqg8o3fpdy7of2km7dbjuy2fjlrfluf8n3b1
[2021-12-05 15:56:21,887] {logging_mixin.py:112} WARNING - /home/kauai/datapipeline/venv/lib/python3.8/site-packages/urllib3/connectionpool.py:981: InsecureRequestWarning: Unverified HTTPS request is being made to host 'api.twitter.com'. Adding certificate verification is strongly advised. See: https://urllib3.readthedocs.io/en/latest/advanced-usage.html#ssl-warnings
  warnings.warn(
[2021-12-05 15:56:22,267] {twitter_hook.py:36} INFO - URL: https://api.twitter.com/2/tweets/search/recent?query=ChapecoenseReal&tweet.fields=author_id,conversation_id,created_at,id,in_reply_to_user_id,public_metrics,text&expansions=author_id&user.fields=id,name,username,created_at&start_time=2021-11-30T09:00:00.00Z&end_time=2021-12-01T09:00:00.00Z&next_token=b26v89c19zqg8o3fpdy7of2km6xzll0qsitrl7kzgc8zh
[2021-12-05 15:56:22,268] {logging_mixin.py:112} WARNING - /home/kauai/datapipeline/venv/lib/python3.8/site-packages/urllib3/connectionpool.py:981: InsecureRequestWarning: Unverified HTTPS request is being made to host 'api.twitter.com'. Adding certificate verification is strongly advised. See: https://urllib3.readthedocs.io/en/latest/advanced-usage.html#ssl-warnings
  warnings.warn(
[2021-12-05 15:56:22,654] {twitter_hook.py:36} INFO - URL: https://api.twitter.com/2/tweets/search/recent?query=ChapecoenseReal&tweet.fields=author_id,conversation_id,created_at,id,in_reply_to_user_id,public_metrics,text&expansions=author_id&user.fields=id,name,username,created_at&start_time=2021-11-30T09:00:00.00Z&end_time=2021-12-01T09:00:00.00Z&next_token=b26v89c19zqg8o3fpdy7of2km6asl77zg8j32feov57jx
[2021-12-05 15:56:22,655] {logging_mixin.py:112} WARNING - /home/kauai/datapipeline/venv/lib/python3.8/site-packages/urllib3/connectionpool.py:981: InsecureRequestWarning: Unverified HTTPS request is being made to host 'api.twitter.com'. Adding certificate verification is strongly advised. See: https://urllib3.readthedocs.io/en/latest/advanced-usage.html#ssl-warnings
  warnings.warn(
[2021-12-05 15:56:23,062] {twitter_hook.py:36} INFO - URL: https://api.twitter.com/2/tweets/search/recent?query=ChapecoenseReal&tweet.fields=author_id,conversation_id,created_at,id,in_reply_to_user_id,public_metrics,text&expansions=author_id&user.fields=id,name,username,created_at&start_time=2021-11-30T09:00:00.00Z&end_time=2021-12-01T09:00:00.00Z&next_token=b26v89c19zqg8o3fpdy7of2kkn1hl573jal33lbryevst
[2021-12-05 15:56:23,063] {logging_mixin.py:112} WARNING - /home/kauai/datapipeline/venv/lib/python3.8/site-packages/urllib3/connectionpool.py:981: InsecureRequestWarning: Unverified HTTPS request is being made to host 'api.twitter.com'. Adding certificate verification is strongly advised. See: https://urllib3.readthedocs.io/en/latest/advanced-usage.html#ssl-warnings
  warnings.warn(
[2021-12-05 15:56:23,459] {twitter_hook.py:36} INFO - URL: https://api.twitter.com/2/tweets/search/recent?query=ChapecoenseReal&tweet.fields=author_id,conversation_id,created_at,id,in_reply_to_user_id,public_metrics,text&expansions=author_id&user.fields=id,name,username,created_at&start_time=2021-11-30T09:00:00.00Z&end_time=2021-12-01T09:00:00.00Z&next_token=b26v89c19zqg8o3fpdy7of2khnaeieckvz1yva9538hod
[2021-12-05 15:56:23,460] {logging_mixin.py:112} WARNING - /home/kauai/datapipeline/venv/lib/python3.8/site-packages/urllib3/connectionpool.py:981: InsecureRequestWarning: Unverified HTTPS request is being made to host 'api.twitter.com'. Adding certificate verification is strongly advised. See: https://urllib3.readthedocs.io/en/latest/advanced-usage.html#ssl-warnings
  warnings.warn(
[2021-12-05 15:56:23,865] {twitter_hook.py:36} INFO - URL: https://api.twitter.com/2/tweets/search/recent?query=ChapecoenseReal&tweet.fields=author_id,conversation_id,created_at,id,in_reply_to_user_id,public_metrics,text&expansions=author_id&user.fields=id,name,username,created_at&start_time=2021-11-30T09:00:00.00Z&end_time=2021-12-01T09:00:00.00Z&next_token=b26v89c19zqg8o3fpdy7of29zuhj90h1d2oh0s4c2thtp
[2021-12-05 15:56:23,866] {logging_mixin.py:112} WARNING - /home/kauai/datapipeline/venv/lib/python3.8/site-packages/urllib3/connectionpool.py:981: InsecureRequestWarning: Unverified HTTPS request is being made to host 'api.twitter.com'. Adding certificate verification is strongly advised. See: https://urllib3.readthedocs.io/en/latest/advanced-usage.html#ssl-warnings
  warnings.warn(
[2021-12-05 15:56:24,261] {twitter_hook.py:36} INFO - URL: https://api.twitter.com/2/tweets/search/recent?query=ChapecoenseReal&tweet.fields=author_id,conversation_id,created_at,id,in_reply_to_user_id,public_metrics,text&expansions=author_id&user.fields=id,name,username,created_at&start_time=2021-11-30T09:00:00.00Z&end_time=2021-12-01T09:00:00.00Z&next_token=b26v89c19zqg8o3fpdy7of29ybv6lmul59hlvh70uvud9
[2021-12-05 15:56:24,262] {logging_mixin.py:112} WARNING - /home/kauai/datapipeline/venv/lib/python3.8/site-packages/urllib3/connectionpool.py:981: InsecureRequestWarning: Unverified HTTPS request is being made to host 'api.twitter.com'. Adding certificate verification is strongly advised. See: https://urllib3.readthedocs.io/en/latest/advanced-usage.html#ssl-warnings
  warnings.warn(
[2021-12-05 15:56:24,674] {twitter_hook.py:36} INFO - URL: https://api.twitter.com/2/tweets/search/recent?query=ChapecoenseReal&tweet.fields=author_id,conversation_id,created_at,id,in_reply_to_user_id,public_metrics,text&expansions=author_id&user.fields=id,name,username,created_at&start_time=2021-11-30T09:00:00.00Z&end_time=2021-12-01T09:00:00.00Z&next_token=b26v89c19zqg8o3fpdy7of29v9z5x9rt25vugktfgqanx
[2021-12-05 15:56:24,674] {logging_mixin.py:112} WARNING - /home/kauai/datapipeline/venv/lib/python3.8/site-packages/urllib3/connectionpool.py:981: InsecureRequestWarning: Unverified HTTPS request is being made to host 'api.twitter.com'. Adding certificate verification is strongly advised. See: https://urllib3.readthedocs.io/en/latest/advanced-usage.html#ssl-warnings
  warnings.warn(
[2021-12-05 15:56:25,081] {twitter_hook.py:36} INFO - URL: https://api.twitter.com/2/tweets/search/recent?query=ChapecoenseReal&tweet.fields=author_id,conversation_id,created_at,id,in_reply_to_user_id,public_metrics,text&expansions=author_id&user.fields=id,name,username,created_at&start_time=2021-11-30T09:00:00.00Z&end_time=2021-12-01T09:00:00.00Z&next_token=b26v89c19zqg8o3fpdy7of29v8wq7vtio2annsu6qs9dp
[2021-12-05 15:56:25,081] {logging_mixin.py:112} WARNING - /home/kauai/datapipeline/venv/lib/python3.8/site-packages/urllib3/connectionpool.py:981: InsecureRequestWarning: Unverified HTTPS request is being made to host 'api.twitter.com'. Adding certificate verification is strongly advised. See: https://urllib3.readthedocs.io/en/latest/advanced-usage.html#ssl-warnings
  warnings.warn(
[2021-12-05 15:56:25,502] {twitter_hook.py:36} INFO - URL: https://api.twitter.com/2/tweets/search/recent?query=ChapecoenseReal&tweet.fields=author_id,conversation_id,created_at,id,in_reply_to_user_id,public_metrics,text&expansions=author_id&user.fields=id,name,username,created_at&start_time=2021-11-30T09:00:00.00Z&end_time=2021-12-01T09:00:00.00Z&next_token=b26v89c19zqg8o3fpdy7of29tqpsqzibwvpegkm2si64d
[2021-12-05 15:56:25,503] {logging_mixin.py:112} WARNING - /home/kauai/datapipeline/venv/lib/python3.8/site-packages/urllib3/connectionpool.py:981: InsecureRequestWarning: Unverified HTTPS request is being made to host 'api.twitter.com'. Adding certificate verification is strongly advised. See: https://urllib3.readthedocs.io/en/latest/advanced-usage.html#ssl-warnings
  warnings.warn(
[2021-12-05 15:56:25,896] {twitter_hook.py:36} INFO - URL: https://api.twitter.com/2/tweets/search/recent?query=ChapecoenseReal&tweet.fields=author_id,conversation_id,created_at,id,in_reply_to_user_id,public_metrics,text&expansions=author_id&user.fields=id,name,username,created_at&start_time=2021-11-30T09:00:00.00Z&end_time=2021-12-01T09:00:00.00Z&next_token=b26v89c19zqg8o3fpdy7of29s8qglqznzain69cg3we4d
[2021-12-05 15:56:25,896] {logging_mixin.py:112} WARNING - /home/kauai/datapipeline/venv/lib/python3.8/site-packages/urllib3/connectionpool.py:981: InsecureRequestWarning: Unverified HTTPS request is being made to host 'api.twitter.com'. Adding certificate verification is strongly advised. See: https://urllib3.readthedocs.io/en/latest/advanced-usage.html#ssl-warnings
  warnings.warn(
[2021-12-05 15:56:26,263] {twitter_hook.py:36} INFO - URL: https://api.twitter.com/2/tweets/search/recent?query=ChapecoenseReal&tweet.fields=author_id,conversation_id,created_at,id,in_reply_to_user_id,public_metrics,text&expansions=author_id&user.fields=id,name,username,created_at&start_time=2021-11-30T09:00:00.00Z&end_time=2021-12-01T09:00:00.00Z&next_token=b26v89c19zqg8o3fpdy7of29s837gctvylkz2l6nqiyyl
[2021-12-05 15:56:26,263] {logging_mixin.py:112} WARNING - /home/kauai/datapipeline/venv/lib/python3.8/site-packages/urllib3/connectionpool.py:981: InsecureRequestWarning: Unverified HTTPS request is being made to host 'api.twitter.com'. Adding certificate verification is strongly advised. See: https://urllib3.readthedocs.io/en/latest/advanced-usage.html#ssl-warnings
  warnings.warn(
[2021-12-05 15:56:26,660] {twitter_hook.py:36} INFO - URL: https://api.twitter.com/2/tweets/search/recent?query=ChapecoenseReal&tweet.fields=author_id,conversation_id,created_at,id,in_reply_to_user_id,public_metrics,text&expansions=author_id&user.fields=id,name,username,created_at&start_time=2021-11-30T09:00:00.00Z&end_time=2021-12-01T09:00:00.00Z&next_token=b26v89c19zqg8o3fpdy7of29p79yeias9gjx7ryvudhml
[2021-12-05 15:56:26,660] {logging_mixin.py:112} WARNING - /home/kauai/datapipeline/venv/lib/python3.8/site-packages/urllib3/connectionpool.py:981: InsecureRequestWarning: Unverified HTTPS request is being made to host 'api.twitter.com'. Adding certificate verification is strongly advised. See: https://urllib3.readthedocs.io/en/latest/advanced-usage.html#ssl-warnings
  warnings.warn(
[2021-12-05 15:56:27,047] {twitter_hook.py:36} INFO - URL: https://api.twitter.com/2/tweets/search/recent?query=ChapecoenseReal&tweet.fields=author_id,conversation_id,created_at,id,in_reply_to_user_id,public_metrics,text&expansions=author_id&user.fields=id,name,username,created_at&start_time=2021-11-30T09:00:00.00Z&end_time=2021-12-01T09:00:00.00Z&next_token=b26v89c19zqg8o3fpdy7of29p67lx647d6501tv7prt6l
[2021-12-05 15:56:27,047] {logging_mixin.py:112} WARNING - /home/kauai/datapipeline/venv/lib/python3.8/site-packages/urllib3/connectionpool.py:981: InsecureRequestWarning: Unverified HTTPS request is being made to host 'api.twitter.com'. Adding certificate verification is strongly advised. See: https://urllib3.readthedocs.io/en/latest/advanced-usage.html#ssl-warnings
  warnings.warn(
[2021-12-05 15:56:27,418] {twitter_hook.py:36} INFO - URL: https://api.twitter.com/2/tweets/search/recent?query=ChapecoenseReal&tweet.fields=author_id,conversation_id,created_at,id,in_reply_to_user_id,public_metrics,text&expansions=author_id&user.fields=id,name,username,created_at&start_time=2021-11-30T09:00:00.00Z&end_time=2021-12-01T09:00:00.00Z&next_token=b26v89c19zqg8o3fpdy7of29npi7has20u8apa5v30xh9
[2021-12-05 15:56:27,420] {logging_mixin.py:112} WARNING - /home/kauai/datapipeline/venv/lib/python3.8/site-packages/urllib3/connectionpool.py:981: InsecureRequestWarning: Unverified HTTPS request is being made to host 'api.twitter.com'. Adding certificate verification is strongly advised. See: https://urllib3.readthedocs.io/en/latest/advanced-usage.html#ssl-warnings
  warnings.warn(
[2021-12-05 15:56:27,809] {twitter_hook.py:36} INFO - URL: https://api.twitter.com/2/tweets/search/recent?query=ChapecoenseReal&tweet.fields=author_id,conversation_id,created_at,id,in_reply_to_user_id,public_metrics,text&expansions=author_id&user.fields=id,name,username,created_at&start_time=2021-11-30T09:00:00.00Z&end_time=2021-12-01T09:00:00.00Z&next_token=b26v89c19zqg8o3fpdy7of29nongakeoh3uh9zyj6u1dp
[2021-12-05 15:56:27,809] {logging_mixin.py:112} WARNING - /home/kauai/datapipeline/venv/lib/python3.8/site-packages/urllib3/connectionpool.py:981: InsecureRequestWarning: Unverified HTTPS request is being made to host 'api.twitter.com'. Adding certificate verification is strongly advised. See: https://urllib3.readthedocs.io/en/latest/advanced-usage.html#ssl-warnings
  warnings.warn(
[2021-12-05 15:56:28,204] {twitter_hook.py:36} INFO - URL: https://api.twitter.com/2/tweets/search/recent?query=ChapecoenseReal&tweet.fields=author_id,conversation_id,created_at,id,in_reply_to_user_id,public_metrics,text&expansions=author_id&user.fields=id,name,username,created_at&start_time=2021-11-30T09:00:00.00Z&end_time=2021-12-01T09:00:00.00Z&next_token=b26v89c19zqg8o3fpdy7of1z5whpvc08nai4rkfnh6s8t
[2021-12-05 15:56:28,205] {logging_mixin.py:112} WARNING - /home/kauai/datapipeline/venv/lib/python3.8/site-packages/urllib3/connectionpool.py:981: InsecureRequestWarning: Unverified HTTPS request is being made to host 'api.twitter.com'. Adding certificate verification is strongly advised. See: https://urllib3.readthedocs.io/en/latest/advanced-usage.html#ssl-warnings
  warnings.warn(
[2021-12-05 15:56:28,625] {twitter_hook.py:36} INFO - URL: https://api.twitter.com/2/tweets/search/recent?query=ChapecoenseReal&tweet.fields=author_id,conversation_id,created_at,id,in_reply_to_user_id,public_metrics,text&expansions=author_id&user.fields=id,name,username,created_at&start_time=2021-11-30T09:00:00.00Z&end_time=2021-12-01T09:00:00.00Z&next_token=b26v89c19zqg8o3fpdy7of1z2v8v4ru0od8864zxwxcot
[2021-12-05 15:56:28,626] {logging_mixin.py:112} WARNING - /home/kauai/datapipeline/venv/lib/python3.8/site-packages/urllib3/connectionpool.py:981: InsecureRequestWarning: Unverified HTTPS request is being made to host 'api.twitter.com'. Adding certificate verification is strongly advised. See: https://urllib3.readthedocs.io/en/latest/advanced-usage.html#ssl-warnings
  warnings.warn(
[2021-12-05 15:56:29,013] {twitter_hook.py:36} INFO - URL: https://api.twitter.com/2/tweets/search/recent?query=ChapecoenseReal&tweet.fields=author_id,conversation_id,created_at,id,in_reply_to_user_id,public_metrics,text&expansions=author_id&user.fields=id,name,username,created_at&start_time=2021-11-30T09:00:00.00Z&end_time=2021-12-01T09:00:00.00Z&next_token=b26v89c19zqg8o3fpdy7of1z2tjdu1qc3fg3fkv0r381p
[2021-12-05 15:56:29,014] {logging_mixin.py:112} WARNING - /home/kauai/datapipeline/venv/lib/python3.8/site-packages/urllib3/connectionpool.py:981: InsecureRequestWarning: Unverified HTTPS request is being made to host 'api.twitter.com'. Adding certificate verification is strongly advised. See: https://urllib3.readthedocs.io/en/latest/advanced-usage.html#ssl-warnings
  warnings.warn(
[2021-12-05 15:56:29,411] {twitter_hook.py:36} INFO - URL: https://api.twitter.com/2/tweets/search/recent?query=ChapecoenseReal&tweet.fields=author_id,conversation_id,created_at,id,in_reply_to_user_id,public_metrics,text&expansions=author_id&user.fields=id,name,username,created_at&start_time=2021-11-30T09:00:00.00Z&end_time=2021-12-01T09:00:00.00Z&next_token=b26v89c19zqg8o3fpdy7of1yztctd2lrytojaqs3tksxp
[2021-12-05 15:56:29,412] {logging_mixin.py:112} WARNING - /home/kauai/datapipeline/venv/lib/python3.8/site-packages/urllib3/connectionpool.py:981: InsecureRequestWarning: Unverified HTTPS request is being made to host 'api.twitter.com'. Adding certificate verification is strongly advised. See: https://urllib3.readthedocs.io/en/latest/advanced-usage.html#ssl-warnings
  warnings.warn(
[2021-12-05 15:56:29,784] {twitter_hook.py:36} INFO - URL: https://api.twitter.com/2/tweets/search/recent?query=ChapecoenseReal&tweet.fields=author_id,conversation_id,created_at,id,in_reply_to_user_id,public_metrics,text&expansions=author_id&user.fields=id,name,username,created_at&start_time=2021-11-30T09:00:00.00Z&end_time=2021-12-01T09:00:00.00Z&next_token=b26v89c19zqg8o3fpdy7of1yzsaj2pzb4zq36mw4er5od
[2021-12-05 15:56:29,784] {logging_mixin.py:112} WARNING - /home/kauai/datapipeline/venv/lib/python3.8/site-packages/urllib3/connectionpool.py:981: InsecureRequestWarning: Unverified HTTPS request is being made to host 'api.twitter.com'. Adding certificate verification is strongly advised. See: https://urllib3.readthedocs.io/en/latest/advanced-usage.html#ssl-warnings
  warnings.warn(
[2021-12-05 15:56:30,198] {twitter_hook.py:36} INFO - URL: https://api.twitter.com/2/tweets/search/recent?query=ChapecoenseReal&tweet.fields=author_id,conversation_id,created_at,id,in_reply_to_user_id,public_metrics,text&expansions=author_id&user.fields=id,name,username,created_at&start_time=2021-11-30T09:00:00.00Z&end_time=2021-12-01T09:00:00.00Z&next_token=b26v89c19zqg8o3fpdy7of1yy9o6ekwospu3rhk6ewewt
[2021-12-05 15:56:30,199] {logging_mixin.py:112} WARNING - /home/kauai/datapipeline/venv/lib/python3.8/site-packages/urllib3/connectionpool.py:981: InsecureRequestWarning: Unverified HTTPS request is being made to host 'api.twitter.com'. Adding certificate verification is strongly advised. See: https://urllib3.readthedocs.io/en/latest/advanced-usage.html#ssl-warnings
  warnings.warn(
[2021-12-05 15:56:30,575] {twitter_hook.py:36} INFO - URL: https://api.twitter.com/2/tweets/search/recent?query=ChapecoenseReal&tweet.fields=author_id,conversation_id,created_at,id,in_reply_to_user_id,public_metrics,text&expansions=author_id&user.fields=id,name,username,created_at&start_time=2021-11-30T09:00:00.00Z&end_time=2021-12-01T09:00:00.00Z&next_token=b26v89c19zqg8o3fpdy7of1yv9pdpu3d0j3a6i0srrtdp
[2021-12-05 15:56:30,576] {logging_mixin.py:112} WARNING - /home/kauai/datapipeline/venv/lib/python3.8/site-packages/urllib3/connectionpool.py:981: InsecureRequestWarning: Unverified HTTPS request is being made to host 'api.twitter.com'. Adding certificate verification is strongly advised. See: https://urllib3.readthedocs.io/en/latest/advanced-usage.html#ssl-warnings
  warnings.warn(
[2021-12-05 15:56:31,015] {twitter_hook.py:36} INFO - URL: https://api.twitter.com/2/tweets/search/recent?query=ChapecoenseReal&tweet.fields=author_id,conversation_id,created_at,id,in_reply_to_user_id,public_metrics,text&expansions=author_id&user.fields=id,name,username,created_at&start_time=2021-11-30T09:00:00.00Z&end_time=2021-12-01T09:00:00.00Z&next_token=b26v89c19zqg8o3fpdy7of1oezb17csclroy2bt2mrg59
[2021-12-05 15:56:31,016] {logging_mixin.py:112} WARNING - /home/kauai/datapipeline/venv/lib/python3.8/site-packages/urllib3/connectionpool.py:981: InsecureRequestWarning: Unverified HTTPS request is being made to host 'api.twitter.com'. Adding certificate verification is strongly advised. See: https://urllib3.readthedocs.io/en/latest/advanced-usage.html#ssl-warnings
  warnings.warn(
[2021-12-05 15:56:31,390] {twitter_hook.py:36} INFO - URL: https://api.twitter.com/2/tweets/search/recent?query=ChapecoenseReal&tweet.fields=author_id,conversation_id,created_at,id,in_reply_to_user_id,public_metrics,text&expansions=author_id&user.fields=id,name,username,created_at&start_time=2021-11-30T09:00:00.00Z&end_time=2021-12-01T09:00:00.00Z&next_token=b26v89c19zqg8o3fpdy7of1obya1h2mo6nx3t3qb9mnp9
[2021-12-05 15:56:31,390] {logging_mixin.py:112} WARNING - /home/kauai/datapipeline/venv/lib/python3.8/site-packages/urllib3/connectionpool.py:981: InsecureRequestWarning: Unverified HTTPS request is being made to host 'api.twitter.com'. Adding certificate verification is strongly advised. See: https://urllib3.readthedocs.io/en/latest/advanced-usage.html#ssl-warnings
  warnings.warn(
[2021-12-05 15:56:31,820] {twitter_hook.py:36} INFO - URL: https://api.twitter.com/2/tweets/search/recent?query=ChapecoenseReal&tweet.fields=author_id,conversation_id,created_at,id,in_reply_to_user_id,public_metrics,text&expansions=author_id&user.fields=id,name,username,created_at&start_time=2021-11-30T09:00:00.00Z&end_time=2021-12-01T09:00:00.00Z&next_token=b26v89c19zqg8o3fpdy7of1o8x15lyd74b5w9xp1ogdq5
[2021-12-05 15:56:31,820] {logging_mixin.py:112} WARNING - /home/kauai/datapipeline/venv/lib/python3.8/site-packages/urllib3/connectionpool.py:981: InsecureRequestWarning: Unverified HTTPS request is being made to host 'api.twitter.com'. Adding certificate verification is strongly advised. See: https://urllib3.readthedocs.io/en/latest/advanced-usage.html#ssl-warnings
  warnings.warn(
[2021-12-05 15:56:32,290] {twitter_hook.py:36} INFO - URL: https://api.twitter.com/2/tweets/search/recent?query=ChapecoenseReal&tweet.fields=author_id,conversation_id,created_at,id,in_reply_to_user_id,public_metrics,text&expansions=author_id&user.fields=id,name,username,created_at&start_time=2021-11-30T09:00:00.00Z&end_time=2021-12-01T09:00:00.00Z&next_token=b26v89c19zqg8o3fpdy7of1o8vypwpr5lf9vpcem0eef1
[2021-12-05 15:56:32,291] {logging_mixin.py:112} WARNING - /home/kauai/datapipeline/venv/lib/python3.8/site-packages/urllib3/connectionpool.py:981: InsecureRequestWarning: Unverified HTTPS request is being made to host 'api.twitter.com'. Adding certificate verification is strongly advised. See: https://urllib3.readthedocs.io/en/latest/advanced-usage.html#ssl-warnings
  warnings.warn(
[2021-12-05 15:56:32,704] {twitter_hook.py:36} INFO - URL: https://api.twitter.com/2/tweets/search/recent?query=ChapecoenseReal&tweet.fields=author_id,conversation_id,created_at,id,in_reply_to_user_id,public_metrics,text&expansions=author_id&user.fields=id,name,username,created_at&start_time=2021-11-30T09:00:00.00Z&end_time=2021-12-01T09:00:00.00Z&next_token=b26v89c19zqg8o3fpdy7of1o4cqiz3iyr0e6apyl2070d
[2021-12-05 15:56:32,705] {logging_mixin.py:112} WARNING - /home/kauai/datapipeline/venv/lib/python3.8/site-packages/urllib3/connectionpool.py:981: InsecureRequestWarning: Unverified HTTPS request is being made to host 'api.twitter.com'. Adding certificate verification is strongly advised. See: https://urllib3.readthedocs.io/en/latest/advanced-usage.html#ssl-warnings
  warnings.warn(
[2021-12-05 15:56:33,116] {twitter_hook.py:36} INFO - URL: https://api.twitter.com/2/tweets/search/recent?query=ChapecoenseReal&tweet.fields=author_id,conversation_id,created_at,id,in_reply_to_user_id,public_metrics,text&expansions=author_id&user.fields=id,name,username,created_at&start_time=2021-11-30T09:00:00.00Z&end_time=2021-12-01T09:00:00.00Z&next_token=b26v89c19zqg8o3fpdy7of1o1b2dc8d1l8aabtdfyfn25
[2021-12-05 15:56:33,117] {logging_mixin.py:112} WARNING - /home/kauai/datapipeline/venv/lib/python3.8/site-packages/urllib3/connectionpool.py:981: InsecureRequestWarning: Unverified HTTPS request is being made to host 'api.twitter.com'. Adding certificate verification is strongly advised. See: https://urllib3.readthedocs.io/en/latest/advanced-usage.html#ssl-warnings
  warnings.warn(
[2021-12-05 15:56:33,527] {twitter_hook.py:36} INFO - URL: https://api.twitter.com/2/tweets/search/recent?query=ChapecoenseReal&tweet.fields=author_id,conversation_id,created_at,id,in_reply_to_user_id,public_metrics,text&expansions=author_id&user.fields=id,name,username,created_at&start_time=2021-11-30T09:00:00.00Z&end_time=2021-12-01T09:00:00.00Z&next_token=b26v89c19zqg8o3fpdy7of1dmj2xmmrucj9wyjwbhggal
[2021-12-05 15:56:33,529] {logging_mixin.py:112} WARNING - /home/kauai/datapipeline/venv/lib/python3.8/site-packages/urllib3/connectionpool.py:981: InsecureRequestWarning: Unverified HTTPS request is being made to host 'api.twitter.com'. Adding certificate verification is strongly advised. See: https://urllib3.readthedocs.io/en/latest/advanced-usage.html#ssl-warnings
  warnings.warn(
[2021-12-05 15:56:33,911] {twitter_hook.py:36} INFO - URL: https://api.twitter.com/2/tweets/search/recent?query=ChapecoenseReal&tweet.fields=author_id,conversation_id,created_at,id,in_reply_to_user_id,public_metrics,text&expansions=author_id&user.fields=id,name,username,created_at&start_time=2021-11-30T09:00:00.00Z&end_time=2021-12-01T09:00:00.00Z&next_token=b26v89c19zqg8o3fpdy7of1djioxaumsarb1vam42iyyl
[2021-12-05 15:56:33,911] {logging_mixin.py:112} WARNING - /home/kauai/datapipeline/venv/lib/python3.8/site-packages/urllib3/connectionpool.py:981: InsecureRequestWarning: Unverified HTTPS request is being made to host 'api.twitter.com'. Adding certificate verification is strongly advised. See: https://urllib3.readthedocs.io/en/latest/advanced-usage.html#ssl-warnings
  warnings.warn(
[2021-12-05 15:56:34,398] {twitter_hook.py:36} INFO - URL: https://api.twitter.com/2/tweets/search/recent?query=ChapecoenseReal&tweet.fields=author_id,conversation_id,created_at,id,in_reply_to_user_id,public_metrics,text&expansions=author_id&user.fields=id,name,username,created_at&start_time=2021-11-30T09:00:00.00Z&end_time=2021-12-01T09:00:00.00Z&next_token=b26v89c19zqg8o3fpdy7of12o22gen9mgh976n4duqq2l
[2021-12-05 15:56:34,399] {logging_mixin.py:112} WARNING - /home/kauai/datapipeline/venv/lib/python3.8/site-packages/urllib3/connectionpool.py:981: InsecureRequestWarning: Unverified HTTPS request is being made to host 'api.twitter.com'. Adding certificate verification is strongly advised. See: https://urllib3.readthedocs.io/en/latest/advanced-usage.html#ssl-warnings
  warnings.warn(
[2021-12-05 15:56:34,809] {twitter_hook.py:36} INFO - URL: https://api.twitter.com/2/tweets/search/recent?query=ChapecoenseReal&tweet.fields=author_id,conversation_id,created_at,id,in_reply_to_user_id,public_metrics,text&expansions=author_id&user.fields=id,name,username,created_at&start_time=2021-11-30T09:00:00.00Z&end_time=2021-12-01T09:00:00.00Z&next_token=b26v89c19zqg8o3fpdy7ocz1mkhhqyt1tdqm7u6sk5da5
[2021-12-05 15:56:34,809] {logging_mixin.py:112} WARNING - /home/kauai/datapipeline/venv/lib/python3.8/site-packages/urllib3/connectionpool.py:981: InsecureRequestWarning: Unverified HTTPS request is being made to host 'api.twitter.com'. Adding certificate verification is strongly advised. See: https://urllib3.readthedocs.io/en/latest/advanced-usage.html#ssl-warnings
  warnings.warn(
[2021-12-05 15:56:35,207] {twitter_hook.py:36} INFO - URL: https://api.twitter.com/2/tweets/search/recent?query=ChapecoenseReal&tweet.fields=author_id,conversation_id,created_at,id,in_reply_to_user_id,public_metrics,text&expansions=author_id&user.fields=id,name,username,created_at&start_time=2021-11-30T09:00:00.00Z&end_time=2021-12-01T09:00:00.00Z&next_token=b26v89c19zqg8o3fpdy7ocyr063uivsel41clj3r0s1a5
[2021-12-05 15:56:35,207] {logging_mixin.py:112} WARNING - /home/kauai/datapipeline/venv/lib/python3.8/site-packages/urllib3/connectionpool.py:981: InsecureRequestWarning: Unverified HTTPS request is being made to host 'api.twitter.com'. Adding certificate verification is strongly advised. See: https://urllib3.readthedocs.io/en/latest/advanced-usage.html#ssl-warnings
  warnings.warn(
[2021-12-05 15:56:35,658] {twitter_hook.py:36} INFO - URL: https://api.twitter.com/2/tweets/search/recent?query=ChapecoenseReal&tweet.fields=author_id,conversation_id,created_at,id,in_reply_to_user_id,public_metrics,text&expansions=author_id&user.fields=id,name,username,created_at&start_time=2021-11-30T09:00:00.00Z&end_time=2021-12-01T09:00:00.00Z&next_token=b26v89c19zqg8o3fpdy7ocyqpjqudbz5b9qmo4y3oml4t
[2021-12-05 15:56:35,660] {logging_mixin.py:112} WARNING - /home/kauai/datapipeline/venv/lib/python3.8/site-packages/urllib3/connectionpool.py:981: InsecureRequestWarning: Unverified HTTPS request is being made to host 'api.twitter.com'. Adding certificate verification is strongly advised. See: https://urllib3.readthedocs.io/en/latest/advanced-usage.html#ssl-warnings
  warnings.warn(
[2021-12-05 15:56:36,064] {twitter_hook.py:36} INFO - URL: https://api.twitter.com/2/tweets/search/recent?query=ChapecoenseReal&tweet.fields=author_id,conversation_id,created_at,id,in_reply_to_user_id,public_metrics,text&expansions=author_id&user.fields=id,name,username,created_at&start_time=2021-11-30T09:00:00.00Z&end_time=2021-12-01T09:00:00.00Z&next_token=b26v89c19zqg8o3fpdy7ocyg073xx5p2glcmr3eqortz1
[2021-12-05 15:56:36,064] {logging_mixin.py:112} WARNING - /home/kauai/datapipeline/venv/lib/python3.8/site-packages/urllib3/connectionpool.py:981: InsecureRequestWarning: Unverified HTTPS request is being made to host 'api.twitter.com'. Adding certificate verification is strongly advised. See: https://urllib3.readthedocs.io/en/latest/advanced-usage.html#ssl-warnings
  warnings.warn(
[2021-12-05 15:56:36,496] {twitter_hook.py:36} INFO - URL: https://api.twitter.com/2/tweets/search/recent?query=ChapecoenseReal&tweet.fields=author_id,conversation_id,created_at,id,in_reply_to_user_id,public_metrics,text&expansions=author_id&user.fields=id,name,username,created_at&start_time=2021-11-30T09:00:00.00Z&end_time=2021-12-01T09:00:00.00Z&next_token=b26v89c19zqg8o3fpdy7ocy54qa3bgygwq8ynrvt4vibh
[2021-12-05 15:56:36,497] {logging_mixin.py:112} WARNING - /home/kauai/datapipeline/venv/lib/python3.8/site-packages/urllib3/connectionpool.py:981: InsecureRequestWarning: Unverified HTTPS request is being made to host 'api.twitter.com'. Adding certificate verification is strongly advised. See: https://urllib3.readthedocs.io/en/latest/advanced-usage.html#ssl-warnings
  warnings.warn(
[2021-12-05 15:56:36,972] {twitter_hook.py:36} INFO - URL: https://api.twitter.com/2/tweets/search/recent?query=ChapecoenseReal&tweet.fields=author_id,conversation_id,created_at,id,in_reply_to_user_id,public_metrics,text&expansions=author_id&user.fields=id,name,username,created_at&start_time=2021-11-30T09:00:00.00Z&end_time=2021-12-01T09:00:00.00Z&next_token=b26v89c19zqg8o3fpdy7ocxulf2fkgb1tshlyogbba64d
[2021-12-05 15:56:36,972] {logging_mixin.py:112} WARNING - /home/kauai/datapipeline/venv/lib/python3.8/site-packages/urllib3/connectionpool.py:981: InsecureRequestWarning: Unverified HTTPS request is being made to host 'api.twitter.com'. Adding certificate verification is strongly advised. See: https://urllib3.readthedocs.io/en/latest/advanced-usage.html#ssl-warnings
  warnings.warn(
[2021-12-05 15:56:37,426] {twitter_hook.py:36} INFO - URL: https://api.twitter.com/2/tweets/search/recent?query=ChapecoenseReal&tweet.fields=author_id,conversation_id,created_at,id,in_reply_to_user_id,public_metrics,text&expansions=author_id&user.fields=id,name,username,created_at&start_time=2021-11-30T09:00:00.00Z&end_time=2021-12-01T09:00:00.00Z&next_token=b26v89c19zqg8o3fpdy7ocxjjvitytds9l1dy9x0trmv1
[2021-12-05 15:56:37,427] {logging_mixin.py:112} WARNING - /home/kauai/datapipeline/venv/lib/python3.8/site-packages/urllib3/connectionpool.py:981: InsecureRequestWarning: Unverified HTTPS request is being made to host 'api.twitter.com'. Adding certificate verification is strongly advised. See: https://urllib3.readthedocs.io/en/latest/advanced-usage.html#ssl-warnings
  warnings.warn(
[2021-12-05 15:56:37,858] {twitter_hook.py:36} INFO - URL: https://api.twitter.com/2/tweets/search/recent?query=ChapecoenseReal&tweet.fields=author_id,conversation_id,created_at,id,in_reply_to_user_id,public_metrics,text&expansions=author_id&user.fields=id,name,username,created_at&start_time=2021-11-30T09:00:00.00Z&end_time=2021-12-01T09:00:00.00Z&next_token=b26v89c19zqg8o3fpdy7ocx8z1hcl7jb41uxmckytp665
[2021-12-05 15:56:37,859] {logging_mixin.py:112} WARNING - /home/kauai/datapipeline/venv/lib/python3.8/site-packages/urllib3/connectionpool.py:981: InsecureRequestWarning: Unverified HTTPS request is being made to host 'api.twitter.com'. Adding certificate verification is strongly advised. See: https://urllib3.readthedocs.io/en/latest/advanced-usage.html#ssl-warnings
  warnings.warn(
[2021-12-05 15:56:38,276] {twitter_hook.py:36} INFO - URL: https://api.twitter.com/2/tweets/search/recent?query=ChapecoenseReal&tweet.fields=author_id,conversation_id,created_at,id,in_reply_to_user_id,public_metrics,text&expansions=author_id&user.fields=id,name,username,created_at&start_time=2021-11-30T09:00:00.00Z&end_time=2021-12-01T09:00:00.00Z&next_token=b26v89c19zqg8o3fpdy7ocwy52u7wifrs9a36pglugcxp
[2021-12-05 15:56:38,277] {logging_mixin.py:112} WARNING - /home/kauai/datapipeline/venv/lib/python3.8/site-packages/urllib3/connectionpool.py:981: InsecureRequestWarning: Unverified HTTPS request is being made to host 'api.twitter.com'. Adding certificate verification is strongly advised. See: https://urllib3.readthedocs.io/en/latest/advanced-usage.html#ssl-warnings
  warnings.warn(
[2021-12-05 15:56:38,726] {twitter_hook.py:36} INFO - URL: https://api.twitter.com/2/tweets/search/recent?query=ChapecoenseReal&tweet.fields=author_id,conversation_id,created_at,id,in_reply_to_user_id,public_metrics,text&expansions=author_id&user.fields=id,name,username,created_at&start_time=2021-11-30T09:00:00.00Z&end_time=2021-12-01T09:00:00.00Z&next_token=b26v89c19zqg8o3fpdy7ocwne631p6xyo76bdy007aa9p
[2021-12-05 15:56:38,726] {logging_mixin.py:112} WARNING - /home/kauai/datapipeline/venv/lib/python3.8/site-packages/urllib3/connectionpool.py:981: InsecureRequestWarning: Unverified HTTPS request is being made to host 'api.twitter.com'. Adding certificate verification is strongly advised. See: https://urllib3.readthedocs.io/en/latest/advanced-usage.html#ssl-warnings
  warnings.warn(
[2021-12-05 15:56:39,164] {twitter_hook.py:36} INFO - URL: https://api.twitter.com/2/tweets/search/recent?query=ChapecoenseReal&tweet.fields=author_id,conversation_id,created_at,id,in_reply_to_user_id,public_metrics,text&expansions=author_id&user.fields=id,name,username,created_at&start_time=2021-11-30T09:00:00.00Z&end_time=2021-12-01T09:00:00.00Z&next_token=b26v89c19zqg8o3fpdy7ocwclqa6uoyhr5m9tygccdail
[2021-12-05 15:56:39,165] {logging_mixin.py:112} WARNING - /home/kauai/datapipeline/venv/lib/python3.8/site-packages/urllib3/connectionpool.py:981: InsecureRequestWarning: Unverified HTTPS request is being made to host 'api.twitter.com'. Adding certificate verification is strongly advised. See: https://urllib3.readthedocs.io/en/latest/advanced-usage.html#ssl-warnings
  warnings.warn(
[2021-12-05 15:56:39,576] {twitter_hook.py:36} INFO - URL: https://api.twitter.com/2/tweets/search/recent?query=ChapecoenseReal&tweet.fields=author_id,conversation_id,created_at,id,in_reply_to_user_id,public_metrics,text&expansions=author_id&user.fields=id,name,username,created_at&start_time=2021-11-30T09:00:00.00Z&end_time=2021-12-01T09:00:00.00Z&next_token=b26v89c19zqg8o3fpdy7oaubnb0c5mzvqg9fzb3fs1gu5
[2021-12-05 15:56:39,576] {logging_mixin.py:112} WARNING - /home/kauai/datapipeline/venv/lib/python3.8/site-packages/urllib3/connectionpool.py:981: InsecureRequestWarning: Unverified HTTPS request is being made to host 'api.twitter.com'. Adding certificate verification is strongly advised. See: https://urllib3.readthedocs.io/en/latest/advanced-usage.html#ssl-warnings
  warnings.warn(
[2021-12-05 15:56:39,968] {twitter_hook.py:36} INFO - URL: https://api.twitter.com/2/tweets/search/recent?query=ChapecoenseReal&tweet.fields=author_id,conversation_id,created_at,id,in_reply_to_user_id,public_metrics,text&expansions=author_id&user.fields=id,name,username,created_at&start_time=2021-11-30T09:00:00.00Z&end_time=2021-12-01T09:00:00.00Z&next_token=b26v89c19zqg8o3fpdy7oaubh7vn93l4xjmgkdtc5twu5
[2021-12-05 15:56:39,969] {logging_mixin.py:112} WARNING - /home/kauai/datapipeline/venv/lib/python3.8/site-packages/urllib3/connectionpool.py:981: InsecureRequestWarning: Unverified HTTPS request is being made to host 'api.twitter.com'. Adding certificate verification is strongly advised. See: https://urllib3.readthedocs.io/en/latest/advanced-usage.html#ssl-warnings
  warnings.warn(
[2021-12-05 15:56:40,412] {twitter_hook.py:36} INFO - URL: https://api.twitter.com/2/tweets/search/recent?query=ChapecoenseReal&tweet.fields=author_id,conversation_id,created_at,id,in_reply_to_user_id,public_metrics,text&expansions=author_id&user.fields=id,name,username,created_at&start_time=2021-11-30T09:00:00.00Z&end_time=2021-12-01T09:00:00.00Z&next_token=b26v89c19zqg8o3fpdy7oau0td89ge44ota6v1ni6zfy5
[2021-12-05 15:56:40,412] {logging_mixin.py:112} WARNING - /home/kauai/datapipeline/venv/lib/python3.8/site-packages/urllib3/connectionpool.py:981: InsecureRequestWarning: Unverified HTTPS request is being made to host 'api.twitter.com'. Adding certificate verification is strongly advised. See: https://urllib3.readthedocs.io/en/latest/advanced-usage.html#ssl-warnings
  warnings.warn(
[2021-12-05 15:56:40,870] {twitter_hook.py:36} INFO - URL: https://api.twitter.com/2/tweets/search/recent?query=ChapecoenseReal&tweet.fields=author_id,conversation_id,created_at,id,in_reply_to_user_id,public_metrics,text&expansions=author_id&user.fields=id,name,username,created_at&start_time=2021-11-30T09:00:00.00Z&end_time=2021-12-01T09:00:00.00Z&next_token=b26v89c19zqg8o3fpdy7oau0osaeqf5n4n5orvfmp2e7x
[2021-12-05 15:56:40,871] {logging_mixin.py:112} WARNING - /home/kauai/datapipeline/venv/lib/python3.8/site-packages/urllib3/connectionpool.py:981: InsecureRequestWarning: Unverified HTTPS request is being made to host 'api.twitter.com'. Adding certificate verification is strongly advised. See: https://urllib3.readthedocs.io/en/latest/advanced-usage.html#ssl-warnings
  warnings.warn(
[2021-12-05 15:56:41,291] {twitter_hook.py:36} INFO - URL: https://api.twitter.com/2/tweets/search/recent?query=ChapecoenseReal&tweet.fields=author_id,conversation_id,created_at,id,in_reply_to_user_id,public_metrics,text&expansions=author_id&user.fields=id,name,username,created_at&start_time=2021-11-30T09:00:00.00Z&end_time=2021-12-01T09:00:00.00Z&next_token=b26v89c19zqg8o3fpdy7oau0k8f8eluki4nshsjopdwu5
[2021-12-05 15:56:41,291] {logging_mixin.py:112} WARNING - /home/kauai/datapipeline/venv/lib/python3.8/site-packages/urllib3/connectionpool.py:981: InsecureRequestWarning: Unverified HTTPS request is being made to host 'api.twitter.com'. Adding certificate verification is strongly advised. See: https://urllib3.readthedocs.io/en/latest/advanced-usage.html#ssl-warnings
  warnings.warn(
[2021-12-05 15:56:41,703] {twitter_hook.py:36} INFO - URL: https://api.twitter.com/2/tweets/search/recent?query=ChapecoenseReal&tweet.fields=author_id,conversation_id,created_at,id,in_reply_to_user_id,public_metrics,text&expansions=author_id&user.fields=id,name,username,created_at&start_time=2021-11-30T09:00:00.00Z&end_time=2021-12-01T09:00:00.00Z&next_token=b26v89c19zqg8o3fpdy7oatq0wkj3gr32v907slborrst
[2021-12-05 15:56:41,704] {logging_mixin.py:112} WARNING - /home/kauai/datapipeline/venv/lib/python3.8/site-packages/urllib3/connectionpool.py:981: InsecureRequestWarning: Unverified HTTPS request is being made to host 'api.twitter.com'. Adding certificate verification is strongly advised. See: https://urllib3.readthedocs.io/en/latest/advanced-usage.html#ssl-warnings
  warnings.warn(
[2021-12-05 15:56:42,138] {twitter_hook.py:36} INFO - URL: https://api.twitter.com/2/tweets/search/recent?query=ChapecoenseReal&tweet.fields=author_id,conversation_id,created_at,id,in_reply_to_user_id,public_metrics,text&expansions=author_id&user.fields=id,name,username,created_at&start_time=2021-11-30T09:00:00.00Z&end_time=2021-12-01T09:00:00.00Z&next_token=b26v89c19zqg8o3fpdy7oatprsmhuw3ottm5sk5ecbqt9
[2021-12-05 15:56:42,139] {logging_mixin.py:112} WARNING - /home/kauai/datapipeline/venv/lib/python3.8/site-packages/urllib3/connectionpool.py:981: InsecureRequestWarning: Unverified HTTPS request is being made to host 'api.twitter.com'. Adding certificate verification is strongly advised. See: https://urllib3.readthedocs.io/en/latest/advanced-usage.html#ssl-warnings
  warnings.warn(
[2021-12-05 15:56:42,567] {twitter_hook.py:36} INFO - URL: https://api.twitter.com/2/tweets/search/recent?query=ChapecoenseReal&tweet.fields=author_id,conversation_id,created_at,id,in_reply_to_user_id,public_metrics,text&expansions=author_id&user.fields=id,name,username,created_at&start_time=2021-11-30T09:00:00.00Z&end_time=2021-12-01T09:00:00.00Z&next_token=b26v89c19zqg8o3fpdy7oatf8hu9cha25sink5j4sao3h
[2021-12-05 15:56:42,568] {logging_mixin.py:112} WARNING - /home/kauai/datapipeline/venv/lib/python3.8/site-packages/urllib3/connectionpool.py:981: InsecureRequestWarning: Unverified HTTPS request is being made to host 'api.twitter.com'. Adding certificate verification is strongly advised. See: https://urllib3.readthedocs.io/en/latest/advanced-usage.html#ssl-warnings
  warnings.warn(
[2021-12-05 15:56:42,957] {twitter_hook.py:36} INFO - URL: https://api.twitter.com/2/tweets/search/recent?query=ChapecoenseReal&tweet.fields=author_id,conversation_id,created_at,id,in_reply_to_user_id,public_metrics,text&expansions=author_id&user.fields=id,name,username,created_at&start_time=2021-11-30T09:00:00.00Z&end_time=2021-12-01T09:00:00.00Z&next_token=b26v89c19zqg8o3fpdy7oatf2fcn3k3tl0hmermf5mxdp
[2021-12-05 15:56:42,957] {logging_mixin.py:112} WARNING - /home/kauai/datapipeline/venv/lib/python3.8/site-packages/urllib3/connectionpool.py:981: InsecureRequestWarning: Unverified HTTPS request is being made to host 'api.twitter.com'. Adding certificate verification is strongly advised. See: https://urllib3.readthedocs.io/en/latest/advanced-usage.html#ssl-warnings
  warnings.warn(
[2021-12-05 15:56:43,347] {twitter_hook.py:36} INFO - URL: https://api.twitter.com/2/tweets/search/recent?query=ChapecoenseReal&tweet.fields=author_id,conversation_id,created_at,id,in_reply_to_user_id,public_metrics,text&expansions=author_id&user.fields=id,name,username,created_at&start_time=2021-11-30T09:00:00.00Z&end_time=2021-12-01T09:00:00.00Z&next_token=b26v89c19zqg8o3fpdy7oat4hliascd586ekd3jd0tfnh
[2021-12-05 15:56:43,348] {logging_mixin.py:112} WARNING - /home/kauai/datapipeline/venv/lib/python3.8/site-packages/urllib3/connectionpool.py:981: InsecureRequestWarning: Unverified HTTPS request is being made to host 'api.twitter.com'. Adding certificate verification is strongly advised. See: https://urllib3.readthedocs.io/en/latest/advanced-usage.html#ssl-warnings
  warnings.warn(
[2021-12-05 15:56:43,776] {twitter_hook.py:36} INFO - URL: https://api.twitter.com/2/tweets/search/recent?query=ChapecoenseReal&tweet.fields=author_id,conversation_id,created_at,id,in_reply_to_user_id,public_metrics,text&expansions=author_id&user.fields=id,name,username,created_at&start_time=2021-11-30T09:00:00.00Z&end_time=2021-12-01T09:00:00.00Z&next_token=b26v89c19zqg8o3fpdy7oat4g28wjmkit8ruha5ngkhod
[2021-12-05 15:56:43,776] {logging_mixin.py:112} WARNING - /home/kauai/datapipeline/venv/lib/python3.8/site-packages/urllib3/connectionpool.py:981: InsecureRequestWarning: Unverified HTTPS request is being made to host 'api.twitter.com'. Adding certificate verification is strongly advised. See: https://urllib3.readthedocs.io/en/latest/advanced-usage.html#ssl-warnings
  warnings.warn(
[2021-12-05 15:56:44,199] {twitter_hook.py:36} INFO - URL: https://api.twitter.com/2/tweets/search/recent?query=ChapecoenseReal&tweet.fields=author_id,conversation_id,created_at,id,in_reply_to_user_id,public_metrics,text&expansions=author_id&user.fields=id,name,username,created_at&start_time=2021-11-30T09:00:00.00Z&end_time=2021-12-01T09:00:00.00Z&next_token=b26v89c19zqg8o3fpdy7oat4a0e9pcy1v78x1u66t1s3h
[2021-12-05 15:56:44,200] {logging_mixin.py:112} WARNING - /home/kauai/datapipeline/venv/lib/python3.8/site-packages/urllib3/connectionpool.py:981: InsecureRequestWarning: Unverified HTTPS request is being made to host 'api.twitter.com'. Adding certificate verification is strongly advised. See: https://urllib3.readthedocs.io/en/latest/advanced-usage.html#ssl-warnings
  warnings.warn(
[2021-12-05 15:56:44,643] {twitter_hook.py:36} INFO - URL: https://api.twitter.com/2/tweets/search/recent?query=ChapecoenseReal&tweet.fields=author_id,conversation_id,created_at,id,in_reply_to_user_id,public_metrics,text&expansions=author_id&user.fields=id,name,username,created_at&start_time=2021-11-30T09:00:00.00Z&end_time=2021-12-01T09:00:00.00Z&next_token=b26v89c19zqg8o3fpdy7oat45g3sghayzo9kxssx368al
[2021-12-05 15:56:44,644] {logging_mixin.py:112} WARNING - /home/kauai/datapipeline/venv/lib/python3.8/site-packages/urllib3/connectionpool.py:981: InsecureRequestWarning: Unverified HTTPS request is being made to host 'api.twitter.com'. Adding certificate verification is strongly advised. See: https://urllib3.readthedocs.io/en/latest/advanced-usage.html#ssl-warnings
  warnings.warn(
[2021-12-05 15:56:45,062] {twitter_hook.py:36} INFO - URL: https://api.twitter.com/2/tweets/search/recent?query=ChapecoenseReal&tweet.fields=author_id,conversation_id,created_at,id,in_reply_to_user_id,public_metrics,text&expansions=author_id&user.fields=id,name,username,created_at&start_time=2021-11-30T09:00:00.00Z&end_time=2021-12-01T09:00:00.00Z&next_token=b26v89c19zqg8o3fpdy7oastp6cjnfw5resl47i3qnypp
[2021-12-05 15:56:45,062] {logging_mixin.py:112} WARNING - /home/kauai/datapipeline/venv/lib/python3.8/site-packages/urllib3/connectionpool.py:981: InsecureRequestWarning: Unverified HTTPS request is being made to host 'api.twitter.com'. Adding certificate verification is strongly advised. See: https://urllib3.readthedocs.io/en/latest/advanced-usage.html#ssl-warnings
  warnings.warn(
[2021-12-05 15:56:45,491] {twitter_hook.py:36} INFO - URL: https://api.twitter.com/2/tweets/search/recent?query=ChapecoenseReal&tweet.fields=author_id,conversation_id,created_at,id,in_reply_to_user_id,public_metrics,text&expansions=author_id&user.fields=id,name,username,created_at&start_time=2021-11-30T09:00:00.00Z&end_time=2021-12-01T09:00:00.00Z&next_token=b26v89c19zqg8o3fpdy7oastkm9kgyszhk88b3c7a1ail
[2021-12-05 15:56:45,492] {logging_mixin.py:112} WARNING - /home/kauai/datapipeline/venv/lib/python3.8/site-packages/urllib3/connectionpool.py:981: InsecureRequestWarning: Unverified HTTPS request is being made to host 'api.twitter.com'. Adding certificate verification is strongly advised. See: https://urllib3.readthedocs.io/en/latest/advanced-usage.html#ssl-warnings
  warnings.warn(
[2021-12-05 15:56:45,927] {twitter_hook.py:36} INFO - URL: https://api.twitter.com/2/tweets/search/recent?query=ChapecoenseReal&tweet.fields=author_id,conversation_id,created_at,id,in_reply_to_user_id,public_metrics,text&expansions=author_id&user.fields=id,name,username,created_at&start_time=2021-11-30T09:00:00.00Z&end_time=2021-12-01T09:00:00.00Z&next_token=b26v89c19zqg8o3fpdy7oastbiyint5i0wn46rhn6p5dp
[2021-12-05 15:56:45,927] {logging_mixin.py:112} WARNING - /home/kauai/datapipeline/venv/lib/python3.8/site-packages/urllib3/connectionpool.py:981: InsecureRequestWarning: Unverified HTTPS request is being made to host 'api.twitter.com'. Adding certificate verification is strongly advised. See: https://urllib3.readthedocs.io/en/latest/advanced-usage.html#ssl-warnings
  warnings.warn(
[2021-12-05 15:56:46,359] {twitter_hook.py:36} INFO - URL: https://api.twitter.com/2/tweets/search/recent?query=ChapecoenseReal&tweet.fields=author_id,conversation_id,created_at,id,in_reply_to_user_id,public_metrics,text&expansions=author_id&user.fields=id,name,username,created_at&start_time=2021-11-30T09:00:00.00Z&end_time=2021-12-01T09:00:00.00Z&next_token=b26v89c19zqg8o3fpdy7oasitp38rrrtsmgoh6g9ebekd
[2021-12-05 15:56:46,360] {logging_mixin.py:112} WARNING - /home/kauai/datapipeline/venv/lib/python3.8/site-packages/urllib3/connectionpool.py:981: InsecureRequestWarning: Unverified HTTPS request is being made to host 'api.twitter.com'. Adding certificate verification is strongly advised. See: https://urllib3.readthedocs.io/en/latest/advanced-usage.html#ssl-warnings
  warnings.warn(
[2021-12-05 15:56:46,778] {twitter_hook.py:36} INFO - URL: https://api.twitter.com/2/tweets/search/recent?query=ChapecoenseReal&tweet.fields=author_id,conversation_id,created_at,id,in_reply_to_user_id,public_metrics,text&expansions=author_id&user.fields=id,name,username,created_at&start_time=2021-11-30T09:00:00.00Z&end_time=2021-12-01T09:00:00.00Z&next_token=b26v89c19zqg8o3fpdy7oasip5fqy05fdexgketsg194t
[2021-12-05 15:56:46,778] {logging_mixin.py:112} WARNING - /home/kauai/datapipeline/venv/lib/python3.8/site-packages/urllib3/connectionpool.py:981: InsecureRequestWarning: Unverified HTTPS request is being made to host 'api.twitter.com'. Adding certificate verification is strongly advised. See: https://urllib3.readthedocs.io/en/latest/advanced-usage.html#ssl-warnings
  warnings.warn(
[2021-12-05 15:56:47,257] {twitter_hook.py:36} INFO - URL: https://api.twitter.com/2/tweets/search/recent?query=ChapecoenseReal&tweet.fields=author_id,conversation_id,created_at,id,in_reply_to_user_id,public_metrics,text&expansions=author_id&user.fields=id,name,username,created_at&start_time=2021-11-30T09:00:00.00Z&end_time=2021-12-01T09:00:00.00Z&next_token=b26v89c19zqg8o3fpdy7oasiklztcevdv9x4j654vbon1
[2021-12-05 15:56:47,258] {logging_mixin.py:112} WARNING - /home/kauai/datapipeline/venv/lib/python3.8/site-packages/urllib3/connectionpool.py:981: InsecureRequestWarning: Unverified HTTPS request is being made to host 'api.twitter.com'. Adding certificate verification is strongly advised. See: https://urllib3.readthedocs.io/en/latest/advanced-usage.html#ssl-warnings
  warnings.warn(
[2021-12-05 15:56:47,693] {twitter_hook.py:36} INFO - URL: https://api.twitter.com/2/tweets/search/recent?query=ChapecoenseReal&tweet.fields=author_id,conversation_id,created_at,id,in_reply_to_user_id,public_metrics,text&expansions=author_id&user.fields=id,name,username,created_at&start_time=2021-11-30T09:00:00.00Z&end_time=2021-12-01T09:00:00.00Z&next_token=b26v89c19zqg8o3fpdy7oas7zqo19laiqx45un9ybqxrx
[2021-12-05 15:56:47,694] {logging_mixin.py:112} WARNING - /home/kauai/datapipeline/venv/lib/python3.8/site-packages/urllib3/connectionpool.py:981: InsecureRequestWarning: Unverified HTTPS request is being made to host 'api.twitter.com'. Adding certificate verification is strongly advised. See: https://urllib3.readthedocs.io/en/latest/advanced-usage.html#ssl-warnings
  warnings.warn(
[2021-12-05 15:56:48,123] {twitter_hook.py:36} INFO - URL: https://api.twitter.com/2/tweets/search/recent?query=ChapecoenseReal&tweet.fields=author_id,conversation_id,created_at,id,in_reply_to_user_id,public_metrics,text&expansions=author_id&user.fields=id,name,username,created_at&start_time=2021-11-30T09:00:00.00Z&end_time=2021-12-01T09:00:00.00Z&next_token=b26v89c19zqg8o3fpdy7oas7s6mah93bf8gaho5p7ydtp
[2021-12-05 15:56:48,124] {logging_mixin.py:112} WARNING - /home/kauai/datapipeline/venv/lib/python3.8/site-packages/urllib3/connectionpool.py:981: InsecureRequestWarning: Unverified HTTPS request is being made to host 'api.twitter.com'. Adding certificate verification is strongly advised. See: https://urllib3.readthedocs.io/en/latest/advanced-usage.html#ssl-warnings
  warnings.warn(
[2021-12-05 15:56:48,524] {twitter_hook.py:36} INFO - URL: https://api.twitter.com/2/tweets/search/recent?query=ChapecoenseReal&tweet.fields=author_id,conversation_id,created_at,id,in_reply_to_user_id,public_metrics,text&expansions=author_id&user.fields=id,name,username,created_at&start_time=2021-11-30T09:00:00.00Z&end_time=2021-12-01T09:00:00.00Z&next_token=b26v89c19zqg8o3fpdy7oarx7bi2jvbfqorddb7zyik59
[2021-12-05 15:56:48,525] {logging_mixin.py:112} WARNING - /home/kauai/datapipeline/venv/lib/python3.8/site-packages/urllib3/connectionpool.py:981: InsecureRequestWarning: Unverified HTTPS request is being made to host 'api.twitter.com'. Adding certificate verification is strongly advised. See: https://urllib3.readthedocs.io/en/latest/advanced-usage.html#ssl-warnings
  warnings.warn(
[2021-12-05 15:56:48,938] {twitter_hook.py:36} INFO - URL: https://api.twitter.com/2/tweets/search/recent?query=ChapecoenseReal&tweet.fields=author_id,conversation_id,created_at,id,in_reply_to_user_id,public_metrics,text&expansions=author_id&user.fields=id,name,username,created_at&start_time=2021-11-30T09:00:00.00Z&end_time=2021-12-01T09:00:00.00Z&next_token=b26v89c19zqg8o3fpdy7oarx2r7j6qizqi6c7zp940vb1
[2021-12-05 15:56:48,938] {logging_mixin.py:112} WARNING - /home/kauai/datapipeline/venv/lib/python3.8/site-packages/urllib3/connectionpool.py:981: InsecureRequestWarning: Unverified HTTPS request is being made to host 'api.twitter.com'. Adding certificate verification is strongly advised. See: https://urllib3.readthedocs.io/en/latest/advanced-usage.html#ssl-warnings
  warnings.warn(
[2021-12-05 15:56:49,368] {twitter_hook.py:36} INFO - URL: https://api.twitter.com/2/tweets/search/recent?query=ChapecoenseReal&tweet.fields=author_id,conversation_id,created_at,id,in_reply_to_user_id,public_metrics,text&expansions=author_id&user.fields=id,name,username,created_at&start_time=2021-11-30T09:00:00.00Z&end_time=2021-12-01T09:00:00.00Z&next_token=b26v89c19zqg8o3fpdy7oarmhy88vku1ogn0dqk8vce4d
[2021-12-05 15:56:49,369] {logging_mixin.py:112} WARNING - /home/kauai/datapipeline/venv/lib/python3.8/site-packages/urllib3/connectionpool.py:981: InsecureRequestWarning: Unverified HTTPS request is being made to host 'api.twitter.com'. Adding certificate verification is strongly advised. See: https://urllib3.readthedocs.io/en/latest/advanced-usage.html#ssl-warnings
  warnings.warn(
[2021-12-05 15:56:49,724] {taskinstance.py:1057} INFO - Marking task as SUCCESS.dag_id=twitter_dag, task_id=twitter_chapecoense, execution_date=20211130T090000, start_date=20211205T185614, end_date=20211205T185649
[2021-12-05 15:56:54,221] {local_task_job.py:102} INFO - Task exited with return code 0
