[2021-12-02 22:55:11,261] {taskinstance.py:670} INFO - Dependencies all met for <TaskInstance: twitter_dag.twitter_aluraonline 2021-12-01T09:00:00+00:00 [queued]>
[2021-12-02 22:55:11,280] {taskinstance.py:670} INFO - Dependencies all met for <TaskInstance: twitter_dag.twitter_aluraonline 2021-12-01T09:00:00+00:00 [queued]>
[2021-12-02 22:55:11,280] {taskinstance.py:880} INFO - 
--------------------------------------------------------------------------------
[2021-12-02 22:55:11,280] {taskinstance.py:881} INFO - Starting attempt 2 of 2
[2021-12-02 22:55:11,280] {taskinstance.py:882} INFO - 
--------------------------------------------------------------------------------
[2021-12-02 22:55:11,290] {taskinstance.py:901} INFO - Executing <Task(TwitterOperator): twitter_aluraonline> on 2021-12-01T09:00:00+00:00
[2021-12-02 22:55:11,292] {standard_task_runner.py:54} INFO - Started process 12109 to run task
[2021-12-02 22:55:11,356] {standard_task_runner.py:77} INFO - Running: ['airflow', 'run', 'twitter_dag', 'twitter_aluraonline', '2021-12-01T09:00:00+00:00', '--job_id', '46', '--pool', 'default_pool', '--raw', '-sd', 'DAGS_FOLDER/twitter_dag.py', '--cfg_path', '/tmp/tmpwn4ux6fl']
[2021-12-02 22:55:11,357] {standard_task_runner.py:78} INFO - Job 46: Subtask twitter_aluraonline
[2021-12-02 22:55:11,379] {logging_mixin.py:112} INFO - Running <TaskInstance: twitter_dag.twitter_aluraonline 2021-12-01T09:00:00+00:00 [running]> on host kauai-VirtualBox
[2021-12-02 22:55:11,422] {base_hook.py:89} INFO - Using connection to: id: twitter_default. Host: https://api.twitter.com, Port: None, Schema: None, Login: None, Password: None, extra: XXXXXXXX
[2021-12-02 22:55:11,424] {twitter_hook.py:36} INFO - URL: https://api.twitter.com/2/tweets/search/recent?query=AluraOnline&tweet.fields=author_id,conversation_id,created_at,id,in_reply_to_user_id,public_metrics,text&expansions=author_id&user.fields=id,name,username,created_at&start_time=2021-12-01T09:00:00.00Z&end_time=2021-12-02T09:00:00.00Z
[2021-12-02 22:55:11,674] {logging_mixin.py:112} WARNING - /home/kauai/datapipeline/venv/lib/python3.8/site-packages/urllib3/connectionpool.py:981: InsecureRequestWarning: Unverified HTTPS request is being made to host 'api.twitter.com'. Adding certificate verification is strongly advised. See: https://urllib3.readthedocs.io/en/latest/advanced-usage.html#ssl-warnings
  warnings.warn(
[2021-12-02 22:55:12,036] {twitter_hook.py:36} INFO - URL: https://api.twitter.com/2/tweets/search/recent?query=AluraOnline&tweet.fields=author_id,conversation_id,created_at,id,in_reply_to_user_id,public_metrics,text&expansions=author_id&user.fields=id,name,username,created_at&start_time=2021-12-01T09:00:00.00Z&end_time=2021-12-02T09:00:00.00Z&next_token=b26v89c19zqg8o3fpdy837untnqw732a5ss50dfvplo59
[2021-12-02 22:55:12,037] {logging_mixin.py:112} WARNING - /home/kauai/datapipeline/venv/lib/python3.8/site-packages/urllib3/connectionpool.py:981: InsecureRequestWarning: Unverified HTTPS request is being made to host 'api.twitter.com'. Adding certificate verification is strongly advised. See: https://urllib3.readthedocs.io/en/latest/advanced-usage.html#ssl-warnings
  warnings.warn(
[2021-12-02 22:55:12,410] {twitter_hook.py:36} INFO - URL: https://api.twitter.com/2/tweets/search/recent?query=AluraOnline&tweet.fields=author_id,conversation_id,created_at,id,in_reply_to_user_id,public_metrics,text&expansions=author_id&user.fields=id,name,username,created_at&start_time=2021-12-01T09:00:00.00Z&end_time=2021-12-02T09:00:00.00Z&next_token=b26v89c19zqg8o3fpdy835rfddk3s3r4rwa6estz0p9bx
[2021-12-02 22:55:12,410] {logging_mixin.py:112} WARNING - /home/kauai/datapipeline/venv/lib/python3.8/site-packages/urllib3/connectionpool.py:981: InsecureRequestWarning: Unverified HTTPS request is being made to host 'api.twitter.com'. Adding certificate verification is strongly advised. See: https://urllib3.readthedocs.io/en/latest/advanced-usage.html#ssl-warnings
  warnings.warn(
[2021-12-02 22:55:12,803] {twitter_hook.py:36} INFO - URL: https://api.twitter.com/2/tweets/search/recent?query=AluraOnline&tweet.fields=author_id,conversation_id,created_at,id,in_reply_to_user_id,public_metrics,text&expansions=author_id&user.fields=id,name,username,created_at&start_time=2021-12-01T09:00:00.00Z&end_time=2021-12-02T09:00:00.00Z&next_token=b26v89c19zqg8o3fpdy833nli8zirlepdqcomook1lf25
[2021-12-02 22:55:12,804] {logging_mixin.py:112} WARNING - /home/kauai/datapipeline/venv/lib/python3.8/site-packages/urllib3/connectionpool.py:981: InsecureRequestWarning: Unverified HTTPS request is being made to host 'api.twitter.com'. Adding certificate verification is strongly advised. See: https://urllib3.readthedocs.io/en/latest/advanced-usage.html#ssl-warnings
  warnings.warn(
[2021-12-02 22:55:13,177] {twitter_hook.py:36} INFO - URL: https://api.twitter.com/2/tweets/search/recent?query=AluraOnline&tweet.fields=author_id,conversation_id,created_at,id,in_reply_to_user_id,public_metrics,text&expansions=author_id&user.fields=id,name,username,created_at&start_time=2021-12-01T09:00:00.00Z&end_time=2021-12-02T09:00:00.00Z&next_token=b26v89c19zqg8o3fpdy833n0b1mhz36iukjkp6fxp18xp
[2021-12-02 22:55:13,178] {logging_mixin.py:112} WARNING - /home/kauai/datapipeline/venv/lib/python3.8/site-packages/urllib3/connectionpool.py:981: InsecureRequestWarning: Unverified HTTPS request is being made to host 'api.twitter.com'. Adding certificate verification is strongly advised. See: https://urllib3.readthedocs.io/en/latest/advanced-usage.html#ssl-warnings
  warnings.warn(
[2021-12-02 22:55:13,583] {twitter_hook.py:36} INFO - URL: https://api.twitter.com/2/tweets/search/recent?query=AluraOnline&tweet.fields=author_id,conversation_id,created_at,id,in_reply_to_user_id,public_metrics,text&expansions=author_id&user.fields=id,name,username,created_at&start_time=2021-12-01T09:00:00.00Z&end_time=2021-12-02T09:00:00.00Z&next_token=b26v89c19zqg8o3fpdy833m3w9qcy0pq139bgdjk76dfh
[2021-12-02 22:55:13,583] {logging_mixin.py:112} WARNING - /home/kauai/datapipeline/venv/lib/python3.8/site-packages/urllib3/connectionpool.py:981: InsecureRequestWarning: Unverified HTTPS request is being made to host 'api.twitter.com'. Adding certificate verification is strongly advised. See: https://urllib3.readthedocs.io/en/latest/advanced-usage.html#ssl-warnings
  warnings.warn(
[2021-12-02 22:55:13,931] {taskinstance.py:1057} INFO - Marking task as SUCCESS.dag_id=twitter_dag, task_id=twitter_aluraonline, execution_date=20211201T090000, start_date=20211203T015511, end_date=20211203T015513
[2021-12-02 22:55:16,259] {local_task_job.py:102} INFO - Task exited with return code 0
