[2021-11-30 23:30:06,081] {taskinstance.py:670} INFO - Dependencies all met for <TaskInstance: twitter_dag.transform_twitter_aluraonline 2021-11-29T09:00:00+00:00 [queued]>
[2021-11-30 23:30:06,088] {taskinstance.py:670} INFO - Dependencies all met for <TaskInstance: twitter_dag.transform_twitter_aluraonline 2021-11-29T09:00:00+00:00 [queued]>
[2021-11-30 23:30:06,088] {taskinstance.py:880} INFO - 
--------------------------------------------------------------------------------
[2021-11-30 23:30:06,088] {taskinstance.py:881} INFO - Starting attempt 2 of 2
[2021-11-30 23:30:06,088] {taskinstance.py:882} INFO - 
--------------------------------------------------------------------------------
[2021-11-30 23:30:06,095] {taskinstance.py:901} INFO - Executing <Task(SparkSubmitOperator): transform_twitter_aluraonline> on 2021-11-29T09:00:00+00:00
[2021-11-30 23:30:06,096] {standard_task_runner.py:54} INFO - Started process 6103 to run task
[2021-11-30 23:30:06,143] {standard_task_runner.py:77} INFO - Running: ['airflow', 'run', 'twitter_dag', 'transform_twitter_aluraonline', '2021-11-29T09:00:00+00:00', '--job_id', '35', '--pool', 'default_pool', '--raw', '-sd', 'DAGS_FOLDER/twitter_dag.py', '--cfg_path', '/tmp/tmpix1thwuf']
[2021-11-30 23:30:06,144] {standard_task_runner.py:78} INFO - Job 35: Subtask transform_twitter_aluraonline
[2021-11-30 23:30:06,162] {logging_mixin.py:112} INFO - Running <TaskInstance: twitter_dag.transform_twitter_aluraonline 2021-11-29T09:00:00+00:00 [running]> on host kauai-VirtualBox
[2021-11-30 23:30:06,197] {base_hook.py:89} INFO - Using connection to: id: spark_default. Host: local, Port: None, Schema: None, Login: None, Password: None, extra: XXXXXXXX
[2021-11-30 23:30:06,201] {spark_submit_hook.py:325} INFO - Spark-Submit cmd: /home/kauai/spark-3.1.2-bin-hadoop3.2/bin/spark-submit --master local --name twitter_transformation /home/kauai/datapipeline/spark/transformation.py --src /home/kauai/kauai/datapipeline/datalake/bronze/twitter_aluraonline/extract_date=2021-11-29 --dest /home/kauai/kauai/datapipeline/datalake/silver/twitter_aluraonline/ --process-date 2021-11-29
[2021-11-30 23:30:07,622] {spark_submit_hook.py:479} INFO - 21/11/30 23:30:07 WARN Utils: Your hostname, kauai-VirtualBox resolves to a loopback address: 127.0.1.1; using 10.0.2.15 instead (on interface enp0s3)
[2021-11-30 23:30:07,623] {spark_submit_hook.py:479} INFO - 21/11/30 23:30:07 WARN Utils: Set SPARK_LOCAL_IP if you need to bind to another address
[2021-11-30 23:30:07,639] {spark_submit_hook.py:479} INFO - WARNING: An illegal reflective access operation has occurred
[2021-11-30 23:30:07,639] {spark_submit_hook.py:479} INFO - WARNING: Illegal reflective access by org.apache.spark.unsafe.Platform (file:/opt/spark/jars/spark-unsafe_2.12-3.1.2.jar) to constructor java.nio.DirectByteBuffer(long,int)
[2021-11-30 23:30:07,639] {spark_submit_hook.py:479} INFO - WARNING: Please consider reporting this to the maintainers of org.apache.spark.unsafe.Platform
[2021-11-30 23:30:07,639] {spark_submit_hook.py:479} INFO - WARNING: Use --illegal-access=warn to enable warnings of further illegal reflective access operations
[2021-11-30 23:30:07,639] {spark_submit_hook.py:479} INFO - WARNING: All illegal access operations will be denied in a future release
[2021-11-30 23:30:08,145] {spark_submit_hook.py:479} INFO - 21/11/30 23:30:08 WARN NativeCodeLoader: Unable to load native-hadoop library for your platform... using builtin-java classes where applicable
[2021-11-30 23:30:08,878] {spark_submit_hook.py:479} INFO - Using Spark's default log4j profile: org/apache/spark/log4j-defaults.properties
[2021-11-30 23:30:08,885] {spark_submit_hook.py:479} INFO - 21/11/30 23:30:08 INFO SparkContext: Running Spark version 3.1.2
[2021-11-30 23:30:08,940] {spark_submit_hook.py:479} INFO - 21/11/30 23:30:08 INFO ResourceUtils: ==============================================================
[2021-11-30 23:30:08,940] {spark_submit_hook.py:479} INFO - 21/11/30 23:30:08 INFO ResourceUtils: No custom resources configured for spark.driver.
[2021-11-30 23:30:08,942] {spark_submit_hook.py:479} INFO - 21/11/30 23:30:08 INFO ResourceUtils: ==============================================================
[2021-11-30 23:30:08,942] {spark_submit_hook.py:479} INFO - 21/11/30 23:30:08 INFO SparkContext: Submitted application: twitter_transformation
[2021-11-30 23:30:08,965] {spark_submit_hook.py:479} INFO - 21/11/30 23:30:08 INFO ResourceProfile: Default ResourceProfile created, executor resources: Map(cores -> name: cores, amount: 1, script: , vendor: , memory -> name: memory, amount: 1024, script: , vendor: , offHeap -> name: offHeap, amount: 0, script: , vendor: ), task resources: Map(cpus -> name: cpus, amount: 1.0)
[2021-11-30 23:30:08,981] {spark_submit_hook.py:479} INFO - 21/11/30 23:30:08 INFO ResourceProfile: Limiting resource is cpu
[2021-11-30 23:30:08,982] {spark_submit_hook.py:479} INFO - 21/11/30 23:30:08 INFO ResourceProfileManager: Added ResourceProfile id: 0
[2021-11-30 23:30:09,043] {spark_submit_hook.py:479} INFO - 21/11/30 23:30:09 INFO SecurityManager: Changing view acls to: kauai
[2021-11-30 23:30:09,043] {spark_submit_hook.py:479} INFO - 21/11/30 23:30:09 INFO SecurityManager: Changing modify acls to: kauai
[2021-11-30 23:30:09,044] {spark_submit_hook.py:479} INFO - 21/11/30 23:30:09 INFO SecurityManager: Changing view acls groups to:
[2021-11-30 23:30:09,044] {spark_submit_hook.py:479} INFO - 21/11/30 23:30:09 INFO SecurityManager: Changing modify acls groups to:
[2021-11-30 23:30:09,045] {spark_submit_hook.py:479} INFO - 21/11/30 23:30:09 INFO SecurityManager: SecurityManager: authentication disabled; ui acls disabled; users  with view permissions: Set(kauai); groups with view permissions: Set(); users  with modify permissions: Set(kauai); groups with modify permissions: Set()
[2021-11-30 23:30:09,367] {spark_submit_hook.py:479} INFO - 21/11/30 23:30:09 INFO Utils: Successfully started service 'sparkDriver' on port 34541.
[2021-11-30 23:30:09,394] {spark_submit_hook.py:479} INFO - 21/11/30 23:30:09 INFO SparkEnv: Registering MapOutputTracker
[2021-11-30 23:30:09,447] {spark_submit_hook.py:479} INFO - 21/11/30 23:30:09 INFO SparkEnv: Registering BlockManagerMaster
[2021-11-30 23:30:09,472] {spark_submit_hook.py:479} INFO - 21/11/30 23:30:09 INFO BlockManagerMasterEndpoint: Using org.apache.spark.storage.DefaultTopologyMapper for getting topology information
[2021-11-30 23:30:09,473] {spark_submit_hook.py:479} INFO - 21/11/30 23:30:09 INFO BlockManagerMasterEndpoint: BlockManagerMasterEndpoint up
[2021-11-30 23:30:09,483] {spark_submit_hook.py:479} INFO - 21/11/30 23:30:09 INFO SparkEnv: Registering BlockManagerMasterHeartbeat
[2021-11-30 23:30:09,499] {spark_submit_hook.py:479} INFO - 21/11/30 23:30:09 INFO DiskBlockManager: Created local directory at /tmp/blockmgr-ced560ab-d1ff-4ea0-a7a6-ba3eeb44d3d3
[2021-11-30 23:30:09,521] {spark_submit_hook.py:479} INFO - 21/11/30 23:30:09 INFO MemoryStore: MemoryStore started with capacity 413.9 MiB
[2021-11-30 23:30:09,540] {spark_submit_hook.py:479} INFO - 21/11/30 23:30:09 INFO SparkEnv: Registering OutputCommitCoordinator
[2021-11-30 23:30:09,754] {spark_submit_hook.py:479} INFO - 21/11/30 23:30:09 INFO Utils: Successfully started service 'SparkUI' on port 4040.
[2021-11-30 23:30:09,850] {spark_submit_hook.py:479} INFO - 21/11/30 23:30:09 INFO SparkUI: Bound SparkUI to 0.0.0.0, and started at http://10.0.2.15:4040
[2021-11-30 23:30:10,141] {spark_submit_hook.py:479} INFO - 21/11/30 23:30:10 INFO Executor: Starting executor ID driver on host 10.0.2.15
[2021-11-30 23:30:10,191] {spark_submit_hook.py:479} INFO - 21/11/30 23:30:10 INFO Utils: Successfully started service 'org.apache.spark.network.netty.NettyBlockTransferService' on port 38289.
[2021-11-30 23:30:10,191] {spark_submit_hook.py:479} INFO - 21/11/30 23:30:10 INFO NettyBlockTransferService: Server created on 10.0.2.15:38289
[2021-11-30 23:30:10,192] {spark_submit_hook.py:479} INFO - 21/11/30 23:30:10 INFO BlockManager: Using org.apache.spark.storage.RandomBlockReplicationPolicy for block replication policy
[2021-11-30 23:30:10,209] {spark_submit_hook.py:479} INFO - 21/11/30 23:30:10 INFO BlockManagerMaster: Registering BlockManager BlockManagerId(driver, 10.0.2.15, 38289, None)
[2021-11-30 23:30:10,215] {spark_submit_hook.py:479} INFO - 21/11/30 23:30:10 INFO BlockManagerMasterEndpoint: Registering block manager 10.0.2.15:38289 with 413.9 MiB RAM, BlockManagerId(driver, 10.0.2.15, 38289, None)
[2021-11-30 23:30:10,217] {spark_submit_hook.py:479} INFO - 21/11/30 23:30:10 INFO BlockManagerMaster: Registered BlockManager BlockManagerId(driver, 10.0.2.15, 38289, None)
[2021-11-30 23:30:10,219] {spark_submit_hook.py:479} INFO - 21/11/30 23:30:10 INFO BlockManager: Initialized BlockManager: BlockManagerId(driver, 10.0.2.15, 38289, None)
[2021-11-30 23:30:10,894] {spark_submit_hook.py:479} INFO - 21/11/30 23:30:10 INFO SharedState: Setting hive.metastore.warehouse.dir ('null') to the value of spark.sql.warehouse.dir ('file:/home/kauai/datapipeline/spark-warehouse').
[2021-11-30 23:30:10,896] {spark_submit_hook.py:479} INFO - 21/11/30 23:30:10 INFO SharedState: Warehouse path is 'file:/home/kauai/datapipeline/spark-warehouse'.
[2021-11-30 23:30:11,896] {spark_submit_hook.py:479} INFO - 21/11/30 23:30:11 INFO InMemoryFileIndex: It took 70 ms to list leaf files for 1 paths.
[2021-11-30 23:30:11,991] {spark_submit_hook.py:479} INFO - 21/11/30 23:30:11 INFO InMemoryFileIndex: It took 1 ms to list leaf files for 1 paths.
[2021-11-30 23:30:15,443] {spark_submit_hook.py:479} INFO - 21/11/30 23:30:15 INFO FileSourceStrategy: Pushed Filters:
[2021-11-30 23:30:15,449] {spark_submit_hook.py:479} INFO - 21/11/30 23:30:15 INFO FileSourceStrategy: Post-Scan Filters:
[2021-11-30 23:30:15,458] {spark_submit_hook.py:479} INFO - 21/11/30 23:30:15 INFO FileSourceStrategy: Output Data Schema: struct<value: string>
[2021-11-30 23:30:15,941] {spark_submit_hook.py:479} INFO - 21/11/30 23:30:15 INFO MemoryStore: Block broadcast_0 stored as values in memory (estimated size 174.7 KiB, free 413.8 MiB)
[2021-11-30 23:30:16,106] {spark_submit_hook.py:479} INFO - 21/11/30 23:30:16 INFO MemoryStore: Block broadcast_0_piece0 stored as bytes in memory (estimated size 27.6 KiB, free 413.7 MiB)
[2021-11-30 23:30:16,110] {spark_submit_hook.py:479} INFO - 21/11/30 23:30:16 INFO BlockManagerInfo: Added broadcast_0_piece0 in memory on 10.0.2.15:38289 (size: 27.6 KiB, free: 413.9 MiB)
[2021-11-30 23:30:16,117] {spark_submit_hook.py:479} INFO - 21/11/30 23:30:16 INFO SparkContext: Created broadcast 0 from json at NativeMethodAccessorImpl.java:0
[2021-11-30 23:30:16,162] {spark_submit_hook.py:479} INFO - 21/11/30 23:30:16 INFO FileSourceScanExec: Planning scan with bin packing, max size: 4218115 bytes, open cost is considered as scanning 4194304 bytes.
[2021-11-30 23:30:16,682] {spark_submit_hook.py:479} INFO - 21/11/30 23:30:16 INFO SparkContext: Starting job: json at NativeMethodAccessorImpl.java:0
[2021-11-30 23:30:16,722] {spark_submit_hook.py:479} INFO - 21/11/30 23:30:16 INFO DAGScheduler: Got job 0 (json at NativeMethodAccessorImpl.java:0) with 1 output partitions
[2021-11-30 23:30:16,734] {spark_submit_hook.py:479} INFO - 21/11/30 23:30:16 INFO DAGScheduler: Final stage: ResultStage 0 (json at NativeMethodAccessorImpl.java:0)
[2021-11-30 23:30:16,734] {spark_submit_hook.py:479} INFO - 21/11/30 23:30:16 INFO DAGScheduler: Parents of final stage: List()
[2021-11-30 23:30:16,742] {spark_submit_hook.py:479} INFO - 21/11/30 23:30:16 INFO DAGScheduler: Missing parents: List()
[2021-11-30 23:30:16,754] {spark_submit_hook.py:479} INFO - 21/11/30 23:30:16 INFO DAGScheduler: Submitting ResultStage 0 (MapPartitionsRDD[3] at json at NativeMethodAccessorImpl.java:0), which has no missing parents
[2021-11-30 23:30:16,928] {spark_submit_hook.py:479} INFO - 21/11/30 23:30:16 INFO MemoryStore: Block broadcast_1 stored as values in memory (estimated size 12.0 KiB, free 413.7 MiB)
[2021-11-30 23:30:16,931] {spark_submit_hook.py:479} INFO - 21/11/30 23:30:16 INFO MemoryStore: Block broadcast_1_piece0 stored as bytes in memory (estimated size 6.3 KiB, free 413.7 MiB)
[2021-11-30 23:30:16,932] {spark_submit_hook.py:479} INFO - 21/11/30 23:30:16 INFO BlockManagerInfo: Added broadcast_1_piece0 in memory on 10.0.2.15:38289 (size: 6.3 KiB, free: 413.9 MiB)
[2021-11-30 23:30:16,935] {spark_submit_hook.py:479} INFO - 21/11/30 23:30:16 INFO SparkContext: Created broadcast 1 from broadcast at DAGScheduler.scala:1388
[2021-11-30 23:30:16,973] {spark_submit_hook.py:479} INFO - 21/11/30 23:30:16 INFO DAGScheduler: Submitting 1 missing tasks from ResultStage 0 (MapPartitionsRDD[3] at json at NativeMethodAccessorImpl.java:0) (first 15 tasks are for partitions Vector(0))
[2021-11-30 23:30:16,974] {spark_submit_hook.py:479} INFO - 21/11/30 23:30:16 INFO TaskSchedulerImpl: Adding task set 0.0 with 1 tasks resource profile 0
[2021-11-30 23:30:17,062] {spark_submit_hook.py:479} INFO - 21/11/30 23:30:17 INFO TaskSetManager: Starting task 0.0 in stage 0.0 (TID 0) (10.0.2.15, executor driver, partition 0, PROCESS_LOCAL, 4948 bytes) taskResourceAssignments Map()
[2021-11-30 23:30:17,101] {spark_submit_hook.py:479} INFO - 21/11/30 23:30:17 INFO Executor: Running task 0.0 in stage 0.0 (TID 0)
[2021-11-30 23:30:17,354] {spark_submit_hook.py:479} INFO - 21/11/30 23:30:17 INFO FileScanRDD: Reading File path: file:///home/kauai/kauai/datapipeline/datalake/bronze/twitter_aluraonline/extract_date=2021-11-29/AluraOnline_20211129.json, range: 0-23811, partition values: [empty row]
[2021-11-30 23:30:17,898] {spark_submit_hook.py:479} INFO - 21/11/30 23:30:17 INFO CodeGenerator: Code generated in 321.532193 ms
[2021-11-30 23:30:18,004] {spark_submit_hook.py:479} INFO - 21/11/30 23:30:18 INFO Executor: Finished task 0.0 in stage 0.0 (TID 0). 2858 bytes result sent to driver
[2021-11-30 23:30:18,030] {spark_submit_hook.py:479} INFO - 21/11/30 23:30:18 INFO TaskSetManager: Finished task 0.0 in stage 0.0 (TID 0) in 1005 ms on 10.0.2.15 (executor driver) (1/1)
[2021-11-30 23:30:18,050] {spark_submit_hook.py:479} INFO - 21/11/30 23:30:18 INFO DAGScheduler: ResultStage 0 (json at NativeMethodAccessorImpl.java:0) finished in 1,259 s
[2021-11-30 23:30:18,052] {spark_submit_hook.py:479} INFO - 21/11/30 23:30:18 INFO TaskSchedulerImpl: Removed TaskSet 0.0, whose tasks have all completed, from pool
[2021-11-30 23:30:18,054] {spark_submit_hook.py:479} INFO - 21/11/30 23:30:18 INFO DAGScheduler: Job 0 is finished. Cancelling potential speculative or zombie tasks for this job
[2021-11-30 23:30:18,066] {spark_submit_hook.py:479} INFO - 21/11/30 23:30:18 INFO TaskSchedulerImpl: Killing all running tasks in stage 0: Stage finished
[2021-11-30 23:30:18,075] {spark_submit_hook.py:479} INFO - 21/11/30 23:30:18 INFO DAGScheduler: Job 0 finished: json at NativeMethodAccessorImpl.java:0, took 1,382249 s
[2021-11-30 23:30:18,631] {spark_submit_hook.py:479} INFO - 21/11/30 23:30:18 INFO FileSourceStrategy: Pushed Filters: IsNotNull(data)
[2021-11-30 23:30:18,633] {spark_submit_hook.py:479} INFO - 21/11/30 23:30:18 INFO FileSourceStrategy: Post-Scan Filters: (size(data#7, true) > 0),isnotnull(data#7)
[2021-11-30 23:30:18,638] {spark_submit_hook.py:479} INFO - 21/11/30 23:30:18 INFO FileSourceStrategy: Output Data Schema: struct<data: array<struct<author_id:string,conversation_id:string,created_at:string,id:string,in_reply_to_user_id:string,public_metrics:struct<like_count:bigint,quote_count:bigint,reply_count:bigint,retweet_count:bigint>,text:string>>>
[2021-11-30 23:30:18,817] {spark_submit_hook.py:479} INFO - 21/11/30 23:30:18 INFO BlockManagerInfo: Removed broadcast_1_piece0 on 10.0.2.15:38289 in memory (size: 6.3 KiB, free: 413.9 MiB)
[2021-11-30 23:30:18,842] {spark_submit_hook.py:479} INFO - 21/11/30 23:30:18 INFO BlockManagerInfo: Removed broadcast_0_piece0 on 10.0.2.15:38289 in memory (size: 27.6 KiB, free: 413.9 MiB)
[2021-11-30 23:30:18,843] {spark_submit_hook.py:479} INFO - 21/11/30 23:30:18 INFO FileOutputCommitter: File Output Committer Algorithm version is 1
[2021-11-30 23:30:18,844] {spark_submit_hook.py:479} INFO - 21/11/30 23:30:18 INFO FileOutputCommitter: FileOutputCommitter skip cleanup _temporary folders under output directory:false, ignore cleanup failures: false
[2021-11-30 23:30:18,846] {spark_submit_hook.py:479} INFO - 21/11/30 23:30:18 INFO SQLHadoopMapReduceCommitProtocol: Using output committer class org.apache.hadoop.mapreduce.lib.output.FileOutputCommitter
[2021-11-30 23:30:18,980] {spark_submit_hook.py:479} INFO - 21/11/30 23:30:18 INFO CodeGenerator: Code generated in 56.172758 ms
[2021-11-30 23:30:19,058] {spark_submit_hook.py:479} INFO - 21/11/30 23:30:19 INFO CodeGenerator: Code generated in 54.027264 ms
[2021-11-30 23:30:19,079] {spark_submit_hook.py:479} INFO - 21/11/30 23:30:19 INFO MemoryStore: Block broadcast_2 stored as values in memory (estimated size 174.6 KiB, free 413.8 MiB)
[2021-11-30 23:30:19,095] {spark_submit_hook.py:479} INFO - 21/11/30 23:30:19 INFO MemoryStore: Block broadcast_2_piece0 stored as bytes in memory (estimated size 27.6 KiB, free 413.7 MiB)
[2021-11-30 23:30:19,097] {spark_submit_hook.py:479} INFO - 21/11/30 23:30:19 INFO BlockManagerInfo: Added broadcast_2_piece0 in memory on 10.0.2.15:38289 (size: 27.6 KiB, free: 413.9 MiB)
[2021-11-30 23:30:19,098] {spark_submit_hook.py:479} INFO - 21/11/30 23:30:19 INFO SparkContext: Created broadcast 2 from json at NativeMethodAccessorImpl.java:0
[2021-11-30 23:30:19,105] {spark_submit_hook.py:479} INFO - 21/11/30 23:30:19 INFO FileSourceScanExec: Planning scan with bin packing, max size: 4218115 bytes, open cost is considered as scanning 4194304 bytes.
[2021-11-30 23:30:19,239] {spark_submit_hook.py:479} INFO - 21/11/30 23:30:19 INFO SparkContext: Starting job: json at NativeMethodAccessorImpl.java:0
[2021-11-30 23:30:19,241] {spark_submit_hook.py:479} INFO - 21/11/30 23:30:19 INFO DAGScheduler: Got job 1 (json at NativeMethodAccessorImpl.java:0) with 1 output partitions
[2021-11-30 23:30:19,241] {spark_submit_hook.py:479} INFO - 21/11/30 23:30:19 INFO DAGScheduler: Final stage: ResultStage 1 (json at NativeMethodAccessorImpl.java:0)
[2021-11-30 23:30:19,241] {spark_submit_hook.py:479} INFO - 21/11/30 23:30:19 INFO DAGScheduler: Parents of final stage: List()
[2021-11-30 23:30:19,241] {spark_submit_hook.py:479} INFO - 21/11/30 23:30:19 INFO DAGScheduler: Missing parents: List()
[2021-11-30 23:30:19,246] {spark_submit_hook.py:479} INFO - 21/11/30 23:30:19 INFO DAGScheduler: Submitting ResultStage 1 (CoalescedRDD[13] at json at NativeMethodAccessorImpl.java:0), which has no missing parents
[2021-11-30 23:30:19,306] {spark_submit_hook.py:479} INFO - 21/11/30 23:30:19 INFO MemoryStore: Block broadcast_3 stored as values in memory (estimated size 188.8 KiB, free 413.5 MiB)
[2021-11-30 23:30:19,314] {spark_submit_hook.py:479} INFO - 21/11/30 23:30:19 INFO MemoryStore: Block broadcast_3_piece0 stored as bytes in memory (estimated size 66.5 KiB, free 413.5 MiB)
[2021-11-30 23:30:19,316] {spark_submit_hook.py:479} INFO - 21/11/30 23:30:19 INFO BlockManagerInfo: Added broadcast_3_piece0 in memory on 10.0.2.15:38289 (size: 66.5 KiB, free: 413.8 MiB)
[2021-11-30 23:30:19,317] {spark_submit_hook.py:479} INFO - 21/11/30 23:30:19 INFO SparkContext: Created broadcast 3 from broadcast at DAGScheduler.scala:1388
[2021-11-30 23:30:19,318] {spark_submit_hook.py:479} INFO - 21/11/30 23:30:19 INFO DAGScheduler: Submitting 1 missing tasks from ResultStage 1 (CoalescedRDD[13] at json at NativeMethodAccessorImpl.java:0) (first 15 tasks are for partitions Vector(0))
[2021-11-30 23:30:19,318] {spark_submit_hook.py:479} INFO - 21/11/30 23:30:19 INFO TaskSchedulerImpl: Adding task set 1.0 with 1 tasks resource profile 0
[2021-11-30 23:30:19,320] {spark_submit_hook.py:479} INFO - 21/11/30 23:30:19 INFO TaskSetManager: Starting task 0.0 in stage 1.0 (TID 1) (10.0.2.15, executor driver, partition 0, PROCESS_LOCAL, 5177 bytes) taskResourceAssignments Map()
[2021-11-30 23:30:19,321] {spark_submit_hook.py:479} INFO - 21/11/30 23:30:19 INFO Executor: Running task 0.0 in stage 1.0 (TID 1)
[2021-11-30 23:30:19,430] {spark_submit_hook.py:479} INFO - 21/11/30 23:30:19 INFO FileOutputCommitter: File Output Committer Algorithm version is 1
[2021-11-30 23:30:19,430] {spark_submit_hook.py:479} INFO - 21/11/30 23:30:19 INFO FileOutputCommitter: FileOutputCommitter skip cleanup _temporary folders under output directory:false, ignore cleanup failures: false
[2021-11-30 23:30:19,432] {spark_submit_hook.py:479} INFO - 21/11/30 23:30:19 INFO SQLHadoopMapReduceCommitProtocol: Using output committer class org.apache.hadoop.mapreduce.lib.output.FileOutputCommitter
[2021-11-30 23:30:19,545] {spark_submit_hook.py:479} INFO - 21/11/30 23:30:19 INFO CodeGenerator: Code generated in 45.772039 ms
[2021-11-30 23:30:19,551] {spark_submit_hook.py:479} INFO - 21/11/30 23:30:19 INFO FileScanRDD: Reading File path: file:///home/kauai/kauai/datapipeline/datalake/bronze/twitter_aluraonline/extract_date=2021-11-29/AluraOnline_20211129.json, range: 0-23811, partition values: [empty row]
[2021-11-30 23:30:19,585] {spark_submit_hook.py:479} INFO - 21/11/30 23:30:19 INFO CodeGenerator: Code generated in 32.166262 ms
[2021-11-30 23:30:19,631] {spark_submit_hook.py:479} INFO - 21/11/30 23:30:19 INFO CodeGenerator: Code generated in 15.806833 ms
[2021-11-30 23:30:19,691] {spark_submit_hook.py:479} INFO - 21/11/30 23:30:19 INFO FileOutputCommitter: Saved output of task 'attempt_202111302330198042646384542121887_0001_m_000000_1' to file:/home/kauai/kauai/datapipeline/datalake/silver/twitter_aluraonline/tweet/process_date=2021-11-29/_temporary/0/task_202111302330198042646384542121887_0001_m_000000
[2021-11-30 23:30:19,692] {spark_submit_hook.py:479} INFO - 21/11/30 23:30:19 INFO SparkHadoopMapRedUtil: attempt_202111302330198042646384542121887_0001_m_000000_1: Committed
[2021-11-30 23:30:19,698] {spark_submit_hook.py:479} INFO - 21/11/30 23:30:19 INFO Executor: Finished task 0.0 in stage 1.0 (TID 1). 2944 bytes result sent to driver
[2021-11-30 23:30:19,710] {spark_submit_hook.py:479} INFO - 21/11/30 23:30:19 INFO TaskSetManager: Finished task 0.0 in stage 1.0 (TID 1) in 390 ms on 10.0.2.15 (executor driver) (1/1)
[2021-11-30 23:30:19,713] {spark_submit_hook.py:479} INFO - 21/11/30 23:30:19 INFO DAGScheduler: ResultStage 1 (json at NativeMethodAccessorImpl.java:0) finished in 0,464 s
[2021-11-30 23:30:19,713] {spark_submit_hook.py:479} INFO - 21/11/30 23:30:19 INFO DAGScheduler: Job 1 is finished. Cancelling potential speculative or zombie tasks for this job
[2021-11-30 23:30:19,717] {spark_submit_hook.py:479} INFO - 21/11/30 23:30:19 INFO TaskSchedulerImpl: Removed TaskSet 1.0, whose tasks have all completed, from pool
[2021-11-30 23:30:19,718] {spark_submit_hook.py:479} INFO - 21/11/30 23:30:19 INFO TaskSchedulerImpl: Killing all running tasks in stage 1: Stage finished
[2021-11-30 23:30:19,726] {spark_submit_hook.py:479} INFO - 21/11/30 23:30:19 INFO DAGScheduler: Job 1 finished: json at NativeMethodAccessorImpl.java:0, took 0,483901 s
[2021-11-30 23:30:19,752] {spark_submit_hook.py:479} INFO - 21/11/30 23:30:19 INFO FileFormatWriter: Write Job c563a2ef-00f1-4046-b5a6-05f810a5c35c committed.
[2021-11-30 23:30:19,756] {spark_submit_hook.py:479} INFO - 21/11/30 23:30:19 INFO FileFormatWriter: Finished processing stats for write job c563a2ef-00f1-4046-b5a6-05f810a5c35c.
[2021-11-30 23:30:19,863] {spark_submit_hook.py:479} INFO - 21/11/30 23:30:19 INFO FileSourceStrategy: Pushed Filters: IsNotNull(includes)
[2021-11-30 23:30:19,863] {spark_submit_hook.py:479} INFO - 21/11/30 23:30:19 INFO FileSourceStrategy: Post-Scan Filters: isnotnull(includes#8),(size(includes#8.users, true) > 0),isnotnull(includes#8.users)
[2021-11-30 23:30:19,864] {spark_submit_hook.py:479} INFO - 21/11/30 23:30:19 INFO FileSourceStrategy: Output Data Schema: struct<includes: struct<users: array<struct<created_at:string,id:string,name:string,username:string>>>>
[2021-11-30 23:30:19,891] {spark_submit_hook.py:479} INFO - 21/11/30 23:30:19 INFO FileOutputCommitter: File Output Committer Algorithm version is 1
[2021-11-30 23:30:19,892] {spark_submit_hook.py:479} INFO - 21/11/30 23:30:19 INFO FileOutputCommitter: FileOutputCommitter skip cleanup _temporary folders under output directory:false, ignore cleanup failures: false
[2021-11-30 23:30:19,893] {spark_submit_hook.py:479} INFO - 21/11/30 23:30:19 INFO SQLHadoopMapReduceCommitProtocol: Using output committer class org.apache.hadoop.mapreduce.lib.output.FileOutputCommitter
[2021-11-30 23:30:19,947] {spark_submit_hook.py:479} INFO - 21/11/30 23:30:19 INFO CodeGenerator: Code generated in 25.658705 ms
[2021-11-30 23:30:19,987] {spark_submit_hook.py:479} INFO - 21/11/30 23:30:19 INFO CodeGenerator: Code generated in 30.552325 ms
[2021-11-30 23:30:19,996] {spark_submit_hook.py:479} INFO - 21/11/30 23:30:19 INFO MemoryStore: Block broadcast_4 stored as values in memory (estimated size 174.6 KiB, free 413.3 MiB)
[2021-11-30 23:30:20,015] {spark_submit_hook.py:479} INFO - 21/11/30 23:30:20 INFO MemoryStore: Block broadcast_4_piece0 stored as bytes in memory (estimated size 27.6 KiB, free 413.3 MiB)
[2021-11-30 23:30:20,016] {spark_submit_hook.py:479} INFO - 21/11/30 23:30:20 INFO BlockManagerInfo: Added broadcast_4_piece0 in memory on 10.0.2.15:38289 (size: 27.6 KiB, free: 413.8 MiB)
[2021-11-30 23:30:20,017] {spark_submit_hook.py:479} INFO - 21/11/30 23:30:20 INFO SparkContext: Created broadcast 4 from json at NativeMethodAccessorImpl.java:0
[2021-11-30 23:30:20,020] {spark_submit_hook.py:479} INFO - 21/11/30 23:30:20 INFO FileSourceScanExec: Planning scan with bin packing, max size: 4218115 bytes, open cost is considered as scanning 4194304 bytes.
[2021-11-30 23:30:20,089] {spark_submit_hook.py:479} INFO - 21/11/30 23:30:20 INFO SparkContext: Starting job: json at NativeMethodAccessorImpl.java:0
[2021-11-30 23:30:20,090] {spark_submit_hook.py:479} INFO - 21/11/30 23:30:20 INFO DAGScheduler: Got job 2 (json at NativeMethodAccessorImpl.java:0) with 1 output partitions
[2021-11-30 23:30:20,090] {spark_submit_hook.py:479} INFO - 21/11/30 23:30:20 INFO DAGScheduler: Final stage: ResultStage 2 (json at NativeMethodAccessorImpl.java:0)
[2021-11-30 23:30:20,090] {spark_submit_hook.py:479} INFO - 21/11/30 23:30:20 INFO DAGScheduler: Parents of final stage: List()
[2021-11-30 23:30:20,090] {spark_submit_hook.py:479} INFO - 21/11/30 23:30:20 INFO DAGScheduler: Missing parents: List()
[2021-11-30 23:30:20,091] {spark_submit_hook.py:479} INFO - 21/11/30 23:30:20 INFO DAGScheduler: Submitting ResultStage 2 (CoalescedRDD[25] at json at NativeMethodAccessorImpl.java:0), which has no missing parents
[2021-11-30 23:30:20,116] {spark_submit_hook.py:479} INFO - 21/11/30 23:30:20 INFO MemoryStore: Block broadcast_5 stored as values in memory (estimated size 185.1 KiB, free 413.1 MiB)
[2021-11-30 23:30:20,118] {spark_submit_hook.py:479} INFO - 21/11/30 23:30:20 INFO MemoryStore: Block broadcast_5_piece0 stored as bytes in memory (estimated size 66.2 KiB, free 413.0 MiB)
[2021-11-30 23:30:20,119] {spark_submit_hook.py:479} INFO - 21/11/30 23:30:20 INFO BlockManagerInfo: Added broadcast_5_piece0 in memory on 10.0.2.15:38289 (size: 66.2 KiB, free: 413.7 MiB)
[2021-11-30 23:30:20,119] {spark_submit_hook.py:479} INFO - 21/11/30 23:30:20 INFO SparkContext: Created broadcast 5 from broadcast at DAGScheduler.scala:1388
[2021-11-30 23:30:20,125] {spark_submit_hook.py:479} INFO - 21/11/30 23:30:20 INFO DAGScheduler: Submitting 1 missing tasks from ResultStage 2 (CoalescedRDD[25] at json at NativeMethodAccessorImpl.java:0) (first 15 tasks are for partitions Vector(0))
[2021-11-30 23:30:20,126] {spark_submit_hook.py:479} INFO - 21/11/30 23:30:20 INFO TaskSchedulerImpl: Adding task set 2.0 with 1 tasks resource profile 0
[2021-11-30 23:30:20,128] {spark_submit_hook.py:479} INFO - 21/11/30 23:30:20 INFO TaskSetManager: Starting task 0.0 in stage 2.0 (TID 2) (10.0.2.15, executor driver, partition 0, PROCESS_LOCAL, 5177 bytes) taskResourceAssignments Map()
[2021-11-30 23:30:20,128] {spark_submit_hook.py:479} INFO - 21/11/30 23:30:20 INFO Executor: Running task 0.0 in stage 2.0 (TID 2)
[2021-11-30 23:30:20,153] {spark_submit_hook.py:479} INFO - 21/11/30 23:30:20 INFO FileOutputCommitter: File Output Committer Algorithm version is 1
[2021-11-30 23:30:20,153] {spark_submit_hook.py:479} INFO - 21/11/30 23:30:20 INFO FileOutputCommitter: FileOutputCommitter skip cleanup _temporary folders under output directory:false, ignore cleanup failures: false
[2021-11-30 23:30:20,154] {spark_submit_hook.py:479} INFO - 21/11/30 23:30:20 INFO SQLHadoopMapReduceCommitProtocol: Using output committer class org.apache.hadoop.mapreduce.lib.output.FileOutputCommitter
[2021-11-30 23:30:20,226] {spark_submit_hook.py:479} INFO - 21/11/30 23:30:20 INFO CodeGenerator: Code generated in 27.289207 ms
[2021-11-30 23:30:20,238] {spark_submit_hook.py:479} INFO - 21/11/30 23:30:20 INFO FileScanRDD: Reading File path: file:///home/kauai/kauai/datapipeline/datalake/bronze/twitter_aluraonline/extract_date=2021-11-29/AluraOnline_20211129.json, range: 0-23811, partition values: [empty row]
[2021-11-30 23:30:20,264] {spark_submit_hook.py:479} INFO - 21/11/30 23:30:20 INFO CodeGenerator: Code generated in 24.373205 ms
[2021-11-30 23:30:20,276] {spark_submit_hook.py:479} INFO - 21/11/30 23:30:20 INFO CodeGenerator: Code generated in 7.995336 ms
[2021-11-30 23:30:20,302] {spark_submit_hook.py:479} INFO - 21/11/30 23:30:20 INFO FileOutputCommitter: Saved output of task 'attempt_202111302330203288565769145171668_0002_m_000000_2' to file:/home/kauai/kauai/datapipeline/datalake/silver/twitter_aluraonline/user/process_date=2021-11-29/_temporary/0/task_202111302330203288565769145171668_0002_m_000000
[2021-11-30 23:30:20,302] {spark_submit_hook.py:479} INFO - 21/11/30 23:30:20 INFO SparkHadoopMapRedUtil: attempt_202111302330203288565769145171668_0002_m_000000_2: Committed
[2021-11-30 23:30:20,304] {spark_submit_hook.py:479} INFO - 21/11/30 23:30:20 INFO Executor: Finished task 0.0 in stage 2.0 (TID 2). 2901 bytes result sent to driver
[2021-11-30 23:30:20,310] {spark_submit_hook.py:479} INFO - 21/11/30 23:30:20 INFO TaskSetManager: Finished task 0.0 in stage 2.0 (TID 2) in 184 ms on 10.0.2.15 (executor driver) (1/1)
[2021-11-30 23:30:20,315] {spark_submit_hook.py:479} INFO - 21/11/30 23:30:20 INFO DAGScheduler: ResultStage 2 (json at NativeMethodAccessorImpl.java:0) finished in 0,223 s
[2021-11-30 23:30:20,315] {spark_submit_hook.py:479} INFO - 21/11/30 23:30:20 INFO DAGScheduler: Job 2 is finished. Cancelling potential speculative or zombie tasks for this job
[2021-11-30 23:30:20,316] {spark_submit_hook.py:479} INFO - 21/11/30 23:30:20 INFO TaskSchedulerImpl: Removed TaskSet 2.0, whose tasks have all completed, from pool
[2021-11-30 23:30:20,317] {spark_submit_hook.py:479} INFO - 21/11/30 23:30:20 INFO TaskSchedulerImpl: Killing all running tasks in stage 2: Stage finished
[2021-11-30 23:30:20,317] {spark_submit_hook.py:479} INFO - 21/11/30 23:30:20 INFO DAGScheduler: Job 2 finished: json at NativeMethodAccessorImpl.java:0, took 0,227139 s
[2021-11-30 23:30:20,341] {spark_submit_hook.py:479} INFO - 21/11/30 23:30:20 INFO FileFormatWriter: Write Job f851ba20-43c5-41d1-a0fb-4e65b252b260 committed.
[2021-11-30 23:30:20,342] {spark_submit_hook.py:479} INFO - 21/11/30 23:30:20 INFO FileFormatWriter: Finished processing stats for write job f851ba20-43c5-41d1-a0fb-4e65b252b260.
[2021-11-30 23:30:20,414] {spark_submit_hook.py:479} INFO - 21/11/30 23:30:20 INFO SparkUI: Stopped Spark web UI at http://10.0.2.15:4040
[2021-11-30 23:30:20,431] {spark_submit_hook.py:479} INFO - 21/11/30 23:30:20 INFO MapOutputTrackerMasterEndpoint: MapOutputTrackerMasterEndpoint stopped!
[2021-11-30 23:30:20,444] {spark_submit_hook.py:479} INFO - 21/11/30 23:30:20 INFO MemoryStore: MemoryStore cleared
[2021-11-30 23:30:20,444] {spark_submit_hook.py:479} INFO - 21/11/30 23:30:20 INFO BlockManager: BlockManager stopped
[2021-11-30 23:30:20,448] {spark_submit_hook.py:479} INFO - 21/11/30 23:30:20 INFO BlockManagerMaster: BlockManagerMaster stopped
[2021-11-30 23:30:20,450] {spark_submit_hook.py:479} INFO - 21/11/30 23:30:20 INFO OutputCommitCoordinator$OutputCommitCoordinatorEndpoint: OutputCommitCoordinator stopped!
[2021-11-30 23:30:20,463] {spark_submit_hook.py:479} INFO - 21/11/30 23:30:20 INFO SparkContext: Successfully stopped SparkContext
[2021-11-30 23:30:20,474] {spark_submit_hook.py:479} INFO - 21/11/30 23:30:20 INFO ShutdownHookManager: Shutdown hook called
[2021-11-30 23:30:20,475] {spark_submit_hook.py:479} INFO - 21/11/30 23:30:20 INFO ShutdownHookManager: Deleting directory /tmp/spark-831d60be-bb9c-4888-982c-4050a07fac59
[2021-11-30 23:30:20,478] {spark_submit_hook.py:479} INFO - 21/11/30 23:30:20 INFO ShutdownHookManager: Deleting directory /tmp/spark-2853a403-d6f9-4ed8-b95d-62dc837443af
[2021-11-30 23:30:20,483] {spark_submit_hook.py:479} INFO - 21/11/30 23:30:20 INFO ShutdownHookManager: Deleting directory /tmp/spark-831d60be-bb9c-4888-982c-4050a07fac59/pyspark-750decae-65ed-4ffc-93fc-356947189b07
[2021-11-30 23:30:20,529] {taskinstance.py:1057} INFO - Marking task as SUCCESS.dag_id=twitter_dag, task_id=transform_twitter_aluraonline, execution_date=20211129T090000, start_date=20211201T023006, end_date=20211201T023020
[2021-11-30 23:30:21,077] {local_task_job.py:102} INFO - Task exited with return code 0
