[2021-12-02 23:32:00,407] {taskinstance.py:670} INFO - Dependencies all met for <TaskInstance: twitter_dag.transform_twitter_aluraonline 2021-11-29T09:00:00+00:00 [queued]>
[2021-12-02 23:32:00,413] {taskinstance.py:670} INFO - Dependencies all met for <TaskInstance: twitter_dag.transform_twitter_aluraonline 2021-11-29T09:00:00+00:00 [queued]>
[2021-12-02 23:32:00,413] {taskinstance.py:880} INFO - 
--------------------------------------------------------------------------------
[2021-12-02 23:32:00,413] {taskinstance.py:881} INFO - Starting attempt 3 of 3
[2021-12-02 23:32:00,413] {taskinstance.py:882} INFO - 
--------------------------------------------------------------------------------
[2021-12-02 23:32:00,420] {taskinstance.py:901} INFO - Executing <Task(SparkSubmitOperator): transform_twitter_aluraonline> on 2021-11-29T09:00:00+00:00
[2021-12-02 23:32:00,422] {standard_task_runner.py:54} INFO - Started process 14872 to run task
[2021-12-02 23:32:00,467] {standard_task_runner.py:77} INFO - Running: ['airflow', 'run', 'twitter_dag', 'transform_twitter_aluraonline', '2021-11-29T09:00:00+00:00', '--job_id', '66', '--pool', 'default_pool', '--raw', '-sd', 'DAGS_FOLDER/twitter_dag.py', '--cfg_path', '/tmp/tmp4xvqfodd']
[2021-12-02 23:32:00,467] {standard_task_runner.py:78} INFO - Job 66: Subtask transform_twitter_aluraonline
[2021-12-02 23:32:00,485] {logging_mixin.py:112} INFO - Running <TaskInstance: twitter_dag.transform_twitter_aluraonline 2021-11-29T09:00:00+00:00 [running]> on host kauai-VirtualBox
[2021-12-02 23:32:00,528] {base_hook.py:89} INFO - Using connection to: id: spark_default. Host: local, Port: None, Schema: None, Login: None, Password: None, extra: XXXXXXXX
[2021-12-02 23:32:00,529] {spark_submit_hook.py:325} INFO - Spark-Submit cmd: /home/kauai/spark-3.1.2-bin-hadoop3.2/bin/spark-submit --master local --name twitter_transformation /home/kauai/datapipeline/spark/transformation.py --src /home/kauai/datapipeline/datalake/bronze/twitter_aluraonline/extract_date=2021-11-29 --dest /home/kauai/datapipeline/datalake/silver/twitter_aluraonline/ --process-date 2021-11-29
[2021-12-02 23:32:01,922] {spark_submit_hook.py:479} INFO - 21/12/02 23:32:01 WARN Utils: Your hostname, kauai-VirtualBox resolves to a loopback address: 127.0.1.1; using 10.0.2.15 instead (on interface enp0s3)
[2021-12-02 23:32:01,926] {spark_submit_hook.py:479} INFO - 21/12/02 23:32:01 WARN Utils: Set SPARK_LOCAL_IP if you need to bind to another address
[2021-12-02 23:32:01,932] {spark_submit_hook.py:479} INFO - WARNING: An illegal reflective access operation has occurred
[2021-12-02 23:32:01,932] {spark_submit_hook.py:479} INFO - WARNING: Illegal reflective access by org.apache.spark.unsafe.Platform (file:/opt/spark/jars/spark-unsafe_2.12-3.1.2.jar) to constructor java.nio.DirectByteBuffer(long,int)
[2021-12-02 23:32:01,932] {spark_submit_hook.py:479} INFO - WARNING: Please consider reporting this to the maintainers of org.apache.spark.unsafe.Platform
[2021-12-02 23:32:01,932] {spark_submit_hook.py:479} INFO - WARNING: Use --illegal-access=warn to enable warnings of further illegal reflective access operations
[2021-12-02 23:32:01,936] {spark_submit_hook.py:479} INFO - WARNING: All illegal access operations will be denied in a future release
[2021-12-02 23:32:02,847] {spark_submit_hook.py:479} INFO - 21/12/02 23:32:02 WARN NativeCodeLoader: Unable to load native-hadoop library for your platform... using builtin-java classes where applicable
[2021-12-02 23:32:04,248] {spark_submit_hook.py:479} INFO - Using Spark's default log4j profile: org/apache/spark/log4j-defaults.properties
[2021-12-02 23:32:04,257] {spark_submit_hook.py:479} INFO - 21/12/02 23:32:04 INFO SparkContext: Running Spark version 3.1.2
[2021-12-02 23:32:04,323] {spark_submit_hook.py:479} INFO - 21/12/02 23:32:04 INFO ResourceUtils: ==============================================================
[2021-12-02 23:32:04,323] {spark_submit_hook.py:479} INFO - 21/12/02 23:32:04 INFO ResourceUtils: No custom resources configured for spark.driver.
[2021-12-02 23:32:04,324] {spark_submit_hook.py:479} INFO - 21/12/02 23:32:04 INFO ResourceUtils: ==============================================================
[2021-12-02 23:32:04,325] {spark_submit_hook.py:479} INFO - 21/12/02 23:32:04 INFO SparkContext: Submitted application: twitter_transformation
[2021-12-02 23:32:04,342] {spark_submit_hook.py:479} INFO - 21/12/02 23:32:04 INFO ResourceProfile: Default ResourceProfile created, executor resources: Map(cores -> name: cores, amount: 1, script: , vendor: , memory -> name: memory, amount: 1024, script: , vendor: , offHeap -> name: offHeap, amount: 0, script: , vendor: ), task resources: Map(cpus -> name: cpus, amount: 1.0)
[2021-12-02 23:32:04,352] {spark_submit_hook.py:479} INFO - 21/12/02 23:32:04 INFO ResourceProfile: Limiting resource is cpu
[2021-12-02 23:32:04,353] {spark_submit_hook.py:479} INFO - 21/12/02 23:32:04 INFO ResourceProfileManager: Added ResourceProfile id: 0
[2021-12-02 23:32:04,456] {spark_submit_hook.py:479} INFO - 21/12/02 23:32:04 INFO SecurityManager: Changing view acls to: kauai
[2021-12-02 23:32:04,456] {spark_submit_hook.py:479} INFO - 21/12/02 23:32:04 INFO SecurityManager: Changing modify acls to: kauai
[2021-12-02 23:32:04,457] {spark_submit_hook.py:479} INFO - 21/12/02 23:32:04 INFO SecurityManager: Changing view acls groups to:
[2021-12-02 23:32:04,457] {spark_submit_hook.py:479} INFO - 21/12/02 23:32:04 INFO SecurityManager: Changing modify acls groups to:
[2021-12-02 23:32:04,457] {spark_submit_hook.py:479} INFO - 21/12/02 23:32:04 INFO SecurityManager: SecurityManager: authentication disabled; ui acls disabled; users  with view permissions: Set(kauai); groups with view permissions: Set(); users  with modify permissions: Set(kauai); groups with modify permissions: Set()
[2021-12-02 23:32:04,891] {spark_submit_hook.py:479} INFO - 21/12/02 23:32:04 INFO Utils: Successfully started service 'sparkDriver' on port 38039.
[2021-12-02 23:32:04,931] {spark_submit_hook.py:479} INFO - 21/12/02 23:32:04 INFO SparkEnv: Registering MapOutputTracker
[2021-12-02 23:32:04,987] {spark_submit_hook.py:479} INFO - 21/12/02 23:32:04 INFO SparkEnv: Registering BlockManagerMaster
[2021-12-02 23:32:05,013] {spark_submit_hook.py:479} INFO - 21/12/02 23:32:05 INFO BlockManagerMasterEndpoint: Using org.apache.spark.storage.DefaultTopologyMapper for getting topology information
[2021-12-02 23:32:05,014] {spark_submit_hook.py:479} INFO - 21/12/02 23:32:05 INFO BlockManagerMasterEndpoint: BlockManagerMasterEndpoint up
[2021-12-02 23:32:05,023] {spark_submit_hook.py:479} INFO - 21/12/02 23:32:05 INFO SparkEnv: Registering BlockManagerMasterHeartbeat
[2021-12-02 23:32:05,042] {spark_submit_hook.py:479} INFO - 21/12/02 23:32:05 INFO DiskBlockManager: Created local directory at /tmp/blockmgr-15aa6e20-dd3c-475f-a37a-a46ac665baa3
[2021-12-02 23:32:05,069] {spark_submit_hook.py:479} INFO - 21/12/02 23:32:05 INFO MemoryStore: MemoryStore started with capacity 413.9 MiB
[2021-12-02 23:32:05,100] {spark_submit_hook.py:479} INFO - 21/12/02 23:32:05 INFO SparkEnv: Registering OutputCommitCoordinator
[2021-12-02 23:32:05,368] {spark_submit_hook.py:479} INFO - 21/12/02 23:32:05 WARN Utils: Service 'SparkUI' could not bind on port 4040. Attempting port 4041.
[2021-12-02 23:32:05,385] {spark_submit_hook.py:479} INFO - 21/12/02 23:32:05 INFO Utils: Successfully started service 'SparkUI' on port 4041.
[2021-12-02 23:32:05,493] {spark_submit_hook.py:479} INFO - 21/12/02 23:32:05 INFO SparkUI: Bound SparkUI to 0.0.0.0, and started at http://10.0.2.15:4041
[2021-12-02 23:32:05,800] {spark_submit_hook.py:479} INFO - 21/12/02 23:32:05 INFO Executor: Starting executor ID driver on host 10.0.2.15
[2021-12-02 23:32:05,858] {spark_submit_hook.py:479} INFO - 21/12/02 23:32:05 INFO Utils: Successfully started service 'org.apache.spark.network.netty.NettyBlockTransferService' on port 35131.
[2021-12-02 23:32:05,859] {spark_submit_hook.py:479} INFO - 21/12/02 23:32:05 INFO NettyBlockTransferService: Server created on 10.0.2.15:35131
[2021-12-02 23:32:05,859] {spark_submit_hook.py:479} INFO - 21/12/02 23:32:05 INFO BlockManager: Using org.apache.spark.storage.RandomBlockReplicationPolicy for block replication policy
[2021-12-02 23:32:05,867] {spark_submit_hook.py:479} INFO - 21/12/02 23:32:05 INFO BlockManagerMaster: Registering BlockManager BlockManagerId(driver, 10.0.2.15, 35131, None)
[2021-12-02 23:32:05,872] {spark_submit_hook.py:479} INFO - 21/12/02 23:32:05 INFO BlockManagerMasterEndpoint: Registering block manager 10.0.2.15:35131 with 413.9 MiB RAM, BlockManagerId(driver, 10.0.2.15, 35131, None)
[2021-12-02 23:32:05,874] {spark_submit_hook.py:479} INFO - 21/12/02 23:32:05 INFO BlockManagerMaster: Registered BlockManager BlockManagerId(driver, 10.0.2.15, 35131, None)
[2021-12-02 23:32:05,875] {spark_submit_hook.py:479} INFO - 21/12/02 23:32:05 INFO BlockManager: Initialized BlockManager: BlockManagerId(driver, 10.0.2.15, 35131, None)
[2021-12-02 23:32:06,974] {spark_submit_hook.py:479} INFO - 21/12/02 23:32:06 INFO SharedState: Setting hive.metastore.warehouse.dir ('null') to the value of spark.sql.warehouse.dir ('file:/home/kauai/datapipeline/spark-warehouse').
[2021-12-02 23:32:06,975] {spark_submit_hook.py:479} INFO - 21/12/02 23:32:06 INFO SharedState: Warehouse path is 'file:/home/kauai/datapipeline/spark-warehouse'.
[2021-12-02 23:32:08,638] {spark_submit_hook.py:479} INFO - 21/12/02 23:32:08 INFO InMemoryFileIndex: It took 167 ms to list leaf files for 1 paths.
[2021-12-02 23:32:08,882] {spark_submit_hook.py:479} INFO - 21/12/02 23:32:08 INFO InMemoryFileIndex: It took 7 ms to list leaf files for 1 paths.
[2021-12-02 23:32:12,225] {spark_submit_hook.py:479} INFO - 21/12/02 23:32:12 INFO FileSourceStrategy: Pushed Filters:
[2021-12-02 23:32:12,227] {spark_submit_hook.py:479} INFO - 21/12/02 23:32:12 INFO FileSourceStrategy: Post-Scan Filters:
[2021-12-02 23:32:12,261] {spark_submit_hook.py:479} INFO - 21/12/02 23:32:12 INFO FileSourceStrategy: Output Data Schema: struct<value: string>
[2021-12-02 23:32:13,335] {spark_submit_hook.py:479} INFO - 21/12/02 23:32:13 INFO MemoryStore: Block broadcast_0 stored as values in memory (estimated size 174.7 KiB, free 413.8 MiB)
[2021-12-02 23:32:13,488] {spark_submit_hook.py:479} INFO - 21/12/02 23:32:13 INFO MemoryStore: Block broadcast_0_piece0 stored as bytes in memory (estimated size 27.6 KiB, free 413.7 MiB)
[2021-12-02 23:32:13,490] {spark_submit_hook.py:479} INFO - 21/12/02 23:32:13 INFO BlockManagerInfo: Added broadcast_0_piece0 in memory on 10.0.2.15:35131 (size: 27.6 KiB, free: 413.9 MiB)
[2021-12-02 23:32:13,501] {spark_submit_hook.py:479} INFO - 21/12/02 23:32:13 INFO SparkContext: Created broadcast 0 from json at NativeMethodAccessorImpl.java:0
[2021-12-02 23:32:13,510] {spark_submit_hook.py:479} INFO - 21/12/02 23:32:13 INFO FileSourceScanExec: Planning scan with bin packing, max size: 4213655 bytes, open cost is considered as scanning 4194304 bytes.
[2021-12-02 23:32:13,744] {spark_submit_hook.py:479} INFO - 21/12/02 23:32:13 INFO SparkContext: Starting job: json at NativeMethodAccessorImpl.java:0
[2021-12-02 23:32:13,786] {spark_submit_hook.py:479} INFO - 21/12/02 23:32:13 INFO DAGScheduler: Got job 0 (json at NativeMethodAccessorImpl.java:0) with 1 output partitions
[2021-12-02 23:32:13,786] {spark_submit_hook.py:479} INFO - 21/12/02 23:32:13 INFO DAGScheduler: Final stage: ResultStage 0 (json at NativeMethodAccessorImpl.java:0)
[2021-12-02 23:32:13,787] {spark_submit_hook.py:479} INFO - 21/12/02 23:32:13 INFO DAGScheduler: Parents of final stage: List()
[2021-12-02 23:32:13,788] {spark_submit_hook.py:479} INFO - 21/12/02 23:32:13 INFO DAGScheduler: Missing parents: List()
[2021-12-02 23:32:13,806] {spark_submit_hook.py:479} INFO - 21/12/02 23:32:13 INFO DAGScheduler: Submitting ResultStage 0 (MapPartitionsRDD[3] at json at NativeMethodAccessorImpl.java:0), which has no missing parents
[2021-12-02 23:32:13,942] {spark_submit_hook.py:479} INFO - 21/12/02 23:32:13 INFO MemoryStore: Block broadcast_1 stored as values in memory (estimated size 12.0 KiB, free 413.7 MiB)
[2021-12-02 23:32:13,944] {spark_submit_hook.py:479} INFO - 21/12/02 23:32:13 INFO MemoryStore: Block broadcast_1_piece0 stored as bytes in memory (estimated size 6.3 KiB, free 413.7 MiB)
[2021-12-02 23:32:13,945] {spark_submit_hook.py:479} INFO - 21/12/02 23:32:13 INFO BlockManagerInfo: Added broadcast_1_piece0 in memory on 10.0.2.15:35131 (size: 6.3 KiB, free: 413.9 MiB)
[2021-12-02 23:32:13,948] {spark_submit_hook.py:479} INFO - 21/12/02 23:32:13 INFO SparkContext: Created broadcast 1 from broadcast at DAGScheduler.scala:1388
[2021-12-02 23:32:13,968] {spark_submit_hook.py:479} INFO - 21/12/02 23:32:13 INFO DAGScheduler: Submitting 1 missing tasks from ResultStage 0 (MapPartitionsRDD[3] at json at NativeMethodAccessorImpl.java:0) (first 15 tasks are for partitions Vector(0))
[2021-12-02 23:32:13,969] {spark_submit_hook.py:479} INFO - 21/12/02 23:32:13 INFO TaskSchedulerImpl: Adding task set 0.0 with 1 tasks resource profile 0
[2021-12-02 23:32:14,023] {spark_submit_hook.py:479} INFO - 21/12/02 23:32:14 INFO TaskSetManager: Starting task 0.0 in stage 0.0 (TID 0) (10.0.2.15, executor driver, partition 0, PROCESS_LOCAL, 4942 bytes) taskResourceAssignments Map()
[2021-12-02 23:32:14,057] {spark_submit_hook.py:479} INFO - 21/12/02 23:32:14 INFO Executor: Running task 0.0 in stage 0.0 (TID 0)
[2021-12-02 23:32:14,238] {spark_submit_hook.py:479} INFO - 21/12/02 23:32:14 INFO FileScanRDD: Reading File path: file:///home/kauai/datapipeline/datalake/bronze/twitter_aluraonline/extract_date=2021-11-29/AluraOnline_20211129.json, range: 0-19351, partition values: [empty row]
[2021-12-02 23:32:14,835] {spark_submit_hook.py:479} INFO - 21/12/02 23:32:14 INFO CodeGenerator: Code generated in 413.548484 ms
[2021-12-02 23:32:15,048] {spark_submit_hook.py:479} INFO - 21/12/02 23:32:15 INFO Executor: Finished task 0.0 in stage 0.0 (TID 0). 2858 bytes result sent to driver
[2021-12-02 23:32:15,090] {spark_submit_hook.py:479} INFO - 21/12/02 23:32:15 INFO TaskSetManager: Finished task 0.0 in stage 0.0 (TID 0) in 1070 ms on 10.0.2.15 (executor driver) (1/1)
[2021-12-02 23:32:15,141] {spark_submit_hook.py:479} INFO - 21/12/02 23:32:15 INFO DAGScheduler: ResultStage 0 (json at NativeMethodAccessorImpl.java:0) finished in 1,302 s
[2021-12-02 23:32:15,163] {spark_submit_hook.py:479} INFO - 21/12/02 23:32:15 INFO DAGScheduler: Job 0 is finished. Cancelling potential speculative or zombie tasks for this job
[2021-12-02 23:32:15,182] {spark_submit_hook.py:479} INFO - 21/12/02 23:32:15 INFO TaskSchedulerImpl: Removed TaskSet 0.0, whose tasks have all completed, from pool
[2021-12-02 23:32:15,183] {spark_submit_hook.py:479} INFO - 21/12/02 23:32:15 INFO TaskSchedulerImpl: Killing all running tasks in stage 0: Stage finished
[2021-12-02 23:32:15,198] {spark_submit_hook.py:479} INFO - 21/12/02 23:32:15 INFO DAGScheduler: Job 0 finished: json at NativeMethodAccessorImpl.java:0, took 1,426213 s
[2021-12-02 23:32:16,437] {spark_submit_hook.py:479} INFO - 21/12/02 23:32:16 INFO FileSourceStrategy: Pushed Filters: IsNotNull(data)
[2021-12-02 23:32:16,438] {spark_submit_hook.py:479} INFO - 21/12/02 23:32:16 INFO FileSourceStrategy: Post-Scan Filters: (size(data#7, true) > 0),isnotnull(data#7)
[2021-12-02 23:32:16,440] {spark_submit_hook.py:479} INFO - 21/12/02 23:32:16 INFO FileSourceStrategy: Output Data Schema: struct<data: array<struct<author_id:string,conversation_id:string,created_at:string,id:string,in_reply_to_user_id:string,public_metrics:struct<like_count:bigint,quote_count:bigint,reply_count:bigint,retweet_count:bigint>,text:string>>>
[2021-12-02 23:32:16,617] {spark_submit_hook.py:479} INFO - 21/12/02 23:32:16 INFO BlockManagerInfo: Removed broadcast_1_piece0 on 10.0.2.15:35131 in memory (size: 6.3 KiB, free: 413.9 MiB)
[2021-12-02 23:32:16,632] {spark_submit_hook.py:479} INFO - 21/12/02 23:32:16 INFO FileOutputCommitter: File Output Committer Algorithm version is 1
[2021-12-02 23:32:16,634] {spark_submit_hook.py:479} INFO - 21/12/02 23:32:16 INFO FileOutputCommitter: FileOutputCommitter skip cleanup _temporary folders under output directory:false, ignore cleanup failures: false
[2021-12-02 23:32:16,637] {spark_submit_hook.py:479} INFO - 21/12/02 23:32:16 INFO SQLHadoopMapReduceCommitProtocol: Using output committer class org.apache.hadoop.mapreduce.lib.output.FileOutputCommitter
[2021-12-02 23:32:16,638] {spark_submit_hook.py:479} INFO - 21/12/02 23:32:16 INFO BlockManagerInfo: Removed broadcast_0_piece0 on 10.0.2.15:35131 in memory (size: 27.6 KiB, free: 413.9 MiB)
[2021-12-02 23:32:16,836] {spark_submit_hook.py:479} INFO - 21/12/02 23:32:16 INFO CodeGenerator: Code generated in 82.047337 ms
[2021-12-02 23:32:17,037] {spark_submit_hook.py:479} INFO - 21/12/02 23:32:17 INFO CodeGenerator: Code generated in 125.049596 ms
[2021-12-02 23:32:17,074] {spark_submit_hook.py:479} INFO - 21/12/02 23:32:17 INFO MemoryStore: Block broadcast_2 stored as values in memory (estimated size 174.6 KiB, free 413.8 MiB)
[2021-12-02 23:32:17,105] {spark_submit_hook.py:479} INFO - 21/12/02 23:32:17 INFO MemoryStore: Block broadcast_2_piece0 stored as bytes in memory (estimated size 27.6 KiB, free 413.7 MiB)
[2021-12-02 23:32:17,106] {spark_submit_hook.py:479} INFO - 21/12/02 23:32:17 INFO BlockManagerInfo: Added broadcast_2_piece0 in memory on 10.0.2.15:35131 (size: 27.6 KiB, free: 413.9 MiB)
[2021-12-02 23:32:17,116] {spark_submit_hook.py:479} INFO - 21/12/02 23:32:17 INFO SparkContext: Created broadcast 2 from json at NativeMethodAccessorImpl.java:0
[2021-12-02 23:32:17,131] {spark_submit_hook.py:479} INFO - 21/12/02 23:32:17 INFO FileSourceScanExec: Planning scan with bin packing, max size: 4213655 bytes, open cost is considered as scanning 4194304 bytes.
[2021-12-02 23:32:17,435] {spark_submit_hook.py:479} INFO - 21/12/02 23:32:17 INFO SparkContext: Starting job: json at NativeMethodAccessorImpl.java:0
[2021-12-02 23:32:17,438] {spark_submit_hook.py:479} INFO - 21/12/02 23:32:17 INFO DAGScheduler: Got job 1 (json at NativeMethodAccessorImpl.java:0) with 1 output partitions
[2021-12-02 23:32:17,438] {spark_submit_hook.py:479} INFO - 21/12/02 23:32:17 INFO DAGScheduler: Final stage: ResultStage 1 (json at NativeMethodAccessorImpl.java:0)
[2021-12-02 23:32:17,442] {spark_submit_hook.py:479} INFO - 21/12/02 23:32:17 INFO DAGScheduler: Parents of final stage: List()
[2021-12-02 23:32:17,442] {spark_submit_hook.py:479} INFO - 21/12/02 23:32:17 INFO DAGScheduler: Missing parents: List()
[2021-12-02 23:32:17,452] {spark_submit_hook.py:479} INFO - 21/12/02 23:32:17 INFO DAGScheduler: Submitting ResultStage 1 (CoalescedRDD[13] at json at NativeMethodAccessorImpl.java:0), which has no missing parents
[2021-12-02 23:32:17,574] {spark_submit_hook.py:479} INFO - 21/12/02 23:32:17 INFO MemoryStore: Block broadcast_3 stored as values in memory (estimated size 188.7 KiB, free 413.5 MiB)
[2021-12-02 23:32:17,587] {spark_submit_hook.py:479} INFO - 21/12/02 23:32:17 INFO MemoryStore: Block broadcast_3_piece0 stored as bytes in memory (estimated size 66.6 KiB, free 413.5 MiB)
[2021-12-02 23:32:17,589] {spark_submit_hook.py:479} INFO - 21/12/02 23:32:17 INFO BlockManagerInfo: Added broadcast_3_piece0 in memory on 10.0.2.15:35131 (size: 66.6 KiB, free: 413.8 MiB)
[2021-12-02 23:32:17,594] {spark_submit_hook.py:479} INFO - 21/12/02 23:32:17 INFO SparkContext: Created broadcast 3 from broadcast at DAGScheduler.scala:1388
[2021-12-02 23:32:17,599] {spark_submit_hook.py:479} INFO - 21/12/02 23:32:17 INFO DAGScheduler: Submitting 1 missing tasks from ResultStage 1 (CoalescedRDD[13] at json at NativeMethodAccessorImpl.java:0) (first 15 tasks are for partitions Vector(0))
[2021-12-02 23:32:17,602] {spark_submit_hook.py:479} INFO - 21/12/02 23:32:17 INFO TaskSchedulerImpl: Adding task set 1.0 with 1 tasks resource profile 0
[2021-12-02 23:32:17,609] {spark_submit_hook.py:479} INFO - 21/12/02 23:32:17 INFO TaskSetManager: Starting task 0.0 in stage 1.0 (TID 1) (10.0.2.15, executor driver, partition 0, PROCESS_LOCAL, 5171 bytes) taskResourceAssignments Map()
[2021-12-02 23:32:17,614] {spark_submit_hook.py:479} INFO - 21/12/02 23:32:17 INFO Executor: Running task 0.0 in stage 1.0 (TID 1)
[2021-12-02 23:32:17,843] {spark_submit_hook.py:479} INFO - 21/12/02 23:32:17 INFO FileOutputCommitter: File Output Committer Algorithm version is 1
[2021-12-02 23:32:17,843] {spark_submit_hook.py:479} INFO - 21/12/02 23:32:17 INFO FileOutputCommitter: FileOutputCommitter skip cleanup _temporary folders under output directory:false, ignore cleanup failures: false
[2021-12-02 23:32:17,845] {spark_submit_hook.py:479} INFO - 21/12/02 23:32:17 INFO SQLHadoopMapReduceCommitProtocol: Using output committer class org.apache.hadoop.mapreduce.lib.output.FileOutputCommitter
[2021-12-02 23:32:17,962] {spark_submit_hook.py:479} INFO - 21/12/02 23:32:17 INFO CodeGenerator: Code generated in 44.125009 ms
[2021-12-02 23:32:17,975] {spark_submit_hook.py:479} INFO - 21/12/02 23:32:17 INFO FileScanRDD: Reading File path: file:///home/kauai/datapipeline/datalake/bronze/twitter_aluraonline/extract_date=2021-11-29/AluraOnline_20211129.json, range: 0-19351, partition values: [empty row]
[2021-12-02 23:32:18,046] {spark_submit_hook.py:479} INFO - 21/12/02 23:32:18 INFO CodeGenerator: Code generated in 68.749841 ms
[2021-12-02 23:32:18,087] {spark_submit_hook.py:479} INFO - 21/12/02 23:32:18 INFO CodeGenerator: Code generated in 7.804699 ms
[2021-12-02 23:32:18,165] {spark_submit_hook.py:479} INFO - 21/12/02 23:32:18 INFO FileOutputCommitter: Saved output of task 'attempt_202112022332174995263971251585307_0001_m_000000_1' to file:/home/kauai/datapipeline/datalake/silver/twitter_aluraonline/tweet/process_date=2021-11-29/_temporary/0/task_202112022332174995263971251585307_0001_m_000000
[2021-12-02 23:32:18,165] {spark_submit_hook.py:479} INFO - 21/12/02 23:32:18 INFO SparkHadoopMapRedUtil: attempt_202112022332174995263971251585307_0001_m_000000_1: Committed
[2021-12-02 23:32:18,170] {spark_submit_hook.py:479} INFO - 21/12/02 23:32:18 INFO Executor: Finished task 0.0 in stage 1.0 (TID 1). 2944 bytes result sent to driver
[2021-12-02 23:32:18,182] {spark_submit_hook.py:479} INFO - 21/12/02 23:32:18 INFO TaskSetManager: Finished task 0.0 in stage 1.0 (TID 1) in 577 ms on 10.0.2.15 (executor driver) (1/1)
[2021-12-02 23:32:18,183] {spark_submit_hook.py:479} INFO - 21/12/02 23:32:18 INFO DAGScheduler: ResultStage 1 (json at NativeMethodAccessorImpl.java:0) finished in 0,729 s
[2021-12-02 23:32:18,183] {spark_submit_hook.py:479} INFO - 21/12/02 23:32:18 INFO DAGScheduler: Job 1 is finished. Cancelling potential speculative or zombie tasks for this job
[2021-12-02 23:32:18,196] {spark_submit_hook.py:479} INFO - 21/12/02 23:32:18 INFO TaskSchedulerImpl: Removed TaskSet 1.0, whose tasks have all completed, from pool
[2021-12-02 23:32:18,198] {spark_submit_hook.py:479} INFO - 21/12/02 23:32:18 INFO TaskSchedulerImpl: Killing all running tasks in stage 1: Stage finished
[2021-12-02 23:32:18,198] {spark_submit_hook.py:479} INFO - 21/12/02 23:32:18 INFO DAGScheduler: Job 1 finished: json at NativeMethodAccessorImpl.java:0, took 0,761182 s
[2021-12-02 23:32:18,223] {spark_submit_hook.py:479} INFO - 21/12/02 23:32:18 INFO FileFormatWriter: Write Job 91fd3a27-163c-4f83-86b1-f3d52f492792 committed.
[2021-12-02 23:32:18,230] {spark_submit_hook.py:479} INFO - 21/12/02 23:32:18 INFO FileFormatWriter: Finished processing stats for write job 91fd3a27-163c-4f83-86b1-f3d52f492792.
[2021-12-02 23:32:18,422] {spark_submit_hook.py:479} INFO - 21/12/02 23:32:18 INFO FileSourceStrategy: Pushed Filters: IsNotNull(includes)
[2021-12-02 23:32:18,422] {spark_submit_hook.py:479} INFO - 21/12/02 23:32:18 INFO FileSourceStrategy: Post-Scan Filters: isnotnull(includes#8),(size(includes#8.users, true) > 0),isnotnull(includes#8.users)
[2021-12-02 23:32:18,427] {spark_submit_hook.py:479} INFO - 21/12/02 23:32:18 INFO FileSourceStrategy: Output Data Schema: struct<includes: struct<users: array<struct<created_at:string,id:string,name:string,username:string>>>>
[2021-12-02 23:32:18,459] {spark_submit_hook.py:479} INFO - 21/12/02 23:32:18 INFO FileOutputCommitter: File Output Committer Algorithm version is 1
[2021-12-02 23:32:18,462] {spark_submit_hook.py:479} INFO - 21/12/02 23:32:18 INFO FileOutputCommitter: FileOutputCommitter skip cleanup _temporary folders under output directory:false, ignore cleanup failures: false
[2021-12-02 23:32:18,462] {spark_submit_hook.py:479} INFO - 21/12/02 23:32:18 INFO SQLHadoopMapReduceCommitProtocol: Using output committer class org.apache.hadoop.mapreduce.lib.output.FileOutputCommitter
[2021-12-02 23:32:18,535] {spark_submit_hook.py:479} INFO - 21/12/02 23:32:18 INFO CodeGenerator: Code generated in 33.581741 ms
[2021-12-02 23:32:18,571] {spark_submit_hook.py:479} INFO - 21/12/02 23:32:18 INFO CodeGenerator: Code generated in 25.442607 ms
[2021-12-02 23:32:18,583] {spark_submit_hook.py:479} INFO - 21/12/02 23:32:18 INFO MemoryStore: Block broadcast_4 stored as values in memory (estimated size 174.6 KiB, free 413.3 MiB)
[2021-12-02 23:32:18,630] {spark_submit_hook.py:479} INFO - 21/12/02 23:32:18 INFO MemoryStore: Block broadcast_4_piece0 stored as bytes in memory (estimated size 27.6 KiB, free 413.3 MiB)
[2021-12-02 23:32:18,631] {spark_submit_hook.py:479} INFO - 21/12/02 23:32:18 INFO BlockManagerInfo: Added broadcast_4_piece0 in memory on 10.0.2.15:35131 (size: 27.6 KiB, free: 413.8 MiB)
[2021-12-02 23:32:18,632] {spark_submit_hook.py:479} INFO - 21/12/02 23:32:18 INFO SparkContext: Created broadcast 4 from json at NativeMethodAccessorImpl.java:0
[2021-12-02 23:32:18,633] {spark_submit_hook.py:479} INFO - 21/12/02 23:32:18 INFO FileSourceScanExec: Planning scan with bin packing, max size: 4213655 bytes, open cost is considered as scanning 4194304 bytes.
[2021-12-02 23:32:18,783] {spark_submit_hook.py:479} INFO - 21/12/02 23:32:18 INFO SparkContext: Starting job: json at NativeMethodAccessorImpl.java:0
[2021-12-02 23:32:18,788] {spark_submit_hook.py:479} INFO - 21/12/02 23:32:18 INFO DAGScheduler: Got job 2 (json at NativeMethodAccessorImpl.java:0) with 1 output partitions
[2021-12-02 23:32:18,788] {spark_submit_hook.py:479} INFO - 21/12/02 23:32:18 INFO DAGScheduler: Final stage: ResultStage 2 (json at NativeMethodAccessorImpl.java:0)
[2021-12-02 23:32:18,788] {spark_submit_hook.py:479} INFO - 21/12/02 23:32:18 INFO DAGScheduler: Parents of final stage: List()
[2021-12-02 23:32:18,788] {spark_submit_hook.py:479} INFO - 21/12/02 23:32:18 INFO DAGScheduler: Missing parents: List()
[2021-12-02 23:32:18,790] {spark_submit_hook.py:479} INFO - 21/12/02 23:32:18 INFO DAGScheduler: Submitting ResultStage 2 (CoalescedRDD[25] at json at NativeMethodAccessorImpl.java:0), which has no missing parents
[2021-12-02 23:32:18,857] {spark_submit_hook.py:479} INFO - 21/12/02 23:32:18 INFO MemoryStore: Block broadcast_5 stored as values in memory (estimated size 185.1 KiB, free 413.1 MiB)
[2021-12-02 23:32:18,863] {spark_submit_hook.py:479} INFO - 21/12/02 23:32:18 INFO MemoryStore: Block broadcast_5_piece0 stored as bytes in memory (estimated size 66.1 KiB, free 413.0 MiB)
[2021-12-02 23:32:18,864] {spark_submit_hook.py:479} INFO - 21/12/02 23:32:18 INFO BlockManagerInfo: Added broadcast_5_piece0 in memory on 10.0.2.15:35131 (size: 66.1 KiB, free: 413.7 MiB)
[2021-12-02 23:32:18,864] {spark_submit_hook.py:479} INFO - 21/12/02 23:32:18 INFO SparkContext: Created broadcast 5 from broadcast at DAGScheduler.scala:1388
[2021-12-02 23:32:18,865] {spark_submit_hook.py:479} INFO - 21/12/02 23:32:18 INFO DAGScheduler: Submitting 1 missing tasks from ResultStage 2 (CoalescedRDD[25] at json at NativeMethodAccessorImpl.java:0) (first 15 tasks are for partitions Vector(0))
[2021-12-02 23:32:18,867] {spark_submit_hook.py:479} INFO - 21/12/02 23:32:18 INFO TaskSchedulerImpl: Adding task set 2.0 with 1 tasks resource profile 0
[2021-12-02 23:32:18,868] {spark_submit_hook.py:479} INFO - 21/12/02 23:32:18 INFO TaskSetManager: Starting task 0.0 in stage 2.0 (TID 2) (10.0.2.15, executor driver, partition 0, PROCESS_LOCAL, 5171 bytes) taskResourceAssignments Map()
[2021-12-02 23:32:18,869] {spark_submit_hook.py:479} INFO - 21/12/02 23:32:18 INFO Executor: Running task 0.0 in stage 2.0 (TID 2)
[2021-12-02 23:32:18,893] {spark_submit_hook.py:479} INFO - 21/12/02 23:32:18 INFO FileOutputCommitter: File Output Committer Algorithm version is 1
[2021-12-02 23:32:18,898] {spark_submit_hook.py:479} INFO - 21/12/02 23:32:18 INFO FileOutputCommitter: FileOutputCommitter skip cleanup _temporary folders under output directory:false, ignore cleanup failures: false
[2021-12-02 23:32:18,899] {spark_submit_hook.py:479} INFO - 21/12/02 23:32:18 INFO SQLHadoopMapReduceCommitProtocol: Using output committer class org.apache.hadoop.mapreduce.lib.output.FileOutputCommitter
[2021-12-02 23:32:18,976] {spark_submit_hook.py:479} INFO - 21/12/02 23:32:18 INFO CodeGenerator: Code generated in 30.046878 ms
[2021-12-02 23:32:18,986] {spark_submit_hook.py:479} INFO - 21/12/02 23:32:18 INFO FileScanRDD: Reading File path: file:///home/kauai/datapipeline/datalake/bronze/twitter_aluraonline/extract_date=2021-11-29/AluraOnline_20211129.json, range: 0-19351, partition values: [empty row]
[2021-12-02 23:32:19,042] {spark_submit_hook.py:479} INFO - 21/12/02 23:32:19 INFO CodeGenerator: Code generated in 46.930103 ms
[2021-12-02 23:32:19,063] {spark_submit_hook.py:479} INFO - 21/12/02 23:32:19 INFO CodeGenerator: Code generated in 9.748448 ms
[2021-12-02 23:32:19,087] {spark_submit_hook.py:479} INFO - 21/12/02 23:32:19 INFO FileOutputCommitter: Saved output of task 'attempt_202112022332184871335565325862667_0002_m_000000_2' to file:/home/kauai/datapipeline/datalake/silver/twitter_aluraonline/user/process_date=2021-11-29/_temporary/0/task_202112022332184871335565325862667_0002_m_000000
[2021-12-02 23:32:19,089] {spark_submit_hook.py:479} INFO - 21/12/02 23:32:19 INFO SparkHadoopMapRedUtil: attempt_202112022332184871335565325862667_0002_m_000000_2: Committed
[2021-12-02 23:32:19,092] {spark_submit_hook.py:479} INFO - 21/12/02 23:32:19 INFO Executor: Finished task 0.0 in stage 2.0 (TID 2). 2901 bytes result sent to driver
[2021-12-02 23:32:19,100] {spark_submit_hook.py:479} INFO - 21/12/02 23:32:19 INFO TaskSetManager: Finished task 0.0 in stage 2.0 (TID 2) in 232 ms on 10.0.2.15 (executor driver) (1/1)
[2021-12-02 23:32:19,104] {spark_submit_hook.py:479} INFO - 21/12/02 23:32:19 INFO DAGScheduler: ResultStage 2 (json at NativeMethodAccessorImpl.java:0) finished in 0,310 s
[2021-12-02 23:32:19,104] {spark_submit_hook.py:479} INFO - 21/12/02 23:32:19 INFO DAGScheduler: Job 2 is finished. Cancelling potential speculative or zombie tasks for this job
[2021-12-02 23:32:19,105] {spark_submit_hook.py:479} INFO - 21/12/02 23:32:19 INFO TaskSchedulerImpl: Removed TaskSet 2.0, whose tasks have all completed, from pool
[2021-12-02 23:32:19,105] {spark_submit_hook.py:479} INFO - 21/12/02 23:32:19 INFO TaskSchedulerImpl: Killing all running tasks in stage 2: Stage finished
[2021-12-02 23:32:19,107] {spark_submit_hook.py:479} INFO - 21/12/02 23:32:19 INFO DAGScheduler: Job 2 finished: json at NativeMethodAccessorImpl.java:0, took 0,320602 s
[2021-12-02 23:32:19,137] {spark_submit_hook.py:479} INFO - 21/12/02 23:32:19 INFO FileFormatWriter: Write Job 9c4574f4-8649-4ff9-9589-3e7e15112307 committed.
[2021-12-02 23:32:19,137] {spark_submit_hook.py:479} INFO - 21/12/02 23:32:19 INFO FileFormatWriter: Finished processing stats for write job 9c4574f4-8649-4ff9-9589-3e7e15112307.
[2021-12-02 23:32:19,218] {spark_submit_hook.py:479} INFO - 21/12/02 23:32:19 INFO SparkUI: Stopped Spark web UI at http://10.0.2.15:4041
[2021-12-02 23:32:19,238] {spark_submit_hook.py:479} INFO - 21/12/02 23:32:19 INFO MapOutputTrackerMasterEndpoint: MapOutputTrackerMasterEndpoint stopped!
[2021-12-02 23:32:19,259] {spark_submit_hook.py:479} INFO - 21/12/02 23:32:19 INFO MemoryStore: MemoryStore cleared
[2021-12-02 23:32:19,259] {spark_submit_hook.py:479} INFO - 21/12/02 23:32:19 INFO BlockManager: BlockManager stopped
[2021-12-02 23:32:19,263] {spark_submit_hook.py:479} INFO - 21/12/02 23:32:19 INFO BlockManagerMaster: BlockManagerMaster stopped
[2021-12-02 23:32:19,265] {spark_submit_hook.py:479} INFO - 21/12/02 23:32:19 INFO OutputCommitCoordinator$OutputCommitCoordinatorEndpoint: OutputCommitCoordinator stopped!
[2021-12-02 23:32:19,276] {spark_submit_hook.py:479} INFO - 21/12/02 23:32:19 INFO SparkContext: Successfully stopped SparkContext
[2021-12-02 23:32:19,286] {spark_submit_hook.py:479} INFO - 21/12/02 23:32:19 INFO ShutdownHookManager: Shutdown hook called
[2021-12-02 23:32:19,287] {spark_submit_hook.py:479} INFO - 21/12/02 23:32:19 INFO ShutdownHookManager: Deleting directory /tmp/spark-8d6400af-08bb-4bb7-9a80-834fa8e8b405/pyspark-c1d18215-b57e-4609-b681-20b95ae11ce1
[2021-12-02 23:32:19,290] {spark_submit_hook.py:479} INFO - 21/12/02 23:32:19 INFO ShutdownHookManager: Deleting directory /tmp/spark-8d6400af-08bb-4bb7-9a80-834fa8e8b405
[2021-12-02 23:32:19,294] {spark_submit_hook.py:479} INFO - 21/12/02 23:32:19 INFO ShutdownHookManager: Deleting directory /tmp/spark-a5731233-333b-4c5f-9370-b7ed6bad4204
[2021-12-02 23:32:19,373] {taskinstance.py:1057} INFO - Marking task as SUCCESS.dag_id=twitter_dag, task_id=transform_twitter_aluraonline, execution_date=20211129T090000, start_date=20211203T023200, end_date=20211203T023219
[2021-12-02 23:32:20,417] {local_task_job.py:102} INFO - Task exited with return code 0
