[2021-12-03 22:06:00,251] {taskinstance.py:670} INFO - Dependencies all met for <TaskInstance: twitter_dag.twitter_vascodagama 2021-12-02T09:00:00+00:00 [queued]>
[2021-12-03 22:06:00,260] {taskinstance.py:670} INFO - Dependencies all met for <TaskInstance: twitter_dag.twitter_vascodagama 2021-12-02T09:00:00+00:00 [queued]>
[2021-12-03 22:06:00,260] {taskinstance.py:880} INFO - 
--------------------------------------------------------------------------------
[2021-12-03 22:06:00,260] {taskinstance.py:881} INFO - Starting attempt 5 of 5
[2021-12-03 22:06:00,260] {taskinstance.py:882} INFO - 
--------------------------------------------------------------------------------
[2021-12-03 22:06:00,268] {taskinstance.py:901} INFO - Executing <Task(TwitterOperator): twitter_vascodagama> on 2021-12-02T09:00:00+00:00
[2021-12-03 22:06:00,268] {standard_task_runner.py:54} INFO - Started process 2978 to run task
[2021-12-03 22:06:00,320] {standard_task_runner.py:77} INFO - Running: ['airflow', 'run', 'twitter_dag', 'twitter_vascodagama', '2021-12-02T09:00:00+00:00', '--job_id', '92', '--pool', 'default_pool', '--raw', '-sd', 'DAGS_FOLDER/twitter_dag.py', '--cfg_path', '/tmp/tmpnd0xfmzj']
[2021-12-03 22:06:00,320] {standard_task_runner.py:78} INFO - Job 92: Subtask twitter_vascodagama
[2021-12-03 22:06:00,336] {logging_mixin.py:112} INFO - Running <TaskInstance: twitter_dag.twitter_vascodagama 2021-12-02T09:00:00+00:00 [running]> on host kauai-VirtualBox
[2021-12-03 22:06:00,366] {base_hook.py:89} INFO - Using connection to: id: twitter_default. Host: https://api.twitter.com, Port: None, Schema: None, Login: None, Password: None, extra: XXXXXXXX
[2021-12-03 22:06:00,367] {twitter_hook.py:36} INFO - URL: https://api.twitter.com/2/tweets/search/recent?query=VascodaGama&tweet.fields=author_id,conversation_id,created_at,id,in_reply_to_user_id,public_metrics,text&expansions=author_id&user.fields=id,name,username,created_at&start_time=2021-12-02T09:00:00.00Z&end_time=2021-12-03T09:00:00.00Z
[2021-12-03 22:06:00,622] {logging_mixin.py:112} WARNING - /home/kauai/datapipeline/venv/lib/python3.8/site-packages/urllib3/connectionpool.py:981: InsecureRequestWarning: Unverified HTTPS request is being made to host 'api.twitter.com'. Adding certificate verification is strongly advised. See: https://urllib3.readthedocs.io/en/latest/advanced-usage.html#ssl-warnings
  warnings.warn(
[2021-12-03 22:06:01,028] {twitter_hook.py:36} INFO - URL: https://api.twitter.com/2/tweets/search/recent?query=VascodaGama&tweet.fields=author_id,conversation_id,created_at,id,in_reply_to_user_id,public_metrics,text&expansions=author_id&user.fields=id,name,username,created_at&start_time=2021-12-02T09:00:00.00Z&end_time=2021-12-03T09:00:00.00Z&next_token=b26v89c19zqg8o3fpdy83ger8jgr8qs9afvab8r2u0jnh
[2021-12-03 22:06:01,028] {logging_mixin.py:112} WARNING - /home/kauai/datapipeline/venv/lib/python3.8/site-packages/urllib3/connectionpool.py:981: InsecureRequestWarning: Unverified HTTPS request is being made to host 'api.twitter.com'. Adding certificate verification is strongly advised. See: https://urllib3.readthedocs.io/en/latest/advanced-usage.html#ssl-warnings
  warnings.warn(
[2021-12-03 22:06:01,428] {twitter_hook.py:36} INFO - URL: https://api.twitter.com/2/tweets/search/recent?query=VascodaGama&tweet.fields=author_id,conversation_id,created_at,id,in_reply_to_user_id,public_metrics,text&expansions=author_id&user.fields=id,name,username,created_at&start_time=2021-12-02T09:00:00.00Z&end_time=2021-12-03T09:00:00.00Z&next_token=b26v89c19zqg8o3fpdy83gegg4xzj3o759li95rp25mkd
[2021-12-03 22:06:01,429] {logging_mixin.py:112} WARNING - /home/kauai/datapipeline/venv/lib/python3.8/site-packages/urllib3/connectionpool.py:981: InsecureRequestWarning: Unverified HTTPS request is being made to host 'api.twitter.com'. Adding certificate verification is strongly advised. See: https://urllib3.readthedocs.io/en/latest/advanced-usage.html#ssl-warnings
  warnings.warn(
[2021-12-03 22:06:01,829] {twitter_hook.py:36} INFO - URL: https://api.twitter.com/2/tweets/search/recent?query=VascodaGama&tweet.fields=author_id,conversation_id,created_at,id,in_reply_to_user_id,public_metrics,text&expansions=author_id&user.fields=id,name,username,created_at&start_time=2021-12-02T09:00:00.00Z&end_time=2021-12-03T09:00:00.00Z&next_token=b26v89c19zqg8o3fpdy83gdv2u0wsfhloqv20rb2qa0e5
[2021-12-03 22:06:01,830] {logging_mixin.py:112} WARNING - /home/kauai/datapipeline/venv/lib/python3.8/site-packages/urllib3/connectionpool.py:981: InsecureRequestWarning: Unverified HTTPS request is being made to host 'api.twitter.com'. Adding certificate verification is strongly advised. See: https://urllib3.readthedocs.io/en/latest/advanced-usage.html#ssl-warnings
  warnings.warn(
[2021-12-03 22:06:02,224] {twitter_hook.py:36} INFO - URL: https://api.twitter.com/2/tweets/search/recent?query=VascodaGama&tweet.fields=author_id,conversation_id,created_at,id,in_reply_to_user_id,public_metrics,text&expansions=author_id&user.fields=id,name,username,created_at&start_time=2021-12-02T09:00:00.00Z&end_time=2021-12-03T09:00:00.00Z&next_token=b26v89c19zqg8o3fpdy83gdkbxpa3l9s7fj8yk6zz4scd
[2021-12-03 22:06:02,224] {logging_mixin.py:112} WARNING - /home/kauai/datapipeline/venv/lib/python3.8/site-packages/urllib3/connectionpool.py:981: InsecureRequestWarning: Unverified HTTPS request is being made to host 'api.twitter.com'. Adding certificate verification is strongly advised. See: https://urllib3.readthedocs.io/en/latest/advanced-usage.html#ssl-warnings
  warnings.warn(
[2021-12-03 22:06:02,617] {twitter_hook.py:36} INFO - URL: https://api.twitter.com/2/tweets/search/recent?query=VascodaGama&tweet.fields=author_id,conversation_id,created_at,id,in_reply_to_user_id,public_metrics,text&expansions=author_id&user.fields=id,name,username,created_at&start_time=2021-12-02T09:00:00.00Z&end_time=2021-12-03T09:00:00.00Z&next_token=b26v89c19zqg8o3fpdy83gdk5usbv11het8cypzzltocd
[2021-12-03 22:06:02,618] {logging_mixin.py:112} WARNING - /home/kauai/datapipeline/venv/lib/python3.8/site-packages/urllib3/connectionpool.py:981: InsecureRequestWarning: Unverified HTTPS request is being made to host 'api.twitter.com'. Adding certificate verification is strongly advised. See: https://urllib3.readthedocs.io/en/latest/advanced-usage.html#ssl-warnings
  warnings.warn(
[2021-12-03 22:06:02,988] {twitter_hook.py:36} INFO - URL: https://api.twitter.com/2/tweets/search/recent?query=VascodaGama&tweet.fields=author_id,conversation_id,created_at,id,in_reply_to_user_id,public_metrics,text&expansions=author_id&user.fields=id,name,username,created_at&start_time=2021-12-02T09:00:00.00Z&end_time=2021-12-03T09:00:00.00Z&next_token=b26v89c19zqg8o3fpdy83ebj5vtmn4qfhm6yinvz7at8d
[2021-12-03 22:06:02,989] {logging_mixin.py:112} WARNING - /home/kauai/datapipeline/venv/lib/python3.8/site-packages/urllib3/connectionpool.py:981: InsecureRequestWarning: Unverified HTTPS request is being made to host 'api.twitter.com'. Adding certificate verification is strongly advised. See: https://urllib3.readthedocs.io/en/latest/advanced-usage.html#ssl-warnings
  warnings.warn(
[2021-12-03 22:06:03,355] {twitter_hook.py:36} INFO - URL: https://api.twitter.com/2/tweets/search/recent?query=VascodaGama&tweet.fields=author_id,conversation_id,created_at,id,in_reply_to_user_id,public_metrics,text&expansions=author_id&user.fields=id,name,username,created_at&start_time=2021-12-02T09:00:00.00Z&end_time=2021-12-03T09:00:00.00Z&next_token=b26v89c19zqg8o3fpdy83ebj1byf89w3kculhoyqlld31
[2021-12-03 22:06:03,355] {logging_mixin.py:112} WARNING - /home/kauai/datapipeline/venv/lib/python3.8/site-packages/urllib3/connectionpool.py:981: InsecureRequestWarning: Unverified HTTPS request is being made to host 'api.twitter.com'. Adding certificate verification is strongly advised. See: https://urllib3.readthedocs.io/en/latest/advanced-usage.html#ssl-warnings
  warnings.warn(
[2021-12-03 22:06:03,732] {twitter_hook.py:36} INFO - URL: https://api.twitter.com/2/tweets/search/recent?query=VascodaGama&tweet.fields=author_id,conversation_id,created_at,id,in_reply_to_user_id,public_metrics,text&expansions=author_id&user.fields=id,name,username,created_at&start_time=2021-12-02T09:00:00.00Z&end_time=2021-12-03T09:00:00.00Z&next_token=b26v89c19zqg8o3fpdy83eb88y2p4fb95slk0ajixh665
[2021-12-03 22:06:03,733] {logging_mixin.py:112} WARNING - /home/kauai/datapipeline/venv/lib/python3.8/site-packages/urllib3/connectionpool.py:981: InsecureRequestWarning: Unverified HTTPS request is being made to host 'api.twitter.com'. Adding certificate verification is strongly advised. See: https://urllib3.readthedocs.io/en/latest/advanced-usage.html#ssl-warnings
  warnings.warn(
[2021-12-03 22:06:04,112] {twitter_hook.py:36} INFO - URL: https://api.twitter.com/2/tweets/search/recent?query=VascodaGama&tweet.fields=author_id,conversation_id,created_at,id,in_reply_to_user_id,public_metrics,text&expansions=author_id&user.fields=id,name,username,created_at&start_time=2021-12-02T09:00:00.00Z&end_time=2021-12-03T09:00:00.00Z&next_token=b26v89c19zqg8o3fpdy83eaxjjxzwc35ko7g8qe4ae16l
[2021-12-03 22:06:04,113] {logging_mixin.py:112} WARNING - /home/kauai/datapipeline/venv/lib/python3.8/site-packages/urllib3/connectionpool.py:981: InsecureRequestWarning: Unverified HTTPS request is being made to host 'api.twitter.com'. Adding certificate verification is strongly advised. See: https://urllib3.readthedocs.io/en/latest/advanced-usage.html#ssl-warnings
  warnings.warn(
[2021-12-03 22:06:04,455] {twitter_hook.py:36} INFO - URL: https://api.twitter.com/2/tweets/search/recent?query=VascodaGama&tweet.fields=author_id,conversation_id,created_at,id,in_reply_to_user_id,public_metrics,text&expansions=author_id&user.fields=id,name,username,created_at&start_time=2021-12-02T09:00:00.00Z&end_time=2021-12-03T09:00:00.00Z&next_token=b26v89c19zqg8o3fpdy83eaxjjaqr8v2eyqx0z8zta9od
[2021-12-03 22:06:04,455] {logging_mixin.py:112} WARNING - /home/kauai/datapipeline/venv/lib/python3.8/site-packages/urllib3/connectionpool.py:981: InsecureRequestWarning: Unverified HTTPS request is being made to host 'api.twitter.com'. Adding certificate verification is strongly advised. See: https://urllib3.readthedocs.io/en/latest/advanced-usage.html#ssl-warnings
  warnings.warn(
[2021-12-03 22:06:04,817] {twitter_hook.py:36} INFO - URL: https://api.twitter.com/2/tweets/search/recent?query=VascodaGama&tweet.fields=author_id,conversation_id,created_at,id,in_reply_to_user_id,public_metrics,text&expansions=author_id&user.fields=id,name,username,created_at&start_time=2021-12-02T09:00:00.00Z&end_time=2021-12-03T09:00:00.00Z&next_token=b26v89c19zqg8o3fpdy83eaxgiwtniks61lhbxlvy7kot
[2021-12-03 22:06:04,818] {logging_mixin.py:112} WARNING - /home/kauai/datapipeline/venv/lib/python3.8/site-packages/urllib3/connectionpool.py:981: InsecureRequestWarning: Unverified HTTPS request is being made to host 'api.twitter.com'. Adding certificate verification is strongly advised. See: https://urllib3.readthedocs.io/en/latest/advanced-usage.html#ssl-warnings
  warnings.warn(
[2021-12-03 22:06:05,193] {twitter_hook.py:36} INFO - URL: https://api.twitter.com/2/tweets/search/recent?query=VascodaGama&tweet.fields=author_id,conversation_id,created_at,id,in_reply_to_user_id,public_metrics,text&expansions=author_id&user.fields=id,name,username,created_at&start_time=2021-12-02T09:00:00.00Z&end_time=2021-12-03T09:00:00.00Z&next_token=b26v89c19zqg8o3fpdy83eamypw8sw85bzbfglck37pml
[2021-12-03 22:06:05,194] {logging_mixin.py:112} WARNING - /home/kauai/datapipeline/venv/lib/python3.8/site-packages/urllib3/connectionpool.py:981: InsecureRequestWarning: Unverified HTTPS request is being made to host 'api.twitter.com'. Adding certificate verification is strongly advised. See: https://urllib3.readthedocs.io/en/latest/advanced-usage.html#ssl-warnings
  warnings.warn(
[2021-12-03 22:06:05,592] {twitter_hook.py:36} INFO - URL: https://api.twitter.com/2/tweets/search/recent?query=VascodaGama&tweet.fields=author_id,conversation_id,created_at,id,in_reply_to_user_id,public_metrics,text&expansions=author_id&user.fields=id,name,username,created_at&start_time=2021-12-02T09:00:00.00Z&end_time=2021-12-03T09:00:00.00Z&next_token=b26v89c19zqg8o3fpdy83eamx6mq8h5b4j7oh1eu8uohp
[2021-12-03 22:06:05,593] {logging_mixin.py:112} WARNING - /home/kauai/datapipeline/venv/lib/python3.8/site-packages/urllib3/connectionpool.py:981: InsecureRequestWarning: Unverified HTTPS request is being made to host 'api.twitter.com'. Adding certificate verification is strongly advised. See: https://urllib3.readthedocs.io/en/latest/advanced-usage.html#ssl-warnings
  warnings.warn(
[2021-12-03 22:06:05,992] {twitter_hook.py:36} INFO - URL: https://api.twitter.com/2/tweets/search/recent?query=VascodaGama&tweet.fields=author_id,conversation_id,created_at,id,in_reply_to_user_id,public_metrics,text&expansions=author_id&user.fields=id,name,username,created_at&start_time=2021-12-02T09:00:00.00Z&end_time=2021-12-03T09:00:00.00Z&next_token=b26v89c19zqg8o3fpdy83eamvo80znheq3h4rgqm3vrst
[2021-12-03 22:06:05,993] {logging_mixin.py:112} WARNING - /home/kauai/datapipeline/venv/lib/python3.8/site-packages/urllib3/connectionpool.py:981: InsecureRequestWarning: Unverified HTTPS request is being made to host 'api.twitter.com'. Adding certificate verification is strongly advised. See: https://urllib3.readthedocs.io/en/latest/advanced-usage.html#ssl-warnings
  warnings.warn(
[2021-12-03 22:06:06,361] {twitter_hook.py:36} INFO - URL: https://api.twitter.com/2/tweets/search/recent?query=VascodaGama&tweet.fields=author_id,conversation_id,created_at,id,in_reply_to_user_id,public_metrics,text&expansions=author_id&user.fields=id,name,username,created_at&start_time=2021-12-02T09:00:00.00Z&end_time=2021-12-03T09:00:00.00Z&next_token=b26v89c19zqg8o3fpdy83eamr3hvwlawjfxz6lq4t24ql
[2021-12-03 22:06:06,361] {logging_mixin.py:112} WARNING - /home/kauai/datapipeline/venv/lib/python3.8/site-packages/urllib3/connectionpool.py:981: InsecureRequestWarning: Unverified HTTPS request is being made to host 'api.twitter.com'. Adding certificate verification is strongly advised. See: https://urllib3.readthedocs.io/en/latest/advanced-usage.html#ssl-warnings
  warnings.warn(
[2021-12-03 22:06:06,739] {twitter_hook.py:36} INFO - URL: https://api.twitter.com/2/tweets/search/recent?query=VascodaGama&tweet.fields=author_id,conversation_id,created_at,id,in_reply_to_user_id,public_metrics,text&expansions=author_id&user.fields=id,name,username,created_at&start_time=2021-12-02T09:00:00.00Z&end_time=2021-12-03T09:00:00.00Z&next_token=b26v89c19zqg8o3fpdy83eac9bz2pmxqhg58y791rblh9
[2021-12-03 22:06:06,740] {logging_mixin.py:112} WARNING - /home/kauai/datapipeline/venv/lib/python3.8/site-packages/urllib3/connectionpool.py:981: InsecureRequestWarning: Unverified HTTPS request is being made to host 'api.twitter.com'. Adding certificate verification is strongly advised. See: https://urllib3.readthedocs.io/en/latest/advanced-usage.html#ssl-warnings
  warnings.warn(
[2021-12-03 22:06:07,116] {twitter_hook.py:36} INFO - URL: https://api.twitter.com/2/tweets/search/recent?query=VascodaGama&tweet.fields=author_id,conversation_id,created_at,id,in_reply_to_user_id,public_metrics,text&expansions=author_id&user.fields=id,name,username,created_at&start_time=2021-12-02T09:00:00.00Z&end_time=2021-12-03T09:00:00.00Z&next_token=b26v89c19zqg8o3fpdy83eac7spmaopmbroed469d2nwd
[2021-12-03 22:06:07,116] {logging_mixin.py:112} WARNING - /home/kauai/datapipeline/venv/lib/python3.8/site-packages/urllib3/connectionpool.py:981: InsecureRequestWarning: Unverified HTTPS request is being made to host 'api.twitter.com'. Adding certificate verification is strongly advised. See: https://urllib3.readthedocs.io/en/latest/advanced-usage.html#ssl-warnings
  warnings.warn(
[2021-12-03 22:06:07,488] {twitter_hook.py:36} INFO - URL: https://api.twitter.com/2/tweets/search/recent?query=VascodaGama&tweet.fields=author_id,conversation_id,created_at,id,in_reply_to_user_id,public_metrics,text&expansions=author_id&user.fields=id,name,username,created_at&start_time=2021-12-02T09:00:00.00Z&end_time=2021-12-03T09:00:00.00Z&next_token=b26v89c19zqg8o3fpdy83eac7rfi26pjzvej2njgzxq4d
[2021-12-03 22:06:07,488] {logging_mixin.py:112} WARNING - /home/kauai/datapipeline/venv/lib/python3.8/site-packages/urllib3/connectionpool.py:981: InsecureRequestWarning: Unverified HTTPS request is being made to host 'api.twitter.com'. Adding certificate verification is strongly advised. See: https://urllib3.readthedocs.io/en/latest/advanced-usage.html#ssl-warnings
  warnings.warn(
[2021-12-03 22:06:07,857] {twitter_hook.py:36} INFO - URL: https://api.twitter.com/2/tweets/search/recent?query=VascodaGama&tweet.fields=author_id,conversation_id,created_at,id,in_reply_to_user_id,public_metrics,text&expansions=author_id&user.fields=id,name,username,created_at&start_time=2021-12-02T09:00:00.00Z&end_time=2021-12-03T09:00:00.00Z&next_token=b26v89c19zqg8o3fpdy83eac69nyqjrz6jp6rat5ifybh
[2021-12-03 22:06:07,857] {logging_mixin.py:112} WARNING - /home/kauai/datapipeline/venv/lib/python3.8/site-packages/urllib3/connectionpool.py:981: InsecureRequestWarning: Unverified HTTPS request is being made to host 'api.twitter.com'. Adding certificate verification is strongly advised. See: https://urllib3.readthedocs.io/en/latest/advanced-usage.html#ssl-warnings
  warnings.warn(
[2021-12-03 22:06:08,218] {twitter_hook.py:36} INFO - URL: https://api.twitter.com/2/tweets/search/recent?query=VascodaGama&tweet.fields=author_id,conversation_id,created_at,id,in_reply_to_user_id,public_metrics,text&expansions=author_id&user.fields=id,name,username,created_at&start_time=2021-12-02T09:00:00.00Z&end_time=2021-12-03T09:00:00.00Z&next_token=b26v89c19zqg8o3fpdy83eac698jhmxcstdwix2psec8t
[2021-12-03 22:06:08,218] {logging_mixin.py:112} WARNING - /home/kauai/datapipeline/venv/lib/python3.8/site-packages/urllib3/connectionpool.py:981: InsecureRequestWarning: Unverified HTTPS request is being made to host 'api.twitter.com'. Adding certificate verification is strongly advised. See: https://urllib3.readthedocs.io/en/latest/advanced-usage.html#ssl-warnings
  warnings.warn(
[2021-12-03 22:06:08,595] {twitter_hook.py:36} INFO - URL: https://api.twitter.com/2/tweets/search/recent?query=VascodaGama&tweet.fields=author_id,conversation_id,created_at,id,in_reply_to_user_id,public_metrics,text&expansions=author_id&user.fields=id,name,username,created_at&start_time=2021-12-02T09:00:00.00Z&end_time=2021-12-03T09:00:00.00Z&next_token=b26v89c19zqg8o3fpdy83eac690w20pjghr5jzwn5svp9
[2021-12-03 22:06:08,595] {logging_mixin.py:112} WARNING - /home/kauai/datapipeline/venv/lib/python3.8/site-packages/urllib3/connectionpool.py:981: InsecureRequestWarning: Unverified HTTPS request is being made to host 'api.twitter.com'. Adding certificate verification is strongly advised. See: https://urllib3.readthedocs.io/en/latest/advanced-usage.html#ssl-warnings
  warnings.warn(
[2021-12-03 22:06:08,997] {twitter_hook.py:36} INFO - URL: https://api.twitter.com/2/tweets/search/recent?query=VascodaGama&tweet.fields=author_id,conversation_id,created_at,id,in_reply_to_user_id,public_metrics,text&expansions=author_id&user.fields=id,name,username,created_at&start_time=2021-12-02T09:00:00.00Z&end_time=2021-12-03T09:00:00.00Z&next_token=b26v89c19zqg8o3fpdy83eac4qeljcj6f99canxfyya2l
[2021-12-03 22:06:08,997] {logging_mixin.py:112} WARNING - /home/kauai/datapipeline/venv/lib/python3.8/site-packages/urllib3/connectionpool.py:981: InsecureRequestWarning: Unverified HTTPS request is being made to host 'api.twitter.com'. Adding certificate verification is strongly advised. See: https://urllib3.readthedocs.io/en/latest/advanced-usage.html#ssl-warnings
  warnings.warn(
[2021-12-03 22:06:09,353] {twitter_hook.py:36} INFO - URL: https://api.twitter.com/2/tweets/search/recent?query=VascodaGama&tweet.fields=author_id,conversation_id,created_at,id,in_reply_to_user_id,public_metrics,text&expansions=author_id&user.fields=id,name,username,created_at&start_time=2021-12-02T09:00:00.00Z&end_time=2021-12-03T09:00:00.00Z&next_token=b26v89c19zqg8o3fpdy83eac1q8278gebazogzulq8519
[2021-12-03 22:06:09,354] {logging_mixin.py:112} WARNING - /home/kauai/datapipeline/venv/lib/python3.8/site-packages/urllib3/connectionpool.py:981: InsecureRequestWarning: Unverified HTTPS request is being made to host 'api.twitter.com'. Adding certificate verification is strongly advised. See: https://urllib3.readthedocs.io/en/latest/advanced-usage.html#ssl-warnings
  warnings.warn(
[2021-12-03 22:06:09,736] {twitter_hook.py:36} INFO - URL: https://api.twitter.com/2/tweets/search/recent?query=VascodaGama&tweet.fields=author_id,conversation_id,created_at,id,in_reply_to_user_id,public_metrics,text&expansions=author_id&user.fields=id,name,username,created_at&start_time=2021-12-02T09:00:00.00Z&end_time=2021-12-03T09:00:00.00Z&next_token=b26v89c19zqg8o3fpdy83eabypma3opi8fj1sfsku2vel
[2021-12-03 22:06:09,736] {logging_mixin.py:112} WARNING - /home/kauai/datapipeline/venv/lib/python3.8/site-packages/urllib3/connectionpool.py:981: InsecureRequestWarning: Unverified HTTPS request is being made to host 'api.twitter.com'. Adding certificate verification is strongly advised. See: https://urllib3.readthedocs.io/en/latest/advanced-usage.html#ssl-warnings
  warnings.warn(
[2021-12-03 22:06:10,092] {twitter_hook.py:36} INFO - URL: https://api.twitter.com/2/tweets/search/recent?query=VascodaGama&tweet.fields=author_id,conversation_id,created_at,id,in_reply_to_user_id,public_metrics,text&expansions=author_id&user.fields=id,name,username,created_at&start_time=2021-12-02T09:00:00.00Z&end_time=2021-12-03T09:00:00.00Z&next_token=b26v89c19zqg8o3fpdy83eabvmgbpcsewevu22kej7sl9
[2021-12-03 22:06:10,092] {logging_mixin.py:112} WARNING - /home/kauai/datapipeline/venv/lib/python3.8/site-packages/urllib3/connectionpool.py:981: InsecureRequestWarning: Unverified HTTPS request is being made to host 'api.twitter.com'. Adding certificate verification is strongly advised. See: https://urllib3.readthedocs.io/en/latest/advanced-usage.html#ssl-warnings
  warnings.warn(
[2021-12-03 22:06:10,473] {twitter_hook.py:36} INFO - URL: https://api.twitter.com/2/tweets/search/recent?query=VascodaGama&tweet.fields=author_id,conversation_id,created_at,id,in_reply_to_user_id,public_metrics,text&expansions=author_id&user.fields=id,name,username,created_at&start_time=2021-12-02T09:00:00.00Z&end_time=2021-12-03T09:00:00.00Z&next_token=b26v89c19zqg8o3fpdy83ea1fc9qx4pdbpqfh1d3zbjb1
[2021-12-03 22:06:10,473] {logging_mixin.py:112} WARNING - /home/kauai/datapipeline/venv/lib/python3.8/site-packages/urllib3/connectionpool.py:981: InsecureRequestWarning: Unverified HTTPS request is being made to host 'api.twitter.com'. Adding certificate verification is strongly advised. See: https://urllib3.readthedocs.io/en/latest/advanced-usage.html#ssl-warnings
  warnings.warn(
[2021-12-03 22:06:10,853] {twitter_hook.py:36} INFO - URL: https://api.twitter.com/2/tweets/search/recent?query=VascodaGama&tweet.fields=author_id,conversation_id,created_at,id,in_reply_to_user_id,public_metrics,text&expansions=author_id&user.fields=id,name,username,created_at&start_time=2021-12-02T09:00:00.00Z&end_time=2021-12-03T09:00:00.00Z&next_token=b26v89c19zqg8o3fpdy83ea1cb8kq4wg40ev7fihynxx9
[2021-12-03 22:06:10,854] {logging_mixin.py:112} WARNING - /home/kauai/datapipeline/venv/lib/python3.8/site-packages/urllib3/connectionpool.py:981: InsecureRequestWarning: Unverified HTTPS request is being made to host 'api.twitter.com'. Adding certificate verification is strongly advised. See: https://urllib3.readthedocs.io/en/latest/advanced-usage.html#ssl-warnings
  warnings.warn(
[2021-12-03 22:06:11,247] {twitter_hook.py:36} INFO - URL: https://api.twitter.com/2/tweets/search/recent?query=VascodaGama&tweet.fields=author_id,conversation_id,created_at,id,in_reply_to_user_id,public_metrics,text&expansions=author_id&user.fields=id,name,username,created_at&start_time=2021-12-02T09:00:00.00Z&end_time=2021-12-03T09:00:00.00Z&next_token=b26v89c19zqg8o3fpdy83ea17sfw8pv5u872w7lrd3rlp
[2021-12-03 22:06:11,248] {logging_mixin.py:112} WARNING - /home/kauai/datapipeline/venv/lib/python3.8/site-packages/urllib3/connectionpool.py:981: InsecureRequestWarning: Unverified HTTPS request is being made to host 'api.twitter.com'. Adding certificate verification is strongly advised. See: https://urllib3.readthedocs.io/en/latest/advanced-usage.html#ssl-warnings
  warnings.warn(
[2021-12-03 22:06:11,616] {twitter_hook.py:36} INFO - URL: https://api.twitter.com/2/tweets/search/recent?query=VascodaGama&tweet.fields=author_id,conversation_id,created_at,id,in_reply_to_user_id,public_metrics,text&expansions=author_id&user.fields=id,name,username,created_at&start_time=2021-12-02T09:00:00.00Z&end_time=2021-12-03T09:00:00.00Z&next_token=b26v89c19zqg8o3fpdy83ea138kotpm9zyxl5s94tuo3h
[2021-12-03 22:06:11,617] {logging_mixin.py:112} WARNING - /home/kauai/datapipeline/venv/lib/python3.8/site-packages/urllib3/connectionpool.py:981: InsecureRequestWarning: Unverified HTTPS request is being made to host 'api.twitter.com'. Adding certificate verification is strongly advised. See: https://urllib3.readthedocs.io/en/latest/advanced-usage.html#ssl-warnings
  warnings.warn(
[2021-12-03 22:06:11,983] {twitter_hook.py:36} INFO - URL: https://api.twitter.com/2/tweets/search/recent?query=VascodaGama&tweet.fields=author_id,conversation_id,created_at,id,in_reply_to_user_id,public_metrics,text&expansions=author_id&user.fields=id,name,username,created_at&start_time=2021-12-02T09:00:00.00Z&end_time=2021-12-03T09:00:00.00Z&next_token=b26v89c19zqg8o3fpdy83e9qofqbee116vivymus9cygt
[2021-12-03 22:06:11,983] {logging_mixin.py:112} WARNING - /home/kauai/datapipeline/venv/lib/python3.8/site-packages/urllib3/connectionpool.py:981: InsecureRequestWarning: Unverified HTTPS request is being made to host 'api.twitter.com'. Adding certificate verification is strongly advised. See: https://urllib3.readthedocs.io/en/latest/advanced-usage.html#ssl-warnings
  warnings.warn(
[2021-12-03 22:06:12,386] {twitter_hook.py:36} INFO - URL: https://api.twitter.com/2/tweets/search/recent?query=VascodaGama&tweet.fields=author_id,conversation_id,created_at,id,in_reply_to_user_id,public_metrics,text&expansions=author_id&user.fields=id,name,username,created_at&start_time=2021-12-02T09:00:00.00Z&end_time=2021-12-03T09:00:00.00Z&next_token=b26v89c19zqg8o3fpdy83e9qgvos6v5rm4e60s5jjhxtp
[2021-12-03 22:06:12,387] {logging_mixin.py:112} WARNING - /home/kauai/datapipeline/venv/lib/python3.8/site-packages/urllib3/connectionpool.py:981: InsecureRequestWarning: Unverified HTTPS request is being made to host 'api.twitter.com'. Adding certificate verification is strongly advised. See: https://urllib3.readthedocs.io/en/latest/advanced-usage.html#ssl-warnings
  warnings.warn(
[2021-12-03 22:06:12,828] {twitter_hook.py:36} INFO - URL: https://api.twitter.com/2/tweets/search/recent?query=VascodaGama&tweet.fields=author_id,conversation_id,created_at,id,in_reply_to_user_id,public_metrics,text&expansions=author_id&user.fields=id,name,username,created_at&start_time=2021-12-02T09:00:00.00Z&end_time=2021-12-03T09:00:00.00Z&next_token=b26v89c19zqg8o3fpdy83e9qaszaxd2r6qr7d3sqp4nel
[2021-12-03 22:06:12,829] {logging_mixin.py:112} WARNING - /home/kauai/datapipeline/venv/lib/python3.8/site-packages/urllib3/connectionpool.py:981: InsecureRequestWarning: Unverified HTTPS request is being made to host 'api.twitter.com'. Adding certificate verification is strongly advised. See: https://urllib3.readthedocs.io/en/latest/advanced-usage.html#ssl-warnings
  warnings.warn(
[2021-12-03 22:06:13,216] {twitter_hook.py:36} INFO - URL: https://api.twitter.com/2/tweets/search/recent?query=VascodaGama&tweet.fields=author_id,conversation_id,created_at,id,in_reply_to_user_id,public_metrics,text&expansions=author_id&user.fields=id,name,username,created_at&start_time=2021-12-02T09:00:00.00Z&end_time=2021-12-03T09:00:00.00Z&next_token=b26v89c19zqg8o3fpdy83e9fsz46f00s9fion3ile2wzh
[2021-12-03 22:06:13,216] {logging_mixin.py:112} WARNING - /home/kauai/datapipeline/venv/lib/python3.8/site-packages/urllib3/connectionpool.py:981: InsecureRequestWarning: Unverified HTTPS request is being made to host 'api.twitter.com'. Adding certificate verification is strongly advised. See: https://urllib3.readthedocs.io/en/latest/advanced-usage.html#ssl-warnings
  warnings.warn(
[2021-12-03 22:06:13,650] {twitter_hook.py:36} INFO - URL: https://api.twitter.com/2/tweets/search/recent?query=VascodaGama&tweet.fields=author_id,conversation_id,created_at,id,in_reply_to_user_id,public_metrics,text&expansions=author_id&user.fields=id,name,username,created_at&start_time=2021-12-02T09:00:00.00Z&end_time=2021-12-03T09:00:00.00Z&next_token=b26v89c19zqg8o3fpdy83e9flds85i6efi38ryihd0pz1
[2021-12-03 22:06:13,651] {logging_mixin.py:112} WARNING - /home/kauai/datapipeline/venv/lib/python3.8/site-packages/urllib3/connectionpool.py:981: InsecureRequestWarning: Unverified HTTPS request is being made to host 'api.twitter.com'. Adding certificate verification is strongly advised. See: https://urllib3.readthedocs.io/en/latest/advanced-usage.html#ssl-warnings
  warnings.warn(
[2021-12-03 22:06:14,029] {twitter_hook.py:36} INFO - URL: https://api.twitter.com/2/tweets/search/recent?query=VascodaGama&tweet.fields=author_id,conversation_id,created_at,id,in_reply_to_user_id,public_metrics,text&expansions=author_id&user.fields=id,name,username,created_at&start_time=2021-12-02T09:00:00.00Z&end_time=2021-12-03T09:00:00.00Z&next_token=b26v89c19zqg8o3fpdy83e94z2ltwkuf2f5sb38prdyt9
[2021-12-03 22:06:14,029] {logging_mixin.py:112} WARNING - /home/kauai/datapipeline/venv/lib/python3.8/site-packages/urllib3/connectionpool.py:981: InsecureRequestWarning: Unverified HTTPS request is being made to host 'api.twitter.com'. Adding certificate verification is strongly advised. See: https://urllib3.readthedocs.io/en/latest/advanced-usage.html#ssl-warnings
  warnings.warn(
[2021-12-03 22:06:14,471] {twitter_hook.py:36} INFO - URL: https://api.twitter.com/2/tweets/search/recent?query=VascodaGama&tweet.fields=author_id,conversation_id,created_at,id,in_reply_to_user_id,public_metrics,text&expansions=author_id&user.fields=id,name,username,created_at&start_time=2021-12-02T09:00:00.00Z&end_time=2021-12-03T09:00:00.00Z&next_token=b26v89c19zqg8o3fpdy83e94w0aouaq3athy58xk1xb3x
[2021-12-03 22:06:14,471] {logging_mixin.py:112} WARNING - /home/kauai/datapipeline/venv/lib/python3.8/site-packages/urllib3/connectionpool.py:981: InsecureRequestWarning: Unverified HTTPS request is being made to host 'api.twitter.com'. Adding certificate verification is strongly advised. See: https://urllib3.readthedocs.io/en/latest/advanced-usage.html#ssl-warnings
  warnings.warn(
[2021-12-03 22:06:14,892] {twitter_hook.py:36} INFO - URL: https://api.twitter.com/2/tweets/search/recent?query=VascodaGama&tweet.fields=author_id,conversation_id,created_at,id,in_reply_to_user_id,public_metrics,text&expansions=author_id&user.fields=id,name,username,created_at&start_time=2021-12-02T09:00:00.00Z&end_time=2021-12-03T09:00:00.00Z&next_token=b26v89c19zqg8o3fpdy83e94rguzv1e5bwqyyuuk6imil
[2021-12-03 22:06:14,893] {logging_mixin.py:112} WARNING - /home/kauai/datapipeline/venv/lib/python3.8/site-packages/urllib3/connectionpool.py:981: InsecureRequestWarning: Unverified HTTPS request is being made to host 'api.twitter.com'. Adding certificate verification is strongly advised. See: https://urllib3.readthedocs.io/en/latest/advanced-usage.html#ssl-warnings
  warnings.warn(
[2021-12-03 22:06:15,274] {twitter_hook.py:36} INFO - URL: https://api.twitter.com/2/tweets/search/recent?query=VascodaGama&tweet.fields=author_id,conversation_id,created_at,id,in_reply_to_user_id,public_metrics,text&expansions=author_id&user.fields=id,name,username,created_at&start_time=2021-12-02T09:00:00.00Z&end_time=2021-12-03T09:00:00.00Z&next_token=b26v89c19zqg8o3fpdy83e8u845aqtw5pg5t8wsd2jgxp
[2021-12-03 22:06:15,275] {logging_mixin.py:112} WARNING - /home/kauai/datapipeline/venv/lib/python3.8/site-packages/urllib3/connectionpool.py:981: InsecureRequestWarning: Unverified HTTPS request is being made to host 'api.twitter.com'. Adding certificate verification is strongly advised. See: https://urllib3.readthedocs.io/en/latest/advanced-usage.html#ssl-warnings
  warnings.warn(
[2021-12-03 22:06:15,643] {twitter_hook.py:36} INFO - URL: https://api.twitter.com/2/tweets/search/recent?query=VascodaGama&tweet.fields=author_id,conversation_id,created_at,id,in_reply_to_user_id,public_metrics,text&expansions=author_id&user.fields=id,name,username,created_at&start_time=2021-12-02T09:00:00.00Z&end_time=2021-12-03T09:00:00.00Z&next_token=b26v89c19zqg8o3fpdy83e8u3lzigh3v5by4i8yitvbst
[2021-12-03 22:06:15,643] {logging_mixin.py:112} WARNING - /home/kauai/datapipeline/venv/lib/python3.8/site-packages/urllib3/connectionpool.py:981: InsecureRequestWarning: Unverified HTTPS request is being made to host 'api.twitter.com'. Adding certificate verification is strongly advised. See: https://urllib3.readthedocs.io/en/latest/advanced-usage.html#ssl-warnings
  warnings.warn(
[2021-12-03 22:06:16,013] {twitter_hook.py:36} INFO - URL: https://api.twitter.com/2/tweets/search/recent?query=VascodaGama&tweet.fields=author_id,conversation_id,created_at,id,in_reply_to_user_id,public_metrics,text&expansions=author_id&user.fields=id,name,username,created_at&start_time=2021-12-02T09:00:00.00Z&end_time=2021-12-03T09:00:00.00Z&next_token=b26v89c19zqg8o3fpdy83e8tz1p04pizxp8mbzu1lrp19
[2021-12-03 22:06:16,013] {logging_mixin.py:112} WARNING - /home/kauai/datapipeline/venv/lib/python3.8/site-packages/urllib3/connectionpool.py:981: InsecureRequestWarning: Unverified HTTPS request is being made to host 'api.twitter.com'. Adding certificate verification is strongly advised. See: https://urllib3.readthedocs.io/en/latest/advanced-usage.html#ssl-warnings
  warnings.warn(
[2021-12-03 22:06:16,381] {twitter_hook.py:36} INFO - URL: https://api.twitter.com/2/tweets/search/recent?query=VascodaGama&tweet.fields=author_id,conversation_id,created_at,id,in_reply_to_user_id,public_metrics,text&expansions=author_id&user.fields=id,name,username,created_at&start_time=2021-12-02T09:00:00.00Z&end_time=2021-12-03T09:00:00.00Z&next_token=b26v89c19zqg8o3fpdy83c6t9pau5zabyztkiahy3p859
[2021-12-03 22:06:16,382] {logging_mixin.py:112} WARNING - /home/kauai/datapipeline/venv/lib/python3.8/site-packages/urllib3/connectionpool.py:981: InsecureRequestWarning: Unverified HTTPS request is being made to host 'api.twitter.com'. Adding certificate verification is strongly advised. See: https://urllib3.readthedocs.io/en/latest/advanced-usage.html#ssl-warnings
  warnings.warn(
[2021-12-03 22:06:16,732] {twitter_hook.py:36} INFO - URL: https://api.twitter.com/2/tweets/search/recent?query=VascodaGama&tweet.fields=author_id,conversation_id,created_at,id,in_reply_to_user_id,public_metrics,text&expansions=author_id&user.fields=id,name,username,created_at&start_time=2021-12-02T09:00:00.00Z&end_time=2021-12-03T09:00:00.00Z&next_token=b26v89c19zqg8o3fpdy83c6t9og68ilpshpkybd0qr2pp
[2021-12-03 22:06:16,733] {logging_mixin.py:112} WARNING - /home/kauai/datapipeline/venv/lib/python3.8/site-packages/urllib3/connectionpool.py:981: InsecureRequestWarning: Unverified HTTPS request is being made to host 'api.twitter.com'. Adding certificate verification is strongly advised. See: https://urllib3.readthedocs.io/en/latest/advanced-usage.html#ssl-warnings
  warnings.warn(
[2021-12-03 22:06:17,071] {twitter_hook.py:36} INFO - URL: https://api.twitter.com/2/tweets/search/recent?query=VascodaGama&tweet.fields=author_id,conversation_id,created_at,id,in_reply_to_user_id,public_metrics,text&expansions=author_id&user.fields=id,name,username,created_at&start_time=2021-12-02T09:00:00.00Z&end_time=2021-12-03T09:00:00.00Z&next_token=b26v89c19zqg8o3fpdy83c6t9nt8z6f0sopwig1l2lo59
[2021-12-03 22:06:17,072] {logging_mixin.py:112} WARNING - /home/kauai/datapipeline/venv/lib/python3.8/site-packages/urllib3/connectionpool.py:981: InsecureRequestWarning: Unverified HTTPS request is being made to host 'api.twitter.com'. Adding certificate verification is strongly advised. See: https://urllib3.readthedocs.io/en/latest/advanced-usage.html#ssl-warnings
  warnings.warn(
[2021-12-03 22:06:17,448] {twitter_hook.py:36} INFO - URL: https://api.twitter.com/2/tweets/search/recent?query=VascodaGama&tweet.fields=author_id,conversation_id,created_at,id,in_reply_to_user_id,public_metrics,text&expansions=author_id&user.fields=id,name,username,created_at&start_time=2021-12-02T09:00:00.00Z&end_time=2021-12-03T09:00:00.00Z&next_token=b26v89c19zqg8o3fpdy83c6t85eeczgz092ib101k58jh
[2021-12-03 22:06:17,450] {logging_mixin.py:112} WARNING - /home/kauai/datapipeline/venv/lib/python3.8/site-packages/urllib3/connectionpool.py:981: InsecureRequestWarning: Unverified HTTPS request is being made to host 'api.twitter.com'. Adding certificate verification is strongly advised. See: https://urllib3.readthedocs.io/en/latest/advanced-usage.html#ssl-warnings
  warnings.warn(
[2021-12-03 22:06:17,834] {twitter_hook.py:36} INFO - URL: https://api.twitter.com/2/tweets/search/recent?query=VascodaGama&tweet.fields=author_id,conversation_id,created_at,id,in_reply_to_user_id,public_metrics,text&expansions=author_id&user.fields=id,name,username,created_at&start_time=2021-12-02T09:00:00.00Z&end_time=2021-12-03T09:00:00.00Z&next_token=b26v89c19zqg8o3fpdy83c6t6nuih9srs3k7thoabfnnh
[2021-12-03 22:06:17,835] {logging_mixin.py:112} WARNING - /home/kauai/datapipeline/venv/lib/python3.8/site-packages/urllib3/connectionpool.py:981: InsecureRequestWarning: Unverified HTTPS request is being made to host 'api.twitter.com'. Adding certificate verification is strongly advised. See: https://urllib3.readthedocs.io/en/latest/advanced-usage.html#ssl-warnings
  warnings.warn(
[2021-12-03 22:06:18,218] {twitter_hook.py:36} INFO - URL: https://api.twitter.com/2/tweets/search/recent?query=VascodaGama&tweet.fields=author_id,conversation_id,created_at,id,in_reply_to_user_id,public_metrics,text&expansions=author_id&user.fields=id,name,username,created_at&start_time=2021-12-02T09:00:00.00Z&end_time=2021-12-03T09:00:00.00Z&next_token=b26v89c19zqg8o3fpdy83c6t6mzlv1lyv467dedo1w519
[2021-12-03 22:06:18,219] {logging_mixin.py:112} WARNING - /home/kauai/datapipeline/venv/lib/python3.8/site-packages/urllib3/connectionpool.py:981: InsecureRequestWarning: Unverified HTTPS request is being made to host 'api.twitter.com'. Adding certificate verification is strongly advised. See: https://urllib3.readthedocs.io/en/latest/advanced-usage.html#ssl-warnings
  warnings.warn(
[2021-12-03 22:06:18,578] {twitter_hook.py:36} INFO - URL: https://api.twitter.com/2/tweets/search/recent?query=VascodaGama&tweet.fields=author_id,conversation_id,created_at,id,in_reply_to_user_id,public_metrics,text&expansions=author_id&user.fields=id,name,username,created_at&start_time=2021-12-02T09:00:00.00Z&end_time=2021-12-03T09:00:00.00Z&next_token=b26v89c19zqg8o3fpdy83c6t6mcpp1ojihkfycnosnla5
[2021-12-03 22:06:18,578] {logging_mixin.py:112} WARNING - /home/kauai/datapipeline/venv/lib/python3.8/site-packages/urllib3/connectionpool.py:981: InsecureRequestWarning: Unverified HTTPS request is being made to host 'api.twitter.com'. Adding certificate verification is strongly advised. See: https://urllib3.readthedocs.io/en/latest/advanced-usage.html#ssl-warnings
  warnings.warn(
[2021-12-03 22:06:18,980] {twitter_hook.py:36} INFO - URL: https://api.twitter.com/2/tweets/search/recent?query=VascodaGama&tweet.fields=author_id,conversation_id,created_at,id,in_reply_to_user_id,public_metrics,text&expansions=author_id&user.fields=id,name,username,created_at&start_time=2021-12-02T09:00:00.00Z&end_time=2021-12-03T09:00:00.00Z&next_token=b26v89c19zqg8o3fpdy83c6t545hez6mrjhrbbcdolh8d
[2021-12-03 22:06:18,980] {logging_mixin.py:112} WARNING - /home/kauai/datapipeline/venv/lib/python3.8/site-packages/urllib3/connectionpool.py:981: InsecureRequestWarning: Unverified HTTPS request is being made to host 'api.twitter.com'. Adding certificate verification is strongly advised. See: https://urllib3.readthedocs.io/en/latest/advanced-usage.html#ssl-warnings
  warnings.warn(
[2021-12-03 22:06:19,367] {twitter_hook.py:36} INFO - URL: https://api.twitter.com/2/tweets/search/recent?query=VascodaGama&tweet.fields=author_id,conversation_id,created_at,id,in_reply_to_user_id,public_metrics,text&expansions=author_id&user.fields=id,name,username,created_at&start_time=2021-12-02T09:00:00.00Z&end_time=2021-12-03T09:00:00.00Z&next_token=b26v89c19zqg8o3fpdy83c6sz1nyek9q4wcovkaysa2yl
[2021-12-03 22:06:19,368] {logging_mixin.py:112} WARNING - /home/kauai/datapipeline/venv/lib/python3.8/site-packages/urllib3/connectionpool.py:981: InsecureRequestWarning: Unverified HTTPS request is being made to host 'api.twitter.com'. Adding certificate verification is strongly advised. See: https://urllib3.readthedocs.io/en/latest/advanced-usage.html#ssl-warnings
  warnings.warn(
[2021-12-03 22:06:19,742] {twitter_hook.py:36} INFO - URL: https://api.twitter.com/2/tweets/search/recent?query=VascodaGama&tweet.fields=author_id,conversation_id,created_at,id,in_reply_to_user_id,public_metrics,text&expansions=author_id&user.fields=id,name,username,created_at&start_time=2021-12-02T09:00:00.00Z&end_time=2021-12-03T09:00:00.00Z&next_token=b26v89c19zqg8o3fpdy83c6ifpt80dxsa6nv0jkgi9bi5
[2021-12-03 22:06:19,743] {logging_mixin.py:112} WARNING - /home/kauai/datapipeline/venv/lib/python3.8/site-packages/urllib3/connectionpool.py:981: InsecureRequestWarning: Unverified HTTPS request is being made to host 'api.twitter.com'. Adding certificate verification is strongly advised. See: https://urllib3.readthedocs.io/en/latest/advanced-usage.html#ssl-warnings
  warnings.warn(
[2021-12-03 22:06:20,113] {twitter_hook.py:36} INFO - URL: https://api.twitter.com/2/tweets/search/recent?query=VascodaGama&tweet.fields=author_id,conversation_id,created_at,id,in_reply_to_user_id,public_metrics,text&expansions=author_id&user.fields=id,name,username,created_at&start_time=2021-12-02T09:00:00.00Z&end_time=2021-12-03T09:00:00.00Z&next_token=b26v89c19zqg8o3fpdy83c6i866vcuuzs60ss3laxcm0t
[2021-12-03 22:06:20,113] {logging_mixin.py:112} WARNING - /home/kauai/datapipeline/venv/lib/python3.8/site-packages/urllib3/connectionpool.py:981: InsecureRequestWarning: Unverified HTTPS request is being made to host 'api.twitter.com'. Adding certificate verification is strongly advised. See: https://urllib3.readthedocs.io/en/latest/advanced-usage.html#ssl-warnings
  warnings.warn(
[2021-12-03 22:06:20,510] {twitter_hook.py:36} INFO - URL: https://api.twitter.com/2/tweets/search/recent?query=VascodaGama&tweet.fields=author_id,conversation_id,created_at,id,in_reply_to_user_id,public_metrics,text&expansions=author_id&user.fields=id,name,username,created_at&start_time=2021-12-02T09:00:00.00Z&end_time=2021-12-03T09:00:00.00Z&next_token=b26v89c19zqg8o3fpdy83c67kagxiwqyesadbtf6jh5z1
[2021-12-03 22:06:20,512] {logging_mixin.py:112} WARNING - /home/kauai/datapipeline/venv/lib/python3.8/site-packages/urllib3/connectionpool.py:981: InsecureRequestWarning: Unverified HTTPS request is being made to host 'api.twitter.com'. Adding certificate verification is strongly advised. See: https://urllib3.readthedocs.io/en/latest/advanced-usage.html#ssl-warnings
  warnings.warn(
[2021-12-03 22:06:20,895] {twitter_hook.py:36} INFO - URL: https://api.twitter.com/2/tweets/search/recent?query=VascodaGama&tweet.fields=author_id,conversation_id,created_at,id,in_reply_to_user_id,public_metrics,text&expansions=author_id&user.fields=id,name,username,created_at&start_time=2021-12-02T09:00:00.00Z&end_time=2021-12-03T09:00:00.00Z&next_token=b26v89c19zqg8o3fpdy83c67b63ja38j1ldq8yfm4igsd
[2021-12-03 22:06:20,895] {logging_mixin.py:112} WARNING - /home/kauai/datapipeline/venv/lib/python3.8/site-packages/urllib3/connectionpool.py:981: InsecureRequestWarning: Unverified HTTPS request is being made to host 'api.twitter.com'. Adding certificate verification is strongly advised. See: https://urllib3.readthedocs.io/en/latest/advanced-usage.html#ssl-warnings
  warnings.warn(
[2021-12-03 22:06:21,313] {twitter_hook.py:36} INFO - URL: https://api.twitter.com/2/tweets/search/recent?query=VascodaGama&tweet.fields=author_id,conversation_id,created_at,id,in_reply_to_user_id,public_metrics,text&expansions=author_id&user.fields=id,name,username,created_at&start_time=2021-12-02T09:00:00.00Z&end_time=2021-12-03T09:00:00.00Z&next_token=b26v89c19zqg8o3fpdy83c5wqaz5z14xehmotg0bn57r1
[2021-12-03 22:06:21,314] {logging_mixin.py:112} WARNING - /home/kauai/datapipeline/venv/lib/python3.8/site-packages/urllib3/connectionpool.py:981: InsecureRequestWarning: Unverified HTTPS request is being made to host 'api.twitter.com'. Adding certificate verification is strongly advised. See: https://urllib3.readthedocs.io/en/latest/advanced-usage.html#ssl-warnings
  warnings.warn(
[2021-12-03 22:06:21,695] {twitter_hook.py:36} INFO - URL: https://api.twitter.com/2/tweets/search/recent?query=VascodaGama&tweet.fields=author_id,conversation_id,created_at,id,in_reply_to_user_id,public_metrics,text&expansions=author_id&user.fields=id,name,username,created_at&start_time=2021-12-02T09:00:00.00Z&end_time=2021-12-03T09:00:00.00Z&next_token=b26v89c19zqg8o3fpdy83c5wlrqz2bsygjt2350amc96l
[2021-12-03 22:06:21,695] {logging_mixin.py:112} WARNING - /home/kauai/datapipeline/venv/lib/python3.8/site-packages/urllib3/connectionpool.py:981: InsecureRequestWarning: Unverified HTTPS request is being made to host 'api.twitter.com'. Adding certificate verification is strongly advised. See: https://urllib3.readthedocs.io/en/latest/advanced-usage.html#ssl-warnings
  warnings.warn(
[2021-12-03 22:06:22,072] {twitter_hook.py:36} INFO - URL: https://api.twitter.com/2/tweets/search/recent?query=VascodaGama&tweet.fields=author_id,conversation_id,created_at,id,in_reply_to_user_id,public_metrics,text&expansions=author_id&user.fields=id,name,username,created_at&start_time=2021-12-02T09:00:00.00Z&end_time=2021-12-03T09:00:00.00Z&next_token=b26v89c19zqg8o3fpdy83c5m3y3j25vsbl7kfq6td6em5
[2021-12-03 22:06:22,072] {logging_mixin.py:112} WARNING - /home/kauai/datapipeline/venv/lib/python3.8/site-packages/urllib3/connectionpool.py:981: InsecureRequestWarning: Unverified HTTPS request is being made to host 'api.twitter.com'. Adding certificate verification is strongly advised. See: https://urllib3.readthedocs.io/en/latest/advanced-usage.html#ssl-warnings
  warnings.warn(
[2021-12-03 22:06:22,467] {twitter_hook.py:36} INFO - URL: https://api.twitter.com/2/tweets/search/recent?query=VascodaGama&tweet.fields=author_id,conversation_id,created_at,id,in_reply_to_user_id,public_metrics,text&expansions=author_id&user.fields=id,name,username,created_at&start_time=2021-12-02T09:00:00.00Z&end_time=2021-12-03T09:00:00.00Z&next_token=b26v89c19zqg8o3fpdy83c5m0xpdc9cqsbptu871ea9h9
[2021-12-03 22:06:22,467] {logging_mixin.py:112} WARNING - /home/kauai/datapipeline/venv/lib/python3.8/site-packages/urllib3/connectionpool.py:981: InsecureRequestWarning: Unverified HTTPS request is being made to host 'api.twitter.com'. Adding certificate verification is strongly advised. See: https://urllib3.readthedocs.io/en/latest/advanced-usage.html#ssl-warnings
  warnings.warn(
[2021-12-03 22:06:22,822] {twitter_hook.py:36} INFO - URL: https://api.twitter.com/2/tweets/search/recent?query=VascodaGama&tweet.fields=author_id,conversation_id,created_at,id,in_reply_to_user_id,public_metrics,text&expansions=author_id&user.fields=id,name,username,created_at&start_time=2021-12-02T09:00:00.00Z&end_time=2021-12-03T09:00:00.00Z&next_token=b26v89c19zqg8o3fpdy83c5lze89iaqq89b0pkq7t17ct
[2021-12-03 22:06:22,823] {logging_mixin.py:112} WARNING - /home/kauai/datapipeline/venv/lib/python3.8/site-packages/urllib3/connectionpool.py:981: InsecureRequestWarning: Unverified HTTPS request is being made to host 'api.twitter.com'. Adding certificate verification is strongly advised. See: https://urllib3.readthedocs.io/en/latest/advanced-usage.html#ssl-warnings
  warnings.warn(
[2021-12-03 22:06:23,205] {twitter_hook.py:36} INFO - URL: https://api.twitter.com/2/tweets/search/recent?query=VascodaGama&tweet.fields=author_id,conversation_id,created_at,id,in_reply_to_user_id,public_metrics,text&expansions=author_id&user.fields=id,name,username,created_at&start_time=2021-12-02T09:00:00.00Z&end_time=2021-12-03T09:00:00.00Z&next_token=b26v89c19zqg8o3fpdy83c5lrtr2egvsox563fvj3u4xp
[2021-12-03 22:06:23,205] {logging_mixin.py:112} WARNING - /home/kauai/datapipeline/venv/lib/python3.8/site-packages/urllib3/connectionpool.py:981: InsecureRequestWarning: Unverified HTTPS request is being made to host 'api.twitter.com'. Adding certificate verification is strongly advised. See: https://urllib3.readthedocs.io/en/latest/advanced-usage.html#ssl-warnings
  warnings.warn(
[2021-12-03 22:06:23,589] {twitter_hook.py:36} INFO - URL: https://api.twitter.com/2/tweets/search/recent?query=VascodaGama&tweet.fields=author_id,conversation_id,created_at,id,in_reply_to_user_id,public_metrics,text&expansions=author_id&user.fields=id,name,username,created_at&start_time=2021-12-02T09:00:00.00Z&end_time=2021-12-03T09:00:00.00Z&next_token=b26v89c19zqg8o3fpdy83c5b6zhs6i0trfm3czmxsskfx
[2021-12-03 22:06:23,589] {logging_mixin.py:112} WARNING - /home/kauai/datapipeline/venv/lib/python3.8/site-packages/urllib3/connectionpool.py:981: InsecureRequestWarning: Unverified HTTPS request is being made to host 'api.twitter.com'. Adding certificate verification is strongly advised. See: https://urllib3.readthedocs.io/en/latest/advanced-usage.html#ssl-warnings
  warnings.warn(
[2021-12-03 22:06:23,978] {twitter_hook.py:36} INFO - URL: https://api.twitter.com/2/tweets/search/recent?query=VascodaGama&tweet.fields=author_id,conversation_id,created_at,id,in_reply_to_user_id,public_metrics,text&expansions=author_id&user.fields=id,name,username,created_at&start_time=2021-12-02T09:00:00.00Z&end_time=2021-12-03T09:00:00.00Z&next_token=b26v89c19zqg8o3fpdy83c5b2g1wqj02zg5ietwv05ri5
[2021-12-03 22:06:23,978] {logging_mixin.py:112} WARNING - /home/kauai/datapipeline/venv/lib/python3.8/site-packages/urllib3/connectionpool.py:981: InsecureRequestWarning: Unverified HTTPS request is being made to host 'api.twitter.com'. Adding certificate verification is strongly advised. See: https://urllib3.readthedocs.io/en/latest/advanced-usage.html#ssl-warnings
  warnings.warn(
[2021-12-03 22:06:24,364] {twitter_hook.py:36} INFO - URL: https://api.twitter.com/2/tweets/search/recent?query=VascodaGama&tweet.fields=author_id,conversation_id,created_at,id,in_reply_to_user_id,public_metrics,text&expansions=author_id&user.fields=id,name,username,created_at&start_time=2021-12-02T09:00:00.00Z&end_time=2021-12-03T09:00:00.00Z&next_token=b26v89c19zqg8o3fpdy83c50hl5egthu06ouu8z9sne65
[2021-12-03 22:06:24,365] {logging_mixin.py:112} WARNING - /home/kauai/datapipeline/venv/lib/python3.8/site-packages/urllib3/connectionpool.py:981: InsecureRequestWarning: Unverified HTTPS request is being made to host 'api.twitter.com'. Adding certificate verification is strongly advised. See: https://urllib3.readthedocs.io/en/latest/advanced-usage.html#ssl-warnings
  warnings.warn(
[2021-12-03 22:06:24,757] {twitter_hook.py:36} INFO - URL: https://api.twitter.com/2/tweets/search/recent?query=VascodaGama&tweet.fields=author_id,conversation_id,created_at,id,in_reply_to_user_id,public_metrics,text&expansions=author_id&user.fields=id,name,username,created_at&start_time=2021-12-02T09:00:00.00Z&end_time=2021-12-03T09:00:00.00Z&next_token=b26v89c19zqg8o3fpdy83c50bi8czld7kv036wezlau7x
[2021-12-03 22:06:24,757] {logging_mixin.py:112} WARNING - /home/kauai/datapipeline/venv/lib/python3.8/site-packages/urllib3/connectionpool.py:981: InsecureRequestWarning: Unverified HTTPS request is being made to host 'api.twitter.com'. Adding certificate verification is strongly advised. See: https://urllib3.readthedocs.io/en/latest/advanced-usage.html#ssl-warnings
  warnings.warn(
[2021-12-03 22:06:25,133] {twitter_hook.py:36} INFO - URL: https://api.twitter.com/2/tweets/search/recent?query=VascodaGama&tweet.fields=author_id,conversation_id,created_at,id,in_reply_to_user_id,public_metrics,text&expansions=author_id&user.fields=id,name,username,created_at&start_time=2021-12-02T09:00:00.00Z&end_time=2021-12-03T09:00:00.00Z&next_token=b26v89c19zqg8o3fpdy83c4pno0dboxj3lb55kaots2gt
[2021-12-03 22:06:25,134] {logging_mixin.py:112} WARNING - /home/kauai/datapipeline/venv/lib/python3.8/site-packages/urllib3/connectionpool.py:981: InsecureRequestWarning: Unverified HTTPS request is being made to host 'api.twitter.com'. Adding certificate verification is strongly advised. See: https://urllib3.readthedocs.io/en/latest/advanced-usage.html#ssl-warnings
  warnings.warn(
[2021-12-03 22:06:25,507] {twitter_hook.py:36} INFO - URL: https://api.twitter.com/2/tweets/search/recent?query=VascodaGama&tweet.fields=author_id,conversation_id,created_at,id,in_reply_to_user_id,public_metrics,text&expansions=author_id&user.fields=id,name,username,created_at&start_time=2021-12-02T09:00:00.00Z&end_time=2021-12-03T09:00:00.00Z&next_token=b26v89c19zqg8o3fpdy83c4pj3a74onu893azkpsfeg71
[2021-12-03 22:06:25,507] {logging_mixin.py:112} WARNING - /home/kauai/datapipeline/venv/lib/python3.8/site-packages/urllib3/connectionpool.py:981: InsecureRequestWarning: Unverified HTTPS request is being made to host 'api.twitter.com'. Adding certificate verification is strongly advised. See: https://urllib3.readthedocs.io/en/latest/advanced-usage.html#ssl-warnings
  warnings.warn(
[2021-12-03 22:06:25,869] {twitter_hook.py:36} INFO - URL: https://api.twitter.com/2/tweets/search/recent?query=VascodaGama&tweet.fields=author_id,conversation_id,created_at,id,in_reply_to_user_id,public_metrics,text&expansions=author_id&user.fields=id,name,username,created_at&start_time=2021-12-02T09:00:00.00Z&end_time=2021-12-03T09:00:00.00Z&next_token=b26v89c19zqg8o3fpdy83c4pd1uxcsjip5fwgxei4z5a5
[2021-12-03 22:06:25,869] {logging_mixin.py:112} WARNING - /home/kauai/datapipeline/venv/lib/python3.8/site-packages/urllib3/connectionpool.py:981: InsecureRequestWarning: Unverified HTTPS request is being made to host 'api.twitter.com'. Adding certificate verification is strongly advised. See: https://urllib3.readthedocs.io/en/latest/advanced-usage.html#ssl-warnings
  warnings.warn(
[2021-12-03 22:06:26,279] {twitter_hook.py:36} INFO - URL: https://api.twitter.com/2/tweets/search/recent?query=VascodaGama&tweet.fields=author_id,conversation_id,created_at,id,in_reply_to_user_id,public_metrics,text&expansions=author_id&user.fields=id,name,username,created_at&start_time=2021-12-02T09:00:00.00Z&end_time=2021-12-03T09:00:00.00Z&next_token=b26v89c19zqg8o3fpdy83c4ewpyxgiyfuop1sl5un46f1
[2021-12-03 22:06:26,279] {logging_mixin.py:112} WARNING - /home/kauai/datapipeline/venv/lib/python3.8/site-packages/urllib3/connectionpool.py:981: InsecureRequestWarning: Unverified HTTPS request is being made to host 'api.twitter.com'. Adding certificate verification is strongly advised. See: https://urllib3.readthedocs.io/en/latest/advanced-usage.html#ssl-warnings
  warnings.warn(
[2021-12-03 22:06:26,656] {twitter_hook.py:36} INFO - URL: https://api.twitter.com/2/tweets/search/recent?query=VascodaGama&tweet.fields=author_id,conversation_id,created_at,id,in_reply_to_user_id,public_metrics,text&expansions=author_id&user.fields=id,name,username,created_at&start_time=2021-12-02T09:00:00.00Z&end_time=2021-12-03T09:00:00.00Z&next_token=b26v89c19zqg8o3fpdy83c4etoxsbnmcmg2hshvem4j25
[2021-12-03 22:06:26,656] {logging_mixin.py:112} WARNING - /home/kauai/datapipeline/venv/lib/python3.8/site-packages/urllib3/connectionpool.py:981: InsecureRequestWarning: Unverified HTTPS request is being made to host 'api.twitter.com'. Adding certificate verification is strongly advised. See: https://urllib3.readthedocs.io/en/latest/advanced-usage.html#ssl-warnings
  warnings.warn(
[2021-12-03 22:06:27,042] {twitter_hook.py:36} INFO - URL: https://api.twitter.com/2/tweets/search/recent?query=VascodaGama&tweet.fields=author_id,conversation_id,created_at,id,in_reply_to_user_id,public_metrics,text&expansions=author_id&user.fields=id,name,username,created_at&start_time=2021-12-02T09:00:00.00Z&end_time=2021-12-03T09:00:00.00Z&next_token=b26v89c19zqg8o3fpdy83c4ep6ctge95geje99q50fmv1
[2021-12-03 22:06:27,043] {logging_mixin.py:112} WARNING - /home/kauai/datapipeline/venv/lib/python3.8/site-packages/urllib3/connectionpool.py:981: InsecureRequestWarning: Unverified HTTPS request is being made to host 'api.twitter.com'. Adding certificate verification is strongly advised. See: https://urllib3.readthedocs.io/en/latest/advanced-usage.html#ssl-warnings
  warnings.warn(
[2021-12-03 22:06:27,422] {twitter_hook.py:36} INFO - URL: https://api.twitter.com/2/tweets/search/recent?query=VascodaGama&tweet.fields=author_id,conversation_id,created_at,id,in_reply_to_user_id,public_metrics,text&expansions=author_id&user.fields=id,name,username,created_at&start_time=2021-12-02T09:00:00.00Z&end_time=2021-12-03T09:00:00.00Z&next_token=b26v89c19zqg8o3fpdy83c4em4olnatvt6avk26wkv9ml
[2021-12-03 22:06:27,423] {logging_mixin.py:112} WARNING - /home/kauai/datapipeline/venv/lib/python3.8/site-packages/urllib3/connectionpool.py:981: InsecureRequestWarning: Unverified HTTPS request is being made to host 'api.twitter.com'. Adding certificate verification is strongly advised. See: https://urllib3.readthedocs.io/en/latest/advanced-usage.html#ssl-warnings
  warnings.warn(
[2021-12-03 22:06:27,826] {twitter_hook.py:36} INFO - URL: https://api.twitter.com/2/tweets/search/recent?query=VascodaGama&tweet.fields=author_id,conversation_id,created_at,id,in_reply_to_user_id,public_metrics,text&expansions=author_id&user.fields=id,name,username,created_at&start_time=2021-12-02T09:00:00.00Z&end_time=2021-12-03T09:00:00.00Z&next_token=b26v89c19zqg8o3fpdy83c445uxbt76qzmezapft9m6wt
[2021-12-03 22:06:27,826] {logging_mixin.py:112} WARNING - /home/kauai/datapipeline/venv/lib/python3.8/site-packages/urllib3/connectionpool.py:981: InsecureRequestWarning: Unverified HTTPS request is being made to host 'api.twitter.com'. Adding certificate verification is strongly advised. See: https://urllib3.readthedocs.io/en/latest/advanced-usage.html#ssl-warnings
  warnings.warn(
[2021-12-03 22:06:28,222] {twitter_hook.py:36} INFO - URL: https://api.twitter.com/2/tweets/search/recent?query=VascodaGama&tweet.fields=author_id,conversation_id,created_at,id,in_reply_to_user_id,public_metrics,text&expansions=author_id&user.fields=id,name,username,created_at&start_time=2021-12-02T09:00:00.00Z&end_time=2021-12-03T09:00:00.00Z&next_token=b26v89c19zqg8o3fpdy83c442s6skw5jjs9pzz04eflod
[2021-12-03 22:06:28,222] {logging_mixin.py:112} WARNING - /home/kauai/datapipeline/venv/lib/python3.8/site-packages/urllib3/connectionpool.py:981: InsecureRequestWarning: Unverified HTTPS request is being made to host 'api.twitter.com'. Adding certificate verification is strongly advised. See: https://urllib3.readthedocs.io/en/latest/advanced-usage.html#ssl-warnings
  warnings.warn(
[2021-12-03 22:06:28,606] {twitter_hook.py:36} INFO - URL: https://api.twitter.com/2/tweets/search/recent?query=VascodaGama&tweet.fields=author_id,conversation_id,created_at,id,in_reply_to_user_id,public_metrics,text&expansions=author_id&user.fields=id,name,username,created_at&start_time=2021-12-02T09:00:00.00Z&end_time=2021-12-03T09:00:00.00Z&next_token=b26v89c19zqg8o3fpdy83c43zs0beem16ntzpbd7syi65
[2021-12-03 22:06:28,606] {logging_mixin.py:112} WARNING - /home/kauai/datapipeline/venv/lib/python3.8/site-packages/urllib3/connectionpool.py:981: InsecureRequestWarning: Unverified HTTPS request is being made to host 'api.twitter.com'. Adding certificate verification is strongly advised. See: https://urllib3.readthedocs.io/en/latest/advanced-usage.html#ssl-warnings
  warnings.warn(
[2021-12-03 22:06:29,001] {twitter_hook.py:36} INFO - URL: https://api.twitter.com/2/tweets/search/recent?query=VascodaGama&tweet.fields=author_id,conversation_id,created_at,id,in_reply_to_user_id,public_metrics,text&expansions=author_id&user.fields=id,name,username,created_at&start_time=2021-12-02T09:00:00.00Z&end_time=2021-12-03T09:00:00.00Z&next_token=b26v89c19zqg8o3fpdy83c43v72ricznuocw7b4rd6mpp
[2021-12-03 22:06:29,001] {logging_mixin.py:112} WARNING - /home/kauai/datapipeline/venv/lib/python3.8/site-packages/urllib3/connectionpool.py:981: InsecureRequestWarning: Unverified HTTPS request is being made to host 'api.twitter.com'. Adding certificate verification is strongly advised. See: https://urllib3.readthedocs.io/en/latest/advanced-usage.html#ssl-warnings
  warnings.warn(
[2021-12-03 22:06:29,400] {twitter_hook.py:36} INFO - URL: https://api.twitter.com/2/tweets/search/recent?query=VascodaGama&tweet.fields=author_id,conversation_id,created_at,id,in_reply_to_user_id,public_metrics,text&expansions=author_id&user.fields=id,name,username,created_at&start_time=2021-12-02T09:00:00.00Z&end_time=2021-12-03T09:00:00.00Z&next_token=b26v89c19zqg8o3fpdy83a232t0aj3h2h205w89p0zz3x
[2021-12-03 22:06:29,400] {logging_mixin.py:112} WARNING - /home/kauai/datapipeline/venv/lib/python3.8/site-packages/urllib3/connectionpool.py:981: InsecureRequestWarning: Unverified HTTPS request is being made to host 'api.twitter.com'. Adding certificate verification is strongly advised. See: https://urllib3.readthedocs.io/en/latest/advanced-usage.html#ssl-warnings
  warnings.warn(
[2021-12-03 22:06:29,792] {twitter_hook.py:36} INFO - URL: https://api.twitter.com/2/tweets/search/recent?query=VascodaGama&tweet.fields=author_id,conversation_id,created_at,id,in_reply_to_user_id,public_metrics,text&expansions=author_id&user.fields=id,name,username,created_at&start_time=2021-12-02T09:00:00.00Z&end_time=2021-12-03T09:00:00.00Z&next_token=b26v89c19zqg8o3fpdy83a22y9zyl5fikdyha0lq54br1
[2021-12-03 22:06:29,792] {logging_mixin.py:112} WARNING - /home/kauai/datapipeline/venv/lib/python3.8/site-packages/urllib3/connectionpool.py:981: InsecureRequestWarning: Unverified HTTPS request is being made to host 'api.twitter.com'. Adding certificate verification is strongly advised. See: https://urllib3.readthedocs.io/en/latest/advanced-usage.html#ssl-warnings
  warnings.warn(
[2021-12-03 22:06:30,179] {twitter_hook.py:36} INFO - URL: https://api.twitter.com/2/tweets/search/recent?query=VascodaGama&tweet.fields=author_id,conversation_id,created_at,id,in_reply_to_user_id,public_metrics,text&expansions=author_id&user.fields=id,name,username,created_at&start_time=2021-12-02T09:00:00.00Z&end_time=2021-12-03T09:00:00.00Z&next_token=b26v89c19zqg8o3fpdy83a22tppe4831zypabvxt908l9
[2021-12-03 22:06:30,180] {logging_mixin.py:112} WARNING - /home/kauai/datapipeline/venv/lib/python3.8/site-packages/urllib3/connectionpool.py:981: InsecureRequestWarning: Unverified HTTPS request is being made to host 'api.twitter.com'. Adding certificate verification is strongly advised. See: https://urllib3.readthedocs.io/en/latest/advanced-usage.html#ssl-warnings
  warnings.warn(
[2021-12-03 22:06:30,546] {twitter_hook.py:36} INFO - URL: https://api.twitter.com/2/tweets/search/recent?query=VascodaGama&tweet.fields=author_id,conversation_id,created_at,id,in_reply_to_user_id,public_metrics,text&expansions=author_id&user.fields=id,name,username,created_at&start_time=2021-12-02T09:00:00.00Z&end_time=2021-12-03T09:00:00.00Z&next_token=b26v89c19zqg8o3fpdy83a1sbw9e0udg37dd0redkq9a5
[2021-12-03 22:06:30,546] {logging_mixin.py:112} WARNING - /home/kauai/datapipeline/venv/lib/python3.8/site-packages/urllib3/connectionpool.py:981: InsecureRequestWarning: Unverified HTTPS request is being made to host 'api.twitter.com'. Adding certificate verification is strongly advised. See: https://urllib3.readthedocs.io/en/latest/advanced-usage.html#ssl-warnings
  warnings.warn(
[2021-12-03 22:06:30,909] {twitter_hook.py:36} INFO - URL: https://api.twitter.com/2/tweets/search/recent?query=VascodaGama&tweet.fields=author_id,conversation_id,created_at,id,in_reply_to_user_id,public_metrics,text&expansions=author_id&user.fields=id,name,username,created_at&start_time=2021-12-02T09:00:00.00Z&end_time=2021-12-03T09:00:00.00Z&next_token=b26v89c19zqg8o3fpdy83a1sadmsqd6mgtv76s2xhr0xp
[2021-12-03 22:06:30,910] {logging_mixin.py:112} WARNING - /home/kauai/datapipeline/venv/lib/python3.8/site-packages/urllib3/connectionpool.py:981: InsecureRequestWarning: Unverified HTTPS request is being made to host 'api.twitter.com'. Adding certificate verification is strongly advised. See: https://urllib3.readthedocs.io/en/latest/advanced-usage.html#ssl-warnings
  warnings.warn(
[2021-12-03 22:06:31,291] {twitter_hook.py:36} INFO - URL: https://api.twitter.com/2/tweets/search/recent?query=VascodaGama&tweet.fields=author_id,conversation_id,created_at,id,in_reply_to_user_id,public_metrics,text&expansions=author_id&user.fields=id,name,username,created_at&start_time=2021-12-02T09:00:00.00Z&end_time=2021-12-03T09:00:00.00Z&next_token=b26v89c19zqg8o3fpdy83a1s7dggxpcln803jpent5qwt
[2021-12-03 22:06:31,291] {logging_mixin.py:112} WARNING - /home/kauai/datapipeline/venv/lib/python3.8/site-packages/urllib3/connectionpool.py:981: InsecureRequestWarning: Unverified HTTPS request is being made to host 'api.twitter.com'. Adding certificate verification is strongly advised. See: https://urllib3.readthedocs.io/en/latest/advanced-usage.html#ssl-warnings
  warnings.warn(
[2021-12-03 22:06:31,648] {twitter_hook.py:36} INFO - URL: https://api.twitter.com/2/tweets/search/recent?query=VascodaGama&tweet.fields=author_id,conversation_id,created_at,id,in_reply_to_user_id,public_metrics,text&expansions=author_id&user.fields=id,name,username,created_at&start_time=2021-12-02T09:00:00.00Z&end_time=2021-12-03T09:00:00.00Z&next_token=b26v89c19zqg8o3fpdy83a1s4d2a4lo311tr7z7pif14t
[2021-12-03 22:06:31,649] {logging_mixin.py:112} WARNING - /home/kauai/datapipeline/venv/lib/python3.8/site-packages/urllib3/connectionpool.py:981: InsecureRequestWarning: Unverified HTTPS request is being made to host 'api.twitter.com'. Adding certificate verification is strongly advised. See: https://urllib3.readthedocs.io/en/latest/advanced-usage.html#ssl-warnings
  warnings.warn(
[2021-12-03 22:06:32,604] {twitter_hook.py:36} INFO - URL: https://api.twitter.com/2/tweets/search/recent?query=VascodaGama&tweet.fields=author_id,conversation_id,created_at,id,in_reply_to_user_id,public_metrics,text&expansions=author_id&user.fields=id,name,username,created_at&start_time=2021-12-02T09:00:00.00Z&end_time=2021-12-03T09:00:00.00Z&next_token=b26v89c19zqg8o3fpdy83a1s1bm0jzv00wxc0tqn9xlrx
[2021-12-03 22:06:32,605] {logging_mixin.py:112} WARNING - /home/kauai/datapipeline/venv/lib/python3.8/site-packages/urllib3/connectionpool.py:981: InsecureRequestWarning: Unverified HTTPS request is being made to host 'api.twitter.com'. Adding certificate verification is strongly advised. See: https://urllib3.readthedocs.io/en/latest/advanced-usage.html#ssl-warnings
  warnings.warn(
[2021-12-03 22:06:33,007] {twitter_hook.py:36} INFO - URL: https://api.twitter.com/2/tweets/search/recent?query=VascodaGama&tweet.fields=author_id,conversation_id,created_at,id,in_reply_to_user_id,public_metrics,text&expansions=author_id&user.fields=id,name,username,created_at&start_time=2021-12-02T09:00:00.00Z&end_time=2021-12-03T09:00:00.00Z&next_token=b26v89c19zqg8o3fpdy83a1hjit0zdduwuv8tqn5p0hvh
[2021-12-03 22:06:33,007] {logging_mixin.py:112} WARNING - /home/kauai/datapipeline/venv/lib/python3.8/site-packages/urllib3/connectionpool.py:981: InsecureRequestWarning: Unverified HTTPS request is being made to host 'api.twitter.com'. Adding certificate verification is strongly advised. See: https://urllib3.readthedocs.io/en/latest/advanced-usage.html#ssl-warnings
  warnings.warn(
[2021-12-03 22:06:33,391] {twitter_hook.py:36} INFO - URL: https://api.twitter.com/2/tweets/search/recent?query=VascodaGama&tweet.fields=author_id,conversation_id,created_at,id,in_reply_to_user_id,public_metrics,text&expansions=author_id&user.fields=id,name,username,created_at&start_time=2021-12-02T09:00:00.00Z&end_time=2021-12-03T09:00:00.00Z&next_token=b26v89c19zqg8o3fpdy83a1hdfw3tufk8jrsg1n1v4rct
[2021-12-03 22:06:33,392] {logging_mixin.py:112} WARNING - /home/kauai/datapipeline/venv/lib/python3.8/site-packages/urllib3/connectionpool.py:981: InsecureRequestWarning: Unverified HTTPS request is being made to host 'api.twitter.com'. Adding certificate verification is strongly advised. See: https://urllib3.readthedocs.io/en/latest/advanced-usage.html#ssl-warnings
  warnings.warn(
[2021-12-03 22:06:33,818] {twitter_hook.py:36} INFO - URL: https://api.twitter.com/2/tweets/search/recent?query=VascodaGama&tweet.fields=author_id,conversation_id,created_at,id,in_reply_to_user_id,public_metrics,text&expansions=author_id&user.fields=id,name,username,created_at&start_time=2021-12-02T09:00:00.00Z&end_time=2021-12-03T09:00:00.00Z&next_token=b26v89c19zqg8o3fpdy83a1h8v657neq9mowxs5oi1p4t
[2021-12-03 22:06:33,819] {logging_mixin.py:112} WARNING - /home/kauai/datapipeline/venv/lib/python3.8/site-packages/urllib3/connectionpool.py:981: InsecureRequestWarning: Unverified HTTPS request is being made to host 'api.twitter.com'. Adding certificate verification is strongly advised. See: https://urllib3.readthedocs.io/en/latest/advanced-usage.html#ssl-warnings
  warnings.warn(
[2021-12-03 22:06:34,230] {twitter_hook.py:36} INFO - URL: https://api.twitter.com/2/tweets/search/recent?query=VascodaGama&tweet.fields=author_id,conversation_id,created_at,id,in_reply_to_user_id,public_metrics,text&expansions=author_id&user.fields=id,name,username,created_at&start_time=2021-12-02T09:00:00.00Z&end_time=2021-12-03T09:00:00.00Z&next_token=b26v89c19zqg8o3fpdy83a16pjqolz4lz8m3qthyy3ud9
[2021-12-03 22:06:34,230] {logging_mixin.py:112} WARNING - /home/kauai/datapipeline/venv/lib/python3.8/site-packages/urllib3/connectionpool.py:981: InsecureRequestWarning: Unverified HTTPS request is being made to host 'api.twitter.com'. Adding certificate verification is strongly advised. See: https://urllib3.readthedocs.io/en/latest/advanced-usage.html#ssl-warnings
  warnings.warn(
[2021-12-03 22:06:34,616] {twitter_hook.py:36} INFO - URL: https://api.twitter.com/2/tweets/search/recent?query=VascodaGama&tweet.fields=author_id,conversation_id,created_at,id,in_reply_to_user_id,public_metrics,text&expansions=author_id&user.fields=id,name,username,created_at&start_time=2021-12-02T09:00:00.00Z&end_time=2021-12-03T09:00:00.00Z&next_token=b26v89c19zqg8o3fpdy83a16kz0pzs30bmh06j9hgfczh
[2021-12-03 22:06:34,617] {logging_mixin.py:112} WARNING - /home/kauai/datapipeline/venv/lib/python3.8/site-packages/urllib3/connectionpool.py:981: InsecureRequestWarning: Unverified HTTPS request is being made to host 'api.twitter.com'. Adding certificate verification is strongly advised. See: https://urllib3.readthedocs.io/en/latest/advanced-usage.html#ssl-warnings
  warnings.warn(
[2021-12-03 22:06:34,980] {twitter_hook.py:36} INFO - URL: https://api.twitter.com/2/tweets/search/recent?query=VascodaGama&tweet.fields=author_id,conversation_id,created_at,id,in_reply_to_user_id,public_metrics,text&expansions=author_id&user.fields=id,name,username,created_at&start_time=2021-12-02T09:00:00.00Z&end_time=2021-12-03T09:00:00.00Z&next_token=b26v89c19zqg8o3fpdy83a16hzp5dublkxgolls831ocd
[2021-12-03 22:06:34,980] {logging_mixin.py:112} WARNING - /home/kauai/datapipeline/venv/lib/python3.8/site-packages/urllib3/connectionpool.py:981: InsecureRequestWarning: Unverified HTTPS request is being made to host 'api.twitter.com'. Adding certificate verification is strongly advised. See: https://urllib3.readthedocs.io/en/latest/advanced-usage.html#ssl-warnings
  warnings.warn(
[2021-12-03 22:06:35,386] {twitter_hook.py:36} INFO - URL: https://api.twitter.com/2/tweets/search/recent?query=VascodaGama&tweet.fields=author_id,conversation_id,created_at,id,in_reply_to_user_id,public_metrics,text&expansions=author_id&user.fields=id,name,username,created_at&start_time=2021-12-02T09:00:00.00Z&end_time=2021-12-03T09:00:00.00Z&next_token=b26v89c19zqg8o3fpdy83a0vx5043c9c966g6xtqpm5j1
[2021-12-03 22:06:35,386] {logging_mixin.py:112} WARNING - /home/kauai/datapipeline/venv/lib/python3.8/site-packages/urllib3/connectionpool.py:981: InsecureRequestWarning: Unverified HTTPS request is being made to host 'api.twitter.com'. Adding certificate verification is strongly advised. See: https://urllib3.readthedocs.io/en/latest/advanced-usage.html#ssl-warnings
  warnings.warn(
[2021-12-03 22:06:35,826] {twitter_hook.py:36} INFO - URL: https://api.twitter.com/2/tweets/search/recent?query=VascodaGama&tweet.fields=author_id,conversation_id,created_at,id,in_reply_to_user_id,public_metrics,text&expansions=author_id&user.fields=id,name,username,created_at&start_time=2021-12-02T09:00:00.00Z&end_time=2021-12-03T09:00:00.00Z&next_token=b26v89c19zqg8o3fpdy83a0vskx97cikvb1u5re006fst
[2021-12-03 22:06:35,826] {logging_mixin.py:112} WARNING - /home/kauai/datapipeline/venv/lib/python3.8/site-packages/urllib3/connectionpool.py:981: InsecureRequestWarning: Unverified HTTPS request is being made to host 'api.twitter.com'. Adding certificate verification is strongly advised. See: https://urllib3.readthedocs.io/en/latest/advanced-usage.html#ssl-warnings
  warnings.warn(
[2021-12-03 22:06:36,203] {twitter_hook.py:36} INFO - URL: https://api.twitter.com/2/tweets/search/recent?query=VascodaGama&tweet.fields=author_id,conversation_id,created_at,id,in_reply_to_user_id,public_metrics,text&expansions=author_id&user.fields=id,name,username,created_at&start_time=2021-12-02T09:00:00.00Z&end_time=2021-12-03T09:00:00.00Z&next_token=b26v89c19zqg8o3fpdy83a0l681biojq0olv26byatev1
[2021-12-03 22:06:36,204] {logging_mixin.py:112} WARNING - /home/kauai/datapipeline/venv/lib/python3.8/site-packages/urllib3/connectionpool.py:981: InsecureRequestWarning: Unverified HTTPS request is being made to host 'api.twitter.com'. Adding certificate verification is strongly advised. See: https://urllib3.readthedocs.io/en/latest/advanced-usage.html#ssl-warnings
  warnings.warn(
[2021-12-03 22:06:36,595] {twitter_hook.py:36} INFO - URL: https://api.twitter.com/2/tweets/search/recent?query=VascodaGama&tweet.fields=author_id,conversation_id,created_at,id,in_reply_to_user_id,public_metrics,text&expansions=author_id&user.fields=id,name,username,created_at&start_time=2021-12-02T09:00:00.00Z&end_time=2021-12-03T09:00:00.00Z&next_token=b26v89c19zqg8o3fpdy83a0l4ocrqf0qclfvwoj5f0k8t
[2021-12-03 22:06:36,595] {logging_mixin.py:112} WARNING - /home/kauai/datapipeline/venv/lib/python3.8/site-packages/urllib3/connectionpool.py:981: InsecureRequestWarning: Unverified HTTPS request is being made to host 'api.twitter.com'. Adding certificate verification is strongly advised. See: https://urllib3.readthedocs.io/en/latest/advanced-usage.html#ssl-warnings
  warnings.warn(
[2021-12-03 22:06:36,975] {twitter_hook.py:36} INFO - URL: https://api.twitter.com/2/tweets/search/recent?query=VascodaGama&tweet.fields=author_id,conversation_id,created_at,id,in_reply_to_user_id,public_metrics,text&expansions=author_id&user.fields=id,name,username,created_at&start_time=2021-12-02T09:00:00.00Z&end_time=2021-12-03T09:00:00.00Z&next_token=b26v89c19zqg8o3fpdy83a0kvkek1qsfcz6keosnkwi9p
[2021-12-03 22:06:36,976] {logging_mixin.py:112} WARNING - /home/kauai/datapipeline/venv/lib/python3.8/site-packages/urllib3/connectionpool.py:981: InsecureRequestWarning: Unverified HTTPS request is being made to host 'api.twitter.com'. Adding certificate verification is strongly advised. See: https://urllib3.readthedocs.io/en/latest/advanced-usage.html#ssl-warnings
  warnings.warn(
[2021-12-03 22:06:37,367] {twitter_hook.py:36} INFO - URL: https://api.twitter.com/2/tweets/search/recent?query=VascodaGama&tweet.fields=author_id,conversation_id,created_at,id,in_reply_to_user_id,public_metrics,text&expansions=author_id&user.fields=id,name,username,created_at&start_time=2021-12-02T09:00:00.00Z&end_time=2021-12-03T09:00:00.00Z&next_token=b26v89c19zqg8o3fpdy83a0aca94gim33ngm7kvdmh0fx
[2021-12-03 22:06:37,367] {logging_mixin.py:112} WARNING - /home/kauai/datapipeline/venv/lib/python3.8/site-packages/urllib3/connectionpool.py:981: InsecureRequestWarning: Unverified HTTPS request is being made to host 'api.twitter.com'. Adding certificate verification is strongly advised. See: https://urllib3.readthedocs.io/en/latest/advanced-usage.html#ssl-warnings
  warnings.warn(
[2021-12-03 22:06:37,791] {twitter_hook.py:36} INFO - URL: https://api.twitter.com/2/tweets/search/recent?query=VascodaGama&tweet.fields=author_id,conversation_id,created_at,id,in_reply_to_user_id,public_metrics,text&expansions=author_id&user.fields=id,name,username,created_at&start_time=2021-12-02T09:00:00.00Z&end_time=2021-12-03T09:00:00.00Z&next_token=b26v89c19zqg8o3fpdy83a0a4opshj84mmkltmmvt0b5p
[2021-12-03 22:06:37,792] {logging_mixin.py:112} WARNING - /home/kauai/datapipeline/venv/lib/python3.8/site-packages/urllib3/connectionpool.py:981: InsecureRequestWarning: Unverified HTTPS request is being made to host 'api.twitter.com'. Adding certificate verification is strongly advised. See: https://urllib3.readthedocs.io/en/latest/advanced-usage.html#ssl-warnings
  warnings.warn(
[2021-12-03 22:06:38,146] {taskinstance.py:1057} INFO - Marking task as SUCCESS.dag_id=twitter_dag, task_id=twitter_vascodagama, execution_date=20211202T090000, start_date=20211204T010600, end_date=20211204T010638
[2021-12-03 22:06:40,284] {local_task_job.py:102} INFO - Task exited with return code 0
