[2021-11-29 23:47:29,432] {taskinstance.py:670} INFO - Dependencies all met for <TaskInstance: twitter_dag.transform_twitter_aluraonline 2021-11-24T09:00:00+00:00 [queued]>
[2021-11-29 23:47:29,440] {taskinstance.py:670} INFO - Dependencies all met for <TaskInstance: twitter_dag.transform_twitter_aluraonline 2021-11-24T09:00:00+00:00 [queued]>
[2021-11-29 23:47:29,440] {taskinstance.py:880} INFO - 
--------------------------------------------------------------------------------
[2021-11-29 23:47:29,440] {taskinstance.py:881} INFO - Starting attempt 3 of 3
[2021-11-29 23:47:29,440] {taskinstance.py:882} INFO - 
--------------------------------------------------------------------------------
[2021-11-29 23:47:29,448] {taskinstance.py:901} INFO - Executing <Task(SparkSubmitOperator): transform_twitter_aluraonline> on 2021-11-24T09:00:00+00:00
[2021-11-29 23:47:29,450] {standard_task_runner.py:54} INFO - Started process 4214 to run task
[2021-11-29 23:47:29,501] {standard_task_runner.py:77} INFO - Running: ['airflow', 'run', 'twitter_dag', 'transform_twitter_aluraonline', '2021-11-24T09:00:00+00:00', '--job_id', '25', '--pool', 'default_pool', '--raw', '-sd', 'DAGS_FOLDER/twitter_dag.py', '--cfg_path', '/tmp/tmp_4vwn1cz']
[2021-11-29 23:47:29,501] {standard_task_runner.py:78} INFO - Job 25: Subtask transform_twitter_aluraonline
[2021-11-29 23:47:29,521] {logging_mixin.py:112} INFO - Running <TaskInstance: twitter_dag.transform_twitter_aluraonline 2021-11-24T09:00:00+00:00 [running]> on host kauai-VirtualBox
[2021-11-29 23:47:29,562] {base_hook.py:89} INFO - Using connection to: id: spark_default. Host: local, Port: None, Schema: None, Login: None, Password: None, extra: XXXXXXXX
[2021-11-29 23:47:29,563] {spark_submit_hook.py:325} INFO - Spark-Submit cmd: /home/kauai/spark-3.1.2-bin-hadoop3.2/bin/spark-submit --master local --name twitter_transformation /home/kauai/datapipeline/spark/transformation.py --src /home/kauai/kauai/datapipeline/datalake/bronze/twitter_aluraonline/extract_date=2021-11-24 --dest /home/kauai/kauai/datapipeline/datalake/silver/twitter_aluraonline/ --process-date 2021-11-24
[2021-11-29 23:47:31,862] {spark_submit_hook.py:479} INFO - 21/11/29 23:47:31 WARN Utils: Your hostname, kauai-VirtualBox resolves to a loopback address: 127.0.1.1; using 10.0.2.15 instead (on interface enp0s3)
[2021-11-29 23:47:31,863] {spark_submit_hook.py:479} INFO - 21/11/29 23:47:31 WARN Utils: Set SPARK_LOCAL_IP if you need to bind to another address
[2021-11-29 23:47:31,894] {spark_submit_hook.py:479} INFO - WARNING: An illegal reflective access operation has occurred
[2021-11-29 23:47:31,894] {spark_submit_hook.py:479} INFO - WARNING: Illegal reflective access by org.apache.spark.unsafe.Platform (file:/opt/spark/jars/spark-unsafe_2.12-3.1.2.jar) to constructor java.nio.DirectByteBuffer(long,int)
[2021-11-29 23:47:31,894] {spark_submit_hook.py:479} INFO - WARNING: Please consider reporting this to the maintainers of org.apache.spark.unsafe.Platform
[2021-11-29 23:47:31,894] {spark_submit_hook.py:479} INFO - WARNING: Use --illegal-access=warn to enable warnings of further illegal reflective access operations
[2021-11-29 23:47:31,894] {spark_submit_hook.py:479} INFO - WARNING: All illegal access operations will be denied in a future release
[2021-11-29 23:47:32,807] {spark_submit_hook.py:479} INFO - 21/11/29 23:47:32 WARN NativeCodeLoader: Unable to load native-hadoop library for your platform... using builtin-java classes where applicable
[2021-11-29 23:47:34,027] {spark_submit_hook.py:479} INFO - Using Spark's default log4j profile: org/apache/spark/log4j-defaults.properties
[2021-11-29 23:47:34,043] {spark_submit_hook.py:479} INFO - 21/11/29 23:47:34 INFO SparkContext: Running Spark version 3.1.2
[2021-11-29 23:47:34,111] {spark_submit_hook.py:479} INFO - 21/11/29 23:47:34 INFO ResourceUtils: ==============================================================
[2021-11-29 23:47:34,112] {spark_submit_hook.py:479} INFO - 21/11/29 23:47:34 INFO ResourceUtils: No custom resources configured for spark.driver.
[2021-11-29 23:47:34,114] {spark_submit_hook.py:479} INFO - 21/11/29 23:47:34 INFO ResourceUtils: ==============================================================
[2021-11-29 23:47:34,115] {spark_submit_hook.py:479} INFO - 21/11/29 23:47:34 INFO SparkContext: Submitted application: twitter_transformation
[2021-11-29 23:47:34,148] {spark_submit_hook.py:479} INFO - 21/11/29 23:47:34 INFO ResourceProfile: Default ResourceProfile created, executor resources: Map(cores -> name: cores, amount: 1, script: , vendor: , memory -> name: memory, amount: 1024, script: , vendor: , offHeap -> name: offHeap, amount: 0, script: , vendor: ), task resources: Map(cpus -> name: cpus, amount: 1.0)
[2021-11-29 23:47:34,159] {spark_submit_hook.py:479} INFO - 21/11/29 23:47:34 INFO ResourceProfile: Limiting resource is cpu
[2021-11-29 23:47:34,160] {spark_submit_hook.py:479} INFO - 21/11/29 23:47:34 INFO ResourceProfileManager: Added ResourceProfile id: 0
[2021-11-29 23:47:34,230] {spark_submit_hook.py:479} INFO - 21/11/29 23:47:34 INFO SecurityManager: Changing view acls to: kauai
[2021-11-29 23:47:34,231] {spark_submit_hook.py:479} INFO - 21/11/29 23:47:34 INFO SecurityManager: Changing modify acls to: kauai
[2021-11-29 23:47:34,231] {spark_submit_hook.py:479} INFO - 21/11/29 23:47:34 INFO SecurityManager: Changing view acls groups to:
[2021-11-29 23:47:34,231] {spark_submit_hook.py:479} INFO - 21/11/29 23:47:34 INFO SecurityManager: Changing modify acls groups to:
[2021-11-29 23:47:34,231] {spark_submit_hook.py:479} INFO - 21/11/29 23:47:34 INFO SecurityManager: SecurityManager: authentication disabled; ui acls disabled; users  with view permissions: Set(kauai); groups with view permissions: Set(); users  with modify permissions: Set(kauai); groups with modify permissions: Set()
[2021-11-29 23:47:34,569] {spark_submit_hook.py:479} INFO - 21/11/29 23:47:34 INFO Utils: Successfully started service 'sparkDriver' on port 44667.
[2021-11-29 23:47:34,622] {spark_submit_hook.py:479} INFO - 21/11/29 23:47:34 INFO SparkEnv: Registering MapOutputTracker
[2021-11-29 23:47:34,663] {spark_submit_hook.py:479} INFO - 21/11/29 23:47:34 INFO SparkEnv: Registering BlockManagerMaster
[2021-11-29 23:47:34,688] {spark_submit_hook.py:479} INFO - 21/11/29 23:47:34 INFO BlockManagerMasterEndpoint: Using org.apache.spark.storage.DefaultTopologyMapper for getting topology information
[2021-11-29 23:47:34,689] {spark_submit_hook.py:479} INFO - 21/11/29 23:47:34 INFO BlockManagerMasterEndpoint: BlockManagerMasterEndpoint up
[2021-11-29 23:47:34,693] {spark_submit_hook.py:479} INFO - 21/11/29 23:47:34 INFO SparkEnv: Registering BlockManagerMasterHeartbeat
[2021-11-29 23:47:34,705] {spark_submit_hook.py:479} INFO - 21/11/29 23:47:34 INFO DiskBlockManager: Created local directory at /tmp/blockmgr-07b34ae8-106a-4ed8-8ef6-56bcf6798930
[2021-11-29 23:47:34,727] {spark_submit_hook.py:479} INFO - 21/11/29 23:47:34 INFO MemoryStore: MemoryStore started with capacity 413.9 MiB
[2021-11-29 23:47:34,745] {spark_submit_hook.py:479} INFO - 21/11/29 23:47:34 INFO SparkEnv: Registering OutputCommitCoordinator
[2021-11-29 23:47:34,973] {spark_submit_hook.py:479} INFO - 21/11/29 23:47:34 INFO Utils: Successfully started service 'SparkUI' on port 4040.
[2021-11-29 23:47:35,090] {spark_submit_hook.py:479} INFO - 21/11/29 23:47:35 INFO SparkUI: Bound SparkUI to 0.0.0.0, and started at http://10.0.2.15:4040
[2021-11-29 23:47:35,382] {spark_submit_hook.py:479} INFO - 21/11/29 23:47:35 INFO Executor: Starting executor ID driver on host 10.0.2.15
[2021-11-29 23:47:35,426] {spark_submit_hook.py:479} INFO - 21/11/29 23:47:35 INFO Utils: Successfully started service 'org.apache.spark.network.netty.NettyBlockTransferService' on port 35653.
[2021-11-29 23:47:35,426] {spark_submit_hook.py:479} INFO - 21/11/29 23:47:35 INFO NettyBlockTransferService: Server created on 10.0.2.15:35653
[2021-11-29 23:47:35,426] {spark_submit_hook.py:479} INFO - 21/11/29 23:47:35 INFO BlockManager: Using org.apache.spark.storage.RandomBlockReplicationPolicy for block replication policy
[2021-11-29 23:47:35,431] {spark_submit_hook.py:479} INFO - 21/11/29 23:47:35 INFO BlockManagerMaster: Registering BlockManager BlockManagerId(driver, 10.0.2.15, 35653, None)
[2021-11-29 23:47:35,438] {spark_submit_hook.py:479} INFO - 21/11/29 23:47:35 INFO BlockManagerMasterEndpoint: Registering block manager 10.0.2.15:35653 with 413.9 MiB RAM, BlockManagerId(driver, 10.0.2.15, 35653, None)
[2021-11-29 23:47:35,441] {spark_submit_hook.py:479} INFO - 21/11/29 23:47:35 INFO BlockManagerMaster: Registered BlockManager BlockManagerId(driver, 10.0.2.15, 35653, None)
[2021-11-29 23:47:35,444] {spark_submit_hook.py:479} INFO - 21/11/29 23:47:35 INFO BlockManager: Initialized BlockManager: BlockManagerId(driver, 10.0.2.15, 35653, None)
[2021-11-29 23:47:36,027] {spark_submit_hook.py:479} INFO - 21/11/29 23:47:36 INFO SharedState: Setting hive.metastore.warehouse.dir ('null') to the value of spark.sql.warehouse.dir ('file:/home/kauai/datapipeline/spark-warehouse').
[2021-11-29 23:47:36,029] {spark_submit_hook.py:479} INFO - 21/11/29 23:47:36 INFO SharedState: Warehouse path is 'file:/home/kauai/datapipeline/spark-warehouse'.
[2021-11-29 23:47:37,285] {spark_submit_hook.py:479} INFO - 21/11/29 23:47:37 INFO InMemoryFileIndex: It took 73 ms to list leaf files for 1 paths.
[2021-11-29 23:47:37,371] {spark_submit_hook.py:479} INFO - 21/11/29 23:47:37 INFO InMemoryFileIndex: It took 1 ms to list leaf files for 1 paths.
[2021-11-29 23:47:39,615] {spark_submit_hook.py:479} INFO - 21/11/29 23:47:39 INFO FileSourceStrategy: Pushed Filters:
[2021-11-29 23:47:39,616] {spark_submit_hook.py:479} INFO - 21/11/29 23:47:39 INFO FileSourceStrategy: Post-Scan Filters:
[2021-11-29 23:47:39,618] {spark_submit_hook.py:479} INFO - 21/11/29 23:47:39 INFO FileSourceStrategy: Output Data Schema: struct<value: string>
[2021-11-29 23:47:39,960] {spark_submit_hook.py:479} INFO - 21/11/29 23:47:39 INFO MemoryStore: Block broadcast_0 stored as values in memory (estimated size 174.7 KiB, free 413.8 MiB)
[2021-11-29 23:47:40,064] {spark_submit_hook.py:479} INFO - 21/11/29 23:47:40 INFO MemoryStore: Block broadcast_0_piece0 stored as bytes in memory (estimated size 27.6 KiB, free 413.7 MiB)
[2021-11-29 23:47:40,067] {spark_submit_hook.py:479} INFO - 21/11/29 23:47:40 INFO BlockManagerInfo: Added broadcast_0_piece0 in memory on 10.0.2.15:35653 (size: 27.6 KiB, free: 413.9 MiB)
[2021-11-29 23:47:40,076] {spark_submit_hook.py:479} INFO - 21/11/29 23:47:40 INFO SparkContext: Created broadcast 0 from json at NativeMethodAccessorImpl.java:0
[2021-11-29 23:47:40,087] {spark_submit_hook.py:479} INFO - 21/11/29 23:47:40 INFO FileSourceScanExec: Planning scan with bin packing, max size: 4246098 bytes, open cost is considered as scanning 4194304 bytes.
[2021-11-29 23:47:40,317] {spark_submit_hook.py:479} INFO - 21/11/29 23:47:40 INFO SparkContext: Starting job: json at NativeMethodAccessorImpl.java:0
[2021-11-29 23:47:40,333] {spark_submit_hook.py:479} INFO - 21/11/29 23:47:40 INFO DAGScheduler: Got job 0 (json at NativeMethodAccessorImpl.java:0) with 1 output partitions
[2021-11-29 23:47:40,336] {spark_submit_hook.py:479} INFO - 21/11/29 23:47:40 INFO DAGScheduler: Final stage: ResultStage 0 (json at NativeMethodAccessorImpl.java:0)
[2021-11-29 23:47:40,336] {spark_submit_hook.py:479} INFO - 21/11/29 23:47:40 INFO DAGScheduler: Parents of final stage: List()
[2021-11-29 23:47:40,337] {spark_submit_hook.py:479} INFO - 21/11/29 23:47:40 INFO DAGScheduler: Missing parents: List()
[2021-11-29 23:47:40,351] {spark_submit_hook.py:479} INFO - 21/11/29 23:47:40 INFO DAGScheduler: Submitting ResultStage 0 (MapPartitionsRDD[3] at json at NativeMethodAccessorImpl.java:0), which has no missing parents
[2021-11-29 23:47:40,470] {spark_submit_hook.py:479} INFO - 21/11/29 23:47:40 INFO MemoryStore: Block broadcast_1 stored as values in memory (estimated size 12.0 KiB, free 413.7 MiB)
[2021-11-29 23:47:40,473] {spark_submit_hook.py:479} INFO - 21/11/29 23:47:40 INFO MemoryStore: Block broadcast_1_piece0 stored as bytes in memory (estimated size 6.3 KiB, free 413.7 MiB)
[2021-11-29 23:47:40,474] {spark_submit_hook.py:479} INFO - 21/11/29 23:47:40 INFO BlockManagerInfo: Added broadcast_1_piece0 in memory on 10.0.2.15:35653 (size: 6.3 KiB, free: 413.9 MiB)
[2021-11-29 23:47:40,475] {spark_submit_hook.py:479} INFO - 21/11/29 23:47:40 INFO SparkContext: Created broadcast 1 from broadcast at DAGScheduler.scala:1388
[2021-11-29 23:47:40,507] {spark_submit_hook.py:479} INFO - 21/11/29 23:47:40 INFO DAGScheduler: Submitting 1 missing tasks from ResultStage 0 (MapPartitionsRDD[3] at json at NativeMethodAccessorImpl.java:0) (first 15 tasks are for partitions Vector(0))
[2021-11-29 23:47:40,508] {spark_submit_hook.py:479} INFO - 21/11/29 23:47:40 INFO TaskSchedulerImpl: Adding task set 0.0 with 1 tasks resource profile 0
[2021-11-29 23:47:40,559] {spark_submit_hook.py:479} INFO - 21/11/29 23:47:40 INFO TaskSetManager: Starting task 0.0 in stage 0.0 (TID 0) (10.0.2.15, executor driver, partition 0, PROCESS_LOCAL, 4948 bytes) taskResourceAssignments Map()
[2021-11-29 23:47:40,599] {spark_submit_hook.py:479} INFO - 21/11/29 23:47:40 INFO Executor: Running task 0.0 in stage 0.0 (TID 0)
[2021-11-29 23:47:40,780] {spark_submit_hook.py:479} INFO - 21/11/29 23:47:40 INFO FileScanRDD: Reading File path: file:///home/kauai/kauai/datapipeline/datalake/bronze/twitter_aluraonline/extract_date=2021-11-24/AluraOnline_20211124.json, range: 0-51794, partition values: [empty row]
[2021-11-29 23:47:41,249] {spark_submit_hook.py:479} INFO - 21/11/29 23:47:41 INFO CodeGenerator: Code generated in 291.488122 ms
[2021-11-29 23:47:41,355] {spark_submit_hook.py:479} INFO - 21/11/29 23:47:41 INFO Executor: Finished task 0.0 in stage 0.0 (TID 0). 2858 bytes result sent to driver
[2021-11-29 23:47:41,370] {spark_submit_hook.py:479} INFO - 21/11/29 23:47:41 INFO TaskSetManager: Finished task 0.0 in stage 0.0 (TID 0) in 819 ms on 10.0.2.15 (executor driver) (1/1)
[2021-11-29 23:47:41,381] {spark_submit_hook.py:479} INFO - 21/11/29 23:47:41 INFO TaskSchedulerImpl: Removed TaskSet 0.0, whose tasks have all completed, from pool
[2021-11-29 23:47:41,389] {spark_submit_hook.py:479} INFO - 21/11/29 23:47:41 INFO DAGScheduler: ResultStage 0 (json at NativeMethodAccessorImpl.java:0) finished in 1,012 s
[2021-11-29 23:47:41,395] {spark_submit_hook.py:479} INFO - 21/11/29 23:47:41 INFO DAGScheduler: Job 0 is finished. Cancelling potential speculative or zombie tasks for this job
[2021-11-29 23:47:41,399] {spark_submit_hook.py:479} INFO - 21/11/29 23:47:41 INFO TaskSchedulerImpl: Killing all running tasks in stage 0: Stage finished
[2021-11-29 23:47:41,409] {spark_submit_hook.py:479} INFO - 21/11/29 23:47:41 INFO DAGScheduler: Job 0 finished: json at NativeMethodAccessorImpl.java:0, took 1,087992 s
[2021-11-29 23:47:42,045] {spark_submit_hook.py:479} INFO - 21/11/29 23:47:42 INFO FileSourceStrategy: Pushed Filters: IsNotNull(data)
[2021-11-29 23:47:42,047] {spark_submit_hook.py:479} INFO - 21/11/29 23:47:42 INFO FileSourceStrategy: Post-Scan Filters: (size(data#7, true) > 0),isnotnull(data#7)
[2021-11-29 23:47:42,053] {spark_submit_hook.py:479} INFO - 21/11/29 23:47:42 INFO FileSourceStrategy: Output Data Schema: struct<data: array<struct<author_id:string,conversation_id:string,created_at:string,id:string,in_reply_to_user_id:string,public_metrics:struct<like_count:bigint,quote_count:bigint,reply_count:bigint,retweet_count:bigint>,text:string>>>
[2021-11-29 23:47:42,314] {spark_submit_hook.py:479} INFO - 21/11/29 23:47:42 INFO BlockManagerInfo: Removed broadcast_0_piece0 on 10.0.2.15:35653 in memory (size: 27.6 KiB, free: 413.9 MiB)
[2021-11-29 23:47:42,334] {spark_submit_hook.py:479} INFO - 21/11/29 23:47:42 INFO FileOutputCommitter: File Output Committer Algorithm version is 1
[2021-11-29 23:47:42,337] {spark_submit_hook.py:479} INFO - 21/11/29 23:47:42 INFO FileOutputCommitter: FileOutputCommitter skip cleanup _temporary folders under output directory:false, ignore cleanup failures: false
[2021-11-29 23:47:42,338] {spark_submit_hook.py:479} INFO - 21/11/29 23:47:42 INFO SQLHadoopMapReduceCommitProtocol: Using output committer class org.apache.hadoop.mapreduce.lib.output.FileOutputCommitter
[2021-11-29 23:47:42,340] {spark_submit_hook.py:479} INFO - 21/11/29 23:47:42 INFO BlockManagerInfo: Removed broadcast_1_piece0 on 10.0.2.15:35653 in memory (size: 6.3 KiB, free: 413.9 MiB)
[2021-11-29 23:47:42,491] {spark_submit_hook.py:479} INFO - 21/11/29 23:47:42 INFO CodeGenerator: Code generated in 64.648517 ms
[2021-11-29 23:47:42,591] {spark_submit_hook.py:479} INFO - 21/11/29 23:47:42 INFO CodeGenerator: Code generated in 67.613288 ms
[2021-11-29 23:47:42,598] {spark_submit_hook.py:479} INFO - 21/11/29 23:47:42 INFO MemoryStore: Block broadcast_2 stored as values in memory (estimated size 174.6 KiB, free 413.8 MiB)
[2021-11-29 23:47:42,616] {spark_submit_hook.py:479} INFO - 21/11/29 23:47:42 INFO MemoryStore: Block broadcast_2_piece0 stored as bytes in memory (estimated size 27.6 KiB, free 413.7 MiB)
[2021-11-29 23:47:42,617] {spark_submit_hook.py:479} INFO - 21/11/29 23:47:42 INFO BlockManagerInfo: Added broadcast_2_piece0 in memory on 10.0.2.15:35653 (size: 27.6 KiB, free: 413.9 MiB)
[2021-11-29 23:47:42,625] {spark_submit_hook.py:479} INFO - 21/11/29 23:47:42 INFO SparkContext: Created broadcast 2 from json at NativeMethodAccessorImpl.java:0
[2021-11-29 23:47:42,627] {spark_submit_hook.py:479} INFO - 21/11/29 23:47:42 INFO FileSourceScanExec: Planning scan with bin packing, max size: 4246098 bytes, open cost is considered as scanning 4194304 bytes.
[2021-11-29 23:47:42,779] {spark_submit_hook.py:479} INFO - 21/11/29 23:47:42 INFO SparkContext: Starting job: json at NativeMethodAccessorImpl.java:0
[2021-11-29 23:47:42,781] {spark_submit_hook.py:479} INFO - 21/11/29 23:47:42 INFO DAGScheduler: Got job 1 (json at NativeMethodAccessorImpl.java:0) with 1 output partitions
[2021-11-29 23:47:42,781] {spark_submit_hook.py:479} INFO - 21/11/29 23:47:42 INFO DAGScheduler: Final stage: ResultStage 1 (json at NativeMethodAccessorImpl.java:0)
[2021-11-29 23:47:42,781] {spark_submit_hook.py:479} INFO - 21/11/29 23:47:42 INFO DAGScheduler: Parents of final stage: List()
[2021-11-29 23:47:42,781] {spark_submit_hook.py:479} INFO - 21/11/29 23:47:42 INFO DAGScheduler: Missing parents: List()
[2021-11-29 23:47:42,785] {spark_submit_hook.py:479} INFO - 21/11/29 23:47:42 INFO DAGScheduler: Submitting ResultStage 1 (CoalescedRDD[13] at json at NativeMethodAccessorImpl.java:0), which has no missing parents
[2021-11-29 23:47:42,849] {spark_submit_hook.py:479} INFO - 21/11/29 23:47:42 INFO MemoryStore: Block broadcast_3 stored as values in memory (estimated size 188.8 KiB, free 413.5 MiB)
[2021-11-29 23:47:42,857] {spark_submit_hook.py:479} INFO - 21/11/29 23:47:42 INFO MemoryStore: Block broadcast_3_piece0 stored as bytes in memory (estimated size 66.6 KiB, free 413.5 MiB)
[2021-11-29 23:47:42,859] {spark_submit_hook.py:479} INFO - 21/11/29 23:47:42 INFO BlockManagerInfo: Added broadcast_3_piece0 in memory on 10.0.2.15:35653 (size: 66.6 KiB, free: 413.8 MiB)
[2021-11-29 23:47:42,864] {spark_submit_hook.py:479} INFO - 21/11/29 23:47:42 INFO SparkContext: Created broadcast 3 from broadcast at DAGScheduler.scala:1388
[2021-11-29 23:47:42,865] {spark_submit_hook.py:479} INFO - 21/11/29 23:47:42 INFO DAGScheduler: Submitting 1 missing tasks from ResultStage 1 (CoalescedRDD[13] at json at NativeMethodAccessorImpl.java:0) (first 15 tasks are for partitions Vector(0))
[2021-11-29 23:47:42,865] {spark_submit_hook.py:479} INFO - 21/11/29 23:47:42 INFO TaskSchedulerImpl: Adding task set 1.0 with 1 tasks resource profile 0
[2021-11-29 23:47:42,870] {spark_submit_hook.py:479} INFO - 21/11/29 23:47:42 INFO TaskSetManager: Starting task 0.0 in stage 1.0 (TID 1) (10.0.2.15, executor driver, partition 0, PROCESS_LOCAL, 5177 bytes) taskResourceAssignments Map()
[2021-11-29 23:47:42,875] {spark_submit_hook.py:479} INFO - 21/11/29 23:47:42 INFO Executor: Running task 0.0 in stage 1.0 (TID 1)
[2021-11-29 23:47:42,976] {spark_submit_hook.py:479} INFO - 21/11/29 23:47:42 INFO FileOutputCommitter: File Output Committer Algorithm version is 1
[2021-11-29 23:47:42,976] {spark_submit_hook.py:479} INFO - 21/11/29 23:47:42 INFO FileOutputCommitter: FileOutputCommitter skip cleanup _temporary folders under output directory:false, ignore cleanup failures: false
[2021-11-29 23:47:42,978] {spark_submit_hook.py:479} INFO - 21/11/29 23:47:42 INFO SQLHadoopMapReduceCommitProtocol: Using output committer class org.apache.hadoop.mapreduce.lib.output.FileOutputCommitter
[2021-11-29 23:47:43,130] {spark_submit_hook.py:479} INFO - 21/11/29 23:47:43 INFO CodeGenerator: Code generated in 48.943799 ms
[2021-11-29 23:47:43,137] {spark_submit_hook.py:479} INFO - 21/11/29 23:47:43 INFO FileScanRDD: Reading File path: file:///home/kauai/kauai/datapipeline/datalake/bronze/twitter_aluraonline/extract_date=2021-11-24/AluraOnline_20211124.json, range: 0-51794, partition values: [empty row]
[2021-11-29 23:47:43,173] {spark_submit_hook.py:479} INFO - 21/11/29 23:47:43 INFO CodeGenerator: Code generated in 32.608264 ms
[2021-11-29 23:47:43,225] {spark_submit_hook.py:479} INFO - 21/11/29 23:47:43 INFO CodeGenerator: Code generated in 13.321738 ms
[2021-11-29 23:47:43,323] {spark_submit_hook.py:479} INFO - 21/11/29 23:47:43 INFO FileOutputCommitter: Saved output of task 'attempt_202111292347426475876353460279281_0001_m_000000_1' to file:/home/kauai/kauai/datapipeline/datalake/silver/twitter_aluraonline/tweet/process_date=2021-11-24/_temporary/0/task_202111292347426475876353460279281_0001_m_000000
[2021-11-29 23:47:43,324] {spark_submit_hook.py:479} INFO - 21/11/29 23:47:43 INFO SparkHadoopMapRedUtil: attempt_202111292347426475876353460279281_0001_m_000000_1: Committed
[2021-11-29 23:47:43,331] {spark_submit_hook.py:479} INFO - 21/11/29 23:47:43 INFO Executor: Finished task 0.0 in stage 1.0 (TID 1). 2944 bytes result sent to driver
[2021-11-29 23:47:43,339] {spark_submit_hook.py:479} INFO - 21/11/29 23:47:43 INFO TaskSetManager: Finished task 0.0 in stage 1.0 (TID 1) in 472 ms on 10.0.2.15 (executor driver) (1/1)
[2021-11-29 23:47:43,343] {spark_submit_hook.py:479} INFO - 21/11/29 23:47:43 INFO DAGScheduler: ResultStage 1 (json at NativeMethodAccessorImpl.java:0) finished in 0,551 s
[2021-11-29 23:47:43,343] {spark_submit_hook.py:479} INFO - 21/11/29 23:47:43 INFO DAGScheduler: Job 1 is finished. Cancelling potential speculative or zombie tasks for this job
[2021-11-29 23:47:43,348] {spark_submit_hook.py:479} INFO - 21/11/29 23:47:43 INFO TaskSchedulerImpl: Removed TaskSet 1.0, whose tasks have all completed, from pool
[2021-11-29 23:47:43,351] {spark_submit_hook.py:479} INFO - 21/11/29 23:47:43 INFO TaskSchedulerImpl: Killing all running tasks in stage 1: Stage finished
[2021-11-29 23:47:43,351] {spark_submit_hook.py:479} INFO - 21/11/29 23:47:43 INFO DAGScheduler: Job 1 finished: json at NativeMethodAccessorImpl.java:0, took 0,568810 s
[2021-11-29 23:47:43,376] {spark_submit_hook.py:479} INFO - 21/11/29 23:47:43 INFO FileFormatWriter: Write Job c496c359-5fd9-496b-a83e-af5b763a7107 committed.
[2021-11-29 23:47:43,383] {spark_submit_hook.py:479} INFO - 21/11/29 23:47:43 INFO FileFormatWriter: Finished processing stats for write job c496c359-5fd9-496b-a83e-af5b763a7107.
[2021-11-29 23:47:43,479] {spark_submit_hook.py:479} INFO - 21/11/29 23:47:43 INFO FileSourceStrategy: Pushed Filters: IsNotNull(includes)
[2021-11-29 23:47:43,490] {spark_submit_hook.py:479} INFO - 21/11/29 23:47:43 INFO FileSourceStrategy: Post-Scan Filters: isnotnull(includes#8),(size(includes#8.users, true) > 0),isnotnull(includes#8.users)
[2021-11-29 23:47:43,490] {spark_submit_hook.py:479} INFO - 21/11/29 23:47:43 INFO FileSourceStrategy: Output Data Schema: struct<includes: struct<users: array<struct<created_at:string,id:string,name:string,username:string>>>>
[2021-11-29 23:47:43,518] {spark_submit_hook.py:479} INFO - 21/11/29 23:47:43 INFO FileOutputCommitter: File Output Committer Algorithm version is 1
[2021-11-29 23:47:43,518] {spark_submit_hook.py:479} INFO - 21/11/29 23:47:43 INFO FileOutputCommitter: FileOutputCommitter skip cleanup _temporary folders under output directory:false, ignore cleanup failures: false
[2021-11-29 23:47:43,518] {spark_submit_hook.py:479} INFO - 21/11/29 23:47:43 INFO SQLHadoopMapReduceCommitProtocol: Using output committer class org.apache.hadoop.mapreduce.lib.output.FileOutputCommitter
[2021-11-29 23:47:43,567] {spark_submit_hook.py:479} INFO - 21/11/29 23:47:43 INFO CodeGenerator: Code generated in 24.50358 ms
[2021-11-29 23:47:43,608] {spark_submit_hook.py:479} INFO - 21/11/29 23:47:43 INFO CodeGenerator: Code generated in 26.462877 ms
[2021-11-29 23:47:43,614] {spark_submit_hook.py:479} INFO - 21/11/29 23:47:43 INFO MemoryStore: Block broadcast_4 stored as values in memory (estimated size 174.6 KiB, free 413.3 MiB)
[2021-11-29 23:47:43,639] {spark_submit_hook.py:479} INFO - 21/11/29 23:47:43 INFO MemoryStore: Block broadcast_4_piece0 stored as bytes in memory (estimated size 27.6 KiB, free 413.3 MiB)
[2021-11-29 23:47:43,640] {spark_submit_hook.py:479} INFO - 21/11/29 23:47:43 INFO BlockManagerInfo: Added broadcast_4_piece0 in memory on 10.0.2.15:35653 (size: 27.6 KiB, free: 413.8 MiB)
[2021-11-29 23:47:43,641] {spark_submit_hook.py:479} INFO - 21/11/29 23:47:43 INFO SparkContext: Created broadcast 4 from json at NativeMethodAccessorImpl.java:0
[2021-11-29 23:47:43,641] {spark_submit_hook.py:479} INFO - 21/11/29 23:47:43 INFO FileSourceScanExec: Planning scan with bin packing, max size: 4246098 bytes, open cost is considered as scanning 4194304 bytes.
[2021-11-29 23:47:43,701] {spark_submit_hook.py:479} INFO - 21/11/29 23:47:43 INFO SparkContext: Starting job: json at NativeMethodAccessorImpl.java:0
[2021-11-29 23:47:43,705] {spark_submit_hook.py:479} INFO - 21/11/29 23:47:43 INFO DAGScheduler: Got job 2 (json at NativeMethodAccessorImpl.java:0) with 1 output partitions
[2021-11-29 23:47:43,705] {spark_submit_hook.py:479} INFO - 21/11/29 23:47:43 INFO DAGScheduler: Final stage: ResultStage 2 (json at NativeMethodAccessorImpl.java:0)
[2021-11-29 23:47:43,705] {spark_submit_hook.py:479} INFO - 21/11/29 23:47:43 INFO DAGScheduler: Parents of final stage: List()
[2021-11-29 23:47:43,705] {spark_submit_hook.py:479} INFO - 21/11/29 23:47:43 INFO DAGScheduler: Missing parents: List()
[2021-11-29 23:47:43,706] {spark_submit_hook.py:479} INFO - 21/11/29 23:47:43 INFO DAGScheduler: Submitting ResultStage 2 (CoalescedRDD[25] at json at NativeMethodAccessorImpl.java:0), which has no missing parents
[2021-11-29 23:47:43,732] {spark_submit_hook.py:479} INFO - 21/11/29 23:47:43 INFO MemoryStore: Block broadcast_5 stored as values in memory (estimated size 185.1 KiB, free 413.1 MiB)
[2021-11-29 23:47:43,735] {spark_submit_hook.py:479} INFO - 21/11/29 23:47:43 INFO MemoryStore: Block broadcast_5_piece0 stored as bytes in memory (estimated size 66.2 KiB, free 413.0 MiB)
[2021-11-29 23:47:43,736] {spark_submit_hook.py:479} INFO - 21/11/29 23:47:43 INFO BlockManagerInfo: Added broadcast_5_piece0 in memory on 10.0.2.15:35653 (size: 66.2 KiB, free: 413.7 MiB)
[2021-11-29 23:47:43,737] {spark_submit_hook.py:479} INFO - 21/11/29 23:47:43 INFO SparkContext: Created broadcast 5 from broadcast at DAGScheduler.scala:1388
[2021-11-29 23:47:43,739] {spark_submit_hook.py:479} INFO - 21/11/29 23:47:43 INFO DAGScheduler: Submitting 1 missing tasks from ResultStage 2 (CoalescedRDD[25] at json at NativeMethodAccessorImpl.java:0) (first 15 tasks are for partitions Vector(0))
[2021-11-29 23:47:43,739] {spark_submit_hook.py:479} INFO - 21/11/29 23:47:43 INFO TaskSchedulerImpl: Adding task set 2.0 with 1 tasks resource profile 0
[2021-11-29 23:47:43,741] {spark_submit_hook.py:479} INFO - 21/11/29 23:47:43 INFO TaskSetManager: Starting task 0.0 in stage 2.0 (TID 2) (10.0.2.15, executor driver, partition 0, PROCESS_LOCAL, 5177 bytes) taskResourceAssignments Map()
[2021-11-29 23:47:43,741] {spark_submit_hook.py:479} INFO - 21/11/29 23:47:43 INFO Executor: Running task 0.0 in stage 2.0 (TID 2)
[2021-11-29 23:47:43,772] {spark_submit_hook.py:479} INFO - 21/11/29 23:47:43 INFO FileOutputCommitter: File Output Committer Algorithm version is 1
[2021-11-29 23:47:43,773] {spark_submit_hook.py:479} INFO - 21/11/29 23:47:43 INFO FileOutputCommitter: FileOutputCommitter skip cleanup _temporary folders under output directory:false, ignore cleanup failures: false
[2021-11-29 23:47:43,774] {spark_submit_hook.py:479} INFO - 21/11/29 23:47:43 INFO SQLHadoopMapReduceCommitProtocol: Using output committer class org.apache.hadoop.mapreduce.lib.output.FileOutputCommitter
[2021-11-29 23:47:43,846] {spark_submit_hook.py:479} INFO - 21/11/29 23:47:43 INFO CodeGenerator: Code generated in 22.699926 ms
[2021-11-29 23:47:43,847] {spark_submit_hook.py:479} INFO - 21/11/29 23:47:43 INFO FileScanRDD: Reading File path: file:///home/kauai/kauai/datapipeline/datalake/bronze/twitter_aluraonline/extract_date=2021-11-24/AluraOnline_20211124.json, range: 0-51794, partition values: [empty row]
[2021-11-29 23:47:43,882] {spark_submit_hook.py:479} INFO - 21/11/29 23:47:43 INFO CodeGenerator: Code generated in 30.110055 ms
[2021-11-29 23:47:43,902] {spark_submit_hook.py:479} INFO - 21/11/29 23:47:43 INFO CodeGenerator: Code generated in 9.070071 ms
[2021-11-29 23:47:43,932] {spark_submit_hook.py:479} INFO - 21/11/29 23:47:43 INFO FileOutputCommitter: Saved output of task 'attempt_20211129234743444301259950437218_0002_m_000000_2' to file:/home/kauai/kauai/datapipeline/datalake/silver/twitter_aluraonline/user/process_date=2021-11-24/_temporary/0/task_20211129234743444301259950437218_0002_m_000000
[2021-11-29 23:47:43,932] {spark_submit_hook.py:479} INFO - 21/11/29 23:47:43 INFO SparkHadoopMapRedUtil: attempt_20211129234743444301259950437218_0002_m_000000_2: Committed
[2021-11-29 23:47:43,934] {spark_submit_hook.py:479} INFO - 21/11/29 23:47:43 INFO Executor: Finished task 0.0 in stage 2.0 (TID 2). 2901 bytes result sent to driver
[2021-11-29 23:47:43,937] {spark_submit_hook.py:479} INFO - 21/11/29 23:47:43 INFO TaskSetManager: Finished task 0.0 in stage 2.0 (TID 2) in 198 ms on 10.0.2.15 (executor driver) (1/1)
[2021-11-29 23:47:43,938] {spark_submit_hook.py:479} INFO - 21/11/29 23:47:43 INFO DAGScheduler: ResultStage 2 (json at NativeMethodAccessorImpl.java:0) finished in 0,231 s
[2021-11-29 23:47:43,938] {spark_submit_hook.py:479} INFO - 21/11/29 23:47:43 INFO DAGScheduler: Job 2 is finished. Cancelling potential speculative or zombie tasks for this job
[2021-11-29 23:47:43,939] {spark_submit_hook.py:479} INFO - 21/11/29 23:47:43 INFO TaskSchedulerImpl: Removed TaskSet 2.0, whose tasks have all completed, from pool
[2021-11-29 23:47:43,941] {spark_submit_hook.py:479} INFO - 21/11/29 23:47:43 INFO TaskSchedulerImpl: Killing all running tasks in stage 2: Stage finished
[2021-11-29 23:47:43,942] {spark_submit_hook.py:479} INFO - 21/11/29 23:47:43 INFO DAGScheduler: Job 2 finished: json at NativeMethodAccessorImpl.java:0, took 0,236136 s
[2021-11-29 23:47:43,967] {spark_submit_hook.py:479} INFO - 21/11/29 23:47:43 INFO FileFormatWriter: Write Job d8ad94a0-0b1c-423d-a1c0-294e8567c280 committed.
[2021-11-29 23:47:43,967] {spark_submit_hook.py:479} INFO - 21/11/29 23:47:43 INFO FileFormatWriter: Finished processing stats for write job d8ad94a0-0b1c-423d-a1c0-294e8567c280.
[2021-11-29 23:47:44,055] {spark_submit_hook.py:479} INFO - 21/11/29 23:47:44 INFO SparkUI: Stopped Spark web UI at http://10.0.2.15:4040
[2021-11-29 23:47:44,074] {spark_submit_hook.py:479} INFO - 21/11/29 23:47:44 INFO MapOutputTrackerMasterEndpoint: MapOutputTrackerMasterEndpoint stopped!
[2021-11-29 23:47:44,088] {spark_submit_hook.py:479} INFO - 21/11/29 23:47:44 INFO MemoryStore: MemoryStore cleared
[2021-11-29 23:47:44,089] {spark_submit_hook.py:479} INFO - 21/11/29 23:47:44 INFO BlockManager: BlockManager stopped
[2021-11-29 23:47:44,092] {spark_submit_hook.py:479} INFO - 21/11/29 23:47:44 INFO BlockManagerMaster: BlockManagerMaster stopped
[2021-11-29 23:47:44,094] {spark_submit_hook.py:479} INFO - 21/11/29 23:47:44 INFO OutputCommitCoordinator$OutputCommitCoordinatorEndpoint: OutputCommitCoordinator stopped!
[2021-11-29 23:47:44,109] {spark_submit_hook.py:479} INFO - 21/11/29 23:47:44 INFO SparkContext: Successfully stopped SparkContext
[2021-11-29 23:47:44,116] {spark_submit_hook.py:479} INFO - 21/11/29 23:47:44 INFO ShutdownHookManager: Shutdown hook called
[2021-11-29 23:47:44,117] {spark_submit_hook.py:479} INFO - 21/11/29 23:47:44 INFO ShutdownHookManager: Deleting directory /tmp/spark-a786535c-8694-4adf-ba23-0375b22c7f8a
[2021-11-29 23:47:44,124] {spark_submit_hook.py:479} INFO - 21/11/29 23:47:44 INFO ShutdownHookManager: Deleting directory /tmp/spark-a786535c-8694-4adf-ba23-0375b22c7f8a/pyspark-b4a28c72-9128-475a-a731-95ce3a4cda83
[2021-11-29 23:47:44,128] {spark_submit_hook.py:479} INFO - 21/11/29 23:47:44 INFO ShutdownHookManager: Deleting directory /tmp/spark-b490cb42-ecac-4776-bbbf-eb7bdcdd54de
[2021-11-29 23:47:44,173] {taskinstance.py:1057} INFO - Marking task as SUCCESS.dag_id=twitter_dag, task_id=transform_twitter_aluraonline, execution_date=20211124T090000, start_date=20211130T024729, end_date=20211130T024744
[2021-11-29 23:47:44,423] {local_task_job.py:102} INFO - Task exited with return code 0
