[2021-12-05 16:22:36,864] {taskinstance.py:670} INFO - Dependencies all met for <TaskInstance: twitter_dag.twitter_chapecoense 2021-12-04T09:00:00+00:00 [queued]>
[2021-12-05 16:22:36,870] {taskinstance.py:670} INFO - Dependencies all met for <TaskInstance: twitter_dag.twitter_chapecoense 2021-12-04T09:00:00+00:00 [queued]>
[2021-12-05 16:22:36,870] {taskinstance.py:880} INFO - 
--------------------------------------------------------------------------------
[2021-12-05 16:22:36,870] {taskinstance.py:881} INFO - Starting attempt 2 of 2
[2021-12-05 16:22:36,870] {taskinstance.py:882} INFO - 
--------------------------------------------------------------------------------
[2021-12-05 16:22:36,876] {taskinstance.py:901} INFO - Executing <Task(TwitterOperator): twitter_chapecoense> on 2021-12-04T09:00:00+00:00
[2021-12-05 16:22:36,877] {standard_task_runner.py:54} INFO - Started process 4201 to run task
[2021-12-05 16:22:36,926] {standard_task_runner.py:77} INFO - Running: ['airflow', 'run', 'twitter_dag', 'twitter_chapecoense', '2021-12-04T09:00:00+00:00', '--job_id', '130', '--pool', 'default_pool', '--raw', '-sd', 'DAGS_FOLDER/twitter_dag.py', '--cfg_path', '/tmp/tmp7_h178qy']
[2021-12-05 16:22:36,926] {standard_task_runner.py:78} INFO - Job 130: Subtask twitter_chapecoense
[2021-12-05 16:22:36,943] {logging_mixin.py:112} INFO - Running <TaskInstance: twitter_dag.twitter_chapecoense 2021-12-04T09:00:00+00:00 [running]> on host kauai-VirtualBox
[2021-12-05 16:22:36,977] {base_hook.py:89} INFO - Using connection to: id: twitter_default. Host: https://api.twitter.com, Port: None, Schema: None, Login: None, Password: None, extra: XXXXXXXX
[2021-12-05 16:22:36,978] {twitter_hook.py:36} INFO - URL: https://api.twitter.com/2/tweets/search/recent?query=ChapecoenseReal&tweet.fields=author_id,conversation_id,created_at,id,in_reply_to_user_id,public_metrics,text&expansions=author_id&user.fields=id,name,username,created_at&start_time=2021-12-04T09:00:00.00Z&end_time=2021-12-05T09:00:00.00Z
[2021-12-05 16:22:37,223] {logging_mixin.py:112} WARNING - /home/kauai/datapipeline/venv/lib/python3.8/site-packages/urllib3/connectionpool.py:981: InsecureRequestWarning: Unverified HTTPS request is being made to host 'api.twitter.com'. Adding certificate verification is strongly advised. See: https://urllib3.readthedocs.io/en/latest/advanced-usage.html#ssl-warnings
  warnings.warn(
[2021-12-05 16:22:37,617] {twitter_hook.py:36} INFO - URL: https://api.twitter.com/2/tweets/search/recent?query=ChapecoenseReal&tweet.fields=author_id,conversation_id,created_at,id,in_reply_to_user_id,public_metrics,text&expansions=author_id&user.fields=id,name,username,created_at&start_time=2021-12-04T09:00:00.00Z&end_time=2021-12-05T09:00:00.00Z&next_token=b26v89c19zqg8o3fpdy8idjat1hvnrlfcyh0b9engvaf1
[2021-12-05 16:22:37,617] {logging_mixin.py:112} WARNING - /home/kauai/datapipeline/venv/lib/python3.8/site-packages/urllib3/connectionpool.py:981: InsecureRequestWarning: Unverified HTTPS request is being made to host 'api.twitter.com'. Adding certificate verification is strongly advised. See: https://urllib3.readthedocs.io/en/latest/advanced-usage.html#ssl-warnings
  warnings.warn(
[2021-12-05 16:22:38,024] {twitter_hook.py:36} INFO - URL: https://api.twitter.com/2/tweets/search/recent?query=ChapecoenseReal&tweet.fields=author_id,conversation_id,created_at,id,in_reply_to_user_id,public_metrics,text&expansions=author_id&user.fields=id,name,username,created_at&start_time=2021-12-04T09:00:00.00Z&end_time=2021-12-05T09:00:00.00Z&next_token=b26v89c19zqg8o3fpdy8idhsouk5flu2ekeiiln4e5th9
[2021-12-05 16:22:38,025] {logging_mixin.py:112} WARNING - /home/kauai/datapipeline/venv/lib/python3.8/site-packages/urllib3/connectionpool.py:981: InsecureRequestWarning: Unverified HTTPS request is being made to host 'api.twitter.com'. Adding certificate verification is strongly advised. See: https://urllib3.readthedocs.io/en/latest/advanced-usage.html#ssl-warnings
  warnings.warn(
[2021-12-05 16:22:38,425] {twitter_hook.py:36} INFO - URL: https://api.twitter.com/2/tweets/search/recent?query=ChapecoenseReal&tweet.fields=author_id,conversation_id,created_at,id,in_reply_to_user_id,public_metrics,text&expansions=author_id&user.fields=id,name,username,created_at&start_time=2021-12-04T09:00:00.00Z&end_time=2021-12-05T09:00:00.00Z&next_token=b26v89c19zqg8o3fpdy8idglkmtohlgi6dfc5xydlwqkd
[2021-12-05 16:22:38,425] {logging_mixin.py:112} WARNING - /home/kauai/datapipeline/venv/lib/python3.8/site-packages/urllib3/connectionpool.py:981: InsecureRequestWarning: Unverified HTTPS request is being made to host 'api.twitter.com'. Adding certificate verification is strongly advised. See: https://urllib3.readthedocs.io/en/latest/advanced-usage.html#ssl-warnings
  warnings.warn(
[2021-12-05 16:22:38,809] {twitter_hook.py:36} INFO - URL: https://api.twitter.com/2/tweets/search/recent?query=ChapecoenseReal&tweet.fields=author_id,conversation_id,created_at,id,in_reply_to_user_id,public_metrics,text&expansions=author_id&user.fields=id,name,username,created_at&start_time=2021-12-04T09:00:00.00Z&end_time=2021-12-05T09:00:00.00Z&next_token=b26v89c19zqg8o3fpdy8ibekd2j5blfvjs3jraah0qzct
[2021-12-05 16:22:38,810] {logging_mixin.py:112} WARNING - /home/kauai/datapipeline/venv/lib/python3.8/site-packages/urllib3/connectionpool.py:981: InsecureRequestWarning: Unverified HTTPS request is being made to host 'api.twitter.com'. Adding certificate verification is strongly advised. See: https://urllib3.readthedocs.io/en/latest/advanced-usage.html#ssl-warnings
  warnings.warn(
[2021-12-05 16:22:39,236] {twitter_hook.py:36} INFO - URL: https://api.twitter.com/2/tweets/search/recent?query=ChapecoenseReal&tweet.fields=author_id,conversation_id,created_at,id,in_reply_to_user_id,public_metrics,text&expansions=author_id&user.fields=id,name,username,created_at&start_time=2021-12-04T09:00:00.00Z&end_time=2021-12-05T09:00:00.00Z&next_token=b26v89c19zqg8o3fpdy8ibdz5v66pb69lr28xtn5oh6kd
[2021-12-05 16:22:39,236] {logging_mixin.py:112} WARNING - /home/kauai/datapipeline/venv/lib/python3.8/site-packages/urllib3/connectionpool.py:981: InsecureRequestWarning: Unverified HTTPS request is being made to host 'api.twitter.com'. Adding certificate verification is strongly advised. See: https://urllib3.readthedocs.io/en/latest/advanced-usage.html#ssl-warnings
  warnings.warn(
[2021-12-05 16:22:39,635] {twitter_hook.py:36} INFO - URL: https://api.twitter.com/2/tweets/search/recent?query=ChapecoenseReal&tweet.fields=author_id,conversation_id,created_at,id,in_reply_to_user_id,public_metrics,text&expansions=author_id&user.fields=id,name,username,created_at&start_time=2021-12-04T09:00:00.00Z&end_time=2021-12-05T09:00:00.00Z&next_token=b26v89c19zqg8o3fpdy8ibddbwh2lv4o65cu0heqkkv3x
[2021-12-05 16:22:39,636] {logging_mixin.py:112} WARNING - /home/kauai/datapipeline/venv/lib/python3.8/site-packages/urllib3/connectionpool.py:981: InsecureRequestWarning: Unverified HTTPS request is being made to host 'api.twitter.com'. Adding certificate verification is strongly advised. See: https://urllib3.readthedocs.io/en/latest/advanced-usage.html#ssl-warnings
  warnings.warn(
[2021-12-05 16:22:40,073] {twitter_hook.py:36} INFO - URL: https://api.twitter.com/2/tweets/search/recent?query=ChapecoenseReal&tweet.fields=author_id,conversation_id,created_at,id,in_reply_to_user_id,public_metrics,text&expansions=author_id&user.fields=id,name,username,created_at&start_time=2021-12-04T09:00:00.00Z&end_time=2021-12-05T09:00:00.00Z&next_token=b26v89c19zqg8o3fpdy8ibc6cb681hlzrab2vyqcgzlh9
[2021-12-05 16:22:40,073] {logging_mixin.py:112} WARNING - /home/kauai/datapipeline/venv/lib/python3.8/site-packages/urllib3/connectionpool.py:981: InsecureRequestWarning: Unverified HTTPS request is being made to host 'api.twitter.com'. Adding certificate verification is strongly advised. See: https://urllib3.readthedocs.io/en/latest/advanced-usage.html#ssl-warnings
  warnings.warn(
[2021-12-05 16:22:40,481] {twitter_hook.py:36} INFO - URL: https://api.twitter.com/2/tweets/search/recent?query=ChapecoenseReal&tweet.fields=author_id,conversation_id,created_at,id,in_reply_to_user_id,public_metrics,text&expansions=author_id&user.fields=id,name,username,created_at&start_time=2021-12-04T09:00:00.00Z&end_time=2021-12-05T09:00:00.00Z&next_token=b26v89c19zqg8o3fpdy8ibbvfbq0spwoooplp5tfcthml
[2021-12-05 16:22:40,482] {logging_mixin.py:112} WARNING - /home/kauai/datapipeline/venv/lib/python3.8/site-packages/urllib3/connectionpool.py:981: InsecureRequestWarning: Unverified HTTPS request is being made to host 'api.twitter.com'. Adding certificate verification is strongly advised. See: https://urllib3.readthedocs.io/en/latest/advanced-usage.html#ssl-warnings
  warnings.warn(
[2021-12-05 16:22:40,880] {twitter_hook.py:36} INFO - URL: https://api.twitter.com/2/tweets/search/recent?query=ChapecoenseReal&tweet.fields=author_id,conversation_id,created_at,id,in_reply_to_user_id,public_metrics,text&expansions=author_id&user.fields=id,name,username,created_at&start_time=2021-12-04T09:00:00.00Z&end_time=2021-12-05T09:00:00.00Z&next_token=b26v89c19zqg8o3fpdy8i99jmvvtewkahqokt1wpbmhrx
[2021-12-05 16:22:40,881] {logging_mixin.py:112} WARNING - /home/kauai/datapipeline/venv/lib/python3.8/site-packages/urllib3/connectionpool.py:981: InsecureRequestWarning: Unverified HTTPS request is being made to host 'api.twitter.com'. Adding certificate verification is strongly advised. See: https://urllib3.readthedocs.io/en/latest/advanced-usage.html#ssl-warnings
  warnings.warn(
[2021-12-05 16:22:41,248] {taskinstance.py:1057} INFO - Marking task as SUCCESS.dag_id=twitter_dag, task_id=twitter_chapecoense, execution_date=20211204T090000, start_date=20211205T192236, end_date=20211205T192241
[2021-12-05 16:22:41,855] {local_task_job.py:102} INFO - Task exited with return code 0
