[2021-12-05 15:54:04,592] {taskinstance.py:670} INFO - Dependencies all met for <TaskInstance: twitter_dag.twitter_chapecoense 2021-12-01T09:00:00+00:00 [queued]>
[2021-12-05 15:54:04,599] {taskinstance.py:670} INFO - Dependencies all met for <TaskInstance: twitter_dag.twitter_chapecoense 2021-12-01T09:00:00+00:00 [queued]>
[2021-12-05 15:54:04,599] {taskinstance.py:880} INFO - 
--------------------------------------------------------------------------------
[2021-12-05 15:54:04,599] {taskinstance.py:881} INFO - Starting attempt 1 of 1
[2021-12-05 15:54:04,599] {taskinstance.py:882} INFO - 
--------------------------------------------------------------------------------
[2021-12-05 15:54:04,606] {taskinstance.py:901} INFO - Executing <Task(TwitterOperator): twitter_chapecoense> on 2021-12-01T09:00:00+00:00
[2021-12-05 15:54:04,607] {standard_task_runner.py:54} INFO - Started process 2576 to run task
[2021-12-05 15:54:04,749] {standard_task_runner.py:77} INFO - Running: ['airflow', 'run', 'twitter_dag', 'twitter_chapecoense', '2021-12-01T09:00:00+00:00', '--job_id', '118', '--pool', 'default_pool', '--raw', '-sd', 'DAGS_FOLDER/twitter_dag.py', '--cfg_path', '/tmp/tmp0avst633']
[2021-12-05 15:54:04,750] {standard_task_runner.py:78} INFO - Job 118: Subtask twitter_chapecoense
[2021-12-05 15:54:04,793] {logging_mixin.py:112} INFO - Running <TaskInstance: twitter_dag.twitter_chapecoense 2021-12-01T09:00:00+00:00 [running]> on host kauai-VirtualBox
[2021-12-05 15:54:04,841] {base_hook.py:89} INFO - Using connection to: id: twitter_default. Host: https://api.twitter.com, Port: None, Schema: None, Login: None, Password: None, extra: XXXXXXXX
[2021-12-05 15:54:04,843] {twitter_hook.py:36} INFO - URL: https://api.twitter.com/2/tweets/search/recent?query=ChapecoenseReal&tweet.fields=author_id,conversation_id,created_at,id,in_reply_to_user_id,public_metrics,text&expansions=author_id&user.fields=id,name,username,created_at&start_time=2021-12-01T09:00:00.00Z&end_time=2021-12-02T09:00:00.00Z
[2021-12-05 15:54:05,087] {logging_mixin.py:112} WARNING - /home/kauai/datapipeline/venv/lib/python3.8/site-packages/urllib3/connectionpool.py:981: InsecureRequestWarning: Unverified HTTPS request is being made to host 'api.twitter.com'. Adding certificate verification is strongly advised. See: https://urllib3.readthedocs.io/en/latest/advanced-usage.html#ssl-warnings
  warnings.warn(
[2021-12-05 15:54:05,526] {twitter_hook.py:36} INFO - URL: https://api.twitter.com/2/tweets/search/recent?query=ChapecoenseReal&tweet.fields=author_id,conversation_id,created_at,id,in_reply_to_user_id,public_metrics,text&expansions=author_id&user.fields=id,name,username,created_at&start_time=2021-12-01T09:00:00.00Z&end_time=2021-12-02T09:00:00.00Z&next_token=b26v89c19zqg8o3fpdy837v96xdn56z75b71eo0rvn2wt
[2021-12-05 15:54:05,527] {logging_mixin.py:112} WARNING - /home/kauai/datapipeline/venv/lib/python3.8/site-packages/urllib3/connectionpool.py:981: InsecureRequestWarning: Unverified HTTPS request is being made to host 'api.twitter.com'. Adding certificate verification is strongly advised. See: https://urllib3.readthedocs.io/en/latest/advanced-usage.html#ssl-warnings
  warnings.warn(
[2021-12-05 15:54:05,957] {twitter_hook.py:36} INFO - URL: https://api.twitter.com/2/tweets/search/recent?query=ChapecoenseReal&tweet.fields=author_id,conversation_id,created_at,id,in_reply_to_user_id,public_metrics,text&expansions=author_id&user.fields=id,name,username,created_at&start_time=2021-12-01T09:00:00.00Z&end_time=2021-12-02T09:00:00.00Z&next_token=b26v89c19zqg8o3fpdy837uns4hbh1j9p4a89uyryfbzx
[2021-12-05 15:54:05,957] {logging_mixin.py:112} WARNING - /home/kauai/datapipeline/venv/lib/python3.8/site-packages/urllib3/connectionpool.py:981: InsecureRequestWarning: Unverified HTTPS request is being made to host 'api.twitter.com'. Adding certificate verification is strongly advised. See: https://urllib3.readthedocs.io/en/latest/advanced-usage.html#ssl-warnings
  warnings.warn(
[2021-12-05 15:54:06,403] {twitter_hook.py:36} INFO - URL: https://api.twitter.com/2/tweets/search/recent?query=ChapecoenseReal&tweet.fields=author_id,conversation_id,created_at,id,in_reply_to_user_id,public_metrics,text&expansions=author_id&user.fields=id,name,username,created_at&start_time=2021-12-01T09:00:00.00Z&end_time=2021-12-02T09:00:00.00Z&next_token=b26v89c19zqg8o3fpdy835sbs5vtf5dfek79a60r4kwvx
[2021-12-05 15:54:06,403] {logging_mixin.py:112} WARNING - /home/kauai/datapipeline/venv/lib/python3.8/site-packages/urllib3/connectionpool.py:981: InsecureRequestWarning: Unverified HTTPS request is being made to host 'api.twitter.com'. Adding certificate verification is strongly advised. See: https://urllib3.readthedocs.io/en/latest/advanced-usage.html#ssl-warnings
  warnings.warn(
[2021-12-05 15:54:06,776] {twitter_hook.py:36} INFO - URL: https://api.twitter.com/2/tweets/search/recent?query=ChapecoenseReal&tweet.fields=author_id,conversation_id,created_at,id,in_reply_to_user_id,public_metrics,text&expansions=author_id&user.fields=id,name,username,created_at&start_time=2021-12-01T09:00:00.00Z&end_time=2021-12-02T09:00:00.00Z&next_token=b26v89c19zqg8o3fpdy835s0wom9wub0n4srkzr5k714t
[2021-12-05 15:54:06,777] {logging_mixin.py:112} WARNING - /home/kauai/datapipeline/venv/lib/python3.8/site-packages/urllib3/connectionpool.py:981: InsecureRequestWarning: Unverified HTTPS request is being made to host 'api.twitter.com'. Adding certificate verification is strongly advised. See: https://urllib3.readthedocs.io/en/latest/advanced-usage.html#ssl-warnings
  warnings.warn(
[2021-12-05 15:54:07,170] {twitter_hook.py:36} INFO - URL: https://api.twitter.com/2/tweets/search/recent?query=ChapecoenseReal&tweet.fields=author_id,conversation_id,created_at,id,in_reply_to_user_id,public_metrics,text&expansions=author_id&user.fields=id,name,username,created_at&start_time=2021-12-01T09:00:00.00Z&end_time=2021-12-02T09:00:00.00Z&next_token=b26v89c19zqg8o3fpdy835rq48lqjdrefsdb3rve0g8sd
[2021-12-05 15:54:07,170] {logging_mixin.py:112} WARNING - /home/kauai/datapipeline/venv/lib/python3.8/site-packages/urllib3/connectionpool.py:981: InsecureRequestWarning: Unverified HTTPS request is being made to host 'api.twitter.com'. Adding certificate verification is strongly advised. See: https://urllib3.readthedocs.io/en/latest/advanced-usage.html#ssl-warnings
  warnings.warn(
[2021-12-05 15:54:07,584] {twitter_hook.py:36} INFO - URL: https://api.twitter.com/2/tweets/search/recent?query=ChapecoenseReal&tweet.fields=author_id,conversation_id,created_at,id,in_reply_to_user_id,public_metrics,text&expansions=author_id&user.fields=id,name,username,created_at&start_time=2021-12-01T09:00:00.00Z&end_time=2021-12-02T09:00:00.00Z&next_token=b26v89c19zqg8o3fpdy835qjapd67ttq8ofv88vhpargd
[2021-12-05 15:54:07,584] {logging_mixin.py:112} WARNING - /home/kauai/datapipeline/venv/lib/python3.8/site-packages/urllib3/connectionpool.py:981: InsecureRequestWarning: Unverified HTTPS request is being made to host 'api.twitter.com'. Adding certificate verification is strongly advised. See: https://urllib3.readthedocs.io/en/latest/advanced-usage.html#ssl-warnings
  warnings.warn(
[2021-12-05 15:54:07,977] {twitter_hook.py:36} INFO - URL: https://api.twitter.com/2/tweets/search/recent?query=ChapecoenseReal&tweet.fields=author_id,conversation_id,created_at,id,in_reply_to_user_id,public_metrics,text&expansions=author_id&user.fields=id,name,username,created_at&start_time=2021-12-01T09:00:00.00Z&end_time=2021-12-02T09:00:00.00Z&next_token=b26v89c19zqg8o3fpdy835qj4mnzrn4a4j6ggpcxvswvx
[2021-12-05 15:54:07,978] {logging_mixin.py:112} WARNING - /home/kauai/datapipeline/venv/lib/python3.8/site-packages/urllib3/connectionpool.py:981: InsecureRequestWarning: Unverified HTTPS request is being made to host 'api.twitter.com'. Adding certificate verification is strongly advised. See: https://urllib3.readthedocs.io/en/latest/advanced-usage.html#ssl-warnings
  warnings.warn(
[2021-12-05 15:54:08,397] {twitter_hook.py:36} INFO - URL: https://api.twitter.com/2/tweets/search/recent?query=ChapecoenseReal&tweet.fields=author_id,conversation_id,created_at,id,in_reply_to_user_id,public_metrics,text&expansions=author_id&user.fields=id,name,username,created_at&start_time=2021-12-01T09:00:00.00Z&end_time=2021-12-02T09:00:00.00Z&next_token=b26v89c19zqg8o3fpdy835q8f967sl0iitcx3olggg8sd
[2021-12-05 15:54:08,398] {logging_mixin.py:112} WARNING - /home/kauai/datapipeline/venv/lib/python3.8/site-packages/urllib3/connectionpool.py:981: InsecureRequestWarning: Unverified HTTPS request is being made to host 'api.twitter.com'. Adding certificate verification is strongly advised. See: https://urllib3.readthedocs.io/en/latest/advanced-usage.html#ssl-warnings
  warnings.warn(
[2021-12-05 15:54:08,803] {twitter_hook.py:36} INFO - URL: https://api.twitter.com/2/tweets/search/recent?query=ChapecoenseReal&tweet.fields=author_id,conversation_id,created_at,id,in_reply_to_user_id,public_metrics,text&expansions=author_id&user.fields=id,name,username,created_at&start_time=2021-12-01T09:00:00.00Z&end_time=2021-12-02T09:00:00.00Z&next_token=b26v89c19zqg8o3fpdy835q87o26pqw4vl0m15sc19ny5
[2021-12-05 15:54:08,803] {logging_mixin.py:112} WARNING - /home/kauai/datapipeline/venv/lib/python3.8/site-packages/urllib3/connectionpool.py:981: InsecureRequestWarning: Unverified HTTPS request is being made to host 'api.twitter.com'. Adding certificate verification is strongly advised. See: https://urllib3.readthedocs.io/en/latest/advanced-usage.html#ssl-warnings
  warnings.warn(
[2021-12-05 15:54:09,273] {twitter_hook.py:36} INFO - URL: https://api.twitter.com/2/tweets/search/recent?query=ChapecoenseReal&tweet.fields=author_id,conversation_id,created_at,id,in_reply_to_user_id,public_metrics,text&expansions=author_id&user.fields=id,name,username,created_at&start_time=2021-12-01T09:00:00.00Z&end_time=2021-12-02T09:00:00.00Z&next_token=b26v89c19zqg8o3fpdy835pxdos5u5f2d47s7f7weuhz1
[2021-12-05 15:54:09,273] {logging_mixin.py:112} WARNING - /home/kauai/datapipeline/venv/lib/python3.8/site-packages/urllib3/connectionpool.py:981: InsecureRequestWarning: Unverified HTTPS request is being made to host 'api.twitter.com'. Adding certificate verification is strongly advised. See: https://urllib3.readthedocs.io/en/latest/advanced-usage.html#ssl-warnings
  warnings.warn(
[2021-12-05 15:54:09,672] {twitter_hook.py:36} INFO - URL: https://api.twitter.com/2/tweets/search/recent?query=ChapecoenseReal&tweet.fields=author_id,conversation_id,created_at,id,in_reply_to_user_id,public_metrics,text&expansions=author_id&user.fields=id,name,username,created_at&start_time=2021-12-01T09:00:00.00Z&end_time=2021-12-02T09:00:00.00Z&next_token=b26v89c19zqg8o3fpdy833nlsvrpinreb1qw291jwnb7h
[2021-12-05 15:54:09,672] {logging_mixin.py:112} WARNING - /home/kauai/datapipeline/venv/lib/python3.8/site-packages/urllib3/connectionpool.py:981: InsecureRequestWarning: Unverified HTTPS request is being made to host 'api.twitter.com'. Adding certificate verification is strongly advised. See: https://urllib3.readthedocs.io/en/latest/advanced-usage.html#ssl-warnings
  warnings.warn(
[2021-12-05 15:54:10,166] {twitter_hook.py:36} INFO - URL: https://api.twitter.com/2/tweets/search/recent?query=ChapecoenseReal&tweet.fields=author_id,conversation_id,created_at,id,in_reply_to_user_id,public_metrics,text&expansions=author_id&user.fields=id,name,username,created_at&start_time=2021-12-01T09:00:00.00Z&end_time=2021-12-02T09:00:00.00Z&next_token=b26v89c19zqg8o3fpdy833navx5zpfdb1jdb41ibvbmv1
[2021-12-05 15:54:10,166] {logging_mixin.py:112} WARNING - /home/kauai/datapipeline/venv/lib/python3.8/site-packages/urllib3/connectionpool.py:981: InsecureRequestWarning: Unverified HTTPS request is being made to host 'api.twitter.com'. Adding certificate verification is strongly advised. See: https://urllib3.readthedocs.io/en/latest/advanced-usage.html#ssl-warnings
  warnings.warn(
[2021-12-05 15:54:10,614] {twitter_hook.py:36} INFO - URL: https://api.twitter.com/2/tweets/search/recent?query=ChapecoenseReal&tweet.fields=author_id,conversation_id,created_at,id,in_reply_to_user_id,public_metrics,text&expansions=author_id&user.fields=id,name,username,created_at&start_time=2021-12-01T09:00:00.00Z&end_time=2021-12-02T09:00:00.00Z&next_token=b26v89c19zqg8o3fpdy833mpclogix6ozihqpbbrzpwn1
[2021-12-05 15:54:10,614] {logging_mixin.py:112} WARNING - /home/kauai/datapipeline/venv/lib/python3.8/site-packages/urllib3/connectionpool.py:981: InsecureRequestWarning: Unverified HTTPS request is being made to host 'api.twitter.com'. Adding certificate verification is strongly advised. See: https://urllib3.readthedocs.io/en/latest/advanced-usage.html#ssl-warnings
  warnings.warn(
[2021-12-05 15:54:11,025] {twitter_hook.py:36} INFO - URL: https://api.twitter.com/2/tweets/search/recent?query=ChapecoenseReal&tweet.fields=author_id,conversation_id,created_at,id,in_reply_to_user_id,public_metrics,text&expansions=author_id&user.fields=id,name,username,created_at&start_time=2021-12-01T09:00:00.00Z&end_time=2021-12-02T09:00:00.00Z&next_token=b26v89c19zqg8o3fpdy833meh4f8u8sh6alx6wnrjred9
[2021-12-05 15:54:11,025] {logging_mixin.py:112} WARNING - /home/kauai/datapipeline/venv/lib/python3.8/site-packages/urllib3/connectionpool.py:981: InsecureRequestWarning: Unverified HTTPS request is being made to host 'api.twitter.com'. Adding certificate verification is strongly advised. See: https://urllib3.readthedocs.io/en/latest/advanced-usage.html#ssl-warnings
  warnings.warn(
[2021-12-05 15:54:11,457] {twitter_hook.py:36} INFO - URL: https://api.twitter.com/2/tweets/search/recent?query=ChapecoenseReal&tweet.fields=author_id,conversation_id,created_at,id,in_reply_to_user_id,public_metrics,text&expansions=author_id&user.fields=id,name,username,created_at&start_time=2021-12-01T09:00:00.00Z&end_time=2021-12-02T09:00:00.00Z&next_token=b26v89c19zqg8o3fpdy833m3rpndqs9h4brkakwzk34al
[2021-12-05 15:54:11,458] {logging_mixin.py:112} WARNING - /home/kauai/datapipeline/venv/lib/python3.8/site-packages/urllib3/connectionpool.py:981: InsecureRequestWarning: Unverified HTTPS request is being made to host 'api.twitter.com'. Adding certificate verification is strongly advised. See: https://urllib3.readthedocs.io/en/latest/advanced-usage.html#ssl-warnings
  warnings.warn(
[2021-12-05 15:54:11,896] {twitter_hook.py:36} INFO - URL: https://api.twitter.com/2/tweets/search/recent?query=ChapecoenseReal&tweet.fields=author_id,conversation_id,created_at,id,in_reply_to_user_id,public_metrics,text&expansions=author_id&user.fields=id,name,username,created_at&start_time=2021-12-01T09:00:00.00Z&end_time=2021-12-02T09:00:00.00Z&next_token=b26v89c19zqg8o3fpdy833lsrq8bn70mtxtlt4fy63u65
[2021-12-05 15:54:11,898] {logging_mixin.py:112} WARNING - /home/kauai/datapipeline/venv/lib/python3.8/site-packages/urllib3/connectionpool.py:981: InsecureRequestWarning: Unverified HTTPS request is being made to host 'api.twitter.com'. Adding certificate verification is strongly advised. See: https://urllib3.readthedocs.io/en/latest/advanced-usage.html#ssl-warnings
  warnings.warn(
[2021-12-05 15:54:12,303] {twitter_hook.py:36} INFO - URL: https://api.twitter.com/2/tweets/search/recent?query=ChapecoenseReal&tweet.fields=author_id,conversation_id,created_at,id,in_reply_to_user_id,public_metrics,text&expansions=author_id&user.fields=id,name,username,created_at&start_time=2021-12-01T09:00:00.00Z&end_time=2021-12-02T09:00:00.00Z&next_token=b26v89c19zqg8o3fpdy833li9wkjs1kks8nglgylmhzst
[2021-12-05 15:54:12,304] {logging_mixin.py:112} WARNING - /home/kauai/datapipeline/venv/lib/python3.8/site-packages/urllib3/connectionpool.py:981: InsecureRequestWarning: Unverified HTTPS request is being made to host 'api.twitter.com'. Adding certificate verification is strongly advised. See: https://urllib3.readthedocs.io/en/latest/advanced-usage.html#ssl-warnings
  warnings.warn(
[2021-12-05 15:54:12,705] {twitter_hook.py:36} INFO - URL: https://api.twitter.com/2/tweets/search/recent?query=ChapecoenseReal&tweet.fields=author_id,conversation_id,created_at,id,in_reply_to_user_id,public_metrics,text&expansions=author_id&user.fields=id,name,username,created_at&start_time=2021-12-01T09:00:00.00Z&end_time=2021-12-02T09:00:00.00Z&next_token=b26v89c19zqg8o3fpdy7oh8hx74j5fh1xevani31kk399
[2021-12-05 15:54:12,706] {logging_mixin.py:112} WARNING - /home/kauai/datapipeline/venv/lib/python3.8/site-packages/urllib3/connectionpool.py:981: InsecureRequestWarning: Unverified HTTPS request is being made to host 'api.twitter.com'. Adding certificate verification is strongly advised. See: https://urllib3.readthedocs.io/en/latest/advanced-usage.html#ssl-warnings
  warnings.warn(
[2021-12-05 15:54:13,090] {taskinstance.py:1057} INFO - Marking task as SUCCESS.dag_id=twitter_dag, task_id=twitter_chapecoense, execution_date=20211201T090000, start_date=20211205T185404, end_date=20211205T185413
[2021-12-05 15:54:14,589] {local_task_job.py:102} INFO - Task exited with return code 0
