[2021-12-05 16:25:45,182] {taskinstance.py:670} INFO - Dependencies all met for <TaskInstance: twitter_dag.transform_twitter_chapecoense 2021-12-04T09:00:00+00:00 [queued]>
[2021-12-05 16:25:45,202] {taskinstance.py:670} INFO - Dependencies all met for <TaskInstance: twitter_dag.transform_twitter_chapecoense 2021-12-04T09:00:00+00:00 [queued]>
[2021-12-05 16:25:45,202] {taskinstance.py:880} INFO - 
--------------------------------------------------------------------------------
[2021-12-05 16:25:45,203] {taskinstance.py:881} INFO - Starting attempt 2 of 2
[2021-12-05 16:25:45,203] {taskinstance.py:882} INFO - 
--------------------------------------------------------------------------------
[2021-12-05 16:25:45,216] {taskinstance.py:901} INFO - Executing <Task(SparkSubmitOperator): transform_twitter_chapecoense> on 2021-12-04T09:00:00+00:00
[2021-12-05 16:25:45,218] {standard_task_runner.py:54} INFO - Started process 4461 to run task
[2021-12-05 16:25:45,353] {standard_task_runner.py:77} INFO - Running: ['airflow', 'run', 'twitter_dag', 'transform_twitter_chapecoense', '2021-12-04T09:00:00+00:00', '--job_id', '133', '--pool', 'default_pool', '--raw', '-sd', 'DAGS_FOLDER/twitter_dag.py', '--cfg_path', '/tmp/tmpzybxp2z8']
[2021-12-05 16:25:45,354] {standard_task_runner.py:78} INFO - Job 133: Subtask transform_twitter_chapecoense
[2021-12-05 16:25:45,403] {logging_mixin.py:112} INFO - Running <TaskInstance: twitter_dag.transform_twitter_chapecoense 2021-12-04T09:00:00+00:00 [running]> on host kauai-VirtualBox
[2021-12-05 16:25:45,462] {base_hook.py:89} INFO - Using connection to: id: spark_default. Host: local, Port: None, Schema: None, Login: None, Password: None, extra: XXXXXXXX
[2021-12-05 16:25:45,464] {spark_submit_hook.py:325} INFO - Spark-Submit cmd: /home/kauai/spark-3.1.2-bin-hadoop3.2/bin/spark-submit --master local --name twitter_transformation /home/kauai/datapipeline/spark/transformation.py --src /home/kauai/datapipeline/datalake/bronze/twitter_chapecoense/extract_date=2021-12-04 --dest /home/kauai/datapipeline/datalake/silver/twitter_chapecoense/ --process-date 2021-12-04
[2021-12-05 16:25:47,842] {spark_submit_hook.py:479} INFO - 21/12/05 16:25:47 WARN Utils: Your hostname, kauai-VirtualBox resolves to a loopback address: 127.0.1.1; using 10.0.2.15 instead (on interface enp0s3)
[2021-12-05 16:25:47,843] {spark_submit_hook.py:479} INFO - 21/12/05 16:25:47 WARN Utils: Set SPARK_LOCAL_IP if you need to bind to another address
[2021-12-05 16:25:47,858] {spark_submit_hook.py:479} INFO - WARNING: An illegal reflective access operation has occurred
[2021-12-05 16:25:47,858] {spark_submit_hook.py:479} INFO - WARNING: Illegal reflective access by org.apache.spark.unsafe.Platform (file:/opt/spark/jars/spark-unsafe_2.12-3.1.2.jar) to constructor java.nio.DirectByteBuffer(long,int)
[2021-12-05 16:25:47,858] {spark_submit_hook.py:479} INFO - WARNING: Please consider reporting this to the maintainers of org.apache.spark.unsafe.Platform
[2021-12-05 16:25:47,858] {spark_submit_hook.py:479} INFO - WARNING: Use --illegal-access=warn to enable warnings of further illegal reflective access operations
[2021-12-05 16:25:47,858] {spark_submit_hook.py:479} INFO - WARNING: All illegal access operations will be denied in a future release
[2021-12-05 16:25:48,965] {spark_submit_hook.py:479} INFO - 21/12/05 16:25:48 WARN NativeCodeLoader: Unable to load native-hadoop library for your platform... using builtin-java classes where applicable
[2021-12-05 16:25:50,111] {spark_submit_hook.py:479} INFO - Using Spark's default log4j profile: org/apache/spark/log4j-defaults.properties
[2021-12-05 16:25:50,124] {spark_submit_hook.py:479} INFO - 21/12/05 16:25:50 INFO SparkContext: Running Spark version 3.1.2
[2021-12-05 16:25:50,211] {spark_submit_hook.py:479} INFO - 21/12/05 16:25:50 INFO ResourceUtils: ==============================================================
[2021-12-05 16:25:50,212] {spark_submit_hook.py:479} INFO - 21/12/05 16:25:50 INFO ResourceUtils: No custom resources configured for spark.driver.
[2021-12-05 16:25:50,212] {spark_submit_hook.py:479} INFO - 21/12/05 16:25:50 INFO ResourceUtils: ==============================================================
[2021-12-05 16:25:50,213] {spark_submit_hook.py:479} INFO - 21/12/05 16:25:50 INFO SparkContext: Submitted application: twitter_transformation
[2021-12-05 16:25:50,252] {spark_submit_hook.py:479} INFO - 21/12/05 16:25:50 INFO ResourceProfile: Default ResourceProfile created, executor resources: Map(cores -> name: cores, amount: 1, script: , vendor: , memory -> name: memory, amount: 1024, script: , vendor: , offHeap -> name: offHeap, amount: 0, script: , vendor: ), task resources: Map(cpus -> name: cpus, amount: 1.0)
[2021-12-05 16:25:50,276] {spark_submit_hook.py:479} INFO - 21/12/05 16:25:50 INFO ResourceProfile: Limiting resource is cpu
[2021-12-05 16:25:50,277] {spark_submit_hook.py:479} INFO - 21/12/05 16:25:50 INFO ResourceProfileManager: Added ResourceProfile id: 0
[2021-12-05 16:25:50,374] {spark_submit_hook.py:479} INFO - 21/12/05 16:25:50 INFO SecurityManager: Changing view acls to: kauai
[2021-12-05 16:25:50,374] {spark_submit_hook.py:479} INFO - 21/12/05 16:25:50 INFO SecurityManager: Changing modify acls to: kauai
[2021-12-05 16:25:50,374] {spark_submit_hook.py:479} INFO - 21/12/05 16:25:50 INFO SecurityManager: Changing view acls groups to:
[2021-12-05 16:25:50,374] {spark_submit_hook.py:479} INFO - 21/12/05 16:25:50 INFO SecurityManager: Changing modify acls groups to:
[2021-12-05 16:25:50,374] {spark_submit_hook.py:479} INFO - 21/12/05 16:25:50 INFO SecurityManager: SecurityManager: authentication disabled; ui acls disabled; users  with view permissions: Set(kauai); groups with view permissions: Set(); users  with modify permissions: Set(kauai); groups with modify permissions: Set()
[2021-12-05 16:25:50,747] {spark_submit_hook.py:479} INFO - 21/12/05 16:25:50 INFO Utils: Successfully started service 'sparkDriver' on port 40527.
[2021-12-05 16:25:50,844] {spark_submit_hook.py:479} INFO - 21/12/05 16:25:50 INFO SparkEnv: Registering MapOutputTracker
[2021-12-05 16:25:50,974] {spark_submit_hook.py:479} INFO - 21/12/05 16:25:50 INFO SparkEnv: Registering BlockManagerMaster
[2021-12-05 16:25:51,011] {spark_submit_hook.py:479} INFO - 21/12/05 16:25:51 INFO BlockManagerMasterEndpoint: Using org.apache.spark.storage.DefaultTopologyMapper for getting topology information
[2021-12-05 16:25:51,012] {spark_submit_hook.py:479} INFO - 21/12/05 16:25:51 INFO BlockManagerMasterEndpoint: BlockManagerMasterEndpoint up
[2021-12-05 16:25:51,021] {spark_submit_hook.py:479} INFO - 21/12/05 16:25:51 INFO SparkEnv: Registering BlockManagerMasterHeartbeat
[2021-12-05 16:25:51,048] {spark_submit_hook.py:479} INFO - 21/12/05 16:25:51 INFO DiskBlockManager: Created local directory at /tmp/blockmgr-d23bcfd6-e226-4963-9490-5b0f4eae2140
[2021-12-05 16:25:51,067] {spark_submit_hook.py:479} INFO - 21/12/05 16:25:51 INFO MemoryStore: MemoryStore started with capacity 413.9 MiB
[2021-12-05 16:25:51,106] {spark_submit_hook.py:479} INFO - 21/12/05 16:25:51 INFO SparkEnv: Registering OutputCommitCoordinator
[2021-12-05 16:25:51,342] {spark_submit_hook.py:479} INFO - 21/12/05 16:25:51 WARN Utils: Service 'SparkUI' could not bind on port 4040. Attempting port 4041.
[2021-12-05 16:25:51,359] {spark_submit_hook.py:479} INFO - 21/12/05 16:25:51 INFO Utils: Successfully started service 'SparkUI' on port 4041.
[2021-12-05 16:25:51,571] {spark_submit_hook.py:479} INFO - 21/12/05 16:25:51 INFO SparkUI: Bound SparkUI to 0.0.0.0, and started at http://10.0.2.15:4041
[2021-12-05 16:25:51,908] {spark_submit_hook.py:479} INFO - 21/12/05 16:25:51 INFO Executor: Starting executor ID driver on host 10.0.2.15
[2021-12-05 16:25:51,993] {spark_submit_hook.py:479} INFO - 21/12/05 16:25:51 INFO Utils: Successfully started service 'org.apache.spark.network.netty.NettyBlockTransferService' on port 37011.
[2021-12-05 16:25:51,995] {spark_submit_hook.py:479} INFO - 21/12/05 16:25:51 INFO NettyBlockTransferService: Server created on 10.0.2.15:37011
[2021-12-05 16:25:51,995] {spark_submit_hook.py:479} INFO - 21/12/05 16:25:51 INFO BlockManager: Using org.apache.spark.storage.RandomBlockReplicationPolicy for block replication policy
[2021-12-05 16:25:51,999] {spark_submit_hook.py:479} INFO - 21/12/05 16:25:51 INFO BlockManagerMaster: Registering BlockManager BlockManagerId(driver, 10.0.2.15, 37011, None)
[2021-12-05 16:25:52,013] {spark_submit_hook.py:479} INFO - 21/12/05 16:25:52 INFO BlockManagerMasterEndpoint: Registering block manager 10.0.2.15:37011 with 413.9 MiB RAM, BlockManagerId(driver, 10.0.2.15, 37011, None)
[2021-12-05 16:25:52,038] {spark_submit_hook.py:479} INFO - 21/12/05 16:25:52 INFO BlockManagerMaster: Registered BlockManager BlockManagerId(driver, 10.0.2.15, 37011, None)
[2021-12-05 16:25:52,039] {spark_submit_hook.py:479} INFO - 21/12/05 16:25:52 INFO BlockManager: Initialized BlockManager: BlockManagerId(driver, 10.0.2.15, 37011, None)
[2021-12-05 16:25:53,549] {spark_submit_hook.py:479} INFO - 21/12/05 16:25:53 INFO SharedState: Setting hive.metastore.warehouse.dir ('null') to the value of spark.sql.warehouse.dir ('file:/home/kauai/datapipeline/spark-warehouse').
[2021-12-05 16:25:53,552] {spark_submit_hook.py:479} INFO - 21/12/05 16:25:53 INFO SharedState: Warehouse path is 'file:/home/kauai/datapipeline/spark-warehouse'.
[2021-12-05 16:25:55,226] {spark_submit_hook.py:479} INFO - 21/12/05 16:25:55 INFO InMemoryFileIndex: It took 292 ms to list leaf files for 1 paths.
[2021-12-05 16:25:55,341] {spark_submit_hook.py:479} INFO - 21/12/05 16:25:55 INFO InMemoryFileIndex: It took 3 ms to list leaf files for 2 paths.
[2021-12-05 16:25:59,718] {spark_submit_hook.py:479} INFO - 21/12/05 16:25:59 INFO FileSourceStrategy: Pushed Filters:
[2021-12-05 16:25:59,720] {spark_submit_hook.py:479} INFO - 21/12/05 16:25:59 INFO FileSourceStrategy: Post-Scan Filters:
[2021-12-05 16:25:59,730] {spark_submit_hook.py:479} INFO - 21/12/05 16:25:59 INFO FileSourceStrategy: Output Data Schema: struct<value: string>
[2021-12-05 16:26:00,568] {spark_submit_hook.py:479} INFO - 21/12/05 16:26:00 INFO MemoryStore: Block broadcast_0 stored as values in memory (estimated size 174.7 KiB, free 413.8 MiB)
[2021-12-05 16:26:00,732] {spark_submit_hook.py:479} INFO - 21/12/05 16:26:00 INFO MemoryStore: Block broadcast_0_piece0 stored as bytes in memory (estimated size 27.6 KiB, free 413.7 MiB)
[2021-12-05 16:26:00,735] {spark_submit_hook.py:479} INFO - 21/12/05 16:26:00 INFO BlockManagerInfo: Added broadcast_0_piece0 in memory on 10.0.2.15:37011 (size: 27.6 KiB, free: 413.9 MiB)
[2021-12-05 16:26:00,741] {spark_submit_hook.py:479} INFO - 21/12/05 16:26:00 INFO SparkContext: Created broadcast 0 from json at NativeMethodAccessorImpl.java:0
[2021-12-05 16:26:00,765] {spark_submit_hook.py:479} INFO - 21/12/05 16:26:00 INFO FileSourceScanExec: Planning scan with bin packing, max size: 4245724 bytes, open cost is considered as scanning 4194304 bytes.
[2021-12-05 16:26:01,035] {spark_submit_hook.py:479} INFO - 21/12/05 16:26:01 INFO SparkContext: Starting job: json at NativeMethodAccessorImpl.java:0
[2021-12-05 16:26:01,067] {spark_submit_hook.py:479} INFO - 21/12/05 16:26:01 INFO DAGScheduler: Got job 0 (json at NativeMethodAccessorImpl.java:0) with 1 output partitions
[2021-12-05 16:26:01,069] {spark_submit_hook.py:479} INFO - 21/12/05 16:26:01 INFO DAGScheduler: Final stage: ResultStage 0 (json at NativeMethodAccessorImpl.java:0)
[2021-12-05 16:26:01,073] {spark_submit_hook.py:479} INFO - 21/12/05 16:26:01 INFO DAGScheduler: Parents of final stage: List()
[2021-12-05 16:26:01,085] {spark_submit_hook.py:479} INFO - 21/12/05 16:26:01 INFO DAGScheduler: Missing parents: List()
[2021-12-05 16:26:01,120] {spark_submit_hook.py:479} INFO - 21/12/05 16:26:01 INFO DAGScheduler: Submitting ResultStage 0 (MapPartitionsRDD[3] at json at NativeMethodAccessorImpl.java:0), which has no missing parents
[2021-12-05 16:26:01,467] {spark_submit_hook.py:479} INFO - 21/12/05 16:26:01 INFO MemoryStore: Block broadcast_1 stored as values in memory (estimated size 12.0 KiB, free 413.7 MiB)
[2021-12-05 16:26:01,471] {spark_submit_hook.py:479} INFO - 21/12/05 16:26:01 INFO MemoryStore: Block broadcast_1_piece0 stored as bytes in memory (estimated size 6.3 KiB, free 413.7 MiB)
[2021-12-05 16:26:01,474] {spark_submit_hook.py:479} INFO - 21/12/05 16:26:01 INFO BlockManagerInfo: Added broadcast_1_piece0 in memory on 10.0.2.15:37011 (size: 6.3 KiB, free: 413.9 MiB)
[2021-12-05 16:26:01,475] {spark_submit_hook.py:479} INFO - 21/12/05 16:26:01 INFO SparkContext: Created broadcast 1 from broadcast at DAGScheduler.scala:1388
[2021-12-05 16:26:01,517] {spark_submit_hook.py:479} INFO - 21/12/05 16:26:01 INFO DAGScheduler: Submitting 1 missing tasks from ResultStage 0 (MapPartitionsRDD[3] at json at NativeMethodAccessorImpl.java:0) (first 15 tasks are for partitions Vector(0))
[2021-12-05 16:26:01,517] {spark_submit_hook.py:479} INFO - 21/12/05 16:26:01 INFO TaskSchedulerImpl: Adding task set 0.0 with 1 tasks resource profile 0
[2021-12-05 16:26:01,585] {spark_submit_hook.py:479} INFO - 21/12/05 16:26:01 INFO TaskSetManager: Starting task 0.0 in stage 0.0 (TID 0) (10.0.2.15, executor driver, partition 0, PROCESS_LOCAL, 4946 bytes) taskResourceAssignments Map()
[2021-12-05 16:26:01,602] {spark_submit_hook.py:479} INFO - 21/12/05 16:26:01 INFO Executor: Running task 0.0 in stage 0.0 (TID 0)
[2021-12-05 16:26:02,030] {spark_submit_hook.py:479} INFO - 21/12/05 16:26:02 INFO FileScanRDD: Reading File path: file:///home/kauai/datapipeline/datalake/bronze/twitter_chapecoense/extract_date=2021-12-04/ChapecoenseReal_20211204.json, range: 0-51420, partition values: [empty row]
[2021-12-05 16:26:03,045] {spark_submit_hook.py:479} INFO - 21/12/05 16:26:03 INFO CodeGenerator: Code generated in 652.799789 ms
[2021-12-05 16:26:03,233] {spark_submit_hook.py:479} INFO - 21/12/05 16:26:03 INFO Executor: Finished task 0.0 in stage 0.0 (TID 0). 2858 bytes result sent to driver
[2021-12-05 16:26:03,262] {spark_submit_hook.py:479} INFO - 21/12/05 16:26:03 INFO TaskSetManager: Finished task 0.0 in stage 0.0 (TID 0) in 1685 ms on 10.0.2.15 (executor driver) (1/1)
[2021-12-05 16:26:03,284] {spark_submit_hook.py:479} INFO - 21/12/05 16:26:03 INFO TaskSchedulerImpl: Removed TaskSet 0.0, whose tasks have all completed, from pool
[2021-12-05 16:26:03,304] {spark_submit_hook.py:479} INFO - 21/12/05 16:26:03 INFO DAGScheduler: ResultStage 0 (json at NativeMethodAccessorImpl.java:0) finished in 2,107 s
[2021-12-05 16:26:03,332] {spark_submit_hook.py:479} INFO - 21/12/05 16:26:03 INFO DAGScheduler: Job 0 is finished. Cancelling potential speculative or zombie tasks for this job
[2021-12-05 16:26:03,338] {spark_submit_hook.py:479} INFO - 21/12/05 16:26:03 INFO TaskSchedulerImpl: Killing all running tasks in stage 0: Stage finished
[2021-12-05 16:26:03,351] {spark_submit_hook.py:479} INFO - 21/12/05 16:26:03 INFO DAGScheduler: Job 0 finished: json at NativeMethodAccessorImpl.java:0, took 2,311557 s
[2021-12-05 16:26:04,564] {spark_submit_hook.py:479} INFO - 21/12/05 16:26:04 INFO FileSourceStrategy: Pushed Filters: IsNotNull(data)
[2021-12-05 16:26:04,568] {spark_submit_hook.py:479} INFO - 21/12/05 16:26:04 INFO FileSourceStrategy: Post-Scan Filters: (size(data#7, true) > 0),isnotnull(data#7)
[2021-12-05 16:26:04,574] {spark_submit_hook.py:479} INFO - 21/12/05 16:26:04 INFO FileSourceStrategy: Output Data Schema: struct<data: array<struct<author_id:string,conversation_id:string,created_at:string,id:string,in_reply_to_user_id:string,public_metrics:struct<like_count:bigint,quote_count:bigint,reply_count:bigint,retweet_count:bigint>,text:string>>>
[2021-12-05 16:26:04,800] {spark_submit_hook.py:479} INFO - 21/12/05 16:26:04 INFO BlockManagerInfo: Removed broadcast_0_piece0 on 10.0.2.15:37011 in memory (size: 27.6 KiB, free: 413.9 MiB)
[2021-12-05 16:26:04,864] {spark_submit_hook.py:479} INFO - 21/12/05 16:26:04 INFO BlockManagerInfo: Removed broadcast_1_piece0 on 10.0.2.15:37011 in memory (size: 6.3 KiB, free: 413.9 MiB)
[2021-12-05 16:26:05,024] {spark_submit_hook.py:479} INFO - 21/12/05 16:26:05 INFO FileOutputCommitter: File Output Committer Algorithm version is 1
[2021-12-05 16:26:05,026] {spark_submit_hook.py:479} INFO - 21/12/05 16:26:05 INFO FileOutputCommitter: FileOutputCommitter skip cleanup _temporary folders under output directory:false, ignore cleanup failures: false
[2021-12-05 16:26:05,034] {spark_submit_hook.py:479} INFO - 21/12/05 16:26:05 INFO SQLHadoopMapReduceCommitProtocol: Using output committer class org.apache.hadoop.mapreduce.lib.output.FileOutputCommitter
[2021-12-05 16:26:05,333] {spark_submit_hook.py:479} INFO - 21/12/05 16:26:05 INFO CodeGenerator: Code generated in 70.1708 ms
[2021-12-05 16:26:05,506] {spark_submit_hook.py:479} INFO - 21/12/05 16:26:05 INFO CodeGenerator: Code generated in 122.48717 ms
[2021-12-05 16:26:05,540] {spark_submit_hook.py:479} INFO - 21/12/05 16:26:05 INFO MemoryStore: Block broadcast_2 stored as values in memory (estimated size 174.6 KiB, free 413.8 MiB)
[2021-12-05 16:26:05,579] {spark_submit_hook.py:479} INFO - 21/12/05 16:26:05 INFO MemoryStore: Block broadcast_2_piece0 stored as bytes in memory (estimated size 27.6 KiB, free 413.7 MiB)
[2021-12-05 16:26:05,583] {spark_submit_hook.py:479} INFO - 21/12/05 16:26:05 INFO BlockManagerInfo: Added broadcast_2_piece0 in memory on 10.0.2.15:37011 (size: 27.6 KiB, free: 413.9 MiB)
[2021-12-05 16:26:05,587] {spark_submit_hook.py:479} INFO - 21/12/05 16:26:05 INFO SparkContext: Created broadcast 2 from json at NativeMethodAccessorImpl.java:0
[2021-12-05 16:26:05,589] {spark_submit_hook.py:479} INFO - 21/12/05 16:26:05 INFO FileSourceScanExec: Planning scan with bin packing, max size: 4245724 bytes, open cost is considered as scanning 4194304 bytes.
[2021-12-05 16:26:05,837] {spark_submit_hook.py:479} INFO - 21/12/05 16:26:05 INFO SparkContext: Starting job: json at NativeMethodAccessorImpl.java:0
[2021-12-05 16:26:05,839] {spark_submit_hook.py:479} INFO - 21/12/05 16:26:05 INFO DAGScheduler: Got job 1 (json at NativeMethodAccessorImpl.java:0) with 1 output partitions
[2021-12-05 16:26:05,839] {spark_submit_hook.py:479} INFO - 21/12/05 16:26:05 INFO DAGScheduler: Final stage: ResultStage 1 (json at NativeMethodAccessorImpl.java:0)
[2021-12-05 16:26:05,839] {spark_submit_hook.py:479} INFO - 21/12/05 16:26:05 INFO DAGScheduler: Parents of final stage: List()
[2021-12-05 16:26:05,839] {spark_submit_hook.py:479} INFO - 21/12/05 16:26:05 INFO DAGScheduler: Missing parents: List()
[2021-12-05 16:26:05,842] {spark_submit_hook.py:479} INFO - 21/12/05 16:26:05 INFO DAGScheduler: Submitting ResultStage 1 (CoalescedRDD[13] at json at NativeMethodAccessorImpl.java:0), which has no missing parents
[2021-12-05 16:26:05,904] {spark_submit_hook.py:479} INFO - 21/12/05 16:26:05 INFO MemoryStore: Block broadcast_3 stored as values in memory (estimated size 188.7 KiB, free 413.5 MiB)
[2021-12-05 16:26:05,919] {spark_submit_hook.py:479} INFO - 21/12/05 16:26:05 INFO MemoryStore: Block broadcast_3_piece0 stored as bytes in memory (estimated size 66.6 KiB, free 413.5 MiB)
[2021-12-05 16:26:05,920] {spark_submit_hook.py:479} INFO - 21/12/05 16:26:05 INFO BlockManagerInfo: Added broadcast_3_piece0 in memory on 10.0.2.15:37011 (size: 66.6 KiB, free: 413.8 MiB)
[2021-12-05 16:26:05,922] {spark_submit_hook.py:479} INFO - 21/12/05 16:26:05 INFO SparkContext: Created broadcast 3 from broadcast at DAGScheduler.scala:1388
[2021-12-05 16:26:05,926] {spark_submit_hook.py:479} INFO - 21/12/05 16:26:05 INFO DAGScheduler: Submitting 1 missing tasks from ResultStage 1 (CoalescedRDD[13] at json at NativeMethodAccessorImpl.java:0) (first 15 tasks are for partitions Vector(0))
[2021-12-05 16:26:05,926] {spark_submit_hook.py:479} INFO - 21/12/05 16:26:05 INFO TaskSchedulerImpl: Adding task set 1.0 with 1 tasks resource profile 0
[2021-12-05 16:26:05,931] {spark_submit_hook.py:479} INFO - 21/12/05 16:26:05 INFO TaskSetManager: Starting task 0.0 in stage 1.0 (TID 1) (10.0.2.15, executor driver, partition 0, PROCESS_LOCAL, 5175 bytes) taskResourceAssignments Map()
[2021-12-05 16:26:05,932] {spark_submit_hook.py:479} INFO - 21/12/05 16:26:05 INFO Executor: Running task 0.0 in stage 1.0 (TID 1)
[2021-12-05 16:26:06,086] {spark_submit_hook.py:479} INFO - 21/12/05 16:26:06 INFO FileOutputCommitter: File Output Committer Algorithm version is 1
[2021-12-05 16:26:06,086] {spark_submit_hook.py:479} INFO - 21/12/05 16:26:06 INFO FileOutputCommitter: FileOutputCommitter skip cleanup _temporary folders under output directory:false, ignore cleanup failures: false
[2021-12-05 16:26:06,087] {spark_submit_hook.py:479} INFO - 21/12/05 16:26:06 INFO SQLHadoopMapReduceCommitProtocol: Using output committer class org.apache.hadoop.mapreduce.lib.output.FileOutputCommitter
[2021-12-05 16:26:06,208] {spark_submit_hook.py:479} INFO - 21/12/05 16:26:06 INFO CodeGenerator: Code generated in 41.020004 ms
[2021-12-05 16:26:06,210] {spark_submit_hook.py:479} INFO - 21/12/05 16:26:06 INFO FileScanRDD: Reading File path: file:///home/kauai/datapipeline/datalake/bronze/twitter_chapecoense/extract_date=2021-12-04/ChapecoenseReal_20211204.json, range: 0-51420, partition values: [empty row]
[2021-12-05 16:26:06,266] {spark_submit_hook.py:479} INFO - 21/12/05 16:26:06 INFO CodeGenerator: Code generated in 49.49623 ms
[2021-12-05 16:26:06,440] {spark_submit_hook.py:479} INFO - 21/12/05 16:26:06 INFO CodeGenerator: Code generated in 39.808227 ms
[2021-12-05 16:26:06,762] {spark_submit_hook.py:479} INFO - 21/12/05 16:26:06 INFO FileOutputCommitter: Saved output of task 'attempt_202112051626057845737406946587210_0001_m_000000_1' to file:/home/kauai/datapipeline/datalake/silver/twitter_chapecoense/tweet/process_date=2021-12-04/_temporary/0/task_202112051626057845737406946587210_0001_m_000000
[2021-12-05 16:26:06,762] {spark_submit_hook.py:479} INFO - 21/12/05 16:26:06 INFO SparkHadoopMapRedUtil: attempt_202112051626057845737406946587210_0001_m_000000_1: Committed
[2021-12-05 16:26:06,784] {spark_submit_hook.py:479} INFO - 21/12/05 16:26:06 INFO Executor: Finished task 0.0 in stage 1.0 (TID 1). 2944 bytes result sent to driver
[2021-12-05 16:26:06,790] {spark_submit_hook.py:479} INFO - 21/12/05 16:26:06 INFO TaskSetManager: Finished task 0.0 in stage 1.0 (TID 1) in 862 ms on 10.0.2.15 (executor driver) (1/1)
[2021-12-05 16:26:06,794] {spark_submit_hook.py:479} INFO - 21/12/05 16:26:06 INFO DAGScheduler: ResultStage 1 (json at NativeMethodAccessorImpl.java:0) finished in 0,947 s
[2021-12-05 16:26:06,794] {spark_submit_hook.py:479} INFO - 21/12/05 16:26:06 INFO DAGScheduler: Job 1 is finished. Cancelling potential speculative or zombie tasks for this job
[2021-12-05 16:26:06,796] {spark_submit_hook.py:479} INFO - 21/12/05 16:26:06 INFO TaskSchedulerImpl: Removed TaskSet 1.0, whose tasks have all completed, from pool
[2021-12-05 16:26:06,797] {spark_submit_hook.py:479} INFO - 21/12/05 16:26:06 INFO TaskSchedulerImpl: Killing all running tasks in stage 1: Stage finished
[2021-12-05 16:26:06,798] {spark_submit_hook.py:479} INFO - 21/12/05 16:26:06 INFO DAGScheduler: Job 1 finished: json at NativeMethodAccessorImpl.java:0, took 0,959437 s
[2021-12-05 16:26:06,825] {spark_submit_hook.py:479} INFO - 21/12/05 16:26:06 INFO FileFormatWriter: Write Job 736801f3-1401-4130-a2c3-d574d664787b committed.
[2021-12-05 16:26:06,836] {spark_submit_hook.py:479} INFO - 21/12/05 16:26:06 INFO FileFormatWriter: Finished processing stats for write job 736801f3-1401-4130-a2c3-d574d664787b.
[2021-12-05 16:26:07,051] {spark_submit_hook.py:479} INFO - 21/12/05 16:26:07 INFO FileSourceStrategy: Pushed Filters: IsNotNull(includes)
[2021-12-05 16:26:07,051] {spark_submit_hook.py:479} INFO - 21/12/05 16:26:07 INFO FileSourceStrategy: Post-Scan Filters: isnotnull(includes#8),(size(includes#8.users, true) > 0),isnotnull(includes#8.users)
[2021-12-05 16:26:07,051] {spark_submit_hook.py:479} INFO - 21/12/05 16:26:07 INFO FileSourceStrategy: Output Data Schema: struct<includes: struct<users: array<struct<created_at:string,id:string,name:string,username:string>>>>
[2021-12-05 16:26:07,075] {spark_submit_hook.py:479} INFO - 21/12/05 16:26:07 INFO FileOutputCommitter: File Output Committer Algorithm version is 1
[2021-12-05 16:26:07,078] {spark_submit_hook.py:479} INFO - 21/12/05 16:26:07 INFO FileOutputCommitter: FileOutputCommitter skip cleanup _temporary folders under output directory:false, ignore cleanup failures: false
[2021-12-05 16:26:07,078] {spark_submit_hook.py:479} INFO - 21/12/05 16:26:07 INFO SQLHadoopMapReduceCommitProtocol: Using output committer class org.apache.hadoop.mapreduce.lib.output.FileOutputCommitter
[2021-12-05 16:26:07,135] {spark_submit_hook.py:479} INFO - 21/12/05 16:26:07 INFO CodeGenerator: Code generated in 24.536064 ms
[2021-12-05 16:26:07,180] {spark_submit_hook.py:479} INFO - 21/12/05 16:26:07 INFO BlockManagerInfo: Removed broadcast_3_piece0 on 10.0.2.15:37011 in memory (size: 66.6 KiB, free: 413.9 MiB)
[2021-12-05 16:26:07,184] {spark_submit_hook.py:479} INFO - 21/12/05 16:26:07 INFO CodeGenerator: Code generated in 38.844618 ms
[2021-12-05 16:26:07,196] {spark_submit_hook.py:479} INFO - 21/12/05 16:26:07 INFO MemoryStore: Block broadcast_4 stored as values in memory (estimated size 174.6 KiB, free 413.6 MiB)
[2021-12-05 16:26:07,214] {spark_submit_hook.py:479} INFO - 21/12/05 16:26:07 INFO MemoryStore: Block broadcast_4_piece0 stored as bytes in memory (estimated size 27.6 KiB, free 413.5 MiB)
[2021-12-05 16:26:07,215] {spark_submit_hook.py:479} INFO - 21/12/05 16:26:07 INFO BlockManagerInfo: Added broadcast_4_piece0 in memory on 10.0.2.15:37011 (size: 27.6 KiB, free: 413.9 MiB)
[2021-12-05 16:26:07,221] {spark_submit_hook.py:479} INFO - 21/12/05 16:26:07 INFO SparkContext: Created broadcast 4 from json at NativeMethodAccessorImpl.java:0
[2021-12-05 16:26:07,222] {spark_submit_hook.py:479} INFO - 21/12/05 16:26:07 INFO FileSourceScanExec: Planning scan with bin packing, max size: 4245724 bytes, open cost is considered as scanning 4194304 bytes.
[2021-12-05 16:26:07,371] {spark_submit_hook.py:479} INFO - 21/12/05 16:26:07 INFO SparkContext: Starting job: json at NativeMethodAccessorImpl.java:0
[2021-12-05 16:26:07,374] {spark_submit_hook.py:479} INFO - 21/12/05 16:26:07 INFO DAGScheduler: Got job 2 (json at NativeMethodAccessorImpl.java:0) with 1 output partitions
[2021-12-05 16:26:07,375] {spark_submit_hook.py:479} INFO - 21/12/05 16:26:07 INFO DAGScheduler: Final stage: ResultStage 2 (json at NativeMethodAccessorImpl.java:0)
[2021-12-05 16:26:07,375] {spark_submit_hook.py:479} INFO - 21/12/05 16:26:07 INFO DAGScheduler: Parents of final stage: List()
[2021-12-05 16:26:07,375] {spark_submit_hook.py:479} INFO - 21/12/05 16:26:07 INFO DAGScheduler: Missing parents: List()
[2021-12-05 16:26:07,378] {spark_submit_hook.py:479} INFO - 21/12/05 16:26:07 INFO DAGScheduler: Submitting ResultStage 2 (CoalescedRDD[25] at json at NativeMethodAccessorImpl.java:0), which has no missing parents
[2021-12-05 16:26:07,459] {spark_submit_hook.py:479} INFO - 21/12/05 16:26:07 INFO MemoryStore: Block broadcast_5 stored as values in memory (estimated size 185.1 KiB, free 413.3 MiB)
[2021-12-05 16:26:07,470] {spark_submit_hook.py:479} INFO - 21/12/05 16:26:07 INFO MemoryStore: Block broadcast_5_piece0 stored as bytes in memory (estimated size 66.2 KiB, free 413.3 MiB)
[2021-12-05 16:26:07,474] {spark_submit_hook.py:479} INFO - 21/12/05 16:26:07 INFO BlockManagerInfo: Added broadcast_5_piece0 in memory on 10.0.2.15:37011 (size: 66.2 KiB, free: 413.8 MiB)
[2021-12-05 16:26:07,478] {spark_submit_hook.py:479} INFO - 21/12/05 16:26:07 INFO SparkContext: Created broadcast 5 from broadcast at DAGScheduler.scala:1388
[2021-12-05 16:26:07,480] {spark_submit_hook.py:479} INFO - 21/12/05 16:26:07 INFO DAGScheduler: Submitting 1 missing tasks from ResultStage 2 (CoalescedRDD[25] at json at NativeMethodAccessorImpl.java:0) (first 15 tasks are for partitions Vector(0))
[2021-12-05 16:26:07,481] {spark_submit_hook.py:479} INFO - 21/12/05 16:26:07 INFO TaskSchedulerImpl: Adding task set 2.0 with 1 tasks resource profile 0
[2021-12-05 16:26:07,488] {spark_submit_hook.py:479} INFO - 21/12/05 16:26:07 INFO TaskSetManager: Starting task 0.0 in stage 2.0 (TID 2) (10.0.2.15, executor driver, partition 0, PROCESS_LOCAL, 5175 bytes) taskResourceAssignments Map()
[2021-12-05 16:26:07,490] {spark_submit_hook.py:479} INFO - 21/12/05 16:26:07 INFO Executor: Running task 0.0 in stage 2.0 (TID 2)
[2021-12-05 16:26:07,567] {spark_submit_hook.py:479} INFO - 21/12/05 16:26:07 INFO FileOutputCommitter: File Output Committer Algorithm version is 1
[2021-12-05 16:26:07,569] {spark_submit_hook.py:479} INFO - 21/12/05 16:26:07 INFO FileOutputCommitter: FileOutputCommitter skip cleanup _temporary folders under output directory:false, ignore cleanup failures: false
[2021-12-05 16:26:07,569] {spark_submit_hook.py:479} INFO - 21/12/05 16:26:07 INFO SQLHadoopMapReduceCommitProtocol: Using output committer class org.apache.hadoop.mapreduce.lib.output.FileOutputCommitter
[2021-12-05 16:26:07,628] {spark_submit_hook.py:479} INFO - 21/12/05 16:26:07 INFO CodeGenerator: Code generated in 15.3884 ms
[2021-12-05 16:26:07,638] {spark_submit_hook.py:479} INFO - 21/12/05 16:26:07 INFO FileScanRDD: Reading File path: file:///home/kauai/datapipeline/datalake/bronze/twitter_chapecoense/extract_date=2021-12-04/ChapecoenseReal_20211204.json, range: 0-51420, partition values: [empty row]
[2021-12-05 16:26:07,670] {spark_submit_hook.py:479} INFO - 21/12/05 16:26:07 INFO CodeGenerator: Code generated in 28.064282 ms
[2021-12-05 16:26:07,681] {spark_submit_hook.py:479} INFO - 21/12/05 16:26:07 INFO CodeGenerator: Code generated in 8.098772 ms
[2021-12-05 16:26:07,734] {spark_submit_hook.py:479} INFO - 21/12/05 16:26:07 INFO FileOutputCommitter: Saved output of task 'attempt_202112051626074922382626078793432_0002_m_000000_2' to file:/home/kauai/datapipeline/datalake/silver/twitter_chapecoense/user/process_date=2021-12-04/_temporary/0/task_202112051626074922382626078793432_0002_m_000000
[2021-12-05 16:26:07,734] {spark_submit_hook.py:479} INFO - 21/12/05 16:26:07 INFO SparkHadoopMapRedUtil: attempt_202112051626074922382626078793432_0002_m_000000_2: Committed
[2021-12-05 16:26:07,748] {spark_submit_hook.py:479} INFO - 21/12/05 16:26:07 INFO Executor: Finished task 0.0 in stage 2.0 (TID 2). 2901 bytes result sent to driver
[2021-12-05 16:26:07,754] {spark_submit_hook.py:479} INFO - 21/12/05 16:26:07 INFO TaskSetManager: Finished task 0.0 in stage 2.0 (TID 2) in 268 ms on 10.0.2.15 (executor driver) (1/1)
[2021-12-05 16:26:07,756] {spark_submit_hook.py:479} INFO - 21/12/05 16:26:07 INFO DAGScheduler: ResultStage 2 (json at NativeMethodAccessorImpl.java:0) finished in 0,376 s
[2021-12-05 16:26:07,756] {spark_submit_hook.py:479} INFO - 21/12/05 16:26:07 INFO DAGScheduler: Job 2 is finished. Cancelling potential speculative or zombie tasks for this job
[2021-12-05 16:26:07,757] {spark_submit_hook.py:479} INFO - 21/12/05 16:26:07 INFO TaskSchedulerImpl: Removed TaskSet 2.0, whose tasks have all completed, from pool
[2021-12-05 16:26:07,758] {spark_submit_hook.py:479} INFO - 21/12/05 16:26:07 INFO TaskSchedulerImpl: Killing all running tasks in stage 2: Stage finished
[2021-12-05 16:26:07,758] {spark_submit_hook.py:479} INFO - 21/12/05 16:26:07 INFO DAGScheduler: Job 2 finished: json at NativeMethodAccessorImpl.java:0, took 0,386301 s
[2021-12-05 16:26:07,791] {spark_submit_hook.py:479} INFO - 21/12/05 16:26:07 INFO FileFormatWriter: Write Job 1a334f9a-1ad3-4a5a-9a90-b8e0e7b7fa20 committed.
[2021-12-05 16:26:07,793] {spark_submit_hook.py:479} INFO - 21/12/05 16:26:07 INFO FileFormatWriter: Finished processing stats for write job 1a334f9a-1ad3-4a5a-9a90-b8e0e7b7fa20.
[2021-12-05 16:26:07,859] {spark_submit_hook.py:479} INFO - 21/12/05 16:26:07 INFO SparkUI: Stopped Spark web UI at http://10.0.2.15:4041
[2021-12-05 16:26:07,898] {spark_submit_hook.py:479} INFO - 21/12/05 16:26:07 INFO MapOutputTrackerMasterEndpoint: MapOutputTrackerMasterEndpoint stopped!
[2021-12-05 16:26:07,929] {spark_submit_hook.py:479} INFO - 21/12/05 16:26:07 INFO MemoryStore: MemoryStore cleared
[2021-12-05 16:26:07,930] {spark_submit_hook.py:479} INFO - 21/12/05 16:26:07 INFO BlockManager: BlockManager stopped
[2021-12-05 16:26:07,933] {spark_submit_hook.py:479} INFO - 21/12/05 16:26:07 INFO BlockManagerMaster: BlockManagerMaster stopped
[2021-12-05 16:26:07,935] {spark_submit_hook.py:479} INFO - 21/12/05 16:26:07 INFO OutputCommitCoordinator$OutputCommitCoordinatorEndpoint: OutputCommitCoordinator stopped!
[2021-12-05 16:26:07,950] {spark_submit_hook.py:479} INFO - 21/12/05 16:26:07 INFO SparkContext: Successfully stopped SparkContext
[2021-12-05 16:26:07,958] {spark_submit_hook.py:479} INFO - 21/12/05 16:26:07 INFO ShutdownHookManager: Shutdown hook called
[2021-12-05 16:26:07,959] {spark_submit_hook.py:479} INFO - 21/12/05 16:26:07 INFO ShutdownHookManager: Deleting directory /tmp/spark-cc561148-0ef3-4f35-9a8f-b9b07c67fb85
[2021-12-05 16:26:07,966] {spark_submit_hook.py:479} INFO - 21/12/05 16:26:07 INFO ShutdownHookManager: Deleting directory /tmp/spark-23afbcf5-e02f-4731-8d6f-61cfdc6be311
[2021-12-05 16:26:07,971] {spark_submit_hook.py:479} INFO - 21/12/05 16:26:07 INFO ShutdownHookManager: Deleting directory /tmp/spark-23afbcf5-e02f-4731-8d6f-61cfdc6be311/pyspark-3a2a9847-14fc-48ba-89c0-f1fd916c3104
[2021-12-05 16:26:08,016] {taskinstance.py:1057} INFO - Marking task as SUCCESS.dag_id=twitter_dag, task_id=transform_twitter_chapecoense, execution_date=20211204T090000, start_date=20211205T192545, end_date=20211205T192608
[2021-12-05 16:26:10,188] {local_task_job.py:102} INFO - Task exited with return code 0
