[2021-11-29 23:54:30,681] {taskinstance.py:670} INFO - Dependencies all met for <TaskInstance: twitter_dag.transform_twitter_aluraonline 2021-11-28T09:00:00+00:00 [queued]>
[2021-11-29 23:54:30,701] {taskinstance.py:670} INFO - Dependencies all met for <TaskInstance: twitter_dag.transform_twitter_aluraonline 2021-11-28T09:00:00+00:00 [queued]>
[2021-11-29 23:54:30,701] {taskinstance.py:880} INFO - 
--------------------------------------------------------------------------------
[2021-11-29 23:54:30,701] {taskinstance.py:881} INFO - Starting attempt 1 of 1
[2021-11-29 23:54:30,701] {taskinstance.py:882} INFO - 
--------------------------------------------------------------------------------
[2021-11-29 23:54:30,708] {taskinstance.py:901} INFO - Executing <Task(SparkSubmitOperator): transform_twitter_aluraonline> on 2021-11-28T09:00:00+00:00
[2021-11-29 23:54:30,719] {standard_task_runner.py:54} INFO - Started process 4966 to run task
[2021-11-29 23:54:30,803] {standard_task_runner.py:77} INFO - Running: ['airflow', 'run', 'twitter_dag', 'transform_twitter_aluraonline', '2021-11-28T09:00:00+00:00', '--job_id', '30', '--pool', 'default_pool', '--raw', '-sd', 'DAGS_FOLDER/twitter_dag.py', '--cfg_path', '/tmp/tmpuko5mxpa']
[2021-11-29 23:54:30,803] {standard_task_runner.py:78} INFO - Job 30: Subtask transform_twitter_aluraonline
[2021-11-29 23:54:30,822] {logging_mixin.py:112} INFO - Running <TaskInstance: twitter_dag.transform_twitter_aluraonline 2021-11-28T09:00:00+00:00 [running]> on host kauai-VirtualBox
[2021-11-29 23:54:30,860] {base_hook.py:89} INFO - Using connection to: id: spark_default. Host: local, Port: None, Schema: None, Login: None, Password: None, extra: XXXXXXXX
[2021-11-29 23:54:30,861] {spark_submit_hook.py:325} INFO - Spark-Submit cmd: /home/kauai/spark-3.1.2-bin-hadoop3.2/bin/spark-submit --master local --name twitter_transformation /home/kauai/datapipeline/spark/transformation.py --src /home/kauai/kauai/datapipeline/datalake/bronze/twitter_aluraonline/extract_date=2021-11-28 --dest /home/kauai/kauai/datapipeline/datalake/silver/twitter_aluraonline/ --process-date 2021-11-28
[2021-11-29 23:54:32,219] {spark_submit_hook.py:479} INFO - 21/11/29 23:54:32 WARN Utils: Your hostname, kauai-VirtualBox resolves to a loopback address: 127.0.1.1; using 10.0.2.15 instead (on interface enp0s3)
[2021-11-29 23:54:32,220] {spark_submit_hook.py:479} INFO - 21/11/29 23:54:32 WARN Utils: Set SPARK_LOCAL_IP if you need to bind to another address
[2021-11-29 23:54:32,226] {spark_submit_hook.py:479} INFO - WARNING: An illegal reflective access operation has occurred
[2021-11-29 23:54:32,226] {spark_submit_hook.py:479} INFO - WARNING: Illegal reflective access by org.apache.spark.unsafe.Platform (file:/opt/spark/jars/spark-unsafe_2.12-3.1.2.jar) to constructor java.nio.DirectByteBuffer(long,int)
[2021-11-29 23:54:32,226] {spark_submit_hook.py:479} INFO - WARNING: Please consider reporting this to the maintainers of org.apache.spark.unsafe.Platform
[2021-11-29 23:54:32,226] {spark_submit_hook.py:479} INFO - WARNING: Use --illegal-access=warn to enable warnings of further illegal reflective access operations
[2021-11-29 23:54:32,231] {spark_submit_hook.py:479} INFO - WARNING: All illegal access operations will be denied in a future release
[2021-11-29 23:54:32,785] {spark_submit_hook.py:479} INFO - 21/11/29 23:54:32 WARN NativeCodeLoader: Unable to load native-hadoop library for your platform... using builtin-java classes where applicable
[2021-11-29 23:54:33,463] {spark_submit_hook.py:479} INFO - Using Spark's default log4j profile: org/apache/spark/log4j-defaults.properties
[2021-11-29 23:54:33,468] {spark_submit_hook.py:479} INFO - 21/11/29 23:54:33 INFO SparkContext: Running Spark version 3.1.2
[2021-11-29 23:54:33,537] {spark_submit_hook.py:479} INFO - 21/11/29 23:54:33 INFO ResourceUtils: ==============================================================
[2021-11-29 23:54:33,539] {spark_submit_hook.py:479} INFO - 21/11/29 23:54:33 INFO ResourceUtils: No custom resources configured for spark.driver.
[2021-11-29 23:54:33,541] {spark_submit_hook.py:479} INFO - 21/11/29 23:54:33 INFO ResourceUtils: ==============================================================
[2021-11-29 23:54:33,544] {spark_submit_hook.py:479} INFO - 21/11/29 23:54:33 INFO SparkContext: Submitted application: twitter_transformation
[2021-11-29 23:54:33,579] {spark_submit_hook.py:479} INFO - 21/11/29 23:54:33 INFO ResourceProfile: Default ResourceProfile created, executor resources: Map(cores -> name: cores, amount: 1, script: , vendor: , memory -> name: memory, amount: 1024, script: , vendor: , offHeap -> name: offHeap, amount: 0, script: , vendor: ), task resources: Map(cpus -> name: cpus, amount: 1.0)
[2021-11-29 23:54:33,595] {spark_submit_hook.py:479} INFO - 21/11/29 23:54:33 INFO ResourceProfile: Limiting resource is cpu
[2021-11-29 23:54:33,595] {spark_submit_hook.py:479} INFO - 21/11/29 23:54:33 INFO ResourceProfileManager: Added ResourceProfile id: 0
[2021-11-29 23:54:33,652] {spark_submit_hook.py:479} INFO - 21/11/29 23:54:33 INFO SecurityManager: Changing view acls to: kauai
[2021-11-29 23:54:33,653] {spark_submit_hook.py:479} INFO - 21/11/29 23:54:33 INFO SecurityManager: Changing modify acls to: kauai
[2021-11-29 23:54:33,653] {spark_submit_hook.py:479} INFO - 21/11/29 23:54:33 INFO SecurityManager: Changing view acls groups to:
[2021-11-29 23:54:33,653] {spark_submit_hook.py:479} INFO - 21/11/29 23:54:33 INFO SecurityManager: Changing modify acls groups to:
[2021-11-29 23:54:33,653] {spark_submit_hook.py:479} INFO - 21/11/29 23:54:33 INFO SecurityManager: SecurityManager: authentication disabled; ui acls disabled; users  with view permissions: Set(kauai); groups with view permissions: Set(); users  with modify permissions: Set(kauai); groups with modify permissions: Set()
[2021-11-29 23:54:33,925] {spark_submit_hook.py:479} INFO - 21/11/29 23:54:33 INFO Utils: Successfully started service 'sparkDriver' on port 42019.
[2021-11-29 23:54:33,952] {spark_submit_hook.py:479} INFO - 21/11/29 23:54:33 INFO SparkEnv: Registering MapOutputTracker
[2021-11-29 23:54:34,008] {spark_submit_hook.py:479} INFO - 21/11/29 23:54:34 INFO SparkEnv: Registering BlockManagerMaster
[2021-11-29 23:54:34,033] {spark_submit_hook.py:479} INFO - 21/11/29 23:54:34 INFO BlockManagerMasterEndpoint: Using org.apache.spark.storage.DefaultTopologyMapper for getting topology information
[2021-11-29 23:54:34,033] {spark_submit_hook.py:479} INFO - 21/11/29 23:54:34 INFO BlockManagerMasterEndpoint: BlockManagerMasterEndpoint up
[2021-11-29 23:54:34,037] {spark_submit_hook.py:479} INFO - 21/11/29 23:54:34 INFO SparkEnv: Registering BlockManagerMasterHeartbeat
[2021-11-29 23:54:34,053] {spark_submit_hook.py:479} INFO - 21/11/29 23:54:34 INFO DiskBlockManager: Created local directory at /tmp/blockmgr-8a4482d1-3cda-4f5a-8d56-231b9e1f117a
[2021-11-29 23:54:34,074] {spark_submit_hook.py:479} INFO - 21/11/29 23:54:34 INFO MemoryStore: MemoryStore started with capacity 413.9 MiB
[2021-11-29 23:54:34,096] {spark_submit_hook.py:479} INFO - 21/11/29 23:54:34 INFO SparkEnv: Registering OutputCommitCoordinator
[2021-11-29 23:54:34,303] {spark_submit_hook.py:479} INFO - 21/11/29 23:54:34 INFO Utils: Successfully started service 'SparkUI' on port 4040.
[2021-11-29 23:54:34,406] {spark_submit_hook.py:479} INFO - 21/11/29 23:54:34 INFO SparkUI: Bound SparkUI to 0.0.0.0, and started at http://10.0.2.15:4040
[2021-11-29 23:54:34,683] {spark_submit_hook.py:479} INFO - 21/11/29 23:54:34 INFO Executor: Starting executor ID driver on host 10.0.2.15
[2021-11-29 23:54:34,724] {spark_submit_hook.py:479} INFO - 21/11/29 23:54:34 INFO Utils: Successfully started service 'org.apache.spark.network.netty.NettyBlockTransferService' on port 45625.
[2021-11-29 23:54:34,725] {spark_submit_hook.py:479} INFO - 21/11/29 23:54:34 INFO NettyBlockTransferService: Server created on 10.0.2.15:45625
[2021-11-29 23:54:34,726] {spark_submit_hook.py:479} INFO - 21/11/29 23:54:34 INFO BlockManager: Using org.apache.spark.storage.RandomBlockReplicationPolicy for block replication policy
[2021-11-29 23:54:34,735] {spark_submit_hook.py:479} INFO - 21/11/29 23:54:34 INFO BlockManagerMaster: Registering BlockManager BlockManagerId(driver, 10.0.2.15, 45625, None)
[2021-11-29 23:54:34,738] {spark_submit_hook.py:479} INFO - 21/11/29 23:54:34 INFO BlockManagerMasterEndpoint: Registering block manager 10.0.2.15:45625 with 413.9 MiB RAM, BlockManagerId(driver, 10.0.2.15, 45625, None)
[2021-11-29 23:54:34,744] {spark_submit_hook.py:479} INFO - 21/11/29 23:54:34 INFO BlockManagerMaster: Registered BlockManager BlockManagerId(driver, 10.0.2.15, 45625, None)
[2021-11-29 23:54:34,745] {spark_submit_hook.py:479} INFO - 21/11/29 23:54:34 INFO BlockManager: Initialized BlockManager: BlockManagerId(driver, 10.0.2.15, 45625, None)
[2021-11-29 23:54:35,324] {spark_submit_hook.py:479} INFO - 21/11/29 23:54:35 INFO SharedState: Setting hive.metastore.warehouse.dir ('null') to the value of spark.sql.warehouse.dir ('file:/home/kauai/datapipeline/spark-warehouse').
[2021-11-29 23:54:35,333] {spark_submit_hook.py:479} INFO - 21/11/29 23:54:35 INFO SharedState: Warehouse path is 'file:/home/kauai/datapipeline/spark-warehouse'.
[2021-11-29 23:54:36,322] {spark_submit_hook.py:479} INFO - 21/11/29 23:54:36 INFO InMemoryFileIndex: It took 82 ms to list leaf files for 1 paths.
[2021-11-29 23:54:36,402] {spark_submit_hook.py:479} INFO - 21/11/29 23:54:36 INFO InMemoryFileIndex: It took 1 ms to list leaf files for 1 paths.
[2021-11-29 23:54:38,609] {spark_submit_hook.py:479} INFO - 21/11/29 23:54:38 INFO FileSourceStrategy: Pushed Filters:
[2021-11-29 23:54:38,610] {spark_submit_hook.py:479} INFO - 21/11/29 23:54:38 INFO FileSourceStrategy: Post-Scan Filters:
[2021-11-29 23:54:38,616] {spark_submit_hook.py:479} INFO - 21/11/29 23:54:38 INFO FileSourceStrategy: Output Data Schema: struct<value: string>
[2021-11-29 23:54:38,966] {spark_submit_hook.py:479} INFO - 21/11/29 23:54:38 INFO MemoryStore: Block broadcast_0 stored as values in memory (estimated size 174.7 KiB, free 413.8 MiB)
[2021-11-29 23:54:39,047] {spark_submit_hook.py:479} INFO - 21/11/29 23:54:39 INFO MemoryStore: Block broadcast_0_piece0 stored as bytes in memory (estimated size 27.6 KiB, free 413.7 MiB)
[2021-11-29 23:54:39,051] {spark_submit_hook.py:479} INFO - 21/11/29 23:54:39 INFO BlockManagerInfo: Added broadcast_0_piece0 in memory on 10.0.2.15:45625 (size: 27.6 KiB, free: 413.9 MiB)
[2021-11-29 23:54:39,061] {spark_submit_hook.py:479} INFO - 21/11/29 23:54:39 INFO SparkContext: Created broadcast 0 from json at NativeMethodAccessorImpl.java:0
[2021-11-29 23:54:39,070] {spark_submit_hook.py:479} INFO - 21/11/29 23:54:39 INFO FileSourceScanExec: Planning scan with bin packing, max size: 4208878 bytes, open cost is considered as scanning 4194304 bytes.
[2021-11-29 23:54:39,300] {spark_submit_hook.py:479} INFO - 21/11/29 23:54:39 INFO SparkContext: Starting job: json at NativeMethodAccessorImpl.java:0
[2021-11-29 23:54:39,314] {spark_submit_hook.py:479} INFO - 21/11/29 23:54:39 INFO DAGScheduler: Got job 0 (json at NativeMethodAccessorImpl.java:0) with 1 output partitions
[2021-11-29 23:54:39,323] {spark_submit_hook.py:479} INFO - 21/11/29 23:54:39 INFO DAGScheduler: Final stage: ResultStage 0 (json at NativeMethodAccessorImpl.java:0)
[2021-11-29 23:54:39,324] {spark_submit_hook.py:479} INFO - 21/11/29 23:54:39 INFO DAGScheduler: Parents of final stage: List()
[2021-11-29 23:54:39,325] {spark_submit_hook.py:479} INFO - 21/11/29 23:54:39 INFO DAGScheduler: Missing parents: List()
[2021-11-29 23:54:39,337] {spark_submit_hook.py:479} INFO - 21/11/29 23:54:39 INFO DAGScheduler: Submitting ResultStage 0 (MapPartitionsRDD[3] at json at NativeMethodAccessorImpl.java:0), which has no missing parents
[2021-11-29 23:54:39,484] {spark_submit_hook.py:479} INFO - 21/11/29 23:54:39 INFO MemoryStore: Block broadcast_1 stored as values in memory (estimated size 12.0 KiB, free 413.7 MiB)
[2021-11-29 23:54:39,492] {spark_submit_hook.py:479} INFO - 21/11/29 23:54:39 INFO MemoryStore: Block broadcast_1_piece0 stored as bytes in memory (estimated size 6.3 KiB, free 413.7 MiB)
[2021-11-29 23:54:39,493] {spark_submit_hook.py:479} INFO - 21/11/29 23:54:39 INFO BlockManagerInfo: Added broadcast_1_piece0 in memory on 10.0.2.15:45625 (size: 6.3 KiB, free: 413.9 MiB)
[2021-11-29 23:54:39,494] {spark_submit_hook.py:479} INFO - 21/11/29 23:54:39 INFO SparkContext: Created broadcast 1 from broadcast at DAGScheduler.scala:1388
[2021-11-29 23:54:39,521] {spark_submit_hook.py:479} INFO - 21/11/29 23:54:39 INFO DAGScheduler: Submitting 1 missing tasks from ResultStage 0 (MapPartitionsRDD[3] at json at NativeMethodAccessorImpl.java:0) (first 15 tasks are for partitions Vector(0))
[2021-11-29 23:54:39,521] {spark_submit_hook.py:479} INFO - 21/11/29 23:54:39 INFO TaskSchedulerImpl: Adding task set 0.0 with 1 tasks resource profile 0
[2021-11-29 23:54:39,596] {spark_submit_hook.py:479} INFO - 21/11/29 23:54:39 INFO TaskSetManager: Starting task 0.0 in stage 0.0 (TID 0) (10.0.2.15, executor driver, partition 0, PROCESS_LOCAL, 4948 bytes) taskResourceAssignments Map()
[2021-11-29 23:54:39,623] {spark_submit_hook.py:479} INFO - 21/11/29 23:54:39 INFO Executor: Running task 0.0 in stage 0.0 (TID 0)
[2021-11-29 23:54:39,812] {spark_submit_hook.py:479} INFO - 21/11/29 23:54:39 INFO FileScanRDD: Reading File path: file:///home/kauai/kauai/datapipeline/datalake/bronze/twitter_aluraonline/extract_date=2021-11-28/AluraOnline_20211128.json, range: 0-14574, partition values: [empty row]
[2021-11-29 23:54:40,664] {spark_submit_hook.py:479} INFO - 21/11/29 23:54:40 INFO CodeGenerator: Code generated in 538.920422 ms
[2021-11-29 23:54:40,771] {spark_submit_hook.py:479} INFO - 21/11/29 23:54:40 INFO Executor: Finished task 0.0 in stage 0.0 (TID 0). 2858 bytes result sent to driver
[2021-11-29 23:54:40,792] {spark_submit_hook.py:479} INFO - 21/11/29 23:54:40 INFO TaskSetManager: Finished task 0.0 in stage 0.0 (TID 0) in 1211 ms on 10.0.2.15 (executor driver) (1/1)
[2021-11-29 23:54:40,797] {spark_submit_hook.py:479} INFO - 21/11/29 23:54:40 INFO TaskSchedulerImpl: Removed TaskSet 0.0, whose tasks have all completed, from pool
[2021-11-29 23:54:40,816] {spark_submit_hook.py:479} INFO - 21/11/29 23:54:40 INFO DAGScheduler: ResultStage 0 (json at NativeMethodAccessorImpl.java:0) finished in 1,450 s
[2021-11-29 23:54:40,822] {spark_submit_hook.py:479} INFO - 21/11/29 23:54:40 INFO DAGScheduler: Job 0 is finished. Cancelling potential speculative or zombie tasks for this job
[2021-11-29 23:54:40,823] {spark_submit_hook.py:479} INFO - 21/11/29 23:54:40 INFO TaskSchedulerImpl: Killing all running tasks in stage 0: Stage finished
[2021-11-29 23:54:40,835] {spark_submit_hook.py:479} INFO - 21/11/29 23:54:40 INFO DAGScheduler: Job 0 finished: json at NativeMethodAccessorImpl.java:0, took 1,530510 s
[2021-11-29 23:54:41,658] {spark_submit_hook.py:479} INFO - 21/11/29 23:54:41 INFO FileSourceStrategy: Pushed Filters: IsNotNull(data)
[2021-11-29 23:54:41,664] {spark_submit_hook.py:479} INFO - 21/11/29 23:54:41 INFO FileSourceStrategy: Post-Scan Filters: (size(data#7, true) > 0),isnotnull(data#7)
[2021-11-29 23:54:41,666] {spark_submit_hook.py:479} INFO - 21/11/29 23:54:41 INFO FileSourceStrategy: Output Data Schema: struct<data: array<struct<author_id:string,conversation_id:string,created_at:string,id:string,in_reply_to_user_id:string,public_metrics:struct<like_count:bigint,quote_count:bigint,reply_count:bigint,retweet_count:bigint>,text:string>>>
[2021-11-29 23:54:41,863] {spark_submit_hook.py:479} INFO - 21/11/29 23:54:41 INFO BlockManagerInfo: Removed broadcast_1_piece0 on 10.0.2.15:45625 in memory (size: 6.3 KiB, free: 413.9 MiB)
[2021-11-29 23:54:41,880] {spark_submit_hook.py:479} INFO - 21/11/29 23:54:41 INFO FileOutputCommitter: File Output Committer Algorithm version is 1
[2021-11-29 23:54:41,880] {spark_submit_hook.py:479} INFO - 21/11/29 23:54:41 INFO FileOutputCommitter: FileOutputCommitter skip cleanup _temporary folders under output directory:false, ignore cleanup failures: false
[2021-11-29 23:54:41,881] {spark_submit_hook.py:479} INFO - 21/11/29 23:54:41 INFO SQLHadoopMapReduceCommitProtocol: Using output committer class org.apache.hadoop.mapreduce.lib.output.FileOutputCommitter
[2021-11-29 23:54:41,907] {spark_submit_hook.py:479} INFO - 21/11/29 23:54:41 INFO BlockManagerInfo: Removed broadcast_0_piece0 on 10.0.2.15:45625 in memory (size: 27.6 KiB, free: 413.9 MiB)
[2021-11-29 23:54:42,066] {spark_submit_hook.py:479} INFO - 21/11/29 23:54:42 INFO CodeGenerator: Code generated in 58.129657 ms
[2021-11-29 23:54:42,151] {spark_submit_hook.py:479} INFO - 21/11/29 23:54:42 INFO CodeGenerator: Code generated in 56.257138 ms
[2021-11-29 23:54:42,155] {spark_submit_hook.py:479} INFO - 21/11/29 23:54:42 INFO MemoryStore: Block broadcast_2 stored as values in memory (estimated size 174.6 KiB, free 413.8 MiB)
[2021-11-29 23:54:42,172] {spark_submit_hook.py:479} INFO - 21/11/29 23:54:42 INFO MemoryStore: Block broadcast_2_piece0 stored as bytes in memory (estimated size 27.6 KiB, free 413.7 MiB)
[2021-11-29 23:54:42,176] {spark_submit_hook.py:479} INFO - 21/11/29 23:54:42 INFO BlockManagerInfo: Added broadcast_2_piece0 in memory on 10.0.2.15:45625 (size: 27.6 KiB, free: 413.9 MiB)
[2021-11-29 23:54:42,181] {spark_submit_hook.py:479} INFO - 21/11/29 23:54:42 INFO SparkContext: Created broadcast 2 from json at NativeMethodAccessorImpl.java:0
[2021-11-29 23:54:42,183] {spark_submit_hook.py:479} INFO - 21/11/29 23:54:42 INFO FileSourceScanExec: Planning scan with bin packing, max size: 4208878 bytes, open cost is considered as scanning 4194304 bytes.
[2021-11-29 23:54:42,337] {spark_submit_hook.py:479} INFO - 21/11/29 23:54:42 INFO SparkContext: Starting job: json at NativeMethodAccessorImpl.java:0
[2021-11-29 23:54:42,339] {spark_submit_hook.py:479} INFO - 21/11/29 23:54:42 INFO DAGScheduler: Got job 1 (json at NativeMethodAccessorImpl.java:0) with 1 output partitions
[2021-11-29 23:54:42,339] {spark_submit_hook.py:479} INFO - 21/11/29 23:54:42 INFO DAGScheduler: Final stage: ResultStage 1 (json at NativeMethodAccessorImpl.java:0)
[2021-11-29 23:54:42,339] {spark_submit_hook.py:479} INFO - 21/11/29 23:54:42 INFO DAGScheduler: Parents of final stage: List()
[2021-11-29 23:54:42,339] {spark_submit_hook.py:479} INFO - 21/11/29 23:54:42 INFO DAGScheduler: Missing parents: List()
[2021-11-29 23:54:42,344] {spark_submit_hook.py:479} INFO - 21/11/29 23:54:42 INFO DAGScheduler: Submitting ResultStage 1 (CoalescedRDD[13] at json at NativeMethodAccessorImpl.java:0), which has no missing parents
[2021-11-29 23:54:42,428] {spark_submit_hook.py:479} INFO - 21/11/29 23:54:42 INFO MemoryStore: Block broadcast_3 stored as values in memory (estimated size 188.8 KiB, free 413.5 MiB)
[2021-11-29 23:54:42,440] {spark_submit_hook.py:479} INFO - 21/11/29 23:54:42 INFO MemoryStore: Block broadcast_3_piece0 stored as bytes in memory (estimated size 66.6 KiB, free 413.5 MiB)
[2021-11-29 23:54:42,441] {spark_submit_hook.py:479} INFO - 21/11/29 23:54:42 INFO BlockManagerInfo: Added broadcast_3_piece0 in memory on 10.0.2.15:45625 (size: 66.6 KiB, free: 413.8 MiB)
[2021-11-29 23:54:42,443] {spark_submit_hook.py:479} INFO - 21/11/29 23:54:42 INFO SparkContext: Created broadcast 3 from broadcast at DAGScheduler.scala:1388
[2021-11-29 23:54:42,444] {spark_submit_hook.py:479} INFO - 21/11/29 23:54:42 INFO DAGScheduler: Submitting 1 missing tasks from ResultStage 1 (CoalescedRDD[13] at json at NativeMethodAccessorImpl.java:0) (first 15 tasks are for partitions Vector(0))
[2021-11-29 23:54:42,444] {spark_submit_hook.py:479} INFO - 21/11/29 23:54:42 INFO TaskSchedulerImpl: Adding task set 1.0 with 1 tasks resource profile 0
[2021-11-29 23:54:42,447] {spark_submit_hook.py:479} INFO - 21/11/29 23:54:42 INFO TaskSetManager: Starting task 0.0 in stage 1.0 (TID 1) (10.0.2.15, executor driver, partition 0, PROCESS_LOCAL, 5177 bytes) taskResourceAssignments Map()
[2021-11-29 23:54:42,448] {spark_submit_hook.py:479} INFO - 21/11/29 23:54:42 INFO Executor: Running task 0.0 in stage 1.0 (TID 1)
[2021-11-29 23:54:42,548] {spark_submit_hook.py:479} INFO - 21/11/29 23:54:42 INFO FileOutputCommitter: File Output Committer Algorithm version is 1
[2021-11-29 23:54:42,548] {spark_submit_hook.py:479} INFO - 21/11/29 23:54:42 INFO FileOutputCommitter: FileOutputCommitter skip cleanup _temporary folders under output directory:false, ignore cleanup failures: false
[2021-11-29 23:54:42,549] {spark_submit_hook.py:479} INFO - 21/11/29 23:54:42 INFO SQLHadoopMapReduceCommitProtocol: Using output committer class org.apache.hadoop.mapreduce.lib.output.FileOutputCommitter
[2021-11-29 23:54:42,675] {spark_submit_hook.py:479} INFO - 21/11/29 23:54:42 INFO CodeGenerator: Code generated in 41.991864 ms
[2021-11-29 23:54:42,680] {spark_submit_hook.py:479} INFO - 21/11/29 23:54:42 INFO FileScanRDD: Reading File path: file:///home/kauai/kauai/datapipeline/datalake/bronze/twitter_aluraonline/extract_date=2021-11-28/AluraOnline_20211128.json, range: 0-14574, partition values: [empty row]
[2021-11-29 23:54:42,721] {spark_submit_hook.py:479} INFO - 21/11/29 23:54:42 INFO CodeGenerator: Code generated in 38.915114 ms
[2021-11-29 23:54:42,767] {spark_submit_hook.py:479} INFO - 21/11/29 23:54:42 INFO CodeGenerator: Code generated in 13.336566 ms
[2021-11-29 23:54:42,841] {spark_submit_hook.py:479} INFO - 21/11/29 23:54:42 INFO FileOutputCommitter: Saved output of task 'attempt_202111292354425304818800579192471_0001_m_000000_1' to file:/home/kauai/kauai/datapipeline/datalake/silver/twitter_aluraonline/tweet/process_date=2021-11-28/_temporary/0/task_202111292354425304818800579192471_0001_m_000000
[2021-11-29 23:54:42,844] {spark_submit_hook.py:479} INFO - 21/11/29 23:54:42 INFO SparkHadoopMapRedUtil: attempt_202111292354425304818800579192471_0001_m_000000_1: Committed
[2021-11-29 23:54:42,853] {spark_submit_hook.py:479} INFO - 21/11/29 23:54:42 INFO Executor: Finished task 0.0 in stage 1.0 (TID 1). 2944 bytes result sent to driver
[2021-11-29 23:54:42,862] {spark_submit_hook.py:479} INFO - 21/11/29 23:54:42 INFO TaskSetManager: Finished task 0.0 in stage 1.0 (TID 1) in 416 ms on 10.0.2.15 (executor driver) (1/1)
[2021-11-29 23:54:42,867] {spark_submit_hook.py:479} INFO - 21/11/29 23:54:42 INFO DAGScheduler: ResultStage 1 (json at NativeMethodAccessorImpl.java:0) finished in 0,512 s
[2021-11-29 23:54:42,867] {spark_submit_hook.py:479} INFO - 21/11/29 23:54:42 INFO DAGScheduler: Job 1 is finished. Cancelling potential speculative or zombie tasks for this job
[2021-11-29 23:54:42,868] {spark_submit_hook.py:479} INFO - 21/11/29 23:54:42 INFO TaskSchedulerImpl: Removed TaskSet 1.0, whose tasks have all completed, from pool
[2021-11-29 23:54:42,868] {spark_submit_hook.py:479} INFO - 21/11/29 23:54:42 INFO TaskSchedulerImpl: Killing all running tasks in stage 1: Stage finished
[2021-11-29 23:54:42,871] {spark_submit_hook.py:479} INFO - 21/11/29 23:54:42 INFO DAGScheduler: Job 1 finished: json at NativeMethodAccessorImpl.java:0, took 0,531025 s
[2021-11-29 23:54:42,896] {spark_submit_hook.py:479} INFO - 21/11/29 23:54:42 INFO FileFormatWriter: Write Job ebab70bc-8e6c-40ca-85a0-5e92c2f92e9f committed.
[2021-11-29 23:54:42,899] {spark_submit_hook.py:479} INFO - 21/11/29 23:54:42 INFO FileFormatWriter: Finished processing stats for write job ebab70bc-8e6c-40ca-85a0-5e92c2f92e9f.
[2021-11-29 23:54:43,026] {spark_submit_hook.py:479} INFO - 21/11/29 23:54:43 INFO FileSourceStrategy: Pushed Filters: IsNotNull(includes)
[2021-11-29 23:54:43,027] {spark_submit_hook.py:479} INFO - 21/11/29 23:54:43 INFO FileSourceStrategy: Post-Scan Filters: isnotnull(includes#8),(size(includes#8.users, true) > 0),isnotnull(includes#8.users)
[2021-11-29 23:54:43,030] {spark_submit_hook.py:479} INFO - 21/11/29 23:54:43 INFO FileSourceStrategy: Output Data Schema: struct<includes: struct<users: array<struct<created_at:string,id:string,name:string,username:string>>>>
[2021-11-29 23:54:43,051] {spark_submit_hook.py:479} INFO - 21/11/29 23:54:43 INFO FileOutputCommitter: File Output Committer Algorithm version is 1
[2021-11-29 23:54:43,055] {spark_submit_hook.py:479} INFO - 21/11/29 23:54:43 INFO FileOutputCommitter: FileOutputCommitter skip cleanup _temporary folders under output directory:false, ignore cleanup failures: false
[2021-11-29 23:54:43,055] {spark_submit_hook.py:479} INFO - 21/11/29 23:54:43 INFO SQLHadoopMapReduceCommitProtocol: Using output committer class org.apache.hadoop.mapreduce.lib.output.FileOutputCommitter
[2021-11-29 23:54:43,106] {spark_submit_hook.py:479} INFO - 21/11/29 23:54:43 INFO CodeGenerator: Code generated in 22.96629 ms
[2021-11-29 23:54:43,153] {spark_submit_hook.py:479} INFO - 21/11/29 23:54:43 INFO CodeGenerator: Code generated in 33.479731 ms
[2021-11-29 23:54:43,165] {spark_submit_hook.py:479} INFO - 21/11/29 23:54:43 INFO MemoryStore: Block broadcast_4 stored as values in memory (estimated size 174.6 KiB, free 413.3 MiB)
[2021-11-29 23:54:43,185] {spark_submit_hook.py:479} INFO - 21/11/29 23:54:43 INFO MemoryStore: Block broadcast_4_piece0 stored as bytes in memory (estimated size 27.6 KiB, free 413.3 MiB)
[2021-11-29 23:54:43,186] {spark_submit_hook.py:479} INFO - 21/11/29 23:54:43 INFO BlockManagerInfo: Added broadcast_4_piece0 in memory on 10.0.2.15:45625 (size: 27.6 KiB, free: 413.8 MiB)
[2021-11-29 23:54:43,188] {spark_submit_hook.py:479} INFO - 21/11/29 23:54:43 INFO SparkContext: Created broadcast 4 from json at NativeMethodAccessorImpl.java:0
[2021-11-29 23:54:43,188] {spark_submit_hook.py:479} INFO - 21/11/29 23:54:43 INFO FileSourceScanExec: Planning scan with bin packing, max size: 4208878 bytes, open cost is considered as scanning 4194304 bytes.
[2021-11-29 23:54:43,252] {spark_submit_hook.py:479} INFO - 21/11/29 23:54:43 INFO SparkContext: Starting job: json at NativeMethodAccessorImpl.java:0
[2021-11-29 23:54:43,256] {spark_submit_hook.py:479} INFO - 21/11/29 23:54:43 INFO DAGScheduler: Got job 2 (json at NativeMethodAccessorImpl.java:0) with 1 output partitions
[2021-11-29 23:54:43,256] {spark_submit_hook.py:479} INFO - 21/11/29 23:54:43 INFO DAGScheduler: Final stage: ResultStage 2 (json at NativeMethodAccessorImpl.java:0)
[2021-11-29 23:54:43,256] {spark_submit_hook.py:479} INFO - 21/11/29 23:54:43 INFO DAGScheduler: Parents of final stage: List()
[2021-11-29 23:54:43,256] {spark_submit_hook.py:479} INFO - 21/11/29 23:54:43 INFO DAGScheduler: Missing parents: List()
[2021-11-29 23:54:43,258] {spark_submit_hook.py:479} INFO - 21/11/29 23:54:43 INFO DAGScheduler: Submitting ResultStage 2 (CoalescedRDD[25] at json at NativeMethodAccessorImpl.java:0), which has no missing parents
[2021-11-29 23:54:43,294] {spark_submit_hook.py:479} INFO - 21/11/29 23:54:43 INFO MemoryStore: Block broadcast_5 stored as values in memory (estimated size 185.1 KiB, free 413.1 MiB)
[2021-11-29 23:54:43,299] {spark_submit_hook.py:479} INFO - 21/11/29 23:54:43 INFO MemoryStore: Block broadcast_5_piece0 stored as bytes in memory (estimated size 66.2 KiB, free 413.0 MiB)
[2021-11-29 23:54:43,304] {spark_submit_hook.py:479} INFO - 21/11/29 23:54:43 INFO BlockManagerInfo: Added broadcast_5_piece0 in memory on 10.0.2.15:45625 (size: 66.2 KiB, free: 413.7 MiB)
[2021-11-29 23:54:43,306] {spark_submit_hook.py:479} INFO - 21/11/29 23:54:43 INFO SparkContext: Created broadcast 5 from broadcast at DAGScheduler.scala:1388
[2021-11-29 23:54:43,307] {spark_submit_hook.py:479} INFO - 21/11/29 23:54:43 INFO DAGScheduler: Submitting 1 missing tasks from ResultStage 2 (CoalescedRDD[25] at json at NativeMethodAccessorImpl.java:0) (first 15 tasks are for partitions Vector(0))
[2021-11-29 23:54:43,307] {spark_submit_hook.py:479} INFO - 21/11/29 23:54:43 INFO TaskSchedulerImpl: Adding task set 2.0 with 1 tasks resource profile 0
[2021-11-29 23:54:43,309] {spark_submit_hook.py:479} INFO - 21/11/29 23:54:43 INFO TaskSetManager: Starting task 0.0 in stage 2.0 (TID 2) (10.0.2.15, executor driver, partition 0, PROCESS_LOCAL, 5177 bytes) taskResourceAssignments Map()
[2021-11-29 23:54:43,310] {spark_submit_hook.py:479} INFO - 21/11/29 23:54:43 INFO Executor: Running task 0.0 in stage 2.0 (TID 2)
[2021-11-29 23:54:43,335] {spark_submit_hook.py:479} INFO - 21/11/29 23:54:43 INFO FileOutputCommitter: File Output Committer Algorithm version is 1
[2021-11-29 23:54:43,341] {spark_submit_hook.py:479} INFO - 21/11/29 23:54:43 INFO FileOutputCommitter: FileOutputCommitter skip cleanup _temporary folders under output directory:false, ignore cleanup failures: false
[2021-11-29 23:54:43,342] {spark_submit_hook.py:479} INFO - 21/11/29 23:54:43 INFO SQLHadoopMapReduceCommitProtocol: Using output committer class org.apache.hadoop.mapreduce.lib.output.FileOutputCommitter
[2021-11-29 23:54:43,406] {spark_submit_hook.py:479} INFO - 21/11/29 23:54:43 INFO CodeGenerator: Code generated in 17.762234 ms
[2021-11-29 23:54:43,424] {spark_submit_hook.py:479} INFO - 21/11/29 23:54:43 INFO FileScanRDD: Reading File path: file:///home/kauai/kauai/datapipeline/datalake/bronze/twitter_aluraonline/extract_date=2021-11-28/AluraOnline_20211128.json, range: 0-14574, partition values: [empty row]
[2021-11-29 23:54:43,449] {spark_submit_hook.py:479} INFO - 21/11/29 23:54:43 INFO CodeGenerator: Code generated in 22.190383 ms
[2021-11-29 23:54:43,466] {spark_submit_hook.py:479} INFO - 21/11/29 23:54:43 INFO CodeGenerator: Code generated in 12.406925 ms
[2021-11-29 23:54:43,490] {spark_submit_hook.py:479} INFO - 21/11/29 23:54:43 INFO FileOutputCommitter: Saved output of task 'attempt_202111292354436618950523776079269_0002_m_000000_2' to file:/home/kauai/kauai/datapipeline/datalake/silver/twitter_aluraonline/user/process_date=2021-11-28/_temporary/0/task_202111292354436618950523776079269_0002_m_000000
[2021-11-29 23:54:43,490] {spark_submit_hook.py:479} INFO - 21/11/29 23:54:43 INFO SparkHadoopMapRedUtil: attempt_202111292354436618950523776079269_0002_m_000000_2: Committed
[2021-11-29 23:54:43,496] {spark_submit_hook.py:479} INFO - 21/11/29 23:54:43 INFO Executor: Finished task 0.0 in stage 2.0 (TID 2). 2901 bytes result sent to driver
[2021-11-29 23:54:43,500] {spark_submit_hook.py:479} INFO - 21/11/29 23:54:43 INFO TaskSetManager: Finished task 0.0 in stage 2.0 (TID 2) in 191 ms on 10.0.2.15 (executor driver) (1/1)
[2021-11-29 23:54:43,502] {spark_submit_hook.py:479} INFO - 21/11/29 23:54:43 INFO DAGScheduler: ResultStage 2 (json at NativeMethodAccessorImpl.java:0) finished in 0,242 s
[2021-11-29 23:54:43,502] {spark_submit_hook.py:479} INFO - 21/11/29 23:54:43 INFO DAGScheduler: Job 2 is finished. Cancelling potential speculative or zombie tasks for this job
[2021-11-29 23:54:43,503] {spark_submit_hook.py:479} INFO - 21/11/29 23:54:43 INFO TaskSchedulerImpl: Removed TaskSet 2.0, whose tasks have all completed, from pool
[2021-11-29 23:54:43,506] {spark_submit_hook.py:479} INFO - 21/11/29 23:54:43 INFO TaskSchedulerImpl: Killing all running tasks in stage 2: Stage finished
[2021-11-29 23:54:43,506] {spark_submit_hook.py:479} INFO - 21/11/29 23:54:43 INFO DAGScheduler: Job 2 finished: json at NativeMethodAccessorImpl.java:0, took 0,248774 s
[2021-11-29 23:54:43,531] {spark_submit_hook.py:479} INFO - 21/11/29 23:54:43 INFO FileFormatWriter: Write Job e49da2a6-0217-4b46-85be-c50e5309e4ae committed.
[2021-11-29 23:54:43,536] {spark_submit_hook.py:479} INFO - 21/11/29 23:54:43 INFO FileFormatWriter: Finished processing stats for write job e49da2a6-0217-4b46-85be-c50e5309e4ae.
[2021-11-29 23:54:43,596] {spark_submit_hook.py:479} INFO - 21/11/29 23:54:43 INFO SparkUI: Stopped Spark web UI at http://10.0.2.15:4040
[2021-11-29 23:54:43,611] {spark_submit_hook.py:479} INFO - 21/11/29 23:54:43 INFO MapOutputTrackerMasterEndpoint: MapOutputTrackerMasterEndpoint stopped!
[2021-11-29 23:54:43,619] {spark_submit_hook.py:479} INFO - 21/11/29 23:54:43 INFO MemoryStore: MemoryStore cleared
[2021-11-29 23:54:43,619] {spark_submit_hook.py:479} INFO - 21/11/29 23:54:43 INFO BlockManager: BlockManager stopped
[2021-11-29 23:54:43,622] {spark_submit_hook.py:479} INFO - 21/11/29 23:54:43 INFO BlockManagerMaster: BlockManagerMaster stopped
[2021-11-29 23:54:43,629] {spark_submit_hook.py:479} INFO - 21/11/29 23:54:43 INFO OutputCommitCoordinator$OutputCommitCoordinatorEndpoint: OutputCommitCoordinator stopped!
[2021-11-29 23:54:43,641] {spark_submit_hook.py:479} INFO - 21/11/29 23:54:43 INFO SparkContext: Successfully stopped SparkContext
[2021-11-29 23:54:43,649] {spark_submit_hook.py:479} INFO - 21/11/29 23:54:43 INFO ShutdownHookManager: Shutdown hook called
[2021-11-29 23:54:43,650] {spark_submit_hook.py:479} INFO - 21/11/29 23:54:43 INFO ShutdownHookManager: Deleting directory /tmp/spark-46a74965-9d1f-4bd7-891d-253245d99d74/pyspark-9948ef88-0bed-4b54-b5fd-a846b6021fc2
[2021-11-29 23:54:43,657] {spark_submit_hook.py:479} INFO - 21/11/29 23:54:43 INFO ShutdownHookManager: Deleting directory /tmp/spark-6139a612-c586-4389-8725-85d4a162558a
[2021-11-29 23:54:43,664] {spark_submit_hook.py:479} INFO - 21/11/29 23:54:43 INFO ShutdownHookManager: Deleting directory /tmp/spark-46a74965-9d1f-4bd7-891d-253245d99d74
[2021-11-29 23:54:43,712] {taskinstance.py:1057} INFO - Marking task as SUCCESS.dag_id=twitter_dag, task_id=transform_twitter_aluraonline, execution_date=20211128T090000, start_date=20211130T025430, end_date=20211130T025443
[2021-11-29 23:54:45,663] {local_task_job.py:102} INFO - Task exited with return code 0
