[2021-12-03 23:35:20,320] {taskinstance.py:670} INFO - Dependencies all met for <TaskInstance: twitter_dag.twitter_vascodagama 2021-11-28T09:00:00+00:00 [queued]>
[2021-12-03 23:35:20,339] {taskinstance.py:670} INFO - Dependencies all met for <TaskInstance: twitter_dag.twitter_vascodagama 2021-11-28T09:00:00+00:00 [queued]>
[2021-12-03 23:35:20,339] {taskinstance.py:880} INFO - 
--------------------------------------------------------------------------------
[2021-12-03 23:35:20,339] {taskinstance.py:881} INFO - Starting attempt 4 of 4
[2021-12-03 23:35:20,339] {taskinstance.py:882} INFO - 
--------------------------------------------------------------------------------
[2021-12-03 23:35:20,350] {taskinstance.py:901} INFO - Executing <Task(TwitterOperator): twitter_vascodagama> on 2021-11-28T09:00:00+00:00
[2021-12-03 23:35:20,351] {standard_task_runner.py:54} INFO - Started process 8914 to run task
[2021-12-03 23:35:20,440] {standard_task_runner.py:77} INFO - Running: ['airflow', 'run', 'twitter_dag', 'twitter_vascodagama', '2021-11-28T09:00:00+00:00', '--job_id', '108', '--pool', 'default_pool', '--raw', '-sd', 'DAGS_FOLDER/twitter_dag.py', '--cfg_path', '/tmp/tmpj6r86gmg']
[2021-12-03 23:35:20,440] {standard_task_runner.py:78} INFO - Job 108: Subtask twitter_vascodagama
[2021-12-03 23:35:20,470] {logging_mixin.py:112} INFO - Running <TaskInstance: twitter_dag.twitter_vascodagama 2021-11-28T09:00:00+00:00 [running]> on host kauai-VirtualBox
[2021-12-03 23:35:20,556] {base_hook.py:89} INFO - Using connection to: id: twitter_default. Host: https://api.twitter.com, Port: None, Schema: None, Login: None, Password: None, extra: XXXXXXXX
[2021-12-03 23:35:20,562] {twitter_hook.py:36} INFO - URL: https://api.twitter.com/2/tweets/search/recent?query=VascodaGama&tweet.fields=author_id,conversation_id,created_at,id,in_reply_to_user_id,public_metrics,text&expansions=author_id&user.fields=id,name,username,created_at&start_time=2021-11-28T09:00:00.00Z&end_time=2021-11-29T09:00:00.00Z
[2021-12-03 23:35:20,826] {logging_mixin.py:112} WARNING - /home/kauai/datapipeline/venv/lib/python3.8/site-packages/urllib3/connectionpool.py:981: InsecureRequestWarning: Unverified HTTPS request is being made to host 'api.twitter.com'. Adding certificate verification is strongly advised. See: https://urllib3.readthedocs.io/en/latest/advanced-usage.html#ssl-warnings
  warnings.warn(
[2021-12-03 23:35:21,204] {twitter_hook.py:36} INFO - URL: https://api.twitter.com/2/tweets/search/recent?query=VascodaGama&tweet.fields=author_id,conversation_id,created_at,id,in_reply_to_user_id,public_metrics,text&expansions=author_id&user.fields=id,name,username,created_at&start_time=2021-11-28T09:00:00.00Z&end_time=2021-11-29T09:00:00.00Z&next_token=b26v89c19zqg8o3fpdy7o29m0rhusaqe9zm4iihdrskfx
[2021-12-03 23:35:21,204] {logging_mixin.py:112} WARNING - /home/kauai/datapipeline/venv/lib/python3.8/site-packages/urllib3/connectionpool.py:981: InsecureRequestWarning: Unverified HTTPS request is being made to host 'api.twitter.com'. Adding certificate verification is strongly advised. See: https://urllib3.readthedocs.io/en/latest/advanced-usage.html#ssl-warnings
  warnings.warn(
[2021-12-03 23:35:21,579] {twitter_hook.py:36} INFO - URL: https://api.twitter.com/2/tweets/search/recent?query=VascodaGama&tweet.fields=author_id,conversation_id,created_at,id,in_reply_to_user_id,public_metrics,text&expansions=author_id&user.fields=id,name,username,created_at&start_time=2021-11-28T09:00:00.00Z&end_time=2021-11-29T09:00:00.00Z&next_token=b26v89c19zqg8o3fpdy7o290fxdwqyustq99qx7n50vi5
[2021-12-03 23:35:21,579] {logging_mixin.py:112} WARNING - /home/kauai/datapipeline/venv/lib/python3.8/site-packages/urllib3/connectionpool.py:981: InsecureRequestWarning: Unverified HTTPS request is being made to host 'api.twitter.com'. Adding certificate verification is strongly advised. See: https://urllib3.readthedocs.io/en/latest/advanced-usage.html#ssl-warnings
  warnings.warn(
[2021-12-03 23:35:21,966] {twitter_hook.py:36} INFO - URL: https://api.twitter.com/2/tweets/search/recent?query=VascodaGama&tweet.fields=author_id,conversation_id,created_at,id,in_reply_to_user_id,public_metrics,text&expansions=author_id&user.fields=id,name,username,created_at&start_time=2021-11-28T09:00:00.00Z&end_time=2021-11-29T09:00:00.00Z&next_token=b26v89c19zqg8o3fpdy7o28pnhl2z1rj4jw98jpzsf8n1
[2021-12-03 23:35:21,966] {logging_mixin.py:112} WARNING - /home/kauai/datapipeline/venv/lib/python3.8/site-packages/urllib3/connectionpool.py:981: InsecureRequestWarning: Unverified HTTPS request is being made to host 'api.twitter.com'. Adding certificate verification is strongly advised. See: https://urllib3.readthedocs.io/en/latest/advanced-usage.html#ssl-warnings
  warnings.warn(
[2021-12-03 23:35:22,336] {twitter_hook.py:36} INFO - URL: https://api.twitter.com/2/tweets/search/recent?query=VascodaGama&tweet.fields=author_id,conversation_id,created_at,id,in_reply_to_user_id,public_metrics,text&expansions=author_id&user.fields=id,name,username,created_at&start_time=2021-11-28T09:00:00.00Z&end_time=2021-11-29T09:00:00.00Z&next_token=b26v89c19zqg8o3fpdy7o06op2b0q908obo9lrki172il
[2021-12-03 23:35:22,336] {logging_mixin.py:112} WARNING - /home/kauai/datapipeline/venv/lib/python3.8/site-packages/urllib3/connectionpool.py:981: InsecureRequestWarning: Unverified HTTPS request is being made to host 'api.twitter.com'. Adding certificate verification is strongly advised. See: https://urllib3.readthedocs.io/en/latest/advanced-usage.html#ssl-warnings
  warnings.warn(
[2021-12-03 23:35:22,721] {twitter_hook.py:36} INFO - URL: https://api.twitter.com/2/tweets/search/recent?query=VascodaGama&tweet.fields=author_id,conversation_id,created_at,id,in_reply_to_user_id,public_metrics,text&expansions=author_id&user.fields=id,name,username,created_at&start_time=2021-11-28T09:00:00.00Z&end_time=2021-11-29T09:00:00.00Z&next_token=b26v89c19zqg8o3fpdy7o06okgy70y21nobc6e2upc4fx
[2021-12-03 23:35:22,722] {logging_mixin.py:112} WARNING - /home/kauai/datapipeline/venv/lib/python3.8/site-packages/urllib3/connectionpool.py:981: InsecureRequestWarning: Unverified HTTPS request is being made to host 'api.twitter.com'. Adding certificate verification is strongly advised. See: https://urllib3.readthedocs.io/en/latest/advanced-usage.html#ssl-warnings
  warnings.warn(
[2021-12-03 23:35:23,109] {twitter_hook.py:36} INFO - URL: https://api.twitter.com/2/tweets/search/recent?query=VascodaGama&tweet.fields=author_id,conversation_id,created_at,id,in_reply_to_user_id,public_metrics,text&expansions=author_id&user.fields=id,name,username,created_at&start_time=2021-11-28T09:00:00.00Z&end_time=2021-11-29T09:00:00.00Z&next_token=b26v89c19zqg8o3fpdy7o06dzn4040h0qn7a9tw34n88t
[2021-12-03 23:35:23,109] {logging_mixin.py:112} WARNING - /home/kauai/datapipeline/venv/lib/python3.8/site-packages/urllib3/connectionpool.py:981: InsecureRequestWarning: Unverified HTTPS request is being made to host 'api.twitter.com'. Adding certificate verification is strongly advised. See: https://urllib3.readthedocs.io/en/latest/advanced-usage.html#ssl-warnings
  warnings.warn(
[2021-12-03 23:35:23,471] {twitter_hook.py:36} INFO - URL: https://api.twitter.com/2/tweets/search/recent?query=VascodaGama&tweet.fields=author_id,conversation_id,created_at,id,in_reply_to_user_id,public_metrics,text&expansions=author_id&user.fields=id,name,username,created_at&start_time=2021-11-28T09:00:00.00Z&end_time=2021-11-29T09:00:00.00Z&next_token=b26v89c19zqg8o3fpdy7o06dqknofrnszur7shqjmws59
[2021-12-03 23:35:23,472] {logging_mixin.py:112} WARNING - /home/kauai/datapipeline/venv/lib/python3.8/site-packages/urllib3/connectionpool.py:981: InsecureRequestWarning: Unverified HTTPS request is being made to host 'api.twitter.com'. Adding certificate verification is strongly advised. See: https://urllib3.readthedocs.io/en/latest/advanced-usage.html#ssl-warnings
  warnings.warn(
[2021-12-03 23:35:23,851] {twitter_hook.py:36} INFO - URL: https://api.twitter.com/2/tweets/search/recent?query=VascodaGama&tweet.fields=author_id,conversation_id,created_at,id,in_reply_to_user_id,public_metrics,text&expansions=author_id&user.fields=id,name,username,created_at&start_time=2021-11-28T09:00:00.00Z&end_time=2021-11-29T09:00:00.00Z&next_token=b26v89c19zqg8o3fpdy7o06378djwxhes89h12uxjavst
[2021-12-03 23:35:23,852] {logging_mixin.py:112} WARNING - /home/kauai/datapipeline/venv/lib/python3.8/site-packages/urllib3/connectionpool.py:981: InsecureRequestWarning: Unverified HTTPS request is being made to host 'api.twitter.com'. Adding certificate verification is strongly advised. See: https://urllib3.readthedocs.io/en/latest/advanced-usage.html#ssl-warnings
  warnings.warn(
[2021-12-03 23:35:24,213] {twitter_hook.py:36} INFO - URL: https://api.twitter.com/2/tweets/search/recent?query=VascodaGama&tweet.fields=author_id,conversation_id,created_at,id,in_reply_to_user_id,public_metrics,text&expansions=author_id&user.fields=id,name,username,created_at&start_time=2021-11-28T09:00:00.00Z&end_time=2021-11-29T09:00:00.00Z&next_token=b26v89c19zqg8o3fpdy7o0635oouqjhbl8tzpvh1szbel
[2021-12-03 23:35:24,214] {logging_mixin.py:112} WARNING - /home/kauai/datapipeline/venv/lib/python3.8/site-packages/urllib3/connectionpool.py:981: InsecureRequestWarning: Unverified HTTPS request is being made to host 'api.twitter.com'. Adding certificate verification is strongly advised. See: https://urllib3.readthedocs.io/en/latest/advanced-usage.html#ssl-warnings
  warnings.warn(
[2021-12-03 23:35:24,603] {twitter_hook.py:36} INFO - URL: https://api.twitter.com/2/tweets/search/recent?query=VascodaGama&tweet.fields=author_id,conversation_id,created_at,id,in_reply_to_user_id,public_metrics,text&expansions=author_id&user.fields=id,name,username,created_at&start_time=2021-11-28T09:00:00.00Z&end_time=2021-11-29T09:00:00.00Z&next_token=b26v89c19zqg8o3fpdy7o05sgaroohviiomlvwyoned19
[2021-12-03 23:35:24,603] {logging_mixin.py:112} WARNING - /home/kauai/datapipeline/venv/lib/python3.8/site-packages/urllib3/connectionpool.py:981: InsecureRequestWarning: Unverified HTTPS request is being made to host 'api.twitter.com'. Adding certificate verification is strongly advised. See: https://urllib3.readthedocs.io/en/latest/advanced-usage.html#ssl-warnings
  warnings.warn(
[2021-12-03 23:35:24,983] {twitter_hook.py:36} INFO - URL: https://api.twitter.com/2/tweets/search/recent?query=VascodaGama&tweet.fields=author_id,conversation_id,created_at,id,in_reply_to_user_id,public_metrics,text&expansions=author_id&user.fields=id,name,username,created_at&start_time=2021-11-28T09:00:00.00Z&end_time=2021-11-29T09:00:00.00Z&next_token=b26v89c19zqg8o3fpdy7o05s8qaq8tmkp7ygrn6n8wqrh
[2021-12-03 23:35:24,983] {logging_mixin.py:112} WARNING - /home/kauai/datapipeline/venv/lib/python3.8/site-packages/urllib3/connectionpool.py:981: InsecureRequestWarning: Unverified HTTPS request is being made to host 'api.twitter.com'. Adding certificate verification is strongly advised. See: https://urllib3.readthedocs.io/en/latest/advanced-usage.html#ssl-warnings
  warnings.warn(
[2021-12-03 23:35:25,338] {twitter_hook.py:36} INFO - URL: https://api.twitter.com/2/tweets/search/recent?query=VascodaGama&tweet.fields=author_id,conversation_id,created_at,id,in_reply_to_user_id,public_metrics,text&expansions=author_id&user.fields=id,name,username,created_at&start_time=2021-11-28T09:00:00.00Z&end_time=2021-11-29T09:00:00.00Z&next_token=b26v89c19zqg8o3fpdy7o05s5p9pefqpozybv4s4latfh
[2021-12-03 23:35:25,340] {logging_mixin.py:112} WARNING - /home/kauai/datapipeline/venv/lib/python3.8/site-packages/urllib3/connectionpool.py:981: InsecureRequestWarning: Unverified HTTPS request is being made to host 'api.twitter.com'. Adding certificate verification is strongly advised. See: https://urllib3.readthedocs.io/en/latest/advanced-usage.html#ssl-warnings
  warnings.warn(
[2021-12-03 23:35:25,712] {twitter_hook.py:36} INFO - URL: https://api.twitter.com/2/tweets/search/recent?query=VascodaGama&tweet.fields=author_id,conversation_id,created_at,id,in_reply_to_user_id,public_metrics,text&expansions=author_id&user.fields=id,name,username,created_at&start_time=2021-11-28T09:00:00.00Z&end_time=2021-11-29T09:00:00.00Z&next_token=b26v89c19zqg8o3fpdy7o05hqx9zz0b4q4ez3ykt6o131
[2021-12-03 23:35:25,713] {logging_mixin.py:112} WARNING - /home/kauai/datapipeline/venv/lib/python3.8/site-packages/urllib3/connectionpool.py:981: InsecureRequestWarning: Unverified HTTPS request is being made to host 'api.twitter.com'. Adding certificate verification is strongly advised. See: https://urllib3.readthedocs.io/en/latest/advanced-usage.html#ssl-warnings
  warnings.warn(
[2021-12-03 23:35:26,064] {twitter_hook.py:36} INFO - URL: https://api.twitter.com/2/tweets/search/recent?query=VascodaGama&tweet.fields=author_id,conversation_id,created_at,id,in_reply_to_user_id,public_metrics,text&expansions=author_id&user.fields=id,name,username,created_at&start_time=2021-11-28T09:00:00.00Z&end_time=2021-11-29T09:00:00.00Z&next_token=b26v89c19zqg8o3fpdy7o05hnw8y1l26nev2h5zf6elj1
[2021-12-03 23:35:26,064] {logging_mixin.py:112} WARNING - /home/kauai/datapipeline/venv/lib/python3.8/site-packages/urllib3/connectionpool.py:981: InsecureRequestWarning: Unverified HTTPS request is being made to host 'api.twitter.com'. Adding certificate verification is strongly advised. See: https://urllib3.readthedocs.io/en/latest/advanced-usage.html#ssl-warnings
  warnings.warn(
[2021-12-03 23:35:26,443] {twitter_hook.py:36} INFO - URL: https://api.twitter.com/2/tweets/search/recent?query=VascodaGama&tweet.fields=author_id,conversation_id,created_at,id,in_reply_to_user_id,public_metrics,text&expansions=author_id&user.fields=id,name,username,created_at&start_time=2021-11-28T09:00:00.00Z&end_time=2021-11-29T09:00:00.00Z&next_token=b26v89c19zqg8o3fpdy7o05hmcrpuk4bz0ykyqm1uazct
[2021-12-03 23:35:26,444] {logging_mixin.py:112} WARNING - /home/kauai/datapipeline/venv/lib/python3.8/site-packages/urllib3/connectionpool.py:981: InsecureRequestWarning: Unverified HTTPS request is being made to host 'api.twitter.com'. Adding certificate verification is strongly advised. See: https://urllib3.readthedocs.io/en/latest/advanced-usage.html#ssl-warnings
  warnings.warn(
[2021-12-03 23:35:26,812] {twitter_hook.py:36} INFO - URL: https://api.twitter.com/2/tweets/search/recent?query=VascodaGama&tweet.fields=author_id,conversation_id,created_at,id,in_reply_to_user_id,public_metrics,text&expansions=author_id&user.fields=id,name,username,created_at&start_time=2021-11-28T09:00:00.00Z&end_time=2021-11-29T09:00:00.00Z&next_token=b26v89c19zqg8o3fpdy7o05hkuczkto6xk07qdrxw9uv1
[2021-12-03 23:35:26,812] {logging_mixin.py:112} WARNING - /home/kauai/datapipeline/venv/lib/python3.8/site-packages/urllib3/connectionpool.py:981: InsecureRequestWarning: Unverified HTTPS request is being made to host 'api.twitter.com'. Adding certificate verification is strongly advised. See: https://urllib3.readthedocs.io/en/latest/advanced-usage.html#ssl-warnings
  warnings.warn(
[2021-12-03 23:35:27,198] {twitter_hook.py:36} INFO - URL: https://api.twitter.com/2/tweets/search/recent?query=VascodaGama&tweet.fields=author_id,conversation_id,created_at,id,in_reply_to_user_id,public_metrics,text&expansions=author_id&user.fields=id,name,username,created_at&start_time=2021-11-28T09:00:00.00Z&end_time=2021-11-29T09:00:00.00Z&next_token=b26v89c19zqg8o3fpdy7o05hgbru7h8abvupmzzoyrf5p
[2021-12-03 23:35:27,198] {logging_mixin.py:112} WARNING - /home/kauai/datapipeline/venv/lib/python3.8/site-packages/urllib3/connectionpool.py:981: InsecureRequestWarning: Unverified HTTPS request is being made to host 'api.twitter.com'. Adding certificate verification is strongly advised. See: https://urllib3.readthedocs.io/en/latest/advanced-usage.html#ssl-warnings
  warnings.warn(
[2021-12-03 23:35:27,572] {twitter_hook.py:36} INFO - URL: https://api.twitter.com/2/tweets/search/recent?query=VascodaGama&tweet.fields=author_id,conversation_id,created_at,id,in_reply_to_user_id,public_metrics,text&expansions=author_id&user.fields=id,name,username,created_at&start_time=2021-11-28T09:00:00.00Z&end_time=2021-11-29T09:00:00.00Z&next_token=b26v89c19zqg8o3fpdy7o05hd9gsemh8nm2mdr3kycpz1
[2021-12-03 23:35:27,572] {logging_mixin.py:112} WARNING - /home/kauai/datapipeline/venv/lib/python3.8/site-packages/urllib3/connectionpool.py:981: InsecureRequestWarning: Unverified HTTPS request is being made to host 'api.twitter.com'. Adding certificate verification is strongly advised. See: https://urllib3.readthedocs.io/en/latest/advanced-usage.html#ssl-warnings
  warnings.warn(
[2021-12-03 23:35:27,956] {twitter_hook.py:36} INFO - URL: https://api.twitter.com/2/tweets/search/recent?query=VascodaGama&tweet.fields=author_id,conversation_id,created_at,id,in_reply_to_user_id,public_metrics,text&expansions=author_id&user.fields=id,name,username,created_at&start_time=2021-11-28T09:00:00.00Z&end_time=2021-11-29T09:00:00.00Z&next_token=b26v89c19zqg8o3fpdy7o056yi4d6eue9xbny8enuyr25
[2021-12-03 23:35:27,956] {logging_mixin.py:112} WARNING - /home/kauai/datapipeline/venv/lib/python3.8/site-packages/urllib3/connectionpool.py:981: InsecureRequestWarning: Unverified HTTPS request is being made to host 'api.twitter.com'. Adding certificate verification is strongly advised. See: https://urllib3.readthedocs.io/en/latest/advanced-usage.html#ssl-warnings
  warnings.warn(
[2021-12-03 23:35:28,338] {twitter_hook.py:36} INFO - URL: https://api.twitter.com/2/tweets/search/recent?query=VascodaGama&tweet.fields=author_id,conversation_id,created_at,id,in_reply_to_user_id,public_metrics,text&expansions=author_id&user.fields=id,name,username,created_at&start_time=2021-11-28T09:00:00.00Z&end_time=2021-11-29T09:00:00.00Z&next_token=b26v89c19zqg8o3fpdy7o056wzx97vssl697ioz06h75p
[2021-12-03 23:35:28,339] {logging_mixin.py:112} WARNING - /home/kauai/datapipeline/venv/lib/python3.8/site-packages/urllib3/connectionpool.py:981: InsecureRequestWarning: Unverified HTTPS request is being made to host 'api.twitter.com'. Adding certificate verification is strongly advised. See: https://urllib3.readthedocs.io/en/latest/advanced-usage.html#ssl-warnings
  warnings.warn(
[2021-12-03 23:35:28,711] {twitter_hook.py:36} INFO - URL: https://api.twitter.com/2/tweets/search/recent?query=VascodaGama&tweet.fields=author_id,conversation_id,created_at,id,in_reply_to_user_id,public_metrics,text&expansions=author_id&user.fields=id,name,username,created_at&start_time=2021-11-28T09:00:00.00Z&end_time=2021-11-29T09:00:00.00Z&next_token=b26v89c19zqg8o3fpdy7o056wy7ooy8vw5m7qq21x8pdp
[2021-12-03 23:35:28,712] {logging_mixin.py:112} WARNING - /home/kauai/datapipeline/venv/lib/python3.8/site-packages/urllib3/connectionpool.py:981: InsecureRequestWarning: Unverified HTTPS request is being made to host 'api.twitter.com'. Adding certificate verification is strongly advised. See: https://urllib3.readthedocs.io/en/latest/advanced-usage.html#ssl-warnings
  warnings.warn(
[2021-12-03 23:35:29,083] {twitter_hook.py:36} INFO - URL: https://api.twitter.com/2/tweets/search/recent?query=VascodaGama&tweet.fields=author_id,conversation_id,created_at,id,in_reply_to_user_id,public_metrics,text&expansions=author_id&user.fields=id,name,username,created_at&start_time=2021-11-28T09:00:00.00Z&end_time=2021-11-29T09:00:00.00Z&next_token=b26v89c19zqg8o3fpdy7o056vflgblk7pmresvu2eeqnx
[2021-12-03 23:35:29,083] {logging_mixin.py:112} WARNING - /home/kauai/datapipeline/venv/lib/python3.8/site-packages/urllib3/connectionpool.py:981: InsecureRequestWarning: Unverified HTTPS request is being made to host 'api.twitter.com'. Adding certificate verification is strongly advised. See: https://urllib3.readthedocs.io/en/latest/advanced-usage.html#ssl-warnings
  warnings.warn(
[2021-12-03 23:35:29,461] {twitter_hook.py:36} INFO - URL: https://api.twitter.com/2/tweets/search/recent?query=VascodaGama&tweet.fields=author_id,conversation_id,created_at,id,in_reply_to_user_id,public_metrics,text&expansions=author_id&user.fields=id,name,username,created_at&start_time=2021-11-28T09:00:00.00Z&end_time=2021-11-29T09:00:00.00Z&next_token=b26v89c19zqg8o3fpdy7o056tygt63xudaqdpiv2tftkt
[2021-12-03 23:35:29,462] {logging_mixin.py:112} WARNING - /home/kauai/datapipeline/venv/lib/python3.8/site-packages/urllib3/connectionpool.py:981: InsecureRequestWarning: Unverified HTTPS request is being made to host 'api.twitter.com'. Adding certificate verification is strongly advised. See: https://urllib3.readthedocs.io/en/latest/advanced-usage.html#ssl-warnings
  warnings.warn(
[2021-12-03 23:35:29,836] {twitter_hook.py:36} INFO - URL: https://api.twitter.com/2/tweets/search/recent?query=VascodaGama&tweet.fields=author_id,conversation_id,created_at,id,in_reply_to_user_id,public_metrics,text&expansions=author_id&user.fields=id,name,username,created_at&start_time=2021-11-28T09:00:00.00Z&end_time=2021-11-29T09:00:00.00Z&next_token=b26v89c19zqg8o3fpdy7o056tx6s6kmhnrshbwi034i2l
[2021-12-03 23:35:29,837] {logging_mixin.py:112} WARNING - /home/kauai/datapipeline/venv/lib/python3.8/site-packages/urllib3/connectionpool.py:981: InsecureRequestWarning: Unverified HTTPS request is being made to host 'api.twitter.com'. Adding certificate verification is strongly advised. See: https://urllib3.readthedocs.io/en/latest/advanced-usage.html#ssl-warnings
  warnings.warn(
[2021-12-03 23:35:30,220] {twitter_hook.py:36} INFO - URL: https://api.twitter.com/2/tweets/search/recent?query=VascodaGama&tweet.fields=author_id,conversation_id,created_at,id,in_reply_to_user_id,public_metrics,text&expansions=author_id&user.fields=id,name,username,created_at&start_time=2021-11-28T09:00:00.00Z&end_time=2021-11-29T09:00:00.00Z&next_token=b26v89c19zqg8o3fpdy7o056sf78fx44es4i4aivzm1kt
[2021-12-03 23:35:30,221] {logging_mixin.py:112} WARNING - /home/kauai/datapipeline/venv/lib/python3.8/site-packages/urllib3/connectionpool.py:981: InsecureRequestWarning: Unverified HTTPS request is being made to host 'api.twitter.com'. Adding certificate verification is strongly advised. See: https://urllib3.readthedocs.io/en/latest/advanced-usage.html#ssl-warnings
  warnings.warn(
[2021-12-03 23:35:30,612] {twitter_hook.py:36} INFO - URL: https://api.twitter.com/2/tweets/search/recent?query=VascodaGama&tweet.fields=author_id,conversation_id,created_at,id,in_reply_to_user_id,public_metrics,text&expansions=author_id&user.fields=id,name,username,created_at&start_time=2021-11-28T09:00:00.00Z&end_time=2021-11-29T09:00:00.00Z&next_token=b26v89c19zqg8o3fpdy7o056qwsomqozikjkfrnw4gubh
[2021-12-03 23:35:30,613] {logging_mixin.py:112} WARNING - /home/kauai/datapipeline/venv/lib/python3.8/site-packages/urllib3/connectionpool.py:981: InsecureRequestWarning: Unverified HTTPS request is being made to host 'api.twitter.com'. Adding certificate verification is strongly advised. See: https://urllib3.readthedocs.io/en/latest/advanced-usage.html#ssl-warnings
  warnings.warn(
[2021-12-03 23:35:30,974] {twitter_hook.py:36} INFO - URL: https://api.twitter.com/2/tweets/search/recent?query=VascodaGama&tweet.fields=author_id,conversation_id,created_at,id,in_reply_to_user_id,public_metrics,text&expansions=author_id&user.fields=id,name,username,created_at&start_time=2021-11-28T09:00:00.00Z&end_time=2021-11-29T09:00:00.00Z&next_token=b26v89c19zqg8o3fpdy7o056pdyes8rserqh54424v4vx
[2021-12-03 23:35:30,974] {logging_mixin.py:112} WARNING - /home/kauai/datapipeline/venv/lib/python3.8/site-packages/urllib3/connectionpool.py:981: InsecureRequestWarning: Unverified HTTPS request is being made to host 'api.twitter.com'. Adding certificate verification is strongly advised. See: https://urllib3.readthedocs.io/en/latest/advanced-usage.html#ssl-warnings
  warnings.warn(
[2021-12-03 23:35:31,348] {twitter_hook.py:36} INFO - URL: https://api.twitter.com/2/tweets/search/recent?query=VascodaGama&tweet.fields=author_id,conversation_id,created_at,id,in_reply_to_user_id,public_metrics,text&expansions=author_id&user.fields=id,name,username,created_at&start_time=2021-11-28T09:00:00.00Z&end_time=2021-11-29T09:00:00.00Z&next_token=b26v89c19zqg8o3fpdy7o056mdrzqlybl3mpe7g09rsl9
[2021-12-03 23:35:31,348] {logging_mixin.py:112} WARNING - /home/kauai/datapipeline/venv/lib/python3.8/site-packages/urllib3/connectionpool.py:981: InsecureRequestWarning: Unverified HTTPS request is being made to host 'api.twitter.com'. Adding certificate verification is strongly advised. See: https://urllib3.readthedocs.io/en/latest/advanced-usage.html#ssl-warnings
  warnings.warn(
[2021-12-03 23:35:31,712] {twitter_hook.py:36} INFO - URL: https://api.twitter.com/2/tweets/search/recent?query=VascodaGama&tweet.fields=author_id,conversation_id,created_at,id,in_reply_to_user_id,public_metrics,text&expansions=author_id&user.fields=id,name,username,created_at&start_time=2021-11-28T09:00:00.00Z&end_time=2021-11-29T09:00:00.00Z&next_token=b26v89c19zqg8o3fpdy7o056kuqc6mgrpzc2ucm45csjh
[2021-12-03 23:35:31,713] {logging_mixin.py:112} WARNING - /home/kauai/datapipeline/venv/lib/python3.8/site-packages/urllib3/connectionpool.py:981: InsecureRequestWarning: Unverified HTTPS request is being made to host 'api.twitter.com'. Adding certificate verification is strongly advised. See: https://urllib3.readthedocs.io/en/latest/advanced-usage.html#ssl-warnings
  warnings.warn(
[2021-12-03 23:35:32,110] {twitter_hook.py:36} INFO - URL: https://api.twitter.com/2/tweets/search/recent?query=VascodaGama&tweet.fields=author_id,conversation_id,created_at,id,in_reply_to_user_id,public_metrics,text&expansions=author_id&user.fields=id,name,username,created_at&start_time=2021-11-28T09:00:00.00Z&end_time=2021-11-29T09:00:00.00Z&next_token=b26v89c19zqg8o3fpdy7o056ktg90jwsctsgv8n13mt19
[2021-12-03 23:35:32,111] {logging_mixin.py:112} WARNING - /home/kauai/datapipeline/venv/lib/python3.8/site-packages/urllib3/connectionpool.py:981: InsecureRequestWarning: Unverified HTTPS request is being made to host 'api.twitter.com'. Adding certificate verification is strongly advised. See: https://urllib3.readthedocs.io/en/latest/advanced-usage.html#ssl-warnings
  warnings.warn(
[2021-12-03 23:35:32,469] {twitter_hook.py:36} INFO - URL: https://api.twitter.com/2/tweets/search/recent?query=VascodaGama&tweet.fields=author_id,conversation_id,created_at,id,in_reply_to_user_id,public_metrics,text&expansions=author_id&user.fields=id,name,username,created_at&start_time=2021-11-28T09:00:00.00Z&end_time=2021-11-29T09:00:00.00Z&next_token=b26v89c19zqg8o3fpdy7o04w61w6bi6l9n8u3p5nqc0hp
[2021-12-03 23:35:32,470] {logging_mixin.py:112} WARNING - /home/kauai/datapipeline/venv/lib/python3.8/site-packages/urllib3/connectionpool.py:981: InsecureRequestWarning: Unverified HTTPS request is being made to host 'api.twitter.com'. Adding certificate verification is strongly advised. See: https://urllib3.readthedocs.io/en/latest/advanced-usage.html#ssl-warnings
  warnings.warn(
[2021-12-03 23:35:32,827] {twitter_hook.py:36} INFO - URL: https://api.twitter.com/2/tweets/search/recent?query=VascodaGama&tweet.fields=author_id,conversation_id,created_at,id,in_reply_to_user_id,public_metrics,text&expansions=author_id&user.fields=id,name,username,created_at&start_time=2021-11-28T09:00:00.00Z&end_time=2021-11-29T09:00:00.00Z&next_token=b26v89c19zqg8o3fpdy7o04w4jhdv8lpxtv549hfhg9kt
[2021-12-03 23:35:32,827] {logging_mixin.py:112} WARNING - /home/kauai/datapipeline/venv/lib/python3.8/site-packages/urllib3/connectionpool.py:981: InsecureRequestWarning: Unverified HTTPS request is being made to host 'api.twitter.com'. Adding certificate verification is strongly advised. See: https://urllib3.readthedocs.io/en/latest/advanced-usage.html#ssl-warnings
  warnings.warn(
[2021-12-03 23:35:33,199] {twitter_hook.py:36} INFO - URL: https://api.twitter.com/2/tweets/search/recent?query=VascodaGama&tweet.fields=author_id,conversation_id,created_at,id,in_reply_to_user_id,public_metrics,text&expansions=author_id&user.fields=id,name,username,created_at&start_time=2021-11-28T09:00:00.00Z&end_time=2021-11-29T09:00:00.00Z&next_token=b26v89c19zqg8o3fpdy7o04w312mghhkrv4su2ikdvptp
[2021-12-03 23:35:33,199] {logging_mixin.py:112} WARNING - /home/kauai/datapipeline/venv/lib/python3.8/site-packages/urllib3/connectionpool.py:981: InsecureRequestWarning: Unverified HTTPS request is being made to host 'api.twitter.com'. Adding certificate verification is strongly advised. See: https://urllib3.readthedocs.io/en/latest/advanced-usage.html#ssl-warnings
  warnings.warn(
[2021-12-03 23:35:33,579] {twitter_hook.py:36} INFO - URL: https://api.twitter.com/2/tweets/search/recent?query=VascodaGama&tweet.fields=author_id,conversation_id,created_at,id,in_reply_to_user_id,public_metrics,text&expansions=author_id&user.fields=id,name,username,created_at&start_time=2021-11-28T09:00:00.00Z&end_time=2021-11-29T09:00:00.00Z&next_token=b26v89c19zqg8o3fpdy7o04w1jaxq9m1k394rx1rhnqm5
[2021-12-03 23:35:33,579] {logging_mixin.py:112} WARNING - /home/kauai/datapipeline/venv/lib/python3.8/site-packages/urllib3/connectionpool.py:981: InsecureRequestWarning: Unverified HTTPS request is being made to host 'api.twitter.com'. Adding certificate verification is strongly advised. See: https://urllib3.readthedocs.io/en/latest/advanced-usage.html#ssl-warnings
  warnings.warn(
[2021-12-03 23:35:33,941] {twitter_hook.py:36} INFO - URL: https://api.twitter.com/2/tweets/search/recent?query=VascodaGama&tweet.fields=author_id,conversation_id,created_at,id,in_reply_to_user_id,public_metrics,text&expansions=author_id&user.fields=id,name,username,created_at&start_time=2021-11-28T09:00:00.00Z&end_time=2021-11-29T09:00:00.00Z&next_token=b26v89c19zqg8o3fpdy7o04w1ht87wzo2jxljlbct3b0d
[2021-12-03 23:35:33,941] {logging_mixin.py:112} WARNING - /home/kauai/datapipeline/venv/lib/python3.8/site-packages/urllib3/connectionpool.py:981: InsecureRequestWarning: Unverified HTTPS request is being made to host 'api.twitter.com'. Adding certificate verification is strongly advised. See: https://urllib3.readthedocs.io/en/latest/advanced-usage.html#ssl-warnings
  warnings.warn(
[2021-12-03 23:35:34,314] {twitter_hook.py:36} INFO - URL: https://api.twitter.com/2/tweets/search/recent?query=VascodaGama&tweet.fields=author_id,conversation_id,created_at,id,in_reply_to_user_id,public_metrics,text&expansions=author_id&user.fields=id,name,username,created_at&start_time=2021-11-28T09:00:00.00Z&end_time=2021-11-29T09:00:00.00Z&next_token=b26v89c19zqg8o3fpdy7o04w00992xnisaj6x2orn69h9
[2021-12-03 23:35:34,314] {logging_mixin.py:112} WARNING - /home/kauai/datapipeline/venv/lib/python3.8/site-packages/urllib3/connectionpool.py:981: InsecureRequestWarning: Unverified HTTPS request is being made to host 'api.twitter.com'. Adding certificate verification is strongly advised. See: https://urllib3.readthedocs.io/en/latest/advanced-usage.html#ssl-warnings
  warnings.warn(
[2021-12-03 23:35:34,683] {twitter_hook.py:36} INFO - URL: https://api.twitter.com/2/tweets/search/recent?query=VascodaGama&tweet.fields=author_id,conversation_id,created_at,id,in_reply_to_user_id,public_metrics,text&expansions=author_id&user.fields=id,name,username,created_at&start_time=2021-11-28T09:00:00.00Z&end_time=2021-11-29T09:00:00.00Z&next_token=b26v89c19zqg8o3fpdy7o04vzzm116q92auzbe2yt7ssd
[2021-12-03 23:35:34,684] {logging_mixin.py:112} WARNING - /home/kauai/datapipeline/venv/lib/python3.8/site-packages/urllib3/connectionpool.py:981: InsecureRequestWarning: Unverified HTTPS request is being made to host 'api.twitter.com'. Adding certificate verification is strongly advised. See: https://urllib3.readthedocs.io/en/latest/advanced-usage.html#ssl-warnings
  warnings.warn(
[2021-12-03 23:35:35,045] {twitter_hook.py:36} INFO - URL: https://api.twitter.com/2/tweets/search/recent?query=VascodaGama&tweet.fields=author_id,conversation_id,created_at,id,in_reply_to_user_id,public_metrics,text&expansions=author_id&user.fields=id,name,username,created_at&start_time=2021-11-28T09:00:00.00Z&end_time=2021-11-29T09:00:00.00Z&next_token=b26v89c19zqg8o3fpdy7o04vyi9riij3kz56rw6nd2oot
[2021-12-03 23:35:35,046] {logging_mixin.py:112} WARNING - /home/kauai/datapipeline/venv/lib/python3.8/site-packages/urllib3/connectionpool.py:981: InsecureRequestWarning: Unverified HTTPS request is being made to host 'api.twitter.com'. Adding certificate verification is strongly advised. See: https://urllib3.readthedocs.io/en/latest/advanced-usage.html#ssl-warnings
  warnings.warn(
[2021-12-03 23:35:35,417] {twitter_hook.py:36} INFO - URL: https://api.twitter.com/2/tweets/search/recent?query=VascodaGama&tweet.fields=author_id,conversation_id,created_at,id,in_reply_to_user_id,public_metrics,text&expansions=author_id&user.fields=id,name,username,created_at&start_time=2021-11-28T09:00:00.00Z&end_time=2021-11-29T09:00:00.00Z&next_token=b26v89c19zqg8o3fpdy7o04vyhf0cje7z27asg8091g8t
[2021-12-03 23:35:35,418] {logging_mixin.py:112} WARNING - /home/kauai/datapipeline/venv/lib/python3.8/site-packages/urllib3/connectionpool.py:981: InsecureRequestWarning: Unverified HTTPS request is being made to host 'api.twitter.com'. Adding certificate verification is strongly advised. See: https://urllib3.readthedocs.io/en/latest/advanced-usage.html#ssl-warnings
  warnings.warn(
[2021-12-03 23:35:35,772] {twitter_hook.py:36} INFO - URL: https://api.twitter.com/2/tweets/search/recent?query=VascodaGama&tweet.fields=author_id,conversation_id,created_at,id,in_reply_to_user_id,public_metrics,text&expansions=author_id&user.fields=id,name,username,created_at&start_time=2021-11-28T09:00:00.00Z&end_time=2021-11-29T09:00:00.00Z&next_token=b26v89c19zqg8o3fpdy7o04vygryqqvr9swgrqgg93xj1
[2021-12-03 23:35:35,773] {logging_mixin.py:112} WARNING - /home/kauai/datapipeline/venv/lib/python3.8/site-packages/urllib3/connectionpool.py:981: InsecureRequestWarning: Unverified HTTPS request is being made to host 'api.twitter.com'. Adding certificate verification is strongly advised. See: https://urllib3.readthedocs.io/en/latest/advanced-usage.html#ssl-warnings
  warnings.warn(
[2021-12-03 23:35:36,129] {twitter_hook.py:36} INFO - URL: https://api.twitter.com/2/tweets/search/recent?query=VascodaGama&tweet.fields=author_id,conversation_id,created_at,id,in_reply_to_user_id,public_metrics,text&expansions=author_id&user.fields=id,name,username,created_at&start_time=2021-11-28T09:00:00.00Z&end_time=2021-11-29T09:00:00.00Z&next_token=b26v89c19zqg8o3fpdy7o04vygkdhib2bs2n185qw8kfx
[2021-12-03 23:35:36,130] {logging_mixin.py:112} WARNING - /home/kauai/datapipeline/venv/lib/python3.8/site-packages/urllib3/connectionpool.py:981: InsecureRequestWarning: Unverified HTTPS request is being made to host 'api.twitter.com'. Adding certificate verification is strongly advised. See: https://urllib3.readthedocs.io/en/latest/advanced-usage.html#ssl-warnings
  warnings.warn(
[2021-12-03 23:35:36,485] {twitter_hook.py:36} INFO - URL: https://api.twitter.com/2/tweets/search/recent?query=VascodaGama&tweet.fields=author_id,conversation_id,created_at,id,in_reply_to_user_id,public_metrics,text&expansions=author_id&user.fields=id,name,username,created_at&start_time=2021-11-28T09:00:00.00Z&end_time=2021-11-29T09:00:00.00Z&next_token=b26v89c19zqg8o3fpdy7o04vwyd7d22fnit95lqry0xod
[2021-12-03 23:35:36,486] {logging_mixin.py:112} WARNING - /home/kauai/datapipeline/venv/lib/python3.8/site-packages/urllib3/connectionpool.py:981: InsecureRequestWarning: Unverified HTTPS request is being made to host 'api.twitter.com'. Adding certificate verification is strongly advised. See: https://urllib3.readthedocs.io/en/latest/advanced-usage.html#ssl-warnings
  warnings.warn(
[2021-12-03 23:35:36,849] {twitter_hook.py:36} INFO - URL: https://api.twitter.com/2/tweets/search/recent?query=VascodaGama&tweet.fields=author_id,conversation_id,created_at,id,in_reply_to_user_id,public_metrics,text&expansions=author_id&user.fields=id,name,username,created_at&start_time=2021-11-28T09:00:00.00Z&end_time=2021-11-29T09:00:00.00Z&next_token=b26v89c19zqg8o3fpdy7o04vvglo1kkxortg5jph6v919
[2021-12-03 23:35:36,849] {logging_mixin.py:112} WARNING - /home/kauai/datapipeline/venv/lib/python3.8/site-packages/urllib3/connectionpool.py:981: InsecureRequestWarning: Unverified HTTPS request is being made to host 'api.twitter.com'. Adding certificate verification is strongly advised. See: https://urllib3.readthedocs.io/en/latest/advanced-usage.html#ssl-warnings
  warnings.warn(
[2021-12-03 23:35:37,378] {twitter_hook.py:36} INFO - URL: https://api.twitter.com/2/tweets/search/recent?query=VascodaGama&tweet.fields=author_id,conversation_id,created_at,id,in_reply_to_user_id,public_metrics,text&expansions=author_id&user.fields=id,name,username,created_at&start_time=2021-11-28T09:00:00.00Z&end_time=2021-11-29T09:00:00.00Z&next_token=b26v89c19zqg8o3fpdy7o04vvfbjsrq7pzo2nrp0hiiyl
[2021-12-03 23:35:37,378] {logging_mixin.py:112} WARNING - /home/kauai/datapipeline/venv/lib/python3.8/site-packages/urllib3/connectionpool.py:981: InsecureRequestWarning: Unverified HTTPS request is being made to host 'api.twitter.com'. Adding certificate verification is strongly advised. See: https://urllib3.readthedocs.io/en/latest/advanced-usage.html#ssl-warnings
  warnings.warn(
[2021-12-03 23:35:37,752] {twitter_hook.py:36} INFO - URL: https://api.twitter.com/2/tweets/search/recent?query=VascodaGama&tweet.fields=author_id,conversation_id,created_at,id,in_reply_to_user_id,public_metrics,text&expansions=author_id&user.fields=id,name,username,created_at&start_time=2021-11-28T09:00:00.00Z&end_time=2021-11-29T09:00:00.00Z&next_token=b26v89c19zqg8o3fpdy7o04vtx4fujrpbx8sh7ljtrqm5
[2021-12-03 23:35:37,752] {logging_mixin.py:112} WARNING - /home/kauai/datapipeline/venv/lib/python3.8/site-packages/urllib3/connectionpool.py:981: InsecureRequestWarning: Unverified HTTPS request is being made to host 'api.twitter.com'. Adding certificate verification is strongly advised. See: https://urllib3.readthedocs.io/en/latest/advanced-usage.html#ssl-warnings
  warnings.warn(
[2021-12-03 23:35:38,127] {twitter_hook.py:36} INFO - URL: https://api.twitter.com/2/tweets/search/recent?query=VascodaGama&tweet.fields=author_id,conversation_id,created_at,id,in_reply_to_user_id,public_metrics,text&expansions=author_id&user.fields=id,name,username,created_at&start_time=2021-11-28T09:00:00.00Z&end_time=2021-11-29T09:00:00.00Z&next_token=b26v89c19zqg8o3fpdy7o04vsepl87ahqh8bru5lpzerh
[2021-12-03 23:35:38,127] {logging_mixin.py:112} WARNING - /home/kauai/datapipeline/venv/lib/python3.8/site-packages/urllib3/connectionpool.py:981: InsecureRequestWarning: Unverified HTTPS request is being made to host 'api.twitter.com'. Adding certificate verification is strongly advised. See: https://urllib3.readthedocs.io/en/latest/advanced-usage.html#ssl-warnings
  warnings.warn(
[2021-12-03 23:35:38,496] {twitter_hook.py:36} INFO - URL: https://api.twitter.com/2/tweets/search/recent?query=VascodaGama&tweet.fields=author_id,conversation_id,created_at,id,in_reply_to_user_id,public_metrics,text&expansions=author_id&user.fields=id,name,username,created_at&start_time=2021-11-28T09:00:00.00Z&end_time=2021-11-29T09:00:00.00Z&next_token=b26v89c19zqg8o3fpdy7o04lc5dz89ugavoj2t00zuttp
[2021-12-03 23:35:38,497] {logging_mixin.py:112} WARNING - /home/kauai/datapipeline/venv/lib/python3.8/site-packages/urllib3/connectionpool.py:981: InsecureRequestWarning: Unverified HTTPS request is being made to host 'api.twitter.com'. Adding certificate verification is strongly advised. See: https://urllib3.readthedocs.io/en/latest/advanced-usage.html#ssl-warnings
  warnings.warn(
[2021-12-03 23:35:38,884] {twitter_hook.py:36} INFO - URL: https://api.twitter.com/2/tweets/search/recent?query=VascodaGama&tweet.fields=author_id,conversation_id,created_at,id,in_reply_to_user_id,public_metrics,text&expansions=author_id&user.fields=id,name,username,created_at&start_time=2021-11-28T09:00:00.00Z&end_time=2021-11-29T09:00:00.00Z&next_token=b26v89c19zqg8o3fpdy7o04lamrke7hruzz6frl3gv3p9
[2021-12-03 23:35:38,886] {logging_mixin.py:112} WARNING - /home/kauai/datapipeline/venv/lib/python3.8/site-packages/urllib3/connectionpool.py:981: InsecureRequestWarning: Unverified HTTPS request is being made to host 'api.twitter.com'. Adding certificate verification is strongly advised. See: https://urllib3.readthedocs.io/en/latest/advanced-usage.html#ssl-warnings
  warnings.warn(
[2021-12-03 23:35:39,296] {twitter_hook.py:36} INFO - URL: https://api.twitter.com/2/tweets/search/recent?query=VascodaGama&tweet.fields=author_id,conversation_id,created_at,id,in_reply_to_user_id,public_metrics,text&expansions=author_id&user.fields=id,name,username,created_at&start_time=2021-11-28T09:00:00.00Z&end_time=2021-11-29T09:00:00.00Z&next_token=b26v89c19zqg8o3fpdy7o04lalp1ey02o38ts67672u7x
[2021-12-03 23:35:39,297] {logging_mixin.py:112} WARNING - /home/kauai/datapipeline/venv/lib/python3.8/site-packages/urllib3/connectionpool.py:981: InsecureRequestWarning: Unverified HTTPS request is being made to host 'api.twitter.com'. Adding certificate verification is strongly advised. See: https://urllib3.readthedocs.io/en/latest/advanced-usage.html#ssl-warnings
  warnings.warn(
[2021-12-03 23:35:39,684] {twitter_hook.py:36} INFO - URL: https://api.twitter.com/2/tweets/search/recent?query=VascodaGama&tweet.fields=author_id,conversation_id,created_at,id,in_reply_to_user_id,public_metrics,text&expansions=author_id&user.fields=id,name,username,created_at&start_time=2021-11-28T09:00:00.00Z&end_time=2021-11-29T09:00:00.00Z&next_token=b26v89c19zqg8o3fpdy7o04l7lilbsmrn3jxiqdzgempp
[2021-12-03 23:35:39,685] {logging_mixin.py:112} WARNING - /home/kauai/datapipeline/venv/lib/python3.8/site-packages/urllib3/connectionpool.py:981: InsecureRequestWarning: Unverified HTTPS request is being made to host 'api.twitter.com'. Adding certificate verification is strongly advised. See: https://urllib3.readthedocs.io/en/latest/advanced-usage.html#ssl-warnings
  warnings.warn(
[2021-12-03 23:35:40,086] {twitter_hook.py:36} INFO - URL: https://api.twitter.com/2/tweets/search/recent?query=VascodaGama&tweet.fields=author_id,conversation_id,created_at,id,in_reply_to_user_id,public_metrics,text&expansions=author_id&user.fields=id,name,username,created_at&start_time=2021-11-28T09:00:00.00Z&end_time=2021-11-29T09:00:00.00Z&next_token=b26v89c19zqg8o3fpdy7o04l62gtela77fg7rn0zz496l
[2021-12-03 23:35:40,088] {logging_mixin.py:112} WARNING - /home/kauai/datapipeline/venv/lib/python3.8/site-packages/urllib3/connectionpool.py:981: InsecureRequestWarning: Unverified HTTPS request is being made to host 'api.twitter.com'. Adding certificate verification is strongly advised. See: https://urllib3.readthedocs.io/en/latest/advanced-usage.html#ssl-warnings
  warnings.warn(
[2021-12-03 23:35:40,451] {twitter_hook.py:36} INFO - URL: https://api.twitter.com/2/tweets/search/recent?query=VascodaGama&tweet.fields=author_id,conversation_id,created_at,id,in_reply_to_user_id,public_metrics,text&expansions=author_id&user.fields=id,name,username,created_at&start_time=2021-11-28T09:00:00.00Z&end_time=2021-11-29T09:00:00.00Z&next_token=b26v89c19zqg8o3fpdy7o04l4jmudezsmd4m609zw8k8t
[2021-12-03 23:35:40,453] {logging_mixin.py:112} WARNING - /home/kauai/datapipeline/venv/lib/python3.8/site-packages/urllib3/connectionpool.py:981: InsecureRequestWarning: Unverified HTTPS request is being made to host 'api.twitter.com'. Adding certificate verification is strongly advised. See: https://urllib3.readthedocs.io/en/latest/advanced-usage.html#ssl-warnings
  warnings.warn(
[2021-12-03 23:35:40,834] {twitter_hook.py:36} INFO - URL: https://api.twitter.com/2/tweets/search/recent?query=VascodaGama&tweet.fields=author_id,conversation_id,created_at,id,in_reply_to_user_id,public_metrics,text&expansions=author_id&user.fields=id,name,username,created_at&start_time=2021-11-28T09:00:00.00Z&end_time=2021-11-29T09:00:00.00Z&next_token=b26v89c19zqg8o3fpdy7o04l4icr8pm24c8y6dcfv04fx
[2021-12-03 23:35:40,834] {logging_mixin.py:112} WARNING - /home/kauai/datapipeline/venv/lib/python3.8/site-packages/urllib3/connectionpool.py:981: InsecureRequestWarning: Unverified HTTPS request is being made to host 'api.twitter.com'. Adding certificate verification is strongly advised. See: https://urllib3.readthedocs.io/en/latest/advanced-usage.html#ssl-warnings
  warnings.warn(
[2021-12-03 23:35:41,211] {twitter_hook.py:36} INFO - URL: https://api.twitter.com/2/tweets/search/recent?query=VascodaGama&tweet.fields=author_id,conversation_id,created_at,id,in_reply_to_user_id,public_metrics,text&expansions=author_id&user.fields=id,name,username,created_at&start_time=2021-11-28T09:00:00.00Z&end_time=2021-11-29T09:00:00.00Z&next_token=b26v89c19zqg8o3fpdy7o04l1j0xzorxy3f7pjfs5sprx
[2021-12-03 23:35:41,214] {logging_mixin.py:112} WARNING - /home/kauai/datapipeline/venv/lib/python3.8/site-packages/urllib3/connectionpool.py:981: InsecureRequestWarning: Unverified HTTPS request is being made to host 'api.twitter.com'. Adding certificate verification is strongly advised. See: https://urllib3.readthedocs.io/en/latest/advanced-usage.html#ssl-warnings
  warnings.warn(
[2021-12-03 23:35:41,580] {twitter_hook.py:36} INFO - URL: https://api.twitter.com/2/tweets/search/recent?query=VascodaGama&tweet.fields=author_id,conversation_id,created_at,id,in_reply_to_user_id,public_metrics,text&expansions=author_id&user.fields=id,name,username,created_at&start_time=2021-11-28T09:00:00.00Z&end_time=2021-11-29T09:00:00.00Z&next_token=b26v89c19zqg8o3fpdy7o04kzzzckv3j0u8xm2f6o15dp
[2021-12-03 23:35:41,580] {logging_mixin.py:112} WARNING - /home/kauai/datapipeline/venv/lib/python3.8/site-packages/urllib3/connectionpool.py:981: InsecureRequestWarning: Unverified HTTPS request is being made to host 'api.twitter.com'. Adding certificate verification is strongly advised. See: https://urllib3.readthedocs.io/en/latest/advanced-usage.html#ssl-warnings
  warnings.warn(
[2021-12-03 23:35:41,976] {twitter_hook.py:36} INFO - URL: https://api.twitter.com/2/tweets/search/recent?query=VascodaGama&tweet.fields=author_id,conversation_id,created_at,id,in_reply_to_user_id,public_metrics,text&expansions=author_id&user.fields=id,name,username,created_at&start_time=2021-11-28T09:00:00.00Z&end_time=2021-11-29T09:00:00.00Z&next_token=b26v89c19zqg8o3fpdy7o04al87cq2e88muxc80zaeqv1
[2021-12-03 23:35:41,977] {logging_mixin.py:112} WARNING - /home/kauai/datapipeline/venv/lib/python3.8/site-packages/urllib3/connectionpool.py:981: InsecureRequestWarning: Unverified HTTPS request is being made to host 'api.twitter.com'. Adding certificate verification is strongly advised. See: https://urllib3.readthedocs.io/en/latest/advanced-usage.html#ssl-warnings
  warnings.warn(
[2021-12-03 23:35:42,349] {twitter_hook.py:36} INFO - URL: https://api.twitter.com/2/tweets/search/recent?query=VascodaGama&tweet.fields=author_id,conversation_id,created_at,id,in_reply_to_user_id,public_metrics,text&expansions=author_id&user.fields=id,name,username,created_at&start_time=2021-11-28T09:00:00.00Z&end_time=2021-11-29T09:00:00.00Z&next_token=b26v89c19zqg8o3fpdy7o04al6x9kav1vekmfzxeamnb1
[2021-12-03 23:35:42,349] {logging_mixin.py:112} WARNING - /home/kauai/datapipeline/venv/lib/python3.8/site-packages/urllib3/connectionpool.py:981: InsecureRequestWarning: Unverified HTTPS request is being made to host 'api.twitter.com'. Adding certificate verification is strongly advised. See: https://urllib3.readthedocs.io/en/latest/advanced-usage.html#ssl-warnings
  warnings.warn(
[2021-12-03 23:35:42,725] {twitter_hook.py:36} INFO - URL: https://api.twitter.com/2/tweets/search/recent?query=VascodaGama&tweet.fields=author_id,conversation_id,created_at,id,in_reply_to_user_id,public_metrics,text&expansions=author_id&user.fields=id,name,username,created_at&start_time=2021-11-28T09:00:00.00Z&end_time=2021-11-29T09:00:00.00Z&next_token=b26v89c19zqg8o3fpdy7o04ajoy60y0gibua8llwixg1p
[2021-12-03 23:35:42,725] {logging_mixin.py:112} WARNING - /home/kauai/datapipeline/venv/lib/python3.8/site-packages/urllib3/connectionpool.py:981: InsecureRequestWarning: Unverified HTTPS request is being made to host 'api.twitter.com'. Adding certificate verification is strongly advised. See: https://urllib3.readthedocs.io/en/latest/advanced-usage.html#ssl-warnings
  warnings.warn(
[2021-12-03 23:35:43,105] {twitter_hook.py:36} INFO - URL: https://api.twitter.com/2/tweets/search/recent?query=VascodaGama&tweet.fields=author_id,conversation_id,created_at,id,in_reply_to_user_id,public_metrics,text&expansions=author_id&user.fields=id,name,username,created_at&start_time=2021-11-28T09:00:00.00Z&end_time=2021-11-29T09:00:00.00Z&next_token=b26v89c19zqg8o3fpdy7o04ai6jfp8axw4weapj9nvnnh
[2021-12-03 23:35:43,106] {logging_mixin.py:112} WARNING - /home/kauai/datapipeline/venv/lib/python3.8/site-packages/urllib3/connectionpool.py:981: InsecureRequestWarning: Unverified HTTPS request is being made to host 'api.twitter.com'. Adding certificate verification is strongly advised. See: https://urllib3.readthedocs.io/en/latest/advanced-usage.html#ssl-warnings
  warnings.warn(
[2021-12-03 23:35:43,512] {twitter_hook.py:36} INFO - URL: https://api.twitter.com/2/tweets/search/recent?query=VascodaGama&tweet.fields=author_id,conversation_id,created_at,id,in_reply_to_user_id,public_metrics,text&expansions=author_id&user.fields=id,name,username,created_at&start_time=2021-11-28T09:00:00.00Z&end_time=2021-11-29T09:00:00.00Z&next_token=b26v89c19zqg8o3fpdy7o04agorote3tjrln7trzgrse5
[2021-12-03 23:35:43,513] {logging_mixin.py:112} WARNING - /home/kauai/datapipeline/venv/lib/python3.8/site-packages/urllib3/connectionpool.py:981: InsecureRequestWarning: Unverified HTTPS request is being made to host 'api.twitter.com'. Adding certificate verification is strongly advised. See: https://urllib3.readthedocs.io/en/latest/advanced-usage.html#ssl-warnings
  warnings.warn(
[2021-12-03 23:35:43,870] {twitter_hook.py:36} INFO - URL: https://api.twitter.com/2/tweets/search/recent?query=VascodaGama&tweet.fields=author_id,conversation_id,created_at,id,in_reply_to_user_id,public_metrics,text&expansions=author_id&user.fields=id,name,username,created_at&start_time=2021-11-28T09:00:00.00Z&end_time=2021-11-29T09:00:00.00Z&next_token=b26v89c19zqg8o3fpdy7o04agnhf5zy20qmphxgiactq5
[2021-12-03 23:35:43,871] {logging_mixin.py:112} WARNING - /home/kauai/datapipeline/venv/lib/python3.8/site-packages/urllib3/connectionpool.py:981: InsecureRequestWarning: Unverified HTTPS request is being made to host 'api.twitter.com'. Adding certificate verification is strongly advised. See: https://urllib3.readthedocs.io/en/latest/advanced-usage.html#ssl-warnings
  warnings.warn(
[2021-12-03 23:35:44,240] {twitter_hook.py:36} INFO - URL: https://api.twitter.com/2/tweets/search/recent?query=VascodaGama&tweet.fields=author_id,conversation_id,created_at,id,in_reply_to_user_id,public_metrics,text&expansions=author_id&user.fields=id,name,username,created_at&start_time=2021-11-28T09:00:00.00Z&end_time=2021-11-29T09:00:00.00Z&next_token=b26v89c19zqg8o3fpdy7o04af5xg2e0m4c7vufyhlcz25
[2021-12-03 23:35:44,241] {logging_mixin.py:112} WARNING - /home/kauai/datapipeline/venv/lib/python3.8/site-packages/urllib3/connectionpool.py:981: InsecureRequestWarning: Unverified HTTPS request is being made to host 'api.twitter.com'. Adding certificate verification is strongly advised. See: https://urllib3.readthedocs.io/en/latest/advanced-usage.html#ssl-warnings
  warnings.warn(
[2021-12-03 23:35:44,636] {twitter_hook.py:36} INFO - URL: https://api.twitter.com/2/tweets/search/recent?query=VascodaGama&tweet.fields=author_id,conversation_id,created_at,id,in_reply_to_user_id,public_metrics,text&expansions=author_id&user.fields=id,name,username,created_at&start_time=2021-11-28T09:00:00.00Z&end_time=2021-11-29T09:00:00.00Z&next_token=b26v89c19zqg8o3fpdy7o04af4v2igq4mgfeu88vag96l
[2021-12-03 23:35:44,637] {logging_mixin.py:112} WARNING - /home/kauai/datapipeline/venv/lib/python3.8/site-packages/urllib3/connectionpool.py:981: InsecureRequestWarning: Unverified HTTPS request is being made to host 'api.twitter.com'. Adding certificate verification is strongly advised. See: https://urllib3.readthedocs.io/en/latest/advanced-usage.html#ssl-warnings
  warnings.warn(
[2021-12-03 23:35:45,012] {twitter_hook.py:36} INFO - URL: https://api.twitter.com/2/tweets/search/recent?query=VascodaGama&tweet.fields=author_id,conversation_id,created_at,id,in_reply_to_user_id,public_metrics,text&expansions=author_id&user.fields=id,name,username,created_at&start_time=2021-11-28T09:00:00.00Z&end_time=2021-11-29T09:00:00.00Z&next_token=b26v89c19zqg8o3fpdy7o04admvm0bjedhq3b2471sk1p
[2021-12-03 23:35:45,012] {logging_mixin.py:112} WARNING - /home/kauai/datapipeline/venv/lib/python3.8/site-packages/urllib3/connectionpool.py:981: InsecureRequestWarning: Unverified HTTPS request is being made to host 'api.twitter.com'. Adding certificate verification is strongly advised. See: https://urllib3.readthedocs.io/en/latest/advanced-usage.html#ssl-warnings
  warnings.warn(
[2021-12-03 23:35:45,443] {twitter_hook.py:36} INFO - URL: https://api.twitter.com/2/tweets/search/recent?query=VascodaGama&tweet.fields=author_id,conversation_id,created_at,id,in_reply_to_user_id,public_metrics,text&expansions=author_id&user.fields=id,name,username,created_at&start_time=2021-11-28T09:00:00.00Z&end_time=2021-11-29T09:00:00.00Z&next_token=b26v89c19zqg8o3fpdy7o04ac4989r1hagcadrofx7vct
[2021-12-03 23:35:45,444] {logging_mixin.py:112} WARNING - /home/kauai/datapipeline/venv/lib/python3.8/site-packages/urllib3/connectionpool.py:981: InsecureRequestWarning: Unverified HTTPS request is being made to host 'api.twitter.com'. Adding certificate verification is strongly advised. See: https://urllib3.readthedocs.io/en/latest/advanced-usage.html#ssl-warnings
  warnings.warn(
[2021-12-03 23:35:45,823] {twitter_hook.py:36} INFO - URL: https://api.twitter.com/2/tweets/search/recent?query=VascodaGama&tweet.fields=author_id,conversation_id,created_at,id,in_reply_to_user_id,public_metrics,text&expansions=author_id&user.fields=id,name,username,created_at&start_time=2021-11-28T09:00:00.00Z&end_time=2021-11-29T09:00:00.00Z&next_token=b26v89c19zqg8o3fpdy7o04aama2kbgpsdzbdpk3ethfh
[2021-12-03 23:35:45,824] {logging_mixin.py:112} WARNING - /home/kauai/datapipeline/venv/lib/python3.8/site-packages/urllib3/connectionpool.py:981: InsecureRequestWarning: Unverified HTTPS request is being made to host 'api.twitter.com'. Adding certificate verification is strongly advised. See: https://urllib3.readthedocs.io/en/latest/advanced-usage.html#ssl-warnings
  warnings.warn(
[2021-12-03 23:35:46,184] {twitter_hook.py:36} INFO - URL: https://api.twitter.com/2/tweets/search/recent?query=VascodaGama&tweet.fields=author_id,conversation_id,created_at,id,in_reply_to_user_id,public_metrics,text&expansions=author_id&user.fields=id,name,username,created_at&start_time=2021-11-28T09:00:00.00Z&end_time=2021-11-29T09:00:00.00Z&next_token=b26v89c19zqg8o3fpdy7o04aakcsf2xyz1pexm0636zy5
[2021-12-03 23:35:46,184] {logging_mixin.py:112} WARNING - /home/kauai/datapipeline/venv/lib/python3.8/site-packages/urllib3/connectionpool.py:981: InsecureRequestWarning: Unverified HTTPS request is being made to host 'api.twitter.com'. Adding certificate verification is strongly advised. See: https://urllib3.readthedocs.io/en/latest/advanced-usage.html#ssl-warnings
  warnings.warn(
[2021-12-03 23:35:46,573] {twitter_hook.py:36} INFO - URL: https://api.twitter.com/2/tweets/search/recent?query=VascodaGama&tweet.fields=author_id,conversation_id,created_at,id,in_reply_to_user_id,public_metrics,text&expansions=author_id&user.fields=id,name,username,created_at&start_time=2021-11-28T09:00:00.00Z&end_time=2021-11-29T09:00:00.00Z&next_token=b26v89c19zqg8o3fpdy7o04a7ktey6p8d2ya91inr1ke5
[2021-12-03 23:35:46,580] {logging_mixin.py:112} WARNING - /home/kauai/datapipeline/venv/lib/python3.8/site-packages/urllib3/connectionpool.py:981: InsecureRequestWarning: Unverified HTTPS request is being made to host 'api.twitter.com'. Adding certificate verification is strongly advised. See: https://urllib3.readthedocs.io/en/latest/advanced-usage.html#ssl-warnings
  warnings.warn(
[2021-12-03 23:35:46,955] {twitter_hook.py:36} INFO - URL: https://api.twitter.com/2/tweets/search/recent?query=VascodaGama&tweet.fields=author_id,conversation_id,created_at,id,in_reply_to_user_id,public_metrics,text&expansions=author_id&user.fields=id,name,username,created_at&start_time=2021-11-28T09:00:00.00Z&end_time=2021-11-29T09:00:00.00Z&next_token=b26v89c19zqg8o3fpdy7o04a7jyt73oi1ijwzcgg0w7zx
[2021-12-03 23:35:46,956] {logging_mixin.py:112} WARNING - /home/kauai/datapipeline/venv/lib/python3.8/site-packages/urllib3/connectionpool.py:981: InsecureRequestWarning: Unverified HTTPS request is being made to host 'api.twitter.com'. Adding certificate verification is strongly advised. See: https://urllib3.readthedocs.io/en/latest/advanced-usage.html#ssl-warnings
  warnings.warn(
[2021-12-03 23:35:47,325] {twitter_hook.py:36} INFO - URL: https://api.twitter.com/2/tweets/search/recent?query=VascodaGama&tweet.fields=author_id,conversation_id,created_at,id,in_reply_to_user_id,public_metrics,text&expansions=author_id&user.fields=id,name,username,created_at&start_time=2021-11-28T09:00:00.00Z&end_time=2021-11-29T09:00:00.00Z&next_token=b26v89c19zqg8o3fpdy7o03zssmap5xjx8cvr1ax9reyl
[2021-12-03 23:35:47,325] {logging_mixin.py:112} WARNING - /home/kauai/datapipeline/venv/lib/python3.8/site-packages/urllib3/connectionpool.py:981: InsecureRequestWarning: Unverified HTTPS request is being made to host 'api.twitter.com'. Adding certificate verification is strongly advised. See: https://urllib3.readthedocs.io/en/latest/advanced-usage.html#ssl-warnings
  warnings.warn(
[2021-12-03 23:35:47,680] {twitter_hook.py:36} INFO - URL: https://api.twitter.com/2/tweets/search/recent?query=VascodaGama&tweet.fields=author_id,conversation_id,created_at,id,in_reply_to_user_id,public_metrics,text&expansions=author_id&user.fields=id,name,username,created_at&start_time=2021-11-28T09:00:00.00Z&end_time=2021-11-29T09:00:00.00Z&next_token=b26v89c19zqg8o3fpdy7o03zr9zvv94t6occkkd1a6931
[2021-12-03 23:35:47,680] {logging_mixin.py:112} WARNING - /home/kauai/datapipeline/venv/lib/python3.8/site-packages/urllib3/connectionpool.py:981: InsecureRequestWarning: Unverified HTTPS request is being made to host 'api.twitter.com'. Adding certificate verification is strongly advised. See: https://urllib3.readthedocs.io/en/latest/advanced-usage.html#ssl-warnings
  warnings.warn(
[2021-12-03 23:35:48,036] {twitter_hook.py:36} INFO - URL: https://api.twitter.com/2/tweets/search/recent?query=VascodaGama&tweet.fields=author_id,conversation_id,created_at,id,in_reply_to_user_id,public_metrics,text&expansions=author_id&user.fields=id,name,username,created_at&start_time=2021-11-28T09:00:00.00Z&end_time=2021-11-29T09:00:00.00Z&next_token=b26v89c19zqg8o3fpdy7o03zr8pvxouybeoy6krq6pev1
[2021-12-03 23:35:48,037] {logging_mixin.py:112} WARNING - /home/kauai/datapipeline/venv/lib/python3.8/site-packages/urllib3/connectionpool.py:981: InsecureRequestWarning: Unverified HTTPS request is being made to host 'api.twitter.com'. Adding certificate verification is strongly advised. See: https://urllib3.readthedocs.io/en/latest/advanced-usage.html#ssl-warnings
  warnings.warn(
[2021-12-03 23:35:48,410] {twitter_hook.py:36} INFO - URL: https://api.twitter.com/2/tweets/search/recent?query=VascodaGama&tweet.fields=author_id,conversation_id,created_at,id,in_reply_to_user_id,public_metrics,text&expansions=author_id&user.fields=id,name,username,created_at&start_time=2021-11-28T09:00:00.00Z&end_time=2021-11-29T09:00:00.00Z&next_token=b26v89c19zqg8o3fpdy7o03zpqiv91ftu6vtqbzq6xi7x
[2021-12-03 23:35:48,410] {logging_mixin.py:112} WARNING - /home/kauai/datapipeline/venv/lib/python3.8/site-packages/urllib3/connectionpool.py:981: InsecureRequestWarning: Unverified HTTPS request is being made to host 'api.twitter.com'. Adding certificate verification is strongly advised. See: https://urllib3.readthedocs.io/en/latest/advanced-usage.html#ssl-warnings
  warnings.warn(
[2021-12-03 23:35:48,784] {twitter_hook.py:36} INFO - URL: https://api.twitter.com/2/tweets/search/recent?query=VascodaGama&tweet.fields=author_id,conversation_id,created_at,id,in_reply_to_user_id,public_metrics,text&expansions=author_id&user.fields=id,name,username,created_at&start_time=2021-11-28T09:00:00.00Z&end_time=2021-11-29T09:00:00.00Z&next_token=b26v89c19zqg8o3fpdy7o03zo9e3s5ll2lkdre5kum1rx
[2021-12-03 23:35:48,784] {logging_mixin.py:112} WARNING - /home/kauai/datapipeline/venv/lib/python3.8/site-packages/urllib3/connectionpool.py:981: InsecureRequestWarning: Unverified HTTPS request is being made to host 'api.twitter.com'. Adding certificate verification is strongly advised. See: https://urllib3.readthedocs.io/en/latest/advanced-usage.html#ssl-warnings
  warnings.warn(
[2021-12-03 23:35:49,149] {twitter_hook.py:36} INFO - URL: https://api.twitter.com/2/tweets/search/recent?query=VascodaGama&tweet.fields=author_id,conversation_id,created_at,id,in_reply_to_user_id,public_metrics,text&expansions=author_id&user.fields=id,name,username,created_at&start_time=2021-11-28T09:00:00.00Z&end_time=2021-11-29T09:00:00.00Z&next_token=b26v89c19zqg8o3fpdy7o03zo8r6io1338n7uop6adcvx
[2021-12-03 23:35:49,149] {logging_mixin.py:112} WARNING - /home/kauai/datapipeline/venv/lib/python3.8/site-packages/urllib3/connectionpool.py:981: InsecureRequestWarning: Unverified HTTPS request is being made to host 'api.twitter.com'. Adding certificate verification is strongly advised. See: https://urllib3.readthedocs.io/en/latest/advanced-usage.html#ssl-warnings
  warnings.warn(
[2021-12-03 23:35:49,511] {twitter_hook.py:36} INFO - URL: https://api.twitter.com/2/tweets/search/recent?query=VascodaGama&tweet.fields=author_id,conversation_id,created_at,id,in_reply_to_user_id,public_metrics,text&expansions=author_id&user.fields=id,name,username,created_at&start_time=2021-11-28T09:00:00.00Z&end_time=2021-11-29T09:00:00.00Z&next_token=b26v89c19zqg8o3fpdy7o03zo7w9xt213wrrenwmk83ul
[2021-12-03 23:35:49,511] {logging_mixin.py:112} WARNING - /home/kauai/datapipeline/venv/lib/python3.8/site-packages/urllib3/connectionpool.py:981: InsecureRequestWarning: Unverified HTTPS request is being made to host 'api.twitter.com'. Adding certificate verification is strongly advised. See: https://urllib3.readthedocs.io/en/latest/advanced-usage.html#ssl-warnings
  warnings.warn(
[2021-12-03 23:35:49,852] {twitter_hook.py:36} INFO - URL: https://api.twitter.com/2/tweets/search/recent?query=VascodaGama&tweet.fields=author_id,conversation_id,created_at,id,in_reply_to_user_id,public_metrics,text&expansions=author_id&user.fields=id,name,username,created_at&start_time=2021-11-28T09:00:00.00Z&end_time=2021-11-29T09:00:00.00Z&next_token=b26v89c19zqg8o3fpdy7o03zmqjzbsblzhctrgbcj6vel
[2021-12-03 23:35:49,852] {logging_mixin.py:112} WARNING - /home/kauai/datapipeline/venv/lib/python3.8/site-packages/urllib3/connectionpool.py:981: InsecureRequestWarning: Unverified HTTPS request is being made to host 'api.twitter.com'. Adding certificate verification is strongly advised. See: https://urllib3.readthedocs.io/en/latest/advanced-usage.html#ssl-warnings
  warnings.warn(
[2021-12-03 23:35:50,233] {twitter_hook.py:36} INFO - URL: https://api.twitter.com/2/tweets/search/recent?query=VascodaGama&tweet.fields=author_id,conversation_id,created_at,id,in_reply_to_user_id,public_metrics,text&expansions=author_id&user.fields=id,name,username,created_at&start_time=2021-11-28T09:00:00.00Z&end_time=2021-11-29T09:00:00.00Z&next_token=b26v89c19zqg8o3fpdy7o03zmppbdv956fyhgty536ohp
[2021-12-03 23:35:50,233] {logging_mixin.py:112} WARNING - /home/kauai/datapipeline/venv/lib/python3.8/site-packages/urllib3/connectionpool.py:981: InsecureRequestWarning: Unverified HTTPS request is being made to host 'api.twitter.com'. Adding certificate verification is strongly advised. See: https://urllib3.readthedocs.io/en/latest/advanced-usage.html#ssl-warnings
  warnings.warn(
[2021-12-03 23:35:50,600] {twitter_hook.py:36} INFO - URL: https://api.twitter.com/2/tweets/search/recent?query=VascodaGama&tweet.fields=author_id,conversation_id,created_at,id,in_reply_to_user_id,public_metrics,text&expansions=author_id&user.fields=id,name,username,created_at&start_time=2021-11-28T09:00:00.00Z&end_time=2021-11-29T09:00:00.00Z&next_token=b26v89c19zqg8o3fpdy7o03zl7xlltmtaouha1r17sfb1
[2021-12-03 23:35:50,600] {logging_mixin.py:112} WARNING - /home/kauai/datapipeline/venv/lib/python3.8/site-packages/urllib3/connectionpool.py:981: InsecureRequestWarning: Unverified HTTPS request is being made to host 'api.twitter.com'. Adding certificate verification is strongly advised. See: https://urllib3.readthedocs.io/en/latest/advanced-usage.html#ssl-warnings
  warnings.warn(
[2021-12-03 23:35:50,988] {twitter_hook.py:36} INFO - URL: https://api.twitter.com/2/tweets/search/recent?query=VascodaGama&tweet.fields=author_id,conversation_id,created_at,id,in_reply_to_user_id,public_metrics,text&expansions=author_id&user.fields=id,name,username,created_at&start_time=2021-11-28T09:00:00.00Z&end_time=2021-11-29T09:00:00.00Z&next_token=b26v89c19zqg8o3fpdy7o03zl6nkl2cuhceo9k6ql8cxp
[2021-12-03 23:35:50,989] {logging_mixin.py:112} WARNING - /home/kauai/datapipeline/venv/lib/python3.8/site-packages/urllib3/connectionpool.py:981: InsecureRequestWarning: Unverified HTTPS request is being made to host 'api.twitter.com'. Adding certificate verification is strongly advised. See: https://urllib3.readthedocs.io/en/latest/advanced-usage.html#ssl-warnings
  warnings.warn(
[2021-12-03 23:35:51,359] {twitter_hook.py:36} INFO - URL: https://api.twitter.com/2/tweets/search/recent?query=VascodaGama&tweet.fields=author_id,conversation_id,created_at,id,in_reply_to_user_id,public_metrics,text&expansions=author_id&user.fields=id,name,username,created_at&start_time=2021-11-28T09:00:00.00Z&end_time=2021-11-29T09:00:00.00Z&next_token=b26v89c19zqg8o3fpdy7o03zjovrjlr2a0q2ty6593hq5
[2021-12-03 23:35:51,359] {logging_mixin.py:112} WARNING - /home/kauai/datapipeline/venv/lib/python3.8/site-packages/urllib3/connectionpool.py:981: InsecureRequestWarning: Unverified HTTPS request is being made to host 'api.twitter.com'. Adding certificate verification is strongly advised. See: https://urllib3.readthedocs.io/en/latest/advanced-usage.html#ssl-warnings
  warnings.warn(
[2021-12-03 23:35:51,742] {twitter_hook.py:36} INFO - URL: https://api.twitter.com/2/tweets/search/recent?query=VascodaGama&tweet.fields=author_id,conversation_id,created_at,id,in_reply_to_user_id,public_metrics,text&expansions=author_id&user.fields=id,name,username,created_at&start_time=2021-11-28T09:00:00.00Z&end_time=2021-11-29T09:00:00.00Z&next_token=b26v89c19zqg8o3fpdy7o03zjo12hqhl0aled2cx52cu5
[2021-12-03 23:35:51,742] {logging_mixin.py:112} WARNING - /home/kauai/datapipeline/venv/lib/python3.8/site-packages/urllib3/connectionpool.py:981: InsecureRequestWarning: Unverified HTTPS request is being made to host 'api.twitter.com'. Adding certificate verification is strongly advised. See: https://urllib3.readthedocs.io/en/latest/advanced-usage.html#ssl-warnings
  warnings.warn(
[2021-12-03 23:35:52,104] {twitter_hook.py:36} INFO - URL: https://api.twitter.com/2/tweets/search/recent?query=VascodaGama&tweet.fields=author_id,conversation_id,created_at,id,in_reply_to_user_id,public_metrics,text&expansions=author_id&user.fields=id,name,username,created_at&start_time=2021-11-28T09:00:00.00Z&end_time=2021-11-29T09:00:00.00Z&next_token=b26v89c19zqg8o3fpdy7o03zi5mhltnvbcqu52nwso399
[2021-12-03 23:35:52,106] {logging_mixin.py:112} WARNING - /home/kauai/datapipeline/venv/lib/python3.8/site-packages/urllib3/connectionpool.py:981: InsecureRequestWarning: Unverified HTTPS request is being made to host 'api.twitter.com'. Adding certificate verification is strongly advised. See: https://urllib3.readthedocs.io/en/latest/advanced-usage.html#ssl-warnings
  warnings.warn(
[2021-12-03 23:35:52,458] {twitter_hook.py:36} INFO - URL: https://api.twitter.com/2/tweets/search/recent?query=VascodaGama&tweet.fields=author_id,conversation_id,created_at,id,in_reply_to_user_id,public_metrics,text&expansions=author_id&user.fields=id,name,username,created_at&start_time=2021-11-28T09:00:00.00Z&end_time=2021-11-29T09:00:00.00Z&next_token=b26v89c19zqg8o3fpdy7o03zgn7o2cwpt7taclyrwra0t
[2021-12-03 23:35:52,458] {logging_mixin.py:112} WARNING - /home/kauai/datapipeline/venv/lib/python3.8/site-packages/urllib3/connectionpool.py:981: InsecureRequestWarning: Unverified HTTPS request is being made to host 'api.twitter.com'. Adding certificate verification is strongly advised. See: https://urllib3.readthedocs.io/en/latest/advanced-usage.html#ssl-warnings
  warnings.warn(
[2021-12-03 23:35:52,715] {http_hook.py:150} ERROR - HTTP error: Too Many Requests
[2021-12-03 23:35:52,715] {http_hook.py:151} ERROR - {"title":"Too Many Requests","detail":"Too Many Requests","type":"about:blank","status":429}
[2021-12-03 23:35:52,727] {taskinstance.py:1150} ERROR - 429:Too Many Requests
Traceback (most recent call last):
  File "/home/kauai/datapipeline/venv/lib/python3.8/site-packages/airflow/hooks/http_hook.py", line 148, in check_response
    response.raise_for_status()
  File "/home/kauai/datapipeline/venv/lib/python3.8/site-packages/requests/models.py", line 941, in raise_for_status
    raise HTTPError(http_error_msg, response=self)
requests.exceptions.HTTPError: 429 Client Error: Too Many Requests for url: https://api.twitter.com/2/tweets/search/recent?query=VascodaGama&tweet.fields=author_id,conversation_id,created_at,id,in_reply_to_user_id,public_metrics,text&expansions=author_id&user.fields=id,name,username,created_at&start_time=2021-11-28T09:00:00.00Z&end_time=2021-11-29T09:00:00.00Z&next_token=b26v89c19zqg8o3fpdy7o03zgn7o2cwpt7taclyrwra0t

During handling of the above exception, another exception occurred:

Traceback (most recent call last):
  File "/home/kauai/datapipeline/venv/lib/python3.8/site-packages/airflow/models/taskinstance.py", line 984, in _run_raw_task
    result = task_copy.execute(context=context)
  File "/home/kauai/airflow/plugins/operators/twitter_operator.py", line 49, in execute
    for pg in hook.run():
  File "/home/kauai/airflow/plugins/hooks/twitter_hook.py", line 56, in run
    yield from self.paginate(url, session)
  File "/home/kauai/airflow/plugins/hooks/twitter_hook.py", line 48, in paginate
    yield from self.paginate(url, session, data['meta']['next_token'])
  File "/home/kauai/airflow/plugins/hooks/twitter_hook.py", line 48, in paginate
    yield from self.paginate(url, session, data['meta']['next_token'])
  File "/home/kauai/airflow/plugins/hooks/twitter_hook.py", line 48, in paginate
    yield from self.paginate(url, session, data['meta']['next_token'])
  [Previous line repeated 81 more times]
  File "/home/kauai/airflow/plugins/hooks/twitter_hook.py", line 45, in paginate
    data = self.connect_to_endpoint(full_url, session)
  File "/home/kauai/airflow/plugins/hooks/twitter_hook.py", line 37, in connect_to_endpoint
    return self.run_and_check(session, prep, {}).json()
  File "/home/kauai/datapipeline/venv/lib/python3.8/site-packages/airflow/hooks/http_hook.py", line 181, in run_and_check
    self.check_response(response)
  File "/home/kauai/datapipeline/venv/lib/python3.8/site-packages/airflow/hooks/http_hook.py", line 152, in check_response
    raise AirflowException(str(response.status_code) + ":" + response.reason)
airflow.exceptions.AirflowException: 429:Too Many Requests
[2021-12-03 23:35:52,747] {taskinstance.py:1187} INFO - Marking task as FAILED. dag_id=twitter_dag, task_id=twitter_vascodagama, execution_date=20211128T090000, start_date=20211204T023520, end_date=20211204T023552
[2021-12-03 23:35:55,338] {local_task_job.py:102} INFO - Task exited with return code 1
