[2021-12-02 23:31:27,158] {taskinstance.py:670} INFO - Dependencies all met for <TaskInstance: twitter_dag.transform_twitter_aluraonline 2021-11-27T09:00:00+00:00 [queued]>
[2021-12-02 23:31:27,174] {taskinstance.py:670} INFO - Dependencies all met for <TaskInstance: twitter_dag.transform_twitter_aluraonline 2021-11-27T09:00:00+00:00 [queued]>
[2021-12-02 23:31:27,174] {taskinstance.py:880} INFO - 
--------------------------------------------------------------------------------
[2021-12-02 23:31:27,174] {taskinstance.py:881} INFO - Starting attempt 2 of 2
[2021-12-02 23:31:27,176] {taskinstance.py:882} INFO - 
--------------------------------------------------------------------------------
[2021-12-02 23:31:27,187] {taskinstance.py:901} INFO - Executing <Task(SparkSubmitOperator): transform_twitter_aluraonline> on 2021-11-27T09:00:00+00:00
[2021-12-02 23:31:27,188] {standard_task_runner.py:54} INFO - Started process 14580 to run task
[2021-12-02 23:31:27,343] {standard_task_runner.py:77} INFO - Running: ['airflow', 'run', 'twitter_dag', 'transform_twitter_aluraonline', '2021-11-27T09:00:00+00:00', '--job_id', '64', '--pool', 'default_pool', '--raw', '-sd', 'DAGS_FOLDER/twitter_dag.py', '--cfg_path', '/tmp/tmpta73jydn']
[2021-12-02 23:31:27,343] {standard_task_runner.py:78} INFO - Job 64: Subtask transform_twitter_aluraonline
[2021-12-02 23:31:27,400] {logging_mixin.py:112} INFO - Running <TaskInstance: twitter_dag.transform_twitter_aluraonline 2021-11-27T09:00:00+00:00 [running]> on host kauai-VirtualBox
[2021-12-02 23:31:27,503] {base_hook.py:89} INFO - Using connection to: id: spark_default. Host: local, Port: None, Schema: None, Login: None, Password: None, extra: XXXXXXXX
[2021-12-02 23:31:27,503] {spark_submit_hook.py:325} INFO - Spark-Submit cmd: /home/kauai/spark-3.1.2-bin-hadoop3.2/bin/spark-submit --master local --name twitter_transformation /home/kauai/datapipeline/spark/transformation.py --src /home/kauai/datapipeline/datalake/bronze/twitter_aluraonline/extract_date=2021-11-27 --dest /home/kauai/datapipeline/datalake/silver/twitter_aluraonline/ --process-date 2021-11-27
[2021-12-02 23:31:30,097] {spark_submit_hook.py:479} INFO - 21/12/02 23:31:30 WARN Utils: Your hostname, kauai-VirtualBox resolves to a loopback address: 127.0.1.1; using 10.0.2.15 instead (on interface enp0s3)
[2021-12-02 23:31:30,098] {spark_submit_hook.py:479} INFO - 21/12/02 23:31:30 WARN Utils: Set SPARK_LOCAL_IP if you need to bind to another address
[2021-12-02 23:31:30,105] {spark_submit_hook.py:479} INFO - WARNING: An illegal reflective access operation has occurred
[2021-12-02 23:31:30,105] {spark_submit_hook.py:479} INFO - WARNING: Illegal reflective access by org.apache.spark.unsafe.Platform (file:/opt/spark/jars/spark-unsafe_2.12-3.1.2.jar) to constructor java.nio.DirectByteBuffer(long,int)
[2021-12-02 23:31:30,105] {spark_submit_hook.py:479} INFO - WARNING: Please consider reporting this to the maintainers of org.apache.spark.unsafe.Platform
[2021-12-02 23:31:30,105] {spark_submit_hook.py:479} INFO - WARNING: Use --illegal-access=warn to enable warnings of further illegal reflective access operations
[2021-12-02 23:31:30,108] {spark_submit_hook.py:479} INFO - WARNING: All illegal access operations will be denied in a future release
[2021-12-02 23:31:30,635] {spark_submit_hook.py:479} INFO - 21/12/02 23:31:30 WARN NativeCodeLoader: Unable to load native-hadoop library for your platform... using builtin-java classes where applicable
[2021-12-02 23:31:31,347] {spark_submit_hook.py:479} INFO - Using Spark's default log4j profile: org/apache/spark/log4j-defaults.properties
[2021-12-02 23:31:31,353] {spark_submit_hook.py:479} INFO - 21/12/02 23:31:31 INFO SparkContext: Running Spark version 3.1.2
[2021-12-02 23:31:31,430] {spark_submit_hook.py:479} INFO - 21/12/02 23:31:31 INFO ResourceUtils: ==============================================================
[2021-12-02 23:31:31,431] {spark_submit_hook.py:479} INFO - 21/12/02 23:31:31 INFO ResourceUtils: No custom resources configured for spark.driver.
[2021-12-02 23:31:31,431] {spark_submit_hook.py:479} INFO - 21/12/02 23:31:31 INFO ResourceUtils: ==============================================================
[2021-12-02 23:31:31,432] {spark_submit_hook.py:479} INFO - 21/12/02 23:31:31 INFO SparkContext: Submitted application: twitter_transformation
[2021-12-02 23:31:31,461] {spark_submit_hook.py:479} INFO - 21/12/02 23:31:31 INFO ResourceProfile: Default ResourceProfile created, executor resources: Map(cores -> name: cores, amount: 1, script: , vendor: , memory -> name: memory, amount: 1024, script: , vendor: , offHeap -> name: offHeap, amount: 0, script: , vendor: ), task resources: Map(cpus -> name: cpus, amount: 1.0)
[2021-12-02 23:31:31,478] {spark_submit_hook.py:479} INFO - 21/12/02 23:31:31 INFO ResourceProfile: Limiting resource is cpu
[2021-12-02 23:31:31,479] {spark_submit_hook.py:479} INFO - 21/12/02 23:31:31 INFO ResourceProfileManager: Added ResourceProfile id: 0
[2021-12-02 23:31:31,524] {spark_submit_hook.py:479} INFO - 21/12/02 23:31:31 INFO SecurityManager: Changing view acls to: kauai
[2021-12-02 23:31:31,524] {spark_submit_hook.py:479} INFO - 21/12/02 23:31:31 INFO SecurityManager: Changing modify acls to: kauai
[2021-12-02 23:31:31,524] {spark_submit_hook.py:479} INFO - 21/12/02 23:31:31 INFO SecurityManager: Changing view acls groups to:
[2021-12-02 23:31:31,525] {spark_submit_hook.py:479} INFO - 21/12/02 23:31:31 INFO SecurityManager: Changing modify acls groups to:
[2021-12-02 23:31:31,525] {spark_submit_hook.py:479} INFO - 21/12/02 23:31:31 INFO SecurityManager: SecurityManager: authentication disabled; ui acls disabled; users  with view permissions: Set(kauai); groups with view permissions: Set(); users  with modify permissions: Set(kauai); groups with modify permissions: Set()
[2021-12-02 23:31:31,823] {spark_submit_hook.py:479} INFO - 21/12/02 23:31:31 INFO Utils: Successfully started service 'sparkDriver' on port 42023.
[2021-12-02 23:31:31,869] {spark_submit_hook.py:479} INFO - 21/12/02 23:31:31 INFO SparkEnv: Registering MapOutputTracker
[2021-12-02 23:31:31,915] {spark_submit_hook.py:479} INFO - 21/12/02 23:31:31 INFO SparkEnv: Registering BlockManagerMaster
[2021-12-02 23:31:31,958] {spark_submit_hook.py:479} INFO - 21/12/02 23:31:31 INFO BlockManagerMasterEndpoint: Using org.apache.spark.storage.DefaultTopologyMapper for getting topology information
[2021-12-02 23:31:31,959] {spark_submit_hook.py:479} INFO - 21/12/02 23:31:31 INFO BlockManagerMasterEndpoint: BlockManagerMasterEndpoint up
[2021-12-02 23:31:31,965] {spark_submit_hook.py:479} INFO - 21/12/02 23:31:31 INFO SparkEnv: Registering BlockManagerMasterHeartbeat
[2021-12-02 23:31:31,984] {spark_submit_hook.py:479} INFO - 21/12/02 23:31:31 INFO DiskBlockManager: Created local directory at /tmp/blockmgr-7cb43742-71bb-46e3-aa28-f1e72ed0cfb8
[2021-12-02 23:31:32,004] {spark_submit_hook.py:479} INFO - 21/12/02 23:31:32 INFO MemoryStore: MemoryStore started with capacity 413.9 MiB
[2021-12-02 23:31:32,026] {spark_submit_hook.py:479} INFO - 21/12/02 23:31:32 INFO SparkEnv: Registering OutputCommitCoordinator
[2021-12-02 23:31:32,242] {spark_submit_hook.py:479} INFO - 21/12/02 23:31:32 WARN Utils: Service 'SparkUI' could not bind on port 4040. Attempting port 4041.
[2021-12-02 23:31:32,262] {spark_submit_hook.py:479} INFO - 21/12/02 23:31:32 INFO Utils: Successfully started service 'SparkUI' on port 4041.
[2021-12-02 23:31:32,358] {spark_submit_hook.py:479} INFO - 21/12/02 23:31:32 INFO SparkUI: Bound SparkUI to 0.0.0.0, and started at http://10.0.2.15:4041
[2021-12-02 23:31:32,643] {spark_submit_hook.py:479} INFO - 21/12/02 23:31:32 INFO Executor: Starting executor ID driver on host 10.0.2.15
[2021-12-02 23:31:32,683] {spark_submit_hook.py:479} INFO - 21/12/02 23:31:32 INFO Utils: Successfully started service 'org.apache.spark.network.netty.NettyBlockTransferService' on port 34805.
[2021-12-02 23:31:32,684] {spark_submit_hook.py:479} INFO - 21/12/02 23:31:32 INFO NettyBlockTransferService: Server created on 10.0.2.15:34805
[2021-12-02 23:31:32,685] {spark_submit_hook.py:479} INFO - 21/12/02 23:31:32 INFO BlockManager: Using org.apache.spark.storage.RandomBlockReplicationPolicy for block replication policy
[2021-12-02 23:31:32,689] {spark_submit_hook.py:479} INFO - 21/12/02 23:31:32 INFO BlockManagerMaster: Registering BlockManager BlockManagerId(driver, 10.0.2.15, 34805, None)
[2021-12-02 23:31:32,697] {spark_submit_hook.py:479} INFO - 21/12/02 23:31:32 INFO BlockManagerMasterEndpoint: Registering block manager 10.0.2.15:34805 with 413.9 MiB RAM, BlockManagerId(driver, 10.0.2.15, 34805, None)
[2021-12-02 23:31:32,700] {spark_submit_hook.py:479} INFO - 21/12/02 23:31:32 INFO BlockManagerMaster: Registered BlockManager BlockManagerId(driver, 10.0.2.15, 34805, None)
[2021-12-02 23:31:32,701] {spark_submit_hook.py:479} INFO - 21/12/02 23:31:32 INFO BlockManager: Initialized BlockManager: BlockManagerId(driver, 10.0.2.15, 34805, None)
[2021-12-02 23:31:33,376] {spark_submit_hook.py:479} INFO - 21/12/02 23:31:33 INFO SharedState: Setting hive.metastore.warehouse.dir ('null') to the value of spark.sql.warehouse.dir ('file:/home/kauai/datapipeline/spark-warehouse').
[2021-12-02 23:31:33,377] {spark_submit_hook.py:479} INFO - 21/12/02 23:31:33 INFO SharedState: Warehouse path is 'file:/home/kauai/datapipeline/spark-warehouse'.
[2021-12-02 23:31:34,283] {spark_submit_hook.py:479} INFO - 21/12/02 23:31:34 INFO InMemoryFileIndex: It took 105 ms to list leaf files for 1 paths.
[2021-12-02 23:31:34,369] {spark_submit_hook.py:479} INFO - 21/12/02 23:31:34 INFO InMemoryFileIndex: It took 2 ms to list leaf files for 1 paths.
[2021-12-02 23:31:36,690] {spark_submit_hook.py:479} INFO - 21/12/02 23:31:36 INFO FileSourceStrategy: Pushed Filters:
[2021-12-02 23:31:36,690] {spark_submit_hook.py:479} INFO - 21/12/02 23:31:36 INFO FileSourceStrategy: Post-Scan Filters:
[2021-12-02 23:31:36,702] {spark_submit_hook.py:479} INFO - 21/12/02 23:31:36 INFO FileSourceStrategy: Output Data Schema: struct<value: string>
[2021-12-02 23:31:37,049] {spark_submit_hook.py:479} INFO - 21/12/02 23:31:37 INFO MemoryStore: Block broadcast_0 stored as values in memory (estimated size 174.7 KiB, free 413.8 MiB)
[2021-12-02 23:31:37,152] {spark_submit_hook.py:479} INFO - 21/12/02 23:31:37 INFO MemoryStore: Block broadcast_0_piece0 stored as bytes in memory (estimated size 27.6 KiB, free 413.7 MiB)
[2021-12-02 23:31:37,156] {spark_submit_hook.py:479} INFO - 21/12/02 23:31:37 INFO BlockManagerInfo: Added broadcast_0_piece0 in memory on 10.0.2.15:34805 (size: 27.6 KiB, free: 413.9 MiB)
[2021-12-02 23:31:37,161] {spark_submit_hook.py:479} INFO - 21/12/02 23:31:37 INFO SparkContext: Created broadcast 0 from json at NativeMethodAccessorImpl.java:0
[2021-12-02 23:31:37,178] {spark_submit_hook.py:479} INFO - 21/12/02 23:31:37 INFO FileSourceScanExec: Planning scan with bin packing, max size: 4223161 bytes, open cost is considered as scanning 4194304 bytes.
[2021-12-02 23:31:37,385] {spark_submit_hook.py:479} INFO - 21/12/02 23:31:37 INFO SparkContext: Starting job: json at NativeMethodAccessorImpl.java:0
[2021-12-02 23:31:37,407] {spark_submit_hook.py:479} INFO - 21/12/02 23:31:37 INFO DAGScheduler: Got job 0 (json at NativeMethodAccessorImpl.java:0) with 1 output partitions
[2021-12-02 23:31:37,412] {spark_submit_hook.py:479} INFO - 21/12/02 23:31:37 INFO DAGScheduler: Final stage: ResultStage 0 (json at NativeMethodAccessorImpl.java:0)
[2021-12-02 23:31:37,413] {spark_submit_hook.py:479} INFO - 21/12/02 23:31:37 INFO DAGScheduler: Parents of final stage: List()
[2021-12-02 23:31:37,414] {spark_submit_hook.py:479} INFO - 21/12/02 23:31:37 INFO DAGScheduler: Missing parents: List()
[2021-12-02 23:31:37,429] {spark_submit_hook.py:479} INFO - 21/12/02 23:31:37 INFO DAGScheduler: Submitting ResultStage 0 (MapPartitionsRDD[3] at json at NativeMethodAccessorImpl.java:0), which has no missing parents
[2021-12-02 23:31:37,548] {spark_submit_hook.py:479} INFO - 21/12/02 23:31:37 INFO MemoryStore: Block broadcast_1 stored as values in memory (estimated size 12.0 KiB, free 413.7 MiB)
[2021-12-02 23:31:37,550] {spark_submit_hook.py:479} INFO - 21/12/02 23:31:37 INFO MemoryStore: Block broadcast_1_piece0 stored as bytes in memory (estimated size 6.3 KiB, free 413.7 MiB)
[2021-12-02 23:31:37,551] {spark_submit_hook.py:479} INFO - 21/12/02 23:31:37 INFO BlockManagerInfo: Added broadcast_1_piece0 in memory on 10.0.2.15:34805 (size: 6.3 KiB, free: 413.9 MiB)
[2021-12-02 23:31:37,554] {spark_submit_hook.py:479} INFO - 21/12/02 23:31:37 INFO SparkContext: Created broadcast 1 from broadcast at DAGScheduler.scala:1388
[2021-12-02 23:31:37,576] {spark_submit_hook.py:479} INFO - 21/12/02 23:31:37 INFO DAGScheduler: Submitting 1 missing tasks from ResultStage 0 (MapPartitionsRDD[3] at json at NativeMethodAccessorImpl.java:0) (first 15 tasks are for partitions Vector(0))
[2021-12-02 23:31:37,577] {spark_submit_hook.py:479} INFO - 21/12/02 23:31:37 INFO TaskSchedulerImpl: Adding task set 0.0 with 1 tasks resource profile 0
[2021-12-02 23:31:37,646] {spark_submit_hook.py:479} INFO - 21/12/02 23:31:37 INFO TaskSetManager: Starting task 0.0 in stage 0.0 (TID 0) (10.0.2.15, executor driver, partition 0, PROCESS_LOCAL, 4942 bytes) taskResourceAssignments Map()
[2021-12-02 23:31:37,673] {spark_submit_hook.py:479} INFO - 21/12/02 23:31:37 INFO Executor: Running task 0.0 in stage 0.0 (TID 0)
[2021-12-02 23:31:37,847] {spark_submit_hook.py:479} INFO - 21/12/02 23:31:37 INFO FileScanRDD: Reading File path: file:///home/kauai/datapipeline/datalake/bronze/twitter_aluraonline/extract_date=2021-11-27/AluraOnline_20211127.json, range: 0-28857, partition values: [empty row]
[2021-12-02 23:31:38,309] {spark_submit_hook.py:479} INFO - 21/12/02 23:31:38 INFO CodeGenerator: Code generated in 280.692882 ms
[2021-12-02 23:31:38,388] {spark_submit_hook.py:479} INFO - 21/12/02 23:31:38 INFO Executor: Finished task 0.0 in stage 0.0 (TID 0). 2858 bytes result sent to driver
[2021-12-02 23:31:38,410] {spark_submit_hook.py:479} INFO - 21/12/02 23:31:38 INFO TaskSetManager: Finished task 0.0 in stage 0.0 (TID 0) in 787 ms on 10.0.2.15 (executor driver) (1/1)
[2021-12-02 23:31:38,440] {spark_submit_hook.py:479} INFO - 21/12/02 23:31:38 INFO TaskSchedulerImpl: Removed TaskSet 0.0, whose tasks have all completed, from pool
[2021-12-02 23:31:38,457] {spark_submit_hook.py:479} INFO - 21/12/02 23:31:38 INFO DAGScheduler: ResultStage 0 (json at NativeMethodAccessorImpl.java:0) finished in 0,999 s
[2021-12-02 23:31:38,468] {spark_submit_hook.py:479} INFO - 21/12/02 23:31:38 INFO DAGScheduler: Job 0 is finished. Cancelling potential speculative or zombie tasks for this job
[2021-12-02 23:31:38,472] {spark_submit_hook.py:479} INFO - 21/12/02 23:31:38 INFO TaskSchedulerImpl: Killing all running tasks in stage 0: Stage finished
[2021-12-02 23:31:38,478] {spark_submit_hook.py:479} INFO - 21/12/02 23:31:38 INFO DAGScheduler: Job 0 finished: json at NativeMethodAccessorImpl.java:0, took 1,087090 s
[2021-12-02 23:31:39,051] {spark_submit_hook.py:479} INFO - 21/12/02 23:31:39 INFO FileSourceStrategy: Pushed Filters: IsNotNull(data)
[2021-12-02 23:31:39,059] {spark_submit_hook.py:479} INFO - 21/12/02 23:31:39 INFO FileSourceStrategy: Post-Scan Filters: (size(data#7, true) > 0),isnotnull(data#7)
[2021-12-02 23:31:39,060] {spark_submit_hook.py:479} INFO - 21/12/02 23:31:39 INFO FileSourceStrategy: Output Data Schema: struct<data: array<struct<author_id:string,conversation_id:string,created_at:string,id:string,in_reply_to_user_id:string,public_metrics:struct<like_count:bigint,quote_count:bigint,reply_count:bigint,retweet_count:bigint>,text:string>>>
[2021-12-02 23:31:39,247] {spark_submit_hook.py:479} INFO - 21/12/02 23:31:39 INFO BlockManagerInfo: Removed broadcast_1_piece0 on 10.0.2.15:34805 in memory (size: 6.3 KiB, free: 413.9 MiB)
[2021-12-02 23:31:39,269] {spark_submit_hook.py:479} INFO - 21/12/02 23:31:39 INFO BlockManagerInfo: Removed broadcast_0_piece0 on 10.0.2.15:34805 in memory (size: 27.6 KiB, free: 413.9 MiB)
[2021-12-02 23:31:39,270] {spark_submit_hook.py:479} INFO - 21/12/02 23:31:39 INFO FileOutputCommitter: File Output Committer Algorithm version is 1
[2021-12-02 23:31:39,270] {spark_submit_hook.py:479} INFO - 21/12/02 23:31:39 INFO FileOutputCommitter: FileOutputCommitter skip cleanup _temporary folders under output directory:false, ignore cleanup failures: false
[2021-12-02 23:31:39,271] {spark_submit_hook.py:479} INFO - 21/12/02 23:31:39 INFO SQLHadoopMapReduceCommitProtocol: Using output committer class org.apache.hadoop.mapreduce.lib.output.FileOutputCommitter
[2021-12-02 23:31:39,446] {spark_submit_hook.py:479} INFO - 21/12/02 23:31:39 INFO CodeGenerator: Code generated in 51.498622 ms
[2021-12-02 23:31:39,538] {spark_submit_hook.py:479} INFO - 21/12/02 23:31:39 INFO CodeGenerator: Code generated in 50.918541 ms
[2021-12-02 23:31:39,550] {spark_submit_hook.py:479} INFO - 21/12/02 23:31:39 INFO MemoryStore: Block broadcast_2 stored as values in memory (estimated size 174.6 KiB, free 413.8 MiB)
[2021-12-02 23:31:39,567] {spark_submit_hook.py:479} INFO - 21/12/02 23:31:39 INFO MemoryStore: Block broadcast_2_piece0 stored as bytes in memory (estimated size 27.6 KiB, free 413.7 MiB)
[2021-12-02 23:31:39,569] {spark_submit_hook.py:479} INFO - 21/12/02 23:31:39 INFO BlockManagerInfo: Added broadcast_2_piece0 in memory on 10.0.2.15:34805 (size: 27.6 KiB, free: 413.9 MiB)
[2021-12-02 23:31:39,571] {spark_submit_hook.py:479} INFO - 21/12/02 23:31:39 INFO SparkContext: Created broadcast 2 from json at NativeMethodAccessorImpl.java:0
[2021-12-02 23:31:39,582] {spark_submit_hook.py:479} INFO - 21/12/02 23:31:39 INFO FileSourceScanExec: Planning scan with bin packing, max size: 4223161 bytes, open cost is considered as scanning 4194304 bytes.
[2021-12-02 23:31:39,723] {spark_submit_hook.py:479} INFO - 21/12/02 23:31:39 INFO SparkContext: Starting job: json at NativeMethodAccessorImpl.java:0
[2021-12-02 23:31:39,724] {spark_submit_hook.py:479} INFO - 21/12/02 23:31:39 INFO DAGScheduler: Got job 1 (json at NativeMethodAccessorImpl.java:0) with 1 output partitions
[2021-12-02 23:31:39,724] {spark_submit_hook.py:479} INFO - 21/12/02 23:31:39 INFO DAGScheduler: Final stage: ResultStage 1 (json at NativeMethodAccessorImpl.java:0)
[2021-12-02 23:31:39,724] {spark_submit_hook.py:479} INFO - 21/12/02 23:31:39 INFO DAGScheduler: Parents of final stage: List()
[2021-12-02 23:31:39,724] {spark_submit_hook.py:479} INFO - 21/12/02 23:31:39 INFO DAGScheduler: Missing parents: List()
[2021-12-02 23:31:39,729] {spark_submit_hook.py:479} INFO - 21/12/02 23:31:39 INFO DAGScheduler: Submitting ResultStage 1 (CoalescedRDD[13] at json at NativeMethodAccessorImpl.java:0), which has no missing parents
[2021-12-02 23:31:39,790] {spark_submit_hook.py:479} INFO - 21/12/02 23:31:39 INFO MemoryStore: Block broadcast_3 stored as values in memory (estimated size 188.7 KiB, free 413.5 MiB)
[2021-12-02 23:31:39,793] {spark_submit_hook.py:479} INFO - 21/12/02 23:31:39 INFO MemoryStore: Block broadcast_3_piece0 stored as bytes in memory (estimated size 66.6 KiB, free 413.5 MiB)
[2021-12-02 23:31:39,794] {spark_submit_hook.py:479} INFO - 21/12/02 23:31:39 INFO BlockManagerInfo: Added broadcast_3_piece0 in memory on 10.0.2.15:34805 (size: 66.6 KiB, free: 413.8 MiB)
[2021-12-02 23:31:39,795] {spark_submit_hook.py:479} INFO - 21/12/02 23:31:39 INFO SparkContext: Created broadcast 3 from broadcast at DAGScheduler.scala:1388
[2021-12-02 23:31:39,797] {spark_submit_hook.py:479} INFO - 21/12/02 23:31:39 INFO DAGScheduler: Submitting 1 missing tasks from ResultStage 1 (CoalescedRDD[13] at json at NativeMethodAccessorImpl.java:0) (first 15 tasks are for partitions Vector(0))
[2021-12-02 23:31:39,797] {spark_submit_hook.py:479} INFO - 21/12/02 23:31:39 INFO TaskSchedulerImpl: Adding task set 1.0 with 1 tasks resource profile 0
[2021-12-02 23:31:39,799] {spark_submit_hook.py:479} INFO - 21/12/02 23:31:39 INFO TaskSetManager: Starting task 0.0 in stage 1.0 (TID 1) (10.0.2.15, executor driver, partition 0, PROCESS_LOCAL, 5171 bytes) taskResourceAssignments Map()
[2021-12-02 23:31:39,800] {spark_submit_hook.py:479} INFO - 21/12/02 23:31:39 INFO Executor: Running task 0.0 in stage 1.0 (TID 1)
[2021-12-02 23:31:39,901] {spark_submit_hook.py:479} INFO - 21/12/02 23:31:39 INFO FileOutputCommitter: File Output Committer Algorithm version is 1
[2021-12-02 23:31:39,901] {spark_submit_hook.py:479} INFO - 21/12/02 23:31:39 INFO FileOutputCommitter: FileOutputCommitter skip cleanup _temporary folders under output directory:false, ignore cleanup failures: false
[2021-12-02 23:31:39,902] {spark_submit_hook.py:479} INFO - 21/12/02 23:31:39 INFO SQLHadoopMapReduceCommitProtocol: Using output committer class org.apache.hadoop.mapreduce.lib.output.FileOutputCommitter
[2021-12-02 23:31:40,030] {spark_submit_hook.py:479} INFO - 21/12/02 23:31:40 INFO CodeGenerator: Code generated in 45.428849 ms
[2021-12-02 23:31:40,033] {spark_submit_hook.py:479} INFO - 21/12/02 23:31:40 INFO FileScanRDD: Reading File path: file:///home/kauai/datapipeline/datalake/bronze/twitter_aluraonline/extract_date=2021-11-27/AluraOnline_20211127.json, range: 0-28857, partition values: [empty row]
[2021-12-02 23:31:40,081] {spark_submit_hook.py:479} INFO - 21/12/02 23:31:40 INFO CodeGenerator: Code generated in 41.136632 ms
[2021-12-02 23:31:40,113] {spark_submit_hook.py:479} INFO - 21/12/02 23:31:40 INFO CodeGenerator: Code generated in 5.610775 ms
[2021-12-02 23:31:40,182] {spark_submit_hook.py:479} INFO - 21/12/02 23:31:40 INFO FileOutputCommitter: Saved output of task 'attempt_202112022331394008817520200889497_0001_m_000000_1' to file:/home/kauai/datapipeline/datalake/silver/twitter_aluraonline/tweet/process_date=2021-11-27/_temporary/0/task_202112022331394008817520200889497_0001_m_000000
[2021-12-02 23:31:40,183] {spark_submit_hook.py:479} INFO - 21/12/02 23:31:40 INFO SparkHadoopMapRedUtil: attempt_202112022331394008817520200889497_0001_m_000000_1: Committed
[2021-12-02 23:31:40,194] {spark_submit_hook.py:479} INFO - 21/12/02 23:31:40 INFO Executor: Finished task 0.0 in stage 1.0 (TID 1). 2944 bytes result sent to driver
[2021-12-02 23:31:40,201] {spark_submit_hook.py:479} INFO - 21/12/02 23:31:40 INFO TaskSetManager: Finished task 0.0 in stage 1.0 (TID 1) in 404 ms on 10.0.2.15 (executor driver) (1/1)
[2021-12-02 23:31:40,203] {spark_submit_hook.py:479} INFO - 21/12/02 23:31:40 INFO DAGScheduler: ResultStage 1 (json at NativeMethodAccessorImpl.java:0) finished in 0,472 s
[2021-12-02 23:31:40,203] {spark_submit_hook.py:479} INFO - 21/12/02 23:31:40 INFO DAGScheduler: Job 1 is finished. Cancelling potential speculative or zombie tasks for this job
[2021-12-02 23:31:40,206] {spark_submit_hook.py:479} INFO - 21/12/02 23:31:40 INFO TaskSchedulerImpl: Removed TaskSet 1.0, whose tasks have all completed, from pool
[2021-12-02 23:31:40,209] {spark_submit_hook.py:479} INFO - 21/12/02 23:31:40 INFO TaskSchedulerImpl: Killing all running tasks in stage 1: Stage finished
[2021-12-02 23:31:40,209] {spark_submit_hook.py:479} INFO - 21/12/02 23:31:40 INFO DAGScheduler: Job 1 finished: json at NativeMethodAccessorImpl.java:0, took 0,484083 s
[2021-12-02 23:31:40,226] {spark_submit_hook.py:479} INFO - 21/12/02 23:31:40 INFO FileFormatWriter: Write Job b08705d2-a369-4574-a8c4-2bb43cd4b117 committed.
[2021-12-02 23:31:40,229] {spark_submit_hook.py:479} INFO - 21/12/02 23:31:40 INFO FileFormatWriter: Finished processing stats for write job b08705d2-a369-4574-a8c4-2bb43cd4b117.
[2021-12-02 23:31:40,317] {spark_submit_hook.py:479} INFO - 21/12/02 23:31:40 INFO FileSourceStrategy: Pushed Filters: IsNotNull(includes)
[2021-12-02 23:31:40,321] {spark_submit_hook.py:479} INFO - 21/12/02 23:31:40 INFO FileSourceStrategy: Post-Scan Filters: isnotnull(includes#8),(size(includes#8.users, true) > 0),isnotnull(includes#8.users)
[2021-12-02 23:31:40,321] {spark_submit_hook.py:479} INFO - 21/12/02 23:31:40 INFO FileSourceStrategy: Output Data Schema: struct<includes: struct<users: array<struct<created_at:string,id:string,name:string,username:string>>>>
[2021-12-02 23:31:40,341] {spark_submit_hook.py:479} INFO - 21/12/02 23:31:40 INFO FileOutputCommitter: File Output Committer Algorithm version is 1
[2021-12-02 23:31:40,341] {spark_submit_hook.py:479} INFO - 21/12/02 23:31:40 INFO FileOutputCommitter: FileOutputCommitter skip cleanup _temporary folders under output directory:false, ignore cleanup failures: false
[2021-12-02 23:31:40,343] {spark_submit_hook.py:479} INFO - 21/12/02 23:31:40 INFO SQLHadoopMapReduceCommitProtocol: Using output committer class org.apache.hadoop.mapreduce.lib.output.FileOutputCommitter
[2021-12-02 23:31:40,386] {spark_submit_hook.py:479} INFO - 21/12/02 23:31:40 INFO CodeGenerator: Code generated in 19.164921 ms
[2021-12-02 23:31:40,426] {spark_submit_hook.py:479} INFO - 21/12/02 23:31:40 INFO CodeGenerator: Code generated in 28.638246 ms
[2021-12-02 23:31:40,437] {spark_submit_hook.py:479} INFO - 21/12/02 23:31:40 INFO MemoryStore: Block broadcast_4 stored as values in memory (estimated size 174.6 KiB, free 413.3 MiB)
[2021-12-02 23:31:40,459] {spark_submit_hook.py:479} INFO - 21/12/02 23:31:40 INFO MemoryStore: Block broadcast_4_piece0 stored as bytes in memory (estimated size 27.6 KiB, free 413.3 MiB)
[2021-12-02 23:31:40,460] {spark_submit_hook.py:479} INFO - 21/12/02 23:31:40 INFO BlockManagerInfo: Added broadcast_4_piece0 in memory on 10.0.2.15:34805 (size: 27.6 KiB, free: 413.8 MiB)
[2021-12-02 23:31:40,461] {spark_submit_hook.py:479} INFO - 21/12/02 23:31:40 INFO SparkContext: Created broadcast 4 from json at NativeMethodAccessorImpl.java:0
[2021-12-02 23:31:40,461] {spark_submit_hook.py:479} INFO - 21/12/02 23:31:40 INFO FileSourceScanExec: Planning scan with bin packing, max size: 4223161 bytes, open cost is considered as scanning 4194304 bytes.
[2021-12-02 23:31:40,517] {spark_submit_hook.py:479} INFO - 21/12/02 23:31:40 INFO SparkContext: Starting job: json at NativeMethodAccessorImpl.java:0
[2021-12-02 23:31:40,523] {spark_submit_hook.py:479} INFO - 21/12/02 23:31:40 INFO DAGScheduler: Got job 2 (json at NativeMethodAccessorImpl.java:0) with 1 output partitions
[2021-12-02 23:31:40,524] {spark_submit_hook.py:479} INFO - 21/12/02 23:31:40 INFO DAGScheduler: Final stage: ResultStage 2 (json at NativeMethodAccessorImpl.java:0)
[2021-12-02 23:31:40,524] {spark_submit_hook.py:479} INFO - 21/12/02 23:31:40 INFO DAGScheduler: Parents of final stage: List()
[2021-12-02 23:31:40,524] {spark_submit_hook.py:479} INFO - 21/12/02 23:31:40 INFO DAGScheduler: Missing parents: List()
[2021-12-02 23:31:40,525] {spark_submit_hook.py:479} INFO - 21/12/02 23:31:40 INFO DAGScheduler: Submitting ResultStage 2 (CoalescedRDD[25] at json at NativeMethodAccessorImpl.java:0), which has no missing parents
[2021-12-02 23:31:40,549] {spark_submit_hook.py:479} INFO - 21/12/02 23:31:40 INFO MemoryStore: Block broadcast_5 stored as values in memory (estimated size 185.1 KiB, free 413.1 MiB)
[2021-12-02 23:31:40,554] {spark_submit_hook.py:479} INFO - 21/12/02 23:31:40 INFO MemoryStore: Block broadcast_5_piece0 stored as bytes in memory (estimated size 66.1 KiB, free 413.0 MiB)
[2021-12-02 23:31:40,555] {spark_submit_hook.py:479} INFO - 21/12/02 23:31:40 INFO BlockManagerInfo: Added broadcast_5_piece0 in memory on 10.0.2.15:34805 (size: 66.1 KiB, free: 413.7 MiB)
[2021-12-02 23:31:40,556] {spark_submit_hook.py:479} INFO - 21/12/02 23:31:40 INFO SparkContext: Created broadcast 5 from broadcast at DAGScheduler.scala:1388
[2021-12-02 23:31:40,557] {spark_submit_hook.py:479} INFO - 21/12/02 23:31:40 INFO DAGScheduler: Submitting 1 missing tasks from ResultStage 2 (CoalescedRDD[25] at json at NativeMethodAccessorImpl.java:0) (first 15 tasks are for partitions Vector(0))
[2021-12-02 23:31:40,557] {spark_submit_hook.py:479} INFO - 21/12/02 23:31:40 INFO TaskSchedulerImpl: Adding task set 2.0 with 1 tasks resource profile 0
[2021-12-02 23:31:40,559] {spark_submit_hook.py:479} INFO - 21/12/02 23:31:40 INFO TaskSetManager: Starting task 0.0 in stage 2.0 (TID 2) (10.0.2.15, executor driver, partition 0, PROCESS_LOCAL, 5171 bytes) taskResourceAssignments Map()
[2021-12-02 23:31:40,559] {spark_submit_hook.py:479} INFO - 21/12/02 23:31:40 INFO Executor: Running task 0.0 in stage 2.0 (TID 2)
[2021-12-02 23:31:40,585] {spark_submit_hook.py:479} INFO - 21/12/02 23:31:40 INFO FileOutputCommitter: File Output Committer Algorithm version is 1
[2021-12-02 23:31:40,587] {spark_submit_hook.py:479} INFO - 21/12/02 23:31:40 INFO FileOutputCommitter: FileOutputCommitter skip cleanup _temporary folders under output directory:false, ignore cleanup failures: false
[2021-12-02 23:31:40,587] {spark_submit_hook.py:479} INFO - 21/12/02 23:31:40 INFO SQLHadoopMapReduceCommitProtocol: Using output committer class org.apache.hadoop.mapreduce.lib.output.FileOutputCommitter
[2021-12-02 23:31:40,648] {spark_submit_hook.py:479} INFO - 21/12/02 23:31:40 INFO CodeGenerator: Code generated in 18.015121 ms
[2021-12-02 23:31:40,656] {spark_submit_hook.py:479} INFO - 21/12/02 23:31:40 INFO FileScanRDD: Reading File path: file:///home/kauai/datapipeline/datalake/bronze/twitter_aluraonline/extract_date=2021-11-27/AluraOnline_20211127.json, range: 0-28857, partition values: [empty row]
[2021-12-02 23:31:40,680] {spark_submit_hook.py:479} INFO - 21/12/02 23:31:40 INFO CodeGenerator: Code generated in 21.641948 ms
[2021-12-02 23:31:40,694] {spark_submit_hook.py:479} INFO - 21/12/02 23:31:40 INFO CodeGenerator: Code generated in 8.891947 ms
[2021-12-02 23:31:40,724] {spark_submit_hook.py:479} INFO - 21/12/02 23:31:40 INFO FileOutputCommitter: Saved output of task 'attempt_202112022331409162981542332301630_0002_m_000000_2' to file:/home/kauai/datapipeline/datalake/silver/twitter_aluraonline/user/process_date=2021-11-27/_temporary/0/task_202112022331409162981542332301630_0002_m_000000
[2021-12-02 23:31:40,724] {spark_submit_hook.py:479} INFO - 21/12/02 23:31:40 INFO SparkHadoopMapRedUtil: attempt_202112022331409162981542332301630_0002_m_000000_2: Committed
[2021-12-02 23:31:40,725] {spark_submit_hook.py:479} INFO - 21/12/02 23:31:40 INFO Executor: Finished task 0.0 in stage 2.0 (TID 2). 2901 bytes result sent to driver
[2021-12-02 23:31:40,730] {spark_submit_hook.py:479} INFO - 21/12/02 23:31:40 INFO TaskSetManager: Finished task 0.0 in stage 2.0 (TID 2) in 172 ms on 10.0.2.15 (executor driver) (1/1)
[2021-12-02 23:31:40,732] {spark_submit_hook.py:479} INFO - 21/12/02 23:31:40 INFO DAGScheduler: ResultStage 2 (json at NativeMethodAccessorImpl.java:0) finished in 0,205 s
[2021-12-02 23:31:40,732] {spark_submit_hook.py:479} INFO - 21/12/02 23:31:40 INFO DAGScheduler: Job 2 is finished. Cancelling potential speculative or zombie tasks for this job
[2021-12-02 23:31:40,732] {spark_submit_hook.py:479} INFO - 21/12/02 23:31:40 INFO TaskSchedulerImpl: Removed TaskSet 2.0, whose tasks have all completed, from pool
[2021-12-02 23:31:40,733] {spark_submit_hook.py:479} INFO - 21/12/02 23:31:40 INFO TaskSchedulerImpl: Killing all running tasks in stage 2: Stage finished
[2021-12-02 23:31:40,733] {spark_submit_hook.py:479} INFO - 21/12/02 23:31:40 INFO DAGScheduler: Job 2 finished: json at NativeMethodAccessorImpl.java:0, took 0,210459 s
[2021-12-02 23:31:40,756] {spark_submit_hook.py:479} INFO - 21/12/02 23:31:40 INFO FileFormatWriter: Write Job 2d6e22ba-2ce7-4f26-aa60-9808c9a1892a committed.
[2021-12-02 23:31:40,756] {spark_submit_hook.py:479} INFO - 21/12/02 23:31:40 INFO FileFormatWriter: Finished processing stats for write job 2d6e22ba-2ce7-4f26-aa60-9808c9a1892a.
[2021-12-02 23:31:40,822] {spark_submit_hook.py:479} INFO - 21/12/02 23:31:40 INFO SparkUI: Stopped Spark web UI at http://10.0.2.15:4041
[2021-12-02 23:31:40,837] {spark_submit_hook.py:479} INFO - 21/12/02 23:31:40 INFO MapOutputTrackerMasterEndpoint: MapOutputTrackerMasterEndpoint stopped!
[2021-12-02 23:31:40,864] {spark_submit_hook.py:479} INFO - 21/12/02 23:31:40 INFO MemoryStore: MemoryStore cleared
[2021-12-02 23:31:40,864] {spark_submit_hook.py:479} INFO - 21/12/02 23:31:40 INFO BlockManager: BlockManager stopped
[2021-12-02 23:31:40,866] {spark_submit_hook.py:479} INFO - 21/12/02 23:31:40 INFO BlockManagerMaster: BlockManagerMaster stopped
[2021-12-02 23:31:40,868] {spark_submit_hook.py:479} INFO - 21/12/02 23:31:40 INFO OutputCommitCoordinator$OutputCommitCoordinatorEndpoint: OutputCommitCoordinator stopped!
[2021-12-02 23:31:40,879] {spark_submit_hook.py:479} INFO - 21/12/02 23:31:40 INFO SparkContext: Successfully stopped SparkContext
[2021-12-02 23:31:40,887] {spark_submit_hook.py:479} INFO - 21/12/02 23:31:40 INFO ShutdownHookManager: Shutdown hook called
[2021-12-02 23:31:40,887] {spark_submit_hook.py:479} INFO - 21/12/02 23:31:40 INFO ShutdownHookManager: Deleting directory /tmp/spark-21e89c56-cad6-4acc-b161-bea97c1718e1
[2021-12-02 23:31:40,891] {spark_submit_hook.py:479} INFO - 21/12/02 23:31:40 INFO ShutdownHookManager: Deleting directory /tmp/spark-99273a99-1df1-4984-bfdc-39589c99c62a/pyspark-0c8aade1-3e5b-4266-8730-422ed0da787c
[2021-12-02 23:31:40,898] {spark_submit_hook.py:479} INFO - 21/12/02 23:31:40 INFO ShutdownHookManager: Deleting directory /tmp/spark-99273a99-1df1-4984-bfdc-39589c99c62a
[2021-12-02 23:31:40,960] {taskinstance.py:1057} INFO - Marking task as SUCCESS.dag_id=twitter_dag, task_id=transform_twitter_aluraonline, execution_date=20211127T090000, start_date=20211203T023127, end_date=20211203T023140
[2021-12-02 23:31:42,132] {local_task_job.py:102} INFO - Task exited with return code 0
