[2021-11-29 23:46:10,053] {taskinstance.py:670} INFO - Dependencies all met for <TaskInstance: twitter_dag.transform_twitter_aluraonline 2021-11-25T09:00:00+00:00 [queued]>
[2021-11-29 23:46:10,078] {taskinstance.py:670} INFO - Dependencies all met for <TaskInstance: twitter_dag.transform_twitter_aluraonline 2021-11-25T09:00:00+00:00 [queued]>
[2021-11-29 23:46:10,078] {taskinstance.py:880} INFO - 
--------------------------------------------------------------------------------
[2021-11-29 23:46:10,078] {taskinstance.py:881} INFO - Starting attempt 3 of 3
[2021-11-29 23:46:10,078] {taskinstance.py:882} INFO - 
--------------------------------------------------------------------------------
[2021-11-29 23:46:10,094] {taskinstance.py:901} INFO - Executing <Task(SparkSubmitOperator): transform_twitter_aluraonline> on 2021-11-25T09:00:00+00:00
[2021-11-29 23:46:10,097] {standard_task_runner.py:54} INFO - Started process 4031 to run task
[2021-11-29 23:46:10,182] {standard_task_runner.py:77} INFO - Running: ['airflow', 'run', 'twitter_dag', 'transform_twitter_aluraonline', '2021-11-25T09:00:00+00:00', '--job_id', '23', '--pool', 'default_pool', '--raw', '-sd', 'DAGS_FOLDER/twitter_dag.py', '--cfg_path', '/tmp/tmpp845rfjg']
[2021-11-29 23:46:10,183] {standard_task_runner.py:78} INFO - Job 23: Subtask transform_twitter_aluraonline
[2021-11-29 23:46:10,241] {logging_mixin.py:112} INFO - Running <TaskInstance: twitter_dag.transform_twitter_aluraonline 2021-11-25T09:00:00+00:00 [running]> on host kauai-VirtualBox
[2021-11-29 23:46:10,316] {base_hook.py:89} INFO - Using connection to: id: spark_default. Host: local, Port: None, Schema: None, Login: None, Password: None, extra: XXXXXXXX
[2021-11-29 23:46:10,320] {spark_submit_hook.py:325} INFO - Spark-Submit cmd: /home/kauai/spark-3.1.2-bin-hadoop3.2/bin/spark-submit --master local --name twitter_transformation /home/kauai/datapipeline/spark/transformation.py --src /home/kauai/kauai/datapipeline/datalake/bronze/twitter_aluraonline/extract_date=2021-11-25 --dest /home/kauai/kauai/datapipeline/datalake/silver/twitter_aluraonline/ --process-date 2021-11-25
[2021-11-29 23:46:11,941] {spark_submit_hook.py:479} INFO - 21/11/29 23:46:11 WARN Utils: Your hostname, kauai-VirtualBox resolves to a loopback address: 127.0.1.1; using 10.0.2.15 instead (on interface enp0s3)
[2021-11-29 23:46:11,945] {spark_submit_hook.py:479} INFO - 21/11/29 23:46:11 WARN Utils: Set SPARK_LOCAL_IP if you need to bind to another address
[2021-11-29 23:46:11,960] {spark_submit_hook.py:479} INFO - WARNING: An illegal reflective access operation has occurred
[2021-11-29 23:46:11,960] {spark_submit_hook.py:479} INFO - WARNING: Illegal reflective access by org.apache.spark.unsafe.Platform (file:/opt/spark/jars/spark-unsafe_2.12-3.1.2.jar) to constructor java.nio.DirectByteBuffer(long,int)
[2021-11-29 23:46:11,960] {spark_submit_hook.py:479} INFO - WARNING: Please consider reporting this to the maintainers of org.apache.spark.unsafe.Platform
[2021-11-29 23:46:11,960] {spark_submit_hook.py:479} INFO - WARNING: Use --illegal-access=warn to enable warnings of further illegal reflective access operations
[2021-11-29 23:46:11,960] {spark_submit_hook.py:479} INFO - WARNING: All illegal access operations will be denied in a future release
[2021-11-29 23:46:12,759] {spark_submit_hook.py:479} INFO - 21/11/29 23:46:12 WARN NativeCodeLoader: Unable to load native-hadoop library for your platform... using builtin-java classes where applicable
[2021-11-29 23:46:14,136] {spark_submit_hook.py:479} INFO - Using Spark's default log4j profile: org/apache/spark/log4j-defaults.properties
[2021-11-29 23:46:14,142] {spark_submit_hook.py:479} INFO - 21/11/29 23:46:14 INFO SparkContext: Running Spark version 3.1.2
[2021-11-29 23:46:14,202] {spark_submit_hook.py:479} INFO - 21/11/29 23:46:14 INFO ResourceUtils: ==============================================================
[2021-11-29 23:46:14,205] {spark_submit_hook.py:479} INFO - 21/11/29 23:46:14 INFO ResourceUtils: No custom resources configured for spark.driver.
[2021-11-29 23:46:14,205] {spark_submit_hook.py:479} INFO - 21/11/29 23:46:14 INFO ResourceUtils: ==============================================================
[2021-11-29 23:46:14,206] {spark_submit_hook.py:479} INFO - 21/11/29 23:46:14 INFO SparkContext: Submitted application: twitter_transformation
[2021-11-29 23:46:14,225] {spark_submit_hook.py:479} INFO - 21/11/29 23:46:14 INFO ResourceProfile: Default ResourceProfile created, executor resources: Map(cores -> name: cores, amount: 1, script: , vendor: , memory -> name: memory, amount: 1024, script: , vendor: , offHeap -> name: offHeap, amount: 0, script: , vendor: ), task resources: Map(cpus -> name: cpus, amount: 1.0)
[2021-11-29 23:46:14,237] {spark_submit_hook.py:479} INFO - 21/11/29 23:46:14 INFO ResourceProfile: Limiting resource is cpu
[2021-11-29 23:46:14,238] {spark_submit_hook.py:479} INFO - 21/11/29 23:46:14 INFO ResourceProfileManager: Added ResourceProfile id: 0
[2021-11-29 23:46:14,315] {spark_submit_hook.py:479} INFO - 21/11/29 23:46:14 INFO SecurityManager: Changing view acls to: kauai
[2021-11-29 23:46:14,319] {spark_submit_hook.py:479} INFO - 21/11/29 23:46:14 INFO SecurityManager: Changing modify acls to: kauai
[2021-11-29 23:46:14,319] {spark_submit_hook.py:479} INFO - 21/11/29 23:46:14 INFO SecurityManager: Changing view acls groups to:
[2021-11-29 23:46:14,320] {spark_submit_hook.py:479} INFO - 21/11/29 23:46:14 INFO SecurityManager: Changing modify acls groups to:
[2021-11-29 23:46:14,320] {spark_submit_hook.py:479} INFO - 21/11/29 23:46:14 INFO SecurityManager: SecurityManager: authentication disabled; ui acls disabled; users  with view permissions: Set(kauai); groups with view permissions: Set(); users  with modify permissions: Set(kauai); groups with modify permissions: Set()
[2021-11-29 23:46:14,601] {spark_submit_hook.py:479} INFO - 21/11/29 23:46:14 INFO Utils: Successfully started service 'sparkDriver' on port 38131.
[2021-11-29 23:46:14,654] {spark_submit_hook.py:479} INFO - 21/11/29 23:46:14 INFO SparkEnv: Registering MapOutputTracker
[2021-11-29 23:46:14,699] {spark_submit_hook.py:479} INFO - 21/11/29 23:46:14 INFO SparkEnv: Registering BlockManagerMaster
[2021-11-29 23:46:14,733] {spark_submit_hook.py:479} INFO - 21/11/29 23:46:14 INFO BlockManagerMasterEndpoint: Using org.apache.spark.storage.DefaultTopologyMapper for getting topology information
[2021-11-29 23:46:14,740] {spark_submit_hook.py:479} INFO - 21/11/29 23:46:14 INFO BlockManagerMasterEndpoint: BlockManagerMasterEndpoint up
[2021-11-29 23:46:14,759] {spark_submit_hook.py:479} INFO - 21/11/29 23:46:14 INFO SparkEnv: Registering BlockManagerMasterHeartbeat
[2021-11-29 23:46:14,784] {spark_submit_hook.py:479} INFO - 21/11/29 23:46:14 INFO DiskBlockManager: Created local directory at /tmp/blockmgr-4b7dfaff-7253-4009-84fb-2c56f5a85f03
[2021-11-29 23:46:14,810] {spark_submit_hook.py:479} INFO - 21/11/29 23:46:14 INFO MemoryStore: MemoryStore started with capacity 413.9 MiB
[2021-11-29 23:46:14,835] {spark_submit_hook.py:479} INFO - 21/11/29 23:46:14 INFO SparkEnv: Registering OutputCommitCoordinator
[2021-11-29 23:46:15,119] {spark_submit_hook.py:479} INFO - 21/11/29 23:46:15 INFO Utils: Successfully started service 'SparkUI' on port 4040.
[2021-11-29 23:46:15,238] {spark_submit_hook.py:479} INFO - 21/11/29 23:46:15 INFO SparkUI: Bound SparkUI to 0.0.0.0, and started at http://10.0.2.15:4040
[2021-11-29 23:46:15,540] {spark_submit_hook.py:479} INFO - 21/11/29 23:46:15 INFO Executor: Starting executor ID driver on host 10.0.2.15
[2021-11-29 23:46:15,579] {spark_submit_hook.py:479} INFO - 21/11/29 23:46:15 INFO Utils: Successfully started service 'org.apache.spark.network.netty.NettyBlockTransferService' on port 35679.
[2021-11-29 23:46:15,579] {spark_submit_hook.py:479} INFO - 21/11/29 23:46:15 INFO NettyBlockTransferService: Server created on 10.0.2.15:35679
[2021-11-29 23:46:15,580] {spark_submit_hook.py:479} INFO - 21/11/29 23:46:15 INFO BlockManager: Using org.apache.spark.storage.RandomBlockReplicationPolicy for block replication policy
[2021-11-29 23:46:15,589] {spark_submit_hook.py:479} INFO - 21/11/29 23:46:15 INFO BlockManagerMaster: Registering BlockManager BlockManagerId(driver, 10.0.2.15, 35679, None)
[2021-11-29 23:46:15,593] {spark_submit_hook.py:479} INFO - 21/11/29 23:46:15 INFO BlockManagerMasterEndpoint: Registering block manager 10.0.2.15:35679 with 413.9 MiB RAM, BlockManagerId(driver, 10.0.2.15, 35679, None)
[2021-11-29 23:46:15,596] {spark_submit_hook.py:479} INFO - 21/11/29 23:46:15 INFO BlockManagerMaster: Registered BlockManager BlockManagerId(driver, 10.0.2.15, 35679, None)
[2021-11-29 23:46:15,598] {spark_submit_hook.py:479} INFO - 21/11/29 23:46:15 INFO BlockManager: Initialized BlockManager: BlockManagerId(driver, 10.0.2.15, 35679, None)
[2021-11-29 23:46:16,200] {spark_submit_hook.py:479} INFO - 21/11/29 23:46:16 INFO SharedState: Setting hive.metastore.warehouse.dir ('null') to the value of spark.sql.warehouse.dir ('file:/home/kauai/datapipeline/spark-warehouse').
[2021-11-29 23:46:16,201] {spark_submit_hook.py:479} INFO - 21/11/29 23:46:16 INFO SharedState: Warehouse path is 'file:/home/kauai/datapipeline/spark-warehouse'.
[2021-11-29 23:46:17,813] {spark_submit_hook.py:479} INFO - 21/11/29 23:46:17 INFO InMemoryFileIndex: It took 173 ms to list leaf files for 1 paths.
[2021-11-29 23:46:18,053] {spark_submit_hook.py:479} INFO - 21/11/29 23:46:18 INFO InMemoryFileIndex: It took 4 ms to list leaf files for 1 paths.
[2021-11-29 23:46:21,212] {spark_submit_hook.py:479} INFO - 21/11/29 23:46:21 INFO FileSourceStrategy: Pushed Filters:
[2021-11-29 23:46:21,213] {spark_submit_hook.py:479} INFO - 21/11/29 23:46:21 INFO FileSourceStrategy: Post-Scan Filters:
[2021-11-29 23:46:21,215] {spark_submit_hook.py:479} INFO - 21/11/29 23:46:21 INFO FileSourceStrategy: Output Data Schema: struct<value: string>
[2021-11-29 23:46:21,794] {spark_submit_hook.py:479} INFO - 21/11/29 23:46:21 INFO MemoryStore: Block broadcast_0 stored as values in memory (estimated size 174.7 KiB, free 413.8 MiB)
[2021-11-29 23:46:21,983] {spark_submit_hook.py:479} INFO - 21/11/29 23:46:21 INFO MemoryStore: Block broadcast_0_piece0 stored as bytes in memory (estimated size 27.6 KiB, free 413.7 MiB)
[2021-11-29 23:46:21,987] {spark_submit_hook.py:479} INFO - 21/11/29 23:46:21 INFO BlockManagerInfo: Added broadcast_0_piece0 in memory on 10.0.2.15:35679 (size: 27.6 KiB, free: 413.9 MiB)
[2021-11-29 23:46:22,001] {spark_submit_hook.py:479} INFO - 21/11/29 23:46:22 INFO SparkContext: Created broadcast 0 from json at NativeMethodAccessorImpl.java:0
[2021-11-29 23:46:22,039] {spark_submit_hook.py:479} INFO - 21/11/29 23:46:22 INFO FileSourceScanExec: Planning scan with bin packing, max size: 4252915 bytes, open cost is considered as scanning 4194304 bytes.
[2021-11-29 23:46:22,522] {spark_submit_hook.py:479} INFO - 21/11/29 23:46:22 INFO SparkContext: Starting job: json at NativeMethodAccessorImpl.java:0
[2021-11-29 23:46:22,588] {spark_submit_hook.py:479} INFO - 21/11/29 23:46:22 INFO DAGScheduler: Got job 0 (json at NativeMethodAccessorImpl.java:0) with 1 output partitions
[2021-11-29 23:46:22,589] {spark_submit_hook.py:479} INFO - 21/11/29 23:46:22 INFO DAGScheduler: Final stage: ResultStage 0 (json at NativeMethodAccessorImpl.java:0)
[2021-11-29 23:46:22,595] {spark_submit_hook.py:479} INFO - 21/11/29 23:46:22 INFO DAGScheduler: Parents of final stage: List()
[2021-11-29 23:46:22,596] {spark_submit_hook.py:479} INFO - 21/11/29 23:46:22 INFO DAGScheduler: Missing parents: List()
[2021-11-29 23:46:22,615] {spark_submit_hook.py:479} INFO - 21/11/29 23:46:22 INFO DAGScheduler: Submitting ResultStage 0 (MapPartitionsRDD[3] at json at NativeMethodAccessorImpl.java:0), which has no missing parents
[2021-11-29 23:46:22,801] {spark_submit_hook.py:479} INFO - 21/11/29 23:46:22 INFO MemoryStore: Block broadcast_1 stored as values in memory (estimated size 12.0 KiB, free 413.7 MiB)
[2021-11-29 23:46:22,808] {spark_submit_hook.py:479} INFO - 21/11/29 23:46:22 INFO MemoryStore: Block broadcast_1_piece0 stored as bytes in memory (estimated size 6.3 KiB, free 413.7 MiB)
[2021-11-29 23:46:22,809] {spark_submit_hook.py:479} INFO - 21/11/29 23:46:22 INFO BlockManagerInfo: Added broadcast_1_piece0 in memory on 10.0.2.15:35679 (size: 6.3 KiB, free: 413.9 MiB)
[2021-11-29 23:46:22,816] {spark_submit_hook.py:479} INFO - 21/11/29 23:46:22 INFO SparkContext: Created broadcast 1 from broadcast at DAGScheduler.scala:1388
[2021-11-29 23:46:22,931] {spark_submit_hook.py:479} INFO - 21/11/29 23:46:22 INFO DAGScheduler: Submitting 1 missing tasks from ResultStage 0 (MapPartitionsRDD[3] at json at NativeMethodAccessorImpl.java:0) (first 15 tasks are for partitions Vector(0))
[2021-11-29 23:46:22,936] {spark_submit_hook.py:479} INFO - 21/11/29 23:46:22 INFO TaskSchedulerImpl: Adding task set 0.0 with 1 tasks resource profile 0
[2021-11-29 23:46:23,130] {spark_submit_hook.py:479} INFO - 21/11/29 23:46:23 INFO TaskSetManager: Starting task 0.0 in stage 0.0 (TID 0) (10.0.2.15, executor driver, partition 0, PROCESS_LOCAL, 4948 bytes) taskResourceAssignments Map()
[2021-11-29 23:46:23,195] {spark_submit_hook.py:479} INFO - 21/11/29 23:46:23 INFO Executor: Running task 0.0 in stage 0.0 (TID 0)
[2021-11-29 23:46:23,627] {spark_submit_hook.py:479} INFO - 21/11/29 23:46:23 INFO FileScanRDD: Reading File path: file:///home/kauai/kauai/datapipeline/datalake/bronze/twitter_aluraonline/extract_date=2021-11-25/AluraOnline_20211125.json, range: 0-58611, partition values: [empty row]
[2021-11-29 23:46:24,663] {spark_submit_hook.py:479} INFO - 21/11/29 23:46:24 INFO CodeGenerator: Code generated in 674.52217 ms
[2021-11-29 23:46:24,903] {spark_submit_hook.py:479} INFO - 21/11/29 23:46:24 INFO Executor: Finished task 0.0 in stage 0.0 (TID 0). 2858 bytes result sent to driver
[2021-11-29 23:46:24,934] {spark_submit_hook.py:479} INFO - 21/11/29 23:46:24 INFO TaskSetManager: Finished task 0.0 in stage 0.0 (TID 0) in 1851 ms on 10.0.2.15 (executor driver) (1/1)
[2021-11-29 23:46:24,995] {spark_submit_hook.py:479} INFO - 21/11/29 23:46:24 INFO DAGScheduler: ResultStage 0 (json at NativeMethodAccessorImpl.java:0) finished in 2,331 s
[2021-11-29 23:46:24,998] {spark_submit_hook.py:479} INFO - 21/11/29 23:46:24 INFO TaskSchedulerImpl: Removed TaskSet 0.0, whose tasks have all completed, from pool
[2021-11-29 23:46:25,012] {spark_submit_hook.py:479} INFO - 21/11/29 23:46:25 INFO DAGScheduler: Job 0 is finished. Cancelling potential speculative or zombie tasks for this job
[2021-11-29 23:46:25,012] {spark_submit_hook.py:479} INFO - 21/11/29 23:46:25 INFO TaskSchedulerImpl: Killing all running tasks in stage 0: Stage finished
[2021-11-29 23:46:25,041] {spark_submit_hook.py:479} INFO - 21/11/29 23:46:25 INFO DAGScheduler: Job 0 finished: json at NativeMethodAccessorImpl.java:0, took 2,499324 s
[2021-11-29 23:46:25,969] {spark_submit_hook.py:479} INFO - 21/11/29 23:46:25 INFO FileSourceStrategy: Pushed Filters: IsNotNull(data)
[2021-11-29 23:46:25,981] {spark_submit_hook.py:479} INFO - 21/11/29 23:46:25 INFO FileSourceStrategy: Post-Scan Filters: (size(data#7, true) > 0),isnotnull(data#7)
[2021-11-29 23:46:25,984] {spark_submit_hook.py:479} INFO - 21/11/29 23:46:25 INFO FileSourceStrategy: Output Data Schema: struct<data: array<struct<author_id:string,conversation_id:string,created_at:string,id:string,in_reply_to_user_id:string,public_metrics:struct<like_count:bigint,quote_count:bigint,reply_count:bigint,retweet_count:bigint>,text:string>>>
[2021-11-29 23:46:26,343] {spark_submit_hook.py:479} INFO - 21/11/29 23:46:26 INFO BlockManagerInfo: Removed broadcast_1_piece0 on 10.0.2.15:35679 in memory (size: 6.3 KiB, free: 413.9 MiB)
[2021-11-29 23:46:26,360] {spark_submit_hook.py:479} INFO - 21/11/29 23:46:26 INFO FileOutputCommitter: File Output Committer Algorithm version is 1
[2021-11-29 23:46:26,361] {spark_submit_hook.py:479} INFO - 21/11/29 23:46:26 INFO FileOutputCommitter: FileOutputCommitter skip cleanup _temporary folders under output directory:false, ignore cleanup failures: false
[2021-11-29 23:46:26,369] {spark_submit_hook.py:479} INFO - 21/11/29 23:46:26 INFO SQLHadoopMapReduceCommitProtocol: Using output committer class org.apache.hadoop.mapreduce.lib.output.FileOutputCommitter
[2021-11-29 23:46:26,376] {spark_submit_hook.py:479} INFO - 21/11/29 23:46:26 INFO BlockManagerInfo: Removed broadcast_0_piece0 on 10.0.2.15:35679 in memory (size: 27.6 KiB, free: 413.9 MiB)
[2021-11-29 23:46:26,570] {spark_submit_hook.py:479} INFO - 21/11/29 23:46:26 INFO CodeGenerator: Code generated in 125.351266 ms
[2021-11-29 23:46:26,752] {spark_submit_hook.py:479} INFO - 21/11/29 23:46:26 INFO CodeGenerator: Code generated in 136.632666 ms
[2021-11-29 23:46:26,772] {spark_submit_hook.py:479} INFO - 21/11/29 23:46:26 INFO MemoryStore: Block broadcast_2 stored as values in memory (estimated size 174.6 KiB, free 413.8 MiB)
[2021-11-29 23:46:26,809] {spark_submit_hook.py:479} INFO - 21/11/29 23:46:26 INFO MemoryStore: Block broadcast_2_piece0 stored as bytes in memory (estimated size 27.6 KiB, free 413.7 MiB)
[2021-11-29 23:46:26,814] {spark_submit_hook.py:479} INFO - 21/11/29 23:46:26 INFO BlockManagerInfo: Added broadcast_2_piece0 in memory on 10.0.2.15:35679 (size: 27.6 KiB, free: 413.9 MiB)
[2021-11-29 23:46:26,827] {spark_submit_hook.py:479} INFO - 21/11/29 23:46:26 INFO SparkContext: Created broadcast 2 from json at NativeMethodAccessorImpl.java:0
[2021-11-29 23:46:26,831] {spark_submit_hook.py:479} INFO - 21/11/29 23:46:26 INFO FileSourceScanExec: Planning scan with bin packing, max size: 4252915 bytes, open cost is considered as scanning 4194304 bytes.
[2021-11-29 23:46:27,130] {spark_submit_hook.py:479} INFO - 21/11/29 23:46:27 INFO SparkContext: Starting job: json at NativeMethodAccessorImpl.java:0
[2021-11-29 23:46:27,132] {spark_submit_hook.py:479} INFO - 21/11/29 23:46:27 INFO DAGScheduler: Got job 1 (json at NativeMethodAccessorImpl.java:0) with 1 output partitions
[2021-11-29 23:46:27,132] {spark_submit_hook.py:479} INFO - 21/11/29 23:46:27 INFO DAGScheduler: Final stage: ResultStage 1 (json at NativeMethodAccessorImpl.java:0)
[2021-11-29 23:46:27,132] {spark_submit_hook.py:479} INFO - 21/11/29 23:46:27 INFO DAGScheduler: Parents of final stage: List()
[2021-11-29 23:46:27,132] {spark_submit_hook.py:479} INFO - 21/11/29 23:46:27 INFO DAGScheduler: Missing parents: List()
[2021-11-29 23:46:27,140] {spark_submit_hook.py:479} INFO - 21/11/29 23:46:27 INFO DAGScheduler: Submitting ResultStage 1 (CoalescedRDD[13] at json at NativeMethodAccessorImpl.java:0), which has no missing parents
[2021-11-29 23:46:27,219] {spark_submit_hook.py:479} INFO - 21/11/29 23:46:27 INFO MemoryStore: Block broadcast_3 stored as values in memory (estimated size 188.8 KiB, free 413.5 MiB)
[2021-11-29 23:46:27,233] {spark_submit_hook.py:479} INFO - 21/11/29 23:46:27 INFO MemoryStore: Block broadcast_3_piece0 stored as bytes in memory (estimated size 66.6 KiB, free 413.5 MiB)
[2021-11-29 23:46:27,233] {spark_submit_hook.py:479} INFO - 21/11/29 23:46:27 INFO BlockManagerInfo: Added broadcast_3_piece0 in memory on 10.0.2.15:35679 (size: 66.6 KiB, free: 413.8 MiB)
[2021-11-29 23:46:27,244] {spark_submit_hook.py:479} INFO - 21/11/29 23:46:27 INFO SparkContext: Created broadcast 3 from broadcast at DAGScheduler.scala:1388
[2021-11-29 23:46:27,245] {spark_submit_hook.py:479} INFO - 21/11/29 23:46:27 INFO DAGScheduler: Submitting 1 missing tasks from ResultStage 1 (CoalescedRDD[13] at json at NativeMethodAccessorImpl.java:0) (first 15 tasks are for partitions Vector(0))
[2021-11-29 23:46:27,252] {spark_submit_hook.py:479} INFO - 21/11/29 23:46:27 INFO TaskSchedulerImpl: Adding task set 1.0 with 1 tasks resource profile 0
[2021-11-29 23:46:27,256] {spark_submit_hook.py:479} INFO - 21/11/29 23:46:27 INFO TaskSetManager: Starting task 0.0 in stage 1.0 (TID 1) (10.0.2.15, executor driver, partition 0, PROCESS_LOCAL, 5177 bytes) taskResourceAssignments Map()
[2021-11-29 23:46:27,256] {spark_submit_hook.py:479} INFO - 21/11/29 23:46:27 INFO Executor: Running task 0.0 in stage 1.0 (TID 1)
[2021-11-29 23:46:27,376] {spark_submit_hook.py:479} INFO - 21/11/29 23:46:27 INFO FileOutputCommitter: File Output Committer Algorithm version is 1
[2021-11-29 23:46:27,376] {spark_submit_hook.py:479} INFO - 21/11/29 23:46:27 INFO FileOutputCommitter: FileOutputCommitter skip cleanup _temporary folders under output directory:false, ignore cleanup failures: false
[2021-11-29 23:46:27,383] {spark_submit_hook.py:479} INFO - 21/11/29 23:46:27 INFO SQLHadoopMapReduceCommitProtocol: Using output committer class org.apache.hadoop.mapreduce.lib.output.FileOutputCommitter
[2021-11-29 23:46:27,544] {spark_submit_hook.py:479} INFO - 21/11/29 23:46:27 INFO CodeGenerator: Code generated in 60.11465 ms
[2021-11-29 23:46:27,562] {spark_submit_hook.py:479} INFO - 21/11/29 23:46:27 INFO FileScanRDD: Reading File path: file:///home/kauai/kauai/datapipeline/datalake/bronze/twitter_aluraonline/extract_date=2021-11-25/AluraOnline_20211125.json, range: 0-58611, partition values: [empty row]
[2021-11-29 23:46:27,605] {spark_submit_hook.py:479} INFO - 21/11/29 23:46:27 INFO CodeGenerator: Code generated in 44.256373 ms
[2021-11-29 23:46:27,655] {spark_submit_hook.py:479} INFO - 21/11/29 23:46:27 INFO CodeGenerator: Code generated in 15.276763 ms
[2021-11-29 23:46:27,805] {spark_submit_hook.py:479} INFO - 21/11/29 23:46:27 INFO FileOutputCommitter: Saved output of task 'attempt_202111292346271968062472739136326_0001_m_000000_1' to file:/home/kauai/kauai/datapipeline/datalake/silver/twitter_aluraonline/tweet/process_date=2021-11-25/_temporary/0/task_202111292346271968062472739136326_0001_m_000000
[2021-11-29 23:46:27,807] {spark_submit_hook.py:479} INFO - 21/11/29 23:46:27 INFO SparkHadoopMapRedUtil: attempt_202111292346271968062472739136326_0001_m_000000_1: Committed
[2021-11-29 23:46:27,823] {spark_submit_hook.py:479} INFO - 21/11/29 23:46:27 INFO Executor: Finished task 0.0 in stage 1.0 (TID 1). 2944 bytes result sent to driver
[2021-11-29 23:46:27,841] {spark_submit_hook.py:479} INFO - 21/11/29 23:46:27 INFO TaskSetManager: Finished task 0.0 in stage 1.0 (TID 1) in 588 ms on 10.0.2.15 (executor driver) (1/1)
[2021-11-29 23:46:27,849] {spark_submit_hook.py:479} INFO - 21/11/29 23:46:27 INFO DAGScheduler: ResultStage 1 (json at NativeMethodAccessorImpl.java:0) finished in 0,694 s
[2021-11-29 23:46:27,849] {spark_submit_hook.py:479} INFO - 21/11/29 23:46:27 INFO DAGScheduler: Job 1 is finished. Cancelling potential speculative or zombie tasks for this job
[2021-11-29 23:46:27,855] {spark_submit_hook.py:479} INFO - 21/11/29 23:46:27 INFO TaskSchedulerImpl: Removed TaskSet 1.0, whose tasks have all completed, from pool
[2021-11-29 23:46:27,863] {spark_submit_hook.py:479} INFO - 21/11/29 23:46:27 INFO TaskSchedulerImpl: Killing all running tasks in stage 1: Stage finished
[2021-11-29 23:46:27,863] {spark_submit_hook.py:479} INFO - 21/11/29 23:46:27 INFO DAGScheduler: Job 1 finished: json at NativeMethodAccessorImpl.java:0, took 0,728709 s
[2021-11-29 23:46:27,898] {spark_submit_hook.py:479} INFO - 21/11/29 23:46:27 INFO FileFormatWriter: Write Job a92af8aa-cdb1-4285-82c5-4dc7c1f77201 committed.
[2021-11-29 23:46:27,912] {spark_submit_hook.py:479} INFO - 21/11/29 23:46:27 INFO FileFormatWriter: Finished processing stats for write job a92af8aa-cdb1-4285-82c5-4dc7c1f77201.
[2021-11-29 23:46:28,143] {spark_submit_hook.py:479} INFO - 21/11/29 23:46:28 INFO FileSourceStrategy: Pushed Filters: IsNotNull(includes)
[2021-11-29 23:46:28,160] {spark_submit_hook.py:479} INFO - 21/11/29 23:46:28 INFO FileSourceStrategy: Post-Scan Filters: isnotnull(includes#8),(size(includes#8.users, true) > 0),isnotnull(includes#8.users)
[2021-11-29 23:46:28,160] {spark_submit_hook.py:479} INFO - 21/11/29 23:46:28 INFO FileSourceStrategy: Output Data Schema: struct<includes: struct<users: array<struct<created_at:string,id:string,name:string,username:string>>>>
[2021-11-29 23:46:28,217] {spark_submit_hook.py:479} INFO - 21/11/29 23:46:28 INFO FileOutputCommitter: File Output Committer Algorithm version is 1
[2021-11-29 23:46:28,228] {spark_submit_hook.py:479} INFO - 21/11/29 23:46:28 INFO FileOutputCommitter: FileOutputCommitter skip cleanup _temporary folders under output directory:false, ignore cleanup failures: false
[2021-11-29 23:46:28,228] {spark_submit_hook.py:479} INFO - 21/11/29 23:46:28 INFO SQLHadoopMapReduceCommitProtocol: Using output committer class org.apache.hadoop.mapreduce.lib.output.FileOutputCommitter
[2021-11-29 23:46:28,351] {spark_submit_hook.py:479} INFO - 21/11/29 23:46:28 INFO CodeGenerator: Code generated in 50.252761 ms
[2021-11-29 23:46:28,449] {spark_submit_hook.py:479} INFO - 21/11/29 23:46:28 INFO CodeGenerator: Code generated in 76.485125 ms
[2021-11-29 23:46:28,473] {spark_submit_hook.py:479} INFO - 21/11/29 23:46:28 INFO MemoryStore: Block broadcast_4 stored as values in memory (estimated size 174.6 KiB, free 413.3 MiB)
[2021-11-29 23:46:28,520] {spark_submit_hook.py:479} INFO - 21/11/29 23:46:28 INFO MemoryStore: Block broadcast_4_piece0 stored as bytes in memory (estimated size 27.6 KiB, free 413.3 MiB)
[2021-11-29 23:46:28,524] {spark_submit_hook.py:479} INFO - 21/11/29 23:46:28 INFO BlockManagerInfo: Added broadcast_4_piece0 in memory on 10.0.2.15:35679 (size: 27.6 KiB, free: 413.8 MiB)
[2021-11-29 23:46:28,526] {spark_submit_hook.py:479} INFO - 21/11/29 23:46:28 INFO SparkContext: Created broadcast 4 from json at NativeMethodAccessorImpl.java:0
[2021-11-29 23:46:28,533] {spark_submit_hook.py:479} INFO - 21/11/29 23:46:28 INFO FileSourceScanExec: Planning scan with bin packing, max size: 4252915 bytes, open cost is considered as scanning 4194304 bytes.
[2021-11-29 23:46:28,677] {spark_submit_hook.py:479} INFO - 21/11/29 23:46:28 INFO SparkContext: Starting job: json at NativeMethodAccessorImpl.java:0
[2021-11-29 23:46:28,692] {spark_submit_hook.py:479} INFO - 21/11/29 23:46:28 INFO DAGScheduler: Got job 2 (json at NativeMethodAccessorImpl.java:0) with 1 output partitions
[2021-11-29 23:46:28,693] {spark_submit_hook.py:479} INFO - 21/11/29 23:46:28 INFO DAGScheduler: Final stage: ResultStage 2 (json at NativeMethodAccessorImpl.java:0)
[2021-11-29 23:46:28,693] {spark_submit_hook.py:479} INFO - 21/11/29 23:46:28 INFO DAGScheduler: Parents of final stage: List()
[2021-11-29 23:46:28,693] {spark_submit_hook.py:479} INFO - 21/11/29 23:46:28 INFO DAGScheduler: Missing parents: List()
[2021-11-29 23:46:28,695] {spark_submit_hook.py:479} INFO - 21/11/29 23:46:28 INFO DAGScheduler: Submitting ResultStage 2 (CoalescedRDD[25] at json at NativeMethodAccessorImpl.java:0), which has no missing parents
[2021-11-29 23:46:28,763] {spark_submit_hook.py:479} INFO - 21/11/29 23:46:28 INFO MemoryStore: Block broadcast_5 stored as values in memory (estimated size 185.1 KiB, free 413.1 MiB)
[2021-11-29 23:46:28,771] {spark_submit_hook.py:479} INFO - 21/11/29 23:46:28 INFO MemoryStore: Block broadcast_5_piece0 stored as bytes in memory (estimated size 66.2 KiB, free 413.0 MiB)
[2021-11-29 23:46:28,775] {spark_submit_hook.py:479} INFO - 21/11/29 23:46:28 INFO BlockManagerInfo: Added broadcast_5_piece0 in memory on 10.0.2.15:35679 (size: 66.2 KiB, free: 413.7 MiB)
[2021-11-29 23:46:28,776] {spark_submit_hook.py:479} INFO - 21/11/29 23:46:28 INFO SparkContext: Created broadcast 5 from broadcast at DAGScheduler.scala:1388
[2021-11-29 23:46:28,781] {spark_submit_hook.py:479} INFO - 21/11/29 23:46:28 INFO DAGScheduler: Submitting 1 missing tasks from ResultStage 2 (CoalescedRDD[25] at json at NativeMethodAccessorImpl.java:0) (first 15 tasks are for partitions Vector(0))
[2021-11-29 23:46:28,781] {spark_submit_hook.py:479} INFO - 21/11/29 23:46:28 INFO TaskSchedulerImpl: Adding task set 2.0 with 1 tasks resource profile 0
[2021-11-29 23:46:28,792] {spark_submit_hook.py:479} INFO - 21/11/29 23:46:28 INFO TaskSetManager: Starting task 0.0 in stage 2.0 (TID 2) (10.0.2.15, executor driver, partition 0, PROCESS_LOCAL, 5177 bytes) taskResourceAssignments Map()
[2021-11-29 23:46:28,793] {spark_submit_hook.py:479} INFO - 21/11/29 23:46:28 INFO Executor: Running task 0.0 in stage 2.0 (TID 2)
[2021-11-29 23:46:28,842] {spark_submit_hook.py:479} INFO - 21/11/29 23:46:28 INFO FileOutputCommitter: File Output Committer Algorithm version is 1
[2021-11-29 23:46:28,843] {spark_submit_hook.py:479} INFO - 21/11/29 23:46:28 INFO FileOutputCommitter: FileOutputCommitter skip cleanup _temporary folders under output directory:false, ignore cleanup failures: false
[2021-11-29 23:46:28,843] {spark_submit_hook.py:479} INFO - 21/11/29 23:46:28 INFO SQLHadoopMapReduceCommitProtocol: Using output committer class org.apache.hadoop.mapreduce.lib.output.FileOutputCommitter
[2021-11-29 23:46:28,907] {spark_submit_hook.py:479} INFO - 21/11/29 23:46:28 INFO CodeGenerator: Code generated in 17.956199 ms
[2021-11-29 23:46:28,923] {spark_submit_hook.py:479} INFO - 21/11/29 23:46:28 INFO FileScanRDD: Reading File path: file:///home/kauai/kauai/datapipeline/datalake/bronze/twitter_aluraonline/extract_date=2021-11-25/AluraOnline_20211125.json, range: 0-58611, partition values: [empty row]
[2021-11-29 23:46:28,975] {spark_submit_hook.py:479} INFO - 21/11/29 23:46:28 INFO CodeGenerator: Code generated in 43.774903 ms
[2021-11-29 23:46:29,009] {spark_submit_hook.py:479} INFO - 21/11/29 23:46:29 INFO CodeGenerator: Code generated in 20.161695 ms
[2021-11-29 23:46:29,058] {spark_submit_hook.py:479} INFO - 21/11/29 23:46:29 INFO FileOutputCommitter: Saved output of task 'attempt_202111292346283477155636119161804_0002_m_000000_2' to file:/home/kauai/kauai/datapipeline/datalake/silver/twitter_aluraonline/user/process_date=2021-11-25/_temporary/0/task_202111292346283477155636119161804_0002_m_000000
[2021-11-29 23:46:29,058] {spark_submit_hook.py:479} INFO - 21/11/29 23:46:29 INFO SparkHadoopMapRedUtil: attempt_202111292346283477155636119161804_0002_m_000000_2: Committed
[2021-11-29 23:46:29,061] {spark_submit_hook.py:479} INFO - 21/11/29 23:46:29 INFO Executor: Finished task 0.0 in stage 2.0 (TID 2). 2901 bytes result sent to driver
[2021-11-29 23:46:29,067] {spark_submit_hook.py:479} INFO - 21/11/29 23:46:29 INFO TaskSetManager: Finished task 0.0 in stage 2.0 (TID 2) in 282 ms on 10.0.2.15 (executor driver) (1/1)
[2021-11-29 23:46:29,076] {spark_submit_hook.py:479} INFO - 21/11/29 23:46:29 INFO DAGScheduler: ResultStage 2 (json at NativeMethodAccessorImpl.java:0) finished in 0,376 s
[2021-11-29 23:46:29,076] {spark_submit_hook.py:479} INFO - 21/11/29 23:46:29 INFO DAGScheduler: Job 2 is finished. Cancelling potential speculative or zombie tasks for this job
[2021-11-29 23:46:29,077] {spark_submit_hook.py:479} INFO - 21/11/29 23:46:29 INFO TaskSchedulerImpl: Removed TaskSet 2.0, whose tasks have all completed, from pool
[2021-11-29 23:46:29,081] {spark_submit_hook.py:479} INFO - 21/11/29 23:46:29 INFO TaskSchedulerImpl: Killing all running tasks in stage 2: Stage finished
[2021-11-29 23:46:29,081] {spark_submit_hook.py:479} INFO - 21/11/29 23:46:29 INFO DAGScheduler: Job 2 finished: json at NativeMethodAccessorImpl.java:0, took 0,388629 s
[2021-11-29 23:46:29,139] {spark_submit_hook.py:479} INFO - 21/11/29 23:46:29 INFO FileFormatWriter: Write Job e9592aaf-56e2-4509-b4fc-90eafe4d100e committed.
[2021-11-29 23:46:29,147] {spark_submit_hook.py:479} INFO - 21/11/29 23:46:29 INFO FileFormatWriter: Finished processing stats for write job e9592aaf-56e2-4509-b4fc-90eafe4d100e.
[2021-11-29 23:46:29,289] {spark_submit_hook.py:479} INFO - 21/11/29 23:46:29 INFO SparkUI: Stopped Spark web UI at http://10.0.2.15:4040
[2021-11-29 23:46:29,328] {spark_submit_hook.py:479} INFO - 21/11/29 23:46:29 INFO MapOutputTrackerMasterEndpoint: MapOutputTrackerMasterEndpoint stopped!
[2021-11-29 23:46:29,355] {spark_submit_hook.py:479} INFO - 21/11/29 23:46:29 INFO MemoryStore: MemoryStore cleared
[2021-11-29 23:46:29,358] {spark_submit_hook.py:479} INFO - 21/11/29 23:46:29 INFO BlockManager: BlockManager stopped
[2021-11-29 23:46:29,364] {spark_submit_hook.py:479} INFO - 21/11/29 23:46:29 INFO BlockManagerMaster: BlockManagerMaster stopped
[2021-11-29 23:46:29,368] {spark_submit_hook.py:479} INFO - 21/11/29 23:46:29 INFO OutputCommitCoordinator$OutputCommitCoordinatorEndpoint: OutputCommitCoordinator stopped!
[2021-11-29 23:46:29,395] {spark_submit_hook.py:479} INFO - 21/11/29 23:46:29 INFO SparkContext: Successfully stopped SparkContext
[2021-11-29 23:46:29,408] {spark_submit_hook.py:479} INFO - 21/11/29 23:46:29 INFO ShutdownHookManager: Shutdown hook called
[2021-11-29 23:46:29,409] {spark_submit_hook.py:479} INFO - 21/11/29 23:46:29 INFO ShutdownHookManager: Deleting directory /tmp/spark-2dd5c152-8133-4d97-8f2e-057d00bd358f/pyspark-8e6d2d13-50ac-4dc3-9a77-f34a93817846
[2021-11-29 23:46:29,423] {spark_submit_hook.py:479} INFO - 21/11/29 23:46:29 INFO ShutdownHookManager: Deleting directory /tmp/spark-2dd5c152-8133-4d97-8f2e-057d00bd358f
[2021-11-29 23:46:29,429] {spark_submit_hook.py:479} INFO - 21/11/29 23:46:29 INFO ShutdownHookManager: Deleting directory /tmp/spark-cd8019ea-cb25-4bd6-a129-4955fc20f448
[2021-11-29 23:46:29,502] {taskinstance.py:1057} INFO - Marking task as SUCCESS.dag_id=twitter_dag, task_id=transform_twitter_aluraonline, execution_date=20211125T090000, start_date=20211130T024610, end_date=20211130T024629
[2021-11-29 23:46:30,026] {local_task_job.py:102} INFO - Task exited with return code 0
