[2021-12-05 15:51:54,459] {taskinstance.py:670} INFO - Dependencies all met for <TaskInstance: twitter_dag.twitter_chapecoense 2021-12-02T09:00:00+00:00 [queued]>
[2021-12-05 15:51:54,470] {taskinstance.py:670} INFO - Dependencies all met for <TaskInstance: twitter_dag.twitter_chapecoense 2021-12-02T09:00:00+00:00 [queued]>
[2021-12-05 15:51:54,470] {taskinstance.py:880} INFO - 
--------------------------------------------------------------------------------
[2021-12-05 15:51:54,470] {taskinstance.py:881} INFO - Starting attempt 1 of 1
[2021-12-05 15:51:54,470] {taskinstance.py:882} INFO - 
--------------------------------------------------------------------------------
[2021-12-05 15:51:54,477] {taskinstance.py:901} INFO - Executing <Task(TwitterOperator): twitter_chapecoense> on 2021-12-02T09:00:00+00:00
[2021-12-05 15:51:54,478] {standard_task_runner.py:54} INFO - Started process 2357 to run task
[2021-12-05 15:51:54,524] {standard_task_runner.py:77} INFO - Running: ['airflow', 'run', 'twitter_dag', 'twitter_chapecoense', '2021-12-02T09:00:00+00:00', '--job_id', '116', '--pool', 'default_pool', '--raw', '-sd', 'DAGS_FOLDER/twitter_dag.py', '--cfg_path', '/tmp/tmpqnhjkyw3']
[2021-12-05 15:51:54,524] {standard_task_runner.py:78} INFO - Job 116: Subtask twitter_chapecoense
[2021-12-05 15:51:54,541] {logging_mixin.py:112} INFO - Running <TaskInstance: twitter_dag.twitter_chapecoense 2021-12-02T09:00:00+00:00 [running]> on host kauai-VirtualBox
[2021-12-05 15:51:54,574] {base_hook.py:89} INFO - Using connection to: id: twitter_default. Host: https://api.twitter.com, Port: None, Schema: None, Login: None, Password: None, extra: XXXXXXXX
[2021-12-05 15:51:54,576] {twitter_hook.py:36} INFO - URL: https://api.twitter.com/2/tweets/search/recent?query=ChapecoenseReal&tweet.fields=author_id,conversation_id,created_at,id,in_reply_to_user_id,public_metrics,text&expansions=author_id&user.fields=id,name,username,created_at&start_time=2021-12-02T09:00:00.00Z&end_time=2021-12-03T09:00:00.00Z
[2021-12-05 15:51:54,824] {logging_mixin.py:112} WARNING - /home/kauai/datapipeline/venv/lib/python3.8/site-packages/urllib3/connectionpool.py:981: InsecureRequestWarning: Unverified HTTPS request is being made to host 'api.twitter.com'. Adding certificate verification is strongly advised. See: https://urllib3.readthedocs.io/en/latest/advanced-usage.html#ssl-warnings
  warnings.warn(
[2021-12-05 15:51:55,238] {twitter_hook.py:36} INFO - URL: https://api.twitter.com/2/tweets/search/recent?query=ChapecoenseReal&tweet.fields=author_id,conversation_id,created_at,id,in_reply_to_user_id,public_metrics,text&expansions=author_id&user.fields=id,name,username,created_at&start_time=2021-12-02T09:00:00.00Z&end_time=2021-12-03T09:00:00.00Z&next_token=b26v89c19zqg8o3fpdy83ge5p8eqhj0wx9sierg892bnh
[2021-12-05 15:51:55,238] {logging_mixin.py:112} WARNING - /home/kauai/datapipeline/venv/lib/python3.8/site-packages/urllib3/connectionpool.py:981: InsecureRequestWarning: Unverified HTTPS request is being made to host 'api.twitter.com'. Adding certificate verification is strongly advised. See: https://urllib3.readthedocs.io/en/latest/advanced-usage.html#ssl-warnings
  warnings.warn(
[2021-12-05 15:51:55,623] {twitter_hook.py:36} INFO - URL: https://api.twitter.com/2/tweets/search/recent?query=ChapecoenseReal&tweet.fields=author_id,conversation_id,created_at,id,in_reply_to_user_id,public_metrics,text&expansions=author_id&user.fields=id,name,username,created_at&start_time=2021-12-02T09:00:00.00Z&end_time=2021-12-03T09:00:00.00Z&next_token=b26v89c19zqg8o3fpdy83gdkaf2vafn6arvmvepfgvkhp
[2021-12-05 15:51:55,623] {logging_mixin.py:112} WARNING - /home/kauai/datapipeline/venv/lib/python3.8/site-packages/urllib3/connectionpool.py:981: InsecureRequestWarning: Unverified HTTPS request is being made to host 'api.twitter.com'. Adding certificate verification is strongly advised. See: https://urllib3.readthedocs.io/en/latest/advanced-usage.html#ssl-warnings
  warnings.warn(
[2021-12-05 15:51:56,034] {twitter_hook.py:36} INFO - URL: https://api.twitter.com/2/tweets/search/recent?query=ChapecoenseReal&tweet.fields=author_id,conversation_id,created_at,id,in_reply_to_user_id,public_metrics,text&expansions=author_id&user.fields=id,name,username,created_at&start_time=2021-12-02T09:00:00.00Z&end_time=2021-12-03T09:00:00.00Z&next_token=b26v89c19zqg8o3fpdy83ebjezrucv4xtbjpocd7mz799
[2021-12-05 15:51:56,035] {logging_mixin.py:112} WARNING - /home/kauai/datapipeline/venv/lib/python3.8/site-packages/urllib3/connectionpool.py:981: InsecureRequestWarning: Unverified HTTPS request is being made to host 'api.twitter.com'. Adding certificate verification is strongly advised. See: https://urllib3.readthedocs.io/en/latest/advanced-usage.html#ssl-warnings
  warnings.warn(
[2021-12-05 15:51:56,463] {twitter_hook.py:36} INFO - URL: https://api.twitter.com/2/tweets/search/recent?query=ChapecoenseReal&tweet.fields=author_id,conversation_id,created_at,id,in_reply_to_user_id,public_metrics,text&expansions=author_id&user.fields=id,name,username,created_at&start_time=2021-12-02T09:00:00.00Z&end_time=2021-12-03T09:00:00.00Z&next_token=b26v89c19zqg8o3fpdy83eaxi1j478zndbhv3l8eq07lp
[2021-12-05 15:51:56,464] {logging_mixin.py:112} WARNING - /home/kauai/datapipeline/venv/lib/python3.8/site-packages/urllib3/connectionpool.py:981: InsecureRequestWarning: Unverified HTTPS request is being made to host 'api.twitter.com'. Adding certificate verification is strongly advised. See: https://urllib3.readthedocs.io/en/latest/advanced-usage.html#ssl-warnings
  warnings.warn(
[2021-12-05 15:51:56,856] {twitter_hook.py:36} INFO - URL: https://api.twitter.com/2/tweets/search/recent?query=ChapecoenseReal&tweet.fields=author_id,conversation_id,created_at,id,in_reply_to_user_id,public_metrics,text&expansions=author_id&user.fields=id,name,username,created_at&start_time=2021-12-02T09:00:00.00Z&end_time=2021-12-03T09:00:00.00Z&next_token=b26v89c19zqg8o3fpdy83eamu5dxmbm26jf44eggvtf99
[2021-12-05 15:51:56,856] {logging_mixin.py:112} WARNING - /home/kauai/datapipeline/venv/lib/python3.8/site-packages/urllib3/connectionpool.py:981: InsecureRequestWarning: Unverified HTTPS request is being made to host 'api.twitter.com'. Adding certificate verification is strongly advised. See: https://urllib3.readthedocs.io/en/latest/advanced-usage.html#ssl-warnings
  warnings.warn(
[2021-12-05 15:51:57,267] {twitter_hook.py:36} INFO - URL: https://api.twitter.com/2/tweets/search/recent?query=ChapecoenseReal&tweet.fields=author_id,conversation_id,created_at,id,in_reply_to_user_id,public_metrics,text&expansions=author_id&user.fields=id,name,username,created_at&start_time=2021-12-02T09:00:00.00Z&end_time=2021-12-03T09:00:00.00Z&next_token=b26v89c19zqg8o3fpdy83e9qmylto3adptu7ohtcncm7x
[2021-12-05 15:51:57,267] {logging_mixin.py:112} WARNING - /home/kauai/datapipeline/venv/lib/python3.8/site-packages/urllib3/connectionpool.py:981: InsecureRequestWarning: Unverified HTTPS request is being made to host 'api.twitter.com'. Adding certificate verification is strongly advised. See: https://urllib3.readthedocs.io/en/latest/advanced-usage.html#ssl-warnings
  warnings.warn(
[2021-12-05 15:51:57,658] {twitter_hook.py:36} INFO - URL: https://api.twitter.com/2/tweets/search/recent?query=ChapecoenseReal&tweet.fields=author_id,conversation_id,created_at,id,in_reply_to_user_id,public_metrics,text&expansions=author_id&user.fields=id,name,username,created_at&start_time=2021-12-02T09:00:00.00Z&end_time=2021-12-03T09:00:00.00Z&next_token=b26v89c19zqg8o3fpdy83e8u9oha4abym5keqjtlx69a5
[2021-12-05 15:51:57,658] {logging_mixin.py:112} WARNING - /home/kauai/datapipeline/venv/lib/python3.8/site-packages/urllib3/connectionpool.py:981: InsecureRequestWarning: Unverified HTTPS request is being made to host 'api.twitter.com'. Adding certificate verification is strongly advised. See: https://urllib3.readthedocs.io/en/latest/advanced-usage.html#ssl-warnings
  warnings.warn(
[2021-12-05 15:51:58,041] {twitter_hook.py:36} INFO - URL: https://api.twitter.com/2/tweets/search/recent?query=ChapecoenseReal&tweet.fields=author_id,conversation_id,created_at,id,in_reply_to_user_id,public_metrics,text&expansions=author_id&user.fields=id,name,username,created_at&start_time=2021-12-02T09:00:00.00Z&end_time=2021-12-03T09:00:00.00Z&next_token=b26v89c19zqg8o3fpdy83c6sz18fz4dm8bauriksmxail
[2021-12-05 15:51:58,042] {logging_mixin.py:112} WARNING - /home/kauai/datapipeline/venv/lib/python3.8/site-packages/urllib3/connectionpool.py:981: InsecureRequestWarning: Unverified HTTPS request is being made to host 'api.twitter.com'. Adding certificate verification is strongly advised. See: https://urllib3.readthedocs.io/en/latest/advanced-usage.html#ssl-warnings
  warnings.warn(
[2021-12-05 15:51:58,445] {twitter_hook.py:36} INFO - URL: https://api.twitter.com/2/tweets/search/recent?query=ChapecoenseReal&tweet.fields=author_id,conversation_id,created_at,id,in_reply_to_user_id,public_metrics,text&expansions=author_id&user.fields=id,name,username,created_at&start_time=2021-12-02T09:00:00.00Z&end_time=2021-12-03T09:00:00.00Z&next_token=b26v89c19zqg8o3fpdy83c6i555sdx2zap0ciyagan7nh
[2021-12-05 15:51:58,446] {logging_mixin.py:112} WARNING - /home/kauai/datapipeline/venv/lib/python3.8/site-packages/urllib3/connectionpool.py:981: InsecureRequestWarning: Unverified HTTPS request is being made to host 'api.twitter.com'. Adding certificate verification is strongly advised. See: https://urllib3.readthedocs.io/en/latest/advanced-usage.html#ssl-warnings
  warnings.warn(
[2021-12-05 15:51:58,835] {twitter_hook.py:36} INFO - URL: https://api.twitter.com/2/tweets/search/recent?query=ChapecoenseReal&tweet.fields=author_id,conversation_id,created_at,id,in_reply_to_user_id,public_metrics,text&expansions=author_id&user.fields=id,name,username,created_at&start_time=2021-12-02T09:00:00.00Z&end_time=2021-12-03T09:00:00.00Z&next_token=b26v89c19zqg8o3fpdy83c5wuv9z3cskwu16ctcbjjxq5
[2021-12-05 15:51:58,835] {logging_mixin.py:112} WARNING - /home/kauai/datapipeline/venv/lib/python3.8/site-packages/urllib3/connectionpool.py:981: InsecureRequestWarning: Unverified HTTPS request is being made to host 'api.twitter.com'. Adding certificate verification is strongly advised. See: https://urllib3.readthedocs.io/en/latest/advanced-usage.html#ssl-warnings
  warnings.warn(
[2021-12-05 15:51:59,241] {twitter_hook.py:36} INFO - URL: https://api.twitter.com/2/tweets/search/recent?query=ChapecoenseReal&tweet.fields=author_id,conversation_id,created_at,id,in_reply_to_user_id,public_metrics,text&expansions=author_id&user.fields=id,name,username,created_at&start_time=2021-12-02T09:00:00.00Z&end_time=2021-12-03T09:00:00.00Z&next_token=b26v89c19zqg8o3fpdy83c5ba1lga6bfa6elklp2gxrb1
[2021-12-05 15:51:59,241] {logging_mixin.py:112} WARNING - /home/kauai/datapipeline/venv/lib/python3.8/site-packages/urllib3/connectionpool.py:981: InsecureRequestWarning: Unverified HTTPS request is being made to host 'api.twitter.com'. Adding certificate verification is strongly advised. See: https://urllib3.readthedocs.io/en/latest/advanced-usage.html#ssl-warnings
  warnings.warn(
[2021-12-05 15:51:59,645] {twitter_hook.py:36} INFO - URL: https://api.twitter.com/2/tweets/search/recent?query=ChapecoenseReal&tweet.fields=author_id,conversation_id,created_at,id,in_reply_to_user_id,public_metrics,text&expansions=author_id&user.fields=id,name,username,created_at&start_time=2021-12-02T09:00:00.00Z&end_time=2021-12-03T09:00:00.00Z&next_token=b26v89c19zqg8o3fpdy83c4ewrone1gbhklhw64kuvz3x
[2021-12-05 15:51:59,645] {logging_mixin.py:112} WARNING - /home/kauai/datapipeline/venv/lib/python3.8/site-packages/urllib3/connectionpool.py:981: InsecureRequestWarning: Unverified HTTPS request is being made to host 'api.twitter.com'. Adding certificate verification is strongly advised. See: https://urllib3.readthedocs.io/en/latest/advanced-usage.html#ssl-warnings
  warnings.warn(
[2021-12-05 15:52:00,057] {twitter_hook.py:36} INFO - URL: https://api.twitter.com/2/tweets/search/recent?query=ChapecoenseReal&tweet.fields=author_id,conversation_id,created_at,id,in_reply_to_user_id,public_metrics,text&expansions=author_id&user.fields=id,name,username,created_at&start_time=2021-12-02T09:00:00.00Z&end_time=2021-12-03T09:00:00.00Z&next_token=b26v89c19zqg8o3fpdy83c4ekmwy0kqsky26nhp04yykd
[2021-12-05 15:52:00,057] {logging_mixin.py:112} WARNING - /home/kauai/datapipeline/venv/lib/python3.8/site-packages/urllib3/connectionpool.py:981: InsecureRequestWarning: Unverified HTTPS request is being made to host 'api.twitter.com'. Adding certificate verification is strongly advised. See: https://urllib3.readthedocs.io/en/latest/advanced-usage.html#ssl-warnings
  warnings.warn(
[2021-12-05 15:52:00,469] {twitter_hook.py:36} INFO - URL: https://api.twitter.com/2/tweets/search/recent?query=ChapecoenseReal&tweet.fields=author_id,conversation_id,created_at,id,in_reply_to_user_id,public_metrics,text&expansions=author_id&user.fields=id,name,username,created_at&start_time=2021-12-02T09:00:00.00Z&end_time=2021-12-03T09:00:00.00Z&next_token=b26v89c19zqg8o3fpdy83a1rzrx4xt1lyzw0x1qryrlh9
[2021-12-05 15:52:00,469] {logging_mixin.py:112} WARNING - /home/kauai/datapipeline/venv/lib/python3.8/site-packages/urllib3/connectionpool.py:981: InsecureRequestWarning: Unverified HTTPS request is being made to host 'api.twitter.com'. Adding certificate verification is strongly advised. See: https://urllib3.readthedocs.io/en/latest/advanced-usage.html#ssl-warnings
  warnings.warn(
[2021-12-05 15:52:00,851] {taskinstance.py:1057} INFO - Marking task as SUCCESS.dag_id=twitter_dag, task_id=twitter_chapecoense, execution_date=20211202T090000, start_date=20211205T185154, end_date=20211205T185200
[2021-12-05 15:52:04,461] {local_task_job.py:102} INFO - Task exited with return code 0
