[2021-11-29 23:42:11,071] {taskinstance.py:670} INFO - Dependencies all met for <TaskInstance: twitter_dag.twitter_aluraonline 2021-11-26T09:00:00+00:00 [queued]>
[2021-11-29 23:42:11,076] {taskinstance.py:670} INFO - Dependencies all met for <TaskInstance: twitter_dag.twitter_aluraonline 2021-11-26T09:00:00+00:00 [queued]>
[2021-11-29 23:42:11,076] {taskinstance.py:880} INFO - 
--------------------------------------------------------------------------------
[2021-11-29 23:42:11,076] {taskinstance.py:881} INFO - Starting attempt 1 of 1
[2021-11-29 23:42:11,076] {taskinstance.py:882} INFO - 
--------------------------------------------------------------------------------
[2021-11-29 23:42:11,082] {taskinstance.py:901} INFO - Executing <Task(TwitterOperator): twitter_aluraonline> on 2021-11-26T09:00:00+00:00
[2021-11-29 23:42:11,084] {standard_task_runner.py:54} INFO - Started process 3714 to run task
[2021-11-29 23:42:11,132] {standard_task_runner.py:77} INFO - Running: ['airflow', 'run', 'twitter_dag', 'twitter_aluraonline', '2021-11-26T09:00:00+00:00', '--job_id', '20', '--pool', 'default_pool', '--raw', '-sd', 'DAGS_FOLDER/twitter_dag.py', '--cfg_path', '/tmp/tmpl3rk80es']
[2021-11-29 23:42:11,132] {standard_task_runner.py:78} INFO - Job 20: Subtask twitter_aluraonline
[2021-11-29 23:42:11,151] {logging_mixin.py:112} INFO - Running <TaskInstance: twitter_dag.twitter_aluraonline 2021-11-26T09:00:00+00:00 [running]> on host kauai-VirtualBox
[2021-11-29 23:42:11,194] {base_hook.py:89} INFO - Using connection to: id: twitter_default. Host: https://api.twitter.com, Port: None, Schema: None, Login: None, Password: None, extra: XXXXXXXX
[2021-11-29 23:42:11,197] {twitter_hook.py:36} INFO - URL: https://api.twitter.com/2/tweets/search/recent?query=AluraOnline&tweet.fields=author_id,conversation_id,created_at,id,in_reply_to_user_id,public_metrics,text&expansions=author_id&user.fields=id,name,username,created_at&start_time=2021-11-26T09:00:00.00Z&end_time=2021-11-27T09:00:00.00Z
[2021-11-29 23:42:11,441] {logging_mixin.py:112} WARNING - /home/kauai/datapipeline/venv/lib/python3.8/site-packages/urllib3/connectionpool.py:981: InsecureRequestWarning: Unverified HTTPS request is being made to host 'api.twitter.com'. Adding certificate verification is strongly advised. See: https://urllib3.readthedocs.io/en/latest/advanced-usage.html#ssl-warnings
  warnings.warn(
[2021-11-29 23:42:11,814] {twitter_hook.py:36} INFO - URL: https://api.twitter.com/2/tweets/search/recent?query=AluraOnline&tweet.fields=author_id,conversation_id,created_at,id,in_reply_to_user_id,public_metrics,text&expansions=author_id&user.fields=id,name,username,created_at&start_time=2021-11-26T09:00:00.00Z&end_time=2021-11-27T09:00:00.00Z&next_token=b26v89c19zqg8o3fpdy790w85mxzjd08f95v0t8iclmd9
[2021-11-29 23:42:11,815] {logging_mixin.py:112} WARNING - /home/kauai/datapipeline/venv/lib/python3.8/site-packages/urllib3/connectionpool.py:981: InsecureRequestWarning: Unverified HTTPS request is being made to host 'api.twitter.com'. Adding certificate verification is strongly advised. See: https://urllib3.readthedocs.io/en/latest/advanced-usage.html#ssl-warnings
  warnings.warn(
[2021-11-29 23:42:12,211] {twitter_hook.py:36} INFO - URL: https://api.twitter.com/2/tweets/search/recent?query=AluraOnline&tweet.fields=author_id,conversation_id,created_at,id,in_reply_to_user_id,public_metrics,text&expansions=author_id&user.fields=id,name,username,created_at&start_time=2021-11-26T09:00:00.00Z&end_time=2021-11-27T09:00:00.00Z&next_token=b26v89c19zqg8o3fpdy78yszygxg9wfvf0r9fp6z13kal
[2021-11-29 23:42:12,212] {logging_mixin.py:112} WARNING - /home/kauai/datapipeline/venv/lib/python3.8/site-packages/urllib3/connectionpool.py:981: InsecureRequestWarning: Unverified HTTPS request is being made to host 'api.twitter.com'. Adding certificate verification is strongly advised. See: https://urllib3.readthedocs.io/en/latest/advanced-usage.html#ssl-warnings
  warnings.warn(
[2021-11-29 23:42:12,577] {twitter_hook.py:36} INFO - URL: https://api.twitter.com/2/tweets/search/recent?query=AluraOnline&tweet.fields=author_id,conversation_id,created_at,id,in_reply_to_user_id,public_metrics,text&expansions=author_id&user.fields=id,name,username,created_at&start_time=2021-11-26T09:00:00.00Z&end_time=2021-11-27T09:00:00.00Z&next_token=b26v89c19zqg8o3fpdy78yse7kbro94m1xe8wqehp8qrh
[2021-11-29 23:42:12,578] {logging_mixin.py:112} WARNING - /home/kauai/datapipeline/venv/lib/python3.8/site-packages/urllib3/connectionpool.py:981: InsecureRequestWarning: Unverified HTTPS request is being made to host 'api.twitter.com'. Adding certificate verification is strongly advised. See: https://urllib3.readthedocs.io/en/latest/advanced-usage.html#ssl-warnings
  warnings.warn(
[2021-11-29 23:42:13,006] {twitter_hook.py:36} INFO - URL: https://api.twitter.com/2/tweets/search/recent?query=AluraOnline&tweet.fields=author_id,conversation_id,created_at,id,in_reply_to_user_id,public_metrics,text&expansions=author_id&user.fields=id,name,username,created_at&start_time=2021-11-26T09:00:00.00Z&end_time=2021-11-27T09:00:00.00Z&next_token=b26v89c19zqg8o3fpdy78yrhyt08h078jb9ky4k4qba0t
[2021-11-29 23:42:13,006] {logging_mixin.py:112} WARNING - /home/kauai/datapipeline/venv/lib/python3.8/site-packages/urllib3/connectionpool.py:981: InsecureRequestWarning: Unverified HTTPS request is being made to host 'api.twitter.com'. Adding certificate verification is strongly advised. See: https://urllib3.readthedocs.io/en/latest/advanced-usage.html#ssl-warnings
  warnings.warn(
[2021-11-29 23:42:13,396] {twitter_hook.py:36} INFO - URL: https://api.twitter.com/2/tweets/search/recent?query=AluraOnline&tweet.fields=author_id,conversation_id,created_at,id,in_reply_to_user_id,public_metrics,text&expansions=author_id&user.fields=id,name,username,created_at&start_time=2021-11-26T09:00:00.00Z&end_time=2021-11-27T09:00:00.00Z&next_token=b26v89c19zqg8o3fpdy78wp60bj73vy7exoj4xjc6pp4t
[2021-11-29 23:42:13,397] {logging_mixin.py:112} WARNING - /home/kauai/datapipeline/venv/lib/python3.8/site-packages/urllib3/connectionpool.py:981: InsecureRequestWarning: Unverified HTTPS request is being made to host 'api.twitter.com'. Adding certificate verification is strongly advised. See: https://urllib3.readthedocs.io/en/latest/advanced-usage.html#ssl-warnings
  warnings.warn(
[2021-11-29 23:42:13,785] {twitter_hook.py:36} INFO - URL: https://api.twitter.com/2/tweets/search/recent?query=AluraOnline&tweet.fields=author_id,conversation_id,created_at,id,in_reply_to_user_id,public_metrics,text&expansions=author_id&user.fields=id,name,username,created_at&start_time=2021-11-26T09:00:00.00Z&end_time=2021-11-27T09:00:00.00Z&next_token=b26v89c19zqg8o3fpdy78wnz27kisx4upi6s96lz0qoal
[2021-11-29 23:42:13,786] {logging_mixin.py:112} WARNING - /home/kauai/datapipeline/venv/lib/python3.8/site-packages/urllib3/connectionpool.py:981: InsecureRequestWarning: Unverified HTTPS request is being made to host 'api.twitter.com'. Adding certificate verification is strongly advised. See: https://urllib3.readthedocs.io/en/latest/advanced-usage.html#ssl-warnings
  warnings.warn(
[2021-11-29 23:42:14,155] {twitter_hook.py:36} INFO - URL: https://api.twitter.com/2/tweets/search/recent?query=AluraOnline&tweet.fields=author_id,conversation_id,created_at,id,in_reply_to_user_id,public_metrics,text&expansions=author_id&user.fields=id,name,username,created_at&start_time=2021-11-26T09:00:00.00Z&end_time=2021-11-27T09:00:00.00Z&next_token=b26v89c19zqg8o3fpdy78wn2nf1ghr5sbtb47agne4fp9
[2021-11-29 23:42:14,156] {logging_mixin.py:112} WARNING - /home/kauai/datapipeline/venv/lib/python3.8/site-packages/urllib3/connectionpool.py:981: InsecureRequestWarning: Unverified HTTPS request is being made to host 'api.twitter.com'. Adding certificate verification is strongly advised. See: https://urllib3.readthedocs.io/en/latest/advanced-usage.html#ssl-warnings
  warnings.warn(
[2021-11-29 23:42:14,500] {twitter_hook.py:36} INFO - URL: https://api.twitter.com/2/tweets/search/recent?query=AluraOnline&tweet.fields=author_id,conversation_id,created_at,id,in_reply_to_user_id,public_metrics,text&expansions=author_id&user.fields=id,name,username,created_at&start_time=2021-11-26T09:00:00.00Z&end_time=2021-11-27T09:00:00.00Z&next_token=b26v89c19zqg8o3fpdy78ukqngfwb5j3a3tyq95hoezy5
[2021-11-29 23:42:14,501] {logging_mixin.py:112} WARNING - /home/kauai/datapipeline/venv/lib/python3.8/site-packages/urllib3/connectionpool.py:981: InsecureRequestWarning: Unverified HTTPS request is being made to host 'api.twitter.com'. Adding certificate verification is strongly advised. See: https://urllib3.readthedocs.io/en/latest/advanced-usage.html#ssl-warnings
  warnings.warn(
[2021-11-29 23:42:14,840] {taskinstance.py:1057} INFO - Marking task as SUCCESS.dag_id=twitter_dag, task_id=twitter_aluraonline, execution_date=20211126T090000, start_date=20211130T024211, end_date=20211130T024214
[2021-11-29 23:42:16,061] {local_task_job.py:102} INFO - Task exited with return code 0
