[2021-12-02 23:31:19,757] {taskinstance.py:670} INFO - Dependencies all met for <TaskInstance: twitter_dag.twitter_aluraonline 2021-11-26T09:00:00+00:00 [queued]>
[2021-12-02 23:31:19,773] {taskinstance.py:670} INFO - Dependencies all met for <TaskInstance: twitter_dag.twitter_aluraonline 2021-11-26T09:00:00+00:00 [queued]>
[2021-12-02 23:31:19,773] {taskinstance.py:880} INFO - 
--------------------------------------------------------------------------------
[2021-12-02 23:31:19,773] {taskinstance.py:881} INFO - Starting attempt 3 of 3
[2021-12-02 23:31:19,773] {taskinstance.py:882} INFO - 
--------------------------------------------------------------------------------
[2021-12-02 23:31:19,789] {taskinstance.py:901} INFO - Executing <Task(TwitterOperator): twitter_aluraonline> on 2021-11-26T09:00:00+00:00
[2021-12-02 23:31:19,791] {standard_task_runner.py:54} INFO - Started process 14576 to run task
[2021-12-02 23:31:19,904] {standard_task_runner.py:77} INFO - Running: ['airflow', 'run', 'twitter_dag', 'twitter_aluraonline', '2021-11-26T09:00:00+00:00', '--job_id', '63', '--pool', 'default_pool', '--raw', '-sd', 'DAGS_FOLDER/twitter_dag.py', '--cfg_path', '/tmp/tmphnolw00_']
[2021-12-02 23:31:19,904] {standard_task_runner.py:78} INFO - Job 63: Subtask twitter_aluraonline
[2021-12-02 23:31:19,941] {logging_mixin.py:112} INFO - Running <TaskInstance: twitter_dag.twitter_aluraonline 2021-11-26T09:00:00+00:00 [running]> on host kauai-VirtualBox
[2021-12-02 23:31:20,019] {base_hook.py:89} INFO - Using connection to: id: twitter_default. Host: https://api.twitter.com, Port: None, Schema: None, Login: None, Password: None, extra: XXXXXXXX
[2021-12-02 23:31:20,021] {twitter_hook.py:36} INFO - URL: https://api.twitter.com/2/tweets/search/recent?query=AluraOnline&tweet.fields=author_id,conversation_id,created_at,id,in_reply_to_user_id,public_metrics,text&expansions=author_id&user.fields=id,name,username,created_at&start_time=2021-11-26T09:00:00.00Z&end_time=2021-11-27T09:00:00.00Z
[2021-12-02 23:31:20,267] {logging_mixin.py:112} WARNING - /home/kauai/datapipeline/venv/lib/python3.8/site-packages/urllib3/connectionpool.py:981: InsecureRequestWarning: Unverified HTTPS request is being made to host 'api.twitter.com'. Adding certificate verification is strongly advised. See: https://urllib3.readthedocs.io/en/latest/advanced-usage.html#ssl-warnings
  warnings.warn(
[2021-12-02 23:31:20,631] {twitter_hook.py:36} INFO - URL: https://api.twitter.com/2/tweets/search/recent?query=AluraOnline&tweet.fields=author_id,conversation_id,created_at,id,in_reply_to_user_id,public_metrics,text&expansions=author_id&user.fields=id,name,username,created_at&start_time=2021-11-26T09:00:00.00Z&end_time=2021-11-27T09:00:00.00Z&next_token=b26v89c19zqg8o3fpdy790w85mxzjd08f95v0t8iclmd9
[2021-12-02 23:31:20,632] {logging_mixin.py:112} WARNING - /home/kauai/datapipeline/venv/lib/python3.8/site-packages/urllib3/connectionpool.py:981: InsecureRequestWarning: Unverified HTTPS request is being made to host 'api.twitter.com'. Adding certificate verification is strongly advised. See: https://urllib3.readthedocs.io/en/latest/advanced-usage.html#ssl-warnings
  warnings.warn(
[2021-12-02 23:31:20,983] {twitter_hook.py:36} INFO - URL: https://api.twitter.com/2/tweets/search/recent?query=AluraOnline&tweet.fields=author_id,conversation_id,created_at,id,in_reply_to_user_id,public_metrics,text&expansions=author_id&user.fields=id,name,username,created_at&start_time=2021-11-26T09:00:00.00Z&end_time=2021-11-27T09:00:00.00Z&next_token=b26v89c19zqg8o3fpdy78yszygxg9wfvf0r9fp6z13kal
[2021-12-02 23:31:20,983] {logging_mixin.py:112} WARNING - /home/kauai/datapipeline/venv/lib/python3.8/site-packages/urllib3/connectionpool.py:981: InsecureRequestWarning: Unverified HTTPS request is being made to host 'api.twitter.com'. Adding certificate verification is strongly advised. See: https://urllib3.readthedocs.io/en/latest/advanced-usage.html#ssl-warnings
  warnings.warn(
[2021-12-02 23:31:21,354] {twitter_hook.py:36} INFO - URL: https://api.twitter.com/2/tweets/search/recent?query=AluraOnline&tweet.fields=author_id,conversation_id,created_at,id,in_reply_to_user_id,public_metrics,text&expansions=author_id&user.fields=id,name,username,created_at&start_time=2021-11-26T09:00:00.00Z&end_time=2021-11-27T09:00:00.00Z&next_token=b26v89c19zqg8o3fpdy78yse7kbro94m1xe8wqehp8qrh
[2021-12-02 23:31:21,354] {logging_mixin.py:112} WARNING - /home/kauai/datapipeline/venv/lib/python3.8/site-packages/urllib3/connectionpool.py:981: InsecureRequestWarning: Unverified HTTPS request is being made to host 'api.twitter.com'. Adding certificate verification is strongly advised. See: https://urllib3.readthedocs.io/en/latest/advanced-usage.html#ssl-warnings
  warnings.warn(
[2021-12-02 23:31:21,725] {twitter_hook.py:36} INFO - URL: https://api.twitter.com/2/tweets/search/recent?query=AluraOnline&tweet.fields=author_id,conversation_id,created_at,id,in_reply_to_user_id,public_metrics,text&expansions=author_id&user.fields=id,name,username,created_at&start_time=2021-11-26T09:00:00.00Z&end_time=2021-11-27T09:00:00.00Z&next_token=b26v89c19zqg8o3fpdy78yrhyt08h078jb9ky4k4qba0t
[2021-12-02 23:31:21,725] {logging_mixin.py:112} WARNING - /home/kauai/datapipeline/venv/lib/python3.8/site-packages/urllib3/connectionpool.py:981: InsecureRequestWarning: Unverified HTTPS request is being made to host 'api.twitter.com'. Adding certificate verification is strongly advised. See: https://urllib3.readthedocs.io/en/latest/advanced-usage.html#ssl-warnings
  warnings.warn(
[2021-12-02 23:31:22,120] {twitter_hook.py:36} INFO - URL: https://api.twitter.com/2/tweets/search/recent?query=AluraOnline&tweet.fields=author_id,conversation_id,created_at,id,in_reply_to_user_id,public_metrics,text&expansions=author_id&user.fields=id,name,username,created_at&start_time=2021-11-26T09:00:00.00Z&end_time=2021-11-27T09:00:00.00Z&next_token=b26v89c19zqg8o3fpdy78wp60bj73vy7exoj4xjc6pp4t
[2021-12-02 23:31:22,121] {logging_mixin.py:112} WARNING - /home/kauai/datapipeline/venv/lib/python3.8/site-packages/urllib3/connectionpool.py:981: InsecureRequestWarning: Unverified HTTPS request is being made to host 'api.twitter.com'. Adding certificate verification is strongly advised. See: https://urllib3.readthedocs.io/en/latest/advanced-usage.html#ssl-warnings
  warnings.warn(
[2021-12-02 23:31:22,514] {twitter_hook.py:36} INFO - URL: https://api.twitter.com/2/tweets/search/recent?query=AluraOnline&tweet.fields=author_id,conversation_id,created_at,id,in_reply_to_user_id,public_metrics,text&expansions=author_id&user.fields=id,name,username,created_at&start_time=2021-11-26T09:00:00.00Z&end_time=2021-11-27T09:00:00.00Z&next_token=b26v89c19zqg8o3fpdy78wnz27kisx4upi6s96lz0qoal
[2021-12-02 23:31:22,515] {logging_mixin.py:112} WARNING - /home/kauai/datapipeline/venv/lib/python3.8/site-packages/urllib3/connectionpool.py:981: InsecureRequestWarning: Unverified HTTPS request is being made to host 'api.twitter.com'. Adding certificate verification is strongly advised. See: https://urllib3.readthedocs.io/en/latest/advanced-usage.html#ssl-warnings
  warnings.warn(
[2021-12-02 23:31:22,879] {twitter_hook.py:36} INFO - URL: https://api.twitter.com/2/tweets/search/recent?query=AluraOnline&tweet.fields=author_id,conversation_id,created_at,id,in_reply_to_user_id,public_metrics,text&expansions=author_id&user.fields=id,name,username,created_at&start_time=2021-11-26T09:00:00.00Z&end_time=2021-11-27T09:00:00.00Z&next_token=b26v89c19zqg8o3fpdy78wn2lwf2ptfbbr6tp10e3gz25
[2021-12-02 23:31:22,879] {logging_mixin.py:112} WARNING - /home/kauai/datapipeline/venv/lib/python3.8/site-packages/urllib3/connectionpool.py:981: InsecureRequestWarning: Unverified HTTPS request is being made to host 'api.twitter.com'. Adding certificate verification is strongly advised. See: https://urllib3.readthedocs.io/en/latest/advanced-usage.html#ssl-warnings
  warnings.warn(
[2021-12-02 23:31:23,245] {twitter_hook.py:36} INFO - URL: https://api.twitter.com/2/tweets/search/recent?query=AluraOnline&tweet.fields=author_id,conversation_id,created_at,id,in_reply_to_user_id,public_metrics,text&expansions=author_id&user.fields=id,name,username,created_at&start_time=2021-11-26T09:00:00.00Z&end_time=2021-11-27T09:00:00.00Z&next_token=b26v89c19zqg8o3fpdy78uk55lnpcm9tb7mkfiyao2xrx
[2021-12-02 23:31:23,245] {logging_mixin.py:112} WARNING - /home/kauai/datapipeline/venv/lib/python3.8/site-packages/urllib3/connectionpool.py:981: InsecureRequestWarning: Unverified HTTPS request is being made to host 'api.twitter.com'. Adding certificate verification is strongly advised. See: https://urllib3.readthedocs.io/en/latest/advanced-usage.html#ssl-warnings
  warnings.warn(
[2021-12-02 23:31:23,569] {taskinstance.py:1057} INFO - Marking task as SUCCESS.dag_id=twitter_dag, task_id=twitter_aluraonline, execution_date=20211126T090000, start_date=20211203T023119, end_date=20211203T023123
[2021-12-02 23:31:24,770] {local_task_job.py:102} INFO - Task exited with return code 0
