[2021-11-29 23:34:29,539] {taskinstance.py:670} INFO - Dependencies all met for <TaskInstance: twitter_dag.twitter_aluraonline 2021-11-24T09:00:00+00:00 [queued]>
[2021-11-29 23:34:29,553] {taskinstance.py:670} INFO - Dependencies all met for <TaskInstance: twitter_dag.twitter_aluraonline 2021-11-24T09:00:00+00:00 [queued]>
[2021-11-29 23:34:29,553] {taskinstance.py:880} INFO - 
--------------------------------------------------------------------------------
[2021-11-29 23:34:29,553] {taskinstance.py:881} INFO - Starting attempt 1 of 1
[2021-11-29 23:34:29,553] {taskinstance.py:882} INFO - 
--------------------------------------------------------------------------------
[2021-11-29 23:34:29,563] {taskinstance.py:901} INFO - Executing <Task(TwitterOperator): twitter_aluraonline> on 2021-11-24T09:00:00+00:00
[2021-11-29 23:34:29,565] {standard_task_runner.py:54} INFO - Started process 3043 to run task
[2021-11-29 23:34:29,627] {standard_task_runner.py:77} INFO - Running: ['airflow', 'run', 'twitter_dag', 'twitter_aluraonline', '2021-11-24T09:00:00+00:00', '--job_id', '13', '--pool', 'default_pool', '--raw', '-sd', 'DAGS_FOLDER/twitter_dag.py', '--cfg_path', '/tmp/tmp_45e09s5']
[2021-11-29 23:34:29,627] {standard_task_runner.py:78} INFO - Job 13: Subtask twitter_aluraonline
[2021-11-29 23:34:29,645] {logging_mixin.py:112} INFO - Running <TaskInstance: twitter_dag.twitter_aluraonline 2021-11-24T09:00:00+00:00 [running]> on host kauai-VirtualBox
[2021-11-29 23:34:29,736] {base_hook.py:89} INFO - Using connection to: id: twitter_default. Host: https://api.twitter.com, Port: None, Schema: None, Login: None, Password: None, extra: XXXXXXXX
[2021-11-29 23:34:29,743] {twitter_hook.py:36} INFO - URL: https://api.twitter.com/2/tweets/search/recent?query=AluraOnline&tweet.fields=author_id,conversation_id,created_at,id,in_reply_to_user_id,public_metrics,text&expansions=author_id&user.fields=id,name,username,created_at&start_time=2021-11-24T09:00:00.00Z&end_time=2021-11-25T09:00:00.00Z
[2021-11-29 23:34:30,004] {logging_mixin.py:112} WARNING - /home/kauai/datapipeline/venv/lib/python3.8/site-packages/urllib3/connectionpool.py:981: InsecureRequestWarning: Unverified HTTPS request is being made to host 'api.twitter.com'. Adding certificate verification is strongly advised. See: https://urllib3.readthedocs.io/en/latest/advanced-usage.html#ssl-warnings
  warnings.warn(
[2021-11-29 23:34:30,396] {twitter_hook.py:36} INFO - URL: https://api.twitter.com/2/tweets/search/recent?query=AluraOnline&tweet.fields=author_id,conversation_id,created_at,id,in_reply_to_user_id,public_metrics,text&expansions=author_id&user.fields=id,name,username,created_at&start_time=2021-11-24T09:00:00.00Z&end_time=2021-11-25T09:00:00.00Z&next_token=b26v89c19zqg8o3fpdy6tzljbc5xtu3479y6n2or20wot
[2021-11-29 23:34:30,397] {logging_mixin.py:112} WARNING - /home/kauai/datapipeline/venv/lib/python3.8/site-packages/urllib3/connectionpool.py:981: InsecureRequestWarning: Unverified HTTPS request is being made to host 'api.twitter.com'. Adding certificate verification is strongly advised. See: https://urllib3.readthedocs.io/en/latest/advanced-usage.html#ssl-warnings
  warnings.warn(
[2021-11-29 23:34:30,772] {twitter_hook.py:36} INFO - URL: https://api.twitter.com/2/tweets/search/recent?query=AluraOnline&tweet.fields=author_id,conversation_id,created_at,id,in_reply_to_user_id,public_metrics,text&expansions=author_id&user.fields=id,name,username,created_at&start_time=2021-11-24T09:00:00.00Z&end_time=2021-11-25T09:00:00.00Z&next_token=b26v89c19zqg8o3fpdy6tzkxix5m5l6cwgafuz4hm22yl
[2021-11-29 23:34:30,772] {logging_mixin.py:112} WARNING - /home/kauai/datapipeline/venv/lib/python3.8/site-packages/urllib3/connectionpool.py:981: InsecureRequestWarning: Unverified HTTPS request is being made to host 'api.twitter.com'. Adding certificate verification is strongly advised. See: https://urllib3.readthedocs.io/en/latest/advanced-usage.html#ssl-warnings
  warnings.warn(
[2021-11-29 23:34:31,222] {twitter_hook.py:36} INFO - URL: https://api.twitter.com/2/tweets/search/recent?query=AluraOnline&tweet.fields=author_id,conversation_id,created_at,id,in_reply_to_user_id,public_metrics,text&expansions=author_id&user.fields=id,name,username,created_at&start_time=2021-11-24T09:00:00.00Z&end_time=2021-11-25T09:00:00.00Z&next_token=b26v89c19zqg8o3fpdy6tzk1bpy9gj3kgu6ve7imq18ql
[2021-11-29 23:34:31,222] {logging_mixin.py:112} WARNING - /home/kauai/datapipeline/venv/lib/python3.8/site-packages/urllib3/connectionpool.py:981: InsecureRequestWarning: Unverified HTTPS request is being made to host 'api.twitter.com'. Adding certificate verification is strongly advised. See: https://urllib3.readthedocs.io/en/latest/advanced-usage.html#ssl-warnings
  warnings.warn(
[2021-11-29 23:34:31,598] {twitter_hook.py:36} INFO - URL: https://api.twitter.com/2/tweets/search/recent?query=AluraOnline&tweet.fields=author_id,conversation_id,created_at,id,in_reply_to_user_id,public_metrics,text&expansions=author_id&user.fields=id,name,username,created_at&start_time=2021-11-24T09:00:00.00Z&end_time=2021-11-25T09:00:00.00Z&next_token=b26v89c19zqg8o3fpdy6tzjqj9aj3ao7sdbuanl3afd6l
[2021-11-29 23:34:31,598] {logging_mixin.py:112} WARNING - /home/kauai/datapipeline/venv/lib/python3.8/site-packages/urllib3/connectionpool.py:981: InsecureRequestWarning: Unverified HTTPS request is being made to host 'api.twitter.com'. Adding certificate verification is strongly advised. See: https://urllib3.readthedocs.io/en/latest/advanced-usage.html#ssl-warnings
  warnings.warn(
[2021-11-29 23:34:31,966] {twitter_hook.py:36} INFO - URL: https://api.twitter.com/2/tweets/search/recent?query=AluraOnline&tweet.fields=author_id,conversation_id,created_at,id,in_reply_to_user_id,public_metrics,text&expansions=author_id&user.fields=id,name,username,created_at&start_time=2021-11-24T09:00:00.00Z&end_time=2021-11-25T09:00:00.00Z&next_token=b26v89c19zqg8o3fpdy6txhekt3o4lsdxwd0sveurzn25
[2021-11-29 23:34:31,966] {logging_mixin.py:112} WARNING - /home/kauai/datapipeline/venv/lib/python3.8/site-packages/urllib3/connectionpool.py:981: InsecureRequestWarning: Unverified HTTPS request is being made to host 'api.twitter.com'. Adding certificate verification is strongly advised. See: https://urllib3.readthedocs.io/en/latest/advanced-usage.html#ssl-warnings
  warnings.warn(
[2021-11-29 23:34:32,353] {twitter_hook.py:36} INFO - URL: https://api.twitter.com/2/tweets/search/recent?query=AluraOnline&tweet.fields=author_id,conversation_id,created_at,id,in_reply_to_user_id,public_metrics,text&expansions=author_id&user.fields=id,name,username,created_at&start_time=2021-11-24T09:00:00.00Z&end_time=2021-11-25T09:00:00.00Z&next_token=b26v89c19zqg8o3fpdy6txfwjmcg64nqkhkpdqqtxvxj1
[2021-11-29 23:34:32,354] {logging_mixin.py:112} WARNING - /home/kauai/datapipeline/venv/lib/python3.8/site-packages/urllib3/connectionpool.py:981: InsecureRequestWarning: Unverified HTTPS request is being made to host 'api.twitter.com'. Adding certificate verification is strongly advised. See: https://urllib3.readthedocs.io/en/latest/advanced-usage.html#ssl-warnings
  warnings.warn(
[2021-11-29 23:34:32,713] {twitter_hook.py:36} INFO - URL: https://api.twitter.com/2/tweets/search/recent?query=AluraOnline&tweet.fields=author_id,conversation_id,created_at,id,in_reply_to_user_id,public_metrics,text&expansions=author_id&user.fields=id,name,username,created_at&start_time=2021-11-24T09:00:00.00Z&end_time=2021-11-25T09:00:00.00Z&next_token=b26v89c19zqg8o3fpdy6txfb0afl0kz03hjnitz0qlojh
[2021-11-29 23:34:32,713] {logging_mixin.py:112} WARNING - /home/kauai/datapipeline/venv/lib/python3.8/site-packages/urllib3/connectionpool.py:981: InsecureRequestWarning: Unverified HTTPS request is being made to host 'api.twitter.com'. Adding certificate verification is strongly advised. See: https://urllib3.readthedocs.io/en/latest/advanced-usage.html#ssl-warnings
  warnings.warn(
[2021-11-29 23:34:33,071] {twitter_hook.py:36} INFO - URL: https://api.twitter.com/2/tweets/search/recent?query=AluraOnline&tweet.fields=author_id,conversation_id,created_at,id,in_reply_to_user_id,public_metrics,text&expansions=author_id&user.fields=id,name,username,created_at&start_time=2021-11-24T09:00:00.00Z&end_time=2021-11-25T09:00:00.00Z&next_token=b26v89c19zqg8o3fpdy6txf09dgp8bmaoicv4t92emxdp
[2021-11-29 23:34:33,072] {logging_mixin.py:112} WARNING - /home/kauai/datapipeline/venv/lib/python3.8/site-packages/urllib3/connectionpool.py:981: InsecureRequestWarning: Unverified HTTPS request is being made to host 'api.twitter.com'. Adding certificate verification is strongly advised. See: https://urllib3.readthedocs.io/en/latest/advanced-usage.html#ssl-warnings
  warnings.warn(
[2021-11-29 23:34:33,449] {twitter_hook.py:36} INFO - URL: https://api.twitter.com/2/tweets/search/recent?query=AluraOnline&tweet.fields=author_id,conversation_id,created_at,id,in_reply_to_user_id,public_metrics,text&expansions=author_id&user.fields=id,name,username,created_at&start_time=2021-11-24T09:00:00.00Z&end_time=2021-11-25T09:00:00.00Z&next_token=b26v89c19zqg8o3fpdy6tvcdum8vadg6l0t88glfg1oxp
[2021-11-29 23:34:33,450] {logging_mixin.py:112} WARNING - /home/kauai/datapipeline/venv/lib/python3.8/site-packages/urllib3/connectionpool.py:981: InsecureRequestWarning: Unverified HTTPS request is being made to host 'api.twitter.com'. Adding certificate verification is strongly advised. See: https://urllib3.readthedocs.io/en/latest/advanced-usage.html#ssl-warnings
  warnings.warn(
[2021-11-29 23:34:33,816] {twitter_hook.py:36} INFO - URL: https://api.twitter.com/2/tweets/search/recent?query=AluraOnline&tweet.fields=author_id,conversation_id,created_at,id,in_reply_to_user_id,public_metrics,text&expansions=author_id&user.fields=id,name,username,created_at&start_time=2021-11-24T09:00:00.00Z&end_time=2021-11-25T09:00:00.00Z&next_token=b26v89c19zqg8o3fpdy6tvb6lwcjuka3o6xq4kq5lv5a5
[2021-11-29 23:34:33,817] {logging_mixin.py:112} WARNING - /home/kauai/datapipeline/venv/lib/python3.8/site-packages/urllib3/connectionpool.py:981: InsecureRequestWarning: Unverified HTTPS request is being made to host 'api.twitter.com'. Adding certificate verification is strongly advised. See: https://urllib3.readthedocs.io/en/latest/advanced-usage.html#ssl-warnings
  warnings.warn(
[2021-11-29 23:34:34,139] {taskinstance.py:1057} INFO - Marking task as SUCCESS.dag_id=twitter_dag, task_id=twitter_aluraonline, execution_date=20211124T090000, start_date=20211130T023429, end_date=20211130T023434
[2021-11-29 23:34:34,530] {local_task_job.py:102} INFO - Task exited with return code 0
