[2021-12-05 15:52:56,562] {taskinstance.py:670} INFO - Dependencies all met for <TaskInstance: twitter_dag.transform_twitter_chapecoense 2021-12-02T09:00:00+00:00 [queued]>
[2021-12-05 15:52:56,568] {taskinstance.py:670} INFO - Dependencies all met for <TaskInstance: twitter_dag.transform_twitter_chapecoense 2021-12-02T09:00:00+00:00 [queued]>
[2021-12-05 15:52:56,568] {taskinstance.py:880} INFO - 
--------------------------------------------------------------------------------
[2021-12-05 15:52:56,568] {taskinstance.py:881} INFO - Starting attempt 1 of 1
[2021-12-05 15:52:56,568] {taskinstance.py:882} INFO - 
--------------------------------------------------------------------------------
[2021-12-05 15:52:56,575] {taskinstance.py:901} INFO - Executing <Task(SparkSubmitOperator): transform_twitter_chapecoense> on 2021-12-02T09:00:00+00:00
[2021-12-05 15:52:56,576] {standard_task_runner.py:54} INFO - Started process 2395 to run task
[2021-12-05 15:52:56,622] {standard_task_runner.py:77} INFO - Running: ['airflow', 'run', 'twitter_dag', 'transform_twitter_chapecoense', '2021-12-02T09:00:00+00:00', '--job_id', '117', '--pool', 'default_pool', '--raw', '-sd', 'DAGS_FOLDER/twitter_dag.py', '--cfg_path', '/tmp/tmpyf9ybjng']
[2021-12-05 15:52:56,622] {standard_task_runner.py:78} INFO - Job 117: Subtask transform_twitter_chapecoense
[2021-12-05 15:52:56,639] {logging_mixin.py:112} INFO - Running <TaskInstance: twitter_dag.transform_twitter_chapecoense 2021-12-02T09:00:00+00:00 [running]> on host kauai-VirtualBox
[2021-12-05 15:52:56,670] {base_hook.py:89} INFO - Using connection to: id: spark_default. Host: local, Port: None, Schema: None, Login: None, Password: None, extra: XXXXXXXX
[2021-12-05 15:52:56,671] {spark_submit_hook.py:325} INFO - Spark-Submit cmd: /home/kauai/spark-3.1.2-bin-hadoop3.2/bin/spark-submit --master local --name twitter_transformation /home/kauai/datapipeline/spark/transformation.py --src /home/kauai/datapipeline/datalake/bronze/twitter_chapecoense/extract_date=2021-12-02 --dest /home/kauai/datapipeline/datalake/silver/twitter_chapecoense/ --process-date 2021-12-02
[2021-12-05 15:52:58,624] {spark_submit_hook.py:479} INFO - 21/12/05 15:52:58 WARN Utils: Your hostname, kauai-VirtualBox resolves to a loopback address: 127.0.1.1; using 10.0.2.15 instead (on interface enp0s3)
[2021-12-05 15:52:58,624] {spark_submit_hook.py:479} INFO - 21/12/05 15:52:58 WARN Utils: Set SPARK_LOCAL_IP if you need to bind to another address
[2021-12-05 15:52:58,634] {spark_submit_hook.py:479} INFO - WARNING: An illegal reflective access operation has occurred
[2021-12-05 15:52:58,634] {spark_submit_hook.py:479} INFO - WARNING: Illegal reflective access by org.apache.spark.unsafe.Platform (file:/opt/spark/jars/spark-unsafe_2.12-3.1.2.jar) to constructor java.nio.DirectByteBuffer(long,int)
[2021-12-05 15:52:58,634] {spark_submit_hook.py:479} INFO - WARNING: Please consider reporting this to the maintainers of org.apache.spark.unsafe.Platform
[2021-12-05 15:52:58,634] {spark_submit_hook.py:479} INFO - WARNING: Use --illegal-access=warn to enable warnings of further illegal reflective access operations
[2021-12-05 15:52:58,634] {spark_submit_hook.py:479} INFO - WARNING: All illegal access operations will be denied in a future release
[2021-12-05 15:52:59,093] {spark_submit_hook.py:479} INFO - 21/12/05 15:52:59 WARN NativeCodeLoader: Unable to load native-hadoop library for your platform... using builtin-java classes where applicable
[2021-12-05 15:53:00,136] {spark_submit_hook.py:479} INFO - Using Spark's default log4j profile: org/apache/spark/log4j-defaults.properties
[2021-12-05 15:53:00,142] {spark_submit_hook.py:479} INFO - 21/12/05 15:53:00 INFO SparkContext: Running Spark version 3.1.2
[2021-12-05 15:53:00,192] {spark_submit_hook.py:479} INFO - 21/12/05 15:53:00 INFO ResourceUtils: ==============================================================
[2021-12-05 15:53:00,192] {spark_submit_hook.py:479} INFO - 21/12/05 15:53:00 INFO ResourceUtils: No custom resources configured for spark.driver.
[2021-12-05 15:53:00,193] {spark_submit_hook.py:479} INFO - 21/12/05 15:53:00 INFO ResourceUtils: ==============================================================
[2021-12-05 15:53:00,193] {spark_submit_hook.py:479} INFO - 21/12/05 15:53:00 INFO SparkContext: Submitted application: twitter_transformation
[2021-12-05 15:53:00,219] {spark_submit_hook.py:479} INFO - 21/12/05 15:53:00 INFO ResourceProfile: Default ResourceProfile created, executor resources: Map(cores -> name: cores, amount: 1, script: , vendor: , memory -> name: memory, amount: 1024, script: , vendor: , offHeap -> name: offHeap, amount: 0, script: , vendor: ), task resources: Map(cpus -> name: cpus, amount: 1.0)
[2021-12-05 15:53:00,234] {spark_submit_hook.py:479} INFO - 21/12/05 15:53:00 INFO ResourceProfile: Limiting resource is cpu
[2021-12-05 15:53:00,235] {spark_submit_hook.py:479} INFO - 21/12/05 15:53:00 INFO ResourceProfileManager: Added ResourceProfile id: 0
[2021-12-05 15:53:00,309] {spark_submit_hook.py:479} INFO - 21/12/05 15:53:00 INFO SecurityManager: Changing view acls to: kauai
[2021-12-05 15:53:00,309] {spark_submit_hook.py:479} INFO - 21/12/05 15:53:00 INFO SecurityManager: Changing modify acls to: kauai
[2021-12-05 15:53:00,309] {spark_submit_hook.py:479} INFO - 21/12/05 15:53:00 INFO SecurityManager: Changing view acls groups to:
[2021-12-05 15:53:00,309] {spark_submit_hook.py:479} INFO - 21/12/05 15:53:00 INFO SecurityManager: Changing modify acls groups to:
[2021-12-05 15:53:00,309] {spark_submit_hook.py:479} INFO - 21/12/05 15:53:00 INFO SecurityManager: SecurityManager: authentication disabled; ui acls disabled; users  with view permissions: Set(kauai); groups with view permissions: Set(); users  with modify permissions: Set(kauai); groups with modify permissions: Set()
[2021-12-05 15:53:00,775] {spark_submit_hook.py:479} INFO - 21/12/05 15:53:00 INFO Utils: Successfully started service 'sparkDriver' on port 38495.
[2021-12-05 15:53:00,799] {spark_submit_hook.py:479} INFO - 21/12/05 15:53:00 INFO SparkEnv: Registering MapOutputTracker
[2021-12-05 15:53:00,838] {spark_submit_hook.py:479} INFO - 21/12/05 15:53:00 INFO SparkEnv: Registering BlockManagerMaster
[2021-12-05 15:53:00,863] {spark_submit_hook.py:479} INFO - 21/12/05 15:53:00 INFO BlockManagerMasterEndpoint: Using org.apache.spark.storage.DefaultTopologyMapper for getting topology information
[2021-12-05 15:53:00,864] {spark_submit_hook.py:479} INFO - 21/12/05 15:53:00 INFO BlockManagerMasterEndpoint: BlockManagerMasterEndpoint up
[2021-12-05 15:53:00,871] {spark_submit_hook.py:479} INFO - 21/12/05 15:53:00 INFO SparkEnv: Registering BlockManagerMasterHeartbeat
[2021-12-05 15:53:00,890] {spark_submit_hook.py:479} INFO - 21/12/05 15:53:00 INFO DiskBlockManager: Created local directory at /tmp/blockmgr-983f5446-8364-4e76-97d4-818b60e707f3
[2021-12-05 15:53:00,916] {spark_submit_hook.py:479} INFO - 21/12/05 15:53:00 INFO MemoryStore: MemoryStore started with capacity 413.9 MiB
[2021-12-05 15:53:00,943] {spark_submit_hook.py:479} INFO - 21/12/05 15:53:00 INFO SparkEnv: Registering OutputCommitCoordinator
[2021-12-05 15:53:01,139] {spark_submit_hook.py:479} INFO - 21/12/05 15:53:01 INFO Utils: Successfully started service 'SparkUI' on port 4040.
[2021-12-05 15:53:01,235] {spark_submit_hook.py:479} INFO - 21/12/05 15:53:01 INFO SparkUI: Bound SparkUI to 0.0.0.0, and started at http://10.0.2.15:4040
[2021-12-05 15:53:01,499] {spark_submit_hook.py:479} INFO - 21/12/05 15:53:01 INFO Executor: Starting executor ID driver on host 10.0.2.15
[2021-12-05 15:53:01,546] {spark_submit_hook.py:479} INFO - 21/12/05 15:53:01 INFO Utils: Successfully started service 'org.apache.spark.network.netty.NettyBlockTransferService' on port 38947.
[2021-12-05 15:53:01,547] {spark_submit_hook.py:479} INFO - 21/12/05 15:53:01 INFO NettyBlockTransferService: Server created on 10.0.2.15:38947
[2021-12-05 15:53:01,547] {spark_submit_hook.py:479} INFO - 21/12/05 15:53:01 INFO BlockManager: Using org.apache.spark.storage.RandomBlockReplicationPolicy for block replication policy
[2021-12-05 15:53:01,554] {spark_submit_hook.py:479} INFO - 21/12/05 15:53:01 INFO BlockManagerMaster: Registering BlockManager BlockManagerId(driver, 10.0.2.15, 38947, None)
[2021-12-05 15:53:01,559] {spark_submit_hook.py:479} INFO - 21/12/05 15:53:01 INFO BlockManagerMasterEndpoint: Registering block manager 10.0.2.15:38947 with 413.9 MiB RAM, BlockManagerId(driver, 10.0.2.15, 38947, None)
[2021-12-05 15:53:01,562] {spark_submit_hook.py:479} INFO - 21/12/05 15:53:01 INFO BlockManagerMaster: Registered BlockManager BlockManagerId(driver, 10.0.2.15, 38947, None)
[2021-12-05 15:53:01,563] {spark_submit_hook.py:479} INFO - 21/12/05 15:53:01 INFO BlockManager: Initialized BlockManager: BlockManagerId(driver, 10.0.2.15, 38947, None)
[2021-12-05 15:53:02,172] {spark_submit_hook.py:479} INFO - 21/12/05 15:53:02 INFO SharedState: Setting hive.metastore.warehouse.dir ('null') to the value of spark.sql.warehouse.dir ('file:/home/kauai/datapipeline/spark-warehouse').
[2021-12-05 15:53:02,173] {spark_submit_hook.py:479} INFO - 21/12/05 15:53:02 INFO SharedState: Warehouse path is 'file:/home/kauai/datapipeline/spark-warehouse'.
[2021-12-05 15:53:03,022] {spark_submit_hook.py:479} INFO - 21/12/05 15:53:03 INFO InMemoryFileIndex: It took 76 ms to list leaf files for 1 paths.
[2021-12-05 15:53:03,110] {spark_submit_hook.py:479} INFO - 21/12/05 15:53:03 INFO InMemoryFileIndex: It took 2 ms to list leaf files for 1 paths.
[2021-12-05 15:53:05,331] {spark_submit_hook.py:479} INFO - 21/12/05 15:53:05 INFO FileSourceStrategy: Pushed Filters:
[2021-12-05 15:53:05,331] {spark_submit_hook.py:479} INFO - 21/12/05 15:53:05 INFO FileSourceStrategy: Post-Scan Filters:
[2021-12-05 15:53:05,333] {spark_submit_hook.py:479} INFO - 21/12/05 15:53:05 INFO FileSourceStrategy: Output Data Schema: struct<value: string>
[2021-12-05 15:53:05,641] {spark_submit_hook.py:479} INFO - 21/12/05 15:53:05 INFO MemoryStore: Block broadcast_0 stored as values in memory (estimated size 174.7 KiB, free 413.8 MiB)
[2021-12-05 15:53:05,722] {spark_submit_hook.py:479} INFO - 21/12/05 15:53:05 INFO MemoryStore: Block broadcast_0_piece0 stored as bytes in memory (estimated size 27.6 KiB, free 413.7 MiB)
[2021-12-05 15:53:05,725] {spark_submit_hook.py:479} INFO - 21/12/05 15:53:05 INFO BlockManagerInfo: Added broadcast_0_piece0 in memory on 10.0.2.15:38947 (size: 27.6 KiB, free: 413.9 MiB)
[2021-12-05 15:53:05,735] {spark_submit_hook.py:479} INFO - 21/12/05 15:53:05 INFO SparkContext: Created broadcast 0 from json at NativeMethodAccessorImpl.java:0
[2021-12-05 15:53:05,741] {spark_submit_hook.py:479} INFO - 21/12/05 15:53:05 INFO FileSourceScanExec: Planning scan with bin packing, max size: 4276303 bytes, open cost is considered as scanning 4194304 bytes.
[2021-12-05 15:53:05,991] {spark_submit_hook.py:479} INFO - 21/12/05 15:53:05 INFO SparkContext: Starting job: json at NativeMethodAccessorImpl.java:0
[2021-12-05 15:53:06,006] {spark_submit_hook.py:479} INFO - 21/12/05 15:53:06 INFO DAGScheduler: Got job 0 (json at NativeMethodAccessorImpl.java:0) with 1 output partitions
[2021-12-05 15:53:06,014] {spark_submit_hook.py:479} INFO - 21/12/05 15:53:06 INFO DAGScheduler: Final stage: ResultStage 0 (json at NativeMethodAccessorImpl.java:0)
[2021-12-05 15:53:06,014] {spark_submit_hook.py:479} INFO - 21/12/05 15:53:06 INFO DAGScheduler: Parents of final stage: List()
[2021-12-05 15:53:06,015] {spark_submit_hook.py:479} INFO - 21/12/05 15:53:06 INFO DAGScheduler: Missing parents: List()
[2021-12-05 15:53:06,025] {spark_submit_hook.py:479} INFO - 21/12/05 15:53:06 INFO DAGScheduler: Submitting ResultStage 0 (MapPartitionsRDD[3] at json at NativeMethodAccessorImpl.java:0), which has no missing parents
[2021-12-05 15:53:06,167] {spark_submit_hook.py:479} INFO - 21/12/05 15:53:06 INFO MemoryStore: Block broadcast_1 stored as values in memory (estimated size 12.0 KiB, free 413.7 MiB)
[2021-12-05 15:53:06,168] {spark_submit_hook.py:479} INFO - 21/12/05 15:53:06 INFO MemoryStore: Block broadcast_1_piece0 stored as bytes in memory (estimated size 6.3 KiB, free 413.7 MiB)
[2021-12-05 15:53:06,170] {spark_submit_hook.py:479} INFO - 21/12/05 15:53:06 INFO BlockManagerInfo: Added broadcast_1_piece0 in memory on 10.0.2.15:38947 (size: 6.3 KiB, free: 413.9 MiB)
[2021-12-05 15:53:06,174] {spark_submit_hook.py:479} INFO - 21/12/05 15:53:06 INFO SparkContext: Created broadcast 1 from broadcast at DAGScheduler.scala:1388
[2021-12-05 15:53:06,199] {spark_submit_hook.py:479} INFO - 21/12/05 15:53:06 INFO DAGScheduler: Submitting 1 missing tasks from ResultStage 0 (MapPartitionsRDD[3] at json at NativeMethodAccessorImpl.java:0) (first 15 tasks are for partitions Vector(0))
[2021-12-05 15:53:06,199] {spark_submit_hook.py:479} INFO - 21/12/05 15:53:06 INFO TaskSchedulerImpl: Adding task set 0.0 with 1 tasks resource profile 0
[2021-12-05 15:53:06,254] {spark_submit_hook.py:479} INFO - 21/12/05 15:53:06 INFO TaskSetManager: Starting task 0.0 in stage 0.0 (TID 0) (10.0.2.15, executor driver, partition 0, PROCESS_LOCAL, 4942 bytes) taskResourceAssignments Map()
[2021-12-05 15:53:06,283] {spark_submit_hook.py:479} INFO - 21/12/05 15:53:06 INFO Executor: Running task 0.0 in stage 0.0 (TID 0)
[2021-12-05 15:53:06,454] {spark_submit_hook.py:479} INFO - 21/12/05 15:53:06 INFO FileScanRDD: Reading File path: file:///home/kauai/datapipeline/datalake/bronze/twitter_chapecoense/extract_date=2021-12-02/VascodaGama_20211202.json, range: 0-81999, partition values: [empty row]
[2021-12-05 15:53:06,874] {spark_submit_hook.py:479} INFO - 21/12/05 15:53:06 INFO CodeGenerator: Code generated in 262.512173 ms
[2021-12-05 15:53:06,991] {spark_submit_hook.py:479} INFO - 21/12/05 15:53:06 INFO Executor: Finished task 0.0 in stage 0.0 (TID 0). 2858 bytes result sent to driver
[2021-12-05 15:53:07,023] {spark_submit_hook.py:479} INFO - 21/12/05 15:53:07 INFO TaskSetManager: Finished task 0.0 in stage 0.0 (TID 0) in 783 ms on 10.0.2.15 (executor driver) (1/1)
[2021-12-05 15:53:07,038] {spark_submit_hook.py:479} INFO - 21/12/05 15:53:07 INFO DAGScheduler: ResultStage 0 (json at NativeMethodAccessorImpl.java:0) finished in 0,984 s
[2021-12-05 15:53:07,039] {spark_submit_hook.py:479} INFO - 21/12/05 15:53:07 INFO TaskSchedulerImpl: Removed TaskSet 0.0, whose tasks have all completed, from pool
[2021-12-05 15:53:07,046] {spark_submit_hook.py:479} INFO - 21/12/05 15:53:07 INFO DAGScheduler: Job 0 is finished. Cancelling potential speculative or zombie tasks for this job
[2021-12-05 15:53:07,047] {spark_submit_hook.py:479} INFO - 21/12/05 15:53:07 INFO TaskSchedulerImpl: Killing all running tasks in stage 0: Stage finished
[2021-12-05 15:53:07,054] {spark_submit_hook.py:479} INFO - 21/12/05 15:53:07 INFO DAGScheduler: Job 0 finished: json at NativeMethodAccessorImpl.java:0, took 1,059450 s
[2021-12-05 15:53:07,566] {spark_submit_hook.py:479} INFO - 21/12/05 15:53:07 INFO FileSourceStrategy: Pushed Filters: IsNotNull(data)
[2021-12-05 15:53:07,568] {spark_submit_hook.py:479} INFO - 21/12/05 15:53:07 INFO FileSourceStrategy: Post-Scan Filters: (size(data#7, true) > 0),isnotnull(data#7)
[2021-12-05 15:53:07,568] {spark_submit_hook.py:479} INFO - 21/12/05 15:53:07 INFO FileSourceStrategy: Output Data Schema: struct<data: array<struct<author_id:string,conversation_id:string,created_at:string,id:string,in_reply_to_user_id:string,public_metrics:struct<like_count:bigint,quote_count:bigint,reply_count:bigint,retweet_count:bigint>,text:string>>>
[2021-12-05 15:53:07,720] {spark_submit_hook.py:479} INFO - 21/12/05 15:53:07 INFO BlockManagerInfo: Removed broadcast_0_piece0 on 10.0.2.15:38947 in memory (size: 27.6 KiB, free: 413.9 MiB)
[2021-12-05 15:53:07,733] {spark_submit_hook.py:479} INFO - 21/12/05 15:53:07 INFO FileOutputCommitter: File Output Committer Algorithm version is 1
[2021-12-05 15:53:07,735] {spark_submit_hook.py:479} INFO - 21/12/05 15:53:07 INFO FileOutputCommitter: FileOutputCommitter skip cleanup _temporary folders under output directory:false, ignore cleanup failures: false
[2021-12-05 15:53:07,735] {spark_submit_hook.py:479} INFO - 21/12/05 15:53:07 INFO SQLHadoopMapReduceCommitProtocol: Using output committer class org.apache.hadoop.mapreduce.lib.output.FileOutputCommitter
[2021-12-05 15:53:07,744] {spark_submit_hook.py:479} INFO - 21/12/05 15:53:07 INFO BlockManagerInfo: Removed broadcast_1_piece0 on 10.0.2.15:38947 in memory (size: 6.3 KiB, free: 413.9 MiB)
[2021-12-05 15:53:07,864] {spark_submit_hook.py:479} INFO - 21/12/05 15:53:07 INFO CodeGenerator: Code generated in 49.784605 ms
[2021-12-05 15:53:07,953] {spark_submit_hook.py:479} INFO - 21/12/05 15:53:07 INFO CodeGenerator: Code generated in 61.504457 ms
[2021-12-05 15:53:07,957] {spark_submit_hook.py:479} INFO - 21/12/05 15:53:07 INFO MemoryStore: Block broadcast_2 stored as values in memory (estimated size 174.6 KiB, free 413.8 MiB)
[2021-12-05 15:53:07,969] {spark_submit_hook.py:479} INFO - 21/12/05 15:53:07 INFO MemoryStore: Block broadcast_2_piece0 stored as bytes in memory (estimated size 27.6 KiB, free 413.7 MiB)
[2021-12-05 15:53:07,970] {spark_submit_hook.py:479} INFO - 21/12/05 15:53:07 INFO BlockManagerInfo: Added broadcast_2_piece0 in memory on 10.0.2.15:38947 (size: 27.6 KiB, free: 413.9 MiB)
[2021-12-05 15:53:07,976] {spark_submit_hook.py:479} INFO - 21/12/05 15:53:07 INFO SparkContext: Created broadcast 2 from json at NativeMethodAccessorImpl.java:0
[2021-12-05 15:53:07,978] {spark_submit_hook.py:479} INFO - 21/12/05 15:53:07 INFO FileSourceScanExec: Planning scan with bin packing, max size: 4276303 bytes, open cost is considered as scanning 4194304 bytes.
[2021-12-05 15:53:08,115] {spark_submit_hook.py:479} INFO - 21/12/05 15:53:08 INFO SparkContext: Starting job: json at NativeMethodAccessorImpl.java:0
[2021-12-05 15:53:08,117] {spark_submit_hook.py:479} INFO - 21/12/05 15:53:08 INFO DAGScheduler: Got job 1 (json at NativeMethodAccessorImpl.java:0) with 1 output partitions
[2021-12-05 15:53:08,117] {spark_submit_hook.py:479} INFO - 21/12/05 15:53:08 INFO DAGScheduler: Final stage: ResultStage 1 (json at NativeMethodAccessorImpl.java:0)
[2021-12-05 15:53:08,118] {spark_submit_hook.py:479} INFO - 21/12/05 15:53:08 INFO DAGScheduler: Parents of final stage: List()
[2021-12-05 15:53:08,118] {spark_submit_hook.py:479} INFO - 21/12/05 15:53:08 INFO DAGScheduler: Missing parents: List()
[2021-12-05 15:53:08,122] {spark_submit_hook.py:479} INFO - 21/12/05 15:53:08 INFO DAGScheduler: Submitting ResultStage 1 (CoalescedRDD[13] at json at NativeMethodAccessorImpl.java:0), which has no missing parents
[2021-12-05 15:53:08,169] {spark_submit_hook.py:479} INFO - 21/12/05 15:53:08 INFO MemoryStore: Block broadcast_3 stored as values in memory (estimated size 188.7 KiB, free 413.5 MiB)
[2021-12-05 15:53:08,177] {spark_submit_hook.py:479} INFO - 21/12/05 15:53:08 INFO MemoryStore: Block broadcast_3_piece0 stored as bytes in memory (estimated size 66.6 KiB, free 413.5 MiB)
[2021-12-05 15:53:08,177] {spark_submit_hook.py:479} INFO - 21/12/05 15:53:08 INFO BlockManagerInfo: Added broadcast_3_piece0 in memory on 10.0.2.15:38947 (size: 66.6 KiB, free: 413.8 MiB)
[2021-12-05 15:53:08,179] {spark_submit_hook.py:479} INFO - 21/12/05 15:53:08 INFO SparkContext: Created broadcast 3 from broadcast at DAGScheduler.scala:1388
[2021-12-05 15:53:08,183] {spark_submit_hook.py:479} INFO - 21/12/05 15:53:08 INFO DAGScheduler: Submitting 1 missing tasks from ResultStage 1 (CoalescedRDD[13] at json at NativeMethodAccessorImpl.java:0) (first 15 tasks are for partitions Vector(0))
[2021-12-05 15:53:08,183] {spark_submit_hook.py:479} INFO - 21/12/05 15:53:08 INFO TaskSchedulerImpl: Adding task set 1.0 with 1 tasks resource profile 0
[2021-12-05 15:53:08,186] {spark_submit_hook.py:479} INFO - 21/12/05 15:53:08 INFO TaskSetManager: Starting task 0.0 in stage 1.0 (TID 1) (10.0.2.15, executor driver, partition 0, PROCESS_LOCAL, 5171 bytes) taskResourceAssignments Map()
[2021-12-05 15:53:08,187] {spark_submit_hook.py:479} INFO - 21/12/05 15:53:08 INFO Executor: Running task 0.0 in stage 1.0 (TID 1)
[2021-12-05 15:53:08,280] {spark_submit_hook.py:479} INFO - 21/12/05 15:53:08 INFO FileOutputCommitter: File Output Committer Algorithm version is 1
[2021-12-05 15:53:08,280] {spark_submit_hook.py:479} INFO - 21/12/05 15:53:08 INFO FileOutputCommitter: FileOutputCommitter skip cleanup _temporary folders under output directory:false, ignore cleanup failures: false
[2021-12-05 15:53:08,280] {spark_submit_hook.py:479} INFO - 21/12/05 15:53:08 INFO SQLHadoopMapReduceCommitProtocol: Using output committer class org.apache.hadoop.mapreduce.lib.output.FileOutputCommitter
[2021-12-05 15:53:08,391] {spark_submit_hook.py:479} INFO - 21/12/05 15:53:08 INFO CodeGenerator: Code generated in 38.840064 ms
[2021-12-05 15:53:08,393] {spark_submit_hook.py:479} INFO - 21/12/05 15:53:08 INFO FileScanRDD: Reading File path: file:///home/kauai/datapipeline/datalake/bronze/twitter_chapecoense/extract_date=2021-12-02/VascodaGama_20211202.json, range: 0-81999, partition values: [empty row]
[2021-12-05 15:53:08,446] {spark_submit_hook.py:479} INFO - 21/12/05 15:53:08 INFO CodeGenerator: Code generated in 45.711859 ms
[2021-12-05 15:53:08,481] {spark_submit_hook.py:479} INFO - 21/12/05 15:53:08 INFO CodeGenerator: Code generated in 6.329892 ms
[2021-12-05 15:53:08,578] {spark_submit_hook.py:479} INFO - 21/12/05 15:53:08 INFO FileOutputCommitter: Saved output of task 'attempt_202112051553087885792221268612873_0001_m_000000_1' to file:/home/kauai/datapipeline/datalake/silver/twitter_chapecoense/tweet/process_date=2021-12-02/_temporary/0/task_202112051553087885792221268612873_0001_m_000000
[2021-12-05 15:53:08,582] {spark_submit_hook.py:479} INFO - 21/12/05 15:53:08 INFO SparkHadoopMapRedUtil: attempt_202112051553087885792221268612873_0001_m_000000_1: Committed
[2021-12-05 15:53:08,586] {spark_submit_hook.py:479} INFO - 21/12/05 15:53:08 INFO Executor: Finished task 0.0 in stage 1.0 (TID 1). 2944 bytes result sent to driver
[2021-12-05 15:53:08,594] {spark_submit_hook.py:479} INFO - 21/12/05 15:53:08 INFO TaskSetManager: Finished task 0.0 in stage 1.0 (TID 1) in 410 ms on 10.0.2.15 (executor driver) (1/1)
[2021-12-05 15:53:08,597] {spark_submit_hook.py:479} INFO - 21/12/05 15:53:08 INFO DAGScheduler: ResultStage 1 (json at NativeMethodAccessorImpl.java:0) finished in 0,472 s
[2021-12-05 15:53:08,597] {spark_submit_hook.py:479} INFO - 21/12/05 15:53:08 INFO DAGScheduler: Job 1 is finished. Cancelling potential speculative or zombie tasks for this job
[2021-12-05 15:53:08,599] {spark_submit_hook.py:479} INFO - 21/12/05 15:53:08 INFO TaskSchedulerImpl: Removed TaskSet 1.0, whose tasks have all completed, from pool
[2021-12-05 15:53:08,602] {spark_submit_hook.py:479} INFO - 21/12/05 15:53:08 INFO TaskSchedulerImpl: Killing all running tasks in stage 1: Stage finished
[2021-12-05 15:53:08,602] {spark_submit_hook.py:479} INFO - 21/12/05 15:53:08 INFO DAGScheduler: Job 1 finished: json at NativeMethodAccessorImpl.java:0, took 0,484363 s
[2021-12-05 15:53:08,623] {spark_submit_hook.py:479} INFO - 21/12/05 15:53:08 INFO FileFormatWriter: Write Job 14cff680-c0a9-4158-9385-6f2c091aff90 committed.
[2021-12-05 15:53:08,627] {spark_submit_hook.py:479} INFO - 21/12/05 15:53:08 INFO FileFormatWriter: Finished processing stats for write job 14cff680-c0a9-4158-9385-6f2c091aff90.
[2021-12-05 15:53:08,725] {spark_submit_hook.py:479} INFO - 21/12/05 15:53:08 INFO FileSourceStrategy: Pushed Filters: IsNotNull(includes)
[2021-12-05 15:53:08,728] {spark_submit_hook.py:479} INFO - 21/12/05 15:53:08 INFO FileSourceStrategy: Post-Scan Filters: isnotnull(includes#8),(size(includes#8.users, true) > 0),isnotnull(includes#8.users)
[2021-12-05 15:53:08,728] {spark_submit_hook.py:479} INFO - 21/12/05 15:53:08 INFO FileSourceStrategy: Output Data Schema: struct<includes: struct<users: array<struct<created_at:string,id:string,name:string,username:string>>>>
[2021-12-05 15:53:08,752] {spark_submit_hook.py:479} INFO - 21/12/05 15:53:08 INFO FileOutputCommitter: File Output Committer Algorithm version is 1
[2021-12-05 15:53:08,752] {spark_submit_hook.py:479} INFO - 21/12/05 15:53:08 INFO FileOutputCommitter: FileOutputCommitter skip cleanup _temporary folders under output directory:false, ignore cleanup failures: false
[2021-12-05 15:53:08,753] {spark_submit_hook.py:479} INFO - 21/12/05 15:53:08 INFO SQLHadoopMapReduceCommitProtocol: Using output committer class org.apache.hadoop.mapreduce.lib.output.FileOutputCommitter
[2021-12-05 15:53:08,809] {spark_submit_hook.py:479} INFO - 21/12/05 15:53:08 INFO CodeGenerator: Code generated in 23.820653 ms
[2021-12-05 15:53:08,845] {spark_submit_hook.py:479} INFO - 21/12/05 15:53:08 INFO CodeGenerator: Code generated in 29.520757 ms
[2021-12-05 15:53:08,852] {spark_submit_hook.py:479} INFO - 21/12/05 15:53:08 INFO MemoryStore: Block broadcast_4 stored as values in memory (estimated size 174.6 KiB, free 413.3 MiB)
[2021-12-05 15:53:08,875] {spark_submit_hook.py:479} INFO - 21/12/05 15:53:08 INFO MemoryStore: Block broadcast_4_piece0 stored as bytes in memory (estimated size 27.6 KiB, free 413.3 MiB)
[2021-12-05 15:53:08,875] {spark_submit_hook.py:479} INFO - 21/12/05 15:53:08 INFO BlockManagerInfo: Added broadcast_4_piece0 in memory on 10.0.2.15:38947 (size: 27.6 KiB, free: 413.8 MiB)
[2021-12-05 15:53:08,876] {spark_submit_hook.py:479} INFO - 21/12/05 15:53:08 INFO SparkContext: Created broadcast 4 from json at NativeMethodAccessorImpl.java:0
[2021-12-05 15:53:08,878] {spark_submit_hook.py:479} INFO - 21/12/05 15:53:08 INFO FileSourceScanExec: Planning scan with bin packing, max size: 4276303 bytes, open cost is considered as scanning 4194304 bytes.
[2021-12-05 15:53:08,947] {spark_submit_hook.py:479} INFO - 21/12/05 15:53:08 INFO SparkContext: Starting job: json at NativeMethodAccessorImpl.java:0
[2021-12-05 15:53:08,955] {spark_submit_hook.py:479} INFO - 21/12/05 15:53:08 INFO DAGScheduler: Got job 2 (json at NativeMethodAccessorImpl.java:0) with 1 output partitions
[2021-12-05 15:53:08,955] {spark_submit_hook.py:479} INFO - 21/12/05 15:53:08 INFO DAGScheduler: Final stage: ResultStage 2 (json at NativeMethodAccessorImpl.java:0)
[2021-12-05 15:53:08,955] {spark_submit_hook.py:479} INFO - 21/12/05 15:53:08 INFO DAGScheduler: Parents of final stage: List()
[2021-12-05 15:53:08,955] {spark_submit_hook.py:479} INFO - 21/12/05 15:53:08 INFO DAGScheduler: Missing parents: List()
[2021-12-05 15:53:08,957] {spark_submit_hook.py:479} INFO - 21/12/05 15:53:08 INFO DAGScheduler: Submitting ResultStage 2 (CoalescedRDD[25] at json at NativeMethodAccessorImpl.java:0), which has no missing parents
[2021-12-05 15:53:08,975] {spark_submit_hook.py:479} INFO - 21/12/05 15:53:08 INFO MemoryStore: Block broadcast_5 stored as values in memory (estimated size 185.1 KiB, free 413.1 MiB)
[2021-12-05 15:53:08,978] {spark_submit_hook.py:479} INFO - 21/12/05 15:53:08 INFO MemoryStore: Block broadcast_5_piece0 stored as bytes in memory (estimated size 66.1 KiB, free 413.0 MiB)
[2021-12-05 15:53:08,978] {spark_submit_hook.py:479} INFO - 21/12/05 15:53:08 INFO BlockManagerInfo: Added broadcast_5_piece0 in memory on 10.0.2.15:38947 (size: 66.1 KiB, free: 413.7 MiB)
[2021-12-05 15:53:08,979] {spark_submit_hook.py:479} INFO - 21/12/05 15:53:08 INFO SparkContext: Created broadcast 5 from broadcast at DAGScheduler.scala:1388
[2021-12-05 15:53:08,982] {spark_submit_hook.py:479} INFO - 21/12/05 15:53:08 INFO DAGScheduler: Submitting 1 missing tasks from ResultStage 2 (CoalescedRDD[25] at json at NativeMethodAccessorImpl.java:0) (first 15 tasks are for partitions Vector(0))
[2021-12-05 15:53:08,982] {spark_submit_hook.py:479} INFO - 21/12/05 15:53:08 INFO TaskSchedulerImpl: Adding task set 2.0 with 1 tasks resource profile 0
[2021-12-05 15:53:08,984] {spark_submit_hook.py:479} INFO - 21/12/05 15:53:08 INFO TaskSetManager: Starting task 0.0 in stage 2.0 (TID 2) (10.0.2.15, executor driver, partition 0, PROCESS_LOCAL, 5171 bytes) taskResourceAssignments Map()
[2021-12-05 15:53:08,984] {spark_submit_hook.py:479} INFO - 21/12/05 15:53:08 INFO Executor: Running task 0.0 in stage 2.0 (TID 2)
[2021-12-05 15:53:09,015] {spark_submit_hook.py:479} INFO - 21/12/05 15:53:09 INFO FileOutputCommitter: File Output Committer Algorithm version is 1
[2021-12-05 15:53:09,016] {spark_submit_hook.py:479} INFO - 21/12/05 15:53:09 INFO FileOutputCommitter: FileOutputCommitter skip cleanup _temporary folders under output directory:false, ignore cleanup failures: false
[2021-12-05 15:53:09,016] {spark_submit_hook.py:479} INFO - 21/12/05 15:53:09 INFO SQLHadoopMapReduceCommitProtocol: Using output committer class org.apache.hadoop.mapreduce.lib.output.FileOutputCommitter
[2021-12-05 15:53:09,079] {spark_submit_hook.py:479} INFO - 21/12/05 15:53:09 INFO CodeGenerator: Code generated in 17.908737 ms
[2021-12-05 15:53:09,086] {spark_submit_hook.py:479} INFO - 21/12/05 15:53:09 INFO FileScanRDD: Reading File path: file:///home/kauai/datapipeline/datalake/bronze/twitter_chapecoense/extract_date=2021-12-02/VascodaGama_20211202.json, range: 0-81999, partition values: [empty row]
[2021-12-05 15:53:09,110] {spark_submit_hook.py:479} INFO - 21/12/05 15:53:09 INFO CodeGenerator: Code generated in 21.943328 ms
[2021-12-05 15:53:09,122] {spark_submit_hook.py:479} INFO - 21/12/05 15:53:09 INFO CodeGenerator: Code generated in 4.306576 ms
[2021-12-05 15:53:09,156] {spark_submit_hook.py:479} INFO - 21/12/05 15:53:09 INFO FileOutputCommitter: Saved output of task 'attempt_202112051553087647226627110281291_0002_m_000000_2' to file:/home/kauai/datapipeline/datalake/silver/twitter_chapecoense/user/process_date=2021-12-02/_temporary/0/task_202112051553087647226627110281291_0002_m_000000
[2021-12-05 15:53:09,156] {spark_submit_hook.py:479} INFO - 21/12/05 15:53:09 INFO SparkHadoopMapRedUtil: attempt_202112051553087647226627110281291_0002_m_000000_2: Committed
[2021-12-05 15:53:09,158] {spark_submit_hook.py:479} INFO - 21/12/05 15:53:09 INFO Executor: Finished task 0.0 in stage 2.0 (TID 2). 2901 bytes result sent to driver
[2021-12-05 15:53:09,165] {spark_submit_hook.py:479} INFO - 21/12/05 15:53:09 INFO TaskSetManager: Finished task 0.0 in stage 2.0 (TID 2) in 182 ms on 10.0.2.15 (executor driver) (1/1)
[2021-12-05 15:53:09,167] {spark_submit_hook.py:479} INFO - 21/12/05 15:53:09 INFO DAGScheduler: ResultStage 2 (json at NativeMethodAccessorImpl.java:0) finished in 0,210 s
[2021-12-05 15:53:09,167] {spark_submit_hook.py:479} INFO - 21/12/05 15:53:09 INFO DAGScheduler: Job 2 is finished. Cancelling potential speculative or zombie tasks for this job
[2021-12-05 15:53:09,167] {spark_submit_hook.py:479} INFO - 21/12/05 15:53:09 INFO TaskSchedulerImpl: Removed TaskSet 2.0, whose tasks have all completed, from pool
[2021-12-05 15:53:09,170] {spark_submit_hook.py:479} INFO - 21/12/05 15:53:09 INFO TaskSchedulerImpl: Killing all running tasks in stage 2: Stage finished
[2021-12-05 15:53:09,170] {spark_submit_hook.py:479} INFO - 21/12/05 15:53:09 INFO DAGScheduler: Job 2 finished: json at NativeMethodAccessorImpl.java:0, took 0,213996 s
[2021-12-05 15:53:09,190] {spark_submit_hook.py:479} INFO - 21/12/05 15:53:09 INFO FileFormatWriter: Write Job 6bd2429e-13ea-4b34-851d-eb6abaab13bc committed.
[2021-12-05 15:53:09,190] {spark_submit_hook.py:479} INFO - 21/12/05 15:53:09 INFO FileFormatWriter: Finished processing stats for write job 6bd2429e-13ea-4b34-851d-eb6abaab13bc.
[2021-12-05 15:53:09,230] {spark_submit_hook.py:479} INFO - 21/12/05 15:53:09 INFO SparkUI: Stopped Spark web UI at http://10.0.2.15:4040
[2021-12-05 15:53:09,242] {spark_submit_hook.py:479} INFO - 21/12/05 15:53:09 INFO MapOutputTrackerMasterEndpoint: MapOutputTrackerMasterEndpoint stopped!
[2021-12-05 15:53:09,250] {spark_submit_hook.py:479} INFO - 21/12/05 15:53:09 INFO MemoryStore: MemoryStore cleared
[2021-12-05 15:53:09,250] {spark_submit_hook.py:479} INFO - 21/12/05 15:53:09 INFO BlockManager: BlockManager stopped
[2021-12-05 15:53:09,256] {spark_submit_hook.py:479} INFO - 21/12/05 15:53:09 INFO BlockManagerMaster: BlockManagerMaster stopped
[2021-12-05 15:53:09,257] {spark_submit_hook.py:479} INFO - 21/12/05 15:53:09 INFO OutputCommitCoordinator$OutputCommitCoordinatorEndpoint: OutputCommitCoordinator stopped!
[2021-12-05 15:53:09,268] {spark_submit_hook.py:479} INFO - 21/12/05 15:53:09 INFO SparkContext: Successfully stopped SparkContext
[2021-12-05 15:53:09,270] {spark_submit_hook.py:479} INFO - 21/12/05 15:53:09 INFO ShutdownHookManager: Shutdown hook called
[2021-12-05 15:53:09,271] {spark_submit_hook.py:479} INFO - 21/12/05 15:53:09 INFO ShutdownHookManager: Deleting directory /tmp/spark-b204f2f8-ceb0-45bf-9824-bc05c8d977b1/pyspark-901dfe37-5aaa-45e6-b9ec-8fac43f33377
[2021-12-05 15:53:09,272] {spark_submit_hook.py:479} INFO - 21/12/05 15:53:09 INFO ShutdownHookManager: Deleting directory /tmp/spark-b204f2f8-ceb0-45bf-9824-bc05c8d977b1
[2021-12-05 15:53:09,273] {spark_submit_hook.py:479} INFO - 21/12/05 15:53:09 INFO ShutdownHookManager: Deleting directory /tmp/spark-5d8267f9-21fe-45d9-bd6d-b5bd314ce109
[2021-12-05 15:53:09,300] {taskinstance.py:1057} INFO - Marking task as SUCCESS.dag_id=twitter_dag, task_id=transform_twitter_chapecoense, execution_date=20211202T090000, start_date=20211205T185256, end_date=20211205T185309
[2021-12-05 15:53:11,558] {local_task_job.py:102} INFO - Task exited with return code 0
