[2021-12-02 22:43:38,268] {taskinstance.py:670} INFO - Dependencies all met for <TaskInstance: twitter_dag.transform_twitter_aluraonline 2021-12-01T09:00:00+00:00 [queued]>
[2021-12-02 22:43:38,280] {taskinstance.py:670} INFO - Dependencies all met for <TaskInstance: twitter_dag.transform_twitter_aluraonline 2021-12-01T09:00:00+00:00 [queued]>
[2021-12-02 22:43:38,280] {taskinstance.py:880} INFO - 
--------------------------------------------------------------------------------
[2021-12-02 22:43:38,280] {taskinstance.py:881} INFO - Starting attempt 1 of 1
[2021-12-02 22:43:38,280] {taskinstance.py:882} INFO - 
--------------------------------------------------------------------------------
[2021-12-02 22:43:38,288] {taskinstance.py:901} INFO - Executing <Task(SparkSubmitOperator): transform_twitter_aluraonline> on 2021-12-01T09:00:00+00:00
[2021-12-02 22:43:38,289] {standard_task_runner.py:54} INFO - Started process 11139 to run task
[2021-12-02 22:43:38,339] {standard_task_runner.py:77} INFO - Running: ['airflow', 'run', 'twitter_dag', 'transform_twitter_aluraonline', '2021-12-01T09:00:00+00:00', '--job_id', '45', '--pool', 'default_pool', '--raw', '-sd', 'DAGS_FOLDER/twitter_dag.py', '--cfg_path', '/tmp/tmpitj3cmf1']
[2021-12-02 22:43:38,340] {standard_task_runner.py:78} INFO - Job 45: Subtask transform_twitter_aluraonline
[2021-12-02 22:43:38,356] {logging_mixin.py:112} INFO - Running <TaskInstance: twitter_dag.transform_twitter_aluraonline 2021-12-01T09:00:00+00:00 [running]> on host kauai-VirtualBox
[2021-12-02 22:43:38,385] {base_hook.py:89} INFO - Using connection to: id: spark_default. Host: local, Port: None, Schema: None, Login: None, Password: None, extra: XXXXXXXX
[2021-12-02 22:43:38,386] {spark_submit_hook.py:325} INFO - Spark-Submit cmd: /home/kauai/spark-3.1.2-bin-hadoop3.2/bin/spark-submit --master local --name twitter_transformation /home/kauai/datapipeline/spark/transformation.py --src /home/kauai/kauai/datapipeline/datalake/bronze/twitter_aluraonline/extract_date=2021-12-01 --dest /home/kauai/kauai/datapipeline/datalake/silver/twitter_aluraonline/ --process-date 2021-12-01
[2021-12-02 22:43:40,219] {spark_submit_hook.py:479} INFO - 21/12/02 22:43:40 WARN Utils: Your hostname, kauai-VirtualBox resolves to a loopback address: 127.0.1.1; using 10.0.2.15 instead (on interface enp0s3)
[2021-12-02 22:43:40,219] {spark_submit_hook.py:479} INFO - 21/12/02 22:43:40 WARN Utils: Set SPARK_LOCAL_IP if you need to bind to another address
[2021-12-02 22:43:40,240] {spark_submit_hook.py:479} INFO - WARNING: An illegal reflective access operation has occurred
[2021-12-02 22:43:40,241] {spark_submit_hook.py:479} INFO - WARNING: Illegal reflective access by org.apache.spark.unsafe.Platform (file:/opt/spark/jars/spark-unsafe_2.12-3.1.2.jar) to constructor java.nio.DirectByteBuffer(long,int)
[2021-12-02 22:43:40,241] {spark_submit_hook.py:479} INFO - WARNING: Please consider reporting this to the maintainers of org.apache.spark.unsafe.Platform
[2021-12-02 22:43:40,241] {spark_submit_hook.py:479} INFO - WARNING: Use --illegal-access=warn to enable warnings of further illegal reflective access operations
[2021-12-02 22:43:40,241] {spark_submit_hook.py:479} INFO - WARNING: All illegal access operations will be denied in a future release
[2021-12-02 22:43:40,799] {spark_submit_hook.py:479} INFO - 21/12/02 22:43:40 WARN NativeCodeLoader: Unable to load native-hadoop library for your platform... using builtin-java classes where applicable
[2021-12-02 22:43:41,554] {spark_submit_hook.py:479} INFO - Using Spark's default log4j profile: org/apache/spark/log4j-defaults.properties
[2021-12-02 22:43:41,560] {spark_submit_hook.py:479} INFO - 21/12/02 22:43:41 INFO SparkContext: Running Spark version 3.1.2
[2021-12-02 22:43:41,625] {spark_submit_hook.py:479} INFO - 21/12/02 22:43:41 INFO ResourceUtils: ==============================================================
[2021-12-02 22:43:41,625] {spark_submit_hook.py:479} INFO - 21/12/02 22:43:41 INFO ResourceUtils: No custom resources configured for spark.driver.
[2021-12-02 22:43:41,626] {spark_submit_hook.py:479} INFO - 21/12/02 22:43:41 INFO ResourceUtils: ==============================================================
[2021-12-02 22:43:41,626] {spark_submit_hook.py:479} INFO - 21/12/02 22:43:41 INFO SparkContext: Submitted application: twitter_transformation
[2021-12-02 22:43:41,661] {spark_submit_hook.py:479} INFO - 21/12/02 22:43:41 INFO ResourceProfile: Default ResourceProfile created, executor resources: Map(cores -> name: cores, amount: 1, script: , vendor: , memory -> name: memory, amount: 1024, script: , vendor: , offHeap -> name: offHeap, amount: 0, script: , vendor: ), task resources: Map(cpus -> name: cpus, amount: 1.0)
[2021-12-02 22:43:41,671] {spark_submit_hook.py:479} INFO - 21/12/02 22:43:41 INFO ResourceProfile: Limiting resource is cpu
[2021-12-02 22:43:41,671] {spark_submit_hook.py:479} INFO - 21/12/02 22:43:41 INFO ResourceProfileManager: Added ResourceProfile id: 0
[2021-12-02 22:43:41,745] {spark_submit_hook.py:479} INFO - 21/12/02 22:43:41 INFO SecurityManager: Changing view acls to: kauai
[2021-12-02 22:43:41,745] {spark_submit_hook.py:479} INFO - 21/12/02 22:43:41 INFO SecurityManager: Changing modify acls to: kauai
[2021-12-02 22:43:41,745] {spark_submit_hook.py:479} INFO - 21/12/02 22:43:41 INFO SecurityManager: Changing view acls groups to:
[2021-12-02 22:43:41,746] {spark_submit_hook.py:479} INFO - 21/12/02 22:43:41 INFO SecurityManager: Changing modify acls groups to:
[2021-12-02 22:43:41,746] {spark_submit_hook.py:479} INFO - 21/12/02 22:43:41 INFO SecurityManager: SecurityManager: authentication disabled; ui acls disabled; users  with view permissions: Set(kauai); groups with view permissions: Set(); users  with modify permissions: Set(kauai); groups with modify permissions: Set()
[2021-12-02 22:43:42,120] {spark_submit_hook.py:479} INFO - 21/12/02 22:43:42 INFO Utils: Successfully started service 'sparkDriver' on port 46185.
[2021-12-02 22:43:42,150] {spark_submit_hook.py:479} INFO - 21/12/02 22:43:42 INFO SparkEnv: Registering MapOutputTracker
[2021-12-02 22:43:42,179] {spark_submit_hook.py:479} INFO - 21/12/02 22:43:42 INFO SparkEnv: Registering BlockManagerMaster
[2021-12-02 22:43:42,215] {spark_submit_hook.py:479} INFO - 21/12/02 22:43:42 INFO BlockManagerMasterEndpoint: Using org.apache.spark.storage.DefaultTopologyMapper for getting topology information
[2021-12-02 22:43:42,216] {spark_submit_hook.py:479} INFO - 21/12/02 22:43:42 INFO BlockManagerMasterEndpoint: BlockManagerMasterEndpoint up
[2021-12-02 22:43:42,221] {spark_submit_hook.py:479} INFO - 21/12/02 22:43:42 INFO SparkEnv: Registering BlockManagerMasterHeartbeat
[2021-12-02 22:43:42,236] {spark_submit_hook.py:479} INFO - 21/12/02 22:43:42 INFO DiskBlockManager: Created local directory at /tmp/blockmgr-a8374d1c-6ce1-446a-93b3-c102242b1b87
[2021-12-02 22:43:42,256] {spark_submit_hook.py:479} INFO - 21/12/02 22:43:42 INFO MemoryStore: MemoryStore started with capacity 413.9 MiB
[2021-12-02 22:43:42,286] {spark_submit_hook.py:479} INFO - 21/12/02 22:43:42 INFO SparkEnv: Registering OutputCommitCoordinator
[2021-12-02 22:43:42,568] {spark_submit_hook.py:479} INFO - 21/12/02 22:43:42 INFO Utils: Successfully started service 'SparkUI' on port 4040.
[2021-12-02 22:43:42,670] {spark_submit_hook.py:479} INFO - 21/12/02 22:43:42 INFO SparkUI: Bound SparkUI to 0.0.0.0, and started at http://10.0.2.15:4040
[2021-12-02 22:43:42,942] {spark_submit_hook.py:479} INFO - 21/12/02 22:43:42 INFO Executor: Starting executor ID driver on host 10.0.2.15
[2021-12-02 22:43:42,985] {spark_submit_hook.py:479} INFO - 21/12/02 22:43:42 INFO Utils: Successfully started service 'org.apache.spark.network.netty.NettyBlockTransferService' on port 37349.
[2021-12-02 22:43:42,986] {spark_submit_hook.py:479} INFO - 21/12/02 22:43:42 INFO NettyBlockTransferService: Server created on 10.0.2.15:37349
[2021-12-02 22:43:42,986] {spark_submit_hook.py:479} INFO - 21/12/02 22:43:42 INFO BlockManager: Using org.apache.spark.storage.RandomBlockReplicationPolicy for block replication policy
[2021-12-02 22:43:42,990] {spark_submit_hook.py:479} INFO - 21/12/02 22:43:42 INFO BlockManagerMaster: Registering BlockManager BlockManagerId(driver, 10.0.2.15, 37349, None)
[2021-12-02 22:43:42,997] {spark_submit_hook.py:479} INFO - 21/12/02 22:43:42 INFO BlockManagerMasterEndpoint: Registering block manager 10.0.2.15:37349 with 413.9 MiB RAM, BlockManagerId(driver, 10.0.2.15, 37349, None)
[2021-12-02 22:43:42,999] {spark_submit_hook.py:479} INFO - 21/12/02 22:43:42 INFO BlockManagerMaster: Registered BlockManager BlockManagerId(driver, 10.0.2.15, 37349, None)
[2021-12-02 22:43:43,002] {spark_submit_hook.py:479} INFO - 21/12/02 22:43:43 INFO BlockManager: Initialized BlockManager: BlockManagerId(driver, 10.0.2.15, 37349, None)
[2021-12-02 22:43:43,647] {spark_submit_hook.py:479} INFO - 21/12/02 22:43:43 INFO SharedState: Setting hive.metastore.warehouse.dir ('null') to the value of spark.sql.warehouse.dir ('file:/home/kauai/datapipeline/spark-warehouse').
[2021-12-02 22:43:43,648] {spark_submit_hook.py:479} INFO - 21/12/02 22:43:43 INFO SharedState: Warehouse path is 'file:/home/kauai/datapipeline/spark-warehouse'.
[2021-12-02 22:43:44,725] {spark_submit_hook.py:479} INFO - 21/12/02 22:43:44 INFO InMemoryFileIndex: It took 75 ms to list leaf files for 1 paths.
[2021-12-02 22:43:44,819] {spark_submit_hook.py:479} INFO - 21/12/02 22:43:44 INFO InMemoryFileIndex: It took 1 ms to list leaf files for 1 paths.
[2021-12-02 22:43:47,160] {spark_submit_hook.py:479} INFO - 21/12/02 22:43:47 INFO FileSourceStrategy: Pushed Filters:
[2021-12-02 22:43:47,160] {spark_submit_hook.py:479} INFO - 21/12/02 22:43:47 INFO FileSourceStrategy: Post-Scan Filters:
[2021-12-02 22:43:47,162] {spark_submit_hook.py:479} INFO - 21/12/02 22:43:47 INFO FileSourceStrategy: Output Data Schema: struct<value: string>
[2021-12-02 22:43:47,551] {spark_submit_hook.py:479} INFO - 21/12/02 22:43:47 INFO MemoryStore: Block broadcast_0 stored as values in memory (estimated size 174.7 KiB, free 413.8 MiB)
[2021-12-02 22:43:47,640] {spark_submit_hook.py:479} INFO - 21/12/02 22:43:47 INFO MemoryStore: Block broadcast_0_piece0 stored as bytes in memory (estimated size 27.6 KiB, free 413.7 MiB)
[2021-12-02 22:43:47,643] {spark_submit_hook.py:479} INFO - 21/12/02 22:43:47 INFO BlockManagerInfo: Added broadcast_0_piece0 in memory on 10.0.2.15:37349 (size: 27.6 KiB, free: 413.9 MiB)
[2021-12-02 22:43:47,652] {spark_submit_hook.py:479} INFO - 21/12/02 22:43:47 INFO SparkContext: Created broadcast 0 from json at NativeMethodAccessorImpl.java:0
[2021-12-02 22:43:47,660] {spark_submit_hook.py:479} INFO - 21/12/02 22:43:47 INFO FileSourceScanExec: Planning scan with bin packing, max size: 4221833 bytes, open cost is considered as scanning 4194304 bytes.
[2021-12-02 22:43:47,888] {spark_submit_hook.py:479} INFO - 21/12/02 22:43:47 INFO SparkContext: Starting job: json at NativeMethodAccessorImpl.java:0
[2021-12-02 22:43:47,917] {spark_submit_hook.py:479} INFO - 21/12/02 22:43:47 INFO DAGScheduler: Got job 0 (json at NativeMethodAccessorImpl.java:0) with 1 output partitions
[2021-12-02 22:43:47,917] {spark_submit_hook.py:479} INFO - 21/12/02 22:43:47 INFO DAGScheduler: Final stage: ResultStage 0 (json at NativeMethodAccessorImpl.java:0)
[2021-12-02 22:43:47,917] {spark_submit_hook.py:479} INFO - 21/12/02 22:43:47 INFO DAGScheduler: Parents of final stage: List()
[2021-12-02 22:43:47,919] {spark_submit_hook.py:479} INFO - 21/12/02 22:43:47 INFO DAGScheduler: Missing parents: List()
[2021-12-02 22:43:47,928] {spark_submit_hook.py:479} INFO - 21/12/02 22:43:47 INFO DAGScheduler: Submitting ResultStage 0 (MapPartitionsRDD[3] at json at NativeMethodAccessorImpl.java:0), which has no missing parents
[2021-12-02 22:43:48,062] {spark_submit_hook.py:479} INFO - 21/12/02 22:43:48 INFO MemoryStore: Block broadcast_1 stored as values in memory (estimated size 12.0 KiB, free 413.7 MiB)
[2021-12-02 22:43:48,065] {spark_submit_hook.py:479} INFO - 21/12/02 22:43:48 INFO MemoryStore: Block broadcast_1_piece0 stored as bytes in memory (estimated size 6.3 KiB, free 413.7 MiB)
[2021-12-02 22:43:48,065] {spark_submit_hook.py:479} INFO - 21/12/02 22:43:48 INFO BlockManagerInfo: Added broadcast_1_piece0 in memory on 10.0.2.15:37349 (size: 6.3 KiB, free: 413.9 MiB)
[2021-12-02 22:43:48,068] {spark_submit_hook.py:479} INFO - 21/12/02 22:43:48 INFO SparkContext: Created broadcast 1 from broadcast at DAGScheduler.scala:1388
[2021-12-02 22:43:48,088] {spark_submit_hook.py:479} INFO - 21/12/02 22:43:48 INFO DAGScheduler: Submitting 1 missing tasks from ResultStage 0 (MapPartitionsRDD[3] at json at NativeMethodAccessorImpl.java:0) (first 15 tasks are for partitions Vector(0))
[2021-12-02 22:43:48,088] {spark_submit_hook.py:479} INFO - 21/12/02 22:43:48 INFO TaskSchedulerImpl: Adding task set 0.0 with 1 tasks resource profile 0
[2021-12-02 22:43:48,149] {spark_submit_hook.py:479} INFO - 21/12/02 22:43:48 INFO TaskSetManager: Starting task 0.0 in stage 0.0 (TID 0) (10.0.2.15, executor driver, partition 0, PROCESS_LOCAL, 4948 bytes) taskResourceAssignments Map()
[2021-12-02 22:43:48,170] {spark_submit_hook.py:479} INFO - 21/12/02 22:43:48 INFO Executor: Running task 0.0 in stage 0.0 (TID 0)
[2021-12-02 22:43:48,343] {spark_submit_hook.py:479} INFO - 21/12/02 22:43:48 INFO FileScanRDD: Reading File path: file:///home/kauai/kauai/datapipeline/datalake/bronze/twitter_aluraonline/extract_date=2021-12-01/AluraOnline_20211201.json, range: 0-27529, partition values: [empty row]
[2021-12-02 22:43:48,772] {spark_submit_hook.py:479} INFO - 21/12/02 22:43:48 INFO CodeGenerator: Code generated in 260.359621 ms
[2021-12-02 22:43:48,833] {spark_submit_hook.py:479} INFO - 21/12/02 22:43:48 INFO Executor: Finished task 0.0 in stage 0.0 (TID 0). 2858 bytes result sent to driver
[2021-12-02 22:43:48,856] {spark_submit_hook.py:479} INFO - 21/12/02 22:43:48 INFO TaskSetManager: Finished task 0.0 in stage 0.0 (TID 0) in 716 ms on 10.0.2.15 (executor driver) (1/1)
[2021-12-02 22:43:48,876] {spark_submit_hook.py:479} INFO - 21/12/02 22:43:48 INFO DAGScheduler: ResultStage 0 (json at NativeMethodAccessorImpl.java:0) finished in 0,920 s
[2021-12-02 22:43:48,877] {spark_submit_hook.py:479} INFO - 21/12/02 22:43:48 INFO TaskSchedulerImpl: Removed TaskSet 0.0, whose tasks have all completed, from pool
[2021-12-02 22:43:48,879] {spark_submit_hook.py:479} INFO - 21/12/02 22:43:48 INFO DAGScheduler: Job 0 is finished. Cancelling potential speculative or zombie tasks for this job
[2021-12-02 22:43:48,879] {spark_submit_hook.py:479} INFO - 21/12/02 22:43:48 INFO TaskSchedulerImpl: Killing all running tasks in stage 0: Stage finished
[2021-12-02 22:43:48,889] {spark_submit_hook.py:479} INFO - 21/12/02 22:43:48 INFO DAGScheduler: Job 0 finished: json at NativeMethodAccessorImpl.java:0, took 0,998055 s
[2021-12-02 22:43:49,436] {spark_submit_hook.py:479} INFO - 21/12/02 22:43:49 INFO FileSourceStrategy: Pushed Filters: IsNotNull(data)
[2021-12-02 22:43:49,443] {spark_submit_hook.py:479} INFO - 21/12/02 22:43:49 INFO FileSourceStrategy: Post-Scan Filters: (size(data#7, true) > 0),isnotnull(data#7)
[2021-12-02 22:43:49,451] {spark_submit_hook.py:479} INFO - 21/12/02 22:43:49 INFO FileSourceStrategy: Output Data Schema: struct<data: array<struct<author_id:string,conversation_id:string,created_at:string,id:string,in_reply_to_user_id:string,public_metrics:struct<like_count:bigint,quote_count:bigint,reply_count:bigint,retweet_count:bigint>,text:string>>>
[2021-12-02 22:43:49,874] {spark_submit_hook.py:479} INFO - 21/12/02 22:43:49 INFO BlockManagerInfo: Removed broadcast_0_piece0 on 10.0.2.15:37349 in memory (size: 27.6 KiB, free: 413.9 MiB)
[2021-12-02 22:43:49,883] {spark_submit_hook.py:479} INFO - 21/12/02 22:43:49 INFO FileOutputCommitter: File Output Committer Algorithm version is 1
[2021-12-02 22:43:49,891] {spark_submit_hook.py:479} INFO - 21/12/02 22:43:49 INFO FileOutputCommitter: FileOutputCommitter skip cleanup _temporary folders under output directory:false, ignore cleanup failures: false
[2021-12-02 22:43:49,892] {spark_submit_hook.py:479} INFO - 21/12/02 22:43:49 INFO SQLHadoopMapReduceCommitProtocol: Using output committer class org.apache.hadoop.mapreduce.lib.output.FileOutputCommitter
[2021-12-02 22:43:49,915] {spark_submit_hook.py:479} INFO - 21/12/02 22:43:49 INFO BlockManagerInfo: Removed broadcast_1_piece0 on 10.0.2.15:37349 in memory (size: 6.3 KiB, free: 413.9 MiB)
[2021-12-02 22:43:50,193] {spark_submit_hook.py:479} INFO - 21/12/02 22:43:50 INFO CodeGenerator: Code generated in 108.158774 ms
[2021-12-02 22:43:50,294] {spark_submit_hook.py:479} INFO - 21/12/02 22:43:50 INFO CodeGenerator: Code generated in 56.516976 ms
[2021-12-02 22:43:50,303] {spark_submit_hook.py:479} INFO - 21/12/02 22:43:50 INFO MemoryStore: Block broadcast_2 stored as values in memory (estimated size 174.6 KiB, free 413.8 MiB)
[2021-12-02 22:43:50,321] {spark_submit_hook.py:479} INFO - 21/12/02 22:43:50 INFO MemoryStore: Block broadcast_2_piece0 stored as bytes in memory (estimated size 27.6 KiB, free 413.7 MiB)
[2021-12-02 22:43:50,327] {spark_submit_hook.py:479} INFO - 21/12/02 22:43:50 INFO BlockManagerInfo: Added broadcast_2_piece0 in memory on 10.0.2.15:37349 (size: 27.6 KiB, free: 413.9 MiB)
[2021-12-02 22:43:50,328] {spark_submit_hook.py:479} INFO - 21/12/02 22:43:50 INFO SparkContext: Created broadcast 2 from json at NativeMethodAccessorImpl.java:0
[2021-12-02 22:43:50,335] {spark_submit_hook.py:479} INFO - 21/12/02 22:43:50 INFO FileSourceScanExec: Planning scan with bin packing, max size: 4221833 bytes, open cost is considered as scanning 4194304 bytes.
[2021-12-02 22:43:50,580] {spark_submit_hook.py:479} INFO - 21/12/02 22:43:50 INFO SparkContext: Starting job: json at NativeMethodAccessorImpl.java:0
[2021-12-02 22:43:50,586] {spark_submit_hook.py:479} INFO - 21/12/02 22:43:50 INFO DAGScheduler: Got job 1 (json at NativeMethodAccessorImpl.java:0) with 1 output partitions
[2021-12-02 22:43:50,586] {spark_submit_hook.py:479} INFO - 21/12/02 22:43:50 INFO DAGScheduler: Final stage: ResultStage 1 (json at NativeMethodAccessorImpl.java:0)
[2021-12-02 22:43:50,586] {spark_submit_hook.py:479} INFO - 21/12/02 22:43:50 INFO DAGScheduler: Parents of final stage: List()
[2021-12-02 22:43:50,586] {spark_submit_hook.py:479} INFO - 21/12/02 22:43:50 INFO DAGScheduler: Missing parents: List()
[2021-12-02 22:43:50,595] {spark_submit_hook.py:479} INFO - 21/12/02 22:43:50 INFO DAGScheduler: Submitting ResultStage 1 (CoalescedRDD[13] at json at NativeMethodAccessorImpl.java:0), which has no missing parents
[2021-12-02 22:43:50,714] {spark_submit_hook.py:479} INFO - 21/12/02 22:43:50 INFO MemoryStore: Block broadcast_3 stored as values in memory (estimated size 188.8 KiB, free 413.5 MiB)
[2021-12-02 22:43:50,721] {spark_submit_hook.py:479} INFO - 21/12/02 22:43:50 INFO MemoryStore: Block broadcast_3_piece0 stored as bytes in memory (estimated size 66.6 KiB, free 413.5 MiB)
[2021-12-02 22:43:50,725] {spark_submit_hook.py:479} INFO - 21/12/02 22:43:50 INFO BlockManagerInfo: Added broadcast_3_piece0 in memory on 10.0.2.15:37349 (size: 66.6 KiB, free: 413.8 MiB)
[2021-12-02 22:43:50,734] {spark_submit_hook.py:479} INFO - 21/12/02 22:43:50 INFO SparkContext: Created broadcast 3 from broadcast at DAGScheduler.scala:1388
[2021-12-02 22:43:50,739] {spark_submit_hook.py:479} INFO - 21/12/02 22:43:50 INFO DAGScheduler: Submitting 1 missing tasks from ResultStage 1 (CoalescedRDD[13] at json at NativeMethodAccessorImpl.java:0) (first 15 tasks are for partitions Vector(0))
[2021-12-02 22:43:50,740] {spark_submit_hook.py:479} INFO - 21/12/02 22:43:50 INFO TaskSchedulerImpl: Adding task set 1.0 with 1 tasks resource profile 0
[2021-12-02 22:43:50,749] {spark_submit_hook.py:479} INFO - 21/12/02 22:43:50 INFO TaskSetManager: Starting task 0.0 in stage 1.0 (TID 1) (10.0.2.15, executor driver, partition 0, PROCESS_LOCAL, 5177 bytes) taskResourceAssignments Map()
[2021-12-02 22:43:50,758] {spark_submit_hook.py:479} INFO - 21/12/02 22:43:50 INFO Executor: Running task 0.0 in stage 1.0 (TID 1)
[2021-12-02 22:43:50,899] {spark_submit_hook.py:479} INFO - 21/12/02 22:43:50 INFO FileOutputCommitter: File Output Committer Algorithm version is 1
[2021-12-02 22:43:50,899] {spark_submit_hook.py:479} INFO - 21/12/02 22:43:50 INFO FileOutputCommitter: FileOutputCommitter skip cleanup _temporary folders under output directory:false, ignore cleanup failures: false
[2021-12-02 22:43:50,901] {spark_submit_hook.py:479} INFO - 21/12/02 22:43:50 INFO SQLHadoopMapReduceCommitProtocol: Using output committer class org.apache.hadoop.mapreduce.lib.output.FileOutputCommitter
[2021-12-02 22:43:51,038] {spark_submit_hook.py:479} INFO - 21/12/02 22:43:51 INFO CodeGenerator: Code generated in 51.548996 ms
[2021-12-02 22:43:51,040] {spark_submit_hook.py:479} INFO - 21/12/02 22:43:51 INFO FileScanRDD: Reading File path: file:///home/kauai/kauai/datapipeline/datalake/bronze/twitter_aluraonline/extract_date=2021-12-01/AluraOnline_20211201.json, range: 0-27529, partition values: [empty row]
[2021-12-02 22:43:51,091] {spark_submit_hook.py:479} INFO - 21/12/02 22:43:51 INFO CodeGenerator: Code generated in 48.168248 ms
[2021-12-02 22:43:51,128] {spark_submit_hook.py:479} INFO - 21/12/02 22:43:51 INFO CodeGenerator: Code generated in 10.497717 ms
[2021-12-02 22:43:51,190] {spark_submit_hook.py:479} INFO - 21/12/02 22:43:51 INFO FileOutputCommitter: Saved output of task 'attempt_202112022243505372125035672597438_0001_m_000000_1' to file:/home/kauai/kauai/datapipeline/datalake/silver/twitter_aluraonline/tweet/process_date=2021-12-01/_temporary/0/task_202112022243505372125035672597438_0001_m_000000
[2021-12-02 22:43:51,191] {spark_submit_hook.py:479} INFO - 21/12/02 22:43:51 INFO SparkHadoopMapRedUtil: attempt_202112022243505372125035672597438_0001_m_000000_1: Committed
[2021-12-02 22:43:51,202] {spark_submit_hook.py:479} INFO - 21/12/02 22:43:51 INFO Executor: Finished task 0.0 in stage 1.0 (TID 1). 2944 bytes result sent to driver
[2021-12-02 22:43:51,219] {spark_submit_hook.py:479} INFO - 21/12/02 22:43:51 INFO TaskSetManager: Finished task 0.0 in stage 1.0 (TID 1) in 478 ms on 10.0.2.15 (executor driver) (1/1)
[2021-12-02 22:43:51,221] {spark_submit_hook.py:479} INFO - 21/12/02 22:43:51 INFO DAGScheduler: ResultStage 1 (json at NativeMethodAccessorImpl.java:0) finished in 0,622 s
[2021-12-02 22:43:51,221] {spark_submit_hook.py:479} INFO - 21/12/02 22:43:51 INFO DAGScheduler: Job 1 is finished. Cancelling potential speculative or zombie tasks for this job
[2021-12-02 22:43:51,226] {spark_submit_hook.py:479} INFO - 21/12/02 22:43:51 INFO TaskSchedulerImpl: Removed TaskSet 1.0, whose tasks have all completed, from pool
[2021-12-02 22:43:51,230] {spark_submit_hook.py:479} INFO - 21/12/02 22:43:51 INFO TaskSchedulerImpl: Killing all running tasks in stage 1: Stage finished
[2021-12-02 22:43:51,230] {spark_submit_hook.py:479} INFO - 21/12/02 22:43:51 INFO DAGScheduler: Job 1 finished: json at NativeMethodAccessorImpl.java:0, took 0,644627 s
[2021-12-02 22:43:51,246] {spark_submit_hook.py:479} INFO - 21/12/02 22:43:51 INFO FileFormatWriter: Write Job 1171b7ff-b738-48a1-98d5-0d1942283b35 committed.
[2021-12-02 22:43:51,249] {spark_submit_hook.py:479} INFO - 21/12/02 22:43:51 INFO FileFormatWriter: Finished processing stats for write job 1171b7ff-b738-48a1-98d5-0d1942283b35.
[2021-12-02 22:43:51,367] {spark_submit_hook.py:479} INFO - 21/12/02 22:43:51 INFO FileSourceStrategy: Pushed Filters: IsNotNull(includes)
[2021-12-02 22:43:51,367] {spark_submit_hook.py:479} INFO - 21/12/02 22:43:51 INFO FileSourceStrategy: Post-Scan Filters: isnotnull(includes#8),(size(includes#8.users, true) > 0),isnotnull(includes#8.users)
[2021-12-02 22:43:51,367] {spark_submit_hook.py:479} INFO - 21/12/02 22:43:51 INFO FileSourceStrategy: Output Data Schema: struct<includes: struct<users: array<struct<created_at:string,id:string,name:string,username:string>>>>
[2021-12-02 22:43:51,396] {spark_submit_hook.py:479} INFO - 21/12/02 22:43:51 INFO FileOutputCommitter: File Output Committer Algorithm version is 1
[2021-12-02 22:43:51,397] {spark_submit_hook.py:479} INFO - 21/12/02 22:43:51 INFO FileOutputCommitter: FileOutputCommitter skip cleanup _temporary folders under output directory:false, ignore cleanup failures: false
[2021-12-02 22:43:51,397] {spark_submit_hook.py:479} INFO - 21/12/02 22:43:51 INFO SQLHadoopMapReduceCommitProtocol: Using output committer class org.apache.hadoop.mapreduce.lib.output.FileOutputCommitter
[2021-12-02 22:43:51,458] {spark_submit_hook.py:479} INFO - 21/12/02 22:43:51 INFO CodeGenerator: Code generated in 25.616644 ms
[2021-12-02 22:43:51,500] {spark_submit_hook.py:479} INFO - 21/12/02 22:43:51 INFO CodeGenerator: Code generated in 32.314938 ms
[2021-12-02 22:43:51,504] {spark_submit_hook.py:479} INFO - 21/12/02 22:43:51 INFO MemoryStore: Block broadcast_4 stored as values in memory (estimated size 174.6 KiB, free 413.3 MiB)
[2021-12-02 22:43:51,537] {spark_submit_hook.py:479} INFO - 21/12/02 22:43:51 INFO MemoryStore: Block broadcast_4_piece0 stored as bytes in memory (estimated size 27.6 KiB, free 413.3 MiB)
[2021-12-02 22:43:51,546] {spark_submit_hook.py:479} INFO - 21/12/02 22:43:51 INFO BlockManagerInfo: Added broadcast_4_piece0 in memory on 10.0.2.15:37349 (size: 27.6 KiB, free: 413.8 MiB)
[2021-12-02 22:43:51,548] {spark_submit_hook.py:479} INFO - 21/12/02 22:43:51 INFO SparkContext: Created broadcast 4 from json at NativeMethodAccessorImpl.java:0
[2021-12-02 22:43:51,549] {spark_submit_hook.py:479} INFO - 21/12/02 22:43:51 INFO FileSourceScanExec: Planning scan with bin packing, max size: 4221833 bytes, open cost is considered as scanning 4194304 bytes.
[2021-12-02 22:43:51,611] {spark_submit_hook.py:479} INFO - 21/12/02 22:43:51 INFO SparkContext: Starting job: json at NativeMethodAccessorImpl.java:0
[2021-12-02 22:43:51,617] {spark_submit_hook.py:479} INFO - 21/12/02 22:43:51 INFO DAGScheduler: Got job 2 (json at NativeMethodAccessorImpl.java:0) with 1 output partitions
[2021-12-02 22:43:51,617] {spark_submit_hook.py:479} INFO - 21/12/02 22:43:51 INFO DAGScheduler: Final stage: ResultStage 2 (json at NativeMethodAccessorImpl.java:0)
[2021-12-02 22:43:51,617] {spark_submit_hook.py:479} INFO - 21/12/02 22:43:51 INFO DAGScheduler: Parents of final stage: List()
[2021-12-02 22:43:51,617] {spark_submit_hook.py:479} INFO - 21/12/02 22:43:51 INFO DAGScheduler: Missing parents: List()
[2021-12-02 22:43:51,619] {spark_submit_hook.py:479} INFO - 21/12/02 22:43:51 INFO DAGScheduler: Submitting ResultStage 2 (CoalescedRDD[25] at json at NativeMethodAccessorImpl.java:0), which has no missing parents
[2021-12-02 22:43:51,642] {spark_submit_hook.py:479} INFO - 21/12/02 22:43:51 INFO MemoryStore: Block broadcast_5 stored as values in memory (estimated size 185.1 KiB, free 413.1 MiB)
[2021-12-02 22:43:51,647] {spark_submit_hook.py:479} INFO - 21/12/02 22:43:51 INFO MemoryStore: Block broadcast_5_piece0 stored as bytes in memory (estimated size 66.2 KiB, free 413.0 MiB)
[2021-12-02 22:43:51,648] {spark_submit_hook.py:479} INFO - 21/12/02 22:43:51 INFO BlockManagerInfo: Added broadcast_5_piece0 in memory on 10.0.2.15:37349 (size: 66.2 KiB, free: 413.7 MiB)
[2021-12-02 22:43:51,649] {spark_submit_hook.py:479} INFO - 21/12/02 22:43:51 INFO SparkContext: Created broadcast 5 from broadcast at DAGScheduler.scala:1388
[2021-12-02 22:43:51,649] {spark_submit_hook.py:479} INFO - 21/12/02 22:43:51 INFO DAGScheduler: Submitting 1 missing tasks from ResultStage 2 (CoalescedRDD[25] at json at NativeMethodAccessorImpl.java:0) (first 15 tasks are for partitions Vector(0))
[2021-12-02 22:43:51,649] {spark_submit_hook.py:479} INFO - 21/12/02 22:43:51 INFO TaskSchedulerImpl: Adding task set 2.0 with 1 tasks resource profile 0
[2021-12-02 22:43:51,651] {spark_submit_hook.py:479} INFO - 21/12/02 22:43:51 INFO TaskSetManager: Starting task 0.0 in stage 2.0 (TID 2) (10.0.2.15, executor driver, partition 0, PROCESS_LOCAL, 5177 bytes) taskResourceAssignments Map()
[2021-12-02 22:43:51,651] {spark_submit_hook.py:479} INFO - 21/12/02 22:43:51 INFO Executor: Running task 0.0 in stage 2.0 (TID 2)
[2021-12-02 22:43:51,678] {spark_submit_hook.py:479} INFO - 21/12/02 22:43:51 INFO FileOutputCommitter: File Output Committer Algorithm version is 1
[2021-12-02 22:43:51,683] {spark_submit_hook.py:479} INFO - 21/12/02 22:43:51 INFO FileOutputCommitter: FileOutputCommitter skip cleanup _temporary folders under output directory:false, ignore cleanup failures: false
[2021-12-02 22:43:51,684] {spark_submit_hook.py:479} INFO - 21/12/02 22:43:51 INFO SQLHadoopMapReduceCommitProtocol: Using output committer class org.apache.hadoop.mapreduce.lib.output.FileOutputCommitter
[2021-12-02 22:43:51,743] {spark_submit_hook.py:479} INFO - 21/12/02 22:43:51 INFO CodeGenerator: Code generated in 17.532826 ms
[2021-12-02 22:43:51,751] {spark_submit_hook.py:479} INFO - 21/12/02 22:43:51 INFO FileScanRDD: Reading File path: file:///home/kauai/kauai/datapipeline/datalake/bronze/twitter_aluraonline/extract_date=2021-12-01/AluraOnline_20211201.json, range: 0-27529, partition values: [empty row]
[2021-12-02 22:43:51,777] {spark_submit_hook.py:479} INFO - 21/12/02 22:43:51 INFO CodeGenerator: Code generated in 23.512978 ms
[2021-12-02 22:43:51,796] {spark_submit_hook.py:479} INFO - 21/12/02 22:43:51 INFO CodeGenerator: Code generated in 16.434003 ms
[2021-12-02 22:43:51,824] {spark_submit_hook.py:479} INFO - 21/12/02 22:43:51 INFO FileOutputCommitter: Saved output of task 'attempt_202112022243512753412288429045374_0002_m_000000_2' to file:/home/kauai/kauai/datapipeline/datalake/silver/twitter_aluraonline/user/process_date=2021-12-01/_temporary/0/task_202112022243512753412288429045374_0002_m_000000
[2021-12-02 22:43:51,824] {spark_submit_hook.py:479} INFO - 21/12/02 22:43:51 INFO SparkHadoopMapRedUtil: attempt_202112022243512753412288429045374_0002_m_000000_2: Committed
[2021-12-02 22:43:51,825] {spark_submit_hook.py:479} INFO - 21/12/02 22:43:51 INFO Executor: Finished task 0.0 in stage 2.0 (TID 2). 2901 bytes result sent to driver
[2021-12-02 22:43:51,831] {spark_submit_hook.py:479} INFO - 21/12/02 22:43:51 INFO TaskSetManager: Finished task 0.0 in stage 2.0 (TID 2) in 181 ms on 10.0.2.15 (executor driver) (1/1)
[2021-12-02 22:43:51,833] {spark_submit_hook.py:479} INFO - 21/12/02 22:43:51 INFO DAGScheduler: ResultStage 2 (json at NativeMethodAccessorImpl.java:0) finished in 0,213 s
[2021-12-02 22:43:51,833] {spark_submit_hook.py:479} INFO - 21/12/02 22:43:51 INFO DAGScheduler: Job 2 is finished. Cancelling potential speculative or zombie tasks for this job
[2021-12-02 22:43:51,835] {spark_submit_hook.py:479} INFO - 21/12/02 22:43:51 INFO TaskSchedulerImpl: Removed TaskSet 2.0, whose tasks have all completed, from pool
[2021-12-02 22:43:51,837] {spark_submit_hook.py:479} INFO - 21/12/02 22:43:51 INFO TaskSchedulerImpl: Killing all running tasks in stage 2: Stage finished
[2021-12-02 22:43:51,838] {spark_submit_hook.py:479} INFO - 21/12/02 22:43:51 INFO DAGScheduler: Job 2 finished: json at NativeMethodAccessorImpl.java:0, took 0,219169 s
[2021-12-02 22:43:51,856] {spark_submit_hook.py:479} INFO - 21/12/02 22:43:51 INFO FileFormatWriter: Write Job 7bd22b2d-54ba-4127-a259-09926bf901d9 committed.
[2021-12-02 22:43:51,856] {spark_submit_hook.py:479} INFO - 21/12/02 22:43:51 INFO FileFormatWriter: Finished processing stats for write job 7bd22b2d-54ba-4127-a259-09926bf901d9.
[2021-12-02 22:43:51,934] {spark_submit_hook.py:479} INFO - 21/12/02 22:43:51 INFO SparkUI: Stopped Spark web UI at http://10.0.2.15:4040
[2021-12-02 22:43:51,953] {spark_submit_hook.py:479} INFO - 21/12/02 22:43:51 INFO MapOutputTrackerMasterEndpoint: MapOutputTrackerMasterEndpoint stopped!
[2021-12-02 22:43:51,968] {spark_submit_hook.py:479} INFO - 21/12/02 22:43:51 INFO MemoryStore: MemoryStore cleared
[2021-12-02 22:43:51,968] {spark_submit_hook.py:479} INFO - 21/12/02 22:43:51 INFO BlockManager: BlockManager stopped
[2021-12-02 22:43:51,970] {spark_submit_hook.py:479} INFO - 21/12/02 22:43:51 INFO BlockManagerMaster: BlockManagerMaster stopped
[2021-12-02 22:43:51,971] {spark_submit_hook.py:479} INFO - 21/12/02 22:43:51 INFO OutputCommitCoordinator$OutputCommitCoordinatorEndpoint: OutputCommitCoordinator stopped!
[2021-12-02 22:43:51,986] {spark_submit_hook.py:479} INFO - 21/12/02 22:43:51 INFO SparkContext: Successfully stopped SparkContext
[2021-12-02 22:43:51,995] {spark_submit_hook.py:479} INFO - 21/12/02 22:43:51 INFO ShutdownHookManager: Shutdown hook called
[2021-12-02 22:43:51,995] {spark_submit_hook.py:479} INFO - 21/12/02 22:43:51 INFO ShutdownHookManager: Deleting directory /tmp/spark-15616603-589f-4c45-aaad-49c97fee35f0
[2021-12-02 22:43:51,999] {spark_submit_hook.py:479} INFO - 21/12/02 22:43:51 INFO ShutdownHookManager: Deleting directory /tmp/spark-e9e02ac4-a13b-46d3-9a65-c66c7c7f453d/pyspark-d432db99-13b0-4879-b27d-9c787a5889f1
[2021-12-02 22:43:52,007] {spark_submit_hook.py:479} INFO - 21/12/02 22:43:52 INFO ShutdownHookManager: Deleting directory /tmp/spark-e9e02ac4-a13b-46d3-9a65-c66c7c7f453d
[2021-12-02 22:43:52,050] {taskinstance.py:1057} INFO - Marking task as SUCCESS.dag_id=twitter_dag, task_id=transform_twitter_aluraonline, execution_date=20211201T090000, start_date=20211203T014338, end_date=20211203T014352
[2021-12-02 22:43:53,266] {local_task_job.py:102} INFO - Task exited with return code 0
