[2021-12-02 22:56:08,841] {taskinstance.py:670} INFO - Dependencies all met for <TaskInstance: twitter_dag.transform_twitter_aluraonline 2021-12-01T09:00:00+00:00 [queued]>
[2021-12-02 22:56:08,863] {taskinstance.py:670} INFO - Dependencies all met for <TaskInstance: twitter_dag.transform_twitter_aluraonline 2021-12-01T09:00:00+00:00 [queued]>
[2021-12-02 22:56:08,863] {taskinstance.py:880} INFO - 
--------------------------------------------------------------------------------
[2021-12-02 22:56:08,863] {taskinstance.py:881} INFO - Starting attempt 2 of 2
[2021-12-02 22:56:08,863] {taskinstance.py:882} INFO - 
--------------------------------------------------------------------------------
[2021-12-02 22:56:08,877] {taskinstance.py:901} INFO - Executing <Task(SparkSubmitOperator): transform_twitter_aluraonline> on 2021-12-01T09:00:00+00:00
[2021-12-02 22:56:08,878] {standard_task_runner.py:54} INFO - Started process 12147 to run task
[2021-12-02 22:56:08,993] {standard_task_runner.py:77} INFO - Running: ['airflow', 'run', 'twitter_dag', 'transform_twitter_aluraonline', '2021-12-01T09:00:00+00:00', '--job_id', '47', '--pool', 'default_pool', '--raw', '-sd', 'DAGS_FOLDER/twitter_dag.py', '--cfg_path', '/tmp/tmp_v698_lt']
[2021-12-02 22:56:08,993] {standard_task_runner.py:78} INFO - Job 47: Subtask transform_twitter_aluraonline
[2021-12-02 22:56:09,026] {logging_mixin.py:112} INFO - Running <TaskInstance: twitter_dag.transform_twitter_aluraonline 2021-12-01T09:00:00+00:00 [running]> on host kauai-VirtualBox
[2021-12-02 22:56:09,103] {base_hook.py:89} INFO - Using connection to: id: spark_default. Host: local, Port: None, Schema: None, Login: None, Password: None, extra: XXXXXXXX
[2021-12-02 22:56:09,104] {spark_submit_hook.py:325} INFO - Spark-Submit cmd: /home/kauai/spark-3.1.2-bin-hadoop3.2/bin/spark-submit --master local --name twitter_transformation /home/kauai/datapipeline/spark/transformation.py --src /home/kauai/kauai/datapipeline/datalake/bronze/twitter_aluraonline/extract_date=2021-12-01 --dest /home/kauai/kauai/datapipeline/datalake/silver/twitter_aluraonline/ --process-date 2021-12-01
[2021-12-02 22:56:11,031] {spark_submit_hook.py:479} INFO - 21/12/02 22:56:11 WARN Utils: Your hostname, kauai-VirtualBox resolves to a loopback address: 127.0.1.1; using 10.0.2.15 instead (on interface enp0s3)
[2021-12-02 22:56:11,034] {spark_submit_hook.py:479} INFO - 21/12/02 22:56:11 WARN Utils: Set SPARK_LOCAL_IP if you need to bind to another address
[2021-12-02 22:56:11,045] {spark_submit_hook.py:479} INFO - WARNING: An illegal reflective access operation has occurred
[2021-12-02 22:56:11,045] {spark_submit_hook.py:479} INFO - WARNING: Illegal reflective access by org.apache.spark.unsafe.Platform (file:/opt/spark/jars/spark-unsafe_2.12-3.1.2.jar) to constructor java.nio.DirectByteBuffer(long,int)
[2021-12-02 22:56:11,045] {spark_submit_hook.py:479} INFO - WARNING: Please consider reporting this to the maintainers of org.apache.spark.unsafe.Platform
[2021-12-02 22:56:11,045] {spark_submit_hook.py:479} INFO - WARNING: Use --illegal-access=warn to enable warnings of further illegal reflective access operations
[2021-12-02 22:56:11,045] {spark_submit_hook.py:479} INFO - WARNING: All illegal access operations will be denied in a future release
[2021-12-02 22:56:11,651] {spark_submit_hook.py:479} INFO - 21/12/02 22:56:11 WARN NativeCodeLoader: Unable to load native-hadoop library for your platform... using builtin-java classes where applicable
[2021-12-02 22:56:12,389] {spark_submit_hook.py:479} INFO - Using Spark's default log4j profile: org/apache/spark/log4j-defaults.properties
[2021-12-02 22:56:12,396] {spark_submit_hook.py:479} INFO - 21/12/02 22:56:12 INFO SparkContext: Running Spark version 3.1.2
[2021-12-02 22:56:12,478] {spark_submit_hook.py:479} INFO - 21/12/02 22:56:12 INFO ResourceUtils: ==============================================================
[2021-12-02 22:56:12,481] {spark_submit_hook.py:479} INFO - 21/12/02 22:56:12 INFO ResourceUtils: No custom resources configured for spark.driver.
[2021-12-02 22:56:12,482] {spark_submit_hook.py:479} INFO - 21/12/02 22:56:12 INFO ResourceUtils: ==============================================================
[2021-12-02 22:56:12,482] {spark_submit_hook.py:479} INFO - 21/12/02 22:56:12 INFO SparkContext: Submitted application: twitter_transformation
[2021-12-02 22:56:12,504] {spark_submit_hook.py:479} INFO - 21/12/02 22:56:12 INFO ResourceProfile: Default ResourceProfile created, executor resources: Map(cores -> name: cores, amount: 1, script: , vendor: , memory -> name: memory, amount: 1024, script: , vendor: , offHeap -> name: offHeap, amount: 0, script: , vendor: ), task resources: Map(cpus -> name: cpus, amount: 1.0)
[2021-12-02 22:56:12,514] {spark_submit_hook.py:479} INFO - 21/12/02 22:56:12 INFO ResourceProfile: Limiting resource is cpu
[2021-12-02 22:56:12,514] {spark_submit_hook.py:479} INFO - 21/12/02 22:56:12 INFO ResourceProfileManager: Added ResourceProfile id: 0
[2021-12-02 22:56:12,591] {spark_submit_hook.py:479} INFO - 21/12/02 22:56:12 INFO SecurityManager: Changing view acls to: kauai
[2021-12-02 22:56:12,591] {spark_submit_hook.py:479} INFO - 21/12/02 22:56:12 INFO SecurityManager: Changing modify acls to: kauai
[2021-12-02 22:56:12,591] {spark_submit_hook.py:479} INFO - 21/12/02 22:56:12 INFO SecurityManager: Changing view acls groups to:
[2021-12-02 22:56:12,591] {spark_submit_hook.py:479} INFO - 21/12/02 22:56:12 INFO SecurityManager: Changing modify acls groups to:
[2021-12-02 22:56:12,591] {spark_submit_hook.py:479} INFO - 21/12/02 22:56:12 INFO SecurityManager: SecurityManager: authentication disabled; ui acls disabled; users  with view permissions: Set(kauai); groups with view permissions: Set(); users  with modify permissions: Set(kauai); groups with modify permissions: Set()
[2021-12-02 22:56:13,087] {spark_submit_hook.py:479} INFO - 21/12/02 22:56:13 INFO Utils: Successfully started service 'sparkDriver' on port 38641.
[2021-12-02 22:56:13,130] {spark_submit_hook.py:479} INFO - 21/12/02 22:56:13 INFO SparkEnv: Registering MapOutputTracker
[2021-12-02 22:56:13,207] {spark_submit_hook.py:479} INFO - 21/12/02 22:56:13 INFO SparkEnv: Registering BlockManagerMaster
[2021-12-02 22:56:13,242] {spark_submit_hook.py:479} INFO - 21/12/02 22:56:13 INFO BlockManagerMasterEndpoint: Using org.apache.spark.storage.DefaultTopologyMapper for getting topology information
[2021-12-02 22:56:13,244] {spark_submit_hook.py:479} INFO - 21/12/02 22:56:13 INFO BlockManagerMasterEndpoint: BlockManagerMasterEndpoint up
[2021-12-02 22:56:13,254] {spark_submit_hook.py:479} INFO - 21/12/02 22:56:13 INFO SparkEnv: Registering BlockManagerMasterHeartbeat
[2021-12-02 22:56:13,279] {spark_submit_hook.py:479} INFO - 21/12/02 22:56:13 INFO DiskBlockManager: Created local directory at /tmp/blockmgr-29ac412a-c4ab-4f7b-a1d8-79ab220bccfb
[2021-12-02 22:56:13,300] {spark_submit_hook.py:479} INFO - 21/12/02 22:56:13 INFO MemoryStore: MemoryStore started with capacity 413.9 MiB
[2021-12-02 22:56:13,336] {spark_submit_hook.py:479} INFO - 21/12/02 22:56:13 INFO SparkEnv: Registering OutputCommitCoordinator
[2021-12-02 22:56:13,610] {spark_submit_hook.py:479} INFO - 21/12/02 22:56:13 WARN Utils: Service 'SparkUI' could not bind on port 4040. Attempting port 4041.
[2021-12-02 22:56:13,623] {spark_submit_hook.py:479} INFO - 21/12/02 22:56:13 INFO Utils: Successfully started service 'SparkUI' on port 4041.
[2021-12-02 22:56:13,716] {spark_submit_hook.py:479} INFO - 21/12/02 22:56:13 INFO SparkUI: Bound SparkUI to 0.0.0.0, and started at http://10.0.2.15:4041
[2021-12-02 22:56:14,215] {spark_submit_hook.py:479} INFO - 21/12/02 22:56:14 INFO Executor: Starting executor ID driver on host 10.0.2.15
[2021-12-02 22:56:14,313] {spark_submit_hook.py:479} INFO - 21/12/02 22:56:14 INFO Utils: Successfully started service 'org.apache.spark.network.netty.NettyBlockTransferService' on port 38963.
[2021-12-02 22:56:14,313] {spark_submit_hook.py:479} INFO - 21/12/02 22:56:14 INFO NettyBlockTransferService: Server created on 10.0.2.15:38963
[2021-12-02 22:56:14,313] {spark_submit_hook.py:479} INFO - 21/12/02 22:56:14 INFO BlockManager: Using org.apache.spark.storage.RandomBlockReplicationPolicy for block replication policy
[2021-12-02 22:56:14,320] {spark_submit_hook.py:479} INFO - 21/12/02 22:56:14 INFO BlockManagerMaster: Registering BlockManager BlockManagerId(driver, 10.0.2.15, 38963, None)
[2021-12-02 22:56:14,325] {spark_submit_hook.py:479} INFO - 21/12/02 22:56:14 INFO BlockManagerMasterEndpoint: Registering block manager 10.0.2.15:38963 with 413.9 MiB RAM, BlockManagerId(driver, 10.0.2.15, 38963, None)
[2021-12-02 22:56:14,333] {spark_submit_hook.py:479} INFO - 21/12/02 22:56:14 INFO BlockManagerMaster: Registered BlockManager BlockManagerId(driver, 10.0.2.15, 38963, None)
[2021-12-02 22:56:14,335] {spark_submit_hook.py:479} INFO - 21/12/02 22:56:14 INFO BlockManager: Initialized BlockManager: BlockManagerId(driver, 10.0.2.15, 38963, None)
[2021-12-02 22:56:15,255] {spark_submit_hook.py:479} INFO - 21/12/02 22:56:15 INFO SharedState: Setting hive.metastore.warehouse.dir ('null') to the value of spark.sql.warehouse.dir ('file:/home/kauai/datapipeline/spark-warehouse').
[2021-12-02 22:56:15,256] {spark_submit_hook.py:479} INFO - 21/12/02 22:56:15 INFO SharedState: Warehouse path is 'file:/home/kauai/datapipeline/spark-warehouse'.
[2021-12-02 22:56:16,956] {spark_submit_hook.py:479} INFO - 21/12/02 22:56:16 INFO InMemoryFileIndex: It took 91 ms to list leaf files for 1 paths.
[2021-12-02 22:56:17,084] {spark_submit_hook.py:479} INFO - 21/12/02 22:56:17 INFO InMemoryFileIndex: It took 1 ms to list leaf files for 1 paths.
[2021-12-02 22:56:20,390] {spark_submit_hook.py:479} INFO - 21/12/02 22:56:20 INFO FileSourceStrategy: Pushed Filters:
[2021-12-02 22:56:20,391] {spark_submit_hook.py:479} INFO - 21/12/02 22:56:20 INFO FileSourceStrategy: Post-Scan Filters:
[2021-12-02 22:56:20,396] {spark_submit_hook.py:479} INFO - 21/12/02 22:56:20 INFO FileSourceStrategy: Output Data Schema: struct<value: string>
[2021-12-02 22:56:20,845] {spark_submit_hook.py:479} INFO - 21/12/02 22:56:20 INFO MemoryStore: Block broadcast_0 stored as values in memory (estimated size 174.7 KiB, free 413.8 MiB)
[2021-12-02 22:56:20,972] {spark_submit_hook.py:479} INFO - 21/12/02 22:56:20 INFO MemoryStore: Block broadcast_0_piece0 stored as bytes in memory (estimated size 27.6 KiB, free 413.7 MiB)
[2021-12-02 22:56:20,982] {spark_submit_hook.py:479} INFO - 21/12/02 22:56:20 INFO BlockManagerInfo: Added broadcast_0_piece0 in memory on 10.0.2.15:38963 (size: 27.6 KiB, free: 413.9 MiB)
[2021-12-02 22:56:20,986] {spark_submit_hook.py:479} INFO - 21/12/02 22:56:20 INFO SparkContext: Created broadcast 0 from json at NativeMethodAccessorImpl.java:0
[2021-12-02 22:56:21,006] {spark_submit_hook.py:479} INFO - 21/12/02 22:56:21 INFO FileSourceScanExec: Planning scan with bin packing, max size: 4221833 bytes, open cost is considered as scanning 4194304 bytes.
[2021-12-02 22:56:21,289] {spark_submit_hook.py:479} INFO - 21/12/02 22:56:21 INFO SparkContext: Starting job: json at NativeMethodAccessorImpl.java:0
[2021-12-02 22:56:21,320] {spark_submit_hook.py:479} INFO - 21/12/02 22:56:21 INFO DAGScheduler: Got job 0 (json at NativeMethodAccessorImpl.java:0) with 1 output partitions
[2021-12-02 22:56:21,321] {spark_submit_hook.py:479} INFO - 21/12/02 22:56:21 INFO DAGScheduler: Final stage: ResultStage 0 (json at NativeMethodAccessorImpl.java:0)
[2021-12-02 22:56:21,322] {spark_submit_hook.py:479} INFO - 21/12/02 22:56:21 INFO DAGScheduler: Parents of final stage: List()
[2021-12-02 22:56:21,323] {spark_submit_hook.py:479} INFO - 21/12/02 22:56:21 INFO DAGScheduler: Missing parents: List()
[2021-12-02 22:56:21,340] {spark_submit_hook.py:479} INFO - 21/12/02 22:56:21 INFO DAGScheduler: Submitting ResultStage 0 (MapPartitionsRDD[3] at json at NativeMethodAccessorImpl.java:0), which has no missing parents
[2021-12-02 22:56:21,499] {spark_submit_hook.py:479} INFO - 21/12/02 22:56:21 INFO MemoryStore: Block broadcast_1 stored as values in memory (estimated size 12.0 KiB, free 413.7 MiB)
[2021-12-02 22:56:21,501] {spark_submit_hook.py:479} INFO - 21/12/02 22:56:21 INFO MemoryStore: Block broadcast_1_piece0 stored as bytes in memory (estimated size 6.3 KiB, free 413.7 MiB)
[2021-12-02 22:56:21,502] {spark_submit_hook.py:479} INFO - 21/12/02 22:56:21 INFO BlockManagerInfo: Added broadcast_1_piece0 in memory on 10.0.2.15:38963 (size: 6.3 KiB, free: 413.9 MiB)
[2021-12-02 22:56:21,505] {spark_submit_hook.py:479} INFO - 21/12/02 22:56:21 INFO SparkContext: Created broadcast 1 from broadcast at DAGScheduler.scala:1388
[2021-12-02 22:56:21,564] {spark_submit_hook.py:479} INFO - 21/12/02 22:56:21 INFO DAGScheduler: Submitting 1 missing tasks from ResultStage 0 (MapPartitionsRDD[3] at json at NativeMethodAccessorImpl.java:0) (first 15 tasks are for partitions Vector(0))
[2021-12-02 22:56:21,574] {spark_submit_hook.py:479} INFO - 21/12/02 22:56:21 INFO TaskSchedulerImpl: Adding task set 0.0 with 1 tasks resource profile 0
[2021-12-02 22:56:21,693] {spark_submit_hook.py:479} INFO - 21/12/02 22:56:21 INFO TaskSetManager: Starting task 0.0 in stage 0.0 (TID 0) (10.0.2.15, executor driver, partition 0, PROCESS_LOCAL, 4948 bytes) taskResourceAssignments Map()
[2021-12-02 22:56:21,718] {spark_submit_hook.py:479} INFO - 21/12/02 22:56:21 INFO Executor: Running task 0.0 in stage 0.0 (TID 0)
[2021-12-02 22:56:21,925] {spark_submit_hook.py:479} INFO - 21/12/02 22:56:21 INFO FileScanRDD: Reading File path: file:///home/kauai/kauai/datapipeline/datalake/bronze/twitter_aluraonline/extract_date=2021-12-01/AluraOnline_20211201.json, range: 0-27529, partition values: [empty row]
[2021-12-02 22:56:22,418] {spark_submit_hook.py:479} INFO - 21/12/02 22:56:22 INFO CodeGenerator: Code generated in 305.130104 ms
[2021-12-02 22:56:22,547] {spark_submit_hook.py:479} INFO - 21/12/02 22:56:22 INFO Executor: Finished task 0.0 in stage 0.0 (TID 0). 2858 bytes result sent to driver
[2021-12-02 22:56:22,583] {spark_submit_hook.py:479} INFO - 21/12/02 22:56:22 INFO TaskSetManager: Finished task 0.0 in stage 0.0 (TID 0) in 912 ms on 10.0.2.15 (executor driver) (1/1)
[2021-12-02 22:56:22,590] {spark_submit_hook.py:479} INFO - 21/12/02 22:56:22 INFO TaskSchedulerImpl: Removed TaskSet 0.0, whose tasks have all completed, from pool
[2021-12-02 22:56:22,609] {spark_submit_hook.py:479} INFO - 21/12/02 22:56:22 INFO DAGScheduler: ResultStage 0 (json at NativeMethodAccessorImpl.java:0) finished in 1,239 s
[2021-12-02 22:56:22,617] {spark_submit_hook.py:479} INFO - 21/12/02 22:56:22 INFO DAGScheduler: Job 0 is finished. Cancelling potential speculative or zombie tasks for this job
[2021-12-02 22:56:22,618] {spark_submit_hook.py:479} INFO - 21/12/02 22:56:22 INFO TaskSchedulerImpl: Killing all running tasks in stage 0: Stage finished
[2021-12-02 22:56:22,622] {spark_submit_hook.py:479} INFO - 21/12/02 22:56:22 INFO DAGScheduler: Job 0 finished: json at NativeMethodAccessorImpl.java:0, took 1,329933 s
[2021-12-02 22:56:23,197] {spark_submit_hook.py:479} INFO - 21/12/02 22:56:23 INFO FileSourceStrategy: Pushed Filters: IsNotNull(data)
[2021-12-02 22:56:23,201] {spark_submit_hook.py:479} INFO - 21/12/02 22:56:23 INFO FileSourceStrategy: Post-Scan Filters: (size(data#7, true) > 0),isnotnull(data#7)
[2021-12-02 22:56:23,207] {spark_submit_hook.py:479} INFO - 21/12/02 22:56:23 INFO FileSourceStrategy: Output Data Schema: struct<data: array<struct<author_id:string,conversation_id:string,created_at:string,id:string,in_reply_to_user_id:string,public_metrics:struct<like_count:bigint,quote_count:bigint,reply_count:bigint,retweet_count:bigint>,text:string>>>
[2021-12-02 22:56:23,388] {spark_submit_hook.py:479} INFO - 21/12/02 22:56:23 INFO BlockManagerInfo: Removed broadcast_1_piece0 on 10.0.2.15:38963 in memory (size: 6.3 KiB, free: 413.9 MiB)
[2021-12-02 22:56:23,414] {spark_submit_hook.py:479} INFO - 21/12/02 22:56:23 INFO FileOutputCommitter: File Output Committer Algorithm version is 1
[2021-12-02 22:56:23,416] {spark_submit_hook.py:479} INFO - 21/12/02 22:56:23 INFO BlockManagerInfo: Removed broadcast_0_piece0 on 10.0.2.15:38963 in memory (size: 27.6 KiB, free: 413.9 MiB)
[2021-12-02 22:56:23,416] {spark_submit_hook.py:479} INFO - 21/12/02 22:56:23 INFO FileOutputCommitter: FileOutputCommitter skip cleanup _temporary folders under output directory:false, ignore cleanup failures: false
[2021-12-02 22:56:23,421] {spark_submit_hook.py:479} INFO - 21/12/02 22:56:23 INFO SQLHadoopMapReduceCommitProtocol: Using output committer class org.apache.hadoop.mapreduce.lib.output.FileOutputCommitter
[2021-12-02 22:56:23,565] {spark_submit_hook.py:479} INFO - 21/12/02 22:56:23 INFO CodeGenerator: Code generated in 61.132608 ms
[2021-12-02 22:56:23,732] {spark_submit_hook.py:479} INFO - 21/12/02 22:56:23 INFO CodeGenerator: Code generated in 136.358186 ms
[2021-12-02 22:56:23,767] {spark_submit_hook.py:479} INFO - 21/12/02 22:56:23 INFO MemoryStore: Block broadcast_2 stored as values in memory (estimated size 174.6 KiB, free 413.8 MiB)
[2021-12-02 22:56:23,796] {spark_submit_hook.py:479} INFO - 21/12/02 22:56:23 INFO MemoryStore: Block broadcast_2_piece0 stored as bytes in memory (estimated size 27.6 KiB, free 413.7 MiB)
[2021-12-02 22:56:23,797] {spark_submit_hook.py:479} INFO - 21/12/02 22:56:23 INFO BlockManagerInfo: Added broadcast_2_piece0 in memory on 10.0.2.15:38963 (size: 27.6 KiB, free: 413.9 MiB)
[2021-12-02 22:56:23,800] {spark_submit_hook.py:479} INFO - 21/12/02 22:56:23 INFO SparkContext: Created broadcast 2 from json at NativeMethodAccessorImpl.java:0
[2021-12-02 22:56:23,806] {spark_submit_hook.py:479} INFO - 21/12/02 22:56:23 INFO FileSourceScanExec: Planning scan with bin packing, max size: 4221833 bytes, open cost is considered as scanning 4194304 bytes.
[2021-12-02 22:56:24,087] {spark_submit_hook.py:479} INFO - 21/12/02 22:56:24 INFO SparkContext: Starting job: json at NativeMethodAccessorImpl.java:0
[2021-12-02 22:56:24,089] {spark_submit_hook.py:479} INFO - 21/12/02 22:56:24 INFO DAGScheduler: Got job 1 (json at NativeMethodAccessorImpl.java:0) with 1 output partitions
[2021-12-02 22:56:24,089] {spark_submit_hook.py:479} INFO - 21/12/02 22:56:24 INFO DAGScheduler: Final stage: ResultStage 1 (json at NativeMethodAccessorImpl.java:0)
[2021-12-02 22:56:24,089] {spark_submit_hook.py:479} INFO - 21/12/02 22:56:24 INFO DAGScheduler: Parents of final stage: List()
[2021-12-02 22:56:24,089] {spark_submit_hook.py:479} INFO - 21/12/02 22:56:24 INFO DAGScheduler: Missing parents: List()
[2021-12-02 22:56:24,092] {spark_submit_hook.py:479} INFO - 21/12/02 22:56:24 INFO DAGScheduler: Submitting ResultStage 1 (CoalescedRDD[13] at json at NativeMethodAccessorImpl.java:0), which has no missing parents
[2021-12-02 22:56:24,159] {spark_submit_hook.py:479} INFO - 21/12/02 22:56:24 INFO MemoryStore: Block broadcast_3 stored as values in memory (estimated size 188.8 KiB, free 413.5 MiB)
[2021-12-02 22:56:24,166] {spark_submit_hook.py:479} INFO - 21/12/02 22:56:24 INFO MemoryStore: Block broadcast_3_piece0 stored as bytes in memory (estimated size 66.6 KiB, free 413.5 MiB)
[2021-12-02 22:56:24,167] {spark_submit_hook.py:479} INFO - 21/12/02 22:56:24 INFO BlockManagerInfo: Added broadcast_3_piece0 in memory on 10.0.2.15:38963 (size: 66.6 KiB, free: 413.8 MiB)
[2021-12-02 22:56:24,169] {spark_submit_hook.py:479} INFO - 21/12/02 22:56:24 INFO SparkContext: Created broadcast 3 from broadcast at DAGScheduler.scala:1388
[2021-12-02 22:56:24,169] {spark_submit_hook.py:479} INFO - 21/12/02 22:56:24 INFO DAGScheduler: Submitting 1 missing tasks from ResultStage 1 (CoalescedRDD[13] at json at NativeMethodAccessorImpl.java:0) (first 15 tasks are for partitions Vector(0))
[2021-12-02 22:56:24,169] {spark_submit_hook.py:479} INFO - 21/12/02 22:56:24 INFO TaskSchedulerImpl: Adding task set 1.0 with 1 tasks resource profile 0
[2021-12-02 22:56:24,172] {spark_submit_hook.py:479} INFO - 21/12/02 22:56:24 INFO TaskSetManager: Starting task 0.0 in stage 1.0 (TID 1) (10.0.2.15, executor driver, partition 0, PROCESS_LOCAL, 5177 bytes) taskResourceAssignments Map()
[2021-12-02 22:56:24,173] {spark_submit_hook.py:479} INFO - 21/12/02 22:56:24 INFO Executor: Running task 0.0 in stage 1.0 (TID 1)
[2021-12-02 22:56:24,275] {spark_submit_hook.py:479} INFO - 21/12/02 22:56:24 INFO FileOutputCommitter: File Output Committer Algorithm version is 1
[2021-12-02 22:56:24,275] {spark_submit_hook.py:479} INFO - 21/12/02 22:56:24 INFO FileOutputCommitter: FileOutputCommitter skip cleanup _temporary folders under output directory:false, ignore cleanup failures: false
[2021-12-02 22:56:24,277] {spark_submit_hook.py:479} INFO - 21/12/02 22:56:24 INFO SQLHadoopMapReduceCommitProtocol: Using output committer class org.apache.hadoop.mapreduce.lib.output.FileOutputCommitter
[2021-12-02 22:56:24,407] {spark_submit_hook.py:479} INFO - 21/12/02 22:56:24 INFO CodeGenerator: Code generated in 38.512293 ms
[2021-12-02 22:56:24,410] {spark_submit_hook.py:479} INFO - 21/12/02 22:56:24 INFO FileScanRDD: Reading File path: file:///home/kauai/kauai/datapipeline/datalake/bronze/twitter_aluraonline/extract_date=2021-12-01/AluraOnline_20211201.json, range: 0-27529, partition values: [empty row]
[2021-12-02 22:56:24,474] {spark_submit_hook.py:479} INFO - 21/12/02 22:56:24 INFO CodeGenerator: Code generated in 58.140736 ms
[2021-12-02 22:56:24,511] {spark_submit_hook.py:479} INFO - 21/12/02 22:56:24 INFO CodeGenerator: Code generated in 13.881077 ms
[2021-12-02 22:56:24,710] {spark_submit_hook.py:479} INFO - 21/12/02 22:56:24 INFO FileOutputCommitter: Saved output of task 'attempt_202112022256238064516906764981950_0001_m_000000_1' to file:/home/kauai/kauai/datapipeline/datalake/silver/twitter_aluraonline/tweet/process_date=2021-12-01/_temporary/0/task_202112022256238064516906764981950_0001_m_000000
[2021-12-02 22:56:24,711] {spark_submit_hook.py:479} INFO - 21/12/02 22:56:24 INFO SparkHadoopMapRedUtil: attempt_202112022256238064516906764981950_0001_m_000000_1: Committed
[2021-12-02 22:56:24,725] {spark_submit_hook.py:479} INFO - 21/12/02 22:56:24 INFO Executor: Finished task 0.0 in stage 1.0 (TID 1). 2944 bytes result sent to driver
[2021-12-02 22:56:24,735] {spark_submit_hook.py:479} INFO - 21/12/02 22:56:24 INFO TaskSetManager: Finished task 0.0 in stage 1.0 (TID 1) in 565 ms on 10.0.2.15 (executor driver) (1/1)
[2021-12-02 22:56:24,739] {spark_submit_hook.py:479} INFO - 21/12/02 22:56:24 INFO DAGScheduler: ResultStage 1 (json at NativeMethodAccessorImpl.java:0) finished in 0,643 s
[2021-12-02 22:56:24,739] {spark_submit_hook.py:479} INFO - 21/12/02 22:56:24 INFO DAGScheduler: Job 1 is finished. Cancelling potential speculative or zombie tasks for this job
[2021-12-02 22:56:24,741] {spark_submit_hook.py:479} INFO - 21/12/02 22:56:24 INFO TaskSchedulerImpl: Removed TaskSet 1.0, whose tasks have all completed, from pool
[2021-12-02 22:56:24,746] {spark_submit_hook.py:479} INFO - 21/12/02 22:56:24 INFO TaskSchedulerImpl: Killing all running tasks in stage 1: Stage finished
[2021-12-02 22:56:24,746] {spark_submit_hook.py:479} INFO - 21/12/02 22:56:24 INFO DAGScheduler: Job 1 finished: json at NativeMethodAccessorImpl.java:0, took 0,655374 s
[2021-12-02 22:56:24,780] {spark_submit_hook.py:479} INFO - 21/12/02 22:56:24 INFO FileFormatWriter: Write Job 86ebfaf2-e6e1-41b7-bf14-15cd916bf625 committed.
[2021-12-02 22:56:24,785] {spark_submit_hook.py:479} INFO - 21/12/02 22:56:24 INFO FileFormatWriter: Finished processing stats for write job 86ebfaf2-e6e1-41b7-bf14-15cd916bf625.
[2021-12-02 22:56:24,882] {spark_submit_hook.py:479} INFO - 21/12/02 22:56:24 INFO FileSourceStrategy: Pushed Filters: IsNotNull(includes)
[2021-12-02 22:56:24,883] {spark_submit_hook.py:479} INFO - 21/12/02 22:56:24 INFO FileSourceStrategy: Post-Scan Filters: isnotnull(includes#8),(size(includes#8.users, true) > 0),isnotnull(includes#8.users)
[2021-12-02 22:56:24,883] {spark_submit_hook.py:479} INFO - 21/12/02 22:56:24 INFO FileSourceStrategy: Output Data Schema: struct<includes: struct<users: array<struct<created_at:string,id:string,name:string,username:string>>>>
[2021-12-02 22:56:24,908] {spark_submit_hook.py:479} INFO - 21/12/02 22:56:24 INFO FileOutputCommitter: File Output Committer Algorithm version is 1
[2021-12-02 22:56:24,908] {spark_submit_hook.py:479} INFO - 21/12/02 22:56:24 INFO FileOutputCommitter: FileOutputCommitter skip cleanup _temporary folders under output directory:false, ignore cleanup failures: false
[2021-12-02 22:56:24,908] {spark_submit_hook.py:479} INFO - 21/12/02 22:56:24 INFO SQLHadoopMapReduceCommitProtocol: Using output committer class org.apache.hadoop.mapreduce.lib.output.FileOutputCommitter
[2021-12-02 22:56:25,022] {spark_submit_hook.py:479} INFO - 21/12/02 22:56:25 INFO CodeGenerator: Code generated in 32.932242 ms
[2021-12-02 22:56:25,063] {spark_submit_hook.py:479} INFO - 21/12/02 22:56:25 INFO CodeGenerator: Code generated in 30.538778 ms
[2021-12-02 22:56:25,079] {spark_submit_hook.py:479} INFO - 21/12/02 22:56:25 INFO MemoryStore: Block broadcast_4 stored as values in memory (estimated size 174.6 KiB, free 413.3 MiB)
[2021-12-02 22:56:25,104] {spark_submit_hook.py:479} INFO - 21/12/02 22:56:25 INFO MemoryStore: Block broadcast_4_piece0 stored as bytes in memory (estimated size 27.6 KiB, free 413.3 MiB)
[2021-12-02 22:56:25,105] {spark_submit_hook.py:479} INFO - 21/12/02 22:56:25 INFO BlockManagerInfo: Added broadcast_4_piece0 in memory on 10.0.2.15:38963 (size: 27.6 KiB, free: 413.8 MiB)
[2021-12-02 22:56:25,105] {spark_submit_hook.py:479} INFO - 21/12/02 22:56:25 INFO SparkContext: Created broadcast 4 from json at NativeMethodAccessorImpl.java:0
[2021-12-02 22:56:25,111] {spark_submit_hook.py:479} INFO - 21/12/02 22:56:25 INFO FileSourceScanExec: Planning scan with bin packing, max size: 4221833 bytes, open cost is considered as scanning 4194304 bytes.
[2021-12-02 22:56:25,173] {spark_submit_hook.py:479} INFO - 21/12/02 22:56:25 INFO SparkContext: Starting job: json at NativeMethodAccessorImpl.java:0
[2021-12-02 22:56:25,174] {spark_submit_hook.py:479} INFO - 21/12/02 22:56:25 INFO DAGScheduler: Got job 2 (json at NativeMethodAccessorImpl.java:0) with 1 output partitions
[2021-12-02 22:56:25,175] {spark_submit_hook.py:479} INFO - 21/12/02 22:56:25 INFO DAGScheduler: Final stage: ResultStage 2 (json at NativeMethodAccessorImpl.java:0)
[2021-12-02 22:56:25,175] {spark_submit_hook.py:479} INFO - 21/12/02 22:56:25 INFO DAGScheduler: Parents of final stage: List()
[2021-12-02 22:56:25,175] {spark_submit_hook.py:479} INFO - 21/12/02 22:56:25 INFO DAGScheduler: Missing parents: List()
[2021-12-02 22:56:25,176] {spark_submit_hook.py:479} INFO - 21/12/02 22:56:25 INFO DAGScheduler: Submitting ResultStage 2 (CoalescedRDD[25] at json at NativeMethodAccessorImpl.java:0), which has no missing parents
[2021-12-02 22:56:25,219] {spark_submit_hook.py:479} INFO - 21/12/02 22:56:25 INFO MemoryStore: Block broadcast_5 stored as values in memory (estimated size 185.1 KiB, free 413.1 MiB)
[2021-12-02 22:56:25,225] {spark_submit_hook.py:479} INFO - 21/12/02 22:56:25 INFO MemoryStore: Block broadcast_5_piece0 stored as bytes in memory (estimated size 66.2 KiB, free 413.0 MiB)
[2021-12-02 22:56:25,226] {spark_submit_hook.py:479} INFO - 21/12/02 22:56:25 INFO BlockManagerInfo: Added broadcast_5_piece0 in memory on 10.0.2.15:38963 (size: 66.2 KiB, free: 413.7 MiB)
[2021-12-02 22:56:25,227] {spark_submit_hook.py:479} INFO - 21/12/02 22:56:25 INFO SparkContext: Created broadcast 5 from broadcast at DAGScheduler.scala:1388
[2021-12-02 22:56:25,231] {spark_submit_hook.py:479} INFO - 21/12/02 22:56:25 INFO DAGScheduler: Submitting 1 missing tasks from ResultStage 2 (CoalescedRDD[25] at json at NativeMethodAccessorImpl.java:0) (first 15 tasks are for partitions Vector(0))
[2021-12-02 22:56:25,231] {spark_submit_hook.py:479} INFO - 21/12/02 22:56:25 INFO TaskSchedulerImpl: Adding task set 2.0 with 1 tasks resource profile 0
[2021-12-02 22:56:25,232] {spark_submit_hook.py:479} INFO - 21/12/02 22:56:25 INFO TaskSetManager: Starting task 0.0 in stage 2.0 (TID 2) (10.0.2.15, executor driver, partition 0, PROCESS_LOCAL, 5177 bytes) taskResourceAssignments Map()
[2021-12-02 22:56:25,233] {spark_submit_hook.py:479} INFO - 21/12/02 22:56:25 INFO Executor: Running task 0.0 in stage 2.0 (TID 2)
[2021-12-02 22:56:25,254] {spark_submit_hook.py:479} INFO - 21/12/02 22:56:25 INFO FileOutputCommitter: File Output Committer Algorithm version is 1
[2021-12-02 22:56:25,254] {spark_submit_hook.py:479} INFO - 21/12/02 22:56:25 INFO FileOutputCommitter: FileOutputCommitter skip cleanup _temporary folders under output directory:false, ignore cleanup failures: false
[2021-12-02 22:56:25,255] {spark_submit_hook.py:479} INFO - 21/12/02 22:56:25 INFO SQLHadoopMapReduceCommitProtocol: Using output committer class org.apache.hadoop.mapreduce.lib.output.FileOutputCommitter
[2021-12-02 22:56:25,349] {spark_submit_hook.py:479} INFO - 21/12/02 22:56:25 INFO CodeGenerator: Code generated in 35.371057 ms
[2021-12-02 22:56:25,355] {spark_submit_hook.py:479} INFO - 21/12/02 22:56:25 INFO FileScanRDD: Reading File path: file:///home/kauai/kauai/datapipeline/datalake/bronze/twitter_aluraonline/extract_date=2021-12-01/AluraOnline_20211201.json, range: 0-27529, partition values: [empty row]
[2021-12-02 22:56:25,379] {spark_submit_hook.py:479} INFO - 21/12/02 22:56:25 INFO CodeGenerator: Code generated in 21.895856 ms
[2021-12-02 22:56:25,393] {spark_submit_hook.py:479} INFO - 21/12/02 22:56:25 INFO CodeGenerator: Code generated in 9.359081 ms
[2021-12-02 22:56:25,415] {spark_submit_hook.py:479} INFO - 21/12/02 22:56:25 INFO FileOutputCommitter: Saved output of task 'attempt_202112022256256936117297473082120_0002_m_000000_2' to file:/home/kauai/kauai/datapipeline/datalake/silver/twitter_aluraonline/user/process_date=2021-12-01/_temporary/0/task_202112022256256936117297473082120_0002_m_000000
[2021-12-02 22:56:25,416] {spark_submit_hook.py:479} INFO - 21/12/02 22:56:25 INFO SparkHadoopMapRedUtil: attempt_202112022256256936117297473082120_0002_m_000000_2: Committed
[2021-12-02 22:56:25,418] {spark_submit_hook.py:479} INFO - 21/12/02 22:56:25 INFO Executor: Finished task 0.0 in stage 2.0 (TID 2). 2901 bytes result sent to driver
[2021-12-02 22:56:25,424] {spark_submit_hook.py:479} INFO - 21/12/02 22:56:25 INFO TaskSetManager: Finished task 0.0 in stage 2.0 (TID 2) in 192 ms on 10.0.2.15 (executor driver) (1/1)
[2021-12-02 22:56:25,426] {spark_submit_hook.py:479} INFO - 21/12/02 22:56:25 INFO DAGScheduler: ResultStage 2 (json at NativeMethodAccessorImpl.java:0) finished in 0,248 s
[2021-12-02 22:56:25,426] {spark_submit_hook.py:479} INFO - 21/12/02 22:56:25 INFO DAGScheduler: Job 2 is finished. Cancelling potential speculative or zombie tasks for this job
[2021-12-02 22:56:25,426] {spark_submit_hook.py:479} INFO - 21/12/02 22:56:25 INFO TaskSchedulerImpl: Removed TaskSet 2.0, whose tasks have all completed, from pool
[2021-12-02 22:56:25,427] {spark_submit_hook.py:479} INFO - 21/12/02 22:56:25 INFO TaskSchedulerImpl: Killing all running tasks in stage 2: Stage finished
[2021-12-02 22:56:25,427] {spark_submit_hook.py:479} INFO - 21/12/02 22:56:25 INFO DAGScheduler: Job 2 finished: json at NativeMethodAccessorImpl.java:0, took 0,253499 s
[2021-12-02 22:56:25,471] {spark_submit_hook.py:479} INFO - 21/12/02 22:56:25 INFO FileFormatWriter: Write Job a119b29a-07d8-4f1a-a036-5ccd6bbb3d32 committed.
[2021-12-02 22:56:25,477] {spark_submit_hook.py:479} INFO - 21/12/02 22:56:25 INFO FileFormatWriter: Finished processing stats for write job a119b29a-07d8-4f1a-a036-5ccd6bbb3d32.
[2021-12-02 22:56:25,608] {spark_submit_hook.py:479} INFO - 21/12/02 22:56:25 INFO SparkUI: Stopped Spark web UI at http://10.0.2.15:4041
[2021-12-02 22:56:25,628] {spark_submit_hook.py:479} INFO - 21/12/02 22:56:25 INFO MapOutputTrackerMasterEndpoint: MapOutputTrackerMasterEndpoint stopped!
[2021-12-02 22:56:25,636] {spark_submit_hook.py:479} INFO - 21/12/02 22:56:25 INFO MemoryStore: MemoryStore cleared
[2021-12-02 22:56:25,636] {spark_submit_hook.py:479} INFO - 21/12/02 22:56:25 INFO BlockManager: BlockManager stopped
[2021-12-02 22:56:25,639] {spark_submit_hook.py:479} INFO - 21/12/02 22:56:25 INFO BlockManagerMaster: BlockManagerMaster stopped
[2021-12-02 22:56:25,641] {spark_submit_hook.py:479} INFO - 21/12/02 22:56:25 INFO OutputCommitCoordinator$OutputCommitCoordinatorEndpoint: OutputCommitCoordinator stopped!
[2021-12-02 22:56:25,645] {spark_submit_hook.py:479} INFO - 21/12/02 22:56:25 INFO SparkContext: Successfully stopped SparkContext
[2021-12-02 22:56:25,646] {spark_submit_hook.py:479} INFO - 21/12/02 22:56:25 INFO ShutdownHookManager: Shutdown hook called
[2021-12-02 22:56:25,647] {spark_submit_hook.py:479} INFO - 21/12/02 22:56:25 INFO ShutdownHookManager: Deleting directory /tmp/spark-a58da140-e750-4ad8-b505-fe2cdc39ca05
[2021-12-02 22:56:25,648] {spark_submit_hook.py:479} INFO - 21/12/02 22:56:25 INFO ShutdownHookManager: Deleting directory /tmp/spark-78aac1a2-b162-47f0-a76c-1296984f131c
[2021-12-02 22:56:25,650] {spark_submit_hook.py:479} INFO - 21/12/02 22:56:25 INFO ShutdownHookManager: Deleting directory /tmp/spark-a58da140-e750-4ad8-b505-fe2cdc39ca05/pyspark-28fe61fc-53b1-499c-8a86-05c1d02d383a
[2021-12-02 22:56:25,679] {taskinstance.py:1057} INFO - Marking task as SUCCESS.dag_id=twitter_dag, task_id=transform_twitter_aluraonline, execution_date=20211201T090000, start_date=20211203T015608, end_date=20211203T015625
[2021-12-02 22:56:28,841] {local_task_job.py:102} INFO - Task exited with return code 0
