[2021-12-02 23:10:22,296] {taskinstance.py:670} INFO - Dependencies all met for <TaskInstance: twitter_dag.transform_twitter_aluraonline 2021-12-01T09:00:00+00:00 [queued]>
[2021-12-02 23:10:22,311] {taskinstance.py:670} INFO - Dependencies all met for <TaskInstance: twitter_dag.transform_twitter_aluraonline 2021-12-01T09:00:00+00:00 [queued]>
[2021-12-02 23:10:22,311] {taskinstance.py:880} INFO - 
--------------------------------------------------------------------------------
[2021-12-02 23:10:22,311] {taskinstance.py:881} INFO - Starting attempt 3 of 3
[2021-12-02 23:10:22,311] {taskinstance.py:882} INFO - 
--------------------------------------------------------------------------------
[2021-12-02 23:10:22,319] {taskinstance.py:901} INFO - Executing <Task(SparkSubmitOperator): transform_twitter_aluraonline> on 2021-12-01T09:00:00+00:00
[2021-12-02 23:10:22,320] {standard_task_runner.py:54} INFO - Started process 13061 to run task
[2021-12-02 23:10:22,372] {standard_task_runner.py:77} INFO - Running: ['airflow', 'run', 'twitter_dag', 'transform_twitter_aluraonline', '2021-12-01T09:00:00+00:00', '--job_id', '48', '--pool', 'default_pool', '--raw', '-sd', 'DAGS_FOLDER/twitter_dag.py', '--cfg_path', '/tmp/tmpvscb5y7x']
[2021-12-02 23:10:22,373] {standard_task_runner.py:78} INFO - Job 48: Subtask transform_twitter_aluraonline
[2021-12-02 23:10:22,395] {logging_mixin.py:112} INFO - Running <TaskInstance: twitter_dag.transform_twitter_aluraonline 2021-12-01T09:00:00+00:00 [running]> on host kauai-VirtualBox
[2021-12-02 23:10:22,541] {base_hook.py:89} INFO - Using connection to: id: spark_default. Host: local, Port: None, Schema: None, Login: None, Password: None, extra: XXXXXXXX
[2021-12-02 23:10:22,543] {spark_submit_hook.py:325} INFO - Spark-Submit cmd: /home/kauai/spark-3.1.2-bin-hadoop3.2/bin/spark-submit --master local --name twitter_transformation /home/kauai/datapipeline/spark/transformation.py --src /home/kauai/kauai/datapipeline/datalake/bronze/twitter_aluraonline/extract_date=2021-12-01 --dest /home/kauai/kauai/datapipeline/datalake/silver/twitter_aluraonline/ --process-date 2021-12-01
[2021-12-02 23:10:25,134] {spark_submit_hook.py:479} INFO - 21/12/02 23:10:25 WARN Utils: Your hostname, kauai-VirtualBox resolves to a loopback address: 127.0.1.1; using 10.0.2.15 instead (on interface enp0s3)
[2021-12-02 23:10:25,135] {spark_submit_hook.py:479} INFO - 21/12/02 23:10:25 WARN Utils: Set SPARK_LOCAL_IP if you need to bind to another address
[2021-12-02 23:10:25,145] {spark_submit_hook.py:479} INFO - WARNING: An illegal reflective access operation has occurred
[2021-12-02 23:10:25,145] {spark_submit_hook.py:479} INFO - WARNING: Illegal reflective access by org.apache.spark.unsafe.Platform (file:/opt/spark/jars/spark-unsafe_2.12-3.1.2.jar) to constructor java.nio.DirectByteBuffer(long,int)
[2021-12-02 23:10:25,145] {spark_submit_hook.py:479} INFO - WARNING: Please consider reporting this to the maintainers of org.apache.spark.unsafe.Platform
[2021-12-02 23:10:25,145] {spark_submit_hook.py:479} INFO - WARNING: Use --illegal-access=warn to enable warnings of further illegal reflective access operations
[2021-12-02 23:10:25,145] {spark_submit_hook.py:479} INFO - WARNING: All illegal access operations will be denied in a future release
[2021-12-02 23:10:25,678] {spark_submit_hook.py:479} INFO - 21/12/02 23:10:25 WARN NativeCodeLoader: Unable to load native-hadoop library for your platform... using builtin-java classes where applicable
[2021-12-02 23:10:26,342] {spark_submit_hook.py:479} INFO - Using Spark's default log4j profile: org/apache/spark/log4j-defaults.properties
[2021-12-02 23:10:26,349] {spark_submit_hook.py:479} INFO - 21/12/02 23:10:26 INFO SparkContext: Running Spark version 3.1.2
[2021-12-02 23:10:26,401] {spark_submit_hook.py:479} INFO - 21/12/02 23:10:26 INFO ResourceUtils: ==============================================================
[2021-12-02 23:10:26,401] {spark_submit_hook.py:479} INFO - 21/12/02 23:10:26 INFO ResourceUtils: No custom resources configured for spark.driver.
[2021-12-02 23:10:26,404] {spark_submit_hook.py:479} INFO - 21/12/02 23:10:26 INFO ResourceUtils: ==============================================================
[2021-12-02 23:10:26,404] {spark_submit_hook.py:479} INFO - 21/12/02 23:10:26 INFO SparkContext: Submitted application: twitter_transformation
[2021-12-02 23:10:26,439] {spark_submit_hook.py:479} INFO - 21/12/02 23:10:26 INFO ResourceProfile: Default ResourceProfile created, executor resources: Map(cores -> name: cores, amount: 1, script: , vendor: , memory -> name: memory, amount: 1024, script: , vendor: , offHeap -> name: offHeap, amount: 0, script: , vendor: ), task resources: Map(cpus -> name: cpus, amount: 1.0)
[2021-12-02 23:10:26,454] {spark_submit_hook.py:479} INFO - 21/12/02 23:10:26 INFO ResourceProfile: Limiting resource is cpu
[2021-12-02 23:10:26,455] {spark_submit_hook.py:479} INFO - 21/12/02 23:10:26 INFO ResourceProfileManager: Added ResourceProfile id: 0
[2021-12-02 23:10:26,520] {spark_submit_hook.py:479} INFO - 21/12/02 23:10:26 INFO SecurityManager: Changing view acls to: kauai
[2021-12-02 23:10:26,521] {spark_submit_hook.py:479} INFO - 21/12/02 23:10:26 INFO SecurityManager: Changing modify acls to: kauai
[2021-12-02 23:10:26,521] {spark_submit_hook.py:479} INFO - 21/12/02 23:10:26 INFO SecurityManager: Changing view acls groups to:
[2021-12-02 23:10:26,522] {spark_submit_hook.py:479} INFO - 21/12/02 23:10:26 INFO SecurityManager: Changing modify acls groups to:
[2021-12-02 23:10:26,522] {spark_submit_hook.py:479} INFO - 21/12/02 23:10:26 INFO SecurityManager: SecurityManager: authentication disabled; ui acls disabled; users  with view permissions: Set(kauai); groups with view permissions: Set(); users  with modify permissions: Set(kauai); groups with modify permissions: Set()
[2021-12-02 23:10:26,862] {spark_submit_hook.py:479} INFO - 21/12/02 23:10:26 INFO Utils: Successfully started service 'sparkDriver' on port 32905.
[2021-12-02 23:10:26,905] {spark_submit_hook.py:479} INFO - 21/12/02 23:10:26 INFO SparkEnv: Registering MapOutputTracker
[2021-12-02 23:10:26,955] {spark_submit_hook.py:479} INFO - 21/12/02 23:10:26 INFO SparkEnv: Registering BlockManagerMaster
[2021-12-02 23:10:26,979] {spark_submit_hook.py:479} INFO - 21/12/02 23:10:26 INFO BlockManagerMasterEndpoint: Using org.apache.spark.storage.DefaultTopologyMapper for getting topology information
[2021-12-02 23:10:26,980] {spark_submit_hook.py:479} INFO - 21/12/02 23:10:26 INFO BlockManagerMasterEndpoint: BlockManagerMasterEndpoint up
[2021-12-02 23:10:26,998] {spark_submit_hook.py:479} INFO - 21/12/02 23:10:26 INFO SparkEnv: Registering BlockManagerMasterHeartbeat
[2021-12-02 23:10:27,015] {spark_submit_hook.py:479} INFO - 21/12/02 23:10:27 INFO DiskBlockManager: Created local directory at /tmp/blockmgr-40c7cbb7-c0d1-4f4c-a351-968cd72a086c
[2021-12-02 23:10:27,037] {spark_submit_hook.py:479} INFO - 21/12/02 23:10:27 INFO MemoryStore: MemoryStore started with capacity 413.9 MiB
[2021-12-02 23:10:27,062] {spark_submit_hook.py:479} INFO - 21/12/02 23:10:27 INFO SparkEnv: Registering OutputCommitCoordinator
[2021-12-02 23:10:27,291] {spark_submit_hook.py:479} INFO - 21/12/02 23:10:27 WARN Utils: Service 'SparkUI' could not bind on port 4040. Attempting port 4041.
[2021-12-02 23:10:27,305] {spark_submit_hook.py:479} INFO - 21/12/02 23:10:27 INFO Utils: Successfully started service 'SparkUI' on port 4041.
[2021-12-02 23:10:27,403] {spark_submit_hook.py:479} INFO - 21/12/02 23:10:27 INFO SparkUI: Bound SparkUI to 0.0.0.0, and started at http://10.0.2.15:4041
[2021-12-02 23:10:27,698] {spark_submit_hook.py:479} INFO - 21/12/02 23:10:27 INFO Executor: Starting executor ID driver on host 10.0.2.15
[2021-12-02 23:10:27,744] {spark_submit_hook.py:479} INFO - 21/12/02 23:10:27 INFO Utils: Successfully started service 'org.apache.spark.network.netty.NettyBlockTransferService' on port 36541.
[2021-12-02 23:10:27,744] {spark_submit_hook.py:479} INFO - 21/12/02 23:10:27 INFO NettyBlockTransferService: Server created on 10.0.2.15:36541
[2021-12-02 23:10:27,744] {spark_submit_hook.py:479} INFO - 21/12/02 23:10:27 INFO BlockManager: Using org.apache.spark.storage.RandomBlockReplicationPolicy for block replication policy
[2021-12-02 23:10:27,748] {spark_submit_hook.py:479} INFO - 21/12/02 23:10:27 INFO BlockManagerMaster: Registering BlockManager BlockManagerId(driver, 10.0.2.15, 36541, None)
[2021-12-02 23:10:27,756] {spark_submit_hook.py:479} INFO - 21/12/02 23:10:27 INFO BlockManagerMasterEndpoint: Registering block manager 10.0.2.15:36541 with 413.9 MiB RAM, BlockManagerId(driver, 10.0.2.15, 36541, None)
[2021-12-02 23:10:27,759] {spark_submit_hook.py:479} INFO - 21/12/02 23:10:27 INFO BlockManagerMaster: Registered BlockManager BlockManagerId(driver, 10.0.2.15, 36541, None)
[2021-12-02 23:10:27,760] {spark_submit_hook.py:479} INFO - 21/12/02 23:10:27 INFO BlockManager: Initialized BlockManager: BlockManagerId(driver, 10.0.2.15, 36541, None)
[2021-12-02 23:10:28,403] {spark_submit_hook.py:479} INFO - 21/12/02 23:10:28 INFO SharedState: Setting hive.metastore.warehouse.dir ('null') to the value of spark.sql.warehouse.dir ('file:/home/kauai/datapipeline/spark-warehouse').
[2021-12-02 23:10:28,403] {spark_submit_hook.py:479} INFO - 21/12/02 23:10:28 INFO SharedState: Warehouse path is 'file:/home/kauai/datapipeline/spark-warehouse'.
[2021-12-02 23:10:29,714] {spark_submit_hook.py:479} INFO - 21/12/02 23:10:29 INFO InMemoryFileIndex: It took 81 ms to list leaf files for 1 paths.
[2021-12-02 23:10:29,823] {spark_submit_hook.py:479} INFO - 21/12/02 23:10:29 INFO InMemoryFileIndex: It took 1 ms to list leaf files for 1 paths.
[2021-12-02 23:10:32,426] {spark_submit_hook.py:479} INFO - 21/12/02 23:10:32 INFO FileSourceStrategy: Pushed Filters:
[2021-12-02 23:10:32,427] {spark_submit_hook.py:479} INFO - 21/12/02 23:10:32 INFO FileSourceStrategy: Post-Scan Filters:
[2021-12-02 23:10:32,433] {spark_submit_hook.py:479} INFO - 21/12/02 23:10:32 INFO FileSourceStrategy: Output Data Schema: struct<value: string>
[2021-12-02 23:10:32,785] {spark_submit_hook.py:479} INFO - 21/12/02 23:10:32 INFO MemoryStore: Block broadcast_0 stored as values in memory (estimated size 174.7 KiB, free 413.8 MiB)
[2021-12-02 23:10:32,879] {spark_submit_hook.py:479} INFO - 21/12/02 23:10:32 INFO MemoryStore: Block broadcast_0_piece0 stored as bytes in memory (estimated size 27.6 KiB, free 413.7 MiB)
[2021-12-02 23:10:32,882] {spark_submit_hook.py:479} INFO - 21/12/02 23:10:32 INFO BlockManagerInfo: Added broadcast_0_piece0 in memory on 10.0.2.15:36541 (size: 27.6 KiB, free: 413.9 MiB)
[2021-12-02 23:10:32,895] {spark_submit_hook.py:479} INFO - 21/12/02 23:10:32 INFO SparkContext: Created broadcast 0 from json at NativeMethodAccessorImpl.java:0
[2021-12-02 23:10:32,904] {spark_submit_hook.py:479} INFO - 21/12/02 23:10:32 INFO FileSourceScanExec: Planning scan with bin packing, max size: 4221833 bytes, open cost is considered as scanning 4194304 bytes.
[2021-12-02 23:10:33,106] {spark_submit_hook.py:479} INFO - 21/12/02 23:10:33 INFO SparkContext: Starting job: json at NativeMethodAccessorImpl.java:0
[2021-12-02 23:10:33,124] {spark_submit_hook.py:479} INFO - 21/12/02 23:10:33 INFO DAGScheduler: Got job 0 (json at NativeMethodAccessorImpl.java:0) with 1 output partitions
[2021-12-02 23:10:33,124] {spark_submit_hook.py:479} INFO - 21/12/02 23:10:33 INFO DAGScheduler: Final stage: ResultStage 0 (json at NativeMethodAccessorImpl.java:0)
[2021-12-02 23:10:33,126] {spark_submit_hook.py:479} INFO - 21/12/02 23:10:33 INFO DAGScheduler: Parents of final stage: List()
[2021-12-02 23:10:33,127] {spark_submit_hook.py:479} INFO - 21/12/02 23:10:33 INFO DAGScheduler: Missing parents: List()
[2021-12-02 23:10:33,141] {spark_submit_hook.py:479} INFO - 21/12/02 23:10:33 INFO DAGScheduler: Submitting ResultStage 0 (MapPartitionsRDD[3] at json at NativeMethodAccessorImpl.java:0), which has no missing parents
[2021-12-02 23:10:33,313] {spark_submit_hook.py:479} INFO - 21/12/02 23:10:33 INFO MemoryStore: Block broadcast_1 stored as values in memory (estimated size 12.0 KiB, free 413.7 MiB)
[2021-12-02 23:10:33,315] {spark_submit_hook.py:479} INFO - 21/12/02 23:10:33 INFO MemoryStore: Block broadcast_1_piece0 stored as bytes in memory (estimated size 6.3 KiB, free 413.7 MiB)
[2021-12-02 23:10:33,317] {spark_submit_hook.py:479} INFO - 21/12/02 23:10:33 INFO BlockManagerInfo: Added broadcast_1_piece0 in memory on 10.0.2.15:36541 (size: 6.3 KiB, free: 413.9 MiB)
[2021-12-02 23:10:33,318] {spark_submit_hook.py:479} INFO - 21/12/02 23:10:33 INFO SparkContext: Created broadcast 1 from broadcast at DAGScheduler.scala:1388
[2021-12-02 23:10:33,357] {spark_submit_hook.py:479} INFO - 21/12/02 23:10:33 INFO DAGScheduler: Submitting 1 missing tasks from ResultStage 0 (MapPartitionsRDD[3] at json at NativeMethodAccessorImpl.java:0) (first 15 tasks are for partitions Vector(0))
[2021-12-02 23:10:33,358] {spark_submit_hook.py:479} INFO - 21/12/02 23:10:33 INFO TaskSchedulerImpl: Adding task set 0.0 with 1 tasks resource profile 0
[2021-12-02 23:10:33,420] {spark_submit_hook.py:479} INFO - 21/12/02 23:10:33 INFO TaskSetManager: Starting task 0.0 in stage 0.0 (TID 0) (10.0.2.15, executor driver, partition 0, PROCESS_LOCAL, 4948 bytes) taskResourceAssignments Map()
[2021-12-02 23:10:33,448] {spark_submit_hook.py:479} INFO - 21/12/02 23:10:33 INFO Executor: Running task 0.0 in stage 0.0 (TID 0)
[2021-12-02 23:10:33,731] {spark_submit_hook.py:479} INFO - 21/12/02 23:10:33 INFO FileScanRDD: Reading File path: file:///home/kauai/kauai/datapipeline/datalake/bronze/twitter_aluraonline/extract_date=2021-12-01/AluraOnline_20211201.json, range: 0-27529, partition values: [empty row]
[2021-12-02 23:10:34,410] {spark_submit_hook.py:479} INFO - 21/12/02 23:10:34 INFO CodeGenerator: Code generated in 498.254568 ms
[2021-12-02 23:10:34,506] {spark_submit_hook.py:479} INFO - 21/12/02 23:10:34 INFO Executor: Finished task 0.0 in stage 0.0 (TID 0). 2858 bytes result sent to driver
[2021-12-02 23:10:34,526] {spark_submit_hook.py:479} INFO - 21/12/02 23:10:34 INFO TaskSetManager: Finished task 0.0 in stage 0.0 (TID 0) in 1121 ms on 10.0.2.15 (executor driver) (1/1)
[2021-12-02 23:10:34,550] {spark_submit_hook.py:479} INFO - 21/12/02 23:10:34 INFO TaskSchedulerImpl: Removed TaskSet 0.0, whose tasks have all completed, from pool
[2021-12-02 23:10:34,551] {spark_submit_hook.py:479} INFO - 21/12/02 23:10:34 INFO DAGScheduler: ResultStage 0 (json at NativeMethodAccessorImpl.java:0) finished in 1,375 s
[2021-12-02 23:10:34,555] {spark_submit_hook.py:479} INFO - 21/12/02 23:10:34 INFO DAGScheduler: Job 0 is finished. Cancelling potential speculative or zombie tasks for this job
[2021-12-02 23:10:34,557] {spark_submit_hook.py:479} INFO - 21/12/02 23:10:34 INFO TaskSchedulerImpl: Killing all running tasks in stage 0: Stage finished
[2021-12-02 23:10:34,562] {spark_submit_hook.py:479} INFO - 21/12/02 23:10:34 INFO DAGScheduler: Job 0 finished: json at NativeMethodAccessorImpl.java:0, took 1,452292 s
[2021-12-02 23:10:35,224] {spark_submit_hook.py:479} INFO - 21/12/02 23:10:35 INFO FileSourceStrategy: Pushed Filters: IsNotNull(data)
[2021-12-02 23:10:35,230] {spark_submit_hook.py:479} INFO - 21/12/02 23:10:35 INFO FileSourceStrategy: Post-Scan Filters: (size(data#7, true) > 0),isnotnull(data#7)
[2021-12-02 23:10:35,232] {spark_submit_hook.py:479} INFO - 21/12/02 23:10:35 INFO FileSourceStrategy: Output Data Schema: struct<data: array<struct<author_id:string,conversation_id:string,created_at:string,id:string,in_reply_to_user_id:string,public_metrics:struct<like_count:bigint,quote_count:bigint,reply_count:bigint,retweet_count:bigint>,text:string>>>
[2021-12-02 23:10:35,396] {spark_submit_hook.py:479} INFO - 21/12/02 23:10:35 INFO BlockManagerInfo: Removed broadcast_0_piece0 on 10.0.2.15:36541 in memory (size: 27.6 KiB, free: 413.9 MiB)
[2021-12-02 23:10:35,417] {spark_submit_hook.py:479} INFO - 21/12/02 23:10:35 INFO FileOutputCommitter: File Output Committer Algorithm version is 1
[2021-12-02 23:10:35,421] {spark_submit_hook.py:479} INFO - 21/12/02 23:10:35 INFO BlockManagerInfo: Removed broadcast_1_piece0 on 10.0.2.15:36541 in memory (size: 6.3 KiB, free: 413.9 MiB)
[2021-12-02 23:10:35,421] {spark_submit_hook.py:479} INFO - 21/12/02 23:10:35 INFO FileOutputCommitter: FileOutputCommitter skip cleanup _temporary folders under output directory:false, ignore cleanup failures: false
[2021-12-02 23:10:35,424] {spark_submit_hook.py:479} INFO - 21/12/02 23:10:35 INFO SQLHadoopMapReduceCommitProtocol: Using output committer class org.apache.hadoop.mapreduce.lib.output.FileOutputCommitter
[2021-12-02 23:10:35,554] {spark_submit_hook.py:479} INFO - 21/12/02 23:10:35 INFO CodeGenerator: Code generated in 60.740034 ms
[2021-12-02 23:10:35,656] {spark_submit_hook.py:479} INFO - 21/12/02 23:10:35 INFO CodeGenerator: Code generated in 66.372469 ms
[2021-12-02 23:10:35,665] {spark_submit_hook.py:479} INFO - 21/12/02 23:10:35 INFO MemoryStore: Block broadcast_2 stored as values in memory (estimated size 174.6 KiB, free 413.8 MiB)
[2021-12-02 23:10:35,685] {spark_submit_hook.py:479} INFO - 21/12/02 23:10:35 INFO MemoryStore: Block broadcast_2_piece0 stored as bytes in memory (estimated size 27.6 KiB, free 413.7 MiB)
[2021-12-02 23:10:35,691] {spark_submit_hook.py:479} INFO - 21/12/02 23:10:35 INFO BlockManagerInfo: Added broadcast_2_piece0 in memory on 10.0.2.15:36541 (size: 27.6 KiB, free: 413.9 MiB)
[2021-12-02 23:10:35,693] {spark_submit_hook.py:479} INFO - 21/12/02 23:10:35 INFO SparkContext: Created broadcast 2 from json at NativeMethodAccessorImpl.java:0
[2021-12-02 23:10:35,695] {spark_submit_hook.py:479} INFO - 21/12/02 23:10:35 INFO FileSourceScanExec: Planning scan with bin packing, max size: 4221833 bytes, open cost is considered as scanning 4194304 bytes.
[2021-12-02 23:10:35,836] {spark_submit_hook.py:479} INFO - 21/12/02 23:10:35 INFO SparkContext: Starting job: json at NativeMethodAccessorImpl.java:0
[2021-12-02 23:10:35,838] {spark_submit_hook.py:479} INFO - 21/12/02 23:10:35 INFO DAGScheduler: Got job 1 (json at NativeMethodAccessorImpl.java:0) with 1 output partitions
[2021-12-02 23:10:35,838] {spark_submit_hook.py:479} INFO - 21/12/02 23:10:35 INFO DAGScheduler: Final stage: ResultStage 1 (json at NativeMethodAccessorImpl.java:0)
[2021-12-02 23:10:35,839] {spark_submit_hook.py:479} INFO - 21/12/02 23:10:35 INFO DAGScheduler: Parents of final stage: List()
[2021-12-02 23:10:35,839] {spark_submit_hook.py:479} INFO - 21/12/02 23:10:35 INFO DAGScheduler: Missing parents: List()
[2021-12-02 23:10:35,843] {spark_submit_hook.py:479} INFO - 21/12/02 23:10:35 INFO DAGScheduler: Submitting ResultStage 1 (CoalescedRDD[13] at json at NativeMethodAccessorImpl.java:0), which has no missing parents
[2021-12-02 23:10:35,902] {spark_submit_hook.py:479} INFO - 21/12/02 23:10:35 INFO MemoryStore: Block broadcast_3 stored as values in memory (estimated size 188.8 KiB, free 413.5 MiB)
[2021-12-02 23:10:35,907] {spark_submit_hook.py:479} INFO - 21/12/02 23:10:35 INFO MemoryStore: Block broadcast_3_piece0 stored as bytes in memory (estimated size 66.5 KiB, free 413.5 MiB)
[2021-12-02 23:10:35,908] {spark_submit_hook.py:479} INFO - 21/12/02 23:10:35 INFO BlockManagerInfo: Added broadcast_3_piece0 in memory on 10.0.2.15:36541 (size: 66.5 KiB, free: 413.8 MiB)
[2021-12-02 23:10:35,910] {spark_submit_hook.py:479} INFO - 21/12/02 23:10:35 INFO SparkContext: Created broadcast 3 from broadcast at DAGScheduler.scala:1388
[2021-12-02 23:10:35,911] {spark_submit_hook.py:479} INFO - 21/12/02 23:10:35 INFO DAGScheduler: Submitting 1 missing tasks from ResultStage 1 (CoalescedRDD[13] at json at NativeMethodAccessorImpl.java:0) (first 15 tasks are for partitions Vector(0))
[2021-12-02 23:10:35,911] {spark_submit_hook.py:479} INFO - 21/12/02 23:10:35 INFO TaskSchedulerImpl: Adding task set 1.0 with 1 tasks resource profile 0
[2021-12-02 23:10:35,914] {spark_submit_hook.py:479} INFO - 21/12/02 23:10:35 INFO TaskSetManager: Starting task 0.0 in stage 1.0 (TID 1) (10.0.2.15, executor driver, partition 0, PROCESS_LOCAL, 5177 bytes) taskResourceAssignments Map()
[2021-12-02 23:10:35,915] {spark_submit_hook.py:479} INFO - 21/12/02 23:10:35 INFO Executor: Running task 0.0 in stage 1.0 (TID 1)
[2021-12-02 23:10:36,021] {spark_submit_hook.py:479} INFO - 21/12/02 23:10:36 INFO FileOutputCommitter: File Output Committer Algorithm version is 1
[2021-12-02 23:10:36,021] {spark_submit_hook.py:479} INFO - 21/12/02 23:10:36 INFO FileOutputCommitter: FileOutputCommitter skip cleanup _temporary folders under output directory:false, ignore cleanup failures: false
[2021-12-02 23:10:36,023] {spark_submit_hook.py:479} INFO - 21/12/02 23:10:36 INFO SQLHadoopMapReduceCommitProtocol: Using output committer class org.apache.hadoop.mapreduce.lib.output.FileOutputCommitter
[2021-12-02 23:10:36,157] {spark_submit_hook.py:479} INFO - 21/12/02 23:10:36 INFO CodeGenerator: Code generated in 56.685875 ms
[2021-12-02 23:10:36,159] {spark_submit_hook.py:479} INFO - 21/12/02 23:10:36 INFO FileScanRDD: Reading File path: file:///home/kauai/kauai/datapipeline/datalake/bronze/twitter_aluraonline/extract_date=2021-12-01/AluraOnline_20211201.json, range: 0-27529, partition values: [empty row]
[2021-12-02 23:10:36,203] {spark_submit_hook.py:479} INFO - 21/12/02 23:10:36 INFO CodeGenerator: Code generated in 36.783836 ms
[2021-12-02 23:10:36,257] {spark_submit_hook.py:479} INFO - 21/12/02 23:10:36 INFO CodeGenerator: Code generated in 10.951149 ms
[2021-12-02 23:10:36,327] {spark_submit_hook.py:479} INFO - 21/12/02 23:10:36 INFO FileOutputCommitter: Saved output of task 'attempt_202112022310352292246748246270009_0001_m_000000_1' to file:/home/kauai/kauai/datapipeline/datalake/silver/twitter_aluraonline/tweet/process_date=2021-12-01/_temporary/0/task_202112022310352292246748246270009_0001_m_000000
[2021-12-02 23:10:36,328] {spark_submit_hook.py:479} INFO - 21/12/02 23:10:36 INFO SparkHadoopMapRedUtil: attempt_202112022310352292246748246270009_0001_m_000000_1: Committed
[2021-12-02 23:10:36,338] {spark_submit_hook.py:479} INFO - 21/12/02 23:10:36 INFO Executor: Finished task 0.0 in stage 1.0 (TID 1). 2944 bytes result sent to driver
[2021-12-02 23:10:36,346] {spark_submit_hook.py:479} INFO - 21/12/02 23:10:36 INFO TaskSetManager: Finished task 0.0 in stage 1.0 (TID 1) in 433 ms on 10.0.2.15 (executor driver) (1/1)
[2021-12-02 23:10:36,350] {spark_submit_hook.py:479} INFO - 21/12/02 23:10:36 INFO DAGScheduler: ResultStage 1 (json at NativeMethodAccessorImpl.java:0) finished in 0,503 s
[2021-12-02 23:10:36,350] {spark_submit_hook.py:479} INFO - 21/12/02 23:10:36 INFO DAGScheduler: Job 1 is finished. Cancelling potential speculative or zombie tasks for this job
[2021-12-02 23:10:36,353] {spark_submit_hook.py:479} INFO - 21/12/02 23:10:36 INFO TaskSchedulerImpl: Removed TaskSet 1.0, whose tasks have all completed, from pool
[2021-12-02 23:10:36,354] {spark_submit_hook.py:479} INFO - 21/12/02 23:10:36 INFO TaskSchedulerImpl: Killing all running tasks in stage 1: Stage finished
[2021-12-02 23:10:36,354] {spark_submit_hook.py:479} INFO - 21/12/02 23:10:36 INFO DAGScheduler: Job 1 finished: json at NativeMethodAccessorImpl.java:0, took 0,516882 s
[2021-12-02 23:10:36,375] {spark_submit_hook.py:479} INFO - 21/12/02 23:10:36 INFO FileFormatWriter: Write Job 420d91c7-88fa-4909-be14-61ef6a00966a committed.
[2021-12-02 23:10:36,379] {spark_submit_hook.py:479} INFO - 21/12/02 23:10:36 INFO FileFormatWriter: Finished processing stats for write job 420d91c7-88fa-4909-be14-61ef6a00966a.
[2021-12-02 23:10:36,483] {spark_submit_hook.py:479} INFO - 21/12/02 23:10:36 INFO FileSourceStrategy: Pushed Filters: IsNotNull(includes)
[2021-12-02 23:10:36,484] {spark_submit_hook.py:479} INFO - 21/12/02 23:10:36 INFO FileSourceStrategy: Post-Scan Filters: isnotnull(includes#8),(size(includes#8.users, true) > 0),isnotnull(includes#8.users)
[2021-12-02 23:10:36,484] {spark_submit_hook.py:479} INFO - 21/12/02 23:10:36 INFO FileSourceStrategy: Output Data Schema: struct<includes: struct<users: array<struct<created_at:string,id:string,name:string,username:string>>>>
[2021-12-02 23:10:36,512] {spark_submit_hook.py:479} INFO - 21/12/02 23:10:36 INFO FileOutputCommitter: File Output Committer Algorithm version is 1
[2021-12-02 23:10:36,514] {spark_submit_hook.py:479} INFO - 21/12/02 23:10:36 INFO FileOutputCommitter: FileOutputCommitter skip cleanup _temporary folders under output directory:false, ignore cleanup failures: false
[2021-12-02 23:10:36,515] {spark_submit_hook.py:479} INFO - 21/12/02 23:10:36 INFO SQLHadoopMapReduceCommitProtocol: Using output committer class org.apache.hadoop.mapreduce.lib.output.FileOutputCommitter
[2021-12-02 23:10:36,590] {spark_submit_hook.py:479} INFO - 21/12/02 23:10:36 INFO CodeGenerator: Code generated in 44.86176 ms
[2021-12-02 23:10:36,628] {spark_submit_hook.py:479} INFO - 21/12/02 23:10:36 INFO CodeGenerator: Code generated in 34.817949 ms
[2021-12-02 23:10:36,633] {spark_submit_hook.py:479} INFO - 21/12/02 23:10:36 INFO MemoryStore: Block broadcast_4 stored as values in memory (estimated size 174.6 KiB, free 413.3 MiB)
[2021-12-02 23:10:36,656] {spark_submit_hook.py:479} INFO - 21/12/02 23:10:36 INFO MemoryStore: Block broadcast_4_piece0 stored as bytes in memory (estimated size 27.6 KiB, free 413.3 MiB)
[2021-12-02 23:10:36,658] {spark_submit_hook.py:479} INFO - 21/12/02 23:10:36 INFO BlockManagerInfo: Added broadcast_4_piece0 in memory on 10.0.2.15:36541 (size: 27.6 KiB, free: 413.8 MiB)
[2021-12-02 23:10:36,659] {spark_submit_hook.py:479} INFO - 21/12/02 23:10:36 INFO SparkContext: Created broadcast 4 from json at NativeMethodAccessorImpl.java:0
[2021-12-02 23:10:36,660] {spark_submit_hook.py:479} INFO - 21/12/02 23:10:36 INFO FileSourceScanExec: Planning scan with bin packing, max size: 4221833 bytes, open cost is considered as scanning 4194304 bytes.
[2021-12-02 23:10:36,718] {spark_submit_hook.py:479} INFO - 21/12/02 23:10:36 INFO SparkContext: Starting job: json at NativeMethodAccessorImpl.java:0
[2021-12-02 23:10:36,723] {spark_submit_hook.py:479} INFO - 21/12/02 23:10:36 INFO DAGScheduler: Got job 2 (json at NativeMethodAccessorImpl.java:0) with 1 output partitions
[2021-12-02 23:10:36,723] {spark_submit_hook.py:479} INFO - 21/12/02 23:10:36 INFO DAGScheduler: Final stage: ResultStage 2 (json at NativeMethodAccessorImpl.java:0)
[2021-12-02 23:10:36,723] {spark_submit_hook.py:479} INFO - 21/12/02 23:10:36 INFO DAGScheduler: Parents of final stage: List()
[2021-12-02 23:10:36,723] {spark_submit_hook.py:479} INFO - 21/12/02 23:10:36 INFO DAGScheduler: Missing parents: List()
[2021-12-02 23:10:36,724] {spark_submit_hook.py:479} INFO - 21/12/02 23:10:36 INFO DAGScheduler: Submitting ResultStage 2 (CoalescedRDD[25] at json at NativeMethodAccessorImpl.java:0), which has no missing parents
[2021-12-02 23:10:36,750] {spark_submit_hook.py:479} INFO - 21/12/02 23:10:36 INFO MemoryStore: Block broadcast_5 stored as values in memory (estimated size 185.1 KiB, free 413.1 MiB)
[2021-12-02 23:10:36,753] {spark_submit_hook.py:479} INFO - 21/12/02 23:10:36 INFO MemoryStore: Block broadcast_5_piece0 stored as bytes in memory (estimated size 66.2 KiB, free 413.0 MiB)
[2021-12-02 23:10:36,754] {spark_submit_hook.py:479} INFO - 21/12/02 23:10:36 INFO BlockManagerInfo: Added broadcast_5_piece0 in memory on 10.0.2.15:36541 (size: 66.2 KiB, free: 413.7 MiB)
[2021-12-02 23:10:36,755] {spark_submit_hook.py:479} INFO - 21/12/02 23:10:36 INFO SparkContext: Created broadcast 5 from broadcast at DAGScheduler.scala:1388
[2021-12-02 23:10:36,755] {spark_submit_hook.py:479} INFO - 21/12/02 23:10:36 INFO DAGScheduler: Submitting 1 missing tasks from ResultStage 2 (CoalescedRDD[25] at json at NativeMethodAccessorImpl.java:0) (first 15 tasks are for partitions Vector(0))
[2021-12-02 23:10:36,755] {spark_submit_hook.py:479} INFO - 21/12/02 23:10:36 INFO TaskSchedulerImpl: Adding task set 2.0 with 1 tasks resource profile 0
[2021-12-02 23:10:36,757] {spark_submit_hook.py:479} INFO - 21/12/02 23:10:36 INFO TaskSetManager: Starting task 0.0 in stage 2.0 (TID 2) (10.0.2.15, executor driver, partition 0, PROCESS_LOCAL, 5177 bytes) taskResourceAssignments Map()
[2021-12-02 23:10:36,757] {spark_submit_hook.py:479} INFO - 21/12/02 23:10:36 INFO Executor: Running task 0.0 in stage 2.0 (TID 2)
[2021-12-02 23:10:36,786] {spark_submit_hook.py:479} INFO - 21/12/02 23:10:36 INFO FileOutputCommitter: File Output Committer Algorithm version is 1
[2021-12-02 23:10:36,786] {spark_submit_hook.py:479} INFO - 21/12/02 23:10:36 INFO FileOutputCommitter: FileOutputCommitter skip cleanup _temporary folders under output directory:false, ignore cleanup failures: false
[2021-12-02 23:10:36,787] {spark_submit_hook.py:479} INFO - 21/12/02 23:10:36 INFO SQLHadoopMapReduceCommitProtocol: Using output committer class org.apache.hadoop.mapreduce.lib.output.FileOutputCommitter
[2021-12-02 23:10:36,843] {spark_submit_hook.py:479} INFO - 21/12/02 23:10:36 INFO CodeGenerator: Code generated in 17.962073 ms
[2021-12-02 23:10:36,851] {spark_submit_hook.py:479} INFO - 21/12/02 23:10:36 INFO FileScanRDD: Reading File path: file:///home/kauai/kauai/datapipeline/datalake/bronze/twitter_aluraonline/extract_date=2021-12-01/AluraOnline_20211201.json, range: 0-27529, partition values: [empty row]
[2021-12-02 23:10:36,880] {spark_submit_hook.py:479} INFO - 21/12/02 23:10:36 INFO CodeGenerator: Code generated in 25.443855 ms
[2021-12-02 23:10:36,895] {spark_submit_hook.py:479} INFO - 21/12/02 23:10:36 INFO CodeGenerator: Code generated in 8.321265 ms
[2021-12-02 23:10:36,915] {spark_submit_hook.py:479} INFO - 21/12/02 23:10:36 INFO FileOutputCommitter: Saved output of task 'attempt_202112022310361249966852830649505_0002_m_000000_2' to file:/home/kauai/kauai/datapipeline/datalake/silver/twitter_aluraonline/user/process_date=2021-12-01/_temporary/0/task_202112022310361249966852830649505_0002_m_000000
[2021-12-02 23:10:36,916] {spark_submit_hook.py:479} INFO - 21/12/02 23:10:36 INFO SparkHadoopMapRedUtil: attempt_202112022310361249966852830649505_0002_m_000000_2: Committed
[2021-12-02 23:10:36,919] {spark_submit_hook.py:479} INFO - 21/12/02 23:10:36 INFO Executor: Finished task 0.0 in stage 2.0 (TID 2). 2901 bytes result sent to driver
[2021-12-02 23:10:36,924] {spark_submit_hook.py:479} INFO - 21/12/02 23:10:36 INFO TaskSetManager: Finished task 0.0 in stage 2.0 (TID 2) in 168 ms on 10.0.2.15 (executor driver) (1/1)
[2021-12-02 23:10:36,926] {spark_submit_hook.py:479} INFO - 21/12/02 23:10:36 INFO DAGScheduler: ResultStage 2 (json at NativeMethodAccessorImpl.java:0) finished in 0,201 s
[2021-12-02 23:10:36,926] {spark_submit_hook.py:479} INFO - 21/12/02 23:10:36 INFO DAGScheduler: Job 2 is finished. Cancelling potential speculative or zombie tasks for this job
[2021-12-02 23:10:36,927] {spark_submit_hook.py:479} INFO - 21/12/02 23:10:36 INFO TaskSchedulerImpl: Removed TaskSet 2.0, whose tasks have all completed, from pool
[2021-12-02 23:10:36,930] {spark_submit_hook.py:479} INFO - 21/12/02 23:10:36 INFO TaskSchedulerImpl: Killing all running tasks in stage 2: Stage finished
[2021-12-02 23:10:36,930] {spark_submit_hook.py:479} INFO - 21/12/02 23:10:36 INFO DAGScheduler: Job 2 finished: json at NativeMethodAccessorImpl.java:0, took 0,205865 s
[2021-12-02 23:10:36,951] {spark_submit_hook.py:479} INFO - 21/12/02 23:10:36 INFO FileFormatWriter: Write Job 246402d9-8d0b-4871-a90b-ce242a87daaa committed.
[2021-12-02 23:10:36,951] {spark_submit_hook.py:479} INFO - 21/12/02 23:10:36 INFO FileFormatWriter: Finished processing stats for write job 246402d9-8d0b-4871-a90b-ce242a87daaa.
[2021-12-02 23:10:37,012] {spark_submit_hook.py:479} INFO - 21/12/02 23:10:37 INFO SparkUI: Stopped Spark web UI at http://10.0.2.15:4041
[2021-12-02 23:10:37,031] {spark_submit_hook.py:479} INFO - 21/12/02 23:10:37 INFO MapOutputTrackerMasterEndpoint: MapOutputTrackerMasterEndpoint stopped!
[2021-12-02 23:10:37,045] {spark_submit_hook.py:479} INFO - 21/12/02 23:10:37 INFO MemoryStore: MemoryStore cleared
[2021-12-02 23:10:37,045] {spark_submit_hook.py:479} INFO - 21/12/02 23:10:37 INFO BlockManager: BlockManager stopped
[2021-12-02 23:10:37,047] {spark_submit_hook.py:479} INFO - 21/12/02 23:10:37 INFO BlockManagerMaster: BlockManagerMaster stopped
[2021-12-02 23:10:37,049] {spark_submit_hook.py:479} INFO - 21/12/02 23:10:37 INFO OutputCommitCoordinator$OutputCommitCoordinatorEndpoint: OutputCommitCoordinator stopped!
[2021-12-02 23:10:37,062] {spark_submit_hook.py:479} INFO - 21/12/02 23:10:37 INFO SparkContext: Successfully stopped SparkContext
[2021-12-02 23:10:37,077] {spark_submit_hook.py:479} INFO - 21/12/02 23:10:37 INFO ShutdownHookManager: Shutdown hook called
[2021-12-02 23:10:37,078] {spark_submit_hook.py:479} INFO - 21/12/02 23:10:37 INFO ShutdownHookManager: Deleting directory /tmp/spark-86e37518-b4fe-42eb-99a7-3885a8dc9dfc/pyspark-956fe69f-8b0c-45ef-922c-6548e42dd164
[2021-12-02 23:10:37,083] {spark_submit_hook.py:479} INFO - 21/12/02 23:10:37 INFO ShutdownHookManager: Deleting directory /tmp/spark-023202ac-4970-41c2-87ca-d5809507b878
[2021-12-02 23:10:37,088] {spark_submit_hook.py:479} INFO - 21/12/02 23:10:37 INFO ShutdownHookManager: Deleting directory /tmp/spark-86e37518-b4fe-42eb-99a7-3885a8dc9dfc
[2021-12-02 23:10:37,126] {taskinstance.py:1057} INFO - Marking task as SUCCESS.dag_id=twitter_dag, task_id=transform_twitter_aluraonline, execution_date=20211201T090000, start_date=20211203T021022, end_date=20211203T021037
[2021-12-02 23:10:37,273] {local_task_job.py:102} INFO - Task exited with return code 0
