[2021-12-02 23:32:37,660] {taskinstance.py:670} INFO - Dependencies all met for <TaskInstance: twitter_dag.transform_twitter_aluraonline 2021-12-01T09:00:00+00:00 [queued]>
[2021-12-02 23:32:37,667] {taskinstance.py:670} INFO - Dependencies all met for <TaskInstance: twitter_dag.transform_twitter_aluraonline 2021-12-01T09:00:00+00:00 [queued]>
[2021-12-02 23:32:37,667] {taskinstance.py:880} INFO - 
--------------------------------------------------------------------------------
[2021-12-02 23:32:37,667] {taskinstance.py:881} INFO - Starting attempt 7 of 7
[2021-12-02 23:32:37,667] {taskinstance.py:882} INFO - 
--------------------------------------------------------------------------------
[2021-12-02 23:32:37,674] {taskinstance.py:901} INFO - Executing <Task(SparkSubmitOperator): transform_twitter_aluraonline> on 2021-12-01T09:00:00+00:00
[2021-12-02 23:32:37,675] {standard_task_runner.py:54} INFO - Started process 15175 to run task
[2021-12-02 23:32:37,725] {standard_task_runner.py:77} INFO - Running: ['airflow', 'run', 'twitter_dag', 'transform_twitter_aluraonline', '2021-12-01T09:00:00+00:00', '--job_id', '68', '--pool', 'default_pool', '--raw', '-sd', 'DAGS_FOLDER/twitter_dag.py', '--cfg_path', '/tmp/tmpzsv1jbmm']
[2021-12-02 23:32:37,726] {standard_task_runner.py:78} INFO - Job 68: Subtask transform_twitter_aluraonline
[2021-12-02 23:32:37,742] {logging_mixin.py:112} INFO - Running <TaskInstance: twitter_dag.transform_twitter_aluraonline 2021-12-01T09:00:00+00:00 [running]> on host kauai-VirtualBox
[2021-12-02 23:32:37,775] {base_hook.py:89} INFO - Using connection to: id: spark_default. Host: local, Port: None, Schema: None, Login: None, Password: None, extra: XXXXXXXX
[2021-12-02 23:32:37,776] {spark_submit_hook.py:325} INFO - Spark-Submit cmd: /home/kauai/spark-3.1.2-bin-hadoop3.2/bin/spark-submit --master local --name twitter_transformation /home/kauai/datapipeline/spark/transformation.py --src /home/kauai/datapipeline/datalake/bronze/twitter_aluraonline/extract_date=2021-12-01 --dest /home/kauai/datapipeline/datalake/silver/twitter_aluraonline/ --process-date 2021-12-01
[2021-12-02 23:32:39,181] {spark_submit_hook.py:479} INFO - 21/12/02 23:32:39 WARN Utils: Your hostname, kauai-VirtualBox resolves to a loopback address: 127.0.1.1; using 10.0.2.15 instead (on interface enp0s3)
[2021-12-02 23:32:39,183] {spark_submit_hook.py:479} INFO - 21/12/02 23:32:39 WARN Utils: Set SPARK_LOCAL_IP if you need to bind to another address
[2021-12-02 23:32:39,193] {spark_submit_hook.py:479} INFO - WARNING: An illegal reflective access operation has occurred
[2021-12-02 23:32:39,193] {spark_submit_hook.py:479} INFO - WARNING: Illegal reflective access by org.apache.spark.unsafe.Platform (file:/opt/spark/jars/spark-unsafe_2.12-3.1.2.jar) to constructor java.nio.DirectByteBuffer(long,int)
[2021-12-02 23:32:39,193] {spark_submit_hook.py:479} INFO - WARNING: Please consider reporting this to the maintainers of org.apache.spark.unsafe.Platform
[2021-12-02 23:32:39,193] {spark_submit_hook.py:479} INFO - WARNING: Use --illegal-access=warn to enable warnings of further illegal reflective access operations
[2021-12-02 23:32:39,193] {spark_submit_hook.py:479} INFO - WARNING: All illegal access operations will be denied in a future release
[2021-12-02 23:32:40,062] {spark_submit_hook.py:479} INFO - 21/12/02 23:32:40 WARN NativeCodeLoader: Unable to load native-hadoop library for your platform... using builtin-java classes where applicable
[2021-12-02 23:32:41,417] {spark_submit_hook.py:479} INFO - Using Spark's default log4j profile: org/apache/spark/log4j-defaults.properties
[2021-12-02 23:32:41,438] {spark_submit_hook.py:479} INFO - 21/12/02 23:32:41 INFO SparkContext: Running Spark version 3.1.2
[2021-12-02 23:32:41,578] {spark_submit_hook.py:479} INFO - 21/12/02 23:32:41 INFO ResourceUtils: ==============================================================
[2021-12-02 23:32:41,578] {spark_submit_hook.py:479} INFO - 21/12/02 23:32:41 INFO ResourceUtils: No custom resources configured for spark.driver.
[2021-12-02 23:32:41,582] {spark_submit_hook.py:479} INFO - 21/12/02 23:32:41 INFO ResourceUtils: ==============================================================
[2021-12-02 23:32:41,585] {spark_submit_hook.py:479} INFO - 21/12/02 23:32:41 INFO SparkContext: Submitted application: twitter_transformation
[2021-12-02 23:32:41,652] {spark_submit_hook.py:479} INFO - 21/12/02 23:32:41 INFO ResourceProfile: Default ResourceProfile created, executor resources: Map(cores -> name: cores, amount: 1, script: , vendor: , memory -> name: memory, amount: 1024, script: , vendor: , offHeap -> name: offHeap, amount: 0, script: , vendor: ), task resources: Map(cpus -> name: cpus, amount: 1.0)
[2021-12-02 23:32:41,678] {spark_submit_hook.py:479} INFO - 21/12/02 23:32:41 INFO ResourceProfile: Limiting resource is cpu
[2021-12-02 23:32:41,679] {spark_submit_hook.py:479} INFO - 21/12/02 23:32:41 INFO ResourceProfileManager: Added ResourceProfile id: 0
[2021-12-02 23:32:41,856] {spark_submit_hook.py:479} INFO - 21/12/02 23:32:41 INFO SecurityManager: Changing view acls to: kauai
[2021-12-02 23:32:41,861] {spark_submit_hook.py:479} INFO - 21/12/02 23:32:41 INFO SecurityManager: Changing modify acls to: kauai
[2021-12-02 23:32:41,862] {spark_submit_hook.py:479} INFO - 21/12/02 23:32:41 INFO SecurityManager: Changing view acls groups to:
[2021-12-02 23:32:41,863] {spark_submit_hook.py:479} INFO - 21/12/02 23:32:41 INFO SecurityManager: Changing modify acls groups to:
[2021-12-02 23:32:41,865] {spark_submit_hook.py:479} INFO - 21/12/02 23:32:41 INFO SecurityManager: SecurityManager: authentication disabled; ui acls disabled; users  with view permissions: Set(kauai); groups with view permissions: Set(); users  with modify permissions: Set(kauai); groups with modify permissions: Set()
[2021-12-02 23:32:42,527] {spark_submit_hook.py:479} INFO - 21/12/02 23:32:42 INFO Utils: Successfully started service 'sparkDriver' on port 45999.
[2021-12-02 23:32:42,578] {spark_submit_hook.py:479} INFO - 21/12/02 23:32:42 INFO SparkEnv: Registering MapOutputTracker
[2021-12-02 23:32:42,625] {spark_submit_hook.py:479} INFO - 21/12/02 23:32:42 INFO SparkEnv: Registering BlockManagerMaster
[2021-12-02 23:32:42,651] {spark_submit_hook.py:479} INFO - 21/12/02 23:32:42 INFO BlockManagerMasterEndpoint: Using org.apache.spark.storage.DefaultTopologyMapper for getting topology information
[2021-12-02 23:32:42,652] {spark_submit_hook.py:479} INFO - 21/12/02 23:32:42 INFO BlockManagerMasterEndpoint: BlockManagerMasterEndpoint up
[2021-12-02 23:32:42,656] {spark_submit_hook.py:479} INFO - 21/12/02 23:32:42 INFO SparkEnv: Registering BlockManagerMasterHeartbeat
[2021-12-02 23:32:42,669] {spark_submit_hook.py:479} INFO - 21/12/02 23:32:42 INFO DiskBlockManager: Created local directory at /tmp/blockmgr-890eddc5-f3de-4e72-85e6-8ddeb6916b61
[2021-12-02 23:32:42,687] {spark_submit_hook.py:479} INFO - 21/12/02 23:32:42 INFO MemoryStore: MemoryStore started with capacity 413.9 MiB
[2021-12-02 23:32:42,707] {spark_submit_hook.py:479} INFO - 21/12/02 23:32:42 INFO SparkEnv: Registering OutputCommitCoordinator
[2021-12-02 23:32:43,145] {spark_submit_hook.py:479} INFO - 21/12/02 23:32:43 WARN Utils: Service 'SparkUI' could not bind on port 4040. Attempting port 4041.
[2021-12-02 23:32:43,183] {spark_submit_hook.py:479} INFO - 21/12/02 23:32:43 INFO Utils: Successfully started service 'SparkUI' on port 4041.
[2021-12-02 23:32:43,416] {spark_submit_hook.py:479} INFO - 21/12/02 23:32:43 INFO SparkUI: Bound SparkUI to 0.0.0.0, and started at http://10.0.2.15:4041
[2021-12-02 23:32:43,973] {spark_submit_hook.py:479} INFO - 21/12/02 23:32:43 INFO Executor: Starting executor ID driver on host 10.0.2.15
[2021-12-02 23:32:44,028] {spark_submit_hook.py:479} INFO - 21/12/02 23:32:44 INFO Utils: Successfully started service 'org.apache.spark.network.netty.NettyBlockTransferService' on port 39035.
[2021-12-02 23:32:44,028] {spark_submit_hook.py:479} INFO - 21/12/02 23:32:44 INFO NettyBlockTransferService: Server created on 10.0.2.15:39035
[2021-12-02 23:32:44,029] {spark_submit_hook.py:479} INFO - 21/12/02 23:32:44 INFO BlockManager: Using org.apache.spark.storage.RandomBlockReplicationPolicy for block replication policy
[2021-12-02 23:32:44,044] {spark_submit_hook.py:479} INFO - 21/12/02 23:32:44 INFO BlockManagerMaster: Registering BlockManager BlockManagerId(driver, 10.0.2.15, 39035, None)
[2021-12-02 23:32:44,058] {spark_submit_hook.py:479} INFO - 21/12/02 23:32:44 INFO BlockManagerMasterEndpoint: Registering block manager 10.0.2.15:39035 with 413.9 MiB RAM, BlockManagerId(driver, 10.0.2.15, 39035, None)
[2021-12-02 23:32:44,067] {spark_submit_hook.py:479} INFO - 21/12/02 23:32:44 INFO BlockManagerMaster: Registered BlockManager BlockManagerId(driver, 10.0.2.15, 39035, None)
[2021-12-02 23:32:44,071] {spark_submit_hook.py:479} INFO - 21/12/02 23:32:44 INFO BlockManager: Initialized BlockManager: BlockManagerId(driver, 10.0.2.15, 39035, None)
[2021-12-02 23:32:44,835] {spark_submit_hook.py:479} INFO - 21/12/02 23:32:44 INFO SharedState: Setting hive.metastore.warehouse.dir ('null') to the value of spark.sql.warehouse.dir ('file:/home/kauai/datapipeline/spark-warehouse').
[2021-12-02 23:32:44,835] {spark_submit_hook.py:479} INFO - 21/12/02 23:32:44 INFO SharedState: Warehouse path is 'file:/home/kauai/datapipeline/spark-warehouse'.
[2021-12-02 23:32:45,787] {spark_submit_hook.py:479} INFO - 21/12/02 23:32:45 INFO InMemoryFileIndex: It took 90 ms to list leaf files for 1 paths.
[2021-12-02 23:32:45,891] {spark_submit_hook.py:479} INFO - 21/12/02 23:32:45 INFO InMemoryFileIndex: It took 7 ms to list leaf files for 1 paths.
[2021-12-02 23:32:48,112] {spark_submit_hook.py:479} INFO - 21/12/02 23:32:48 INFO FileSourceStrategy: Pushed Filters:
[2021-12-02 23:32:48,119] {spark_submit_hook.py:479} INFO - 21/12/02 23:32:48 INFO FileSourceStrategy: Post-Scan Filters:
[2021-12-02 23:32:48,129] {spark_submit_hook.py:479} INFO - 21/12/02 23:32:48 INFO FileSourceStrategy: Output Data Schema: struct<value: string>
[2021-12-02 23:32:48,476] {spark_submit_hook.py:479} INFO - 21/12/02 23:32:48 INFO MemoryStore: Block broadcast_0 stored as values in memory (estimated size 174.7 KiB, free 413.8 MiB)
[2021-12-02 23:32:48,557] {spark_submit_hook.py:479} INFO - 21/12/02 23:32:48 INFO MemoryStore: Block broadcast_0_piece0 stored as bytes in memory (estimated size 27.6 KiB, free 413.7 MiB)
[2021-12-02 23:32:48,559] {spark_submit_hook.py:479} INFO - 21/12/02 23:32:48 INFO BlockManagerInfo: Added broadcast_0_piece0 in memory on 10.0.2.15:39035 (size: 27.6 KiB, free: 413.9 MiB)
[2021-12-02 23:32:48,564] {spark_submit_hook.py:479} INFO - 21/12/02 23:32:48 INFO SparkContext: Created broadcast 0 from json at NativeMethodAccessorImpl.java:0
[2021-12-02 23:32:48,579] {spark_submit_hook.py:479} INFO - 21/12/02 23:32:48 INFO FileSourceScanExec: Planning scan with bin packing, max size: 4221833 bytes, open cost is considered as scanning 4194304 bytes.
[2021-12-02 23:32:48,799] {spark_submit_hook.py:479} INFO - 21/12/02 23:32:48 INFO SparkContext: Starting job: json at NativeMethodAccessorImpl.java:0
[2021-12-02 23:32:48,815] {spark_submit_hook.py:479} INFO - 21/12/02 23:32:48 INFO DAGScheduler: Got job 0 (json at NativeMethodAccessorImpl.java:0) with 1 output partitions
[2021-12-02 23:32:48,818] {spark_submit_hook.py:479} INFO - 21/12/02 23:32:48 INFO DAGScheduler: Final stage: ResultStage 0 (json at NativeMethodAccessorImpl.java:0)
[2021-12-02 23:32:48,819] {spark_submit_hook.py:479} INFO - 21/12/02 23:32:48 INFO DAGScheduler: Parents of final stage: List()
[2021-12-02 23:32:48,821] {spark_submit_hook.py:479} INFO - 21/12/02 23:32:48 INFO DAGScheduler: Missing parents: List()
[2021-12-02 23:32:48,835] {spark_submit_hook.py:479} INFO - 21/12/02 23:32:48 INFO DAGScheduler: Submitting ResultStage 0 (MapPartitionsRDD[3] at json at NativeMethodAccessorImpl.java:0), which has no missing parents
[2021-12-02 23:32:48,982] {spark_submit_hook.py:479} INFO - 21/12/02 23:32:48 INFO MemoryStore: Block broadcast_1 stored as values in memory (estimated size 12.0 KiB, free 413.7 MiB)
[2021-12-02 23:32:48,985] {spark_submit_hook.py:479} INFO - 21/12/02 23:32:48 INFO MemoryStore: Block broadcast_1_piece0 stored as bytes in memory (estimated size 6.3 KiB, free 413.7 MiB)
[2021-12-02 23:32:48,987] {spark_submit_hook.py:479} INFO - 21/12/02 23:32:48 INFO BlockManagerInfo: Added broadcast_1_piece0 in memory on 10.0.2.15:39035 (size: 6.3 KiB, free: 413.9 MiB)
[2021-12-02 23:32:48,989] {spark_submit_hook.py:479} INFO - 21/12/02 23:32:48 INFO SparkContext: Created broadcast 1 from broadcast at DAGScheduler.scala:1388
[2021-12-02 23:32:49,007] {spark_submit_hook.py:479} INFO - 21/12/02 23:32:49 INFO DAGScheduler: Submitting 1 missing tasks from ResultStage 0 (MapPartitionsRDD[3] at json at NativeMethodAccessorImpl.java:0) (first 15 tasks are for partitions Vector(0))
[2021-12-02 23:32:49,014] {spark_submit_hook.py:479} INFO - 21/12/02 23:32:49 INFO TaskSchedulerImpl: Adding task set 0.0 with 1 tasks resource profile 0
[2021-12-02 23:32:49,063] {spark_submit_hook.py:479} INFO - 21/12/02 23:32:49 INFO TaskSetManager: Starting task 0.0 in stage 0.0 (TID 0) (10.0.2.15, executor driver, partition 0, PROCESS_LOCAL, 4942 bytes) taskResourceAssignments Map()
[2021-12-02 23:32:49,081] {spark_submit_hook.py:479} INFO - 21/12/02 23:32:49 INFO Executor: Running task 0.0 in stage 0.0 (TID 0)
[2021-12-02 23:32:49,275] {spark_submit_hook.py:479} INFO - 21/12/02 23:32:49 INFO FileScanRDD: Reading File path: file:///home/kauai/datapipeline/datalake/bronze/twitter_aluraonline/extract_date=2021-12-01/AluraOnline_20211201.json, range: 0-27529, partition values: [empty row]
[2021-12-02 23:32:49,685] {spark_submit_hook.py:479} INFO - 21/12/02 23:32:49 INFO CodeGenerator: Code generated in 247.940736 ms
[2021-12-02 23:32:49,798] {spark_submit_hook.py:479} INFO - 21/12/02 23:32:49 INFO Executor: Finished task 0.0 in stage 0.0 (TID 0). 2858 bytes result sent to driver
[2021-12-02 23:32:49,818] {spark_submit_hook.py:479} INFO - 21/12/02 23:32:49 INFO TaskSetManager: Finished task 0.0 in stage 0.0 (TID 0) in 757 ms on 10.0.2.15 (executor driver) (1/1)
[2021-12-02 23:32:49,834] {spark_submit_hook.py:479} INFO - 21/12/02 23:32:49 INFO DAGScheduler: ResultStage 0 (json at NativeMethodAccessorImpl.java:0) finished in 0,962 s
[2021-12-02 23:32:49,838] {spark_submit_hook.py:479} INFO - 21/12/02 23:32:49 INFO DAGScheduler: Job 0 is finished. Cancelling potential speculative or zombie tasks for this job
[2021-12-02 23:32:49,844] {spark_submit_hook.py:479} INFO - 21/12/02 23:32:49 INFO TaskSchedulerImpl: Removed TaskSet 0.0, whose tasks have all completed, from pool
[2021-12-02 23:32:49,844] {spark_submit_hook.py:479} INFO - 21/12/02 23:32:49 INFO TaskSchedulerImpl: Killing all running tasks in stage 0: Stage finished
[2021-12-02 23:32:49,850] {spark_submit_hook.py:479} INFO - 21/12/02 23:32:49 INFO DAGScheduler: Job 0 finished: json at NativeMethodAccessorImpl.java:0, took 1,048268 s
[2021-12-02 23:32:50,388] {spark_submit_hook.py:479} INFO - 21/12/02 23:32:50 INFO FileSourceStrategy: Pushed Filters: IsNotNull(data)
[2021-12-02 23:32:50,394] {spark_submit_hook.py:479} INFO - 21/12/02 23:32:50 INFO FileSourceStrategy: Post-Scan Filters: (size(data#7, true) > 0),isnotnull(data#7)
[2021-12-02 23:32:50,395] {spark_submit_hook.py:479} INFO - 21/12/02 23:32:50 INFO FileSourceStrategy: Output Data Schema: struct<data: array<struct<author_id:string,conversation_id:string,created_at:string,id:string,in_reply_to_user_id:string,public_metrics:struct<like_count:bigint,quote_count:bigint,reply_count:bigint,retweet_count:bigint>,text:string>>>
[2021-12-02 23:32:50,542] {spark_submit_hook.py:479} INFO - 21/12/02 23:32:50 INFO BlockManagerInfo: Removed broadcast_1_piece0 on 10.0.2.15:39035 in memory (size: 6.3 KiB, free: 413.9 MiB)
[2021-12-02 23:32:50,555] {spark_submit_hook.py:479} INFO - 21/12/02 23:32:50 INFO BlockManagerInfo: Removed broadcast_0_piece0 on 10.0.2.15:39035 in memory (size: 27.6 KiB, free: 413.9 MiB)
[2021-12-02 23:32:50,573] {spark_submit_hook.py:479} INFO - 21/12/02 23:32:50 INFO FileOutputCommitter: File Output Committer Algorithm version is 1
[2021-12-02 23:32:50,574] {spark_submit_hook.py:479} INFO - 21/12/02 23:32:50 INFO FileOutputCommitter: FileOutputCommitter skip cleanup _temporary folders under output directory:false, ignore cleanup failures: false
[2021-12-02 23:32:50,582] {spark_submit_hook.py:479} INFO - 21/12/02 23:32:50 INFO SQLHadoopMapReduceCommitProtocol: Using output committer class org.apache.hadoop.mapreduce.lib.output.FileOutputCommitter
[2021-12-02 23:32:50,734] {spark_submit_hook.py:479} INFO - 21/12/02 23:32:50 INFO CodeGenerator: Code generated in 71.101741 ms
[2021-12-02 23:32:50,828] {spark_submit_hook.py:479} INFO - 21/12/02 23:32:50 INFO CodeGenerator: Code generated in 51.435269 ms
[2021-12-02 23:32:50,841] {spark_submit_hook.py:479} INFO - 21/12/02 23:32:50 INFO MemoryStore: Block broadcast_2 stored as values in memory (estimated size 174.6 KiB, free 413.8 MiB)
[2021-12-02 23:32:50,862] {spark_submit_hook.py:479} INFO - 21/12/02 23:32:50 INFO MemoryStore: Block broadcast_2_piece0 stored as bytes in memory (estimated size 27.6 KiB, free 413.7 MiB)
[2021-12-02 23:32:50,863] {spark_submit_hook.py:479} INFO - 21/12/02 23:32:50 INFO BlockManagerInfo: Added broadcast_2_piece0 in memory on 10.0.2.15:39035 (size: 27.6 KiB, free: 413.9 MiB)
[2021-12-02 23:32:50,868] {spark_submit_hook.py:479} INFO - 21/12/02 23:32:50 INFO SparkContext: Created broadcast 2 from json at NativeMethodAccessorImpl.java:0
[2021-12-02 23:32:50,870] {spark_submit_hook.py:479} INFO - 21/12/02 23:32:50 INFO FileSourceScanExec: Planning scan with bin packing, max size: 4221833 bytes, open cost is considered as scanning 4194304 bytes.
[2021-12-02 23:32:51,017] {spark_submit_hook.py:479} INFO - 21/12/02 23:32:51 INFO SparkContext: Starting job: json at NativeMethodAccessorImpl.java:0
[2021-12-02 23:32:51,020] {spark_submit_hook.py:479} INFO - 21/12/02 23:32:51 INFO DAGScheduler: Got job 1 (json at NativeMethodAccessorImpl.java:0) with 1 output partitions
[2021-12-02 23:32:51,020] {spark_submit_hook.py:479} INFO - 21/12/02 23:32:51 INFO DAGScheduler: Final stage: ResultStage 1 (json at NativeMethodAccessorImpl.java:0)
[2021-12-02 23:32:51,020] {spark_submit_hook.py:479} INFO - 21/12/02 23:32:51 INFO DAGScheduler: Parents of final stage: List()
[2021-12-02 23:32:51,020] {spark_submit_hook.py:479} INFO - 21/12/02 23:32:51 INFO DAGScheduler: Missing parents: List()
[2021-12-02 23:32:51,022] {spark_submit_hook.py:479} INFO - 21/12/02 23:32:51 INFO DAGScheduler: Submitting ResultStage 1 (CoalescedRDD[13] at json at NativeMethodAccessorImpl.java:0), which has no missing parents
[2021-12-02 23:32:51,077] {spark_submit_hook.py:479} INFO - 21/12/02 23:32:51 INFO MemoryStore: Block broadcast_3 stored as values in memory (estimated size 188.7 KiB, free 413.5 MiB)
[2021-12-02 23:32:51,082] {spark_submit_hook.py:479} INFO - 21/12/02 23:32:51 INFO MemoryStore: Block broadcast_3_piece0 stored as bytes in memory (estimated size 66.6 KiB, free 413.5 MiB)
[2021-12-02 23:32:51,083] {spark_submit_hook.py:479} INFO - 21/12/02 23:32:51 INFO BlockManagerInfo: Added broadcast_3_piece0 in memory on 10.0.2.15:39035 (size: 66.6 KiB, free: 413.8 MiB)
[2021-12-02 23:32:51,083] {spark_submit_hook.py:479} INFO - 21/12/02 23:32:51 INFO SparkContext: Created broadcast 3 from broadcast at DAGScheduler.scala:1388
[2021-12-02 23:32:51,084] {spark_submit_hook.py:479} INFO - 21/12/02 23:32:51 INFO DAGScheduler: Submitting 1 missing tasks from ResultStage 1 (CoalescedRDD[13] at json at NativeMethodAccessorImpl.java:0) (first 15 tasks are for partitions Vector(0))
[2021-12-02 23:32:51,084] {spark_submit_hook.py:479} INFO - 21/12/02 23:32:51 INFO TaskSchedulerImpl: Adding task set 1.0 with 1 tasks resource profile 0
[2021-12-02 23:32:51,101] {spark_submit_hook.py:479} INFO - 21/12/02 23:32:51 INFO TaskSetManager: Starting task 0.0 in stage 1.0 (TID 1) (10.0.2.15, executor driver, partition 0, PROCESS_LOCAL, 5171 bytes) taskResourceAssignments Map()
[2021-12-02 23:32:51,103] {spark_submit_hook.py:479} INFO - 21/12/02 23:32:51 INFO Executor: Running task 0.0 in stage 1.0 (TID 1)
[2021-12-02 23:32:51,204] {spark_submit_hook.py:479} INFO - 21/12/02 23:32:51 INFO FileOutputCommitter: File Output Committer Algorithm version is 1
[2021-12-02 23:32:51,204] {spark_submit_hook.py:479} INFO - 21/12/02 23:32:51 INFO FileOutputCommitter: FileOutputCommitter skip cleanup _temporary folders under output directory:false, ignore cleanup failures: false
[2021-12-02 23:32:51,205] {spark_submit_hook.py:479} INFO - 21/12/02 23:32:51 INFO SQLHadoopMapReduceCommitProtocol: Using output committer class org.apache.hadoop.mapreduce.lib.output.FileOutputCommitter
[2021-12-02 23:32:51,332] {spark_submit_hook.py:479} INFO - 21/12/02 23:32:51 INFO CodeGenerator: Code generated in 37.048738 ms
[2021-12-02 23:32:51,334] {spark_submit_hook.py:479} INFO - 21/12/02 23:32:51 INFO FileScanRDD: Reading File path: file:///home/kauai/datapipeline/datalake/bronze/twitter_aluraonline/extract_date=2021-12-01/AluraOnline_20211201.json, range: 0-27529, partition values: [empty row]
[2021-12-02 23:32:51,383] {spark_submit_hook.py:479} INFO - 21/12/02 23:32:51 INFO CodeGenerator: Code generated in 47.486276 ms
[2021-12-02 23:32:51,421] {spark_submit_hook.py:479} INFO - 21/12/02 23:32:51 INFO CodeGenerator: Code generated in 11.1627 ms
[2021-12-02 23:32:51,510] {spark_submit_hook.py:479} INFO - 21/12/02 23:32:51 INFO FileOutputCommitter: Saved output of task 'attempt_202112022332505861256587476521090_0001_m_000000_1' to file:/home/kauai/datapipeline/datalake/silver/twitter_aluraonline/tweet/process_date=2021-12-01/_temporary/0/task_202112022332505861256587476521090_0001_m_000000
[2021-12-02 23:32:51,511] {spark_submit_hook.py:479} INFO - 21/12/02 23:32:51 INFO SparkHadoopMapRedUtil: attempt_202112022332505861256587476521090_0001_m_000000_1: Committed
[2021-12-02 23:32:51,519] {spark_submit_hook.py:479} INFO - 21/12/02 23:32:51 INFO Executor: Finished task 0.0 in stage 1.0 (TID 1). 2944 bytes result sent to driver
[2021-12-02 23:32:51,525] {spark_submit_hook.py:479} INFO - 21/12/02 23:32:51 INFO TaskSetManager: Finished task 0.0 in stage 1.0 (TID 1) in 440 ms on 10.0.2.15 (executor driver) (1/1)
[2021-12-02 23:32:51,526] {spark_submit_hook.py:479} INFO - 21/12/02 23:32:51 INFO DAGScheduler: ResultStage 1 (json at NativeMethodAccessorImpl.java:0) finished in 0,500 s
[2021-12-02 23:32:51,526] {spark_submit_hook.py:479} INFO - 21/12/02 23:32:51 INFO DAGScheduler: Job 1 is finished. Cancelling potential speculative or zombie tasks for this job
[2021-12-02 23:32:51,530] {spark_submit_hook.py:479} INFO - 21/12/02 23:32:51 INFO TaskSchedulerImpl: Removed TaskSet 1.0, whose tasks have all completed, from pool
[2021-12-02 23:32:51,532] {spark_submit_hook.py:479} INFO - 21/12/02 23:32:51 INFO TaskSchedulerImpl: Killing all running tasks in stage 1: Stage finished
[2021-12-02 23:32:51,532] {spark_submit_hook.py:479} INFO - 21/12/02 23:32:51 INFO DAGScheduler: Job 1 finished: json at NativeMethodAccessorImpl.java:0, took 0,512316 s
[2021-12-02 23:32:51,553] {spark_submit_hook.py:479} INFO - 21/12/02 23:32:51 INFO FileFormatWriter: Write Job dc37cc66-79c4-4dca-b749-39bbd7486f64 committed.
[2021-12-02 23:32:51,560] {spark_submit_hook.py:479} INFO - 21/12/02 23:32:51 INFO FileFormatWriter: Finished processing stats for write job dc37cc66-79c4-4dca-b749-39bbd7486f64.
[2021-12-02 23:32:51,654] {spark_submit_hook.py:479} INFO - 21/12/02 23:32:51 INFO FileSourceStrategy: Pushed Filters: IsNotNull(includes)
[2021-12-02 23:32:51,654] {spark_submit_hook.py:479} INFO - 21/12/02 23:32:51 INFO FileSourceStrategy: Post-Scan Filters: isnotnull(includes#8),(size(includes#8.users, true) > 0),isnotnull(includes#8.users)
[2021-12-02 23:32:51,655] {spark_submit_hook.py:479} INFO - 21/12/02 23:32:51 INFO FileSourceStrategy: Output Data Schema: struct<includes: struct<users: array<struct<created_at:string,id:string,name:string,username:string>>>>
[2021-12-02 23:32:51,682] {spark_submit_hook.py:479} INFO - 21/12/02 23:32:51 INFO FileOutputCommitter: File Output Committer Algorithm version is 1
[2021-12-02 23:32:51,686] {spark_submit_hook.py:479} INFO - 21/12/02 23:32:51 INFO FileOutputCommitter: FileOutputCommitter skip cleanup _temporary folders under output directory:false, ignore cleanup failures: false
[2021-12-02 23:32:51,687] {spark_submit_hook.py:479} INFO - 21/12/02 23:32:51 INFO SQLHadoopMapReduceCommitProtocol: Using output committer class org.apache.hadoop.mapreduce.lib.output.FileOutputCommitter
[2021-12-02 23:32:51,736] {spark_submit_hook.py:479} INFO - 21/12/02 23:32:51 INFO CodeGenerator: Code generated in 20.291074 ms
[2021-12-02 23:32:51,807] {spark_submit_hook.py:479} INFO - 21/12/02 23:32:51 INFO CodeGenerator: Code generated in 39.727028 ms
[2021-12-02 23:32:51,809] {spark_submit_hook.py:479} INFO - 21/12/02 23:32:51 INFO MemoryStore: Block broadcast_4 stored as values in memory (estimated size 174.6 KiB, free 413.3 MiB)
[2021-12-02 23:32:51,835] {spark_submit_hook.py:479} INFO - 21/12/02 23:32:51 INFO MemoryStore: Block broadcast_4_piece0 stored as bytes in memory (estimated size 27.6 KiB, free 413.3 MiB)
[2021-12-02 23:32:51,835] {spark_submit_hook.py:479} INFO - 21/12/02 23:32:51 INFO BlockManagerInfo: Added broadcast_4_piece0 in memory on 10.0.2.15:39035 (size: 27.6 KiB, free: 413.8 MiB)
[2021-12-02 23:32:51,836] {spark_submit_hook.py:479} INFO - 21/12/02 23:32:51 INFO SparkContext: Created broadcast 4 from json at NativeMethodAccessorImpl.java:0
[2021-12-02 23:32:51,837] {spark_submit_hook.py:479} INFO - 21/12/02 23:32:51 INFO FileSourceScanExec: Planning scan with bin packing, max size: 4221833 bytes, open cost is considered as scanning 4194304 bytes.
[2021-12-02 23:32:51,890] {spark_submit_hook.py:479} INFO - 21/12/02 23:32:51 INFO SparkContext: Starting job: json at NativeMethodAccessorImpl.java:0
[2021-12-02 23:32:51,894] {spark_submit_hook.py:479} INFO - 21/12/02 23:32:51 INFO DAGScheduler: Got job 2 (json at NativeMethodAccessorImpl.java:0) with 1 output partitions
[2021-12-02 23:32:51,894] {spark_submit_hook.py:479} INFO - 21/12/02 23:32:51 INFO DAGScheduler: Final stage: ResultStage 2 (json at NativeMethodAccessorImpl.java:0)
[2021-12-02 23:32:51,894] {spark_submit_hook.py:479} INFO - 21/12/02 23:32:51 INFO DAGScheduler: Parents of final stage: List()
[2021-12-02 23:32:51,894] {spark_submit_hook.py:479} INFO - 21/12/02 23:32:51 INFO DAGScheduler: Missing parents: List()
[2021-12-02 23:32:51,895] {spark_submit_hook.py:479} INFO - 21/12/02 23:32:51 INFO DAGScheduler: Submitting ResultStage 2 (CoalescedRDD[25] at json at NativeMethodAccessorImpl.java:0), which has no missing parents
[2021-12-02 23:32:51,923] {spark_submit_hook.py:479} INFO - 21/12/02 23:32:51 INFO MemoryStore: Block broadcast_5 stored as values in memory (estimated size 185.1 KiB, free 413.1 MiB)
[2021-12-02 23:32:51,925] {spark_submit_hook.py:479} INFO - 21/12/02 23:32:51 INFO MemoryStore: Block broadcast_5_piece0 stored as bytes in memory (estimated size 66.1 KiB, free 413.0 MiB)
[2021-12-02 23:32:51,926] {spark_submit_hook.py:479} INFO - 21/12/02 23:32:51 INFO BlockManagerInfo: Added broadcast_5_piece0 in memory on 10.0.2.15:39035 (size: 66.1 KiB, free: 413.7 MiB)
[2021-12-02 23:32:51,926] {spark_submit_hook.py:479} INFO - 21/12/02 23:32:51 INFO SparkContext: Created broadcast 5 from broadcast at DAGScheduler.scala:1388
[2021-12-02 23:32:51,934] {spark_submit_hook.py:479} INFO - 21/12/02 23:32:51 INFO DAGScheduler: Submitting 1 missing tasks from ResultStage 2 (CoalescedRDD[25] at json at NativeMethodAccessorImpl.java:0) (first 15 tasks are for partitions Vector(0))
[2021-12-02 23:32:51,934] {spark_submit_hook.py:479} INFO - 21/12/02 23:32:51 INFO TaskSchedulerImpl: Adding task set 2.0 with 1 tasks resource profile 0
[2021-12-02 23:32:51,936] {spark_submit_hook.py:479} INFO - 21/12/02 23:32:51 INFO TaskSetManager: Starting task 0.0 in stage 2.0 (TID 2) (10.0.2.15, executor driver, partition 0, PROCESS_LOCAL, 5171 bytes) taskResourceAssignments Map()
[2021-12-02 23:32:51,941] {spark_submit_hook.py:479} INFO - 21/12/02 23:32:51 INFO Executor: Running task 0.0 in stage 2.0 (TID 2)
[2021-12-02 23:32:51,965] {spark_submit_hook.py:479} INFO - 21/12/02 23:32:51 INFO FileOutputCommitter: File Output Committer Algorithm version is 1
[2021-12-02 23:32:51,965] {spark_submit_hook.py:479} INFO - 21/12/02 23:32:51 INFO FileOutputCommitter: FileOutputCommitter skip cleanup _temporary folders under output directory:false, ignore cleanup failures: false
[2021-12-02 23:32:51,966] {spark_submit_hook.py:479} INFO - 21/12/02 23:32:51 INFO SQLHadoopMapReduceCommitProtocol: Using output committer class org.apache.hadoop.mapreduce.lib.output.FileOutputCommitter
[2021-12-02 23:32:52,024] {spark_submit_hook.py:479} INFO - 21/12/02 23:32:52 INFO CodeGenerator: Code generated in 17.530313 ms
[2021-12-02 23:32:52,032] {spark_submit_hook.py:479} INFO - 21/12/02 23:32:52 INFO FileScanRDD: Reading File path: file:///home/kauai/datapipeline/datalake/bronze/twitter_aluraonline/extract_date=2021-12-01/AluraOnline_20211201.json, range: 0-27529, partition values: [empty row]
[2021-12-02 23:32:52,057] {spark_submit_hook.py:479} INFO - 21/12/02 23:32:52 INFO CodeGenerator: Code generated in 23.271796 ms
[2021-12-02 23:32:52,075] {spark_submit_hook.py:479} INFO - 21/12/02 23:32:52 INFO CodeGenerator: Code generated in 13.272673 ms
[2021-12-02 23:32:52,095] {spark_submit_hook.py:479} INFO - 21/12/02 23:32:52 INFO FileOutputCommitter: Saved output of task 'attempt_20211202233251235582374889531434_0002_m_000000_2' to file:/home/kauai/datapipeline/datalake/silver/twitter_aluraonline/user/process_date=2021-12-01/_temporary/0/task_20211202233251235582374889531434_0002_m_000000
[2021-12-02 23:32:52,097] {spark_submit_hook.py:479} INFO - 21/12/02 23:32:52 INFO SparkHadoopMapRedUtil: attempt_20211202233251235582374889531434_0002_m_000000_2: Committed
[2021-12-02 23:32:52,102] {spark_submit_hook.py:479} INFO - 21/12/02 23:32:52 INFO Executor: Finished task 0.0 in stage 2.0 (TID 2). 2901 bytes result sent to driver
[2021-12-02 23:32:52,106] {spark_submit_hook.py:479} INFO - 21/12/02 23:32:52 INFO TaskSetManager: Finished task 0.0 in stage 2.0 (TID 2) in 171 ms on 10.0.2.15 (executor driver) (1/1)
[2021-12-02 23:32:52,108] {spark_submit_hook.py:479} INFO - 21/12/02 23:32:52 INFO DAGScheduler: ResultStage 2 (json at NativeMethodAccessorImpl.java:0) finished in 0,212 s
[2021-12-02 23:32:52,108] {spark_submit_hook.py:479} INFO - 21/12/02 23:32:52 INFO DAGScheduler: Job 2 is finished. Cancelling potential speculative or zombie tasks for this job
[2021-12-02 23:32:52,109] {spark_submit_hook.py:479} INFO - 21/12/02 23:32:52 INFO TaskSchedulerImpl: Removed TaskSet 2.0, whose tasks have all completed, from pool
[2021-12-02 23:32:52,110] {spark_submit_hook.py:479} INFO - 21/12/02 23:32:52 INFO TaskSchedulerImpl: Killing all running tasks in stage 2: Stage finished
[2021-12-02 23:32:52,110] {spark_submit_hook.py:479} INFO - 21/12/02 23:32:52 INFO DAGScheduler: Job 2 finished: json at NativeMethodAccessorImpl.java:0, took 0,216135 s
[2021-12-02 23:32:52,144] {spark_submit_hook.py:479} INFO - 21/12/02 23:32:52 INFO FileFormatWriter: Write Job 150e6dea-5728-4741-b3d8-a152380dfa98 committed.
[2021-12-02 23:32:52,144] {spark_submit_hook.py:479} INFO - 21/12/02 23:32:52 INFO FileFormatWriter: Finished processing stats for write job 150e6dea-5728-4741-b3d8-a152380dfa98.
[2021-12-02 23:32:52,206] {spark_submit_hook.py:479} INFO - 21/12/02 23:32:52 INFO SparkUI: Stopped Spark web UI at http://10.0.2.15:4041
[2021-12-02 23:32:52,225] {spark_submit_hook.py:479} INFO - 21/12/02 23:32:52 INFO MapOutputTrackerMasterEndpoint: MapOutputTrackerMasterEndpoint stopped!
[2021-12-02 23:32:52,242] {spark_submit_hook.py:479} INFO - 21/12/02 23:32:52 INFO MemoryStore: MemoryStore cleared
[2021-12-02 23:32:52,242] {spark_submit_hook.py:479} INFO - 21/12/02 23:32:52 INFO BlockManager: BlockManager stopped
[2021-12-02 23:32:52,244] {spark_submit_hook.py:479} INFO - 21/12/02 23:32:52 INFO BlockManagerMaster: BlockManagerMaster stopped
[2021-12-02 23:32:52,246] {spark_submit_hook.py:479} INFO - 21/12/02 23:32:52 INFO OutputCommitCoordinator$OutputCommitCoordinatorEndpoint: OutputCommitCoordinator stopped!
[2021-12-02 23:32:52,264] {spark_submit_hook.py:479} INFO - 21/12/02 23:32:52 INFO SparkContext: Successfully stopped SparkContext
[2021-12-02 23:32:52,275] {spark_submit_hook.py:479} INFO - 21/12/02 23:32:52 INFO ShutdownHookManager: Shutdown hook called
[2021-12-02 23:32:52,275] {spark_submit_hook.py:479} INFO - 21/12/02 23:32:52 INFO ShutdownHookManager: Deleting directory /tmp/spark-210ac6b6-aeaa-4627-9f09-f1db1b8de455
[2021-12-02 23:32:52,279] {spark_submit_hook.py:479} INFO - 21/12/02 23:32:52 INFO ShutdownHookManager: Deleting directory /tmp/spark-af4ceef8-93fb-410f-a4ff-6a0f4f8602d4
[2021-12-02 23:32:52,283] {spark_submit_hook.py:479} INFO - 21/12/02 23:32:52 INFO ShutdownHookManager: Deleting directory /tmp/spark-210ac6b6-aeaa-4627-9f09-f1db1b8de455/pyspark-83d5bf61-9da1-4af8-ab41-a24d644947c2
[2021-12-02 23:32:52,351] {taskinstance.py:1057} INFO - Marking task as SUCCESS.dag_id=twitter_dag, task_id=transform_twitter_aluraonline, execution_date=20211201T090000, start_date=20211203T023237, end_date=20211203T023252
[2021-12-02 23:32:52,668] {local_task_job.py:102} INFO - Task exited with return code 0
