[2021-12-02 23:40:59,987] {taskinstance.py:670} INFO - Dependencies all met for <TaskInstance: twitter_dag.transform_twitter_aluraonline 2021-12-01T09:00:00+00:00 [queued]>
[2021-12-02 23:41:00,019] {taskinstance.py:670} INFO - Dependencies all met for <TaskInstance: twitter_dag.transform_twitter_aluraonline 2021-12-01T09:00:00+00:00 [queued]>
[2021-12-02 23:41:00,019] {taskinstance.py:880} INFO - 
--------------------------------------------------------------------------------
[2021-12-02 23:41:00,020] {taskinstance.py:881} INFO - Starting attempt 8 of 8
[2021-12-02 23:41:00,020] {taskinstance.py:882} INFO - 
--------------------------------------------------------------------------------
[2021-12-02 23:41:00,041] {taskinstance.py:901} INFO - Executing <Task(SparkSubmitOperator): transform_twitter_aluraonline> on 2021-12-01T09:00:00+00:00
[2021-12-02 23:41:00,043] {standard_task_runner.py:54} INFO - Started process 15799 to run task
[2021-12-02 23:41:00,175] {standard_task_runner.py:77} INFO - Running: ['airflow', 'run', 'twitter_dag', 'transform_twitter_aluraonline', '2021-12-01T09:00:00+00:00', '--job_id', '77', '--pool', 'default_pool', '--raw', '-sd', 'DAGS_FOLDER/twitter_dag.py', '--cfg_path', '/tmp/tmpwt74vol0']
[2021-12-02 23:41:00,175] {standard_task_runner.py:78} INFO - Job 77: Subtask transform_twitter_aluraonline
[2021-12-02 23:41:00,218] {logging_mixin.py:112} INFO - Running <TaskInstance: twitter_dag.transform_twitter_aluraonline 2021-12-01T09:00:00+00:00 [running]> on host kauai-VirtualBox
[2021-12-02 23:41:00,350] {base_hook.py:89} INFO - Using connection to: id: spark_default. Host: local, Port: None, Schema: None, Login: None, Password: None, extra: XXXXXXXX
[2021-12-02 23:41:00,352] {spark_submit_hook.py:325} INFO - Spark-Submit cmd: /home/kauai/spark-3.1.2-bin-hadoop3.2/bin/spark-submit --master local --name twitter_transformation /home/kauai/datapipeline/spark/transformation.py --src /home/kauai/datapipeline/datalake/bronze/twitter_aluraonline/extract_date=2021-12-01 --dest /home/kauai/datapipeline/datalake/silver/twitter_aluraonline/ --process-date 2021-12-01
[2021-12-02 23:41:03,068] {spark_submit_hook.py:479} INFO - 21/12/02 23:41:03 WARN Utils: Your hostname, kauai-VirtualBox resolves to a loopback address: 127.0.1.1; using 10.0.2.15 instead (on interface enp0s3)
[2021-12-02 23:41:03,069] {spark_submit_hook.py:479} INFO - 21/12/02 23:41:03 WARN Utils: Set SPARK_LOCAL_IP if you need to bind to another address
[2021-12-02 23:41:03,078] {spark_submit_hook.py:479} INFO - WARNING: An illegal reflective access operation has occurred
[2021-12-02 23:41:03,078] {spark_submit_hook.py:479} INFO - WARNING: Illegal reflective access by org.apache.spark.unsafe.Platform (file:/opt/spark/jars/spark-unsafe_2.12-3.1.2.jar) to constructor java.nio.DirectByteBuffer(long,int)
[2021-12-02 23:41:03,078] {spark_submit_hook.py:479} INFO - WARNING: Please consider reporting this to the maintainers of org.apache.spark.unsafe.Platform
[2021-12-02 23:41:03,078] {spark_submit_hook.py:479} INFO - WARNING: Use --illegal-access=warn to enable warnings of further illegal reflective access operations
[2021-12-02 23:41:03,078] {spark_submit_hook.py:479} INFO - WARNING: All illegal access operations will be denied in a future release
[2021-12-02 23:41:03,575] {spark_submit_hook.py:479} INFO - 21/12/02 23:41:03 WARN NativeCodeLoader: Unable to load native-hadoop library for your platform... using builtin-java classes where applicable
[2021-12-02 23:41:04,270] {spark_submit_hook.py:479} INFO - Using Spark's default log4j profile: org/apache/spark/log4j-defaults.properties
[2021-12-02 23:41:04,276] {spark_submit_hook.py:479} INFO - 21/12/02 23:41:04 INFO SparkContext: Running Spark version 3.1.2
[2021-12-02 23:41:04,326] {spark_submit_hook.py:479} INFO - 21/12/02 23:41:04 INFO ResourceUtils: ==============================================================
[2021-12-02 23:41:04,328] {spark_submit_hook.py:479} INFO - 21/12/02 23:41:04 INFO ResourceUtils: No custom resources configured for spark.driver.
[2021-12-02 23:41:04,328] {spark_submit_hook.py:479} INFO - 21/12/02 23:41:04 INFO ResourceUtils: ==============================================================
[2021-12-02 23:41:04,329] {spark_submit_hook.py:479} INFO - 21/12/02 23:41:04 INFO SparkContext: Submitted application: twitter_transformation
[2021-12-02 23:41:04,345] {spark_submit_hook.py:479} INFO - 21/12/02 23:41:04 INFO ResourceProfile: Default ResourceProfile created, executor resources: Map(cores -> name: cores, amount: 1, script: , vendor: , memory -> name: memory, amount: 1024, script: , vendor: , offHeap -> name: offHeap, amount: 0, script: , vendor: ), task resources: Map(cpus -> name: cpus, amount: 1.0)
[2021-12-02 23:41:04,360] {spark_submit_hook.py:479} INFO - 21/12/02 23:41:04 INFO ResourceProfile: Limiting resource is cpu
[2021-12-02 23:41:04,360] {spark_submit_hook.py:479} INFO - 21/12/02 23:41:04 INFO ResourceProfileManager: Added ResourceProfile id: 0
[2021-12-02 23:41:04,422] {spark_submit_hook.py:479} INFO - 21/12/02 23:41:04 INFO SecurityManager: Changing view acls to: kauai
[2021-12-02 23:41:04,422] {spark_submit_hook.py:479} INFO - 21/12/02 23:41:04 INFO SecurityManager: Changing modify acls to: kauai
[2021-12-02 23:41:04,422] {spark_submit_hook.py:479} INFO - 21/12/02 23:41:04 INFO SecurityManager: Changing view acls groups to:
[2021-12-02 23:41:04,423] {spark_submit_hook.py:479} INFO - 21/12/02 23:41:04 INFO SecurityManager: Changing modify acls groups to:
[2021-12-02 23:41:04,423] {spark_submit_hook.py:479} INFO - 21/12/02 23:41:04 INFO SecurityManager: SecurityManager: authentication disabled; ui acls disabled; users  with view permissions: Set(kauai); groups with view permissions: Set(); users  with modify permissions: Set(kauai); groups with modify permissions: Set()
[2021-12-02 23:41:04,775] {spark_submit_hook.py:479} INFO - 21/12/02 23:41:04 INFO Utils: Successfully started service 'sparkDriver' on port 42053.
[2021-12-02 23:41:04,816] {spark_submit_hook.py:479} INFO - 21/12/02 23:41:04 INFO SparkEnv: Registering MapOutputTracker
[2021-12-02 23:41:04,870] {spark_submit_hook.py:479} INFO - 21/12/02 23:41:04 INFO SparkEnv: Registering BlockManagerMaster
[2021-12-02 23:41:04,897] {spark_submit_hook.py:479} INFO - 21/12/02 23:41:04 INFO BlockManagerMasterEndpoint: Using org.apache.spark.storage.DefaultTopologyMapper for getting topology information
[2021-12-02 23:41:04,898] {spark_submit_hook.py:479} INFO - 21/12/02 23:41:04 INFO BlockManagerMasterEndpoint: BlockManagerMasterEndpoint up
[2021-12-02 23:41:04,907] {spark_submit_hook.py:479} INFO - 21/12/02 23:41:04 INFO SparkEnv: Registering BlockManagerMasterHeartbeat
[2021-12-02 23:41:04,920] {spark_submit_hook.py:479} INFO - 21/12/02 23:41:04 INFO DiskBlockManager: Created local directory at /tmp/blockmgr-f17ac424-2fc6-4c90-a957-c649c2b08f78
[2021-12-02 23:41:04,937] {spark_submit_hook.py:479} INFO - 21/12/02 23:41:04 INFO MemoryStore: MemoryStore started with capacity 413.9 MiB
[2021-12-02 23:41:04,963] {spark_submit_hook.py:479} INFO - 21/12/02 23:41:04 INFO SparkEnv: Registering OutputCommitCoordinator
[2021-12-02 23:41:05,243] {spark_submit_hook.py:479} INFO - 21/12/02 23:41:05 WARN Utils: Service 'SparkUI' could not bind on port 4040. Attempting port 4041.
[2021-12-02 23:41:05,276] {spark_submit_hook.py:479} INFO - 21/12/02 23:41:05 INFO Utils: Successfully started service 'SparkUI' on port 4041.
[2021-12-02 23:41:05,464] {spark_submit_hook.py:479} INFO - 21/12/02 23:41:05 INFO SparkUI: Bound SparkUI to 0.0.0.0, and started at http://10.0.2.15:4041
[2021-12-02 23:41:06,023] {spark_submit_hook.py:479} INFO - 21/12/02 23:41:06 INFO Executor: Starting executor ID driver on host 10.0.2.15
[2021-12-02 23:41:06,130] {spark_submit_hook.py:479} INFO - 21/12/02 23:41:06 INFO Utils: Successfully started service 'org.apache.spark.network.netty.NettyBlockTransferService' on port 44143.
[2021-12-02 23:41:06,130] {spark_submit_hook.py:479} INFO - 21/12/02 23:41:06 INFO NettyBlockTransferService: Server created on 10.0.2.15:44143
[2021-12-02 23:41:06,130] {spark_submit_hook.py:479} INFO - 21/12/02 23:41:06 INFO BlockManager: Using org.apache.spark.storage.RandomBlockReplicationPolicy for block replication policy
[2021-12-02 23:41:06,133] {spark_submit_hook.py:479} INFO - 21/12/02 23:41:06 INFO BlockManagerMaster: Registering BlockManager BlockManagerId(driver, 10.0.2.15, 44143, None)
[2021-12-02 23:41:06,136] {spark_submit_hook.py:479} INFO - 21/12/02 23:41:06 INFO BlockManagerMasterEndpoint: Registering block manager 10.0.2.15:44143 with 413.9 MiB RAM, BlockManagerId(driver, 10.0.2.15, 44143, None)
[2021-12-02 23:41:06,138] {spark_submit_hook.py:479} INFO - 21/12/02 23:41:06 INFO BlockManagerMaster: Registered BlockManager BlockManagerId(driver, 10.0.2.15, 44143, None)
[2021-12-02 23:41:06,140] {spark_submit_hook.py:479} INFO - 21/12/02 23:41:06 INFO BlockManager: Initialized BlockManager: BlockManagerId(driver, 10.0.2.15, 44143, None)
[2021-12-02 23:41:06,925] {spark_submit_hook.py:479} INFO - 21/12/02 23:41:06 INFO SharedState: Setting hive.metastore.warehouse.dir ('null') to the value of spark.sql.warehouse.dir ('file:/home/kauai/datapipeline/spark-warehouse').
[2021-12-02 23:41:06,926] {spark_submit_hook.py:479} INFO - 21/12/02 23:41:06 INFO SharedState: Warehouse path is 'file:/home/kauai/datapipeline/spark-warehouse'.
[2021-12-02 23:41:08,097] {spark_submit_hook.py:479} INFO - 21/12/02 23:41:08 INFO InMemoryFileIndex: It took 207 ms to list leaf files for 1 paths.
[2021-12-02 23:41:08,319] {spark_submit_hook.py:479} INFO - 21/12/02 23:41:08 INFO InMemoryFileIndex: It took 7 ms to list leaf files for 1 paths.
[2021-12-02 23:41:12,725] {spark_submit_hook.py:479} INFO - 21/12/02 23:41:12 INFO FileSourceStrategy: Pushed Filters:
[2021-12-02 23:41:12,725] {spark_submit_hook.py:479} INFO - 21/12/02 23:41:12 INFO FileSourceStrategy: Post-Scan Filters:
[2021-12-02 23:41:12,731] {spark_submit_hook.py:479} INFO - 21/12/02 23:41:12 INFO FileSourceStrategy: Output Data Schema: struct<value: string>
[2021-12-02 23:41:13,065] {spark_submit_hook.py:479} INFO - 21/12/02 23:41:13 INFO MemoryStore: Block broadcast_0 stored as values in memory (estimated size 174.7 KiB, free 413.8 MiB)
[2021-12-02 23:41:13,130] {spark_submit_hook.py:479} INFO - 21/12/02 23:41:13 INFO MemoryStore: Block broadcast_0_piece0 stored as bytes in memory (estimated size 27.6 KiB, free 413.7 MiB)
[2021-12-02 23:41:13,134] {spark_submit_hook.py:479} INFO - 21/12/02 23:41:13 INFO BlockManagerInfo: Added broadcast_0_piece0 in memory on 10.0.2.15:44143 (size: 27.6 KiB, free: 413.9 MiB)
[2021-12-02 23:41:13,138] {spark_submit_hook.py:479} INFO - 21/12/02 23:41:13 INFO SparkContext: Created broadcast 0 from json at NativeMethodAccessorImpl.java:0
[2021-12-02 23:41:13,153] {spark_submit_hook.py:479} INFO - 21/12/02 23:41:13 INFO FileSourceScanExec: Planning scan with bin packing, max size: 4221833 bytes, open cost is considered as scanning 4194304 bytes.
[2021-12-02 23:41:13,368] {spark_submit_hook.py:479} INFO - 21/12/02 23:41:13 INFO SparkContext: Starting job: json at NativeMethodAccessorImpl.java:0
[2021-12-02 23:41:13,389] {spark_submit_hook.py:479} INFO - 21/12/02 23:41:13 INFO DAGScheduler: Got job 0 (json at NativeMethodAccessorImpl.java:0) with 1 output partitions
[2021-12-02 23:41:13,390] {spark_submit_hook.py:479} INFO - 21/12/02 23:41:13 INFO DAGScheduler: Final stage: ResultStage 0 (json at NativeMethodAccessorImpl.java:0)
[2021-12-02 23:41:13,395] {spark_submit_hook.py:479} INFO - 21/12/02 23:41:13 INFO DAGScheduler: Parents of final stage: List()
[2021-12-02 23:41:13,396] {spark_submit_hook.py:479} INFO - 21/12/02 23:41:13 INFO DAGScheduler: Missing parents: List()
[2021-12-02 23:41:13,406] {spark_submit_hook.py:479} INFO - 21/12/02 23:41:13 INFO DAGScheduler: Submitting ResultStage 0 (MapPartitionsRDD[3] at json at NativeMethodAccessorImpl.java:0), which has no missing parents
[2021-12-02 23:41:13,561] {spark_submit_hook.py:479} INFO - 21/12/02 23:41:13 INFO MemoryStore: Block broadcast_1 stored as values in memory (estimated size 12.0 KiB, free 413.7 MiB)
[2021-12-02 23:41:13,564] {spark_submit_hook.py:479} INFO - 21/12/02 23:41:13 INFO MemoryStore: Block broadcast_1_piece0 stored as bytes in memory (estimated size 6.3 KiB, free 413.7 MiB)
[2021-12-02 23:41:13,566] {spark_submit_hook.py:479} INFO - 21/12/02 23:41:13 INFO BlockManagerInfo: Added broadcast_1_piece0 in memory on 10.0.2.15:44143 (size: 6.3 KiB, free: 413.9 MiB)
[2021-12-02 23:41:13,566] {spark_submit_hook.py:479} INFO - 21/12/02 23:41:13 INFO SparkContext: Created broadcast 1 from broadcast at DAGScheduler.scala:1388
[2021-12-02 23:41:13,593] {spark_submit_hook.py:479} INFO - 21/12/02 23:41:13 INFO DAGScheduler: Submitting 1 missing tasks from ResultStage 0 (MapPartitionsRDD[3] at json at NativeMethodAccessorImpl.java:0) (first 15 tasks are for partitions Vector(0))
[2021-12-02 23:41:13,594] {spark_submit_hook.py:479} INFO - 21/12/02 23:41:13 INFO TaskSchedulerImpl: Adding task set 0.0 with 1 tasks resource profile 0
[2021-12-02 23:41:13,664] {spark_submit_hook.py:479} INFO - 21/12/02 23:41:13 INFO TaskSetManager: Starting task 0.0 in stage 0.0 (TID 0) (10.0.2.15, executor driver, partition 0, PROCESS_LOCAL, 4942 bytes) taskResourceAssignments Map()
[2021-12-02 23:41:13,695] {spark_submit_hook.py:479} INFO - 21/12/02 23:41:13 INFO Executor: Running task 0.0 in stage 0.0 (TID 0)
[2021-12-02 23:41:14,043] {spark_submit_hook.py:479} INFO - 21/12/02 23:41:14 INFO FileScanRDD: Reading File path: file:///home/kauai/datapipeline/datalake/bronze/twitter_aluraonline/extract_date=2021-12-01/AluraOnline_20211201.json, range: 0-27529, partition values: [empty row]
[2021-12-02 23:41:15,120] {spark_submit_hook.py:479} INFO - 21/12/02 23:41:15 INFO CodeGenerator: Code generated in 542.176652 ms
[2021-12-02 23:41:15,290] {spark_submit_hook.py:479} INFO - 21/12/02 23:41:15 INFO Executor: Finished task 0.0 in stage 0.0 (TID 0). 2858 bytes result sent to driver
[2021-12-02 23:41:15,355] {spark_submit_hook.py:479} INFO - 21/12/02 23:41:15 INFO TaskSetManager: Finished task 0.0 in stage 0.0 (TID 0) in 1712 ms on 10.0.2.15 (executor driver) (1/1)
[2021-12-02 23:41:15,375] {spark_submit_hook.py:479} INFO - 21/12/02 23:41:15 INFO TaskSchedulerImpl: Removed TaskSet 0.0, whose tasks have all completed, from pool
[2021-12-02 23:41:15,403] {spark_submit_hook.py:479} INFO - 21/12/02 23:41:15 INFO DAGScheduler: ResultStage 0 (json at NativeMethodAccessorImpl.java:0) finished in 1,963 s
[2021-12-02 23:41:15,448] {spark_submit_hook.py:479} INFO - 21/12/02 23:41:15 INFO DAGScheduler: Job 0 is finished. Cancelling potential speculative or zombie tasks for this job
[2021-12-02 23:41:15,460] {spark_submit_hook.py:479} INFO - 21/12/02 23:41:15 INFO TaskSchedulerImpl: Killing all running tasks in stage 0: Stage finished
[2021-12-02 23:41:15,503] {spark_submit_hook.py:479} INFO - 21/12/02 23:41:15 INFO DAGScheduler: Job 0 finished: json at NativeMethodAccessorImpl.java:0, took 2,115010 s
[2021-12-02 23:41:16,819] {spark_submit_hook.py:479} INFO - 21/12/02 23:41:16 INFO FileSourceStrategy: Pushed Filters: IsNotNull(data)
[2021-12-02 23:41:16,825] {spark_submit_hook.py:479} INFO - 21/12/02 23:41:16 INFO FileSourceStrategy: Post-Scan Filters: (size(data#7, true) > 0),isnotnull(data#7)
[2021-12-02 23:41:16,831] {spark_submit_hook.py:479} INFO - 21/12/02 23:41:16 INFO FileSourceStrategy: Output Data Schema: struct<data: array<struct<author_id:string,conversation_id:string,created_at:string,id:string,in_reply_to_user_id:string,public_metrics:struct<like_count:bigint,quote_count:bigint,reply_count:bigint,retweet_count:bigint>,text:string>>>
[2021-12-02 23:41:17,257] {spark_submit_hook.py:479} INFO - 21/12/02 23:41:17 INFO BlockManagerInfo: Removed broadcast_0_piece0 on 10.0.2.15:44143 in memory (size: 27.6 KiB, free: 413.9 MiB)
[2021-12-02 23:41:17,271] {spark_submit_hook.py:479} INFO - 21/12/02 23:41:17 INFO FileOutputCommitter: File Output Committer Algorithm version is 1
[2021-12-02 23:41:17,272] {spark_submit_hook.py:479} INFO - 21/12/02 23:41:17 INFO BlockManagerInfo: Removed broadcast_1_piece0 on 10.0.2.15:44143 in memory (size: 6.3 KiB, free: 413.9 MiB)
[2021-12-02 23:41:17,273] {spark_submit_hook.py:479} INFO - 21/12/02 23:41:17 INFO FileOutputCommitter: FileOutputCommitter skip cleanup _temporary folders under output directory:false, ignore cleanup failures: false
[2021-12-02 23:41:17,277] {spark_submit_hook.py:479} INFO - 21/12/02 23:41:17 INFO SQLHadoopMapReduceCommitProtocol: Using output committer class org.apache.hadoop.mapreduce.lib.output.FileOutputCommitter
[2021-12-02 23:41:17,406] {spark_submit_hook.py:479} INFO - 21/12/02 23:41:17 INFO CodeGenerator: Code generated in 52.714973 ms
[2021-12-02 23:41:17,496] {spark_submit_hook.py:479} INFO - 21/12/02 23:41:17 INFO CodeGenerator: Code generated in 72.698442 ms
[2021-12-02 23:41:17,501] {spark_submit_hook.py:479} INFO - 21/12/02 23:41:17 INFO MemoryStore: Block broadcast_2 stored as values in memory (estimated size 174.6 KiB, free 413.8 MiB)
[2021-12-02 23:41:17,524] {spark_submit_hook.py:479} INFO - 21/12/02 23:41:17 INFO MemoryStore: Block broadcast_2_piece0 stored as bytes in memory (estimated size 27.6 KiB, free 413.7 MiB)
[2021-12-02 23:41:17,530] {spark_submit_hook.py:479} INFO - 21/12/02 23:41:17 INFO BlockManagerInfo: Added broadcast_2_piece0 in memory on 10.0.2.15:44143 (size: 27.6 KiB, free: 413.9 MiB)
[2021-12-02 23:41:17,531] {spark_submit_hook.py:479} INFO - 21/12/02 23:41:17 INFO SparkContext: Created broadcast 2 from json at NativeMethodAccessorImpl.java:0
[2021-12-02 23:41:17,534] {spark_submit_hook.py:479} INFO - 21/12/02 23:41:17 INFO FileSourceScanExec: Planning scan with bin packing, max size: 4221833 bytes, open cost is considered as scanning 4194304 bytes.
[2021-12-02 23:41:17,723] {spark_submit_hook.py:479} INFO - 21/12/02 23:41:17 INFO SparkContext: Starting job: json at NativeMethodAccessorImpl.java:0
[2021-12-02 23:41:17,725] {spark_submit_hook.py:479} INFO - 21/12/02 23:41:17 INFO DAGScheduler: Got job 1 (json at NativeMethodAccessorImpl.java:0) with 1 output partitions
[2021-12-02 23:41:17,725] {spark_submit_hook.py:479} INFO - 21/12/02 23:41:17 INFO DAGScheduler: Final stage: ResultStage 1 (json at NativeMethodAccessorImpl.java:0)
[2021-12-02 23:41:17,725] {spark_submit_hook.py:479} INFO - 21/12/02 23:41:17 INFO DAGScheduler: Parents of final stage: List()
[2021-12-02 23:41:17,725] {spark_submit_hook.py:479} INFO - 21/12/02 23:41:17 INFO DAGScheduler: Missing parents: List()
[2021-12-02 23:41:17,731] {spark_submit_hook.py:479} INFO - 21/12/02 23:41:17 INFO DAGScheduler: Submitting ResultStage 1 (CoalescedRDD[13] at json at NativeMethodAccessorImpl.java:0), which has no missing parents
[2021-12-02 23:41:17,924] {spark_submit_hook.py:479} INFO - 21/12/02 23:41:17 INFO MemoryStore: Block broadcast_3 stored as values in memory (estimated size 188.7 KiB, free 413.5 MiB)
[2021-12-02 23:41:17,943] {spark_submit_hook.py:479} INFO - 21/12/02 23:41:17 INFO MemoryStore: Block broadcast_3_piece0 stored as bytes in memory (estimated size 66.6 KiB, free 413.5 MiB)
[2021-12-02 23:41:17,946] {spark_submit_hook.py:479} INFO - 21/12/02 23:41:17 INFO BlockManagerInfo: Added broadcast_3_piece0 in memory on 10.0.2.15:44143 (size: 66.6 KiB, free: 413.8 MiB)
[2021-12-02 23:41:17,953] {spark_submit_hook.py:479} INFO - 21/12/02 23:41:17 INFO SparkContext: Created broadcast 3 from broadcast at DAGScheduler.scala:1388
[2021-12-02 23:41:17,965] {spark_submit_hook.py:479} INFO - 21/12/02 23:41:17 INFO DAGScheduler: Submitting 1 missing tasks from ResultStage 1 (CoalescedRDD[13] at json at NativeMethodAccessorImpl.java:0) (first 15 tasks are for partitions Vector(0))
[2021-12-02 23:41:17,970] {spark_submit_hook.py:479} INFO - 21/12/02 23:41:17 INFO TaskSchedulerImpl: Adding task set 1.0 with 1 tasks resource profile 0
[2021-12-02 23:41:17,991] {spark_submit_hook.py:479} INFO - 21/12/02 23:41:17 INFO TaskSetManager: Starting task 0.0 in stage 1.0 (TID 1) (10.0.2.15, executor driver, partition 0, PROCESS_LOCAL, 5171 bytes) taskResourceAssignments Map()
[2021-12-02 23:41:17,999] {spark_submit_hook.py:479} INFO - 21/12/02 23:41:17 INFO Executor: Running task 0.0 in stage 1.0 (TID 1)
[2021-12-02 23:41:18,285] {spark_submit_hook.py:479} INFO - 21/12/02 23:41:18 INFO FileOutputCommitter: File Output Committer Algorithm version is 1
[2021-12-02 23:41:18,285] {spark_submit_hook.py:479} INFO - 21/12/02 23:41:18 INFO FileOutputCommitter: FileOutputCommitter skip cleanup _temporary folders under output directory:false, ignore cleanup failures: false
[2021-12-02 23:41:18,292] {spark_submit_hook.py:479} INFO - 21/12/02 23:41:18 INFO SQLHadoopMapReduceCommitProtocol: Using output committer class org.apache.hadoop.mapreduce.lib.output.FileOutputCommitter
[2021-12-02 23:41:18,432] {spark_submit_hook.py:479} INFO - 21/12/02 23:41:18 INFO CodeGenerator: Code generated in 54.487102 ms
[2021-12-02 23:41:18,434] {spark_submit_hook.py:479} INFO - 21/12/02 23:41:18 INFO FileScanRDD: Reading File path: file:///home/kauai/datapipeline/datalake/bronze/twitter_aluraonline/extract_date=2021-12-01/AluraOnline_20211201.json, range: 0-27529, partition values: [empty row]
[2021-12-02 23:41:18,472] {spark_submit_hook.py:479} INFO - 21/12/02 23:41:18 INFO CodeGenerator: Code generated in 35.241415 ms
[2021-12-02 23:41:18,545] {spark_submit_hook.py:479} INFO - 21/12/02 23:41:18 INFO CodeGenerator: Code generated in 31.074698 ms
[2021-12-02 23:41:18,744] {spark_submit_hook.py:479} INFO - 21/12/02 23:41:18 INFO FileOutputCommitter: Saved output of task 'attempt_202112022341174622667778505016723_0001_m_000000_1' to file:/home/kauai/datapipeline/datalake/silver/twitter_aluraonline/tweet/process_date=2021-12-01/_temporary/0/task_202112022341174622667778505016723_0001_m_000000
[2021-12-02 23:41:18,750] {spark_submit_hook.py:479} INFO - 21/12/02 23:41:18 INFO SparkHadoopMapRedUtil: attempt_202112022341174622667778505016723_0001_m_000000_1: Committed
[2021-12-02 23:41:18,766] {spark_submit_hook.py:479} INFO - 21/12/02 23:41:18 INFO Executor: Finished task 0.0 in stage 1.0 (TID 1). 2944 bytes result sent to driver
[2021-12-02 23:41:18,774] {spark_submit_hook.py:479} INFO - 21/12/02 23:41:18 INFO TaskSetManager: Finished task 0.0 in stage 1.0 (TID 1) in 795 ms on 10.0.2.15 (executor driver) (1/1)
[2021-12-02 23:41:18,786] {spark_submit_hook.py:479} INFO - 21/12/02 23:41:18 INFO DAGScheduler: ResultStage 1 (json at NativeMethodAccessorImpl.java:0) finished in 1,048 s
[2021-12-02 23:41:18,787] {spark_submit_hook.py:479} INFO - 21/12/02 23:41:18 INFO DAGScheduler: Job 1 is finished. Cancelling potential speculative or zombie tasks for this job
[2021-12-02 23:41:18,797] {spark_submit_hook.py:479} INFO - 21/12/02 23:41:18 INFO TaskSchedulerImpl: Removed TaskSet 1.0, whose tasks have all completed, from pool
[2021-12-02 23:41:18,806] {spark_submit_hook.py:479} INFO - 21/12/02 23:41:18 INFO TaskSchedulerImpl: Killing all running tasks in stage 1: Stage finished
[2021-12-02 23:41:18,806] {spark_submit_hook.py:479} INFO - 21/12/02 23:41:18 INFO DAGScheduler: Job 1 finished: json at NativeMethodAccessorImpl.java:0, took 1,077133 s
[2021-12-02 23:41:18,836] {spark_submit_hook.py:479} INFO - 21/12/02 23:41:18 INFO FileFormatWriter: Write Job 2ded9c70-ce91-49c2-b894-f3f5e52fa2ec committed.
[2021-12-02 23:41:18,843] {spark_submit_hook.py:479} INFO - 21/12/02 23:41:18 INFO FileFormatWriter: Finished processing stats for write job 2ded9c70-ce91-49c2-b894-f3f5e52fa2ec.
[2021-12-02 23:41:19,083] {spark_submit_hook.py:479} INFO - 21/12/02 23:41:19 INFO FileSourceStrategy: Pushed Filters: IsNotNull(includes)
[2021-12-02 23:41:19,083] {spark_submit_hook.py:479} INFO - 21/12/02 23:41:19 INFO FileSourceStrategy: Post-Scan Filters: isnotnull(includes#8),(size(includes#8.users, true) > 0),isnotnull(includes#8.users)
[2021-12-02 23:41:19,091] {spark_submit_hook.py:479} INFO - 21/12/02 23:41:19 INFO FileSourceStrategy: Output Data Schema: struct<includes: struct<users: array<struct<created_at:string,id:string,name:string,username:string>>>>
[2021-12-02 23:41:19,150] {spark_submit_hook.py:479} INFO - 21/12/02 23:41:19 INFO FileOutputCommitter: File Output Committer Algorithm version is 1
[2021-12-02 23:41:19,153] {spark_submit_hook.py:479} INFO - 21/12/02 23:41:19 INFO FileOutputCommitter: FileOutputCommitter skip cleanup _temporary folders under output directory:false, ignore cleanup failures: false
[2021-12-02 23:41:19,156] {spark_submit_hook.py:479} INFO - 21/12/02 23:41:19 INFO SQLHadoopMapReduceCommitProtocol: Using output committer class org.apache.hadoop.mapreduce.lib.output.FileOutputCommitter
[2021-12-02 23:41:19,261] {spark_submit_hook.py:479} INFO - 21/12/02 23:41:19 INFO CodeGenerator: Code generated in 48.911864 ms
[2021-12-02 23:41:19,355] {spark_submit_hook.py:479} INFO - 21/12/02 23:41:19 INFO CodeGenerator: Code generated in 85.444642 ms
[2021-12-02 23:41:19,378] {spark_submit_hook.py:479} INFO - 21/12/02 23:41:19 INFO MemoryStore: Block broadcast_4 stored as values in memory (estimated size 174.6 KiB, free 413.3 MiB)
[2021-12-02 23:41:19,422] {spark_submit_hook.py:479} INFO - 21/12/02 23:41:19 INFO MemoryStore: Block broadcast_4_piece0 stored as bytes in memory (estimated size 27.6 KiB, free 413.3 MiB)
[2021-12-02 23:41:19,424] {spark_submit_hook.py:479} INFO - 21/12/02 23:41:19 INFO BlockManagerInfo: Added broadcast_4_piece0 in memory on 10.0.2.15:44143 (size: 27.6 KiB, free: 413.8 MiB)
[2021-12-02 23:41:19,425] {spark_submit_hook.py:479} INFO - 21/12/02 23:41:19 INFO SparkContext: Created broadcast 4 from json at NativeMethodAccessorImpl.java:0
[2021-12-02 23:41:19,431] {spark_submit_hook.py:479} INFO - 21/12/02 23:41:19 INFO FileSourceScanExec: Planning scan with bin packing, max size: 4221833 bytes, open cost is considered as scanning 4194304 bytes.
[2021-12-02 23:41:19,567] {spark_submit_hook.py:479} INFO - 21/12/02 23:41:19 INFO SparkContext: Starting job: json at NativeMethodAccessorImpl.java:0
[2021-12-02 23:41:19,586] {spark_submit_hook.py:479} INFO - 21/12/02 23:41:19 INFO DAGScheduler: Got job 2 (json at NativeMethodAccessorImpl.java:0) with 1 output partitions
[2021-12-02 23:41:19,586] {spark_submit_hook.py:479} INFO - 21/12/02 23:41:19 INFO DAGScheduler: Final stage: ResultStage 2 (json at NativeMethodAccessorImpl.java:0)
[2021-12-02 23:41:19,586] {spark_submit_hook.py:479} INFO - 21/12/02 23:41:19 INFO DAGScheduler: Parents of final stage: List()
[2021-12-02 23:41:19,586] {spark_submit_hook.py:479} INFO - 21/12/02 23:41:19 INFO DAGScheduler: Missing parents: List()
[2021-12-02 23:41:19,587] {spark_submit_hook.py:479} INFO - 21/12/02 23:41:19 INFO DAGScheduler: Submitting ResultStage 2 (CoalescedRDD[25] at json at NativeMethodAccessorImpl.java:0), which has no missing parents
[2021-12-02 23:41:19,633] {spark_submit_hook.py:479} INFO - 21/12/02 23:41:19 INFO MemoryStore: Block broadcast_5 stored as values in memory (estimated size 185.1 KiB, free 413.1 MiB)
[2021-12-02 23:41:19,646] {spark_submit_hook.py:479} INFO - 21/12/02 23:41:19 INFO MemoryStore: Block broadcast_5_piece0 stored as bytes in memory (estimated size 66.1 KiB, free 413.0 MiB)
[2021-12-02 23:41:19,651] {spark_submit_hook.py:479} INFO - 21/12/02 23:41:19 INFO BlockManagerInfo: Added broadcast_5_piece0 in memory on 10.0.2.15:44143 (size: 66.1 KiB, free: 413.7 MiB)
[2021-12-02 23:41:19,652] {spark_submit_hook.py:479} INFO - 21/12/02 23:41:19 INFO SparkContext: Created broadcast 5 from broadcast at DAGScheduler.scala:1388
[2021-12-02 23:41:19,653] {spark_submit_hook.py:479} INFO - 21/12/02 23:41:19 INFO DAGScheduler: Submitting 1 missing tasks from ResultStage 2 (CoalescedRDD[25] at json at NativeMethodAccessorImpl.java:0) (first 15 tasks are for partitions Vector(0))
[2021-12-02 23:41:19,653] {spark_submit_hook.py:479} INFO - 21/12/02 23:41:19 INFO TaskSchedulerImpl: Adding task set 2.0 with 1 tasks resource profile 0
[2021-12-02 23:41:19,654] {spark_submit_hook.py:479} INFO - 21/12/02 23:41:19 INFO TaskSetManager: Starting task 0.0 in stage 2.0 (TID 2) (10.0.2.15, executor driver, partition 0, PROCESS_LOCAL, 5171 bytes) taskResourceAssignments Map()
[2021-12-02 23:41:19,655] {spark_submit_hook.py:479} INFO - 21/12/02 23:41:19 INFO Executor: Running task 0.0 in stage 2.0 (TID 2)
[2021-12-02 23:41:19,704] {spark_submit_hook.py:479} INFO - 21/12/02 23:41:19 INFO FileOutputCommitter: File Output Committer Algorithm version is 1
[2021-12-02 23:41:19,704] {spark_submit_hook.py:479} INFO - 21/12/02 23:41:19 INFO FileOutputCommitter: FileOutputCommitter skip cleanup _temporary folders under output directory:false, ignore cleanup failures: false
[2021-12-02 23:41:19,705] {spark_submit_hook.py:479} INFO - 21/12/02 23:41:19 INFO SQLHadoopMapReduceCommitProtocol: Using output committer class org.apache.hadoop.mapreduce.lib.output.FileOutputCommitter
[2021-12-02 23:41:19,795] {spark_submit_hook.py:479} INFO - 21/12/02 23:41:19 INFO CodeGenerator: Code generated in 30.216638 ms
[2021-12-02 23:41:19,803] {spark_submit_hook.py:479} INFO - 21/12/02 23:41:19 INFO FileScanRDD: Reading File path: file:///home/kauai/datapipeline/datalake/bronze/twitter_aluraonline/extract_date=2021-12-01/AluraOnline_20211201.json, range: 0-27529, partition values: [empty row]
[2021-12-02 23:41:19,835] {spark_submit_hook.py:479} INFO - 21/12/02 23:41:19 INFO CodeGenerator: Code generated in 24.947419 ms
[2021-12-02 23:41:19,849] {spark_submit_hook.py:479} INFO - 21/12/02 23:41:19 INFO CodeGenerator: Code generated in 7.956659 ms
[2021-12-02 23:41:19,875] {spark_submit_hook.py:479} INFO - 21/12/02 23:41:19 INFO FileOutputCommitter: Saved output of task 'attempt_202112022341194732108326170290110_0002_m_000000_2' to file:/home/kauai/datapipeline/datalake/silver/twitter_aluraonline/user/process_date=2021-12-01/_temporary/0/task_202112022341194732108326170290110_0002_m_000000
[2021-12-02 23:41:19,875] {spark_submit_hook.py:479} INFO - 21/12/02 23:41:19 INFO SparkHadoopMapRedUtil: attempt_202112022341194732108326170290110_0002_m_000000_2: Committed
[2021-12-02 23:41:19,878] {spark_submit_hook.py:479} INFO - 21/12/02 23:41:19 INFO Executor: Finished task 0.0 in stage 2.0 (TID 2). 2901 bytes result sent to driver
[2021-12-02 23:41:19,884] {spark_submit_hook.py:479} INFO - 21/12/02 23:41:19 INFO TaskSetManager: Finished task 0.0 in stage 2.0 (TID 2) in 230 ms on 10.0.2.15 (executor driver) (1/1)
[2021-12-02 23:41:19,886] {spark_submit_hook.py:479} INFO - 21/12/02 23:41:19 INFO DAGScheduler: ResultStage 2 (json at NativeMethodAccessorImpl.java:0) finished in 0,296 s
[2021-12-02 23:41:19,886] {spark_submit_hook.py:479} INFO - 21/12/02 23:41:19 INFO DAGScheduler: Job 2 is finished. Cancelling potential speculative or zombie tasks for this job
[2021-12-02 23:41:19,887] {spark_submit_hook.py:479} INFO - 21/12/02 23:41:19 INFO TaskSchedulerImpl: Removed TaskSet 2.0, whose tasks have all completed, from pool
[2021-12-02 23:41:19,889] {spark_submit_hook.py:479} INFO - 21/12/02 23:41:19 INFO TaskSchedulerImpl: Killing all running tasks in stage 2: Stage finished
[2021-12-02 23:41:19,889] {spark_submit_hook.py:479} INFO - 21/12/02 23:41:19 INFO DAGScheduler: Job 2 finished: json at NativeMethodAccessorImpl.java:0, took 0,315173 s
[2021-12-02 23:41:19,908] {spark_submit_hook.py:479} INFO - 21/12/02 23:41:19 INFO FileFormatWriter: Write Job cf909606-a879-47c2-af63-7de4f5fd6bc7 committed.
[2021-12-02 23:41:19,908] {spark_submit_hook.py:479} INFO - 21/12/02 23:41:19 INFO FileFormatWriter: Finished processing stats for write job cf909606-a879-47c2-af63-7de4f5fd6bc7.
[2021-12-02 23:41:19,977] {spark_submit_hook.py:479} INFO - 21/12/02 23:41:19 INFO SparkUI: Stopped Spark web UI at http://10.0.2.15:4041
[2021-12-02 23:41:19,989] {spark_submit_hook.py:479} INFO - 21/12/02 23:41:19 INFO MapOutputTrackerMasterEndpoint: MapOutputTrackerMasterEndpoint stopped!
[2021-12-02 23:41:19,998] {spark_submit_hook.py:479} INFO - 21/12/02 23:41:19 INFO MemoryStore: MemoryStore cleared
[2021-12-02 23:41:19,998] {spark_submit_hook.py:479} INFO - 21/12/02 23:41:19 INFO BlockManager: BlockManager stopped
[2021-12-02 23:41:20,001] {spark_submit_hook.py:479} INFO - 21/12/02 23:41:20 INFO BlockManagerMaster: BlockManagerMaster stopped
[2021-12-02 23:41:20,003] {spark_submit_hook.py:479} INFO - 21/12/02 23:41:20 INFO OutputCommitCoordinator$OutputCommitCoordinatorEndpoint: OutputCommitCoordinator stopped!
[2021-12-02 23:41:20,008] {spark_submit_hook.py:479} INFO - 21/12/02 23:41:20 INFO SparkContext: Successfully stopped SparkContext
[2021-12-02 23:41:20,009] {spark_submit_hook.py:479} INFO - 21/12/02 23:41:20 INFO ShutdownHookManager: Shutdown hook called
[2021-12-02 23:41:20,010] {spark_submit_hook.py:479} INFO - 21/12/02 23:41:20 INFO ShutdownHookManager: Deleting directory /tmp/spark-96682879-c4a8-4891-922b-dd4776103273/pyspark-8e8bb14b-d144-4e6f-a2a0-b3245ae6346d
[2021-12-02 23:41:20,011] {spark_submit_hook.py:479} INFO - 21/12/02 23:41:20 INFO ShutdownHookManager: Deleting directory /tmp/spark-96682879-c4a8-4891-922b-dd4776103273
[2021-12-02 23:41:20,012] {spark_submit_hook.py:479} INFO - 21/12/02 23:41:20 INFO ShutdownHookManager: Deleting directory /tmp/spark-588a963c-28b4-4253-8247-b2a15ee37c92
[2021-12-02 23:41:20,048] {taskinstance.py:1057} INFO - Marking task as SUCCESS.dag_id=twitter_dag, task_id=transform_twitter_aluraonline, execution_date=20211201T090000, start_date=20211203T024059, end_date=20211203T024120
[2021-12-02 23:41:24,964] {local_task_job.py:102} INFO - Task exited with return code 0
