[2021-12-03 22:12:12,958] {taskinstance.py:670} INFO - Dependencies all met for <TaskInstance: twitter_dag.twitter_vascodagama 2021-11-30T09:00:00+00:00 [queued]>
[2021-12-03 22:12:12,967] {taskinstance.py:670} INFO - Dependencies all met for <TaskInstance: twitter_dag.twitter_vascodagama 2021-11-30T09:00:00+00:00 [queued]>
[2021-12-03 22:12:12,967] {taskinstance.py:880} INFO - 
--------------------------------------------------------------------------------
[2021-12-03 22:12:12,967] {taskinstance.py:881} INFO - Starting attempt 1 of 1
[2021-12-03 22:12:12,967] {taskinstance.py:882} INFO - 
--------------------------------------------------------------------------------
[2021-12-03 22:12:12,975] {taskinstance.py:901} INFO - Executing <Task(TwitterOperator): twitter_vascodagama> on 2021-11-30T09:00:00+00:00
[2021-12-03 22:12:12,976] {standard_task_runner.py:54} INFO - Started process 4784 to run task
[2021-12-03 22:12:13,021] {standard_task_runner.py:77} INFO - Running: ['airflow', 'run', 'twitter_dag', 'twitter_vascodagama', '2021-11-30T09:00:00+00:00', '--job_id', '94', '--pool', 'default_pool', '--raw', '-sd', 'DAGS_FOLDER/twitter_dag.py', '--cfg_path', '/tmp/tmpx1k0sump']
[2021-12-03 22:12:13,021] {standard_task_runner.py:78} INFO - Job 94: Subtask twitter_vascodagama
[2021-12-03 22:12:13,038] {logging_mixin.py:112} INFO - Running <TaskInstance: twitter_dag.twitter_vascodagama 2021-11-30T09:00:00+00:00 [running]> on host kauai-VirtualBox
[2021-12-03 22:12:13,068] {base_hook.py:89} INFO - Using connection to: id: twitter_default. Host: https://api.twitter.com, Port: None, Schema: None, Login: None, Password: None, extra: XXXXXXXX
[2021-12-03 22:12:13,069] {twitter_hook.py:36} INFO - URL: https://api.twitter.com/2/tweets/search/recent?query=VascodaGama&tweet.fields=author_id,conversation_id,created_at,id,in_reply_to_user_id,public_metrics,text&expansions=author_id&user.fields=id,name,username,created_at&start_time=2021-11-30T09:00:00.00Z&end_time=2021-12-01T09:00:00.00Z
[2021-12-03 22:12:13,360] {logging_mixin.py:112} WARNING - /home/kauai/datapipeline/venv/lib/python3.8/site-packages/urllib3/connectionpool.py:981: InsecureRequestWarning: Unverified HTTPS request is being made to host 'api.twitter.com'. Adding certificate verification is strongly advised. See: https://urllib3.readthedocs.io/en/latest/advanced-usage.html#ssl-warnings
  warnings.warn(
[2021-12-03 22:12:13,737] {twitter_hook.py:36} INFO - URL: https://api.twitter.com/2/tweets/search/recent?query=VascodaGama&tweet.fields=author_id,conversation_id,created_at,id,in_reply_to_user_id,public_metrics,text&expansions=author_id&user.fields=id,name,username,created_at&start_time=2021-11-30T09:00:00.00Z&end_time=2021-12-01T09:00:00.00Z&next_token=b26v89c19zqg8o3fpdy7oh6p6ol2plyqv8i30crk0108t
[2021-12-03 22:12:13,737] {logging_mixin.py:112} WARNING - /home/kauai/datapipeline/venv/lib/python3.8/site-packages/urllib3/connectionpool.py:981: InsecureRequestWarning: Unverified HTTPS request is being made to host 'api.twitter.com'. Adding certificate verification is strongly advised. See: https://urllib3.readthedocs.io/en/latest/advanced-usage.html#ssl-warnings
  warnings.warn(
[2021-12-03 22:12:14,131] {twitter_hook.py:36} INFO - URL: https://api.twitter.com/2/tweets/search/recent?query=VascodaGama&tweet.fields=author_id,conversation_id,created_at,id,in_reply_to_user_id,public_metrics,text&expansions=author_id&user.fields=id,name,username,created_at&start_time=2021-11-30T09:00:00.00Z&end_time=2021-12-01T09:00:00.00Z&next_token=b26v89c19zqg8o3fpdy7oh63k9i3rwyzfihx0t9autny5
[2021-12-03 22:12:14,132] {logging_mixin.py:112} WARNING - /home/kauai/datapipeline/venv/lib/python3.8/site-packages/urllib3/connectionpool.py:981: InsecureRequestWarning: Unverified HTTPS request is being made to host 'api.twitter.com'. Adding certificate verification is strongly advised. See: https://urllib3.readthedocs.io/en/latest/advanced-usage.html#ssl-warnings
  warnings.warn(
[2021-12-03 22:12:14,506] {twitter_hook.py:36} INFO - URL: https://api.twitter.com/2/tweets/search/recent?query=VascodaGama&tweet.fields=author_id,conversation_id,created_at,id,in_reply_to_user_id,public_metrics,text&expansions=author_id&user.fields=id,name,username,created_at&start_time=2021-11-30T09:00:00.00Z&end_time=2021-12-01T09:00:00.00Z&next_token=b26v89c19zqg8o3fpdy7oh5soty4rmo1m0tbb3w7n7q7x
[2021-12-03 22:12:14,506] {logging_mixin.py:112} WARNING - /home/kauai/datapipeline/venv/lib/python3.8/site-packages/urllib3/connectionpool.py:981: InsecureRequestWarning: Unverified HTTPS request is being made to host 'api.twitter.com'. Adding certificate verification is strongly advised. See: https://urllib3.readthedocs.io/en/latest/advanced-usage.html#ssl-warnings
  warnings.warn(
[2021-12-03 22:12:14,913] {twitter_hook.py:36} INFO - URL: https://api.twitter.com/2/tweets/search/recent?query=VascodaGama&tweet.fields=author_id,conversation_id,created_at,id,in_reply_to_user_id,public_metrics,text&expansions=author_id&user.fields=id,name,username,created_at&start_time=2021-11-30T09:00:00.00Z&end_time=2021-12-01T09:00:00.00Z&next_token=b26v89c19zqg8o3fpdy7of3rnd06kf8304he5jzhkaxkt
[2021-12-03 22:12:14,914] {logging_mixin.py:112} WARNING - /home/kauai/datapipeline/venv/lib/python3.8/site-packages/urllib3/connectionpool.py:981: InsecureRequestWarning: Unverified HTTPS request is being made to host 'api.twitter.com'. Adding certificate verification is strongly advised. See: https://urllib3.readthedocs.io/en/latest/advanced-usage.html#ssl-warnings
  warnings.warn(
[2021-12-03 22:12:15,302] {twitter_hook.py:36} INFO - URL: https://api.twitter.com/2/tweets/search/recent?query=VascodaGama&tweet.fields=author_id,conversation_id,created_at,id,in_reply_to_user_id,public_metrics,text&expansions=author_id&user.fields=id,name,username,created_at&start_time=2021-11-30T09:00:00.00Z&end_time=2021-12-01T09:00:00.00Z&next_token=b26v89c19zqg8o3fpdy7of36d3z06f3ahaocygiuogiv1
[2021-12-03 22:12:15,302] {logging_mixin.py:112} WARNING - /home/kauai/datapipeline/venv/lib/python3.8/site-packages/urllib3/connectionpool.py:981: InsecureRequestWarning: Unverified HTTPS request is being made to host 'api.twitter.com'. Adding certificate verification is strongly advised. See: https://urllib3.readthedocs.io/en/latest/advanced-usage.html#ssl-warnings
  warnings.warn(
[2021-12-03 22:12:15,682] {twitter_hook.py:36} INFO - URL: https://api.twitter.com/2/tweets/search/recent?query=VascodaGama&tweet.fields=author_id,conversation_id,created_at,id,in_reply_to_user_id,public_metrics,text&expansions=author_id&user.fields=id,name,username,created_at&start_time=2021-11-30T09:00:00.00Z&end_time=2021-12-01T09:00:00.00Z&next_token=b26v89c19zqg8o3fpdy7of365iuqffg0m1ks1lvpubgcd
[2021-12-03 22:12:15,685] {logging_mixin.py:112} WARNING - /home/kauai/datapipeline/venv/lib/python3.8/site-packages/urllib3/connectionpool.py:981: InsecureRequestWarning: Unverified HTTPS request is being made to host 'api.twitter.com'. Adding certificate verification is strongly advised. See: https://urllib3.readthedocs.io/en/latest/advanced-usage.html#ssl-warnings
  warnings.warn(
[2021-12-03 22:12:16,071] {twitter_hook.py:36} INFO - URL: https://api.twitter.com/2/tweets/search/recent?query=VascodaGama&tweet.fields=author_id,conversation_id,created_at,id,in_reply_to_user_id,public_metrics,text&expansions=author_id&user.fields=id,name,username,created_at&start_time=2021-11-30T09:00:00.00Z&end_time=2021-12-01T09:00:00.00Z&next_token=b26v89c19zqg8o3fpdy7of2vhmx68wab258nyt7r8lbp9
[2021-12-03 22:12:16,072] {logging_mixin.py:112} WARNING - /home/kauai/datapipeline/venv/lib/python3.8/site-packages/urllib3/connectionpool.py:981: InsecureRequestWarning: Unverified HTTPS request is being made to host 'api.twitter.com'. Adding certificate verification is strongly advised. See: https://urllib3.readthedocs.io/en/latest/advanced-usage.html#ssl-warnings
  warnings.warn(
[2021-12-03 22:12:16,472] {twitter_hook.py:36} INFO - URL: https://api.twitter.com/2/tweets/search/recent?query=VascodaGama&tweet.fields=author_id,conversation_id,created_at,id,in_reply_to_user_id,public_metrics,text&expansions=author_id&user.fields=id,name,username,created_at&start_time=2021-11-30T09:00:00.00Z&end_time=2021-12-01T09:00:00.00Z&next_token=b26v89c19zqg8o3fpdy7of2vd27f7d3rf4geobnmlf1bx
[2021-12-03 22:12:16,473] {logging_mixin.py:112} WARNING - /home/kauai/datapipeline/venv/lib/python3.8/site-packages/urllib3/connectionpool.py:981: InsecureRequestWarning: Unverified HTTPS request is being made to host 'api.twitter.com'. Adding certificate verification is strongly advised. See: https://urllib3.readthedocs.io/en/latest/advanced-usage.html#ssl-warnings
  warnings.warn(
[2021-12-03 22:12:16,863] {twitter_hook.py:36} INFO - URL: https://api.twitter.com/2/tweets/search/recent?query=VascodaGama&tweet.fields=author_id,conversation_id,created_at,id,in_reply_to_user_id,public_metrics,text&expansions=author_id&user.fields=id,name,username,created_at&start_time=2021-11-30T09:00:00.00Z&end_time=2021-12-01T09:00:00.00Z&next_token=b26v89c19zqg8o3fpdy7of2v6zpi47nnpqm2ormkk6lx9
[2021-12-03 22:12:16,864] {logging_mixin.py:112} WARNING - /home/kauai/datapipeline/venv/lib/python3.8/site-packages/urllib3/connectionpool.py:981: InsecureRequestWarning: Unverified HTTPS request is being made to host 'api.twitter.com'. Adding certificate verification is strongly advised. See: https://urllib3.readthedocs.io/en/latest/advanced-usage.html#ssl-warnings
  warnings.warn(
[2021-12-03 22:12:17,219] {twitter_hook.py:36} INFO - URL: https://api.twitter.com/2/tweets/search/recent?query=VascodaGama&tweet.fields=author_id,conversation_id,created_at,id,in_reply_to_user_id,public_metrics,text&expansions=author_id&user.fields=id,name,username,created_at&start_time=2021-11-30T09:00:00.00Z&end_time=2021-12-01T09:00:00.00Z&next_token=b26v89c19zqg8o3fpdy7of2knopn8m4ncakeqlh2rdit9
[2021-12-03 22:12:17,220] {logging_mixin.py:112} WARNING - /home/kauai/datapipeline/venv/lib/python3.8/site-packages/urllib3/connectionpool.py:981: InsecureRequestWarning: Unverified HTTPS request is being made to host 'api.twitter.com'. Adding certificate verification is strongly advised. See: https://urllib3.readthedocs.io/en/latest/advanced-usage.html#ssl-warnings
  warnings.warn(
[2021-12-03 22:12:17,661] {twitter_hook.py:36} INFO - URL: https://api.twitter.com/2/tweets/search/recent?query=VascodaGama&tweet.fields=author_id,conversation_id,created_at,id,in_reply_to_user_id,public_metrics,text&expansions=author_id&user.fields=id,name,username,created_at&start_time=2021-11-30T09:00:00.00Z&end_time=2021-12-01T09:00:00.00Z&next_token=b26v89c19zqg8o3fpdy7of2khn2vexjk1130n2lue3bst
[2021-12-03 22:12:17,661] {logging_mixin.py:112} WARNING - /home/kauai/datapipeline/venv/lib/python3.8/site-packages/urllib3/connectionpool.py:981: InsecureRequestWarning: Unverified HTTPS request is being made to host 'api.twitter.com'. Adding certificate verification is strongly advised. See: https://urllib3.readthedocs.io/en/latest/advanced-usage.html#ssl-warnings
  warnings.warn(
[2021-12-03 22:12:18,051] {twitter_hook.py:36} INFO - URL: https://api.twitter.com/2/tweets/search/recent?query=VascodaGama&tweet.fields=author_id,conversation_id,created_at,id,in_reply_to_user_id,public_metrics,text&expansions=author_id&user.fields=id,name,username,created_at&start_time=2021-11-30T09:00:00.00Z&end_time=2021-12-01T09:00:00.00Z&next_token=b26v89c19zqg8o3fpdy7of2kekz1w2bphnz35uv6hsepp
[2021-12-03 22:12:18,051] {logging_mixin.py:112} WARNING - /home/kauai/datapipeline/venv/lib/python3.8/site-packages/urllib3/connectionpool.py:981: InsecureRequestWarning: Unverified HTTPS request is being made to host 'api.twitter.com'. Adding certificate verification is strongly advised. See: https://urllib3.readthedocs.io/en/latest/advanced-usage.html#ssl-warnings
  warnings.warn(
[2021-12-03 22:12:18,421] {twitter_hook.py:36} INFO - URL: https://api.twitter.com/2/tweets/search/recent?query=VascodaGama&tweet.fields=author_id,conversation_id,created_at,id,in_reply_to_user_id,public_metrics,text&expansions=author_id&user.fields=id,name,username,created_at&start_time=2021-11-30T09:00:00.00Z&end_time=2021-12-01T09:00:00.00Z&next_token=b26v89c19zqg8o3fpdy7of29va6vjvtqsomx1ql8sq7wd
[2021-12-03 22:12:18,422] {logging_mixin.py:112} WARNING - /home/kauai/datapipeline/venv/lib/python3.8/site-packages/urllib3/connectionpool.py:981: InsecureRequestWarning: Unverified HTTPS request is being made to host 'api.twitter.com'. Adding certificate verification is strongly advised. See: https://urllib3.readthedocs.io/en/latest/advanced-usage.html#ssl-warnings
  warnings.warn(
[2021-12-03 22:12:18,844] {twitter_hook.py:36} INFO - URL: https://api.twitter.com/2/tweets/search/recent?query=VascodaGama&tweet.fields=author_id,conversation_id,created_at,id,in_reply_to_user_id,public_metrics,text&expansions=author_id&user.fields=id,name,username,created_at&start_time=2021-11-30T09:00:00.00Z&end_time=2021-12-01T09:00:00.00Z&next_token=b26v89c19zqg8o3fpdy7of29nnslw8o8lychtvtn7dc3h
[2021-12-03 22:12:18,846] {logging_mixin.py:112} WARNING - /home/kauai/datapipeline/venv/lib/python3.8/site-packages/urllib3/connectionpool.py:981: InsecureRequestWarning: Unverified HTTPS request is being made to host 'api.twitter.com'. Adding certificate verification is strongly advised. See: https://urllib3.readthedocs.io/en/latest/advanced-usage.html#ssl-warnings
  warnings.warn(
[2021-12-03 22:12:19,258] {twitter_hook.py:36} INFO - URL: https://api.twitter.com/2/tweets/search/recent?query=VascodaGama&tweet.fields=author_id,conversation_id,created_at,id,in_reply_to_user_id,public_metrics,text&expansions=author_id&user.fields=id,name,username,created_at&start_time=2021-11-30T09:00:00.00Z&end_time=2021-12-01T09:00:00.00Z&next_token=b26v89c19zqg8o3fpdy7of1z2utgz7azj3xldvwpw8v3x
[2021-12-03 22:12:19,258] {logging_mixin.py:112} WARNING - /home/kauai/datapipeline/venv/lib/python3.8/site-packages/urllib3/connectionpool.py:981: InsecureRequestWarning: Unverified HTTPS request is being made to host 'api.twitter.com'. Adding certificate verification is strongly advised. See: https://urllib3.readthedocs.io/en/latest/advanced-usage.html#ssl-warnings
  warnings.warn(
[2021-12-03 22:12:19,639] {twitter_hook.py:36} INFO - URL: https://api.twitter.com/2/tweets/search/recent?query=VascodaGama&tweet.fields=author_id,conversation_id,created_at,id,in_reply_to_user_id,public_metrics,text&expansions=author_id&user.fields=id,name,username,created_at&start_time=2021-11-30T09:00:00.00Z&end_time=2021-12-01T09:00:00.00Z&next_token=b26v89c19zqg8o3fpdy7of1yztcyskhjkpo0ia7kis9kt
[2021-12-03 22:12:19,639] {logging_mixin.py:112} WARNING - /home/kauai/datapipeline/venv/lib/python3.8/site-packages/urllib3/connectionpool.py:981: InsecureRequestWarning: Unverified HTTPS request is being made to host 'api.twitter.com'. Adding certificate verification is strongly advised. See: https://urllib3.readthedocs.io/en/latest/advanced-usage.html#ssl-warnings
  warnings.warn(
[2021-12-03 22:12:20,023] {twitter_hook.py:36} INFO - URL: https://api.twitter.com/2/tweets/search/recent?query=VascodaGama&tweet.fields=author_id,conversation_id,created_at,id,in_reply_to_user_id,public_metrics,text&expansions=author_id&user.fields=id,name,username,created_at&start_time=2021-11-30T09:00:00.00Z&end_time=2021-12-01T09:00:00.00Z&next_token=b26v89c19zqg8o3fpdy7of1yy9vm9ztfcr6755c4va0sd
[2021-12-03 22:12:20,023] {logging_mixin.py:112} WARNING - /home/kauai/datapipeline/venv/lib/python3.8/site-packages/urllib3/connectionpool.py:981: InsecureRequestWarning: Unverified HTTPS request is being made to host 'api.twitter.com'. Adding certificate verification is strongly advised. See: https://urllib3.readthedocs.io/en/latest/advanced-usage.html#ssl-warnings
  warnings.warn(
[2021-12-03 22:12:20,413] {twitter_hook.py:36} INFO - URL: https://api.twitter.com/2/tweets/search/recent?query=VascodaGama&tweet.fields=author_id,conversation_id,created_at,id,in_reply_to_user_id,public_metrics,text&expansions=author_id&user.fields=id,name,username,created_at&start_time=2021-11-30T09:00:00.00Z&end_time=2021-12-01T09:00:00.00Z&next_token=b26v89c19zqg8o3fpdy7of1odfu2q07zx8o2r9chp7vjx
[2021-12-03 22:12:20,413] {logging_mixin.py:112} WARNING - /home/kauai/datapipeline/venv/lib/python3.8/site-packages/urllib3/connectionpool.py:981: InsecureRequestWarning: Unverified HTTPS request is being made to host 'api.twitter.com'. Adding certificate verification is strongly advised. See: https://urllib3.readthedocs.io/en/latest/advanced-usage.html#ssl-warnings
  warnings.warn(
[2021-12-03 22:12:20,781] {twitter_hook.py:36} INFO - URL: https://api.twitter.com/2/tweets/search/recent?query=VascodaGama&tweet.fields=author_id,conversation_id,created_at,id,in_reply_to_user_id,public_metrics,text&expansions=author_id&user.fields=id,name,username,created_at&start_time=2021-11-30T09:00:00.00Z&end_time=2021-12-01T09:00:00.00Z&next_token=b26v89c19zqg8o3fpdy7of1o7dzi1yrsy3r831qzyomt9
[2021-12-03 22:12:20,782] {logging_mixin.py:112} WARNING - /home/kauai/datapipeline/venv/lib/python3.8/site-packages/urllib3/connectionpool.py:981: InsecureRequestWarning: Unverified HTTPS request is being made to host 'api.twitter.com'. Adding certificate verification is strongly advised. See: https://urllib3.readthedocs.io/en/latest/advanced-usage.html#ssl-warnings
  warnings.warn(
[2021-12-03 22:12:21,143] {twitter_hook.py:36} INFO - URL: https://api.twitter.com/2/tweets/search/recent?query=VascodaGama&tweet.fields=author_id,conversation_id,created_at,id,in_reply_to_user_id,public_metrics,text&expansions=author_id&user.fields=id,name,username,created_at&start_time=2021-11-30T09:00:00.00Z&end_time=2021-12-01T09:00:00.00Z&next_token=b26v89c19zqg8o3fpdy7of1o4cqnb8yjs640qnh97ik59
[2021-12-03 22:12:21,143] {logging_mixin.py:112} WARNING - /home/kauai/datapipeline/venv/lib/python3.8/site-packages/urllib3/connectionpool.py:981: InsecureRequestWarning: Unverified HTTPS request is being made to host 'api.twitter.com'. Adding certificate verification is strongly advised. See: https://urllib3.readthedocs.io/en/latest/advanced-usage.html#ssl-warnings
  warnings.warn(
[2021-12-03 22:12:21,517] {twitter_hook.py:36} INFO - URL: https://api.twitter.com/2/tweets/search/recent?query=VascodaGama&tweet.fields=author_id,conversation_id,created_at,id,in_reply_to_user_id,public_metrics,text&expansions=author_id&user.fields=id,name,username,created_at&start_time=2021-11-30T09:00:00.00Z&end_time=2021-12-01T09:00:00.00Z&next_token=b26v89c19zqg8o3fpdy7of1o4bgdnk5tgjtsvhlr1118d
[2021-12-03 22:12:21,517] {logging_mixin.py:112} WARNING - /home/kauai/datapipeline/venv/lib/python3.8/site-packages/urllib3/connectionpool.py:981: InsecureRequestWarning: Unverified HTTPS request is being made to host 'api.twitter.com'. Adding certificate verification is strongly advised. See: https://urllib3.readthedocs.io/en/latest/advanced-usage.html#ssl-warnings
  warnings.warn(
[2021-12-03 22:12:21,904] {twitter_hook.py:36} INFO - URL: https://api.twitter.com/2/tweets/search/recent?query=VascodaGama&tweet.fields=author_id,conversation_id,created_at,id,in_reply_to_user_id,public_metrics,text&expansions=author_id&user.fields=id,name,username,created_at&start_time=2021-11-30T09:00:00.00Z&end_time=2021-12-01T09:00:00.00Z&next_token=b26v89c19zqg8o3fpdy7of1o1bpam0xk8kb03rl4mavzx
[2021-12-03 22:12:21,905] {logging_mixin.py:112} WARNING - /home/kauai/datapipeline/venv/lib/python3.8/site-packages/urllib3/connectionpool.py:981: InsecureRequestWarning: Unverified HTTPS request is being made to host 'api.twitter.com'. Adding certificate verification is strongly advised. See: https://urllib3.readthedocs.io/en/latest/advanced-usage.html#ssl-warnings
  warnings.warn(
[2021-12-03 22:12:22,291] {twitter_hook.py:36} INFO - URL: https://api.twitter.com/2/tweets/search/recent?query=VascodaGama&tweet.fields=author_id,conversation_id,created_at,id,in_reply_to_user_id,public_metrics,text&expansions=author_id&user.fields=id,name,username,created_at&start_time=2021-11-30T09:00:00.00Z&end_time=2021-12-01T09:00:00.00Z&next_token=b26v89c19zqg8o3fpdy7of1o1af7fnf2tf9s9ze4y7xbx
[2021-12-03 22:12:22,292] {logging_mixin.py:112} WARNING - /home/kauai/datapipeline/venv/lib/python3.8/site-packages/urllib3/connectionpool.py:981: InsecureRequestWarning: Unverified HTTPS request is being made to host 'api.twitter.com'. Adding certificate verification is strongly advised. See: https://urllib3.readthedocs.io/en/latest/advanced-usage.html#ssl-warnings
  warnings.warn(
[2021-12-03 22:12:22,701] {twitter_hook.py:36} INFO - URL: https://api.twitter.com/2/tweets/search/recent?query=VascodaGama&tweet.fields=author_id,conversation_id,created_at,id,in_reply_to_user_id,public_metrics,text&expansions=author_id&user.fields=id,name,username,created_at&start_time=2021-11-30T09:00:00.00Z&end_time=2021-12-01T09:00:00.00Z&next_token=b26v89c19zqg8o3fpdy7of1dji1vpieb1qsnm06kpr3wd
[2021-12-03 22:12:22,701] {logging_mixin.py:112} WARNING - /home/kauai/datapipeline/venv/lib/python3.8/site-packages/urllib3/connectionpool.py:981: InsecureRequestWarning: Unverified HTTPS request is being made to host 'api.twitter.com'. Adding certificate verification is strongly advised. See: https://urllib3.readthedocs.io/en/latest/advanced-usage.html#ssl-warnings
  warnings.warn(
[2021-12-03 22:12:23,072] {twitter_hook.py:36} INFO - URL: https://api.twitter.com/2/tweets/search/recent?query=VascodaGama&tweet.fields=author_id,conversation_id,created_at,id,in_reply_to_user_id,public_metrics,text&expansions=author_id&user.fields=id,name,username,created_at&start_time=2021-11-30T09:00:00.00Z&end_time=2021-12-01T09:00:00.00Z&next_token=b26v89c19zqg8o3fpdy7of1dgg5yavio8wa6jj97enbzx
[2021-12-03 22:12:23,072] {logging_mixin.py:112} WARNING - /home/kauai/datapipeline/venv/lib/python3.8/site-packages/urllib3/connectionpool.py:981: InsecureRequestWarning: Unverified HTTPS request is being made to host 'api.twitter.com'. Adding certificate verification is strongly advised. See: https://urllib3.readthedocs.io/en/latest/advanced-usage.html#ssl-warnings
  warnings.warn(
[2021-12-03 22:12:23,441] {twitter_hook.py:36} INFO - URL: https://api.twitter.com/2/tweets/search/recent?query=VascodaGama&tweet.fields=author_id,conversation_id,created_at,id,in_reply_to_user_id,public_metrics,text&expansions=author_id&user.fields=id,name,username,created_at&start_time=2021-11-30T09:00:00.00Z&end_time=2021-12-01T09:00:00.00Z&next_token=b26v89c19zqg8o3fpdy7of1deytlk59uodtqwq4vavblp
[2021-12-03 22:12:23,442] {logging_mixin.py:112} WARNING - /home/kauai/datapipeline/venv/lib/python3.8/site-packages/urllib3/connectionpool.py:981: InsecureRequestWarning: Unverified HTTPS request is being made to host 'api.twitter.com'. Adding certificate verification is strongly advised. See: https://urllib3.readthedocs.io/en/latest/advanced-usage.html#ssl-warnings
  warnings.warn(
[2021-12-03 22:12:23,809] {twitter_hook.py:36} INFO - URL: https://api.twitter.com/2/tweets/search/recent?query=VascodaGama&tweet.fields=author_id,conversation_id,created_at,id,in_reply_to_user_id,public_metrics,text&expansions=author_id&user.fields=id,name,username,created_at&start_time=2021-11-30T09:00:00.00Z&end_time=2021-12-01T09:00:00.00Z&next_token=b26v89c19zqg8o3fpdy7of1deye9kyk3pwcmy206nitfh
[2021-12-03 22:12:23,810] {logging_mixin.py:112} WARNING - /home/kauai/datapipeline/venv/lib/python3.8/site-packages/urllib3/connectionpool.py:981: InsecureRequestWarning: Unverified HTTPS request is being made to host 'api.twitter.com'. Adding certificate verification is strongly advised. See: https://urllib3.readthedocs.io/en/latest/advanced-usage.html#ssl-warnings
  warnings.warn(
[2021-12-03 22:12:24,184] {twitter_hook.py:36} INFO - URL: https://api.twitter.com/2/tweets/search/recent?query=VascodaGama&tweet.fields=author_id,conversation_id,created_at,id,in_reply_to_user_id,public_metrics,text&expansions=author_id&user.fields=id,name,username,created_at&start_time=2021-11-30T09:00:00.00Z&end_time=2021-12-01T09:00:00.00Z&next_token=b26v89c19zqg8o3fpdy7of1dexyxl5vtpwrkqywoc5bp9
[2021-12-03 22:12:24,184] {logging_mixin.py:112} WARNING - /home/kauai/datapipeline/venv/lib/python3.8/site-packages/urllib3/connectionpool.py:981: InsecureRequestWarning: Unverified HTTPS request is being made to host 'api.twitter.com'. Adding certificate verification is strongly advised. See: https://urllib3.readthedocs.io/en/latest/advanced-usage.html#ssl-warnings
  warnings.warn(
[2021-12-03 22:12:24,550] {twitter_hook.py:36} INFO - URL: https://api.twitter.com/2/tweets/search/recent?query=VascodaGama&tweet.fields=author_id,conversation_id,created_at,id,in_reply_to_user_id,public_metrics,text&expansions=author_id&user.fields=id,name,username,created_at&start_time=2021-11-30T09:00:00.00Z&end_time=2021-12-01T09:00:00.00Z&next_token=b26v89c19zqg8o3fpdy7of1dbxsiju9b1cs5fe0kh32pp
[2021-12-03 22:12:24,550] {logging_mixin.py:112} WARNING - /home/kauai/datapipeline/venv/lib/python3.8/site-packages/urllib3/connectionpool.py:981: InsecureRequestWarning: Unverified HTTPS request is being made to host 'api.twitter.com'. Adding certificate verification is strongly advised. See: https://urllib3.readthedocs.io/en/latest/advanced-usage.html#ssl-warnings
  warnings.warn(
[2021-12-03 22:12:24,927] {twitter_hook.py:36} INFO - URL: https://api.twitter.com/2/tweets/search/recent?query=VascodaGama&tweet.fields=author_id,conversation_id,created_at,id,in_reply_to_user_id,public_metrics,text&expansions=author_id&user.fields=id,name,username,created_at&start_time=2021-11-30T09:00:00.00Z&end_time=2021-12-01T09:00:00.00Z&next_token=b26v89c19zqg8o3fpdy7of1dado9w6jzsl4vtpvyg5v99
[2021-12-03 22:12:24,927] {logging_mixin.py:112} WARNING - /home/kauai/datapipeline/venv/lib/python3.8/site-packages/urllib3/connectionpool.py:981: InsecureRequestWarning: Unverified HTTPS request is being made to host 'api.twitter.com'. Adding certificate verification is strongly advised. See: https://urllib3.readthedocs.io/en/latest/advanced-usage.html#ssl-warnings
  warnings.warn(
[2021-12-03 22:12:25,318] {twitter_hook.py:36} INFO - URL: https://api.twitter.com/2/tweets/search/recent?query=VascodaGama&tweet.fields=author_id,conversation_id,created_at,id,in_reply_to_user_id,public_metrics,text&expansions=author_id&user.fields=id,name,username,created_at&start_time=2021-11-30T09:00:00.00Z&end_time=2021-12-01T09:00:00.00Z&next_token=b26v89c19zqg8o3fpdy7of12r3ba3dyai5e0cmrdtdawt
[2021-12-03 22:12:25,319] {logging_mixin.py:112} WARNING - /home/kauai/datapipeline/venv/lib/python3.8/site-packages/urllib3/connectionpool.py:981: InsecureRequestWarning: Unverified HTTPS request is being made to host 'api.twitter.com'. Adding certificate verification is strongly advised. See: https://urllib3.readthedocs.io/en/latest/advanced-usage.html#ssl-warnings
  warnings.warn(
[2021-12-03 22:12:25,714] {twitter_hook.py:36} INFO - URL: https://api.twitter.com/2/tweets/search/recent?query=VascodaGama&tweet.fields=author_id,conversation_id,created_at,id,in_reply_to_user_id,public_metrics,text&expansions=author_id&user.fields=id,name,username,created_at&start_time=2021-11-30T09:00:00.00Z&end_time=2021-12-01T09:00:00.00Z&next_token=b26v89c19zqg8o3fpdy7of12kzra9bycjotfbbof9kn7h
[2021-12-03 22:12:25,714] {logging_mixin.py:112} WARNING - /home/kauai/datapipeline/venv/lib/python3.8/site-packages/urllib3/connectionpool.py:981: InsecureRequestWarning: Unverified HTTPS request is being made to host 'api.twitter.com'. Adding certificate verification is strongly advised. See: https://urllib3.readthedocs.io/en/latest/advanced-usage.html#ssl-warnings
  warnings.warn(
[2021-12-03 22:12:26,089] {twitter_hook.py:36} INFO - URL: https://api.twitter.com/2/tweets/search/recent?query=VascodaGama&tweet.fields=author_id,conversation_id,created_at,id,in_reply_to_user_id,public_metrics,text&expansions=author_id&user.fields=id,name,username,created_at&start_time=2021-11-30T09:00:00.00Z&end_time=2021-12-01T09:00:00.00Z&next_token=b26v89c19zqg8o3fpdy7of12ggj7ommnonbp3ysbyg77h
[2021-12-03 22:12:26,089] {logging_mixin.py:112} WARNING - /home/kauai/datapipeline/venv/lib/python3.8/site-packages/urllib3/connectionpool.py:981: InsecureRequestWarning: Unverified HTTPS request is being made to host 'api.twitter.com'. Adding certificate verification is strongly advised. See: https://urllib3.readthedocs.io/en/latest/advanced-usage.html#ssl-warnings
  warnings.warn(
[2021-12-03 22:12:26,463] {twitter_hook.py:36} INFO - URL: https://api.twitter.com/2/tweets/search/recent?query=VascodaGama&tweet.fields=author_id,conversation_id,created_at,id,in_reply_to_user_id,public_metrics,text&expansions=author_id&user.fields=id,name,username,created_at&start_time=2021-11-30T09:00:00.00Z&end_time=2021-12-01T09:00:00.00Z&next_token=b26v89c19zqg8o3fpdy7ocz1playceu2ee58ebmzfy1rx
[2021-12-03 22:12:26,463] {logging_mixin.py:112} WARNING - /home/kauai/datapipeline/venv/lib/python3.8/site-packages/urllib3/connectionpool.py:981: InsecureRequestWarning: Unverified HTTPS request is being made to host 'api.twitter.com'. Adding certificate verification is strongly advised. See: https://urllib3.readthedocs.io/en/latest/advanced-usage.html#ssl-warnings
  warnings.warn(
[2021-12-03 22:12:26,869] {twitter_hook.py:36} INFO - URL: https://api.twitter.com/2/tweets/search/recent?query=VascodaGama&tweet.fields=author_id,conversation_id,created_at,id,in_reply_to_user_id,public_metrics,text&expansions=author_id&user.fields=id,name,username,created_at&start_time=2021-11-30T09:00:00.00Z&end_time=2021-12-01T09:00:00.00Z&next_token=b26v89c19zqg8o3fpdy7ocz1l1ut6gs38w90yy6gdgpz1
[2021-12-03 22:12:26,869] {logging_mixin.py:112} WARNING - /home/kauai/datapipeline/venv/lib/python3.8/site-packages/urllib3/connectionpool.py:981: InsecureRequestWarning: Unverified HTTPS request is being made to host 'api.twitter.com'. Adding certificate verification is strongly advised. See: https://urllib3.readthedocs.io/en/latest/advanced-usage.html#ssl-warnings
  warnings.warn(
[2021-12-03 22:12:27,275] {twitter_hook.py:36} INFO - URL: https://api.twitter.com/2/tweets/search/recent?query=VascodaGama&tweet.fields=author_id,conversation_id,created_at,id,in_reply_to_user_id,public_metrics,text&expansions=author_id&user.fields=id,name,username,created_at&start_time=2021-11-30T09:00:00.00Z&end_time=2021-12-01T09:00:00.00Z&next_token=b26v89c19zqg8o3fpdy7ocz1jhyegcpjuezg9qtxsh1tp
[2021-12-03 22:12:27,276] {logging_mixin.py:112} WARNING - /home/kauai/datapipeline/venv/lib/python3.8/site-packages/urllib3/connectionpool.py:981: InsecureRequestWarning: Unverified HTTPS request is being made to host 'api.twitter.com'. Adding certificate verification is strongly advised. See: https://urllib3.readthedocs.io/en/latest/advanced-usage.html#ssl-warnings
  warnings.warn(
[2021-12-03 22:12:27,639] {twitter_hook.py:36} INFO - URL: https://api.twitter.com/2/tweets/search/recent?query=VascodaGama&tweet.fields=author_id,conversation_id,created_at,id,in_reply_to_user_id,public_metrics,text&expansions=author_id&user.fields=id,name,username,created_at&start_time=2021-11-30T09:00:00.00Z&end_time=2021-12-01T09:00:00.00Z&next_token=b26v89c19zqg8o3fpdy7ocyr07695ufym2tbohahhkpz1
[2021-12-03 22:12:27,639] {logging_mixin.py:112} WARNING - /home/kauai/datapipeline/venv/lib/python3.8/site-packages/urllib3/connectionpool.py:981: InsecureRequestWarning: Unverified HTTPS request is being made to host 'api.twitter.com'. Adding certificate verification is strongly advised. See: https://urllib3.readthedocs.io/en/latest/advanced-usage.html#ssl-warnings
  warnings.warn(
[2021-12-03 22:12:27,987] {twitter_hook.py:36} INFO - URL: https://api.twitter.com/2/tweets/search/recent?query=VascodaGama&tweet.fields=author_id,conversation_id,created_at,id,in_reply_to_user_id,public_metrics,text&expansions=author_id&user.fields=id,name,username,created_at&start_time=2021-11-30T09:00:00.00Z&end_time=2021-12-01T09:00:00.00Z&next_token=b26v89c19zqg8o3fpdy7ocyqx6co8e0u6i0tasb5fdvgd
[2021-12-03 22:12:27,988] {logging_mixin.py:112} WARNING - /home/kauai/datapipeline/venv/lib/python3.8/site-packages/urllib3/connectionpool.py:981: InsecureRequestWarning: Unverified HTTPS request is being made to host 'api.twitter.com'. Adding certificate verification is strongly advised. See: https://urllib3.readthedocs.io/en/latest/advanced-usage.html#ssl-warnings
  warnings.warn(
[2021-12-03 22:12:28,356] {twitter_hook.py:36} INFO - URL: https://api.twitter.com/2/tweets/search/recent?query=VascodaGama&tweet.fields=author_id,conversation_id,created_at,id,in_reply_to_user_id,public_metrics,text&expansions=author_id&user.fields=id,name,username,created_at&start_time=2021-11-30T09:00:00.00Z&end_time=2021-12-01T09:00:00.00Z&next_token=b26v89c19zqg8o3fpdy7ocyqu4gqszswna5mirimft7ct
[2021-12-03 22:12:28,357] {logging_mixin.py:112} WARNING - /home/kauai/datapipeline/venv/lib/python3.8/site-packages/urllib3/connectionpool.py:981: InsecureRequestWarning: Unverified HTTPS request is being made to host 'api.twitter.com'. Adding certificate verification is strongly advised. See: https://urllib3.readthedocs.io/en/latest/advanced-usage.html#ssl-warnings
  warnings.warn(
[2021-12-03 22:12:28,743] {twitter_hook.py:36} INFO - URL: https://api.twitter.com/2/tweets/search/recent?query=VascodaGama&tweet.fields=author_id,conversation_id,created_at,id,in_reply_to_user_id,public_metrics,text&expansions=author_id&user.fields=id,name,username,created_at&start_time=2021-11-30T09:00:00.00Z&end_time=2021-12-01T09:00:00.00Z&next_token=b26v89c19zqg8o3fpdy7ocyqpl12wma3abux6cct53tz1
[2021-12-03 22:12:28,743] {logging_mixin.py:112} WARNING - /home/kauai/datapipeline/venv/lib/python3.8/site-packages/urllib3/connectionpool.py:981: InsecureRequestWarning: Unverified HTTPS request is being made to host 'api.twitter.com'. Adding certificate verification is strongly advised. See: https://urllib3.readthedocs.io/en/latest/advanced-usage.html#ssl-warnings
  warnings.warn(
[2021-12-03 22:12:29,130] {twitter_hook.py:36} INFO - URL: https://api.twitter.com/2/tweets/search/recent?query=VascodaGama&tweet.fields=author_id,conversation_id,created_at,id,in_reply_to_user_id,public_metrics,text&expansions=author_id&user.fields=id,name,username,created_at&start_time=2021-11-30T09:00:00.00Z&end_time=2021-12-01T09:00:00.00Z&next_token=b26v89c19zqg8o3fpdy7ocyg7sfldmzrlox7lng273x4t
[2021-12-03 22:12:29,130] {logging_mixin.py:112} WARNING - /home/kauai/datapipeline/venv/lib/python3.8/site-packages/urllib3/connectionpool.py:981: InsecureRequestWarning: Unverified HTTPS request is being made to host 'api.twitter.com'. Adding certificate verification is strongly advised. See: https://urllib3.readthedocs.io/en/latest/advanced-usage.html#ssl-warnings
  warnings.warn(
[2021-12-03 22:12:29,478] {twitter_hook.py:36} INFO - URL: https://api.twitter.com/2/tweets/search/recent?query=VascodaGama&tweet.fields=author_id,conversation_id,created_at,id,in_reply_to_user_id,public_metrics,text&expansions=author_id&user.fields=id,name,username,created_at&start_time=2021-11-30T09:00:00.00Z&end_time=2021-12-01T09:00:00.00Z&next_token=b26v89c19zqg8o3fpdy7ocyg37xdg6iglo2mi87gzpzzx
[2021-12-03 22:12:29,480] {logging_mixin.py:112} WARNING - /home/kauai/datapipeline/venv/lib/python3.8/site-packages/urllib3/connectionpool.py:981: InsecureRequestWarning: Unverified HTTPS request is being made to host 'api.twitter.com'. Adding certificate verification is strongly advised. See: https://urllib3.readthedocs.io/en/latest/advanced-usage.html#ssl-warnings
  warnings.warn(
[2021-12-03 22:12:29,857] {twitter_hook.py:36} INFO - URL: https://api.twitter.com/2/tweets/search/recent?query=VascodaGama&tweet.fields=author_id,conversation_id,created_at,id,in_reply_to_user_id,public_metrics,text&expansions=author_id&user.fields=id,name,username,created_at&start_time=2021-11-30T09:00:00.00Z&end_time=2021-12-01T09:00:00.00Z&next_token=b26v89c19zqg8o3fpdy7ocyfynf6lgfrh8t1gr1007jwd
[2021-12-03 22:12:29,858] {logging_mixin.py:112} WARNING - /home/kauai/datapipeline/venv/lib/python3.8/site-packages/urllib3/connectionpool.py:981: InsecureRequestWarning: Unverified HTTPS request is being made to host 'api.twitter.com'. Adding certificate verification is strongly advised. See: https://urllib3.readthedocs.io/en/latest/advanced-usage.html#ssl-warnings
  warnings.warn(
[2021-12-03 22:12:30,220] {twitter_hook.py:36} INFO - URL: https://api.twitter.com/2/tweets/search/recent?query=VascodaGama&tweet.fields=author_id,conversation_id,created_at,id,in_reply_to_user_id,public_metrics,text&expansions=author_id&user.fields=id,name,username,created_at&start_time=2021-11-30T09:00:00.00Z&end_time=2021-12-01T09:00:00.00Z&next_token=b26v89c19zqg8o3fpdy7ocy5fcuh7kmw5kqwxxi1k6ge5
[2021-12-03 22:12:30,222] {logging_mixin.py:112} WARNING - /home/kauai/datapipeline/venv/lib/python3.8/site-packages/urllib3/connectionpool.py:981: InsecureRequestWarning: Unverified HTTPS request is being made to host 'api.twitter.com'. Adding certificate verification is strongly advised. See: https://urllib3.readthedocs.io/en/latest/advanced-usage.html#ssl-warnings
  warnings.warn(
[2021-12-03 22:12:30,572] {twitter_hook.py:36} INFO - URL: https://api.twitter.com/2/tweets/search/recent?query=VascodaGama&tweet.fields=author_id,conversation_id,created_at,id,in_reply_to_user_id,public_metrics,text&expansions=author_id&user.fields=id,name,username,created_at&start_time=2021-11-30T09:00:00.00Z&end_time=2021-12-01T09:00:00.00Z&next_token=b26v89c19zqg8o3fpdy7ocy5cc14wr5w51tgua6g4g96l
[2021-12-03 22:12:30,573] {logging_mixin.py:112} WARNING - /home/kauai/datapipeline/venv/lib/python3.8/site-packages/urllib3/connectionpool.py:981: InsecureRequestWarning: Unverified HTTPS request is being made to host 'api.twitter.com'. Adding certificate verification is strongly advised. See: https://urllib3.readthedocs.io/en/latest/advanced-usage.html#ssl-warnings
  warnings.warn(
[2021-12-03 22:12:30,955] {twitter_hook.py:36} INFO - URL: https://api.twitter.com/2/tweets/search/recent?query=VascodaGama&tweet.fields=author_id,conversation_id,created_at,id,in_reply_to_user_id,public_metrics,text&expansions=author_id&user.fields=id,name,username,created_at&start_time=2021-11-30T09:00:00.00Z&end_time=2021-12-01T09:00:00.00Z&next_token=b26v89c19zqg8o3fpdy7ocy57qgbuk8ck2mrz79z72w71
[2021-12-03 22:12:30,956] {logging_mixin.py:112} WARNING - /home/kauai/datapipeline/venv/lib/python3.8/site-packages/urllib3/connectionpool.py:981: InsecureRequestWarning: Unverified HTTPS request is being made to host 'api.twitter.com'. Adding certificate verification is strongly advised. See: https://urllib3.readthedocs.io/en/latest/advanced-usage.html#ssl-warnings
  warnings.warn(
[2021-12-03 22:12:31,331] {twitter_hook.py:36} INFO - URL: https://api.twitter.com/2/tweets/search/recent?query=VascodaGama&tweet.fields=author_id,conversation_id,created_at,id,in_reply_to_user_id,public_metrics,text&expansions=author_id&user.fields=id,name,username,created_at&start_time=2021-11-30T09:00:00.00Z&end_time=2021-12-01T09:00:00.00Z&next_token=b26v89c19zqg8o3fpdy7ocy537noh3kzwdjku1p4nwu4d
[2021-12-03 22:12:31,333] {logging_mixin.py:112} WARNING - /home/kauai/datapipeline/venv/lib/python3.8/site-packages/urllib3/connectionpool.py:981: InsecureRequestWarning: Unverified HTTPS request is being made to host 'api.twitter.com'. Adding certificate verification is strongly advised. See: https://urllib3.readthedocs.io/en/latest/advanced-usage.html#ssl-warnings
  warnings.warn(
[2021-12-03 22:12:31,693] {twitter_hook.py:36} INFO - URL: https://api.twitter.com/2/tweets/search/recent?query=VascodaGama&tweet.fields=author_id,conversation_id,created_at,id,in_reply_to_user_id,public_metrics,text&expansions=author_id&user.fields=id,name,username,created_at&start_time=2021-11-30T09:00:00.00Z&end_time=2021-12-01T09:00:00.00Z&next_token=b26v89c19zqg8o3fpdy7ocxulf9xlhhtth2ggrwn2ycu5
[2021-12-03 22:12:31,693] {logging_mixin.py:112} WARNING - /home/kauai/datapipeline/venv/lib/python3.8/site-packages/urllib3/connectionpool.py:981: InsecureRequestWarning: Unverified HTTPS request is being made to host 'api.twitter.com'. Adding certificate verification is strongly advised. See: https://urllib3.readthedocs.io/en/latest/advanced-usage.html#ssl-warnings
  warnings.warn(
[2021-12-03 22:12:32,061] {twitter_hook.py:36} INFO - URL: https://api.twitter.com/2/tweets/search/recent?query=VascodaGama&tweet.fields=author_id,conversation_id,created_at,id,in_reply_to_user_id,public_metrics,text&expansions=author_id&user.fields=id,name,username,created_at&start_time=2021-11-30T09:00:00.00Z&end_time=2021-12-01T09:00:00.00Z&next_token=b26v89c19zqg8o3fpdy7ocxujvddgsgj91fy5mipn8l19
[2021-12-03 22:12:32,061] {logging_mixin.py:112} WARNING - /home/kauai/datapipeline/venv/lib/python3.8/site-packages/urllib3/connectionpool.py:981: InsecureRequestWarning: Unverified HTTPS request is being made to host 'api.twitter.com'. Adding certificate verification is strongly advised. See: https://urllib3.readthedocs.io/en/latest/advanced-usage.html#ssl-warnings
  warnings.warn(
[2021-12-03 22:12:32,429] {twitter_hook.py:36} INFO - URL: https://api.twitter.com/2/tweets/search/recent?query=VascodaGama&tweet.fields=author_id,conversation_id,created_at,id,in_reply_to_user_id,public_metrics,text&expansions=author_id&user.fields=id,name,username,created_at&start_time=2021-11-30T09:00:00.00Z&end_time=2021-12-01T09:00:00.00Z&next_token=b26v89c19zqg8o3fpdy7ocxuidtghffyvlr3m6l2bqykd
[2021-12-03 22:12:32,430] {logging_mixin.py:112} WARNING - /home/kauai/datapipeline/venv/lib/python3.8/site-packages/urllib3/connectionpool.py:981: InsecureRequestWarning: Unverified HTTPS request is being made to host 'api.twitter.com'. Adding certificate verification is strongly advised. See: https://urllib3.readthedocs.io/en/latest/advanced-usage.html#ssl-warnings
  warnings.warn(
[2021-12-03 22:12:32,928] {twitter_hook.py:36} INFO - URL: https://api.twitter.com/2/tweets/search/recent?query=VascodaGama&tweet.fields=author_id,conversation_id,created_at,id,in_reply_to_user_id,public_metrics,text&expansions=author_id&user.fields=id,name,username,created_at&start_time=2021-11-30T09:00:00.00Z&end_time=2021-12-01T09:00:00.00Z&next_token=b26v89c19zqg8o3fpdy7ocxugvetfw9x0o3vqd4jn4by5
[2021-12-03 22:12:32,928] {logging_mixin.py:112} WARNING - /home/kauai/datapipeline/venv/lib/python3.8/site-packages/urllib3/connectionpool.py:981: InsecureRequestWarning: Unverified HTTPS request is being made to host 'api.twitter.com'. Adding certificate verification is strongly advised. See: https://urllib3.readthedocs.io/en/latest/advanced-usage.html#ssl-warnings
  warnings.warn(
[2021-12-03 22:12:33,299] {twitter_hook.py:36} INFO - URL: https://api.twitter.com/2/tweets/search/recent?query=VascodaGama&tweet.fields=author_id,conversation_id,created_at,id,in_reply_to_user_id,public_metrics,text&expansions=author_id&user.fields=id,name,username,created_at&start_time=2021-11-30T09:00:00.00Z&end_time=2021-12-01T09:00:00.00Z&next_token=b26v89c19zqg8o3fpdy7ocxudtix3320sv00gya5o14l9
[2021-12-03 22:12:33,299] {logging_mixin.py:112} WARNING - /home/kauai/datapipeline/venv/lib/python3.8/site-packages/urllib3/connectionpool.py:981: InsecureRequestWarning: Unverified HTTPS request is being made to host 'api.twitter.com'. Adding certificate verification is strongly advised. See: https://urllib3.readthedocs.io/en/latest/advanced-usage.html#ssl-warnings
  warnings.warn(
[2021-12-03 22:12:33,652] {twitter_hook.py:36} INFO - URL: https://api.twitter.com/2/tweets/search/recent?query=VascodaGama&tweet.fields=author_id,conversation_id,created_at,id,in_reply_to_user_id,public_metrics,text&expansions=author_id&user.fields=id,name,username,created_at&start_time=2021-11-30T09:00:00.00Z&end_time=2021-12-01T09:00:00.00Z&next_token=b26v89c19zqg8o3fpdy7ocxuarmzo53a9zgfm3j8v7xj1
[2021-12-03 22:12:33,652] {logging_mixin.py:112} WARNING - /home/kauai/datapipeline/venv/lib/python3.8/site-packages/urllib3/connectionpool.py:981: InsecureRequestWarning: Unverified HTTPS request is being made to host 'api.twitter.com'. Adding certificate verification is strongly advised. See: https://urllib3.readthedocs.io/en/latest/advanced-usage.html#ssl-warnings
  warnings.warn(
[2021-12-03 22:12:34,025] {twitter_hook.py:36} INFO - URL: https://api.twitter.com/2/tweets/search/recent?query=VascodaGama&tweet.fields=author_id,conversation_id,created_at,id,in_reply_to_user_id,public_metrics,text&expansions=author_id&user.fields=id,name,username,created_at&start_time=2021-11-30T09:00:00.00Z&end_time=2021-12-01T09:00:00.00Z&next_token=b26v89c19zqg8o3fpdy7ocxjsymblbhcwzbnqkx4520zh
[2021-12-03 22:12:34,027] {logging_mixin.py:112} WARNING - /home/kauai/datapipeline/venv/lib/python3.8/site-packages/urllib3/connectionpool.py:981: InsecureRequestWarning: Unverified HTTPS request is being made to host 'api.twitter.com'. Adding certificate verification is strongly advised. See: https://urllib3.readthedocs.io/en/latest/advanced-usage.html#ssl-warnings
  warnings.warn(
[2021-12-03 22:12:34,429] {twitter_hook.py:36} INFO - URL: https://api.twitter.com/2/tweets/search/recent?query=VascodaGama&tweet.fields=author_id,conversation_id,created_at,id,in_reply_to_user_id,public_metrics,text&expansions=author_id&user.fields=id,name,username,created_at&start_time=2021-11-30T09:00:00.00Z&end_time=2021-12-01T09:00:00.00Z&next_token=b26v89c19zqg8o3fpdy7ocxjpy0lmxhaxt15zpg2odhfh
[2021-12-03 22:12:34,429] {logging_mixin.py:112} WARNING - /home/kauai/datapipeline/venv/lib/python3.8/site-packages/urllib3/connectionpool.py:981: InsecureRequestWarning: Unverified HTTPS request is being made to host 'api.twitter.com'. Adding certificate verification is strongly advised. See: https://urllib3.readthedocs.io/en/latest/advanced-usage.html#ssl-warnings
  warnings.warn(
[2021-12-03 22:12:34,804] {twitter_hook.py:36} INFO - URL: https://api.twitter.com/2/tweets/search/recent?query=VascodaGama&tweet.fields=author_id,conversation_id,created_at,id,in_reply_to_user_id,public_metrics,text&expansions=author_id&user.fields=id,name,username,created_at&start_time=2021-11-30T09:00:00.00Z&end_time=2021-12-01T09:00:00.00Z&next_token=b26v89c19zqg8o3fpdy7ocxjmvhs18ez5fyikioleuum5
[2021-12-03 22:12:34,805] {logging_mixin.py:112} WARNING - /home/kauai/datapipeline/venv/lib/python3.8/site-packages/urllib3/connectionpool.py:981: InsecureRequestWarning: Unverified HTTPS request is being made to host 'api.twitter.com'. Adding certificate verification is strongly advised. See: https://urllib3.readthedocs.io/en/latest/advanced-usage.html#ssl-warnings
  warnings.warn(
[2021-12-03 22:12:35,226] {twitter_hook.py:36} INFO - URL: https://api.twitter.com/2/tweets/search/recent?query=VascodaGama&tweet.fields=author_id,conversation_id,created_at,id,in_reply_to_user_id,public_metrics,text&expansions=author_id&user.fields=id,name,username,created_at&start_time=2021-11-30T09:00:00.00Z&end_time=2021-12-01T09:00:00.00Z&next_token=b26v89c19zqg8o3fpdy7ocxjldigz72j846u2wrpuj5h9
[2021-12-03 22:12:35,228] {logging_mixin.py:112} WARNING - /home/kauai/datapipeline/venv/lib/python3.8/site-packages/urllib3/connectionpool.py:981: InsecureRequestWarning: Unverified HTTPS request is being made to host 'api.twitter.com'. Adding certificate verification is strongly advised. See: https://urllib3.readthedocs.io/en/latest/advanced-usage.html#ssl-warnings
  warnings.warn(
[2021-12-03 22:12:35,600] {twitter_hook.py:36} INFO - URL: https://api.twitter.com/2/tweets/search/recent?query=VascodaGama&tweet.fields=author_id,conversation_id,created_at,id,in_reply_to_user_id,public_metrics,text&expansions=author_id&user.fields=id,name,username,created_at&start_time=2021-11-30T09:00:00.00Z&end_time=2021-12-01T09:00:00.00Z&next_token=b26v89c19zqg8o3fpdy7ocxjid43nk9sgohs3pqpc6p31
[2021-12-03 22:12:35,602] {logging_mixin.py:112} WARNING - /home/kauai/datapipeline/venv/lib/python3.8/site-packages/urllib3/connectionpool.py:981: InsecureRequestWarning: Unverified HTTPS request is being made to host 'api.twitter.com'. Adding certificate verification is strongly advised. See: https://urllib3.readthedocs.io/en/latest/advanced-usage.html#ssl-warnings
  warnings.warn(
[2021-12-03 22:12:35,995] {twitter_hook.py:36} INFO - URL: https://api.twitter.com/2/tweets/search/recent?query=VascodaGama&tweet.fields=author_id,conversation_id,created_at,id,in_reply_to_user_id,public_metrics,text&expansions=author_id&user.fields=id,name,username,created_at&start_time=2021-11-30T09:00:00.00Z&end_time=2021-12-01T09:00:00.00Z&next_token=b26v89c19zqg8o3fpdy7ocx8w08gsipbsf2jch0jdq54t
[2021-12-03 22:12:35,996] {logging_mixin.py:112} WARNING - /home/kauai/datapipeline/venv/lib/python3.8/site-packages/urllib3/connectionpool.py:981: InsecureRequestWarning: Unverified HTTPS request is being made to host 'api.twitter.com'. Adding certificate verification is strongly advised. See: https://urllib3.readthedocs.io/en/latest/advanced-usage.html#ssl-warnings
  warnings.warn(
[2021-12-03 22:12:36,421] {twitter_hook.py:36} INFO - URL: https://api.twitter.com/2/tweets/search/recent?query=VascodaGama&tweet.fields=author_id,conversation_id,created_at,id,in_reply_to_user_id,public_metrics,text&expansions=author_id&user.fields=id,name,username,created_at&start_time=2021-11-30T09:00:00.00Z&end_time=2021-12-01T09:00:00.00Z&next_token=b26v89c19zqg8o3fpdy7ocwy6m3qgxh1ni49y22d4m3ct
[2021-12-03 22:12:36,422] {logging_mixin.py:112} WARNING - /home/kauai/datapipeline/venv/lib/python3.8/site-packages/urllib3/connectionpool.py:981: InsecureRequestWarning: Unverified HTTPS request is being made to host 'api.twitter.com'. Adding certificate verification is strongly advised. See: https://urllib3.readthedocs.io/en/latest/advanced-usage.html#ssl-warnings
  warnings.warn(
[2021-12-03 22:12:36,780] {twitter_hook.py:36} INFO - URL: https://api.twitter.com/2/tweets/search/recent?query=VascodaGama&tweet.fields=author_id,conversation_id,created_at,id,in_reply_to_user_id,public_metrics,text&expansions=author_id&user.fields=id,name,username,created_at&start_time=2021-11-30T09:00:00.00Z&end_time=2021-12-01T09:00:00.00Z&next_token=b26v89c19zqg8o3fpdy7ocwy0ijnffmfa2p1mh17gwsql
[2021-12-03 22:12:36,780] {logging_mixin.py:112} WARNING - /home/kauai/datapipeline/venv/lib/python3.8/site-packages/urllib3/connectionpool.py:981: InsecureRequestWarning: Unverified HTTPS request is being made to host 'api.twitter.com'. Adding certificate verification is strongly advised. See: https://urllib3.readthedocs.io/en/latest/advanced-usage.html#ssl-warnings
  warnings.warn(
[2021-12-03 22:12:37,153] {twitter_hook.py:36} INFO - URL: https://api.twitter.com/2/tweets/search/recent?query=VascodaGama&tweet.fields=author_id,conversation_id,created_at,id,in_reply_to_user_id,public_metrics,text&expansions=author_id&user.fields=id,name,username,created_at&start_time=2021-11-30T09:00:00.00Z&end_time=2021-12-01T09:00:00.00Z&next_token=b26v89c19zqg8o3fpdy7ocwxvzbjq0punum5ynlosh3st
[2021-12-03 22:12:37,153] {logging_mixin.py:112} WARNING - /home/kauai/datapipeline/venv/lib/python3.8/site-packages/urllib3/connectionpool.py:981: InsecureRequestWarning: Unverified HTTPS request is being made to host 'api.twitter.com'. Adding certificate verification is strongly advised. See: https://urllib3.readthedocs.io/en/latest/advanced-usage.html#ssl-warnings
  warnings.warn(
[2021-12-03 22:12:37,557] {twitter_hook.py:36} INFO - URL: https://api.twitter.com/2/tweets/search/recent?query=VascodaGama&tweet.fields=author_id,conversation_id,created_at,id,in_reply_to_user_id,public_metrics,text&expansions=author_id&user.fields=id,name,username,created_at&start_time=2021-11-30T09:00:00.00Z&end_time=2021-12-01T09:00:00.00Z&next_token=b26v89c19zqg8o3fpdy7ocwnfoa3gkq5c7u4380sds7el
[2021-12-03 22:12:37,558] {logging_mixin.py:112} WARNING - /home/kauai/datapipeline/venv/lib/python3.8/site-packages/urllib3/connectionpool.py:981: InsecureRequestWarning: Unverified HTTPS request is being made to host 'api.twitter.com'. Adding certificate verification is strongly advised. See: https://urllib3.readthedocs.io/en/latest/advanced-usage.html#ssl-warnings
  warnings.warn(
[2021-12-03 22:12:37,947] {twitter_hook.py:36} INFO - URL: https://api.twitter.com/2/tweets/search/recent?query=VascodaGama&tweet.fields=author_id,conversation_id,created_at,id,in_reply_to_user_id,public_metrics,text&expansions=author_id&user.fields=id,name,username,created_at&start_time=2021-11-30T09:00:00.00Z&end_time=2021-12-01T09:00:00.00Z&next_token=b26v89c19zqg8o3fpdy7ocwn9m7zo5p9valklg9tv0sjh
[2021-12-03 22:12:37,947] {logging_mixin.py:112} WARNING - /home/kauai/datapipeline/venv/lib/python3.8/site-packages/urllib3/connectionpool.py:981: InsecureRequestWarning: Unverified HTTPS request is being made to host 'api.twitter.com'. Adding certificate verification is strongly advised. See: https://urllib3.readthedocs.io/en/latest/advanced-usage.html#ssl-warnings
  warnings.warn(
[2021-12-03 22:12:38,338] {twitter_hook.py:36} INFO - URL: https://api.twitter.com/2/tweets/search/recent?query=VascodaGama&tweet.fields=author_id,conversation_id,created_at,id,in_reply_to_user_id,public_metrics,text&expansions=author_id&user.fields=id,name,username,created_at&start_time=2021-11-30T09:00:00.00Z&end_time=2021-12-01T09:00:00.00Z&next_token=b26v89c19zqg8o3fpdy7ocwn83lo37i5kxm1xotfz5awt
[2021-12-03 22:12:38,338] {logging_mixin.py:112} WARNING - /home/kauai/datapipeline/venv/lib/python3.8/site-packages/urllib3/connectionpool.py:981: InsecureRequestWarning: Unverified HTTPS request is being made to host 'api.twitter.com'. Adding certificate verification is strongly advised. See: https://urllib3.readthedocs.io/en/latest/advanced-usage.html#ssl-warnings
  warnings.warn(
[2021-12-03 22:12:38,753] {twitter_hook.py:36} INFO - URL: https://api.twitter.com/2/tweets/search/recent?query=VascodaGama&tweet.fields=author_id,conversation_id,created_at,id,in_reply_to_user_id,public_metrics,text&expansions=author_id&user.fields=id,name,username,created_at&start_time=2021-11-30T09:00:00.00Z&end_time=2021-12-01T09:00:00.00Z&next_token=b26v89c19zqg8o3fpdy7ocwn6lm9q2p9iz9w785cqp2t9
[2021-12-03 22:12:38,754] {logging_mixin.py:112} WARNING - /home/kauai/datapipeline/venv/lib/python3.8/site-packages/urllib3/connectionpool.py:981: InsecureRequestWarning: Unverified HTTPS request is being made to host 'api.twitter.com'. Adding certificate verification is strongly advised. See: https://urllib3.readthedocs.io/en/latest/advanced-usage.html#ssl-warnings
  warnings.warn(
[2021-12-03 22:12:39,132] {twitter_hook.py:36} INFO - URL: https://api.twitter.com/2/tweets/search/recent?query=VascodaGama&tweet.fields=author_id,conversation_id,created_at,id,in_reply_to_user_id,public_metrics,text&expansions=author_id&user.fields=id,name,username,created_at&start_time=2021-11-30T09:00:00.00Z&end_time=2021-12-01T09:00:00.00Z&next_token=b26v89c19zqg8o3fpdy7ocwcos68kkl54b7jhtu5yixz1
[2021-12-03 22:12:39,132] {logging_mixin.py:112} WARNING - /home/kauai/datapipeline/venv/lib/python3.8/site-packages/urllib3/connectionpool.py:981: InsecureRequestWarning: Unverified HTTPS request is being made to host 'api.twitter.com'. Adding certificate verification is strongly advised. See: https://urllib3.readthedocs.io/en/latest/advanced-usage.html#ssl-warnings
  warnings.warn(
[2021-12-03 22:12:39,552] {twitter_hook.py:36} INFO - URL: https://api.twitter.com/2/tweets/search/recent?query=VascodaGama&tweet.fields=author_id,conversation_id,created_at,id,in_reply_to_user_id,public_metrics,text&expansions=author_id&user.fields=id,name,username,created_at&start_time=2021-11-30T09:00:00.00Z&end_time=2021-12-01T09:00:00.00Z&next_token=b26v89c19zqg8o3fpdy7ocwciom03q2dkn293umdu067x
[2021-12-03 22:12:39,554] {logging_mixin.py:112} WARNING - /home/kauai/datapipeline/venv/lib/python3.8/site-packages/urllib3/connectionpool.py:981: InsecureRequestWarning: Unverified HTTPS request is being made to host 'api.twitter.com'. Adding certificate verification is strongly advised. See: https://urllib3.readthedocs.io/en/latest/advanced-usage.html#ssl-warnings
  warnings.warn(
[2021-12-03 22:12:39,946] {twitter_hook.py:36} INFO - URL: https://api.twitter.com/2/tweets/search/recent?query=VascodaGama&tweet.fields=author_id,conversation_id,created_at,id,in_reply_to_user_id,public_metrics,text&expansions=author_id&user.fields=id,name,username,created_at&start_time=2021-11-30T09:00:00.00Z&end_time=2021-12-01T09:00:00.00Z&next_token=b26v89c19zqg8o3fpdy7ocwce4yh8fwvzjdns0xzzat8d
[2021-12-03 22:12:39,947] {logging_mixin.py:112} WARNING - /home/kauai/datapipeline/venv/lib/python3.8/site-packages/urllib3/connectionpool.py:981: InsecureRequestWarning: Unverified HTTPS request is being made to host 'api.twitter.com'. Adding certificate verification is strongly advised. See: https://urllib3.readthedocs.io/en/latest/advanced-usage.html#ssl-warnings
  warnings.warn(
[2021-12-03 22:12:40,349] {twitter_hook.py:36} INFO - URL: https://api.twitter.com/2/tweets/search/recent?query=VascodaGama&tweet.fields=author_id,conversation_id,created_at,id,in_reply_to_user_id,public_metrics,text&expansions=author_id&user.fields=id,name,username,created_at&start_time=2021-11-30T09:00:00.00Z&end_time=2021-12-01T09:00:00.00Z&next_token=b26v89c19zqg8o3fpdy7oaublstcit98bx1mbiuj5ajy5
[2021-12-03 22:12:40,350] {logging_mixin.py:112} WARNING - /home/kauai/datapipeline/venv/lib/python3.8/site-packages/urllib3/connectionpool.py:981: InsecureRequestWarning: Unverified HTTPS request is being made to host 'api.twitter.com'. Adding certificate verification is strongly advised. See: https://urllib3.readthedocs.io/en/latest/advanced-usage.html#ssl-warnings
  warnings.warn(
[2021-12-03 22:12:40,731] {twitter_hook.py:36} INFO - URL: https://api.twitter.com/2/tweets/search/recent?query=VascodaGama&tweet.fields=author_id,conversation_id,created_at,id,in_reply_to_user_id,public_metrics,text&expansions=author_id&user.fields=id,name,username,created_at&start_time=2021-11-30T09:00:00.00Z&end_time=2021-12-01T09:00:00.00Z&next_token=b26v89c19zqg8o3fpdy7oaubh8inqcacbg8r7icpof88t
[2021-12-03 22:12:40,732] {logging_mixin.py:112} WARNING - /home/kauai/datapipeline/venv/lib/python3.8/site-packages/urllib3/connectionpool.py:981: InsecureRequestWarning: Unverified HTTPS request is being made to host 'api.twitter.com'. Adding certificate verification is strongly advised. See: https://urllib3.readthedocs.io/en/latest/advanced-usage.html#ssl-warnings
  warnings.warn(
[2021-12-03 22:12:41,094] {twitter_hook.py:36} INFO - URL: https://api.twitter.com/2/tweets/search/recent?query=VascodaGama&tweet.fields=author_id,conversation_id,created_at,id,in_reply_to_user_id,public_metrics,text&expansions=author_id&user.fields=id,name,username,created_at&start_time=2021-11-30T09:00:00.00Z&end_time=2021-12-01T09:00:00.00Z&next_token=b26v89c19zqg8o3fpdy7oaube72ayfpmba0zugaedd9x9
[2021-12-03 22:12:41,095] {logging_mixin.py:112} WARNING - /home/kauai/datapipeline/venv/lib/python3.8/site-packages/urllib3/connectionpool.py:981: InsecureRequestWarning: Unverified HTTPS request is being made to host 'api.twitter.com'. Adding certificate verification is strongly advised. See: https://urllib3.readthedocs.io/en/latest/advanced-usage.html#ssl-warnings
  warnings.warn(
[2021-12-03 22:12:41,845] {twitter_hook.py:36} INFO - URL: https://api.twitter.com/2/tweets/search/recent?query=VascodaGama&tweet.fields=author_id,conversation_id,created_at,id,in_reply_to_user_id,public_metrics,text&expansions=author_id&user.fields=id,name,username,created_at&start_time=2021-11-30T09:00:00.00Z&end_time=2021-12-01T09:00:00.00Z&next_token=b26v89c19zqg8o3fpdy7oaub9nm8zxleb9x4uxetl0f3x
[2021-12-03 22:12:41,845] {logging_mixin.py:112} WARNING - /home/kauai/datapipeline/venv/lib/python3.8/site-packages/urllib3/connectionpool.py:981: InsecureRequestWarning: Unverified HTTPS request is being made to host 'api.twitter.com'. Adding certificate verification is strongly advised. See: https://urllib3.readthedocs.io/en/latest/advanced-usage.html#ssl-warnings
  warnings.warn(
[2021-12-03 22:12:42,273] {twitter_hook.py:36} INFO - URL: https://api.twitter.com/2/tweets/search/recent?query=VascodaGama&tweet.fields=author_id,conversation_id,created_at,id,in_reply_to_user_id,public_metrics,text&expansions=author_id&user.fields=id,name,username,created_at&start_time=2021-11-30T09:00:00.00Z&end_time=2021-12-01T09:00:00.00Z&next_token=b26v89c19zqg8o3fpdy7oau0tc5usz6lbf45si2rtqr25
[2021-12-03 22:12:42,273] {logging_mixin.py:112} WARNING - /home/kauai/datapipeline/venv/lib/python3.8/site-packages/urllib3/connectionpool.py:981: InsecureRequestWarning: Unverified HTTPS request is being made to host 'api.twitter.com'. Adding certificate verification is strongly advised. See: https://urllib3.readthedocs.io/en/latest/advanced-usage.html#ssl-warnings
  warnings.warn(
[2021-12-03 22:12:42,663] {twitter_hook.py:36} INFO - URL: https://api.twitter.com/2/tweets/search/recent?query=VascodaGama&tweet.fields=author_id,conversation_id,created_at,id,in_reply_to_user_id,public_metrics,text&expansions=author_id&user.fields=id,name,username,created_at&start_time=2021-11-30T09:00:00.00Z&end_time=2021-12-01T09:00:00.00Z&next_token=b26v89c19zqg8o3fpdy7oau0qbcgc8n7i46jrx25bhu9p
[2021-12-03 22:12:42,663] {logging_mixin.py:112} WARNING - /home/kauai/datapipeline/venv/lib/python3.8/site-packages/urllib3/connectionpool.py:981: InsecureRequestWarning: Unverified HTTPS request is being made to host 'api.twitter.com'. Adding certificate verification is strongly advised. See: https://urllib3.readthedocs.io/en/latest/advanced-usage.html#ssl-warnings
  warnings.warn(
[2021-12-03 22:12:43,053] {twitter_hook.py:36} INFO - URL: https://api.twitter.com/2/tweets/search/recent?query=VascodaGama&tweet.fields=author_id,conversation_id,created_at,id,in_reply_to_user_id,public_metrics,text&expansions=author_id&user.fields=id,name,username,created_at&start_time=2021-11-30T09:00:00.00Z&end_time=2021-12-01T09:00:00.00Z&next_token=b26v89c19zqg8o3fpdy7oau0lqu6a7zql6edqb5imjcsd
[2021-12-03 22:12:43,054] {logging_mixin.py:112} WARNING - /home/kauai/datapipeline/venv/lib/python3.8/site-packages/urllib3/connectionpool.py:981: InsecureRequestWarning: Unverified HTTPS request is being made to host 'api.twitter.com'. Adding certificate verification is strongly advised. See: https://urllib3.readthedocs.io/en/latest/advanced-usage.html#ssl-warnings
  warnings.warn(
[2021-12-03 22:12:43,433] {twitter_hook.py:36} INFO - URL: https://api.twitter.com/2/tweets/search/recent?query=VascodaGama&tweet.fields=author_id,conversation_id,created_at,id,in_reply_to_user_id,public_metrics,text&expansions=author_id&user.fields=id,name,username,created_at&start_time=2021-11-30T09:00:00.00Z&end_time=2021-12-01T09:00:00.00Z&next_token=b26v89c19zqg8o3fpdy7oau0h813qiq09j5kr8zl71njx
[2021-12-03 22:12:43,433] {logging_mixin.py:112} WARNING - /home/kauai/datapipeline/venv/lib/python3.8/site-packages/urllib3/connectionpool.py:981: InsecureRequestWarning: Unverified HTTPS request is being made to host 'api.twitter.com'. Adding certificate verification is strongly advised. See: https://urllib3.readthedocs.io/en/latest/advanced-usage.html#ssl-warnings
  warnings.warn(
[2021-12-03 22:12:43,832] {twitter_hook.py:36} INFO - URL: https://api.twitter.com/2/tweets/search/recent?query=VascodaGama&tweet.fields=author_id,conversation_id,created_at,id,in_reply_to_user_id,public_metrics,text&expansions=author_id&user.fields=id,name,username,created_at&start_time=2021-11-30T09:00:00.00Z&end_time=2021-12-01T09:00:00.00Z&next_token=b26v89c19zqg8o3fpdy7oatq0wd10wuwumabgx8807i4d
[2021-12-03 22:12:43,833] {logging_mixin.py:112} WARNING - /home/kauai/datapipeline/venv/lib/python3.8/site-packages/urllib3/connectionpool.py:981: InsecureRequestWarning: Unverified HTTPS request is being made to host 'api.twitter.com'. Adding certificate verification is strongly advised. See: https://urllib3.readthedocs.io/en/latest/advanced-usage.html#ssl-warnings
  warnings.warn(
[2021-12-03 22:12:44,236] {twitter_hook.py:36} INFO - URL: https://api.twitter.com/2/tweets/search/recent?query=VascodaGama&tweet.fields=author_id,conversation_id,created_at,id,in_reply_to_user_id,public_metrics,text&expansions=author_id&user.fields=id,name,username,created_at&start_time=2021-11-30T09:00:00.00Z&end_time=2021-12-01T09:00:00.00Z&next_token=b26v89c19zqg8o3fpdy7oatpxvypxbx2me6cthceb4nst
[2021-12-03 22:12:44,236] {logging_mixin.py:112} WARNING - /home/kauai/datapipeline/venv/lib/python3.8/site-packages/urllib3/connectionpool.py:981: InsecureRequestWarning: Unverified HTTPS request is being made to host 'api.twitter.com'. Adding certificate verification is strongly advised. See: https://urllib3.readthedocs.io/en/latest/advanced-usage.html#ssl-warnings
  warnings.warn(
[2021-12-03 22:12:44,661] {twitter_hook.py:36} INFO - URL: https://api.twitter.com/2/tweets/search/recent?query=VascodaGama&tweet.fields=author_id,conversation_id,created_at,id,in_reply_to_user_id,public_metrics,text&expansions=author_id&user.fields=id,name,username,created_at&start_time=2021-11-30T09:00:00.00Z&end_time=2021-12-01T09:00:00.00Z&next_token=b26v89c19zqg8o3fpdy7oatptcizuvpmhpgmpew4ago71
[2021-12-03 22:12:44,662] {logging_mixin.py:112} WARNING - /home/kauai/datapipeline/venv/lib/python3.8/site-packages/urllib3/connectionpool.py:981: InsecureRequestWarning: Unverified HTTPS request is being made to host 'api.twitter.com'. Adding certificate verification is strongly advised. See: https://urllib3.readthedocs.io/en/latest/advanced-usage.html#ssl-warnings
  warnings.warn(
[2021-12-03 22:12:45,043] {twitter_hook.py:36} INFO - URL: https://api.twitter.com/2/tweets/search/recent?query=VascodaGama&tweet.fields=author_id,conversation_id,created_at,id,in_reply_to_user_id,public_metrics,text&expansions=author_id&user.fields=id,name,username,created_at&start_time=2021-11-30T09:00:00.00Z&end_time=2021-12-01T09:00:00.00Z&next_token=b26v89c19zqg8o3fpdy7oatpor62wgkchmjjj7y0zhbi5
[2021-12-03 22:12:45,044] {logging_mixin.py:112} WARNING - /home/kauai/datapipeline/venv/lib/python3.8/site-packages/urllib3/connectionpool.py:981: InsecureRequestWarning: Unverified HTTPS request is being made to host 'api.twitter.com'. Adding certificate verification is strongly advised. See: https://urllib3.readthedocs.io/en/latest/advanced-usage.html#ssl-warnings
  warnings.warn(
[2021-12-03 22:12:45,409] {twitter_hook.py:36} INFO - URL: https://api.twitter.com/2/tweets/search/recent?query=VascodaGama&tweet.fields=author_id,conversation_id,created_at,id,in_reply_to_user_id,public_metrics,text&expansions=author_id&user.fields=id,name,username,created_at&start_time=2021-11-30T09:00:00.00Z&end_time=2021-12-01T09:00:00.00Z&next_token=b26v89c19zqg8o3fpdy7oatf702jjdhiq39qjhfbi9bp9
[2021-12-03 22:12:45,410] {logging_mixin.py:112} WARNING - /home/kauai/datapipeline/venv/lib/python3.8/site-packages/urllib3/connectionpool.py:981: InsecureRequestWarning: Unverified HTTPS request is being made to host 'api.twitter.com'. Adding certificate verification is strongly advised. See: https://urllib3.readthedocs.io/en/latest/advanced-usage.html#ssl-warnings
  warnings.warn(
[2021-12-03 22:12:45,785] {twitter_hook.py:36} INFO - URL: https://api.twitter.com/2/tweets/search/recent?query=VascodaGama&tweet.fields=author_id,conversation_id,created_at,id,in_reply_to_user_id,public_metrics,text&expansions=author_id&user.fields=id,name,username,created_at&start_time=2021-11-30T09:00:00.00Z&end_time=2021-12-01T09:00:00.00Z&next_token=b26v89c19zqg8o3fpdy7oatf3ye58now0ov2nnfo4q5j1
[2021-12-03 22:12:45,785] {logging_mixin.py:112} WARNING - /home/kauai/datapipeline/venv/lib/python3.8/site-packages/urllib3/connectionpool.py:981: InsecureRequestWarning: Unverified HTTPS request is being made to host 'api.twitter.com'. Adding certificate verification is strongly advised. See: https://urllib3.readthedocs.io/en/latest/advanced-usage.html#ssl-warnings
  warnings.warn(
[2021-12-03 22:12:46,161] {twitter_hook.py:36} INFO - URL: https://api.twitter.com/2/tweets/search/recent?query=VascodaGama&tweet.fields=author_id,conversation_id,created_at,id,in_reply_to_user_id,public_metrics,text&expansions=author_id&user.fields=id,name,username,created_at&start_time=2021-11-30T09:00:00.00Z&end_time=2021-12-01T09:00:00.00Z&next_token=b26v89c19zqg8o3fpdy7oatezej2575ikv4vwvctxfz3x
[2021-12-03 22:12:46,162] {logging_mixin.py:112} WARNING - /home/kauai/datapipeline/venv/lib/python3.8/site-packages/urllib3/connectionpool.py:981: InsecureRequestWarning: Unverified HTTPS request is being made to host 'api.twitter.com'. Adding certificate verification is strongly advised. See: https://urllib3.readthedocs.io/en/latest/advanced-usage.html#ssl-warnings
  warnings.warn(
[2021-12-03 22:12:46,571] {twitter_hook.py:36} INFO - URL: https://api.twitter.com/2/tweets/search/recent?query=VascodaGama&tweet.fields=author_id,conversation_id,created_at,id,in_reply_to_user_id,public_metrics,text&expansions=author_id&user.fields=id,name,username,created_at&start_time=2021-11-30T09:00:00.00Z&end_time=2021-12-01T09:00:00.00Z&next_token=b26v89c19zqg8o3fpdy7oatewdaanalms8cxo8z24fr0d
[2021-12-03 22:12:46,571] {logging_mixin.py:112} WARNING - /home/kauai/datapipeline/venv/lib/python3.8/site-packages/urllib3/connectionpool.py:981: InsecureRequestWarning: Unverified HTTPS request is being made to host 'api.twitter.com'. Adding certificate verification is strongly advised. See: https://urllib3.readthedocs.io/en/latest/advanced-usage.html#ssl-warnings
  warnings.warn(
[2021-12-03 22:12:46,962] {twitter_hook.py:36} INFO - URL: https://api.twitter.com/2/tweets/search/recent?query=VascodaGama&tweet.fields=author_id,conversation_id,created_at,id,in_reply_to_user_id,public_metrics,text&expansions=author_id&user.fields=id,name,username,created_at&start_time=2021-11-30T09:00:00.00Z&end_time=2021-12-01T09:00:00.00Z&next_token=b26v89c19zqg8o3fpdy7oat4bj8jj8ztj3vnp0ht7h3st
[2021-12-03 22:12:46,962] {logging_mixin.py:112} WARNING - /home/kauai/datapipeline/venv/lib/python3.8/site-packages/urllib3/connectionpool.py:981: InsecureRequestWarning: Unverified HTTPS request is being made to host 'api.twitter.com'. Adding certificate verification is strongly advised. See: https://urllib3.readthedocs.io/en/latest/advanced-usage.html#ssl-warnings
  warnings.warn(
[2021-12-03 22:12:47,333] {twitter_hook.py:36} INFO - URL: https://api.twitter.com/2/tweets/search/recent?query=VascodaGama&tweet.fields=author_id,conversation_id,created_at,id,in_reply_to_user_id,public_metrics,text&expansions=author_id&user.fields=id,name,username,created_at&start_time=2021-11-30T09:00:00.00Z&end_time=2021-12-01T09:00:00.00Z&next_token=b26v89c19zqg8o3fpdy7oat43y4f7arfbd7hn35ch59q5
[2021-12-03 22:12:47,334] {logging_mixin.py:112} WARNING - /home/kauai/datapipeline/venv/lib/python3.8/site-packages/urllib3/connectionpool.py:981: InsecureRequestWarning: Unverified HTTPS request is being made to host 'api.twitter.com'. Adding certificate verification is strongly advised. See: https://urllib3.readthedocs.io/en/latest/advanced-usage.html#ssl-warnings
  warnings.warn(
[2021-12-03 22:12:47,703] {twitter_hook.py:36} INFO - URL: https://api.twitter.com/2/tweets/search/recent?query=VascodaGama&tweet.fields=author_id,conversation_id,created_at,id,in_reply_to_user_id,public_metrics,text&expansions=author_id&user.fields=id,name,username,created_at&start_time=2021-11-30T09:00:00.00Z&end_time=2021-12-01T09:00:00.00Z&next_token=b26v89c19zqg8o3fpdy7oastkl76wqljb3ljedk4mwq65
[2021-12-03 22:12:47,704] {logging_mixin.py:112} WARNING - /home/kauai/datapipeline/venv/lib/python3.8/site-packages/urllib3/connectionpool.py:981: InsecureRequestWarning: Unverified HTTPS request is being made to host 'api.twitter.com'. Adding certificate verification is strongly advised. See: https://urllib3.readthedocs.io/en/latest/advanced-usage.html#ssl-warnings
  warnings.warn(
[2021-12-03 22:12:48,096] {twitter_hook.py:36} INFO - URL: https://api.twitter.com/2/tweets/search/recent?query=VascodaGama&tweet.fields=author_id,conversation_id,created_at,id,in_reply_to_user_id,public_metrics,text&expansions=author_id&user.fields=id,name,username,created_at&start_time=2021-11-30T09:00:00.00Z&end_time=2021-12-01T09:00:00.00Z&next_token=b26v89c19zqg8o3fpdy7oastek7dg716ina1weobsdful
[2021-12-03 22:12:48,096] {logging_mixin.py:112} WARNING - /home/kauai/datapipeline/venv/lib/python3.8/site-packages/urllib3/connectionpool.py:981: InsecureRequestWarning: Unverified HTTPS request is being made to host 'api.twitter.com'. Adding certificate verification is strongly advised. See: https://urllib3.readthedocs.io/en/latest/advanced-usage.html#ssl-warnings
  warnings.warn(
[2021-12-03 22:12:48,479] {twitter_hook.py:36} INFO - URL: https://api.twitter.com/2/tweets/search/recent?query=VascodaGama&tweet.fields=author_id,conversation_id,created_at,id,in_reply_to_user_id,public_metrics,text&expansions=author_id&user.fields=id,name,username,created_at&start_time=2021-11-30T09:00:00.00Z&end_time=2021-12-01T09:00:00.00Z&next_token=b26v89c19zqg8o3fpdy7oasiqop0vsa5x4ykk3r548hvh
[2021-12-03 22:12:48,479] {logging_mixin.py:112} WARNING - /home/kauai/datapipeline/venv/lib/python3.8/site-packages/urllib3/connectionpool.py:981: InsecureRequestWarning: Unverified HTTPS request is being made to host 'api.twitter.com'. Adding certificate verification is strongly advised. See: https://urllib3.readthedocs.io/en/latest/advanced-usage.html#ssl-warnings
  warnings.warn(
[2021-12-03 22:12:48,867] {twitter_hook.py:36} INFO - URL: https://api.twitter.com/2/tweets/search/recent?query=VascodaGama&tweet.fields=author_id,conversation_id,created_at,id,in_reply_to_user_id,public_metrics,text&expansions=author_id&user.fields=id,name,username,created_at&start_time=2021-11-30T09:00:00.00Z&end_time=2021-12-01T09:00:00.00Z&next_token=b26v89c19zqg8o3fpdy7oasij1vq1z5j9hsp7btpgc1od
[2021-12-03 22:12:48,868] {logging_mixin.py:112} WARNING - /home/kauai/datapipeline/venv/lib/python3.8/site-packages/urllib3/connectionpool.py:981: InsecureRequestWarning: Unverified HTTPS request is being made to host 'api.twitter.com'. Adding certificate verification is strongly advised. See: https://urllib3.readthedocs.io/en/latest/advanced-usage.html#ssl-warnings
  warnings.warn(
[2021-12-03 22:12:49,242] {twitter_hook.py:36} INFO - URL: https://api.twitter.com/2/tweets/search/recent?query=VascodaGama&tweet.fields=author_id,conversation_id,created_at,id,in_reply_to_user_id,public_metrics,text&expansions=author_id&user.fields=id,name,username,created_at&start_time=2021-11-30T09:00:00.00Z&end_time=2021-12-01T09:00:00.00Z&next_token=b26v89c19zqg8o3fpdy7oas7y9bmc0s9az8dcgx19m8ot
[2021-12-03 22:12:49,242] {logging_mixin.py:112} WARNING - /home/kauai/datapipeline/venv/lib/python3.8/site-packages/urllib3/connectionpool.py:981: InsecureRequestWarning: Unverified HTTPS request is being made to host 'api.twitter.com'. Adding certificate verification is strongly advised. See: https://urllib3.readthedocs.io/en/latest/advanced-usage.html#ssl-warnings
  warnings.warn(
[2021-12-03 22:12:49,591] {twitter_hook.py:36} INFO - URL: https://api.twitter.com/2/tweets/search/recent?query=VascodaGama&tweet.fields=author_id,conversation_id,created_at,id,in_reply_to_user_id,public_metrics,text&expansions=author_id&user.fields=id,name,username,created_at&start_time=2021-11-30T09:00:00.00Z&end_time=2021-12-01T09:00:00.00Z&next_token=b26v89c19zqg8o3fpdy7oas7tp8rgsgvlspvi5ybdoqrh
[2021-12-03 22:12:49,592] {logging_mixin.py:112} WARNING - /home/kauai/datapipeline/venv/lib/python3.8/site-packages/urllib3/connectionpool.py:981: InsecureRequestWarning: Unverified HTTPS request is being made to host 'api.twitter.com'. Adding certificate verification is strongly advised. See: https://urllib3.readthedocs.io/en/latest/advanced-usage.html#ssl-warnings
  warnings.warn(
[2021-12-03 22:12:50,000] {twitter_hook.py:36} INFO - URL: https://api.twitter.com/2/tweets/search/recent?query=VascodaGama&tweet.fields=author_id,conversation_id,created_at,id,in_reply_to_user_id,public_metrics,text&expansions=author_id&user.fields=id,name,username,created_at&start_time=2021-11-30T09:00:00.00Z&end_time=2021-12-01T09:00:00.00Z&next_token=b26v89c19zqg8o3fpdy7oarx2rmu1tooa1i8iub12mmbh
[2021-12-03 22:12:50,000] {logging_mixin.py:112} WARNING - /home/kauai/datapipeline/venv/lib/python3.8/site-packages/urllib3/connectionpool.py:981: InsecureRequestWarning: Unverified HTTPS request is being made to host 'api.twitter.com'. Adding certificate verification is strongly advised. See: https://urllib3.readthedocs.io/en/latest/advanced-usage.html#ssl-warnings
  warnings.warn(
[2021-12-03 22:12:50,343] {taskinstance.py:1057} INFO - Marking task as SUCCESS.dag_id=twitter_dag, task_id=twitter_vascodagama, execution_date=20211130T090000, start_date=20211204T011212, end_date=20211204T011250
[2021-12-03 22:12:52,978] {local_task_job.py:102} INFO - Task exited with return code 0
