[2021-12-03 22:18:21,814] {taskinstance.py:670} INFO - Dependencies all met for <TaskInstance: twitter_dag.transform_twitter_vascodagama 2021-11-29T09:00:00+00:00 [queued]>
[2021-12-03 22:18:21,821] {taskinstance.py:670} INFO - Dependencies all met for <TaskInstance: twitter_dag.transform_twitter_vascodagama 2021-11-29T09:00:00+00:00 [queued]>
[2021-12-03 22:18:21,821] {taskinstance.py:880} INFO - 
--------------------------------------------------------------------------------
[2021-12-03 22:18:21,821] {taskinstance.py:881} INFO - Starting attempt 1 of 1
[2021-12-03 22:18:21,821] {taskinstance.py:882} INFO - 
--------------------------------------------------------------------------------
[2021-12-03 22:18:21,827] {taskinstance.py:901} INFO - Executing <Task(SparkSubmitOperator): transform_twitter_vascodagama> on 2021-11-29T09:00:00+00:00
[2021-12-03 22:18:21,828] {standard_task_runner.py:54} INFO - Started process 5106 to run task
[2021-12-03 22:18:21,875] {standard_task_runner.py:77} INFO - Running: ['airflow', 'run', 'twitter_dag', 'transform_twitter_vascodagama', '2021-11-29T09:00:00+00:00', '--job_id', '97', '--pool', 'default_pool', '--raw', '-sd', 'DAGS_FOLDER/twitter_dag.py', '--cfg_path', '/tmp/tmpdd3xh5ik']
[2021-12-03 22:18:21,875] {standard_task_runner.py:78} INFO - Job 97: Subtask transform_twitter_vascodagama
[2021-12-03 22:18:21,891] {logging_mixin.py:112} INFO - Running <TaskInstance: twitter_dag.transform_twitter_vascodagama 2021-11-29T09:00:00+00:00 [running]> on host kauai-VirtualBox
[2021-12-03 22:18:21,925] {base_hook.py:89} INFO - Using connection to: id: spark_default. Host: local, Port: None, Schema: None, Login: None, Password: None, extra: XXXXXXXX
[2021-12-03 22:18:21,926] {spark_submit_hook.py:325} INFO - Spark-Submit cmd: /home/kauai/spark-3.1.2-bin-hadoop3.2/bin/spark-submit --master local --name twitter_transformation /home/kauai/datapipeline/spark/transformation.py --src /home/kauai/datapipeline/datalake/bronze/twitter_vascodagama/extract_date=2021-11-29 --dest /home/kauai/datapipeline/datalake/silver/twitter_vascodagama/ --process-date 2021-11-29
[2021-12-03 22:18:23,217] {spark_submit_hook.py:479} INFO - 21/12/03 22:18:23 WARN Utils: Your hostname, kauai-VirtualBox resolves to a loopback address: 127.0.1.1; using 10.0.2.15 instead (on interface enp0s3)
[2021-12-03 22:18:23,217] {spark_submit_hook.py:479} INFO - 21/12/03 22:18:23 WARN Utils: Set SPARK_LOCAL_IP if you need to bind to another address
[2021-12-03 22:18:23,224] {spark_submit_hook.py:479} INFO - WARNING: An illegal reflective access operation has occurred
[2021-12-03 22:18:23,224] {spark_submit_hook.py:479} INFO - WARNING: Illegal reflective access by org.apache.spark.unsafe.Platform (file:/opt/spark/jars/spark-unsafe_2.12-3.1.2.jar) to constructor java.nio.DirectByteBuffer(long,int)
[2021-12-03 22:18:23,224] {spark_submit_hook.py:479} INFO - WARNING: Please consider reporting this to the maintainers of org.apache.spark.unsafe.Platform
[2021-12-03 22:18:23,224] {spark_submit_hook.py:479} INFO - WARNING: Use --illegal-access=warn to enable warnings of further illegal reflective access operations
[2021-12-03 22:18:23,229] {spark_submit_hook.py:479} INFO - WARNING: All illegal access operations will be denied in a future release
[2021-12-03 22:18:23,757] {spark_submit_hook.py:479} INFO - 21/12/03 22:18:23 WARN NativeCodeLoader: Unable to load native-hadoop library for your platform... using builtin-java classes where applicable
[2021-12-03 22:18:24,479] {spark_submit_hook.py:479} INFO - Using Spark's default log4j profile: org/apache/spark/log4j-defaults.properties
[2021-12-03 22:18:24,485] {spark_submit_hook.py:479} INFO - 21/12/03 22:18:24 INFO SparkContext: Running Spark version 3.1.2
[2021-12-03 22:18:24,536] {spark_submit_hook.py:479} INFO - 21/12/03 22:18:24 INFO ResourceUtils: ==============================================================
[2021-12-03 22:18:24,537] {spark_submit_hook.py:479} INFO - 21/12/03 22:18:24 INFO ResourceUtils: No custom resources configured for spark.driver.
[2021-12-03 22:18:24,538] {spark_submit_hook.py:479} INFO - 21/12/03 22:18:24 INFO ResourceUtils: ==============================================================
[2021-12-03 22:18:24,539] {spark_submit_hook.py:479} INFO - 21/12/03 22:18:24 INFO SparkContext: Submitted application: twitter_transformation
[2021-12-03 22:18:24,574] {spark_submit_hook.py:479} INFO - 21/12/03 22:18:24 INFO ResourceProfile: Default ResourceProfile created, executor resources: Map(cores -> name: cores, amount: 1, script: , vendor: , memory -> name: memory, amount: 1024, script: , vendor: , offHeap -> name: offHeap, amount: 0, script: , vendor: ), task resources: Map(cpus -> name: cpus, amount: 1.0)
[2021-12-03 22:18:24,586] {spark_submit_hook.py:479} INFO - 21/12/03 22:18:24 INFO ResourceProfile: Limiting resource is cpu
[2021-12-03 22:18:24,587] {spark_submit_hook.py:479} INFO - 21/12/03 22:18:24 INFO ResourceProfileManager: Added ResourceProfile id: 0
[2021-12-03 22:18:24,644] {spark_submit_hook.py:479} INFO - 21/12/03 22:18:24 INFO SecurityManager: Changing view acls to: kauai
[2021-12-03 22:18:24,644] {spark_submit_hook.py:479} INFO - 21/12/03 22:18:24 INFO SecurityManager: Changing modify acls to: kauai
[2021-12-03 22:18:24,644] {spark_submit_hook.py:479} INFO - 21/12/03 22:18:24 INFO SecurityManager: Changing view acls groups to:
[2021-12-03 22:18:24,644] {spark_submit_hook.py:479} INFO - 21/12/03 22:18:24 INFO SecurityManager: Changing modify acls groups to:
[2021-12-03 22:18:24,644] {spark_submit_hook.py:479} INFO - 21/12/03 22:18:24 INFO SecurityManager: SecurityManager: authentication disabled; ui acls disabled; users  with view permissions: Set(kauai); groups with view permissions: Set(); users  with modify permissions: Set(kauai); groups with modify permissions: Set()
[2021-12-03 22:18:24,959] {spark_submit_hook.py:479} INFO - 21/12/03 22:18:24 INFO Utils: Successfully started service 'sparkDriver' on port 44945.
[2021-12-03 22:18:25,002] {spark_submit_hook.py:479} INFO - 21/12/03 22:18:25 INFO SparkEnv: Registering MapOutputTracker
[2021-12-03 22:18:25,061] {spark_submit_hook.py:479} INFO - 21/12/03 22:18:25 INFO SparkEnv: Registering BlockManagerMaster
[2021-12-03 22:18:25,075] {spark_submit_hook.py:479} INFO - 21/12/03 22:18:25 INFO BlockManagerMasterEndpoint: Using org.apache.spark.storage.DefaultTopologyMapper for getting topology information
[2021-12-03 22:18:25,075] {spark_submit_hook.py:479} INFO - 21/12/03 22:18:25 INFO BlockManagerMasterEndpoint: BlockManagerMasterEndpoint up
[2021-12-03 22:18:25,079] {spark_submit_hook.py:479} INFO - 21/12/03 22:18:25 INFO SparkEnv: Registering BlockManagerMasterHeartbeat
[2021-12-03 22:18:25,090] {spark_submit_hook.py:479} INFO - 21/12/03 22:18:25 INFO DiskBlockManager: Created local directory at /tmp/blockmgr-15cd5352-a203-4a0b-8c89-b5c8236d198b
[2021-12-03 22:18:25,118] {spark_submit_hook.py:479} INFO - 21/12/03 22:18:25 INFO MemoryStore: MemoryStore started with capacity 413.9 MiB
[2021-12-03 22:18:25,147] {spark_submit_hook.py:479} INFO - 21/12/03 22:18:25 INFO SparkEnv: Registering OutputCommitCoordinator
[2021-12-03 22:18:25,629] {spark_submit_hook.py:479} INFO - 21/12/03 22:18:25 INFO Utils: Successfully started service 'SparkUI' on port 4040.
[2021-12-03 22:18:25,891] {spark_submit_hook.py:479} INFO - 21/12/03 22:18:25 INFO SparkUI: Bound SparkUI to 0.0.0.0, and started at http://10.0.2.15:4040
[2021-12-03 22:18:26,298] {spark_submit_hook.py:479} INFO - 21/12/03 22:18:26 INFO Executor: Starting executor ID driver on host 10.0.2.15
[2021-12-03 22:18:26,392] {spark_submit_hook.py:479} INFO - 21/12/03 22:18:26 INFO Utils: Successfully started service 'org.apache.spark.network.netty.NettyBlockTransferService' on port 43077.
[2021-12-03 22:18:26,392] {spark_submit_hook.py:479} INFO - 21/12/03 22:18:26 INFO NettyBlockTransferService: Server created on 10.0.2.15:43077
[2021-12-03 22:18:26,399] {spark_submit_hook.py:479} INFO - 21/12/03 22:18:26 INFO BlockManager: Using org.apache.spark.storage.RandomBlockReplicationPolicy for block replication policy
[2021-12-03 22:18:26,417] {spark_submit_hook.py:479} INFO - 21/12/03 22:18:26 INFO BlockManagerMaster: Registering BlockManager BlockManagerId(driver, 10.0.2.15, 43077, None)
[2021-12-03 22:18:26,435] {spark_submit_hook.py:479} INFO - 21/12/03 22:18:26 INFO BlockManagerMasterEndpoint: Registering block manager 10.0.2.15:43077 with 413.9 MiB RAM, BlockManagerId(driver, 10.0.2.15, 43077, None)
[2021-12-03 22:18:26,442] {spark_submit_hook.py:479} INFO - 21/12/03 22:18:26 INFO BlockManagerMaster: Registered BlockManager BlockManagerId(driver, 10.0.2.15, 43077, None)
[2021-12-03 22:18:26,443] {spark_submit_hook.py:479} INFO - 21/12/03 22:18:26 INFO BlockManager: Initialized BlockManager: BlockManagerId(driver, 10.0.2.15, 43077, None)
[2021-12-03 22:18:27,160] {spark_submit_hook.py:479} INFO - 21/12/03 22:18:27 INFO SharedState: Setting hive.metastore.warehouse.dir ('null') to the value of spark.sql.warehouse.dir ('file:/home/kauai/datapipeline/spark-warehouse').
[2021-12-03 22:18:27,166] {spark_submit_hook.py:479} INFO - 21/12/03 22:18:27 INFO SharedState: Warehouse path is 'file:/home/kauai/datapipeline/spark-warehouse'.
[2021-12-03 22:18:28,236] {spark_submit_hook.py:479} INFO - 21/12/03 22:18:28 INFO InMemoryFileIndex: It took 78 ms to list leaf files for 1 paths.
[2021-12-03 22:18:28,312] {spark_submit_hook.py:479} INFO - 21/12/03 22:18:28 INFO InMemoryFileIndex: It took 2 ms to list leaf files for 1 paths.
[2021-12-03 22:18:30,715] {spark_submit_hook.py:479} INFO - 21/12/03 22:18:30 INFO FileSourceStrategy: Pushed Filters:
[2021-12-03 22:18:30,715] {spark_submit_hook.py:479} INFO - 21/12/03 22:18:30 INFO FileSourceStrategy: Post-Scan Filters:
[2021-12-03 22:18:30,718] {spark_submit_hook.py:479} INFO - 21/12/03 22:18:30 INFO FileSourceStrategy: Output Data Schema: struct<value: string>
[2021-12-03 22:18:31,060] {spark_submit_hook.py:479} INFO - 21/12/03 22:18:31 INFO MemoryStore: Block broadcast_0 stored as values in memory (estimated size 174.7 KiB, free 413.8 MiB)
[2021-12-03 22:18:31,149] {spark_submit_hook.py:479} INFO - 21/12/03 22:18:31 INFO MemoryStore: Block broadcast_0_piece0 stored as bytes in memory (estimated size 27.6 KiB, free 413.7 MiB)
[2021-12-03 22:18:31,153] {spark_submit_hook.py:479} INFO - 21/12/03 22:18:31 INFO BlockManagerInfo: Added broadcast_0_piece0 in memory on 10.0.2.15:43077 (size: 27.6 KiB, free: 413.9 MiB)
[2021-12-03 22:18:31,159] {spark_submit_hook.py:479} INFO - 21/12/03 22:18:31 INFO SparkContext: Created broadcast 0 from json at NativeMethodAccessorImpl.java:0
[2021-12-03 22:18:31,178] {spark_submit_hook.py:479} INFO - 21/12/03 22:18:31 INFO FileSourceScanExec: Planning scan with bin packing, max size: 5579127 bytes, open cost is considered as scanning 4194304 bytes.
[2021-12-03 22:18:31,432] {spark_submit_hook.py:479} INFO - 21/12/03 22:18:31 INFO SparkContext: Starting job: json at NativeMethodAccessorImpl.java:0
[2021-12-03 22:18:31,457] {spark_submit_hook.py:479} INFO - 21/12/03 22:18:31 INFO DAGScheduler: Got job 0 (json at NativeMethodAccessorImpl.java:0) with 1 output partitions
[2021-12-03 22:18:31,458] {spark_submit_hook.py:479} INFO - 21/12/03 22:18:31 INFO DAGScheduler: Final stage: ResultStage 0 (json at NativeMethodAccessorImpl.java:0)
[2021-12-03 22:18:31,458] {spark_submit_hook.py:479} INFO - 21/12/03 22:18:31 INFO DAGScheduler: Parents of final stage: List()
[2021-12-03 22:18:31,459] {spark_submit_hook.py:479} INFO - 21/12/03 22:18:31 INFO DAGScheduler: Missing parents: List()
[2021-12-03 22:18:31,471] {spark_submit_hook.py:479} INFO - 21/12/03 22:18:31 INFO DAGScheduler: Submitting ResultStage 0 (MapPartitionsRDD[3] at json at NativeMethodAccessorImpl.java:0), which has no missing parents
[2021-12-03 22:18:31,631] {spark_submit_hook.py:479} INFO - 21/12/03 22:18:31 INFO MemoryStore: Block broadcast_1 stored as values in memory (estimated size 12.0 KiB, free 413.7 MiB)
[2021-12-03 22:18:31,634] {spark_submit_hook.py:479} INFO - 21/12/03 22:18:31 INFO MemoryStore: Block broadcast_1_piece0 stored as bytes in memory (estimated size 6.3 KiB, free 413.7 MiB)
[2021-12-03 22:18:31,635] {spark_submit_hook.py:479} INFO - 21/12/03 22:18:31 INFO BlockManagerInfo: Added broadcast_1_piece0 in memory on 10.0.2.15:43077 (size: 6.3 KiB, free: 413.9 MiB)
[2021-12-03 22:18:31,641] {spark_submit_hook.py:479} INFO - 21/12/03 22:18:31 INFO SparkContext: Created broadcast 1 from broadcast at DAGScheduler.scala:1388
[2021-12-03 22:18:31,664] {spark_submit_hook.py:479} INFO - 21/12/03 22:18:31 INFO DAGScheduler: Submitting 1 missing tasks from ResultStage 0 (MapPartitionsRDD[3] at json at NativeMethodAccessorImpl.java:0) (first 15 tasks are for partitions Vector(0))
[2021-12-03 22:18:31,665] {spark_submit_hook.py:479} INFO - 21/12/03 22:18:31 INFO TaskSchedulerImpl: Adding task set 0.0 with 1 tasks resource profile 0
[2021-12-03 22:18:31,728] {spark_submit_hook.py:479} INFO - 21/12/03 22:18:31 INFO TaskSetManager: Starting task 0.0 in stage 0.0 (TID 0) (10.0.2.15, executor driver, partition 0, PROCESS_LOCAL, 4942 bytes) taskResourceAssignments Map()
[2021-12-03 22:18:31,751] {spark_submit_hook.py:479} INFO - 21/12/03 22:18:31 INFO Executor: Running task 0.0 in stage 0.0 (TID 0)
[2021-12-03 22:18:31,927] {spark_submit_hook.py:479} INFO - 21/12/03 22:18:31 INFO FileScanRDD: Reading File path: file:///home/kauai/datapipeline/datalake/bronze/twitter_vascodagama/extract_date=2021-11-29/VascodaGama_20211129.json, range: 0-1384823, partition values: [empty row]
[2021-12-03 22:18:32,307] {spark_submit_hook.py:479} INFO - 21/12/03 22:18:32 INFO CodeGenerator: Code generated in 229.310127 ms
[2021-12-03 22:18:32,542] {spark_submit_hook.py:479} INFO - 21/12/03 22:18:32 INFO Executor: Finished task 0.0 in stage 0.0 (TID 0). 2858 bytes result sent to driver
[2021-12-03 22:18:32,564] {spark_submit_hook.py:479} INFO - 21/12/03 22:18:32 INFO TaskSetManager: Finished task 0.0 in stage 0.0 (TID 0) in 847 ms on 10.0.2.15 (executor driver) (1/1)
[2021-12-03 22:18:32,582] {spark_submit_hook.py:479} INFO - 21/12/03 22:18:32 INFO DAGScheduler: ResultStage 0 (json at NativeMethodAccessorImpl.java:0) finished in 1,078 s
[2021-12-03 22:18:32,585] {spark_submit_hook.py:479} INFO - 21/12/03 22:18:32 INFO TaskSchedulerImpl: Removed TaskSet 0.0, whose tasks have all completed, from pool
[2021-12-03 22:18:32,588] {spark_submit_hook.py:479} INFO - 21/12/03 22:18:32 INFO DAGScheduler: Job 0 is finished. Cancelling potential speculative or zombie tasks for this job
[2021-12-03 22:18:32,591] {spark_submit_hook.py:479} INFO - 21/12/03 22:18:32 INFO TaskSchedulerImpl: Killing all running tasks in stage 0: Stage finished
[2021-12-03 22:18:32,607] {spark_submit_hook.py:479} INFO - 21/12/03 22:18:32 INFO DAGScheduler: Job 0 finished: json at NativeMethodAccessorImpl.java:0, took 1,158794 s
[2021-12-03 22:18:33,278] {spark_submit_hook.py:479} INFO - 21/12/03 22:18:33 INFO FileSourceStrategy: Pushed Filters: IsNotNull(data)
[2021-12-03 22:18:33,279] {spark_submit_hook.py:479} INFO - 21/12/03 22:18:33 INFO FileSourceStrategy: Post-Scan Filters: (size(data#7, true) > 0),isnotnull(data#7)
[2021-12-03 22:18:33,281] {spark_submit_hook.py:479} INFO - 21/12/03 22:18:33 INFO FileSourceStrategy: Output Data Schema: struct<data: array<struct<author_id:string,conversation_id:string,created_at:string,id:string,in_reply_to_user_id:string,public_metrics:struct<like_count:bigint,quote_count:bigint,reply_count:bigint,retweet_count:bigint>,text:string>>>
[2021-12-03 22:18:33,466] {spark_submit_hook.py:479} INFO - 21/12/03 22:18:33 INFO BlockManagerInfo: Removed broadcast_1_piece0 on 10.0.2.15:43077 in memory (size: 6.3 KiB, free: 413.9 MiB)
[2021-12-03 22:18:33,508] {spark_submit_hook.py:479} INFO - 21/12/03 22:18:33 INFO BlockManagerInfo: Removed broadcast_0_piece0 on 10.0.2.15:43077 in memory (size: 27.6 KiB, free: 413.9 MiB)
[2021-12-03 22:18:33,513] {spark_submit_hook.py:479} INFO - 21/12/03 22:18:33 INFO FileOutputCommitter: File Output Committer Algorithm version is 1
[2021-12-03 22:18:33,513] {spark_submit_hook.py:479} INFO - 21/12/03 22:18:33 INFO FileOutputCommitter: FileOutputCommitter skip cleanup _temporary folders under output directory:false, ignore cleanup failures: false
[2021-12-03 22:18:33,516] {spark_submit_hook.py:479} INFO - 21/12/03 22:18:33 INFO SQLHadoopMapReduceCommitProtocol: Using output committer class org.apache.hadoop.mapreduce.lib.output.FileOutputCommitter
[2021-12-03 22:18:33,778] {spark_submit_hook.py:479} INFO - 21/12/03 22:18:33 INFO CodeGenerator: Code generated in 78.126027 ms
[2021-12-03 22:18:33,876] {spark_submit_hook.py:479} INFO - 21/12/03 22:18:33 INFO CodeGenerator: Code generated in 57.733581 ms
[2021-12-03 22:18:33,884] {spark_submit_hook.py:479} INFO - 21/12/03 22:18:33 INFO MemoryStore: Block broadcast_2 stored as values in memory (estimated size 174.6 KiB, free 413.8 MiB)
[2021-12-03 22:18:33,903] {spark_submit_hook.py:479} INFO - 21/12/03 22:18:33 INFO MemoryStore: Block broadcast_2_piece0 stored as bytes in memory (estimated size 27.6 KiB, free 413.7 MiB)
[2021-12-03 22:18:33,904] {spark_submit_hook.py:479} INFO - 21/12/03 22:18:33 INFO BlockManagerInfo: Added broadcast_2_piece0 in memory on 10.0.2.15:43077 (size: 27.6 KiB, free: 413.9 MiB)
[2021-12-03 22:18:33,911] {spark_submit_hook.py:479} INFO - 21/12/03 22:18:33 INFO SparkContext: Created broadcast 2 from json at NativeMethodAccessorImpl.java:0
[2021-12-03 22:18:33,917] {spark_submit_hook.py:479} INFO - 21/12/03 22:18:33 INFO FileSourceScanExec: Planning scan with bin packing, max size: 5579127 bytes, open cost is considered as scanning 4194304 bytes.
[2021-12-03 22:18:34,077] {spark_submit_hook.py:479} INFO - 21/12/03 22:18:34 INFO SparkContext: Starting job: json at NativeMethodAccessorImpl.java:0
[2021-12-03 22:18:34,079] {spark_submit_hook.py:479} INFO - 21/12/03 22:18:34 INFO DAGScheduler: Got job 1 (json at NativeMethodAccessorImpl.java:0) with 1 output partitions
[2021-12-03 22:18:34,079] {spark_submit_hook.py:479} INFO - 21/12/03 22:18:34 INFO DAGScheduler: Final stage: ResultStage 1 (json at NativeMethodAccessorImpl.java:0)
[2021-12-03 22:18:34,079] {spark_submit_hook.py:479} INFO - 21/12/03 22:18:34 INFO DAGScheduler: Parents of final stage: List()
[2021-12-03 22:18:34,079] {spark_submit_hook.py:479} INFO - 21/12/03 22:18:34 INFO DAGScheduler: Missing parents: List()
[2021-12-03 22:18:34,083] {spark_submit_hook.py:479} INFO - 21/12/03 22:18:34 INFO DAGScheduler: Submitting ResultStage 1 (CoalescedRDD[13] at json at NativeMethodAccessorImpl.java:0), which has no missing parents
[2021-12-03 22:18:34,170] {spark_submit_hook.py:479} INFO - 21/12/03 22:18:34 INFO MemoryStore: Block broadcast_3 stored as values in memory (estimated size 188.7 KiB, free 413.5 MiB)
[2021-12-03 22:18:34,182] {spark_submit_hook.py:479} INFO - 21/12/03 22:18:34 INFO MemoryStore: Block broadcast_3_piece0 stored as bytes in memory (estimated size 66.6 KiB, free 413.5 MiB)
[2021-12-03 22:18:34,183] {spark_submit_hook.py:479} INFO - 21/12/03 22:18:34 INFO BlockManagerInfo: Added broadcast_3_piece0 in memory on 10.0.2.15:43077 (size: 66.6 KiB, free: 413.8 MiB)
[2021-12-03 22:18:34,193] {spark_submit_hook.py:479} INFO - 21/12/03 22:18:34 INFO SparkContext: Created broadcast 3 from broadcast at DAGScheduler.scala:1388
[2021-12-03 22:18:34,197] {spark_submit_hook.py:479} INFO - 21/12/03 22:18:34 INFO DAGScheduler: Submitting 1 missing tasks from ResultStage 1 (CoalescedRDD[13] at json at NativeMethodAccessorImpl.java:0) (first 15 tasks are for partitions Vector(0))
[2021-12-03 22:18:34,197] {spark_submit_hook.py:479} INFO - 21/12/03 22:18:34 INFO TaskSchedulerImpl: Adding task set 1.0 with 1 tasks resource profile 0
[2021-12-03 22:18:34,204] {spark_submit_hook.py:479} INFO - 21/12/03 22:18:34 INFO TaskSetManager: Starting task 0.0 in stage 1.0 (TID 1) (10.0.2.15, executor driver, partition 0, PROCESS_LOCAL, 5171 bytes) taskResourceAssignments Map()
[2021-12-03 22:18:34,219] {spark_submit_hook.py:479} INFO - 21/12/03 22:18:34 INFO Executor: Running task 0.0 in stage 1.0 (TID 1)
[2021-12-03 22:18:34,483] {spark_submit_hook.py:479} INFO - 21/12/03 22:18:34 INFO FileOutputCommitter: File Output Committer Algorithm version is 1
[2021-12-03 22:18:34,483] {spark_submit_hook.py:479} INFO - 21/12/03 22:18:34 INFO FileOutputCommitter: FileOutputCommitter skip cleanup _temporary folders under output directory:false, ignore cleanup failures: false
[2021-12-03 22:18:34,485] {spark_submit_hook.py:479} INFO - 21/12/03 22:18:34 INFO SQLHadoopMapReduceCommitProtocol: Using output committer class org.apache.hadoop.mapreduce.lib.output.FileOutputCommitter
[2021-12-03 22:18:34,663] {spark_submit_hook.py:479} INFO - 21/12/03 22:18:34 INFO CodeGenerator: Code generated in 47.814442 ms
[2021-12-03 22:18:34,666] {spark_submit_hook.py:479} INFO - 21/12/03 22:18:34 INFO FileScanRDD: Reading File path: file:///home/kauai/datapipeline/datalake/bronze/twitter_vascodagama/extract_date=2021-11-29/VascodaGama_20211129.json, range: 0-1384823, partition values: [empty row]
[2021-12-03 22:18:34,707] {spark_submit_hook.py:479} INFO - 21/12/03 22:18:34 INFO CodeGenerator: Code generated in 39.255648 ms
[2021-12-03 22:18:34,742] {spark_submit_hook.py:479} INFO - 21/12/03 22:18:34 INFO CodeGenerator: Code generated in 12.648357 ms
[2021-12-03 22:18:35,096] {spark_submit_hook.py:479} INFO - 21/12/03 22:18:35 INFO FileOutputCommitter: Saved output of task 'attempt_202112032218344724746149584163105_0001_m_000000_1' to file:/home/kauai/datapipeline/datalake/silver/twitter_vascodagama/tweet/process_date=2021-11-29/_temporary/0/task_202112032218344724746149584163105_0001_m_000000
[2021-12-03 22:18:35,099] {spark_submit_hook.py:479} INFO - 21/12/03 22:18:35 INFO SparkHadoopMapRedUtil: attempt_202112032218344724746149584163105_0001_m_000000_1: Committed
[2021-12-03 22:18:35,112] {spark_submit_hook.py:479} INFO - 21/12/03 22:18:35 INFO Executor: Finished task 0.0 in stage 1.0 (TID 1). 2944 bytes result sent to driver
[2021-12-03 22:18:35,123] {spark_submit_hook.py:479} INFO - 21/12/03 22:18:35 INFO TaskSetManager: Finished task 0.0 in stage 1.0 (TID 1) in 922 ms on 10.0.2.15 (executor driver) (1/1)
[2021-12-03 22:18:35,130] {spark_submit_hook.py:479} INFO - 21/12/03 22:18:35 INFO DAGScheduler: ResultStage 1 (json at NativeMethodAccessorImpl.java:0) finished in 1,039 s
[2021-12-03 22:18:35,131] {spark_submit_hook.py:479} INFO - 21/12/03 22:18:35 INFO DAGScheduler: Job 1 is finished. Cancelling potential speculative or zombie tasks for this job
[2021-12-03 22:18:35,138] {spark_submit_hook.py:479} INFO - 21/12/03 22:18:35 INFO TaskSchedulerImpl: Removed TaskSet 1.0, whose tasks have all completed, from pool
[2021-12-03 22:18:35,139] {spark_submit_hook.py:479} INFO - 21/12/03 22:18:35 INFO TaskSchedulerImpl: Killing all running tasks in stage 1: Stage finished
[2021-12-03 22:18:35,149] {spark_submit_hook.py:479} INFO - 21/12/03 22:18:35 INFO DAGScheduler: Job 1 finished: json at NativeMethodAccessorImpl.java:0, took 1,067390 s
[2021-12-03 22:18:35,189] {spark_submit_hook.py:479} INFO - 21/12/03 22:18:35 INFO FileFormatWriter: Write Job d61af8ed-d43a-4d7c-b7bb-aa4163ea7deb committed.
[2021-12-03 22:18:35,195] {spark_submit_hook.py:479} INFO - 21/12/03 22:18:35 INFO FileFormatWriter: Finished processing stats for write job d61af8ed-d43a-4d7c-b7bb-aa4163ea7deb.
[2021-12-03 22:18:35,340] {spark_submit_hook.py:479} INFO - 21/12/03 22:18:35 INFO FileSourceStrategy: Pushed Filters: IsNotNull(includes)
[2021-12-03 22:18:35,345] {spark_submit_hook.py:479} INFO - 21/12/03 22:18:35 INFO FileSourceStrategy: Post-Scan Filters: isnotnull(includes#8),(size(includes#8.users, true) > 0),isnotnull(includes#8.users)
[2021-12-03 22:18:35,346] {spark_submit_hook.py:479} INFO - 21/12/03 22:18:35 INFO FileSourceStrategy: Output Data Schema: struct<includes: struct<users: array<struct<created_at:string,id:string,name:string,username:string>>>>
[2021-12-03 22:18:35,403] {spark_submit_hook.py:479} INFO - 21/12/03 22:18:35 INFO FileOutputCommitter: File Output Committer Algorithm version is 1
[2021-12-03 22:18:35,404] {spark_submit_hook.py:479} INFO - 21/12/03 22:18:35 INFO FileOutputCommitter: FileOutputCommitter skip cleanup _temporary folders under output directory:false, ignore cleanup failures: false
[2021-12-03 22:18:35,410] {spark_submit_hook.py:479} INFO - 21/12/03 22:18:35 INFO SQLHadoopMapReduceCommitProtocol: Using output committer class org.apache.hadoop.mapreduce.lib.output.FileOutputCommitter
[2021-12-03 22:18:35,514] {spark_submit_hook.py:479} INFO - 21/12/03 22:18:35 INFO CodeGenerator: Code generated in 43.891724 ms
[2021-12-03 22:18:35,551] {spark_submit_hook.py:479} INFO - 21/12/03 22:18:35 INFO CodeGenerator: Code generated in 27.614706 ms
[2021-12-03 22:18:35,556] {spark_submit_hook.py:479} INFO - 21/12/03 22:18:35 INFO MemoryStore: Block broadcast_4 stored as values in memory (estimated size 174.6 KiB, free 413.3 MiB)
[2021-12-03 22:18:35,569] {spark_submit_hook.py:479} INFO - 21/12/03 22:18:35 INFO MemoryStore: Block broadcast_4_piece0 stored as bytes in memory (estimated size 27.6 KiB, free 413.3 MiB)
[2021-12-03 22:18:35,575] {spark_submit_hook.py:479} INFO - 21/12/03 22:18:35 INFO BlockManagerInfo: Added broadcast_4_piece0 in memory on 10.0.2.15:43077 (size: 27.6 KiB, free: 413.8 MiB)
[2021-12-03 22:18:35,576] {spark_submit_hook.py:479} INFO - 21/12/03 22:18:35 INFO SparkContext: Created broadcast 4 from json at NativeMethodAccessorImpl.java:0
[2021-12-03 22:18:35,576] {spark_submit_hook.py:479} INFO - 21/12/03 22:18:35 INFO FileSourceScanExec: Planning scan with bin packing, max size: 5579127 bytes, open cost is considered as scanning 4194304 bytes.
[2021-12-03 22:18:35,674] {spark_submit_hook.py:479} INFO - 21/12/03 22:18:35 INFO SparkContext: Starting job: json at NativeMethodAccessorImpl.java:0
[2021-12-03 22:18:35,675] {spark_submit_hook.py:479} INFO - 21/12/03 22:18:35 INFO DAGScheduler: Got job 2 (json at NativeMethodAccessorImpl.java:0) with 1 output partitions
[2021-12-03 22:18:35,675] {spark_submit_hook.py:479} INFO - 21/12/03 22:18:35 INFO DAGScheduler: Final stage: ResultStage 2 (json at NativeMethodAccessorImpl.java:0)
[2021-12-03 22:18:35,675] {spark_submit_hook.py:479} INFO - 21/12/03 22:18:35 INFO DAGScheduler: Parents of final stage: List()
[2021-12-03 22:18:35,675] {spark_submit_hook.py:479} INFO - 21/12/03 22:18:35 INFO DAGScheduler: Missing parents: List()
[2021-12-03 22:18:35,678] {spark_submit_hook.py:479} INFO - 21/12/03 22:18:35 INFO DAGScheduler: Submitting ResultStage 2 (CoalescedRDD[25] at json at NativeMethodAccessorImpl.java:0), which has no missing parents
[2021-12-03 22:18:35,714] {spark_submit_hook.py:479} INFO - 21/12/03 22:18:35 INFO MemoryStore: Block broadcast_5 stored as values in memory (estimated size 185.1 KiB, free 413.1 MiB)
[2021-12-03 22:18:35,716] {spark_submit_hook.py:479} INFO - 21/12/03 22:18:35 INFO MemoryStore: Block broadcast_5_piece0 stored as bytes in memory (estimated size 66.1 KiB, free 413.0 MiB)
[2021-12-03 22:18:35,716] {spark_submit_hook.py:479} INFO - 21/12/03 22:18:35 INFO BlockManagerInfo: Added broadcast_5_piece0 in memory on 10.0.2.15:43077 (size: 66.1 KiB, free: 413.7 MiB)
[2021-12-03 22:18:35,717] {spark_submit_hook.py:479} INFO - 21/12/03 22:18:35 INFO SparkContext: Created broadcast 5 from broadcast at DAGScheduler.scala:1388
[2021-12-03 22:18:35,717] {spark_submit_hook.py:479} INFO - 21/12/03 22:18:35 INFO DAGScheduler: Submitting 1 missing tasks from ResultStage 2 (CoalescedRDD[25] at json at NativeMethodAccessorImpl.java:0) (first 15 tasks are for partitions Vector(0))
[2021-12-03 22:18:35,718] {spark_submit_hook.py:479} INFO - 21/12/03 22:18:35 INFO TaskSchedulerImpl: Adding task set 2.0 with 1 tasks resource profile 0
[2021-12-03 22:18:35,719] {spark_submit_hook.py:479} INFO - 21/12/03 22:18:35 INFO TaskSetManager: Starting task 0.0 in stage 2.0 (TID 2) (10.0.2.15, executor driver, partition 0, PROCESS_LOCAL, 5171 bytes) taskResourceAssignments Map()
[2021-12-03 22:18:35,719] {spark_submit_hook.py:479} INFO - 21/12/03 22:18:35 INFO Executor: Running task 0.0 in stage 2.0 (TID 2)
[2021-12-03 22:18:35,739] {spark_submit_hook.py:479} INFO - 21/12/03 22:18:35 INFO FileOutputCommitter: File Output Committer Algorithm version is 1
[2021-12-03 22:18:35,740] {spark_submit_hook.py:479} INFO - 21/12/03 22:18:35 INFO FileOutputCommitter: FileOutputCommitter skip cleanup _temporary folders under output directory:false, ignore cleanup failures: false
[2021-12-03 22:18:35,740] {spark_submit_hook.py:479} INFO - 21/12/03 22:18:35 INFO SQLHadoopMapReduceCommitProtocol: Using output committer class org.apache.hadoop.mapreduce.lib.output.FileOutputCommitter
[2021-12-03 22:18:35,832] {spark_submit_hook.py:479} INFO - 21/12/03 22:18:35 INFO CodeGenerator: Code generated in 21.197149 ms
[2021-12-03 22:18:35,838] {spark_submit_hook.py:479} INFO - 21/12/03 22:18:35 INFO FileScanRDD: Reading File path: file:///home/kauai/datapipeline/datalake/bronze/twitter_vascodagama/extract_date=2021-11-29/VascodaGama_20211129.json, range: 0-1384823, partition values: [empty row]
[2021-12-03 22:18:35,864] {spark_submit_hook.py:479} INFO - 21/12/03 22:18:35 INFO CodeGenerator: Code generated in 23.485858 ms
[2021-12-03 22:18:35,874] {spark_submit_hook.py:479} INFO - 21/12/03 22:18:35 INFO CodeGenerator: Code generated in 4.203332 ms
[2021-12-03 22:18:35,978] {spark_submit_hook.py:479} INFO - 21/12/03 22:18:35 INFO FileOutputCommitter: Saved output of task 'attempt_202112032218354276526017238499805_0002_m_000000_2' to file:/home/kauai/datapipeline/datalake/silver/twitter_vascodagama/user/process_date=2021-11-29/_temporary/0/task_202112032218354276526017238499805_0002_m_000000
[2021-12-03 22:18:35,979] {spark_submit_hook.py:479} INFO - 21/12/03 22:18:35 INFO SparkHadoopMapRedUtil: attempt_202112032218354276526017238499805_0002_m_000000_2: Committed
[2021-12-03 22:18:35,980] {spark_submit_hook.py:479} INFO - 21/12/03 22:18:35 INFO Executor: Finished task 0.0 in stage 2.0 (TID 2). 2901 bytes result sent to driver
[2021-12-03 22:18:35,988] {spark_submit_hook.py:479} INFO - 21/12/03 22:18:35 INFO TaskSetManager: Finished task 0.0 in stage 2.0 (TID 2) in 269 ms on 10.0.2.15 (executor driver) (1/1)
[2021-12-03 22:18:35,989] {spark_submit_hook.py:479} INFO - 21/12/03 22:18:35 INFO DAGScheduler: ResultStage 2 (json at NativeMethodAccessorImpl.java:0) finished in 0,312 s
[2021-12-03 22:18:35,989] {spark_submit_hook.py:479} INFO - 21/12/03 22:18:35 INFO DAGScheduler: Job 2 is finished. Cancelling potential speculative or zombie tasks for this job
[2021-12-03 22:18:35,990] {spark_submit_hook.py:479} INFO - 21/12/03 22:18:35 INFO TaskSchedulerImpl: Removed TaskSet 2.0, whose tasks have all completed, from pool
[2021-12-03 22:18:35,992] {spark_submit_hook.py:479} INFO - 21/12/03 22:18:35 INFO TaskSchedulerImpl: Killing all running tasks in stage 2: Stage finished
[2021-12-03 22:18:35,992] {spark_submit_hook.py:479} INFO - 21/12/03 22:18:35 INFO DAGScheduler: Job 2 finished: json at NativeMethodAccessorImpl.java:0, took 0,316262 s
[2021-12-03 22:18:36,013] {spark_submit_hook.py:479} INFO - 21/12/03 22:18:36 INFO FileFormatWriter: Write Job 607f9816-846e-4b2e-a5cc-c9bf0bee2e0b committed.
[2021-12-03 22:18:36,013] {spark_submit_hook.py:479} INFO - 21/12/03 22:18:36 INFO FileFormatWriter: Finished processing stats for write job 607f9816-846e-4b2e-a5cc-c9bf0bee2e0b.
[2021-12-03 22:18:36,081] {spark_submit_hook.py:479} INFO - 21/12/03 22:18:36 INFO SparkUI: Stopped Spark web UI at http://10.0.2.15:4040
[2021-12-03 22:18:36,143] {spark_submit_hook.py:479} INFO - 21/12/03 22:18:36 INFO MapOutputTrackerMasterEndpoint: MapOutputTrackerMasterEndpoint stopped!
[2021-12-03 22:18:36,191] {spark_submit_hook.py:479} INFO - 21/12/03 22:18:36 INFO MemoryStore: MemoryStore cleared
[2021-12-03 22:18:36,194] {spark_submit_hook.py:479} INFO - 21/12/03 22:18:36 INFO BlockManager: BlockManager stopped
[2021-12-03 22:18:36,214] {spark_submit_hook.py:479} INFO - 21/12/03 22:18:36 INFO BlockManagerMaster: BlockManagerMaster stopped
[2021-12-03 22:18:36,225] {spark_submit_hook.py:479} INFO - 21/12/03 22:18:36 INFO OutputCommitCoordinator$OutputCommitCoordinatorEndpoint: OutputCommitCoordinator stopped!
[2021-12-03 22:18:36,258] {spark_submit_hook.py:479} INFO - 21/12/03 22:18:36 INFO SparkContext: Successfully stopped SparkContext
[2021-12-03 22:18:36,265] {spark_submit_hook.py:479} INFO - 21/12/03 22:18:36 INFO ShutdownHookManager: Shutdown hook called
[2021-12-03 22:18:36,266] {spark_submit_hook.py:479} INFO - 21/12/03 22:18:36 INFO ShutdownHookManager: Deleting directory /tmp/spark-ad118576-2d70-4d73-9830-59071babce0c
[2021-12-03 22:18:36,276] {spark_submit_hook.py:479} INFO - 21/12/03 22:18:36 INFO ShutdownHookManager: Deleting directory /tmp/spark-651c4110-d4f3-438d-aac0-a3084f6d5959
[2021-12-03 22:18:36,292] {spark_submit_hook.py:479} INFO - 21/12/03 22:18:36 INFO ShutdownHookManager: Deleting directory /tmp/spark-ad118576-2d70-4d73-9830-59071babce0c/pyspark-1ccc4369-8235-427f-8e0f-ed6fea9f3b8d
[2021-12-03 22:18:36,417] {taskinstance.py:1057} INFO - Marking task as SUCCESS.dag_id=twitter_dag, task_id=transform_twitter_vascodagama, execution_date=20211129T090000, start_date=20211204T011821, end_date=20211204T011836
[2021-12-03 22:18:36,818] {local_task_job.py:102} INFO - Task exited with return code 0
