[2021-12-03 21:50:32,332] {taskinstance.py:670} INFO - Dependencies all met for <TaskInstance: twitter_dag.twitter_vascodagama 2021-12-01T09:00:00+00:00 [queued]>
[2021-12-03 21:50:32,355] {taskinstance.py:670} INFO - Dependencies all met for <TaskInstance: twitter_dag.twitter_vascodagama 2021-12-01T09:00:00+00:00 [queued]>
[2021-12-03 21:50:32,356] {taskinstance.py:880} INFO - 
--------------------------------------------------------------------------------
[2021-12-03 21:50:32,356] {taskinstance.py:881} INFO - Starting attempt 3 of 3
[2021-12-03 21:50:32,356] {taskinstance.py:882} INFO - 
--------------------------------------------------------------------------------
[2021-12-03 21:50:32,374] {taskinstance.py:901} INFO - Executing <Task(TwitterOperator): twitter_vascodagama> on 2021-12-01T09:00:00+00:00
[2021-12-03 21:50:32,375] {standard_task_runner.py:54} INFO - Started process 2304 to run task
[2021-12-03 21:50:32,534] {standard_task_runner.py:77} INFO - Running: ['airflow', 'run', 'twitter_dag', 'twitter_vascodagama', '2021-12-01T09:00:00+00:00', '--job_id', '86', '--pool', 'default_pool', '--raw', '-sd', 'DAGS_FOLDER/twitter_dag.py', '--cfg_path', '/tmp/tmppv6dk75o']
[2021-12-03 21:50:32,535] {standard_task_runner.py:78} INFO - Job 86: Subtask twitter_vascodagama
[2021-12-03 21:50:32,583] {logging_mixin.py:112} INFO - Running <TaskInstance: twitter_dag.twitter_vascodagama 2021-12-01T09:00:00+00:00 [running]> on host kauai-VirtualBox
[2021-12-03 21:50:32,695] {base_hook.py:89} INFO - Using connection to: id: twitter_default. Host: https://api.twitter.com, Port: None, Schema: None, Login: None, Password: None, extra: XXXXXXXX
[2021-12-03 21:50:32,696] {twitter_hook.py:36} INFO - URL: https://api.twitter.com/2/tweets/search/recent?query=VascodaGama&tweet.fields=author_id,conversation_id,created_at,id,in_reply_to_user_id,public_metrics,text&expansions=author_id&user.fields=id,name,username,created_at&start_time=2021-12-01T09:00:00.00Z&end_time=2021-12-02T09:00:00.00Z
[2021-12-03 21:50:32,946] {logging_mixin.py:112} WARNING - /home/kauai/datapipeline/venv/lib/python3.8/site-packages/urllib3/connectionpool.py:981: InsecureRequestWarning: Unverified HTTPS request is being made to host 'api.twitter.com'. Adding certificate verification is strongly advised. See: https://urllib3.readthedocs.io/en/latest/advanced-usage.html#ssl-warnings
  warnings.warn(
[2021-12-03 21:50:33,313] {twitter_hook.py:36} INFO - URL: https://api.twitter.com/2/tweets/search/recent?query=VascodaGama&tweet.fields=author_id,conversation_id,created_at,id,in_reply_to_user_id,public_metrics,text&expansions=author_id&user.fields=id,name,username,created_at&start_time=2021-12-01T09:00:00.00Z&end_time=2021-12-02T09:00:00.00Z&next_token=b26v89c19zqg8o3fpdy839zopwvq15cbf22s2zyseriwt
[2021-12-03 21:50:33,313] {logging_mixin.py:112} WARNING - /home/kauai/datapipeline/venv/lib/python3.8/site-packages/urllib3/connectionpool.py:981: InsecureRequestWarning: Unverified HTTPS request is being made to host 'api.twitter.com'. Adding certificate verification is strongly advised. See: https://urllib3.readthedocs.io/en/latest/advanced-usage.html#ssl-warnings
  warnings.warn(
[2021-12-03 21:50:33,723] {twitter_hook.py:36} INFO - URL: https://api.twitter.com/2/tweets/search/recent?query=VascodaGama&tweet.fields=author_id,conversation_id,created_at,id,in_reply_to_user_id,public_metrics,text&expansions=author_id&user.fields=id,name,username,created_at&start_time=2021-12-01T09:00:00.00Z&end_time=2021-12-02T09:00:00.00Z&next_token=b26v89c19zqg8o3fpdy839zdvxterp2eywgmqr4by9it9
[2021-12-03 21:50:33,723] {logging_mixin.py:112} WARNING - /home/kauai/datapipeline/venv/lib/python3.8/site-packages/urllib3/connectionpool.py:981: InsecureRequestWarning: Unverified HTTPS request is being made to host 'api.twitter.com'. Adding certificate verification is strongly advised. See: https://urllib3.readthedocs.io/en/latest/advanced-usage.html#ssl-warnings
  warnings.warn(
[2021-12-03 21:50:34,124] {twitter_hook.py:36} INFO - URL: https://api.twitter.com/2/tweets/search/recent?query=VascodaGama&tweet.fields=author_id,conversation_id,created_at,id,in_reply_to_user_id,public_metrics,text&expansions=author_id&user.fields=id,name,username,created_at&start_time=2021-12-01T09:00:00.00Z&end_time=2021-12-02T09:00:00.00Z&next_token=b26v89c19zqg8o3fpdy837xcrfeu2083vgol3cuvef059
[2021-12-03 21:50:34,124] {logging_mixin.py:112} WARNING - /home/kauai/datapipeline/venv/lib/python3.8/site-packages/urllib3/connectionpool.py:981: InsecureRequestWarning: Unverified HTTPS request is being made to host 'api.twitter.com'. Adding certificate verification is strongly advised. See: https://urllib3.readthedocs.io/en/latest/advanced-usage.html#ssl-warnings
  warnings.warn(
[2021-12-03 21:50:34,506] {twitter_hook.py:36} INFO - URL: https://api.twitter.com/2/tweets/search/recent?query=VascodaGama&tweet.fields=author_id,conversation_id,created_at,id,in_reply_to_user_id,public_metrics,text&expansions=author_id&user.fields=id,name,username,created_at&start_time=2021-12-01T09:00:00.00Z&end_time=2021-12-02T09:00:00.00Z&next_token=b26v89c19zqg8o3fpdy837x1ufygaum6nu8idbcc6d0fx
[2021-12-03 21:50:34,507] {logging_mixin.py:112} WARNING - /home/kauai/datapipeline/venv/lib/python3.8/site-packages/urllib3/connectionpool.py:981: InsecureRequestWarning: Unverified HTTPS request is being made to host 'api.twitter.com'. Adding certificate verification is strongly advised. See: https://urllib3.readthedocs.io/en/latest/advanced-usage.html#ssl-warnings
  warnings.warn(
[2021-12-03 21:50:34,908] {twitter_hook.py:36} INFO - URL: https://api.twitter.com/2/tweets/search/recent?query=VascodaGama&tweet.fields=author_id,conversation_id,created_at,id,in_reply_to_user_id,public_metrics,text&expansions=author_id&user.fields=id,name,username,created_at&start_time=2021-12-01T09:00:00.00Z&end_time=2021-12-02T09:00:00.00Z&next_token=b26v89c19zqg8o3fpdy837wr83adlpatl7dbw1d1i4hvh
[2021-12-03 21:50:34,908] {logging_mixin.py:112} WARNING - /home/kauai/datapipeline/venv/lib/python3.8/site-packages/urllib3/connectionpool.py:981: InsecureRequestWarning: Unverified HTTPS request is being made to host 'api.twitter.com'. Adding certificate verification is strongly advised. See: https://urllib3.readthedocs.io/en/latest/advanced-usage.html#ssl-warnings
  warnings.warn(
[2021-12-03 21:50:35,326] {twitter_hook.py:36} INFO - URL: https://api.twitter.com/2/tweets/search/recent?query=VascodaGama&tweet.fields=author_id,conversation_id,created_at,id,in_reply_to_user_id,public_metrics,text&expansions=author_id&user.fields=id,name,username,created_at&start_time=2021-12-01T09:00:00.00Z&end_time=2021-12-02T09:00:00.00Z&next_token=b26v89c19zqg8o3fpdy837wr3k26p5ezc4ma2jtomn24d
[2021-12-03 21:50:35,326] {logging_mixin.py:112} WARNING - /home/kauai/datapipeline/venv/lib/python3.8/site-packages/urllib3/connectionpool.py:981: InsecureRequestWarning: Unverified HTTPS request is being made to host 'api.twitter.com'. Adding certificate verification is strongly advised. See: https://urllib3.readthedocs.io/en/latest/advanced-usage.html#ssl-warnings
  warnings.warn(
[2021-12-03 21:50:35,716] {twitter_hook.py:36} INFO - URL: https://api.twitter.com/2/tweets/search/recent?query=VascodaGama&tweet.fields=author_id,conversation_id,created_at,id,in_reply_to_user_id,public_metrics,text&expansions=author_id&user.fields=id,name,username,created_at&start_time=2021-12-01T09:00:00.00Z&end_time=2021-12-02T09:00:00.00Z&next_token=b26v89c19zqg8o3fpdy837wge6599ldgts8to6crairul
[2021-12-03 21:50:35,716] {logging_mixin.py:112} WARNING - /home/kauai/datapipeline/venv/lib/python3.8/site-packages/urllib3/connectionpool.py:981: InsecureRequestWarning: Unverified HTTPS request is being made to host 'api.twitter.com'. Adding certificate verification is strongly advised. See: https://urllib3.readthedocs.io/en/latest/advanced-usage.html#ssl-warnings
  warnings.warn(
[2021-12-03 21:50:36,087] {twitter_hook.py:36} INFO - URL: https://api.twitter.com/2/tweets/search/recent?query=VascodaGama&tweet.fields=author_id,conversation_id,created_at,id,in_reply_to_user_id,public_metrics,text&expansions=author_id&user.fields=id,name,username,created_at&start_time=2021-12-01T09:00:00.00Z&end_time=2021-12-02T09:00:00.00Z&next_token=b26v89c19zqg8o3fpdy837wg83v9cn47lgctruidluykd
[2021-12-03 21:50:36,088] {logging_mixin.py:112} WARNING - /home/kauai/datapipeline/venv/lib/python3.8/site-packages/urllib3/connectionpool.py:981: InsecureRequestWarning: Unverified HTTPS request is being made to host 'api.twitter.com'. Adding certificate verification is strongly advised. See: https://urllib3.readthedocs.io/en/latest/advanced-usage.html#ssl-warnings
  warnings.warn(
[2021-12-03 21:50:36,476] {twitter_hook.py:36} INFO - URL: https://api.twitter.com/2/tweets/search/recent?query=VascodaGama&tweet.fields=author_id,conversation_id,created_at,id,in_reply_to_user_id,public_metrics,text&expansions=author_id&user.fields=id,name,username,created_at&start_time=2021-12-01T09:00:00.00Z&end_time=2021-12-02T09:00:00.00Z&next_token=b26v89c19zqg8o3fpdy837w5tbga3ycsigoll5pfxfhx9
[2021-12-03 21:50:36,476] {logging_mixin.py:112} WARNING - /home/kauai/datapipeline/venv/lib/python3.8/site-packages/urllib3/connectionpool.py:981: InsecureRequestWarning: Unverified HTTPS request is being made to host 'api.twitter.com'. Adding certificate verification is strongly advised. See: https://urllib3.readthedocs.io/en/latest/advanced-usage.html#ssl-warnings
  warnings.warn(
[2021-12-03 21:50:36,909] {twitter_hook.py:36} INFO - URL: https://api.twitter.com/2/tweets/search/recent?query=VascodaGama&tweet.fields=author_id,conversation_id,created_at,id,in_reply_to_user_id,public_metrics,text&expansions=author_id&user.fields=id,name,username,created_at&start_time=2021-12-01T09:00:00.00Z&end_time=2021-12-02T09:00:00.00Z&next_token=b26v89c19zqg8o3fpdy837w5qaf743komol7m1xqvc9rx
[2021-12-03 21:50:36,920] {logging_mixin.py:112} WARNING - /home/kauai/datapipeline/venv/lib/python3.8/site-packages/urllib3/connectionpool.py:981: InsecureRequestWarning: Unverified HTTPS request is being made to host 'api.twitter.com'. Adding certificate verification is strongly advised. See: https://urllib3.readthedocs.io/en/latest/advanced-usage.html#ssl-warnings
  warnings.warn(
[2021-12-03 21:50:37,290] {twitter_hook.py:36} INFO - URL: https://api.twitter.com/2/tweets/search/recent?query=VascodaGama&tweet.fields=author_id,conversation_id,created_at,id,in_reply_to_user_id,public_metrics,text&expansions=author_id&user.fields=id,name,username,created_at&start_time=2021-12-01T09:00:00.00Z&end_time=2021-12-02T09:00:00.00Z&next_token=b26v89c19zqg8o3fpdy837w5ipiujbb53clcna0u5hbp9
[2021-12-03 21:50:37,291] {logging_mixin.py:112} WARNING - /home/kauai/datapipeline/venv/lib/python3.8/site-packages/urllib3/connectionpool.py:981: InsecureRequestWarning: Unverified HTTPS request is being made to host 'api.twitter.com'. Adding certificate verification is strongly advised. See: https://urllib3.readthedocs.io/en/latest/advanced-usage.html#ssl-warnings
  warnings.warn(
[2021-12-03 21:50:37,657] {twitter_hook.py:36} INFO - URL: https://api.twitter.com/2/tweets/search/recent?query=VascodaGama&tweet.fields=author_id,conversation_id,created_at,id,in_reply_to_user_id,public_metrics,text&expansions=author_id&user.fields=id,name,username,created_at&start_time=2021-12-01T09:00:00.00Z&end_time=2021-12-02T09:00:00.00Z&next_token=b26v89c19zqg8o3fpdy837w5ioo042ofhoz4yp5sysjnh
[2021-12-03 21:50:37,658] {logging_mixin.py:112} WARNING - /home/kauai/datapipeline/venv/lib/python3.8/site-packages/urllib3/connectionpool.py:981: InsecureRequestWarning: Unverified HTTPS request is being made to host 'api.twitter.com'. Adding certificate verification is strongly advised. See: https://urllib3.readthedocs.io/en/latest/advanced-usage.html#ssl-warnings
  warnings.warn(
[2021-12-03 21:50:38,056] {twitter_hook.py:36} INFO - URL: https://api.twitter.com/2/tweets/search/recent?query=VascodaGama&tweet.fields=author_id,conversation_id,created_at,id,in_reply_to_user_id,public_metrics,text&expansions=author_id&user.fields=id,name,username,created_at&start_time=2021-12-01T09:00:00.00Z&end_time=2021-12-02T09:00:00.00Z&next_token=b26v89c19zqg8o3fpdy837w5fmzyslth50e45bf9n8uil
[2021-12-03 21:50:38,057] {logging_mixin.py:112} WARNING - /home/kauai/datapipeline/venv/lib/python3.8/site-packages/urllib3/connectionpool.py:981: InsecureRequestWarning: Unverified HTTPS request is being made to host 'api.twitter.com'. Adding certificate verification is strongly advised. See: https://urllib3.readthedocs.io/en/latest/advanced-usage.html#ssl-warnings
  warnings.warn(
[2021-12-03 21:50:38,422] {twitter_hook.py:36} INFO - URL: https://api.twitter.com/2/tweets/search/recent?query=VascodaGama&tweet.fields=author_id,conversation_id,created_at,id,in_reply_to_user_id,public_metrics,text&expansions=author_id&user.fields=id,name,username,created_at&start_time=2021-12-01T09:00:00.00Z&end_time=2021-12-02T09:00:00.00Z&next_token=b26v89c19zqg8o3fpdy837vuzcluwwubnat6w737dx6kd
[2021-12-03 21:50:38,422] {logging_mixin.py:112} WARNING - /home/kauai/datapipeline/venv/lib/python3.8/site-packages/urllib3/connectionpool.py:981: InsecureRequestWarning: Unverified HTTPS request is being made to host 'api.twitter.com'. Adding certificate verification is strongly advised. See: https://urllib3.readthedocs.io/en/latest/advanced-usage.html#ssl-warnings
  warnings.warn(
[2021-12-03 21:50:38,801] {twitter_hook.py:36} INFO - URL: https://api.twitter.com/2/tweets/search/recent?query=VascodaGama&tweet.fields=author_id,conversation_id,created_at,id,in_reply_to_user_id,public_metrics,text&expansions=author_id&user.fields=id,name,username,created_at&start_time=2021-12-01T09:00:00.00Z&end_time=2021-12-02T09:00:00.00Z&next_token=b26v89c19zqg8o3fpdy837vuwcn3c41w9dduo0l6z5oxp
[2021-12-03 21:50:38,802] {logging_mixin.py:112} WARNING - /home/kauai/datapipeline/venv/lib/python3.8/site-packages/urllib3/connectionpool.py:981: InsecureRequestWarning: Unverified HTTPS request is being made to host 'api.twitter.com'. Adding certificate verification is strongly advised. See: https://urllib3.readthedocs.io/en/latest/advanced-usage.html#ssl-warnings
  warnings.warn(
[2021-12-03 21:50:39,201] {twitter_hook.py:36} INFO - URL: https://api.twitter.com/2/tweets/search/recent?query=VascodaGama&tweet.fields=author_id,conversation_id,created_at,id,in_reply_to_user_id,public_metrics,text&expansions=author_id&user.fields=id,name,username,created_at&start_time=2021-12-01T09:00:00.00Z&end_time=2021-12-02T09:00:00.00Z&next_token=b26v89c19zqg8o3fpdy837vuwaxhp2webqjhtu8m4opdp
[2021-12-03 21:50:39,201] {logging_mixin.py:112} WARNING - /home/kauai/datapipeline/venv/lib/python3.8/site-packages/urllib3/connectionpool.py:981: InsecureRequestWarning: Unverified HTTPS request is being made to host 'api.twitter.com'. Adding certificate verification is strongly advised. See: https://urllib3.readthedocs.io/en/latest/advanced-usage.html#ssl-warnings
  warnings.warn(
[2021-12-03 21:50:39,567] {twitter_hook.py:36} INFO - URL: https://api.twitter.com/2/tweets/search/recent?query=VascodaGama&tweet.fields=author_id,conversation_id,created_at,id,in_reply_to_user_id,public_metrics,text&expansions=author_id&user.fields=id,name,username,created_at&start_time=2021-12-01T09:00:00.00Z&end_time=2021-12-02T09:00:00.00Z&next_token=b26v89c19zqg8o3fpdy837vutayxoc85w0lfdo4k5mg71
[2021-12-03 21:50:39,568] {logging_mixin.py:112} WARNING - /home/kauai/datapipeline/venv/lib/python3.8/site-packages/urllib3/connectionpool.py:981: InsecureRequestWarning: Unverified HTTPS request is being made to host 'api.twitter.com'. Adding certificate verification is strongly advised. See: https://urllib3.readthedocs.io/en/latest/advanced-usage.html#ssl-warnings
  warnings.warn(
[2021-12-03 21:50:39,965] {twitter_hook.py:36} INFO - URL: https://api.twitter.com/2/tweets/search/recent?query=VascodaGama&tweet.fields=author_id,conversation_id,created_at,id,in_reply_to_user_id,public_metrics,text&expansions=author_id&user.fields=id,name,username,created_at&start_time=2021-12-01T09:00:00.00Z&end_time=2021-12-02T09:00:00.00Z&next_token=b26v89c19zqg8o3fpdy837vuoqo3hl1cw7w3niq2tlugt
[2021-12-03 21:50:39,966] {logging_mixin.py:112} WARNING - /home/kauai/datapipeline/venv/lib/python3.8/site-packages/urllib3/connectionpool.py:981: InsecureRequestWarning: Unverified HTTPS request is being made to host 'api.twitter.com'. Adding certificate verification is strongly advised. See: https://urllib3.readthedocs.io/en/latest/advanced-usage.html#ssl-warnings
  warnings.warn(
[2021-12-03 21:50:40,404] {twitter_hook.py:36} INFO - URL: https://api.twitter.com/2/tweets/search/recent?query=VascodaGama&tweet.fields=author_id,conversation_id,created_at,id,in_reply_to_user_id,public_metrics,text&expansions=author_id&user.fields=id,name,username,created_at&start_time=2021-12-01T09:00:00.00Z&end_time=2021-12-02T09:00:00.00Z&next_token=b26v89c19zqg8o3fpdy837vk6yaoi6aae44o53zfpb4vx
[2021-12-03 21:50:40,405] {logging_mixin.py:112} WARNING - /home/kauai/datapipeline/venv/lib/python3.8/site-packages/urllib3/connectionpool.py:981: InsecureRequestWarning: Unverified HTTPS request is being made to host 'api.twitter.com'. Adding certificate verification is strongly advised. See: https://urllib3.readthedocs.io/en/latest/advanced-usage.html#ssl-warnings
  warnings.warn(
[2021-12-03 21:50:40,769] {twitter_hook.py:36} INFO - URL: https://api.twitter.com/2/tweets/search/recent?query=VascodaGama&tweet.fields=author_id,conversation_id,created_at,id,in_reply_to_user_id,public_metrics,text&expansions=author_id&user.fields=id,name,username,created_at&start_time=2021-12-01T09:00:00.00Z&end_time=2021-12-02T09:00:00.00Z&next_token=b26v89c19zqg8o3fpdy837vk3xh8y3bglndb80ijbjmnx
[2021-12-03 21:50:40,769] {logging_mixin.py:112} WARNING - /home/kauai/datapipeline/venv/lib/python3.8/site-packages/urllib3/connectionpool.py:981: InsecureRequestWarning: Unverified HTTPS request is being made to host 'api.twitter.com'. Adding certificate verification is strongly advised. See: https://urllib3.readthedocs.io/en/latest/advanced-usage.html#ssl-warnings
  warnings.warn(
[2021-12-03 21:50:41,143] {twitter_hook.py:36} INFO - URL: https://api.twitter.com/2/tweets/search/recent?query=VascodaGama&tweet.fields=author_id,conversation_id,created_at,id,in_reply_to_user_id,public_metrics,text&expansions=author_id&user.fields=id,name,username,created_at&start_time=2021-12-01T09:00:00.00Z&end_time=2021-12-02T09:00:00.00Z&next_token=b26v89c19zqg8o3fpdy837vk0uye9tf9q23q0dtiuoxa5
[2021-12-03 21:50:41,144] {logging_mixin.py:112} WARNING - /home/kauai/datapipeline/venv/lib/python3.8/site-packages/urllib3/connectionpool.py:981: InsecureRequestWarning: Unverified HTTPS request is being made to host 'api.twitter.com'. Adding certificate verification is strongly advised. See: https://urllib3.readthedocs.io/en/latest/advanced-usage.html#ssl-warnings
  warnings.warn(
[2021-12-03 21:50:41,543] {twitter_hook.py:36} INFO - URL: https://api.twitter.com/2/tweets/search/recent?query=VascodaGama&tweet.fields=author_id,conversation_id,created_at,id,in_reply_to_user_id,public_metrics,text&expansions=author_id&user.fields=id,name,username,created_at&start_time=2021-12-01T09:00:00.00Z&end_time=2021-12-02T09:00:00.00Z&next_token=b26v89c19zqg8o3fpdy837vjzc49unvfghmshot5ib24d
[2021-12-03 21:50:41,543] {logging_mixin.py:112} WARNING - /home/kauai/datapipeline/venv/lib/python3.8/site-packages/urllib3/connectionpool.py:981: InsecureRequestWarning: Unverified HTTPS request is being made to host 'api.twitter.com'. Adding certificate verification is strongly advised. See: https://urllib3.readthedocs.io/en/latest/advanced-usage.html#ssl-warnings
  warnings.warn(
[2021-12-03 21:50:41,918] {twitter_hook.py:36} INFO - URL: https://api.twitter.com/2/tweets/search/recent?query=VascodaGama&tweet.fields=author_id,conversation_id,created_at,id,in_reply_to_user_id,public_metrics,text&expansions=author_id&user.fields=id,name,username,created_at&start_time=2021-12-01T09:00:00.00Z&end_time=2021-12-02T09:00:00.00Z&next_token=b26v89c19zqg8o3fpdy837vjxta7k7viwiqfq2vzdii65
[2021-12-03 21:50:41,918] {logging_mixin.py:112} WARNING - /home/kauai/datapipeline/venv/lib/python3.8/site-packages/urllib3/connectionpool.py:981: InsecureRequestWarning: Unverified HTTPS request is being made to host 'api.twitter.com'. Adding certificate verification is strongly advised. See: https://urllib3.readthedocs.io/en/latest/advanced-usage.html#ssl-warnings
  warnings.warn(
[2021-12-03 21:50:42,283] {twitter_hook.py:36} INFO - URL: https://api.twitter.com/2/tweets/search/recent?query=VascodaGama&tweet.fields=author_id,conversation_id,created_at,id,in_reply_to_user_id,public_metrics,text&expansions=author_id&user.fields=id,name,username,created_at&start_time=2021-12-01T09:00:00.00Z&end_time=2021-12-02T09:00:00.00Z&next_token=b26v89c19zqg8o3fpdy837v9g1btrw8bo5yhilbtsz7nh
[2021-12-03 21:50:42,284] {logging_mixin.py:112} WARNING - /home/kauai/datapipeline/venv/lib/python3.8/site-packages/urllib3/connectionpool.py:981: InsecureRequestWarning: Unverified HTTPS request is being made to host 'api.twitter.com'. Adding certificate verification is strongly advised. See: https://urllib3.readthedocs.io/en/latest/advanced-usage.html#ssl-warnings
  warnings.warn(
[2021-12-03 21:50:42,655] {twitter_hook.py:36} INFO - URL: https://api.twitter.com/2/tweets/search/recent?query=VascodaGama&tweet.fields=author_id,conversation_id,created_at,id,in_reply_to_user_id,public_metrics,text&expansions=author_id&user.fields=id,name,username,created_at&start_time=2021-12-01T09:00:00.00Z&end_time=2021-12-02T09:00:00.00Z&next_token=b26v89c19zqg8o3fpdy837v9cz8b2nhx2jn4xswy3lth9
[2021-12-03 21:50:42,655] {logging_mixin.py:112} WARNING - /home/kauai/datapipeline/venv/lib/python3.8/site-packages/urllib3/connectionpool.py:981: InsecureRequestWarning: Unverified HTTPS request is being made to host 'api.twitter.com'. Adding certificate verification is strongly advised. See: https://urllib3.readthedocs.io/en/latest/advanced-usage.html#ssl-warnings
  warnings.warn(
[2021-12-03 21:50:43,041] {twitter_hook.py:36} INFO - URL: https://api.twitter.com/2/tweets/search/recent?query=VascodaGama&tweet.fields=author_id,conversation_id,created_at,id,in_reply_to_user_id,public_metrics,text&expansions=author_id&user.fields=id,name,username,created_at&start_time=2021-12-01T09:00:00.00Z&end_time=2021-12-02T09:00:00.00Z&next_token=b26v89c19zqg8o3fpdy837v99y7bb026zpmo1qo54dc3h
[2021-12-03 21:50:43,042] {logging_mixin.py:112} WARNING - /home/kauai/datapipeline/venv/lib/python3.8/site-packages/urllib3/connectionpool.py:981: InsecureRequestWarning: Unverified HTTPS request is being made to host 'api.twitter.com'. Adding certificate verification is strongly advised. See: https://urllib3.readthedocs.io/en/latest/advanced-usage.html#ssl-warnings
  warnings.warn(
[2021-12-03 21:50:43,415] {twitter_hook.py:36} INFO - URL: https://api.twitter.com/2/tweets/search/recent?query=VascodaGama&tweet.fields=author_id,conversation_id,created_at,id,in_reply_to_user_id,public_metrics,text&expansions=author_id&user.fields=id,name,username,created_at&start_time=2021-12-01T09:00:00.00Z&end_time=2021-12-02T09:00:00.00Z&next_token=b26v89c19zqg8o3fpdy837v96y0rz1il0brvoy5a02sfx
[2021-12-03 21:50:43,415] {logging_mixin.py:112} WARNING - /home/kauai/datapipeline/venv/lib/python3.8/site-packages/urllib3/connectionpool.py:981: InsecureRequestWarning: Unverified HTTPS request is being made to host 'api.twitter.com'. Adding certificate verification is strongly advised. See: https://urllib3.readthedocs.io/en/latest/advanced-usage.html#ssl-warnings
  warnings.warn(
[2021-12-03 21:50:43,801] {twitter_hook.py:36} INFO - URL: https://api.twitter.com/2/tweets/search/recent?query=VascodaGama&tweet.fields=author_id,conversation_id,created_at,id,in_reply_to_user_id,public_metrics,text&expansions=author_id&user.fields=id,name,username,created_at&start_time=2021-12-01T09:00:00.00Z&end_time=2021-12-02T09:00:00.00Z&next_token=b26v89c19zqg8o3fpdy837v96wj0a5pwcnmawnsuzlq4d
[2021-12-03 21:50:43,801] {logging_mixin.py:112} WARNING - /home/kauai/datapipeline/venv/lib/python3.8/site-packages/urllib3/connectionpool.py:981: InsecureRequestWarning: Unverified HTTPS request is being made to host 'api.twitter.com'. Adding certificate verification is strongly advised. See: https://urllib3.readthedocs.io/en/latest/advanced-usage.html#ssl-warnings
  warnings.warn(
[2021-12-03 21:50:44,221] {twitter_hook.py:36} INFO - URL: https://api.twitter.com/2/tweets/search/recent?query=VascodaGama&tweet.fields=author_id,conversation_id,created_at,id,in_reply_to_user_id,public_metrics,text&expansions=author_id&user.fields=id,name,username,created_at&start_time=2021-12-01T09:00:00.00Z&end_time=2021-12-02T09:00:00.00Z&next_token=b26v89c19zqg8o3fpdy837v95eyvrcuf3pvbxf39e2e0t
[2021-12-03 21:50:44,221] {logging_mixin.py:112} WARNING - /home/kauai/datapipeline/venv/lib/python3.8/site-packages/urllib3/connectionpool.py:981: InsecureRequestWarning: Unverified HTTPS request is being made to host 'api.twitter.com'. Adding certificate verification is strongly advised. See: https://urllib3.readthedocs.io/en/latest/advanced-usage.html#ssl-warnings
  warnings.warn(
[2021-12-03 21:50:44,598] {twitter_hook.py:36} INFO - URL: https://api.twitter.com/2/tweets/search/recent?query=VascodaGama&tweet.fields=author_id,conversation_id,created_at,id,in_reply_to_user_id,public_metrics,text&expansions=author_id&user.fields=id,name,username,created_at&start_time=2021-12-01T09:00:00.00Z&end_time=2021-12-02T09:00:00.00Z&next_token=b26v89c19zqg8o3fpdy837v93vhv4jc9mygjknf11wnst
[2021-12-03 21:50:44,598] {logging_mixin.py:112} WARNING - /home/kauai/datapipeline/venv/lib/python3.8/site-packages/urllib3/connectionpool.py:981: InsecureRequestWarning: Unverified HTTPS request is being made to host 'api.twitter.com'. Adding certificate verification is strongly advised. See: https://urllib3.readthedocs.io/en/latest/advanced-usage.html#ssl-warnings
  warnings.warn(
[2021-12-03 21:50:44,973] {twitter_hook.py:36} INFO - URL: https://api.twitter.com/2/tweets/search/recent?query=VascodaGama&tweet.fields=author_id,conversation_id,created_at,id,in_reply_to_user_id,public_metrics,text&expansions=author_id&user.fields=id,name,username,created_at&start_time=2021-12-01T09:00:00.00Z&end_time=2021-12-02T09:00:00.00Z&next_token=b26v89c19zqg8o3fpdy837v92d30hvpmq68xbhh3f0rct
[2021-12-03 21:50:44,973] {logging_mixin.py:112} WARNING - /home/kauai/datapipeline/venv/lib/python3.8/site-packages/urllib3/connectionpool.py:981: InsecureRequestWarning: Unverified HTTPS request is being made to host 'api.twitter.com'. Adding certificate verification is strongly advised. See: https://urllib3.readthedocs.io/en/latest/advanced-usage.html#ssl-warnings
  warnings.warn(
[2021-12-03 21:50:45,351] {twitter_hook.py:36} INFO - URL: https://api.twitter.com/2/tweets/search/recent?query=VascodaGama&tweet.fields=author_id,conversation_id,created_at,id,in_reply_to_user_id,public_metrics,text&expansions=author_id&user.fields=id,name,username,created_at&start_time=2021-12-01T09:00:00.00Z&end_time=2021-12-02T09:00:00.00Z&next_token=b26v89c19zqg8o3fpdy837uynlb9ahd1psugq5n63drwd
[2021-12-03 21:50:45,351] {logging_mixin.py:112} WARNING - /home/kauai/datapipeline/venv/lib/python3.8/site-packages/urllib3/connectionpool.py:981: InsecureRequestWarning: Unverified HTTPS request is being made to host 'api.twitter.com'. Adding certificate verification is strongly advised. See: https://urllib3.readthedocs.io/en/latest/advanced-usage.html#ssl-warnings
  warnings.warn(
[2021-12-03 21:50:45,718] {twitter_hook.py:36} INFO - URL: https://api.twitter.com/2/tweets/search/recent?query=VascodaGama&tweet.fields=author_id,conversation_id,created_at,id,in_reply_to_user_id,public_metrics,text&expansions=author_id&user.fields=id,name,username,created_at&start_time=2021-12-01T09:00:00.00Z&end_time=2021-12-02T09:00:00.00Z&next_token=b26v89c19zqg8o3fpdy837uym29gbwufj3fzf5x583pml
[2021-12-03 21:50:45,719] {logging_mixin.py:112} WARNING - /home/kauai/datapipeline/venv/lib/python3.8/site-packages/urllib3/connectionpool.py:981: InsecureRequestWarning: Unverified HTTPS request is being made to host 'api.twitter.com'. Adding certificate verification is strongly advised. See: https://urllib3.readthedocs.io/en/latest/advanced-usage.html#ssl-warnings
  warnings.warn(
[2021-12-03 21:50:46,083] {twitter_hook.py:36} INFO - URL: https://api.twitter.com/2/tweets/search/recent?query=VascodaGama&tweet.fields=author_id,conversation_id,created_at,id,in_reply_to_user_id,public_metrics,text&expansions=author_id&user.fields=id,name,username,created_at&start_time=2021-12-01T09:00:00.00Z&end_time=2021-12-02T09:00:00.00Z&next_token=b26v89c19zqg8o3fpdy837uyj10ou0c3n75j77deem9vh
[2021-12-03 21:50:46,083] {logging_mixin.py:112} WARNING - /home/kauai/datapipeline/venv/lib/python3.8/site-packages/urllib3/connectionpool.py:981: InsecureRequestWarning: Unverified HTTPS request is being made to host 'api.twitter.com'. Adding certificate verification is strongly advised. See: https://urllib3.readthedocs.io/en/latest/advanced-usage.html#ssl-warnings
  warnings.warn(
[2021-12-03 21:50:46,472] {twitter_hook.py:36} INFO - URL: https://api.twitter.com/2/tweets/search/recent?query=VascodaGama&tweet.fields=author_id,conversation_id,created_at,id,in_reply_to_user_id,public_metrics,text&expansions=author_id&user.fields=id,name,username,created_at&start_time=2021-12-01T09:00:00.00Z&end_time=2021-12-02T09:00:00.00Z&next_token=b26v89c19zqg8o3fpdy837uyhi6qut2fr6cbrewmw6agt
[2021-12-03 21:50:46,473] {logging_mixin.py:112} WARNING - /home/kauai/datapipeline/venv/lib/python3.8/site-packages/urllib3/connectionpool.py:981: InsecureRequestWarning: Unverified HTTPS request is being made to host 'api.twitter.com'. Adding certificate verification is strongly advised. See: https://urllib3.readthedocs.io/en/latest/advanced-usage.html#ssl-warnings
  warnings.warn(
[2021-12-03 21:50:46,864] {twitter_hook.py:36} INFO - URL: https://api.twitter.com/2/tweets/search/recent?query=VascodaGama&tweet.fields=author_id,conversation_id,created_at,id,in_reply_to_user_id,public_metrics,text&expansions=author_id&user.fields=id,name,username,created_at&start_time=2021-12-01T09:00:00.00Z&end_time=2021-12-02T09:00:00.00Z&next_token=b26v89c19zqg8o3fpdy837uyfzrv66lzqioeppekqdy7x
[2021-12-03 21:50:46,866] {logging_mixin.py:112} WARNING - /home/kauai/datapipeline/venv/lib/python3.8/site-packages/urllib3/connectionpool.py:981: InsecureRequestWarning: Unverified HTTPS request is being made to host 'api.twitter.com'. Adding certificate verification is strongly advised. See: https://urllib3.readthedocs.io/en/latest/advanced-usage.html#ssl-warnings
  warnings.warn(
[2021-12-03 21:50:47,231] {twitter_hook.py:36} INFO - URL: https://api.twitter.com/2/tweets/search/recent?query=VascodaGama&tweet.fields=author_id,conversation_id,created_at,id,in_reply_to_user_id,public_metrics,text&expansions=author_id&user.fields=id,name,username,created_at&start_time=2021-12-01T09:00:00.00Z&end_time=2021-12-02T09:00:00.00Z&next_token=b26v89c19zqg8o3fpdy837uyehkte19sujy13pput8by5
[2021-12-03 21:50:47,232] {logging_mixin.py:112} WARNING - /home/kauai/datapipeline/venv/lib/python3.8/site-packages/urllib3/connectionpool.py:981: InsecureRequestWarning: Unverified HTTPS request is being made to host 'api.twitter.com'. Adding certificate verification is strongly advised. See: https://urllib3.readthedocs.io/en/latest/advanced-usage.html#ssl-warnings
  warnings.warn(
[2021-12-03 21:50:47,617] {twitter_hook.py:36} INFO - URL: https://api.twitter.com/2/tweets/search/recent?query=VascodaGama&tweet.fields=author_id,conversation_id,created_at,id,in_reply_to_user_id,public_metrics,text&expansions=author_id&user.fields=id,name,username,created_at&start_time=2021-12-01T09:00:00.00Z&end_time=2021-12-02T09:00:00.00Z&next_token=b26v89c19zqg8o3fpdy837uybfoz7ltmws66qc4vwjm2l
[2021-12-03 21:50:47,621] {logging_mixin.py:112} WARNING - /home/kauai/datapipeline/venv/lib/python3.8/site-packages/urllib3/connectionpool.py:981: InsecureRequestWarning: Unverified HTTPS request is being made to host 'api.twitter.com'. Adding certificate verification is strongly advised. See: https://urllib3.readthedocs.io/en/latest/advanced-usage.html#ssl-warnings
  warnings.warn(
[2021-12-03 21:50:47,987] {twitter_hook.py:36} INFO - URL: https://api.twitter.com/2/tweets/search/recent?query=VascodaGama&tweet.fields=author_id,conversation_id,created_at,id,in_reply_to_user_id,public_metrics,text&expansions=author_id&user.fields=id,name,username,created_at&start_time=2021-12-01T09:00:00.00Z&end_time=2021-12-02T09:00:00.00Z&next_token=b26v89c19zqg8o3fpdy837unv70afyevgvq6tomlqxr3x
[2021-12-03 21:50:47,988] {logging_mixin.py:112} WARNING - /home/kauai/datapipeline/venv/lib/python3.8/site-packages/urllib3/connectionpool.py:981: InsecureRequestWarning: Unverified HTTPS request is being made to host 'api.twitter.com'. Adding certificate verification is strongly advised. See: https://urllib3.readthedocs.io/en/latest/advanced-usage.html#ssl-warnings
  warnings.warn(
[2021-12-03 21:50:48,456] {twitter_hook.py:36} INFO - URL: https://api.twitter.com/2/tweets/search/recent?query=VascodaGama&tweet.fields=author_id,conversation_id,created_at,id,in_reply_to_user_id,public_metrics,text&expansions=author_id&user.fields=id,name,username,created_at&start_time=2021-12-01T09:00:00.00Z&end_time=2021-12-02T09:00:00.00Z&next_token=b26v89c19zqg8o3fpdy837untnbk8t13k38yk9saxe3ct
[2021-12-03 21:50:48,456] {logging_mixin.py:112} WARNING - /home/kauai/datapipeline/venv/lib/python3.8/site-packages/urllib3/connectionpool.py:981: InsecureRequestWarning: Unverified HTTPS request is being made to host 'api.twitter.com'. Adding certificate verification is strongly advised. See: https://urllib3.readthedocs.io/en/latest/advanced-usage.html#ssl-warnings
  warnings.warn(
[2021-12-03 21:50:48,850] {twitter_hook.py:36} INFO - URL: https://api.twitter.com/2/tweets/search/recent?query=VascodaGama&tweet.fields=author_id,conversation_id,created_at,id,in_reply_to_user_id,public_metrics,text&expansions=author_id&user.fields=id,name,username,created_at&start_time=2021-12-01T09:00:00.00Z&end_time=2021-12-02T09:00:00.00Z&next_token=b26v89c19zqg8o3fpdy837uns5rixlev2pfkszertcpkt
[2021-12-03 21:50:48,851] {logging_mixin.py:112} WARNING - /home/kauai/datapipeline/venv/lib/python3.8/site-packages/urllib3/connectionpool.py:981: InsecureRequestWarning: Unverified HTTPS request is being made to host 'api.twitter.com'. Adding certificate verification is strongly advised. See: https://urllib3.readthedocs.io/en/latest/advanced-usage.html#ssl-warnings
  warnings.warn(
[2021-12-03 21:50:49,229] {twitter_hook.py:36} INFO - URL: https://api.twitter.com/2/tweets/search/recent?query=VascodaGama&tweet.fields=author_id,conversation_id,created_at,id,in_reply_to_user_id,public_metrics,text&expansions=author_id&user.fields=id,name,username,created_at&start_time=2021-12-01T09:00:00.00Z&end_time=2021-12-02T09:00:00.00Z&next_token=b26v89c19zqg8o3fpdy837uns4hfsaa96k1q5p2uss399
[2021-12-03 21:50:49,230] {logging_mixin.py:112} WARNING - /home/kauai/datapipeline/venv/lib/python3.8/site-packages/urllib3/connectionpool.py:981: InsecureRequestWarning: Unverified HTTPS request is being made to host 'api.twitter.com'. Adding certificate verification is strongly advised. See: https://urllib3.readthedocs.io/en/latest/advanced-usage.html#ssl-warnings
  warnings.warn(
[2021-12-03 21:50:49,601] {twitter_hook.py:36} INFO - URL: https://api.twitter.com/2/tweets/search/recent?query=VascodaGama&tweet.fields=author_id,conversation_id,created_at,id,in_reply_to_user_id,public_metrics,text&expansions=author_id&user.fields=id,name,username,created_at&start_time=2021-12-01T09:00:00.00Z&end_time=2021-12-02T09:00:00.00Z&next_token=b26v89c19zqg8o3fpdy837unp436t9ga10qarjfebj5od
[2021-12-03 21:50:49,601] {logging_mixin.py:112} WARNING - /home/kauai/datapipeline/venv/lib/python3.8/site-packages/urllib3/connectionpool.py:981: InsecureRequestWarning: Unverified HTTPS request is being made to host 'api.twitter.com'. Adding certificate verification is strongly advised. See: https://urllib3.readthedocs.io/en/latest/advanced-usage.html#ssl-warnings
  warnings.warn(
[2021-12-03 21:50:49,980] {twitter_hook.py:36} INFO - URL: https://api.twitter.com/2/tweets/search/recent?query=VascodaGama&tweet.fields=author_id,conversation_id,created_at,id,in_reply_to_user_id,public_metrics,text&expansions=author_id&user.fields=id,name,username,created_at&start_time=2021-12-01T09:00:00.00Z&end_time=2021-12-02T09:00:00.00Z&next_token=b26v89c19zqg8o3fpdy837unnl93fxk5svzye47oremil
[2021-12-03 21:50:49,981] {logging_mixin.py:112} WARNING - /home/kauai/datapipeline/venv/lib/python3.8/site-packages/urllib3/connectionpool.py:981: InsecureRequestWarning: Unverified HTTPS request is being made to host 'api.twitter.com'. Adding certificate verification is strongly advised. See: https://urllib3.readthedocs.io/en/latest/advanced-usage.html#ssl-warnings
  warnings.warn(
[2021-12-03 21:50:50,354] {twitter_hook.py:36} INFO - URL: https://api.twitter.com/2/tweets/search/recent?query=VascodaGama&tweet.fields=author_id,conversation_id,created_at,id,in_reply_to_user_id,public_metrics,text&expansions=author_id&user.fields=id,name,username,created_at&start_time=2021-12-01T09:00:00.00Z&end_time=2021-12-02T09:00:00.00Z&next_token=b26v89c19zqg8o3fpdy837unm2f16eco4x0nlkoleg2nx
[2021-12-03 21:50:50,354] {logging_mixin.py:112} WARNING - /home/kauai/datapipeline/venv/lib/python3.8/site-packages/urllib3/connectionpool.py:981: InsecureRequestWarning: Unverified HTTPS request is being made to host 'api.twitter.com'. Adding certificate verification is strongly advised. See: https://urllib3.readthedocs.io/en/latest/advanced-usage.html#ssl-warnings
  warnings.warn(
[2021-12-03 21:50:50,729] {twitter_hook.py:36} INFO - URL: https://api.twitter.com/2/tweets/search/recent?query=VascodaGama&tweet.fields=author_id,conversation_id,created_at,id,in_reply_to_user_id,public_metrics,text&expansions=author_id&user.fields=id,name,username,created_at&start_time=2021-12-01T09:00:00.00Z&end_time=2021-12-02T09:00:00.00Z&next_token=b26v89c19zqg8o3fpdy837unkjdeoj9nb6qhzz1tviq9p
[2021-12-03 21:50:50,729] {logging_mixin.py:112} WARNING - /home/kauai/datapipeline/venv/lib/python3.8/site-packages/urllib3/connectionpool.py:981: InsecureRequestWarning: Unverified HTTPS request is being made to host 'api.twitter.com'. Adding certificate verification is strongly advised. See: https://urllib3.readthedocs.io/en/latest/advanced-usage.html#ssl-warnings
  warnings.warn(
[2021-12-03 21:50:51,098] {twitter_hook.py:36} INFO - URL: https://api.twitter.com/2/tweets/search/recent?query=VascodaGama&tweet.fields=author_id,conversation_id,created_at,id,in_reply_to_user_id,public_metrics,text&expansions=author_id&user.fields=id,name,username,created_at&start_time=2021-12-01T09:00:00.00Z&end_time=2021-12-02T09:00:00.00Z&next_token=b26v89c19zqg8o3fpdy837unhjm2yuk0wtfe5hysrcjnh
[2021-12-03 21:50:51,099] {logging_mixin.py:112} WARNING - /home/kauai/datapipeline/venv/lib/python3.8/site-packages/urllib3/connectionpool.py:981: InsecureRequestWarning: Unverified HTTPS request is being made to host 'api.twitter.com'. Adding certificate verification is strongly advised. See: https://urllib3.readthedocs.io/en/latest/advanced-usage.html#ssl-warnings
  warnings.warn(
[2021-12-03 21:50:51,462] {twitter_hook.py:36} INFO - URL: https://api.twitter.com/2/tweets/search/recent?query=VascodaGama&tweet.fields=author_id,conversation_id,created_at,id,in_reply_to_user_id,public_metrics,text&expansions=author_id&user.fields=id,name,username,created_at&start_time=2021-12-01T09:00:00.00Z&end_time=2021-12-02T09:00:00.00Z&next_token=b26v89c19zqg8o3fpdy837unhhp4qfmottgfwkbyq4rct
[2021-12-03 21:50:51,463] {logging_mixin.py:112} WARNING - /home/kauai/datapipeline/venv/lib/python3.8/site-packages/urllib3/connectionpool.py:981: InsecureRequestWarning: Unverified HTTPS request is being made to host 'api.twitter.com'. Adding certificate verification is strongly advised. See: https://urllib3.readthedocs.io/en/latest/advanced-usage.html#ssl-warnings
  warnings.warn(
[2021-12-03 21:50:51,836] {twitter_hook.py:36} INFO - URL: https://api.twitter.com/2/tweets/search/recent?query=VascodaGama&tweet.fields=author_id,conversation_id,created_at,id,in_reply_to_user_id,public_metrics,text&expansions=author_id&user.fields=id,name,username,created_at&start_time=2021-12-01T09:00:00.00Z&end_time=2021-12-02T09:00:00.00Z&next_token=b26v89c19zqg8o3fpdy835smtokhcvokw2u3dxug40gal
[2021-12-03 21:50:51,836] {logging_mixin.py:112} WARNING - /home/kauai/datapipeline/venv/lib/python3.8/site-packages/urllib3/connectionpool.py:981: InsecureRequestWarning: Unverified HTTPS request is being made to host 'api.twitter.com'. Adding certificate verification is strongly advised. See: https://urllib3.readthedocs.io/en/latest/advanced-usage.html#ssl-warnings
  warnings.warn(
[2021-12-03 21:50:52,210] {twitter_hook.py:36} INFO - URL: https://api.twitter.com/2/tweets/search/recent?query=VascodaGama&tweet.fields=author_id,conversation_id,created_at,id,in_reply_to_user_id,public_metrics,text&expansions=author_id&user.fields=id,name,username,created_at&start_time=2021-12-01T09:00:00.00Z&end_time=2021-12-02T09:00:00.00Z&next_token=b26v89c19zqg8o3fpdy835sms70i8t8p8fymgb8mdovb1
[2021-12-03 21:50:52,211] {logging_mixin.py:112} WARNING - /home/kauai/datapipeline/venv/lib/python3.8/site-packages/urllib3/connectionpool.py:981: InsecureRequestWarning: Unverified HTTPS request is being made to host 'api.twitter.com'. Adding certificate verification is strongly advised. See: https://urllib3.readthedocs.io/en/latest/advanced-usage.html#ssl-warnings
  warnings.warn(
[2021-12-03 21:50:52,587] {twitter_hook.py:36} INFO - URL: https://api.twitter.com/2/tweets/search/recent?query=VascodaGama&tweet.fields=author_id,conversation_id,created_at,id,in_reply_to_user_id,public_metrics,text&expansions=author_id&user.fields=id,name,username,created_at&start_time=2021-12-01T09:00:00.00Z&end_time=2021-12-02T09:00:00.00Z&next_token=b26v89c19zqg8o3fpdy835sms65idx9cid16s58rnc7zx
[2021-12-03 21:50:52,588] {logging_mixin.py:112} WARNING - /home/kauai/datapipeline/venv/lib/python3.8/site-packages/urllib3/connectionpool.py:981: InsecureRequestWarning: Unverified HTTPS request is being made to host 'api.twitter.com'. Adding certificate verification is strongly advised. See: https://urllib3.readthedocs.io/en/latest/advanced-usage.html#ssl-warnings
  warnings.warn(
[2021-12-03 21:50:52,971] {twitter_hook.py:36} INFO - URL: https://api.twitter.com/2/tweets/search/recent?query=VascodaGama&tweet.fields=author_id,conversation_id,created_at,id,in_reply_to_user_id,public_metrics,text&expansions=author_id&user.fields=id,name,username,created_at&start_time=2021-12-01T09:00:00.00Z&end_time=2021-12-02T09:00:00.00Z&next_token=b26v89c19zqg8o3fpdy835smqnqu9cku88dfq9pmt0399
[2021-12-03 21:50:52,972] {logging_mixin.py:112} WARNING - /home/kauai/datapipeline/venv/lib/python3.8/site-packages/urllib3/connectionpool.py:981: InsecureRequestWarning: Unverified HTTPS request is being made to host 'api.twitter.com'. Adding certificate verification is strongly advised. See: https://urllib3.readthedocs.io/en/latest/advanced-usage.html#ssl-warnings
  warnings.warn(
[2021-12-03 21:50:53,342] {twitter_hook.py:36} INFO - URL: https://api.twitter.com/2/tweets/search/recent?query=VascodaGama&tweet.fields=author_id,conversation_id,created_at,id,in_reply_to_user_id,public_metrics,text&expansions=author_id&user.fields=id,name,username,created_at&start_time=2021-12-01T09:00:00.00Z&end_time=2021-12-02T09:00:00.00Z&next_token=b26v89c19zqg8o3fpdy835smp4wt1n7yo6jjzxyr62ge5
[2021-12-03 21:50:53,342] {logging_mixin.py:112} WARNING - /home/kauai/datapipeline/venv/lib/python3.8/site-packages/urllib3/connectionpool.py:981: InsecureRequestWarning: Unverified HTTPS request is being made to host 'api.twitter.com'. Adding certificate verification is strongly advised. See: https://urllib3.readthedocs.io/en/latest/advanced-usage.html#ssl-warnings
  warnings.warn(
[2021-12-03 21:50:53,697] {twitter_hook.py:36} INFO - URL: https://api.twitter.com/2/tweets/search/recent?query=VascodaGama&tweet.fields=author_id,conversation_id,created_at,id,in_reply_to_user_id,public_metrics,text&expansions=author_id&user.fields=id,name,username,created_at&start_time=2021-12-01T09:00:00.00Z&end_time=2021-12-02T09:00:00.00Z&next_token=b26v89c19zqg8o3fpdy835smnl84z1vrbo24v5oxoh665
[2021-12-03 21:50:53,697] {logging_mixin.py:112} WARNING - /home/kauai/datapipeline/venv/lib/python3.8/site-packages/urllib3/connectionpool.py:981: InsecureRequestWarning: Unverified HTTPS request is being made to host 'api.twitter.com'. Adding certificate verification is strongly advised. See: https://urllib3.readthedocs.io/en/latest/advanced-usage.html#ssl-warnings
  warnings.warn(
[2021-12-03 21:50:54,062] {twitter_hook.py:36} INFO - URL: https://api.twitter.com/2/tweets/search/recent?query=VascodaGama&tweet.fields=author_id,conversation_id,created_at,id,in_reply_to_user_id,public_metrics,text&expansions=author_id&user.fields=id,name,username,created_at&start_time=2021-12-01T09:00:00.00Z&end_time=2021-12-02T09:00:00.00Z&next_token=b26v89c19zqg8o3fpdy835smm38pkef6nkckvubaymrul
[2021-12-03 21:50:54,063] {logging_mixin.py:112} WARNING - /home/kauai/datapipeline/venv/lib/python3.8/site-packages/urllib3/connectionpool.py:981: InsecureRequestWarning: Unverified HTTPS request is being made to host 'api.twitter.com'. Adding certificate verification is strongly advised. See: https://urllib3.readthedocs.io/en/latest/advanced-usage.html#ssl-warnings
  warnings.warn(
[2021-12-03 21:50:54,446] {twitter_hook.py:36} INFO - URL: https://api.twitter.com/2/tweets/search/recent?query=VascodaGama&tweet.fields=author_id,conversation_id,created_at,id,in_reply_to_user_id,public_metrics,text&expansions=author_id&user.fields=id,name,username,created_at&start_time=2021-12-01T09:00:00.00Z&end_time=2021-12-02T09:00:00.00Z&next_token=b26v89c19zqg8o3fpdy835smkl9de975a0lngfplw62rh
[2021-12-03 21:50:54,447] {logging_mixin.py:112} WARNING - /home/kauai/datapipeline/venv/lib/python3.8/site-packages/urllib3/connectionpool.py:981: InsecureRequestWarning: Unverified HTTPS request is being made to host 'api.twitter.com'. Adding certificate verification is strongly advised. See: https://urllib3.readthedocs.io/en/latest/advanced-usage.html#ssl-warnings
  warnings.warn(
[2021-12-03 21:50:54,820] {twitter_hook.py:36} INFO - URL: https://api.twitter.com/2/tweets/search/recent?query=VascodaGama&tweet.fields=author_id,conversation_id,created_at,id,in_reply_to_user_id,public_metrics,text&expansions=author_id&user.fields=id,name,username,created_at&start_time=2021-12-01T09:00:00.00Z&end_time=2021-12-02T09:00:00.00Z&next_token=b26v89c19zqg8o3fpdy835smkkeeo2sppjmme0dluicn1
[2021-12-03 21:50:54,820] {logging_mixin.py:112} WARNING - /home/kauai/datapipeline/venv/lib/python3.8/site-packages/urllib3/connectionpool.py:981: InsecureRequestWarning: Unverified HTTPS request is being made to host 'api.twitter.com'. Adding certificate verification is strongly advised. See: https://urllib3.readthedocs.io/en/latest/advanced-usage.html#ssl-warnings
  warnings.warn(
[2021-12-03 21:50:55,197] {twitter_hook.py:36} INFO - URL: https://api.twitter.com/2/tweets/search/recent?query=VascodaGama&tweet.fields=author_id,conversation_id,created_at,id,in_reply_to_user_id,public_metrics,text&expansions=author_id&user.fields=id,name,username,created_at&start_time=2021-12-01T09:00:00.00Z&end_time=2021-12-02T09:00:00.00Z&next_token=b26v89c19zqg8o3fpdy835smj1kjwxg3ldbwm5dpa9ldp
[2021-12-03 21:50:55,197] {logging_mixin.py:112} WARNING - /home/kauai/datapipeline/venv/lib/python3.8/site-packages/urllib3/connectionpool.py:981: InsecureRequestWarning: Unverified HTTPS request is being made to host 'api.twitter.com'. Adding certificate verification is strongly advised. See: https://urllib3.readthedocs.io/en/latest/advanced-usage.html#ssl-warnings
  warnings.warn(
[2021-12-03 21:50:55,558] {twitter_hook.py:36} INFO - URL: https://api.twitter.com/2/tweets/search/recent?query=VascodaGama&tweet.fields=author_id,conversation_id,created_at,id,in_reply_to_user_id,public_metrics,text&expansions=author_id&user.fields=id,name,username,created_at&start_time=2021-12-01T09:00:00.00Z&end_time=2021-12-02T09:00:00.00Z&next_token=b26v89c19zqg8o3fpdy835smhjdi4mvih3cvbrq8sqt8d
[2021-12-03 21:50:55,559] {logging_mixin.py:112} WARNING - /home/kauai/datapipeline/venv/lib/python3.8/site-packages/urllib3/connectionpool.py:981: InsecureRequestWarning: Unverified HTTPS request is being made to host 'api.twitter.com'. Adding certificate verification is strongly advised. See: https://urllib3.readthedocs.io/en/latest/advanced-usage.html#ssl-warnings
  warnings.warn(
[2021-12-03 21:50:55,925] {twitter_hook.py:36} INFO - URL: https://api.twitter.com/2/tweets/search/recent?query=VascodaGama&tweet.fields=author_id,conversation_id,created_at,id,in_reply_to_user_id,public_metrics,text&expansions=author_id&user.fields=id,name,username,created_at&start_time=2021-12-01T09:00:00.00Z&end_time=2021-12-02T09:00:00.00Z&next_token=b26v89c19zqg8o3fpdy835smg20yw4jzx1t5yz067tth9
[2021-12-03 21:50:55,925] {logging_mixin.py:112} WARNING - /home/kauai/datapipeline/venv/lib/python3.8/site-packages/urllib3/connectionpool.py:981: InsecureRequestWarning: Unverified HTTPS request is being made to host 'api.twitter.com'. Adding certificate verification is strongly advised. See: https://urllib3.readthedocs.io/en/latest/advanced-usage.html#ssl-warnings
  warnings.warn(
[2021-12-03 21:50:56,312] {twitter_hook.py:36} INFO - URL: https://api.twitter.com/2/tweets/search/recent?query=VascodaGama&tweet.fields=author_id,conversation_id,created_at,id,in_reply_to_user_id,public_metrics,text&expansions=author_id&user.fields=id,name,username,created_at&start_time=2021-12-01T09:00:00.00Z&end_time=2021-12-02T09:00:00.00Z&next_token=b26v89c19zqg8o3fpdy835smg0jahfa04ecfoxlmbaqnx
[2021-12-03 21:50:56,312] {logging_mixin.py:112} WARNING - /home/kauai/datapipeline/venv/lib/python3.8/site-packages/urllib3/connectionpool.py:981: InsecureRequestWarning: Unverified HTTPS request is being made to host 'api.twitter.com'. Adding certificate verification is strongly advised. See: https://urllib3.readthedocs.io/en/latest/advanced-usage.html#ssl-warnings
  warnings.warn(
[2021-12-03 21:50:56,687] {twitter_hook.py:36} INFO - URL: https://api.twitter.com/2/tweets/search/recent?query=VascodaGama&tweet.fields=author_id,conversation_id,created_at,id,in_reply_to_user_id,public_metrics,text&expansions=author_id&user.fields=id,name,username,created_at&start_time=2021-12-01T09:00:00.00Z&end_time=2021-12-02T09:00:00.00Z&next_token=b26v89c19zqg8o3fpdy835sc1a99vpvcqteygx5phfczh
[2021-12-03 21:50:56,688] {logging_mixin.py:112} WARNING - /home/kauai/datapipeline/venv/lib/python3.8/site-packages/urllib3/connectionpool.py:981: InsecureRequestWarning: Unverified HTTPS request is being made to host 'api.twitter.com'. Adding certificate verification is strongly advised. See: https://urllib3.readthedocs.io/en/latest/advanced-usage.html#ssl-warnings
  warnings.warn(
[2021-12-03 21:50:57,070] {twitter_hook.py:36} INFO - URL: https://api.twitter.com/2/tweets/search/recent?query=VascodaGama&tweet.fields=author_id,conversation_id,created_at,id,in_reply_to_user_id,public_metrics,text&expansions=author_id&user.fields=id,name,username,created_at&start_time=2021-12-01T09:00:00.00Z&end_time=2021-12-02T09:00:00.00Z&next_token=b26v89c19zqg8o3fpdy835sc19m7715wh3z4467pbhchp
[2021-12-03 21:50:57,071] {logging_mixin.py:112} WARNING - /home/kauai/datapipeline/venv/lib/python3.8/site-packages/urllib3/connectionpool.py:981: InsecureRequestWarning: Unverified HTTPS request is being made to host 'api.twitter.com'. Adding certificate verification is strongly advised. See: https://urllib3.readthedocs.io/en/latest/advanced-usage.html#ssl-warnings
  warnings.warn(
[2021-12-03 21:50:57,450] {twitter_hook.py:36} INFO - URL: https://api.twitter.com/2/tweets/search/recent?query=VascodaGama&tweet.fields=author_id,conversation_id,created_at,id,in_reply_to_user_id,public_metrics,text&expansions=author_id&user.fields=id,name,username,created_at&start_time=2021-12-01T09:00:00.00Z&end_time=2021-12-02T09:00:00.00Z&next_token=b26v89c19zqg8o3fpdy835sc18jslag67xtaanm121ocd
[2021-12-03 21:50:57,451] {logging_mixin.py:112} WARNING - /home/kauai/datapipeline/venv/lib/python3.8/site-packages/urllib3/connectionpool.py:981: InsecureRequestWarning: Unverified HTTPS request is being made to host 'api.twitter.com'. Adding certificate verification is strongly advised. See: https://urllib3.readthedocs.io/en/latest/advanced-usage.html#ssl-warnings
  warnings.warn(
[2021-12-03 21:50:57,819] {twitter_hook.py:36} INFO - URL: https://api.twitter.com/2/tweets/search/recent?query=VascodaGama&tweet.fields=author_id,conversation_id,created_at,id,in_reply_to_user_id,public_metrics,text&expansions=author_id&user.fields=id,name,username,created_at&start_time=2021-12-01T09:00:00.00Z&end_time=2021-12-02T09:00:00.00Z&next_token=b26v89c19zqg8o3fpdy835sbzrf4bus67ggfxgs62wtx9
[2021-12-03 21:50:57,819] {logging_mixin.py:112} WARNING - /home/kauai/datapipeline/venv/lib/python3.8/site-packages/urllib3/connectionpool.py:981: InsecureRequestWarning: Unverified HTTPS request is being made to host 'api.twitter.com'. Adding certificate verification is strongly advised. See: https://urllib3.readthedocs.io/en/latest/advanced-usage.html#ssl-warnings
  warnings.warn(
[2021-12-03 21:50:58,185] {twitter_hook.py:36} INFO - URL: https://api.twitter.com/2/tweets/search/recent?query=VascodaGama&tweet.fields=author_id,conversation_id,created_at,id,in_reply_to_user_id,public_metrics,text&expansions=author_id&user.fields=id,name,username,created_at&start_time=2021-12-01T09:00:00.00Z&end_time=2021-12-02T09:00:00.00Z&next_token=b26v89c19zqg8o3fpdy835sby8l8ivn85sxeguwavdrwd
[2021-12-03 21:50:58,185] {logging_mixin.py:112} WARNING - /home/kauai/datapipeline/venv/lib/python3.8/site-packages/urllib3/connectionpool.py:981: InsecureRequestWarning: Unverified HTTPS request is being made to host 'api.twitter.com'. Adding certificate verification is strongly advised. See: https://urllib3.readthedocs.io/en/latest/advanced-usage.html#ssl-warnings
  warnings.warn(
[2021-12-03 21:50:58,560] {twitter_hook.py:36} INFO - URL: https://api.twitter.com/2/tweets/search/recent?query=VascodaGama&tweet.fields=author_id,conversation_id,created_at,id,in_reply_to_user_id,public_metrics,text&expansions=author_id&user.fields=id,name,username,created_at&start_time=2021-12-01T09:00:00.00Z&end_time=2021-12-02T09:00:00.00Z&next_token=b26v89c19zqg8o3fpdy835sby73bg0s1mov0pw17lg325
[2021-12-03 21:50:58,561] {logging_mixin.py:112} WARNING - /home/kauai/datapipeline/venv/lib/python3.8/site-packages/urllib3/connectionpool.py:981: InsecureRequestWarning: Unverified HTTPS request is being made to host 'api.twitter.com'. Adding certificate verification is strongly advised. See: https://urllib3.readthedocs.io/en/latest/advanced-usage.html#ssl-warnings
  warnings.warn(
[2021-12-03 21:50:58,937] {twitter_hook.py:36} INFO - URL: https://api.twitter.com/2/tweets/search/recent?query=VascodaGama&tweet.fields=author_id,conversation_id,created_at,id,in_reply_to_user_id,public_metrics,text&expansions=author_id&user.fields=id,name,username,created_at&start_time=2021-12-01T09:00:00.00Z&end_time=2021-12-02T09:00:00.00Z&next_token=b26v89c19zqg8o3fpdy835sbwp42jamjezazozunvljzx
[2021-12-03 21:50:58,939] {logging_mixin.py:112} WARNING - /home/kauai/datapipeline/venv/lib/python3.8/site-packages/urllib3/connectionpool.py:981: InsecureRequestWarning: Unverified HTTPS request is being made to host 'api.twitter.com'. Adding certificate verification is strongly advised. See: https://urllib3.readthedocs.io/en/latest/advanced-usage.html#ssl-warnings
  warnings.warn(
[2021-12-03 21:50:59,303] {twitter_hook.py:36} INFO - URL: https://api.twitter.com/2/tweets/search/recent?query=VascodaGama&tweet.fields=author_id,conversation_id,created_at,id,in_reply_to_user_id,public_metrics,text&expansions=author_id&user.fields=id,name,username,created_at&start_time=2021-12-01T09:00:00.00Z&end_time=2021-12-02T09:00:00.00Z&next_token=b26v89c19zqg8o3fpdy835sbv7ri6zvmem5ktdno2nq7x
[2021-12-03 21:50:59,303] {logging_mixin.py:112} WARNING - /home/kauai/datapipeline/venv/lib/python3.8/site-packages/urllib3/connectionpool.py:981: InsecureRequestWarning: Unverified HTTPS request is being made to host 'api.twitter.com'. Adding certificate verification is strongly advised. See: https://urllib3.readthedocs.io/en/latest/advanced-usage.html#ssl-warnings
  warnings.warn(
[2021-12-03 21:50:59,732] {twitter_hook.py:36} INFO - URL: https://api.twitter.com/2/tweets/search/recent?query=VascodaGama&tweet.fields=author_id,conversation_id,created_at,id,in_reply_to_user_id,public_metrics,text&expansions=author_id&user.fields=id,name,username,created_at&start_time=2021-12-01T09:00:00.00Z&end_time=2021-12-02T09:00:00.00Z&next_token=b26v89c19zqg8o3fpdy835sbtp5axl7u2or91u5jrd08t
[2021-12-03 21:50:59,733] {logging_mixin.py:112} WARNING - /home/kauai/datapipeline/venv/lib/python3.8/site-packages/urllib3/connectionpool.py:981: InsecureRequestWarning: Unverified HTTPS request is being made to host 'api.twitter.com'. Adding certificate verification is strongly advised. See: https://urllib3.readthedocs.io/en/latest/advanced-usage.html#ssl-warnings
  warnings.warn(
[2021-12-03 21:51:00,112] {twitter_hook.py:36} INFO - URL: https://api.twitter.com/2/tweets/search/recent?query=VascodaGama&tweet.fields=author_id,conversation_id,created_at,id,in_reply_to_user_id,public_metrics,text&expansions=author_id&user.fields=id,name,username,created_at&start_time=2021-12-01T09:00:00.00Z&end_time=2021-12-02T09:00:00.00Z&next_token=b26v89c19zqg8o3fpdy835sbtnv2dow1opgdqdp55mjy5
[2021-12-03 21:51:00,114] {logging_mixin.py:112} WARNING - /home/kauai/datapipeline/venv/lib/python3.8/site-packages/urllib3/connectionpool.py:981: InsecureRequestWarning: Unverified HTTPS request is being made to host 'api.twitter.com'. Adding certificate verification is strongly advised. See: https://urllib3.readthedocs.io/en/latest/advanced-usage.html#ssl-warnings
  warnings.warn(
[2021-12-03 21:51:00,496] {twitter_hook.py:36} INFO - URL: https://api.twitter.com/2/tweets/search/recent?query=VascodaGama&tweet.fields=author_id,conversation_id,created_at,id,in_reply_to_user_id,public_metrics,text&expansions=author_id&user.fields=id,name,username,created_at&start_time=2021-12-01T09:00:00.00Z&end_time=2021-12-02T09:00:00.00Z&next_token=b26v89c19zqg8o3fpdy835sbs63bgsgfa3m72j93fsubh
[2021-12-03 21:51:00,498] {logging_mixin.py:112} WARNING - /home/kauai/datapipeline/venv/lib/python3.8/site-packages/urllib3/connectionpool.py:981: InsecureRequestWarning: Unverified HTTPS request is being made to host 'api.twitter.com'. Adding certificate verification is strongly advised. See: https://urllib3.readthedocs.io/en/latest/advanced-usage.html#ssl-warnings
  warnings.warn(
[2021-12-03 21:51:00,888] {twitter_hook.py:36} INFO - URL: https://api.twitter.com/2/tweets/search/recent?query=VascodaGama&tweet.fields=author_id,conversation_id,created_at,id,in_reply_to_user_id,public_metrics,text&expansions=author_id&user.fields=id,name,username,created_at&start_time=2021-12-01T09:00:00.00Z&end_time=2021-12-02T09:00:00.00Z&next_token=b26v89c19zqg8o3fpdy835sbs4ln1mn8spihgg1ugb1q5
[2021-12-03 21:51:00,888] {logging_mixin.py:112} WARNING - /home/kauai/datapipeline/venv/lib/python3.8/site-packages/urllib3/connectionpool.py:981: InsecureRequestWarning: Unverified HTTPS request is being made to host 'api.twitter.com'. Adding certificate verification is strongly advised. See: https://urllib3.readthedocs.io/en/latest/advanced-usage.html#ssl-warnings
  warnings.warn(
[2021-12-03 21:51:01,242] {twitter_hook.py:36} INFO - URL: https://api.twitter.com/2/tweets/search/recent?query=VascodaGama&tweet.fields=author_id,conversation_id,created_at,id,in_reply_to_user_id,public_metrics,text&expansions=author_id&user.fields=id,name,username,created_at&start_time=2021-12-01T09:00:00.00Z&end_time=2021-12-02T09:00:00.00Z&next_token=b26v89c19zqg8o3fpdy835sbqm6zyqay2ub82z4s0wo71
[2021-12-03 21:51:01,243] {logging_mixin.py:112} WARNING - /home/kauai/datapipeline/venv/lib/python3.8/site-packages/urllib3/connectionpool.py:981: InsecureRequestWarning: Unverified HTTPS request is being made to host 'api.twitter.com'. Adding certificate verification is strongly advised. See: https://urllib3.readthedocs.io/en/latest/advanced-usage.html#ssl-warnings
  warnings.warn(
[2021-12-03 21:51:01,594] {twitter_hook.py:36} INFO - URL: https://api.twitter.com/2/tweets/search/recent?query=VascodaGama&tweet.fields=author_id,conversation_id,created_at,id,in_reply_to_user_id,public_metrics,text&expansions=author_id&user.fields=id,name,username,created_at&start_time=2021-12-01T09:00:00.00Z&end_time=2021-12-02T09:00:00.00Z&next_token=b26v89c19zqg8o3fpdy835sbp4updrtru53zzloxiz3wd
[2021-12-03 21:51:01,594] {logging_mixin.py:112} WARNING - /home/kauai/datapipeline/venv/lib/python3.8/site-packages/urllib3/connectionpool.py:981: InsecureRequestWarning: Unverified HTTPS request is being made to host 'api.twitter.com'. Adding certificate verification is strongly advised. See: https://urllib3.readthedocs.io/en/latest/advanced-usage.html#ssl-warnings
  warnings.warn(
[2021-12-03 21:51:02,069] {twitter_hook.py:36} INFO - URL: https://api.twitter.com/2/tweets/search/recent?query=VascodaGama&tweet.fields=author_id,conversation_id,created_at,id,in_reply_to_user_id,public_metrics,text&expansions=author_id&user.fields=id,name,username,created_at&start_time=2021-12-01T09:00:00.00Z&end_time=2021-12-02T09:00:00.00Z&next_token=b26v89c19zqg8o3fpdy835sbp401f3e91ilsiobb1yvlp
[2021-12-03 21:51:02,070] {logging_mixin.py:112} WARNING - /home/kauai/datapipeline/venv/lib/python3.8/site-packages/urllib3/connectionpool.py:981: InsecureRequestWarning: Unverified HTTPS request is being made to host 'api.twitter.com'. Adding certificate verification is strongly advised. See: https://urllib3.readthedocs.io/en/latest/advanced-usage.html#ssl-warnings
  warnings.warn(
[2021-12-03 21:51:02,552] {twitter_hook.py:36} INFO - URL: https://api.twitter.com/2/tweets/search/recent?query=VascodaGama&tweet.fields=author_id,conversation_id,created_at,id,in_reply_to_user_id,public_metrics,text&expansions=author_id&user.fields=id,name,username,created_at&start_time=2021-12-01T09:00:00.00Z&end_time=2021-12-02T09:00:00.00Z&next_token=b26v89c19zqg8o3fpdy835sbnm8bmfxzoepy0cs9fwnzx
[2021-12-03 21:51:02,552] {logging_mixin.py:112} WARNING - /home/kauai/datapipeline/venv/lib/python3.8/site-packages/urllib3/connectionpool.py:981: InsecureRequestWarning: Unverified HTTPS request is being made to host 'api.twitter.com'. Adding certificate verification is strongly advised. See: https://urllib3.readthedocs.io/en/latest/advanced-usage.html#ssl-warnings
  warnings.warn(
[2021-12-03 21:51:02,938] {twitter_hook.py:36} INFO - URL: https://api.twitter.com/2/tweets/search/recent?query=VascodaGama&tweet.fields=author_id,conversation_id,created_at,id,in_reply_to_user_id,public_metrics,text&expansions=author_id&user.fields=id,name,username,created_at&start_time=2021-12-01T09:00:00.00Z&end_time=2021-12-02T09:00:00.00Z&next_token=b26v89c19zqg8o3fpdy835sbnll5p95ce0lqxvnvknbel
[2021-12-03 21:51:02,939] {logging_mixin.py:112} WARNING - /home/kauai/datapipeline/venv/lib/python3.8/site-packages/urllib3/connectionpool.py:981: InsecureRequestWarning: Unverified HTTPS request is being made to host 'api.twitter.com'. Adding certificate verification is strongly advised. See: https://urllib3.readthedocs.io/en/latest/advanced-usage.html#ssl-warnings
  warnings.warn(
[2021-12-03 21:51:03,299] {twitter_hook.py:36} INFO - URL: https://api.twitter.com/2/tweets/search/recent?query=VascodaGama&tweet.fields=author_id,conversation_id,created_at,id,in_reply_to_user_id,public_metrics,text&expansions=author_id&user.fields=id,name,username,created_at&start_time=2021-12-01T09:00:00.00Z&end_time=2021-12-02T09:00:00.00Z&next_token=b26v89c19zqg8o3fpdy835s18uo3jkg0v33ukuaojnkal
[2021-12-03 21:51:03,299] {logging_mixin.py:112} WARNING - /home/kauai/datapipeline/venv/lib/python3.8/site-packages/urllib3/connectionpool.py:981: InsecureRequestWarning: Unverified HTTPS request is being made to host 'api.twitter.com'. Adding certificate verification is strongly advised. See: https://urllib3.readthedocs.io/en/latest/advanced-usage.html#ssl-warnings
  warnings.warn(
[2021-12-03 21:51:03,682] {twitter_hook.py:36} INFO - URL: https://api.twitter.com/2/tweets/search/recent?query=VascodaGama&tweet.fields=author_id,conversation_id,created_at,id,in_reply_to_user_id,public_metrics,text&expansions=author_id&user.fields=id,name,username,created_at&start_time=2021-12-01T09:00:00.00Z&end_time=2021-12-02T09:00:00.00Z&next_token=b26v89c19zqg8o3fpdy835s18u157surax96xl4rgk67x
[2021-12-03 21:51:03,682] {logging_mixin.py:112} WARNING - /home/kauai/datapipeline/venv/lib/python3.8/site-packages/urllib3/connectionpool.py:981: InsecureRequestWarning: Unverified HTTPS request is being made to host 'api.twitter.com'. Adding certificate verification is strongly advised. See: https://urllib3.readthedocs.io/en/latest/advanced-usage.html#ssl-warnings
  warnings.warn(
[2021-12-03 21:51:04,052] {twitter_hook.py:36} INFO - URL: https://api.twitter.com/2/tweets/search/recent?query=VascodaGama&tweet.fields=author_id,conversation_id,created_at,id,in_reply_to_user_id,public_metrics,text&expansions=author_id&user.fields=id,name,username,created_at&start_time=2021-12-01T09:00:00.00Z&end_time=2021-12-02T09:00:00.00Z&next_token=b26v89c19zqg8o3fpdy835s18t6cwte5v2utpbu903y4d
[2021-12-03 21:51:04,052] {logging_mixin.py:112} WARNING - /home/kauai/datapipeline/venv/lib/python3.8/site-packages/urllib3/connectionpool.py:981: InsecureRequestWarning: Unverified HTTPS request is being made to host 'api.twitter.com'. Adding certificate verification is strongly advised. See: https://urllib3.readthedocs.io/en/latest/advanced-usage.html#ssl-warnings
  warnings.warn(
[2021-12-03 21:51:04,435] {twitter_hook.py:36} INFO - URL: https://api.twitter.com/2/tweets/search/recent?query=VascodaGama&tweet.fields=author_id,conversation_id,created_at,id,in_reply_to_user_id,public_metrics,text&expansions=author_id&user.fields=id,name,username,created_at&start_time=2021-12-01T09:00:00.00Z&end_time=2021-12-02T09:00:00.00Z&next_token=b26v89c19zqg8o3fpdy835s17c1opno11vtvc4s58cz99
[2021-12-03 21:51:04,436] {logging_mixin.py:112} WARNING - /home/kauai/datapipeline/venv/lib/python3.8/site-packages/urllib3/connectionpool.py:981: InsecureRequestWarning: Unverified HTTPS request is being made to host 'api.twitter.com'. Adding certificate verification is strongly advised. See: https://urllib3.readthedocs.io/en/latest/advanced-usage.html#ssl-warnings
  warnings.warn(
[2021-12-03 21:51:04,813] {twitter_hook.py:36} INFO - URL: https://api.twitter.com/2/tweets/search/recent?query=VascodaGama&tweet.fields=author_id,conversation_id,created_at,id,in_reply_to_user_id,public_metrics,text&expansions=author_id&user.fields=id,name,username,created_at&start_time=2021-12-01T09:00:00.00Z&end_time=2021-12-02T09:00:00.00Z&next_token=b26v89c19zqg8o3fpdy835s17ben4bd8r1fov0mg6w22l
[2021-12-03 21:51:04,813] {logging_mixin.py:112} WARNING - /home/kauai/datapipeline/venv/lib/python3.8/site-packages/urllib3/connectionpool.py:981: InsecureRequestWarning: Unverified HTTPS request is being made to host 'api.twitter.com'. Adding certificate verification is strongly advised. See: https://urllib3.readthedocs.io/en/latest/advanced-usage.html#ssl-warnings
  warnings.warn(
[2021-12-03 21:51:05,201] {twitter_hook.py:36} INFO - URL: https://api.twitter.com/2/tweets/search/recent?query=VascodaGama&tweet.fields=author_id,conversation_id,created_at,id,in_reply_to_user_id,public_metrics,text&expansions=author_id&user.fields=id,name,username,created_at&start_time=2021-12-01T09:00:00.00Z&end_time=2021-12-02T09:00:00.00Z&next_token=b26v89c19zqg8o3fpdy835s17ak09fn46w1vvt47pbybh
[2021-12-03 21:51:05,201] {logging_mixin.py:112} WARNING - /home/kauai/datapipeline/venv/lib/python3.8/site-packages/urllib3/connectionpool.py:981: InsecureRequestWarning: Unverified HTTPS request is being made to host 'api.twitter.com'. Adding certificate verification is strongly advised. See: https://urllib3.readthedocs.io/en/latest/advanced-usage.html#ssl-warnings
  warnings.warn(
[2021-12-03 21:51:05,458] {http_hook.py:150} ERROR - HTTP error: Too Many Requests
[2021-12-03 21:51:05,458] {http_hook.py:151} ERROR - {"title":"Too Many Requests","detail":"Too Many Requests","type":"about:blank","status":429}
[2021-12-03 21:51:05,462] {taskinstance.py:1150} ERROR - 429:Too Many Requests
Traceback (most recent call last):
  File "/home/kauai/datapipeline/venv/lib/python3.8/site-packages/airflow/hooks/http_hook.py", line 148, in check_response
    response.raise_for_status()
  File "/home/kauai/datapipeline/venv/lib/python3.8/site-packages/requests/models.py", line 941, in raise_for_status
    raise HTTPError(http_error_msg, response=self)
requests.exceptions.HTTPError: 429 Client Error: Too Many Requests for url: https://api.twitter.com/2/tweets/search/recent?query=VascodaGama&tweet.fields=author_id,conversation_id,created_at,id,in_reply_to_user_id,public_metrics,text&expansions=author_id&user.fields=id,name,username,created_at&start_time=2021-12-01T09:00:00.00Z&end_time=2021-12-02T09:00:00.00Z&next_token=b26v89c19zqg8o3fpdy835s17ak09fn46w1vvt47pbybh

During handling of the above exception, another exception occurred:

Traceback (most recent call last):
  File "/home/kauai/datapipeline/venv/lib/python3.8/site-packages/airflow/models/taskinstance.py", line 984, in _run_raw_task
    result = task_copy.execute(context=context)
  File "/home/kauai/airflow/plugins/operators/twitter_operator.py", line 49, in execute
    for pg in hook.run():
  File "/home/kauai/airflow/plugins/hooks/twitter_hook.py", line 56, in run
    yield from self.paginate(url, session)
  File "/home/kauai/airflow/plugins/hooks/twitter_hook.py", line 48, in paginate
    yield from self.paginate(url, session, data['meta']['next_token'])
  File "/home/kauai/airflow/plugins/hooks/twitter_hook.py", line 48, in paginate
    yield from self.paginate(url, session, data['meta']['next_token'])
  File "/home/kauai/airflow/plugins/hooks/twitter_hook.py", line 48, in paginate
    yield from self.paginate(url, session, data['meta']['next_token'])
  [Previous line repeated 81 more times]
  File "/home/kauai/airflow/plugins/hooks/twitter_hook.py", line 45, in paginate
    data = self.connect_to_endpoint(full_url, session)
  File "/home/kauai/airflow/plugins/hooks/twitter_hook.py", line 37, in connect_to_endpoint
    return self.run_and_check(session, prep, {}).json()
  File "/home/kauai/datapipeline/venv/lib/python3.8/site-packages/airflow/hooks/http_hook.py", line 181, in run_and_check
    self.check_response(response)
  File "/home/kauai/datapipeline/venv/lib/python3.8/site-packages/airflow/hooks/http_hook.py", line 152, in check_response
    raise AirflowException(str(response.status_code) + ":" + response.reason)
airflow.exceptions.AirflowException: 429:Too Many Requests
[2021-12-03 21:51:05,465] {taskinstance.py:1187} INFO - Marking task as FAILED. dag_id=twitter_dag, task_id=twitter_vascodagama, execution_date=20211201T090000, start_date=20211204T005032, end_date=20211204T005105
[2021-12-03 21:51:07,328] {local_task_job.py:102} INFO - Task exited with return code 1
