[2021-11-29 23:48:36,616] {taskinstance.py:670} INFO - Dependencies all met for <TaskInstance: twitter_dag.transform_twitter_aluraonline 2021-11-26T09:00:00+00:00 [queued]>
[2021-11-29 23:48:36,625] {taskinstance.py:670} INFO - Dependencies all met for <TaskInstance: twitter_dag.transform_twitter_aluraonline 2021-11-26T09:00:00+00:00 [queued]>
[2021-11-29 23:48:36,625] {taskinstance.py:880} INFO - 
--------------------------------------------------------------------------------
[2021-11-29 23:48:36,625] {taskinstance.py:881} INFO - Starting attempt 2 of 2
[2021-11-29 23:48:36,625] {taskinstance.py:882} INFO - 
--------------------------------------------------------------------------------
[2021-11-29 23:48:36,632] {taskinstance.py:901} INFO - Executing <Task(SparkSubmitOperator): transform_twitter_aluraonline> on 2021-11-26T09:00:00+00:00
[2021-11-29 23:48:36,633] {standard_task_runner.py:54} INFO - Started process 4395 to run task
[2021-11-29 23:48:36,683] {standard_task_runner.py:77} INFO - Running: ['airflow', 'run', 'twitter_dag', 'transform_twitter_aluraonline', '2021-11-26T09:00:00+00:00', '--job_id', '26', '--pool', 'default_pool', '--raw', '-sd', 'DAGS_FOLDER/twitter_dag.py', '--cfg_path', '/tmp/tmpm4vpt78r']
[2021-11-29 23:48:36,684] {standard_task_runner.py:78} INFO - Job 26: Subtask transform_twitter_aluraonline
[2021-11-29 23:48:36,703] {logging_mixin.py:112} INFO - Running <TaskInstance: twitter_dag.transform_twitter_aluraonline 2021-11-26T09:00:00+00:00 [running]> on host kauai-VirtualBox
[2021-11-29 23:48:36,741] {base_hook.py:89} INFO - Using connection to: id: spark_default. Host: local, Port: None, Schema: None, Login: None, Password: None, extra: XXXXXXXX
[2021-11-29 23:48:36,742] {spark_submit_hook.py:325} INFO - Spark-Submit cmd: /home/kauai/spark-3.1.2-bin-hadoop3.2/bin/spark-submit --master local --name twitter_transformation /home/kauai/datapipeline/spark/transformation.py --src /home/kauai/kauai/datapipeline/datalake/bronze/twitter_aluraonline/extract_date=2021-11-26 --dest /home/kauai/kauai/datapipeline/datalake/silver/twitter_aluraonline/ --process-date 2021-11-26
[2021-11-29 23:48:38,096] {spark_submit_hook.py:479} INFO - 21/11/29 23:48:38 WARN Utils: Your hostname, kauai-VirtualBox resolves to a loopback address: 127.0.1.1; using 10.0.2.15 instead (on interface enp0s3)
[2021-11-29 23:48:38,097] {spark_submit_hook.py:479} INFO - 21/11/29 23:48:38 WARN Utils: Set SPARK_LOCAL_IP if you need to bind to another address
[2021-11-29 23:48:38,108] {spark_submit_hook.py:479} INFO - WARNING: An illegal reflective access operation has occurred
[2021-11-29 23:48:38,108] {spark_submit_hook.py:479} INFO - WARNING: Illegal reflective access by org.apache.spark.unsafe.Platform (file:/opt/spark/jars/spark-unsafe_2.12-3.1.2.jar) to constructor java.nio.DirectByteBuffer(long,int)
[2021-11-29 23:48:38,108] {spark_submit_hook.py:479} INFO - WARNING: Please consider reporting this to the maintainers of org.apache.spark.unsafe.Platform
[2021-11-29 23:48:38,108] {spark_submit_hook.py:479} INFO - WARNING: Use --illegal-access=warn to enable warnings of further illegal reflective access operations
[2021-11-29 23:48:38,108] {spark_submit_hook.py:479} INFO - WARNING: All illegal access operations will be denied in a future release
[2021-11-29 23:48:38,607] {spark_submit_hook.py:479} INFO - 21/11/29 23:48:38 WARN NativeCodeLoader: Unable to load native-hadoop library for your platform... using builtin-java classes where applicable
[2021-11-29 23:48:39,449] {spark_submit_hook.py:479} INFO - Using Spark's default log4j profile: org/apache/spark/log4j-defaults.properties
[2021-11-29 23:48:39,457] {spark_submit_hook.py:479} INFO - 21/11/29 23:48:39 INFO SparkContext: Running Spark version 3.1.2
[2021-11-29 23:48:39,511] {spark_submit_hook.py:479} INFO - 21/11/29 23:48:39 INFO ResourceUtils: ==============================================================
[2021-11-29 23:48:39,512] {spark_submit_hook.py:479} INFO - 21/11/29 23:48:39 INFO ResourceUtils: No custom resources configured for spark.driver.
[2021-11-29 23:48:39,512] {spark_submit_hook.py:479} INFO - 21/11/29 23:48:39 INFO ResourceUtils: ==============================================================
[2021-11-29 23:48:39,514] {spark_submit_hook.py:479} INFO - 21/11/29 23:48:39 INFO SparkContext: Submitted application: twitter_transformation
[2021-11-29 23:48:39,545] {spark_submit_hook.py:479} INFO - 21/11/29 23:48:39 INFO ResourceProfile: Default ResourceProfile created, executor resources: Map(cores -> name: cores, amount: 1, script: , vendor: , memory -> name: memory, amount: 1024, script: , vendor: , offHeap -> name: offHeap, amount: 0, script: , vendor: ), task resources: Map(cpus -> name: cpus, amount: 1.0)
[2021-11-29 23:48:39,556] {spark_submit_hook.py:479} INFO - 21/11/29 23:48:39 INFO ResourceProfile: Limiting resource is cpu
[2021-11-29 23:48:39,557] {spark_submit_hook.py:479} INFO - 21/11/29 23:48:39 INFO ResourceProfileManager: Added ResourceProfile id: 0
[2021-11-29 23:48:39,605] {spark_submit_hook.py:479} INFO - 21/11/29 23:48:39 INFO SecurityManager: Changing view acls to: kauai
[2021-11-29 23:48:39,606] {spark_submit_hook.py:479} INFO - 21/11/29 23:48:39 INFO SecurityManager: Changing modify acls to: kauai
[2021-11-29 23:48:39,606] {spark_submit_hook.py:479} INFO - 21/11/29 23:48:39 INFO SecurityManager: Changing view acls groups to:
[2021-11-29 23:48:39,606] {spark_submit_hook.py:479} INFO - 21/11/29 23:48:39 INFO SecurityManager: Changing modify acls groups to:
[2021-11-29 23:48:39,607] {spark_submit_hook.py:479} INFO - 21/11/29 23:48:39 INFO SecurityManager: SecurityManager: authentication disabled; ui acls disabled; users  with view permissions: Set(kauai); groups with view permissions: Set(); users  with modify permissions: Set(kauai); groups with modify permissions: Set()
[2021-11-29 23:48:39,950] {spark_submit_hook.py:479} INFO - 21/11/29 23:48:39 INFO Utils: Successfully started service 'sparkDriver' on port 32795.
[2021-11-29 23:48:40,010] {spark_submit_hook.py:479} INFO - 21/11/29 23:48:40 INFO SparkEnv: Registering MapOutputTracker
[2021-11-29 23:48:40,066] {spark_submit_hook.py:479} INFO - 21/11/29 23:48:40 INFO SparkEnv: Registering BlockManagerMaster
[2021-11-29 23:48:40,093] {spark_submit_hook.py:479} INFO - 21/11/29 23:48:40 INFO BlockManagerMasterEndpoint: Using org.apache.spark.storage.DefaultTopologyMapper for getting topology information
[2021-11-29 23:48:40,094] {spark_submit_hook.py:479} INFO - 21/11/29 23:48:40 INFO BlockManagerMasterEndpoint: BlockManagerMasterEndpoint up
[2021-11-29 23:48:40,100] {spark_submit_hook.py:479} INFO - 21/11/29 23:48:40 INFO SparkEnv: Registering BlockManagerMasterHeartbeat
[2021-11-29 23:48:40,121] {spark_submit_hook.py:479} INFO - 21/11/29 23:48:40 INFO DiskBlockManager: Created local directory at /tmp/blockmgr-c0773b32-4f6a-47ad-a81b-c6e765a10042
[2021-11-29 23:48:40,143] {spark_submit_hook.py:479} INFO - 21/11/29 23:48:40 INFO MemoryStore: MemoryStore started with capacity 413.9 MiB
[2021-11-29 23:48:40,164] {spark_submit_hook.py:479} INFO - 21/11/29 23:48:40 INFO SparkEnv: Registering OutputCommitCoordinator
[2021-11-29 23:48:40,376] {spark_submit_hook.py:479} INFO - 21/11/29 23:48:40 INFO Utils: Successfully started service 'SparkUI' on port 4040.
[2021-11-29 23:48:40,494] {spark_submit_hook.py:479} INFO - 21/11/29 23:48:40 INFO SparkUI: Bound SparkUI to 0.0.0.0, and started at http://10.0.2.15:4040
[2021-11-29 23:48:40,777] {spark_submit_hook.py:479} INFO - 21/11/29 23:48:40 INFO Executor: Starting executor ID driver on host 10.0.2.15
[2021-11-29 23:48:40,827] {spark_submit_hook.py:479} INFO - 21/11/29 23:48:40 INFO Utils: Successfully started service 'org.apache.spark.network.netty.NettyBlockTransferService' on port 39401.
[2021-11-29 23:48:40,827] {spark_submit_hook.py:479} INFO - 21/11/29 23:48:40 INFO NettyBlockTransferService: Server created on 10.0.2.15:39401
[2021-11-29 23:48:40,827] {spark_submit_hook.py:479} INFO - 21/11/29 23:48:40 INFO BlockManager: Using org.apache.spark.storage.RandomBlockReplicationPolicy for block replication policy
[2021-11-29 23:48:40,831] {spark_submit_hook.py:479} INFO - 21/11/29 23:48:40 INFO BlockManagerMaster: Registering BlockManager BlockManagerId(driver, 10.0.2.15, 39401, None)
[2021-11-29 23:48:40,834] {spark_submit_hook.py:479} INFO - 21/11/29 23:48:40 INFO BlockManagerMasterEndpoint: Registering block manager 10.0.2.15:39401 with 413.9 MiB RAM, BlockManagerId(driver, 10.0.2.15, 39401, None)
[2021-11-29 23:48:40,836] {spark_submit_hook.py:479} INFO - 21/11/29 23:48:40 INFO BlockManagerMaster: Registered BlockManager BlockManagerId(driver, 10.0.2.15, 39401, None)
[2021-11-29 23:48:40,843] {spark_submit_hook.py:479} INFO - 21/11/29 23:48:40 INFO BlockManager: Initialized BlockManager: BlockManagerId(driver, 10.0.2.15, 39401, None)
[2021-11-29 23:48:41,426] {spark_submit_hook.py:479} INFO - 21/11/29 23:48:41 INFO SharedState: Setting hive.metastore.warehouse.dir ('null') to the value of spark.sql.warehouse.dir ('file:/home/kauai/datapipeline/spark-warehouse').
[2021-11-29 23:48:41,428] {spark_submit_hook.py:479} INFO - 21/11/29 23:48:41 INFO SharedState: Warehouse path is 'file:/home/kauai/datapipeline/spark-warehouse'.
[2021-11-29 23:48:42,641] {spark_submit_hook.py:479} INFO - 21/11/29 23:48:42 INFO InMemoryFileIndex: It took 90 ms to list leaf files for 1 paths.
[2021-11-29 23:48:42,753] {spark_submit_hook.py:479} INFO - 21/11/29 23:48:42 INFO InMemoryFileIndex: It took 1 ms to list leaf files for 1 paths.
[2021-11-29 23:48:44,969] {spark_submit_hook.py:479} INFO - 21/11/29 23:48:44 INFO FileSourceStrategy: Pushed Filters:
[2021-11-29 23:48:44,983] {spark_submit_hook.py:479} INFO - 21/11/29 23:48:44 INFO FileSourceStrategy: Post-Scan Filters:
[2021-11-29 23:48:44,993] {spark_submit_hook.py:479} INFO - 21/11/29 23:48:44 INFO FileSourceStrategy: Output Data Schema: struct<value: string>
[2021-11-29 23:48:45,367] {spark_submit_hook.py:479} INFO - 21/11/29 23:48:45 INFO MemoryStore: Block broadcast_0 stored as values in memory (estimated size 174.7 KiB, free 413.8 MiB)
[2021-11-29 23:48:45,438] {spark_submit_hook.py:479} INFO - 21/11/29 23:48:45 INFO MemoryStore: Block broadcast_0_piece0 stored as bytes in memory (estimated size 27.6 KiB, free 413.7 MiB)
[2021-11-29 23:48:45,441] {spark_submit_hook.py:479} INFO - 21/11/29 23:48:45 INFO BlockManagerInfo: Added broadcast_0_piece0 in memory on 10.0.2.15:39401 (size: 27.6 KiB, free: 413.9 MiB)
[2021-11-29 23:48:45,447] {spark_submit_hook.py:479} INFO - 21/11/29 23:48:45 INFO SparkContext: Created broadcast 0 from json at NativeMethodAccessorImpl.java:0
[2021-11-29 23:48:45,467] {spark_submit_hook.py:479} INFO - 21/11/29 23:48:45 INFO FileSourceScanExec: Planning scan with bin packing, max size: 4237553 bytes, open cost is considered as scanning 4194304 bytes.
[2021-11-29 23:48:45,689] {spark_submit_hook.py:479} INFO - 21/11/29 23:48:45 INFO SparkContext: Starting job: json at NativeMethodAccessorImpl.java:0
[2021-11-29 23:48:45,712] {spark_submit_hook.py:479} INFO - 21/11/29 23:48:45 INFO DAGScheduler: Got job 0 (json at NativeMethodAccessorImpl.java:0) with 1 output partitions
[2021-11-29 23:48:45,716] {spark_submit_hook.py:479} INFO - 21/11/29 23:48:45 INFO DAGScheduler: Final stage: ResultStage 0 (json at NativeMethodAccessorImpl.java:0)
[2021-11-29 23:48:45,716] {spark_submit_hook.py:479} INFO - 21/11/29 23:48:45 INFO DAGScheduler: Parents of final stage: List()
[2021-11-29 23:48:45,717] {spark_submit_hook.py:479} INFO - 21/11/29 23:48:45 INFO DAGScheduler: Missing parents: List()
[2021-11-29 23:48:45,725] {spark_submit_hook.py:479} INFO - 21/11/29 23:48:45 INFO DAGScheduler: Submitting ResultStage 0 (MapPartitionsRDD[3] at json at NativeMethodAccessorImpl.java:0), which has no missing parents
[2021-11-29 23:48:45,872] {spark_submit_hook.py:479} INFO - 21/11/29 23:48:45 INFO MemoryStore: Block broadcast_1 stored as values in memory (estimated size 12.0 KiB, free 413.7 MiB)
[2021-11-29 23:48:45,874] {spark_submit_hook.py:479} INFO - 21/11/29 23:48:45 INFO MemoryStore: Block broadcast_1_piece0 stored as bytes in memory (estimated size 6.3 KiB, free 413.7 MiB)
[2021-11-29 23:48:45,880] {spark_submit_hook.py:479} INFO - 21/11/29 23:48:45 INFO BlockManagerInfo: Added broadcast_1_piece0 in memory on 10.0.2.15:39401 (size: 6.3 KiB, free: 413.9 MiB)
[2021-11-29 23:48:45,881] {spark_submit_hook.py:479} INFO - 21/11/29 23:48:45 INFO SparkContext: Created broadcast 1 from broadcast at DAGScheduler.scala:1388
[2021-11-29 23:48:45,907] {spark_submit_hook.py:479} INFO - 21/11/29 23:48:45 INFO DAGScheduler: Submitting 1 missing tasks from ResultStage 0 (MapPartitionsRDD[3] at json at NativeMethodAccessorImpl.java:0) (first 15 tasks are for partitions Vector(0))
[2021-11-29 23:48:45,908] {spark_submit_hook.py:479} INFO - 21/11/29 23:48:45 INFO TaskSchedulerImpl: Adding task set 0.0 with 1 tasks resource profile 0
[2021-11-29 23:48:46,009] {spark_submit_hook.py:479} INFO - 21/11/29 23:48:46 INFO TaskSetManager: Starting task 0.0 in stage 0.0 (TID 0) (10.0.2.15, executor driver, partition 0, PROCESS_LOCAL, 4948 bytes) taskResourceAssignments Map()
[2021-11-29 23:48:46,037] {spark_submit_hook.py:479} INFO - 21/11/29 23:48:46 INFO Executor: Running task 0.0 in stage 0.0 (TID 0)
[2021-11-29 23:48:46,232] {spark_submit_hook.py:479} INFO - 21/11/29 23:48:46 INFO FileScanRDD: Reading File path: file:///home/kauai/kauai/datapipeline/datalake/bronze/twitter_aluraonline/extract_date=2021-11-26/AluraOnline_20211126.json, range: 0-43249, partition values: [empty row]
[2021-11-29 23:48:46,687] {spark_submit_hook.py:479} INFO - 21/11/29 23:48:46 INFO CodeGenerator: Code generated in 291.135483 ms
[2021-11-29 23:48:46,760] {spark_submit_hook.py:479} INFO - 21/11/29 23:48:46 INFO Executor: Finished task 0.0 in stage 0.0 (TID 0). 2815 bytes result sent to driver
[2021-11-29 23:48:46,776] {spark_submit_hook.py:479} INFO - 21/11/29 23:48:46 INFO TaskSetManager: Finished task 0.0 in stage 0.0 (TID 0) in 806 ms on 10.0.2.15 (executor driver) (1/1)
[2021-11-29 23:48:46,790] {spark_submit_hook.py:479} INFO - 21/11/29 23:48:46 INFO TaskSchedulerImpl: Removed TaskSet 0.0, whose tasks have all completed, from pool
[2021-11-29 23:48:46,798] {spark_submit_hook.py:479} INFO - 21/11/29 23:48:46 INFO DAGScheduler: ResultStage 0 (json at NativeMethodAccessorImpl.java:0) finished in 1,034 s
[2021-11-29 23:48:46,802] {spark_submit_hook.py:479} INFO - 21/11/29 23:48:46 INFO DAGScheduler: Job 0 is finished. Cancelling potential speculative or zombie tasks for this job
[2021-11-29 23:48:46,808] {spark_submit_hook.py:479} INFO - 21/11/29 23:48:46 INFO TaskSchedulerImpl: Killing all running tasks in stage 0: Stage finished
[2021-11-29 23:48:46,813] {spark_submit_hook.py:479} INFO - 21/11/29 23:48:46 INFO DAGScheduler: Job 0 finished: json at NativeMethodAccessorImpl.java:0, took 1,116055 s
[2021-11-29 23:48:47,372] {spark_submit_hook.py:479} INFO - 21/11/29 23:48:47 INFO FileSourceStrategy: Pushed Filters: IsNotNull(data)
[2021-11-29 23:48:47,374] {spark_submit_hook.py:479} INFO - 21/11/29 23:48:47 INFO FileSourceStrategy: Post-Scan Filters: (size(data#7, true) > 0),isnotnull(data#7)
[2021-11-29 23:48:47,380] {spark_submit_hook.py:479} INFO - 21/11/29 23:48:47 INFO FileSourceStrategy: Output Data Schema: struct<data: array<struct<author_id:string,conversation_id:string,created_at:string,id:string,in_reply_to_user_id:string,public_metrics:struct<like_count:bigint,quote_count:bigint,reply_count:bigint,retweet_count:bigint>,text:string>>>
[2021-11-29 23:48:47,537] {spark_submit_hook.py:479} INFO - 21/11/29 23:48:47 INFO BlockManagerInfo: Removed broadcast_1_piece0 on 10.0.2.15:39401 in memory (size: 6.3 KiB, free: 413.9 MiB)
[2021-11-29 23:48:47,542] {spark_submit_hook.py:479} INFO - 21/11/29 23:48:47 INFO FileOutputCommitter: File Output Committer Algorithm version is 1
[2021-11-29 23:48:47,547] {spark_submit_hook.py:479} INFO - 21/11/29 23:48:47 INFO FileOutputCommitter: FileOutputCommitter skip cleanup _temporary folders under output directory:false, ignore cleanup failures: false
[2021-11-29 23:48:47,549] {spark_submit_hook.py:479} INFO - 21/11/29 23:48:47 INFO SQLHadoopMapReduceCommitProtocol: Using output committer class org.apache.hadoop.mapreduce.lib.output.FileOutputCommitter
[2021-11-29 23:48:47,558] {spark_submit_hook.py:479} INFO - 21/11/29 23:48:47 INFO BlockManagerInfo: Removed broadcast_0_piece0 on 10.0.2.15:39401 in memory (size: 27.6 KiB, free: 413.9 MiB)
[2021-11-29 23:48:47,697] {spark_submit_hook.py:479} INFO - 21/11/29 23:48:47 INFO CodeGenerator: Code generated in 51.11577 ms
[2021-11-29 23:48:47,756] {spark_submit_hook.py:479} INFO - 21/11/29 23:48:47 INFO CodeGenerator: Code generated in 37.344194 ms
[2021-11-29 23:48:47,766] {spark_submit_hook.py:479} INFO - 21/11/29 23:48:47 INFO MemoryStore: Block broadcast_2 stored as values in memory (estimated size 174.6 KiB, free 413.8 MiB)
[2021-11-29 23:48:47,780] {spark_submit_hook.py:479} INFO - 21/11/29 23:48:47 INFO MemoryStore: Block broadcast_2_piece0 stored as bytes in memory (estimated size 27.6 KiB, free 413.7 MiB)
[2021-11-29 23:48:47,783] {spark_submit_hook.py:479} INFO - 21/11/29 23:48:47 INFO BlockManagerInfo: Added broadcast_2_piece0 in memory on 10.0.2.15:39401 (size: 27.6 KiB, free: 413.9 MiB)
[2021-11-29 23:48:47,788] {spark_submit_hook.py:479} INFO - 21/11/29 23:48:47 INFO SparkContext: Created broadcast 2 from json at NativeMethodAccessorImpl.java:0
[2021-11-29 23:48:47,791] {spark_submit_hook.py:479} INFO - 21/11/29 23:48:47 INFO FileSourceScanExec: Planning scan with bin packing, max size: 4237553 bytes, open cost is considered as scanning 4194304 bytes.
[2021-11-29 23:48:47,921] {spark_submit_hook.py:479} INFO - 21/11/29 23:48:47 INFO SparkContext: Starting job: json at NativeMethodAccessorImpl.java:0
[2021-11-29 23:48:47,923] {spark_submit_hook.py:479} INFO - 21/11/29 23:48:47 INFO DAGScheduler: Got job 1 (json at NativeMethodAccessorImpl.java:0) with 1 output partitions
[2021-11-29 23:48:47,923] {spark_submit_hook.py:479} INFO - 21/11/29 23:48:47 INFO DAGScheduler: Final stage: ResultStage 1 (json at NativeMethodAccessorImpl.java:0)
[2021-11-29 23:48:47,924] {spark_submit_hook.py:479} INFO - 21/11/29 23:48:47 INFO DAGScheduler: Parents of final stage: List()
[2021-11-29 23:48:47,924] {spark_submit_hook.py:479} INFO - 21/11/29 23:48:47 INFO DAGScheduler: Missing parents: List()
[2021-11-29 23:48:47,928] {spark_submit_hook.py:479} INFO - 21/11/29 23:48:47 INFO DAGScheduler: Submitting ResultStage 1 (CoalescedRDD[13] at json at NativeMethodAccessorImpl.java:0), which has no missing parents
[2021-11-29 23:48:48,001] {spark_submit_hook.py:479} INFO - 21/11/29 23:48:48 INFO MemoryStore: Block broadcast_3 stored as values in memory (estimated size 188.8 KiB, free 413.5 MiB)
[2021-11-29 23:48:48,004] {spark_submit_hook.py:479} INFO - 21/11/29 23:48:48 INFO MemoryStore: Block broadcast_3_piece0 stored as bytes in memory (estimated size 66.6 KiB, free 413.5 MiB)
[2021-11-29 23:48:48,004] {spark_submit_hook.py:479} INFO - 21/11/29 23:48:48 INFO BlockManagerInfo: Added broadcast_3_piece0 in memory on 10.0.2.15:39401 (size: 66.6 KiB, free: 413.8 MiB)
[2021-11-29 23:48:48,007] {spark_submit_hook.py:479} INFO - 21/11/29 23:48:48 INFO SparkContext: Created broadcast 3 from broadcast at DAGScheduler.scala:1388
[2021-11-29 23:48:48,007] {spark_submit_hook.py:479} INFO - 21/11/29 23:48:48 INFO DAGScheduler: Submitting 1 missing tasks from ResultStage 1 (CoalescedRDD[13] at json at NativeMethodAccessorImpl.java:0) (first 15 tasks are for partitions Vector(0))
[2021-11-29 23:48:48,008] {spark_submit_hook.py:479} INFO - 21/11/29 23:48:48 INFO TaskSchedulerImpl: Adding task set 1.0 with 1 tasks resource profile 0
[2021-11-29 23:48:48,010] {spark_submit_hook.py:479} INFO - 21/11/29 23:48:48 INFO TaskSetManager: Starting task 0.0 in stage 1.0 (TID 1) (10.0.2.15, executor driver, partition 0, PROCESS_LOCAL, 5177 bytes) taskResourceAssignments Map()
[2021-11-29 23:48:48,011] {spark_submit_hook.py:479} INFO - 21/11/29 23:48:48 INFO Executor: Running task 0.0 in stage 1.0 (TID 1)
[2021-11-29 23:48:48,113] {spark_submit_hook.py:479} INFO - 21/11/29 23:48:48 INFO FileOutputCommitter: File Output Committer Algorithm version is 1
[2021-11-29 23:48:48,113] {spark_submit_hook.py:479} INFO - 21/11/29 23:48:48 INFO FileOutputCommitter: FileOutputCommitter skip cleanup _temporary folders under output directory:false, ignore cleanup failures: false
[2021-11-29 23:48:48,116] {spark_submit_hook.py:479} INFO - 21/11/29 23:48:48 INFO SQLHadoopMapReduceCommitProtocol: Using output committer class org.apache.hadoop.mapreduce.lib.output.FileOutputCommitter
[2021-11-29 23:48:48,227] {spark_submit_hook.py:479} INFO - 21/11/29 23:48:48 INFO CodeGenerator: Code generated in 37.679746 ms
[2021-11-29 23:48:48,229] {spark_submit_hook.py:479} INFO - 21/11/29 23:48:48 INFO FileScanRDD: Reading File path: file:///home/kauai/kauai/datapipeline/datalake/bronze/twitter_aluraonline/extract_date=2021-11-26/AluraOnline_20211126.json, range: 0-43249, partition values: [empty row]
[2021-11-29 23:48:48,273] {spark_submit_hook.py:479} INFO - 21/11/29 23:48:48 INFO CodeGenerator: Code generated in 39.316046 ms
[2021-11-29 23:48:48,307] {spark_submit_hook.py:479} INFO - 21/11/29 23:48:48 INFO CodeGenerator: Code generated in 11.066267 ms
[2021-11-29 23:48:48,394] {spark_submit_hook.py:479} INFO - 21/11/29 23:48:48 INFO FileOutputCommitter: Saved output of task 'attempt_202111292348478532053574422163561_0001_m_000000_1' to file:/home/kauai/kauai/datapipeline/datalake/silver/twitter_aluraonline/tweet/process_date=2021-11-26/_temporary/0/task_202111292348478532053574422163561_0001_m_000000
[2021-11-29 23:48:48,395] {spark_submit_hook.py:479} INFO - 21/11/29 23:48:48 INFO SparkHadoopMapRedUtil: attempt_202111292348478532053574422163561_0001_m_000000_1: Committed
[2021-11-29 23:48:48,408] {spark_submit_hook.py:479} INFO - 21/11/29 23:48:48 INFO Executor: Finished task 0.0 in stage 1.0 (TID 1). 2944 bytes result sent to driver
[2021-11-29 23:48:48,413] {spark_submit_hook.py:479} INFO - 21/11/29 23:48:48 INFO TaskSetManager: Finished task 0.0 in stage 1.0 (TID 1) in 405 ms on 10.0.2.15 (executor driver) (1/1)
[2021-11-29 23:48:48,415] {spark_submit_hook.py:479} INFO - 21/11/29 23:48:48 INFO DAGScheduler: ResultStage 1 (json at NativeMethodAccessorImpl.java:0) finished in 0,484 s
[2021-11-29 23:48:48,416] {spark_submit_hook.py:479} INFO - 21/11/29 23:48:48 INFO DAGScheduler: Job 1 is finished. Cancelling potential speculative or zombie tasks for this job
[2021-11-29 23:48:48,418] {spark_submit_hook.py:479} INFO - 21/11/29 23:48:48 INFO TaskSchedulerImpl: Removed TaskSet 1.0, whose tasks have all completed, from pool
[2021-11-29 23:48:48,419] {spark_submit_hook.py:479} INFO - 21/11/29 23:48:48 INFO TaskSchedulerImpl: Killing all running tasks in stage 1: Stage finished
[2021-11-29 23:48:48,420] {spark_submit_hook.py:479} INFO - 21/11/29 23:48:48 INFO DAGScheduler: Job 1 finished: json at NativeMethodAccessorImpl.java:0, took 0,498518 s
[2021-11-29 23:48:48,438] {spark_submit_hook.py:479} INFO - 21/11/29 23:48:48 INFO FileFormatWriter: Write Job e6af831f-a6f5-49e1-a8a5-0e3ceedba7e2 committed.
[2021-11-29 23:48:48,444] {spark_submit_hook.py:479} INFO - 21/11/29 23:48:48 INFO FileFormatWriter: Finished processing stats for write job e6af831f-a6f5-49e1-a8a5-0e3ceedba7e2.
[2021-11-29 23:48:48,544] {spark_submit_hook.py:479} INFO - 21/11/29 23:48:48 INFO FileSourceStrategy: Pushed Filters: IsNotNull(includes)
[2021-11-29 23:48:48,544] {spark_submit_hook.py:479} INFO - 21/11/29 23:48:48 INFO FileSourceStrategy: Post-Scan Filters: isnotnull(includes#8),(size(includes#8.users, true) > 0),isnotnull(includes#8.users)
[2021-11-29 23:48:48,549] {spark_submit_hook.py:479} INFO - 21/11/29 23:48:48 INFO FileSourceStrategy: Output Data Schema: struct<includes: struct<users: array<struct<created_at:string,id:string,name:string,username:string>>>>
[2021-11-29 23:48:48,573] {spark_submit_hook.py:479} INFO - 21/11/29 23:48:48 INFO FileOutputCommitter: File Output Committer Algorithm version is 1
[2021-11-29 23:48:48,573] {spark_submit_hook.py:479} INFO - 21/11/29 23:48:48 INFO FileOutputCommitter: FileOutputCommitter skip cleanup _temporary folders under output directory:false, ignore cleanup failures: false
[2021-11-29 23:48:48,573] {spark_submit_hook.py:479} INFO - 21/11/29 23:48:48 INFO SQLHadoopMapReduceCommitProtocol: Using output committer class org.apache.hadoop.mapreduce.lib.output.FileOutputCommitter
[2021-11-29 23:48:48,631] {spark_submit_hook.py:479} INFO - 21/11/29 23:48:48 INFO CodeGenerator: Code generated in 24.550936 ms
[2021-11-29 23:48:48,667] {spark_submit_hook.py:479} INFO - 21/11/29 23:48:48 INFO CodeGenerator: Code generated in 29.258452 ms
[2021-11-29 23:48:48,675] {spark_submit_hook.py:479} INFO - 21/11/29 23:48:48 INFO MemoryStore: Block broadcast_4 stored as values in memory (estimated size 174.6 KiB, free 413.3 MiB)
[2021-11-29 23:48:48,691] {spark_submit_hook.py:479} INFO - 21/11/29 23:48:48 INFO MemoryStore: Block broadcast_4_piece0 stored as bytes in memory (estimated size 27.6 KiB, free 413.3 MiB)
[2021-11-29 23:48:48,692] {spark_submit_hook.py:479} INFO - 21/11/29 23:48:48 INFO BlockManagerInfo: Added broadcast_4_piece0 in memory on 10.0.2.15:39401 (size: 27.6 KiB, free: 413.8 MiB)
[2021-11-29 23:48:48,692] {spark_submit_hook.py:479} INFO - 21/11/29 23:48:48 INFO SparkContext: Created broadcast 4 from json at NativeMethodAccessorImpl.java:0
[2021-11-29 23:48:48,693] {spark_submit_hook.py:479} INFO - 21/11/29 23:48:48 INFO FileSourceScanExec: Planning scan with bin packing, max size: 4237553 bytes, open cost is considered as scanning 4194304 bytes.
[2021-11-29 23:48:48,762] {spark_submit_hook.py:479} INFO - 21/11/29 23:48:48 INFO SparkContext: Starting job: json at NativeMethodAccessorImpl.java:0
[2021-11-29 23:48:48,763] {spark_submit_hook.py:479} INFO - 21/11/29 23:48:48 INFO DAGScheduler: Got job 2 (json at NativeMethodAccessorImpl.java:0) with 1 output partitions
[2021-11-29 23:48:48,764] {spark_submit_hook.py:479} INFO - 21/11/29 23:48:48 INFO DAGScheduler: Final stage: ResultStage 2 (json at NativeMethodAccessorImpl.java:0)
[2021-11-29 23:48:48,764] {spark_submit_hook.py:479} INFO - 21/11/29 23:48:48 INFO DAGScheduler: Parents of final stage: List()
[2021-11-29 23:48:48,764] {spark_submit_hook.py:479} INFO - 21/11/29 23:48:48 INFO DAGScheduler: Missing parents: List()
[2021-11-29 23:48:48,765] {spark_submit_hook.py:479} INFO - 21/11/29 23:48:48 INFO DAGScheduler: Submitting ResultStage 2 (CoalescedRDD[25] at json at NativeMethodAccessorImpl.java:0), which has no missing parents
[2021-11-29 23:48:48,788] {spark_submit_hook.py:479} INFO - 21/11/29 23:48:48 INFO MemoryStore: Block broadcast_5 stored as values in memory (estimated size 185.1 KiB, free 413.1 MiB)
[2021-11-29 23:48:48,791] {spark_submit_hook.py:479} INFO - 21/11/29 23:48:48 INFO MemoryStore: Block broadcast_5_piece0 stored as bytes in memory (estimated size 66.2 KiB, free 413.0 MiB)
[2021-11-29 23:48:48,792] {spark_submit_hook.py:479} INFO - 21/11/29 23:48:48 INFO BlockManagerInfo: Added broadcast_5_piece0 in memory on 10.0.2.15:39401 (size: 66.2 KiB, free: 413.7 MiB)
[2021-11-29 23:48:48,793] {spark_submit_hook.py:479} INFO - 21/11/29 23:48:48 INFO SparkContext: Created broadcast 5 from broadcast at DAGScheduler.scala:1388
[2021-11-29 23:48:48,793] {spark_submit_hook.py:479} INFO - 21/11/29 23:48:48 INFO DAGScheduler: Submitting 1 missing tasks from ResultStage 2 (CoalescedRDD[25] at json at NativeMethodAccessorImpl.java:0) (first 15 tasks are for partitions Vector(0))
[2021-11-29 23:48:48,794] {spark_submit_hook.py:479} INFO - 21/11/29 23:48:48 INFO TaskSchedulerImpl: Adding task set 2.0 with 1 tasks resource profile 0
[2021-11-29 23:48:48,801] {spark_submit_hook.py:479} INFO - 21/11/29 23:48:48 INFO TaskSetManager: Starting task 0.0 in stage 2.0 (TID 2) (10.0.2.15, executor driver, partition 0, PROCESS_LOCAL, 5177 bytes) taskResourceAssignments Map()
[2021-11-29 23:48:48,801] {spark_submit_hook.py:479} INFO - 21/11/29 23:48:48 INFO Executor: Running task 0.0 in stage 2.0 (TID 2)
[2021-11-29 23:48:48,823] {spark_submit_hook.py:479} INFO - 21/11/29 23:48:48 INFO FileOutputCommitter: File Output Committer Algorithm version is 1
[2021-11-29 23:48:48,823] {spark_submit_hook.py:479} INFO - 21/11/29 23:48:48 INFO FileOutputCommitter: FileOutputCommitter skip cleanup _temporary folders under output directory:false, ignore cleanup failures: false
[2021-11-29 23:48:48,824] {spark_submit_hook.py:479} INFO - 21/11/29 23:48:48 INFO SQLHadoopMapReduceCommitProtocol: Using output committer class org.apache.hadoop.mapreduce.lib.output.FileOutputCommitter
[2021-11-29 23:48:48,888] {spark_submit_hook.py:479} INFO - 21/11/29 23:48:48 INFO CodeGenerator: Code generated in 17.041385 ms
[2021-11-29 23:48:48,896] {spark_submit_hook.py:479} INFO - 21/11/29 23:48:48 INFO FileScanRDD: Reading File path: file:///home/kauai/kauai/datapipeline/datalake/bronze/twitter_aluraonline/extract_date=2021-11-26/AluraOnline_20211126.json, range: 0-43249, partition values: [empty row]
[2021-11-29 23:48:48,925] {spark_submit_hook.py:479} INFO - 21/11/29 23:48:48 INFO CodeGenerator: Code generated in 26.09594 ms
[2021-11-29 23:48:48,940] {spark_submit_hook.py:479} INFO - 21/11/29 23:48:48 INFO CodeGenerator: Code generated in 10.360669 ms
[2021-11-29 23:48:48,966] {spark_submit_hook.py:479} INFO - 21/11/29 23:48:48 INFO FileOutputCommitter: Saved output of task 'attempt_202111292348484604695480093528511_0002_m_000000_2' to file:/home/kauai/kauai/datapipeline/datalake/silver/twitter_aluraonline/user/process_date=2021-11-26/_temporary/0/task_202111292348484604695480093528511_0002_m_000000
[2021-11-29 23:48:48,967] {spark_submit_hook.py:479} INFO - 21/11/29 23:48:48 INFO SparkHadoopMapRedUtil: attempt_202111292348484604695480093528511_0002_m_000000_2: Committed
[2021-11-29 23:48:48,976] {spark_submit_hook.py:479} INFO - 21/11/29 23:48:48 INFO Executor: Finished task 0.0 in stage 2.0 (TID 2). 2901 bytes result sent to driver
[2021-11-29 23:48:48,987] {spark_submit_hook.py:479} INFO - 21/11/29 23:48:48 INFO TaskSetManager: Finished task 0.0 in stage 2.0 (TID 2) in 186 ms on 10.0.2.15 (executor driver) (1/1)
[2021-11-29 23:48:48,989] {spark_submit_hook.py:479} INFO - 21/11/29 23:48:48 INFO DAGScheduler: ResultStage 2 (json at NativeMethodAccessorImpl.java:0) finished in 0,223 s
[2021-11-29 23:48:48,989] {spark_submit_hook.py:479} INFO - 21/11/29 23:48:48 INFO DAGScheduler: Job 2 is finished. Cancelling potential speculative or zombie tasks for this job
[2021-11-29 23:48:48,989] {spark_submit_hook.py:479} INFO - 21/11/29 23:48:48 INFO TaskSchedulerImpl: Removed TaskSet 2.0, whose tasks have all completed, from pool
[2021-11-29 23:48:48,991] {spark_submit_hook.py:479} INFO - 21/11/29 23:48:48 INFO TaskSchedulerImpl: Killing all running tasks in stage 2: Stage finished
[2021-11-29 23:48:48,991] {spark_submit_hook.py:479} INFO - 21/11/29 23:48:48 INFO DAGScheduler: Job 2 finished: json at NativeMethodAccessorImpl.java:0, took 0,227163 s
[2021-11-29 23:48:49,010] {spark_submit_hook.py:479} INFO - 21/11/29 23:48:49 INFO FileFormatWriter: Write Job 8e16a6a0-53e3-4763-8d9a-1e100e670b58 committed.
[2021-11-29 23:48:49,010] {spark_submit_hook.py:479} INFO - 21/11/29 23:48:49 INFO FileFormatWriter: Finished processing stats for write job 8e16a6a0-53e3-4763-8d9a-1e100e670b58.
[2021-11-29 23:48:49,050] {spark_submit_hook.py:479} INFO - 21/11/29 23:48:49 INFO SparkUI: Stopped Spark web UI at http://10.0.2.15:4040
[2021-11-29 23:48:49,063] {spark_submit_hook.py:479} INFO - 21/11/29 23:48:49 INFO MapOutputTrackerMasterEndpoint: MapOutputTrackerMasterEndpoint stopped!
[2021-11-29 23:48:49,077] {spark_submit_hook.py:479} INFO - 21/11/29 23:48:49 INFO MemoryStore: MemoryStore cleared
[2021-11-29 23:48:49,078] {spark_submit_hook.py:479} INFO - 21/11/29 23:48:49 INFO BlockManager: BlockManager stopped
[2021-11-29 23:48:49,080] {spark_submit_hook.py:479} INFO - 21/11/29 23:48:49 INFO BlockManagerMaster: BlockManagerMaster stopped
[2021-11-29 23:48:49,081] {spark_submit_hook.py:479} INFO - 21/11/29 23:48:49 INFO OutputCommitCoordinator$OutputCommitCoordinatorEndpoint: OutputCommitCoordinator stopped!
[2021-11-29 23:48:49,092] {spark_submit_hook.py:479} INFO - 21/11/29 23:48:49 INFO SparkContext: Successfully stopped SparkContext
[2021-11-29 23:48:49,099] {spark_submit_hook.py:479} INFO - 21/11/29 23:48:49 INFO ShutdownHookManager: Shutdown hook called
[2021-11-29 23:48:49,100] {spark_submit_hook.py:479} INFO - 21/11/29 23:48:49 INFO ShutdownHookManager: Deleting directory /tmp/spark-799c05fc-0383-4b88-9166-f19fb3d823c5
[2021-11-29 23:48:49,101] {spark_submit_hook.py:479} INFO - 21/11/29 23:48:49 INFO ShutdownHookManager: Deleting directory /tmp/spark-dbee8878-774c-4638-8bce-3169c6a8854a/pyspark-abb193e1-5285-4703-ab92-3bfe6581a326
[2021-11-29 23:48:49,102] {spark_submit_hook.py:479} INFO - 21/11/29 23:48:49 INFO ShutdownHookManager: Deleting directory /tmp/spark-dbee8878-774c-4638-8bce-3169c6a8854a
[2021-11-29 23:48:49,139] {taskinstance.py:1057} INFO - Marking task as SUCCESS.dag_id=twitter_dag, task_id=transform_twitter_aluraonline, execution_date=20211126T090000, start_date=20211130T024836, end_date=20211130T024849
[2021-11-29 23:48:51,614] {local_task_job.py:102} INFO - Task exited with return code 0
