[2021-12-01 16:38:08,268] {taskinstance.py:670} INFO - Dependencies all met for <TaskInstance: twitter_dag.transform_twitter_aluraonline 2021-11-30T09:00:00+00:00 [queued]>
[2021-12-01 16:38:08,286] {taskinstance.py:670} INFO - Dependencies all met for <TaskInstance: twitter_dag.transform_twitter_aluraonline 2021-11-30T09:00:00+00:00 [queued]>
[2021-12-01 16:38:08,286] {taskinstance.py:880} INFO - 
--------------------------------------------------------------------------------
[2021-12-01 16:38:08,286] {taskinstance.py:881} INFO - Starting attempt 1 of 1
[2021-12-01 16:38:08,286] {taskinstance.py:882} INFO - 
--------------------------------------------------------------------------------
[2021-12-01 16:38:08,297] {taskinstance.py:901} INFO - Executing <Task(SparkSubmitOperator): transform_twitter_aluraonline> on 2021-11-30T09:00:00+00:00
[2021-12-01 16:38:08,298] {standard_task_runner.py:54} INFO - Started process 1971 to run task
[2021-12-01 16:38:08,430] {standard_task_runner.py:77} INFO - Running: ['airflow', 'run', 'twitter_dag', 'transform_twitter_aluraonline', '2021-11-30T09:00:00+00:00', '--job_id', '38', '--pool', 'default_pool', '--raw', '-sd', 'DAGS_FOLDER/twitter_dag.py', '--cfg_path', '/tmp/tmpfmto6e17']
[2021-12-01 16:38:08,430] {standard_task_runner.py:78} INFO - Job 38: Subtask transform_twitter_aluraonline
[2021-12-01 16:38:08,479] {logging_mixin.py:112} INFO - Running <TaskInstance: twitter_dag.transform_twitter_aluraonline 2021-11-30T09:00:00+00:00 [running]> on host kauai-VirtualBox
[2021-12-01 16:38:08,564] {base_hook.py:89} INFO - Using connection to: id: spark_default. Host: local, Port: None, Schema: None, Login: None, Password: None, extra: XXXXXXXX
[2021-12-01 16:38:08,565] {spark_submit_hook.py:325} INFO - Spark-Submit cmd: /home/kauai/spark-3.1.2-bin-hadoop3.2/bin/spark-submit --master local --name twitter_transformation /home/kauai/datapipeline/spark/transformation.py --src /home/kauai/kauai/datapipeline/datalake/bronze/twitter_aluraonline/extract_date=2021-11-30 --dest /home/kauai/kauai/datapipeline/datalake/silver/twitter_aluraonline/ --process-date 2021-11-30
[2021-12-01 16:38:10,719] {spark_submit_hook.py:479} INFO - 21/12/01 16:38:10 WARN Utils: Your hostname, kauai-VirtualBox resolves to a loopback address: 127.0.1.1; using 10.0.2.15 instead (on interface enp0s3)
[2021-12-01 16:38:10,719] {spark_submit_hook.py:479} INFO - 21/12/01 16:38:10 WARN Utils: Set SPARK_LOCAL_IP if you need to bind to another address
[2021-12-01 16:38:10,734] {spark_submit_hook.py:479} INFO - WARNING: An illegal reflective access operation has occurred
[2021-12-01 16:38:10,735] {spark_submit_hook.py:479} INFO - WARNING: Illegal reflective access by org.apache.spark.unsafe.Platform (file:/opt/spark/jars/spark-unsafe_2.12-3.1.2.jar) to constructor java.nio.DirectByteBuffer(long,int)
[2021-12-01 16:38:10,735] {spark_submit_hook.py:479} INFO - WARNING: Please consider reporting this to the maintainers of org.apache.spark.unsafe.Platform
[2021-12-01 16:38:10,735] {spark_submit_hook.py:479} INFO - WARNING: Use --illegal-access=warn to enable warnings of further illegal reflective access operations
[2021-12-01 16:38:10,735] {spark_submit_hook.py:479} INFO - WARNING: All illegal access operations will be denied in a future release
[2021-12-01 16:38:11,326] {spark_submit_hook.py:479} INFO - 21/12/01 16:38:11 WARN NativeCodeLoader: Unable to load native-hadoop library for your platform... using builtin-java classes where applicable
[2021-12-01 16:38:12,306] {spark_submit_hook.py:479} INFO - Using Spark's default log4j profile: org/apache/spark/log4j-defaults.properties
[2021-12-01 16:38:12,315] {spark_submit_hook.py:479} INFO - 21/12/01 16:38:12 INFO SparkContext: Running Spark version 3.1.2
[2021-12-01 16:38:12,385] {spark_submit_hook.py:479} INFO - 21/12/01 16:38:12 INFO ResourceUtils: ==============================================================
[2021-12-01 16:38:12,385] {spark_submit_hook.py:479} INFO - 21/12/01 16:38:12 INFO ResourceUtils: No custom resources configured for spark.driver.
[2021-12-01 16:38:12,387] {spark_submit_hook.py:479} INFO - 21/12/01 16:38:12 INFO ResourceUtils: ==============================================================
[2021-12-01 16:38:12,387] {spark_submit_hook.py:479} INFO - 21/12/01 16:38:12 INFO SparkContext: Submitted application: twitter_transformation
[2021-12-01 16:38:12,428] {spark_submit_hook.py:479} INFO - 21/12/01 16:38:12 INFO ResourceProfile: Default ResourceProfile created, executor resources: Map(cores -> name: cores, amount: 1, script: , vendor: , memory -> name: memory, amount: 1024, script: , vendor: , offHeap -> name: offHeap, amount: 0, script: , vendor: ), task resources: Map(cpus -> name: cpus, amount: 1.0)
[2021-12-01 16:38:12,447] {spark_submit_hook.py:479} INFO - 21/12/01 16:38:12 INFO ResourceProfile: Limiting resource is cpu
[2021-12-01 16:38:12,448] {spark_submit_hook.py:479} INFO - 21/12/01 16:38:12 INFO ResourceProfileManager: Added ResourceProfile id: 0
[2021-12-01 16:38:12,517] {spark_submit_hook.py:479} INFO - 21/12/01 16:38:12 INFO SecurityManager: Changing view acls to: kauai
[2021-12-01 16:38:12,518] {spark_submit_hook.py:479} INFO - 21/12/01 16:38:12 INFO SecurityManager: Changing modify acls to: kauai
[2021-12-01 16:38:12,518] {spark_submit_hook.py:479} INFO - 21/12/01 16:38:12 INFO SecurityManager: Changing view acls groups to:
[2021-12-01 16:38:12,519] {spark_submit_hook.py:479} INFO - 21/12/01 16:38:12 INFO SecurityManager: Changing modify acls groups to:
[2021-12-01 16:38:12,519] {spark_submit_hook.py:479} INFO - 21/12/01 16:38:12 INFO SecurityManager: SecurityManager: authentication disabled; ui acls disabled; users  with view permissions: Set(kauai); groups with view permissions: Set(); users  with modify permissions: Set(kauai); groups with modify permissions: Set()
[2021-12-01 16:38:12,962] {spark_submit_hook.py:479} INFO - 21/12/01 16:38:12 INFO Utils: Successfully started service 'sparkDriver' on port 35411.
[2021-12-01 16:38:13,024] {spark_submit_hook.py:479} INFO - 21/12/01 16:38:13 INFO SparkEnv: Registering MapOutputTracker
[2021-12-01 16:38:13,083] {spark_submit_hook.py:479} INFO - 21/12/01 16:38:13 INFO SparkEnv: Registering BlockManagerMaster
[2021-12-01 16:38:13,120] {spark_submit_hook.py:479} INFO - 21/12/01 16:38:13 INFO BlockManagerMasterEndpoint: Using org.apache.spark.storage.DefaultTopologyMapper for getting topology information
[2021-12-01 16:38:13,124] {spark_submit_hook.py:479} INFO - 21/12/01 16:38:13 INFO BlockManagerMasterEndpoint: BlockManagerMasterEndpoint up
[2021-12-01 16:38:13,129] {spark_submit_hook.py:479} INFO - 21/12/01 16:38:13 INFO SparkEnv: Registering BlockManagerMasterHeartbeat
[2021-12-01 16:38:13,146] {spark_submit_hook.py:479} INFO - 21/12/01 16:38:13 INFO DiskBlockManager: Created local directory at /tmp/blockmgr-bb697996-73c4-43d5-8820-c36d34fdfbb2
[2021-12-01 16:38:13,169] {spark_submit_hook.py:479} INFO - 21/12/01 16:38:13 INFO MemoryStore: MemoryStore started with capacity 413.9 MiB
[2021-12-01 16:38:13,192] {spark_submit_hook.py:479} INFO - 21/12/01 16:38:13 INFO SparkEnv: Registering OutputCommitCoordinator
[2021-12-01 16:38:13,487] {spark_submit_hook.py:479} INFO - 21/12/01 16:38:13 INFO Utils: Successfully started service 'SparkUI' on port 4040.
[2021-12-01 16:38:13,608] {spark_submit_hook.py:479} INFO - 21/12/01 16:38:13 INFO SparkUI: Bound SparkUI to 0.0.0.0, and started at http://10.0.2.15:4040
[2021-12-01 16:38:13,987] {spark_submit_hook.py:479} INFO - 21/12/01 16:38:13 INFO Executor: Starting executor ID driver on host 10.0.2.15
[2021-12-01 16:38:14,046] {spark_submit_hook.py:479} INFO - 21/12/01 16:38:14 INFO Utils: Successfully started service 'org.apache.spark.network.netty.NettyBlockTransferService' on port 41399.
[2021-12-01 16:38:14,046] {spark_submit_hook.py:479} INFO - 21/12/01 16:38:14 INFO NettyBlockTransferService: Server created on 10.0.2.15:41399
[2021-12-01 16:38:14,046] {spark_submit_hook.py:479} INFO - 21/12/01 16:38:14 INFO BlockManager: Using org.apache.spark.storage.RandomBlockReplicationPolicy for block replication policy
[2021-12-01 16:38:14,050] {spark_submit_hook.py:479} INFO - 21/12/01 16:38:14 INFO BlockManagerMaster: Registering BlockManager BlockManagerId(driver, 10.0.2.15, 41399, None)
[2021-12-01 16:38:14,056] {spark_submit_hook.py:479} INFO - 21/12/01 16:38:14 INFO BlockManagerMasterEndpoint: Registering block manager 10.0.2.15:41399 with 413.9 MiB RAM, BlockManagerId(driver, 10.0.2.15, 41399, None)
[2021-12-01 16:38:14,061] {spark_submit_hook.py:479} INFO - 21/12/01 16:38:14 INFO BlockManagerMaster: Registered BlockManager BlockManagerId(driver, 10.0.2.15, 41399, None)
[2021-12-01 16:38:14,071] {spark_submit_hook.py:479} INFO - 21/12/01 16:38:14 INFO BlockManager: Initialized BlockManager: BlockManagerId(driver, 10.0.2.15, 41399, None)
[2021-12-01 16:38:14,910] {spark_submit_hook.py:479} INFO - 21/12/01 16:38:14 INFO SharedState: Setting hive.metastore.warehouse.dir ('null') to the value of spark.sql.warehouse.dir ('file:/home/kauai/datapipeline/spark-warehouse').
[2021-12-01 16:38:14,912] {spark_submit_hook.py:479} INFO - 21/12/01 16:38:14 INFO SharedState: Warehouse path is 'file:/home/kauai/datapipeline/spark-warehouse'.
[2021-12-01 16:38:16,190] {spark_submit_hook.py:479} INFO - 21/12/01 16:38:16 INFO InMemoryFileIndex: It took 127 ms to list leaf files for 1 paths.
[2021-12-01 16:38:16,335] {spark_submit_hook.py:479} INFO - 21/12/01 16:38:16 INFO InMemoryFileIndex: It took 2 ms to list leaf files for 1 paths.
[2021-12-01 16:38:18,843] {spark_submit_hook.py:479} INFO - 21/12/01 16:38:18 INFO FileSourceStrategy: Pushed Filters:
[2021-12-01 16:38:18,844] {spark_submit_hook.py:479} INFO - 21/12/01 16:38:18 INFO FileSourceStrategy: Post-Scan Filters:
[2021-12-01 16:38:18,846] {spark_submit_hook.py:479} INFO - 21/12/01 16:38:18 INFO FileSourceStrategy: Output Data Schema: struct<value: string>
[2021-12-01 16:38:19,203] {spark_submit_hook.py:479} INFO - 21/12/01 16:38:19 INFO MemoryStore: Block broadcast_0 stored as values in memory (estimated size 174.7 KiB, free 413.8 MiB)
[2021-12-01 16:38:19,282] {spark_submit_hook.py:479} INFO - 21/12/01 16:38:19 INFO MemoryStore: Block broadcast_0_piece0 stored as bytes in memory (estimated size 27.6 KiB, free 413.7 MiB)
[2021-12-01 16:38:19,285] {spark_submit_hook.py:479} INFO - 21/12/01 16:38:19 INFO BlockManagerInfo: Added broadcast_0_piece0 in memory on 10.0.2.15:41399 (size: 27.6 KiB, free: 413.9 MiB)
[2021-12-01 16:38:19,291] {spark_submit_hook.py:479} INFO - 21/12/01 16:38:19 INFO SparkContext: Created broadcast 0 from json at NativeMethodAccessorImpl.java:0
[2021-12-01 16:38:19,303] {spark_submit_hook.py:479} INFO - 21/12/01 16:38:19 INFO FileSourceScanExec: Planning scan with bin packing, max size: 4216408 bytes, open cost is considered as scanning 4194304 bytes.
[2021-12-01 16:38:19,605] {spark_submit_hook.py:479} INFO - 21/12/01 16:38:19 INFO SparkContext: Starting job: json at NativeMethodAccessorImpl.java:0
[2021-12-01 16:38:19,626] {spark_submit_hook.py:479} INFO - 21/12/01 16:38:19 INFO DAGScheduler: Got job 0 (json at NativeMethodAccessorImpl.java:0) with 1 output partitions
[2021-12-01 16:38:19,631] {spark_submit_hook.py:479} INFO - 21/12/01 16:38:19 INFO DAGScheduler: Final stage: ResultStage 0 (json at NativeMethodAccessorImpl.java:0)
[2021-12-01 16:38:19,634] {spark_submit_hook.py:479} INFO - 21/12/01 16:38:19 INFO DAGScheduler: Parents of final stage: List()
[2021-12-01 16:38:19,637] {spark_submit_hook.py:479} INFO - 21/12/01 16:38:19 INFO DAGScheduler: Missing parents: List()
[2021-12-01 16:38:19,666] {spark_submit_hook.py:479} INFO - 21/12/01 16:38:19 INFO DAGScheduler: Submitting ResultStage 0 (MapPartitionsRDD[3] at json at NativeMethodAccessorImpl.java:0), which has no missing parents
[2021-12-01 16:38:19,813] {spark_submit_hook.py:479} INFO - 21/12/01 16:38:19 INFO MemoryStore: Block broadcast_1 stored as values in memory (estimated size 12.0 KiB, free 413.7 MiB)
[2021-12-01 16:38:19,816] {spark_submit_hook.py:479} INFO - 21/12/01 16:38:19 INFO MemoryStore: Block broadcast_1_piece0 stored as bytes in memory (estimated size 6.3 KiB, free 413.7 MiB)
[2021-12-01 16:38:19,817] {spark_submit_hook.py:479} INFO - 21/12/01 16:38:19 INFO BlockManagerInfo: Added broadcast_1_piece0 in memory on 10.0.2.15:41399 (size: 6.3 KiB, free: 413.9 MiB)
[2021-12-01 16:38:19,820] {spark_submit_hook.py:479} INFO - 21/12/01 16:38:19 INFO SparkContext: Created broadcast 1 from broadcast at DAGScheduler.scala:1388
[2021-12-01 16:38:19,847] {spark_submit_hook.py:479} INFO - 21/12/01 16:38:19 INFO DAGScheduler: Submitting 1 missing tasks from ResultStage 0 (MapPartitionsRDD[3] at json at NativeMethodAccessorImpl.java:0) (first 15 tasks are for partitions Vector(0))
[2021-12-01 16:38:19,847] {spark_submit_hook.py:479} INFO - 21/12/01 16:38:19 INFO TaskSchedulerImpl: Adding task set 0.0 with 1 tasks resource profile 0
[2021-12-01 16:38:19,920] {spark_submit_hook.py:479} INFO - 21/12/01 16:38:19 INFO TaskSetManager: Starting task 0.0 in stage 0.0 (TID 0) (10.0.2.15, executor driver, partition 0, PROCESS_LOCAL, 4948 bytes) taskResourceAssignments Map()
[2021-12-01 16:38:19,949] {spark_submit_hook.py:479} INFO - 21/12/01 16:38:19 INFO Executor: Running task 0.0 in stage 0.0 (TID 0)
[2021-12-01 16:38:20,124] {spark_submit_hook.py:479} INFO - 21/12/01 16:38:20 INFO FileScanRDD: Reading File path: file:///home/kauai/kauai/datapipeline/datalake/bronze/twitter_aluraonline/extract_date=2021-11-30/AluraOnline_20211130.json, range: 0-22104, partition values: [empty row]
[2021-12-01 16:38:20,608] {spark_submit_hook.py:479} INFO - 21/12/01 16:38:20 INFO CodeGenerator: Code generated in 289.019647 ms
[2021-12-01 16:38:20,702] {spark_submit_hook.py:479} INFO - 21/12/01 16:38:20 INFO Executor: Finished task 0.0 in stage 0.0 (TID 0). 2858 bytes result sent to driver
[2021-12-01 16:38:20,723] {spark_submit_hook.py:479} INFO - 21/12/01 16:38:20 INFO TaskSetManager: Finished task 0.0 in stage 0.0 (TID 0) in 824 ms on 10.0.2.15 (executor driver) (1/1)
[2021-12-01 16:38:20,742] {spark_submit_hook.py:479} INFO - 21/12/01 16:38:20 INFO TaskSchedulerImpl: Removed TaskSet 0.0, whose tasks have all completed, from pool
[2021-12-01 16:38:20,750] {spark_submit_hook.py:479} INFO - 21/12/01 16:38:20 INFO DAGScheduler: ResultStage 0 (json at NativeMethodAccessorImpl.java:0) finished in 1,060 s
[2021-12-01 16:38:20,756] {spark_submit_hook.py:479} INFO - 21/12/01 16:38:20 INFO DAGScheduler: Job 0 is finished. Cancelling potential speculative or zombie tasks for this job
[2021-12-01 16:38:20,756] {spark_submit_hook.py:479} INFO - 21/12/01 16:38:20 INFO TaskSchedulerImpl: Killing all running tasks in stage 0: Stage finished
[2021-12-01 16:38:20,764] {spark_submit_hook.py:479} INFO - 21/12/01 16:38:20 INFO DAGScheduler: Job 0 finished: json at NativeMethodAccessorImpl.java:0, took 1,156917 s
[2021-12-01 16:38:21,332] {spark_submit_hook.py:479} INFO - 21/12/01 16:38:21 INFO FileSourceStrategy: Pushed Filters: IsNotNull(data)
[2021-12-01 16:38:21,336] {spark_submit_hook.py:479} INFO - 21/12/01 16:38:21 INFO FileSourceStrategy: Post-Scan Filters: (size(data#7, true) > 0),isnotnull(data#7)
[2021-12-01 16:38:21,337] {spark_submit_hook.py:479} INFO - 21/12/01 16:38:21 INFO FileSourceStrategy: Output Data Schema: struct<data: array<struct<author_id:string,conversation_id:string,created_at:string,id:string,in_reply_to_user_id:string,public_metrics:struct<like_count:bigint,quote_count:bigint,reply_count:bigint,retweet_count:bigint>,text:string>>>
[2021-12-01 16:38:21,566] {spark_submit_hook.py:479} INFO - 21/12/01 16:38:21 INFO BlockManagerInfo: Removed broadcast_0_piece0 on 10.0.2.15:41399 in memory (size: 27.6 KiB, free: 413.9 MiB)
[2021-12-01 16:38:21,576] {spark_submit_hook.py:479} INFO - 21/12/01 16:38:21 INFO FileOutputCommitter: File Output Committer Algorithm version is 1
[2021-12-01 16:38:21,577] {spark_submit_hook.py:479} INFO - 21/12/01 16:38:21 INFO FileOutputCommitter: FileOutputCommitter skip cleanup _temporary folders under output directory:false, ignore cleanup failures: false
[2021-12-01 16:38:21,578] {spark_submit_hook.py:479} INFO - 21/12/01 16:38:21 INFO SQLHadoopMapReduceCommitProtocol: Using output committer class org.apache.hadoop.mapreduce.lib.output.FileOutputCommitter
[2021-12-01 16:38:21,599] {spark_submit_hook.py:479} INFO - 21/12/01 16:38:21 INFO BlockManagerInfo: Removed broadcast_1_piece0 on 10.0.2.15:41399 in memory (size: 6.3 KiB, free: 413.9 MiB)
[2021-12-01 16:38:21,768] {spark_submit_hook.py:479} INFO - 21/12/01 16:38:21 INFO CodeGenerator: Code generated in 58.419053 ms
[2021-12-01 16:38:21,840] {spark_submit_hook.py:479} INFO - 21/12/01 16:38:21 INFO CodeGenerator: Code generated in 44.34754 ms
[2021-12-01 16:38:21,855] {spark_submit_hook.py:479} INFO - 21/12/01 16:38:21 INFO MemoryStore: Block broadcast_2 stored as values in memory (estimated size 174.6 KiB, free 413.8 MiB)
[2021-12-01 16:38:21,866] {spark_submit_hook.py:479} INFO - 21/12/01 16:38:21 INFO MemoryStore: Block broadcast_2_piece0 stored as bytes in memory (estimated size 27.6 KiB, free 413.7 MiB)
[2021-12-01 16:38:21,869] {spark_submit_hook.py:479} INFO - 21/12/01 16:38:21 INFO BlockManagerInfo: Added broadcast_2_piece0 in memory on 10.0.2.15:41399 (size: 27.6 KiB, free: 413.9 MiB)
[2021-12-01 16:38:21,874] {spark_submit_hook.py:479} INFO - 21/12/01 16:38:21 INFO SparkContext: Created broadcast 2 from json at NativeMethodAccessorImpl.java:0
[2021-12-01 16:38:21,879] {spark_submit_hook.py:479} INFO - 21/12/01 16:38:21 INFO FileSourceScanExec: Planning scan with bin packing, max size: 4216408 bytes, open cost is considered as scanning 4194304 bytes.
[2021-12-01 16:38:22,022] {spark_submit_hook.py:479} INFO - 21/12/01 16:38:22 INFO SparkContext: Starting job: json at NativeMethodAccessorImpl.java:0
[2021-12-01 16:38:22,024] {spark_submit_hook.py:479} INFO - 21/12/01 16:38:22 INFO DAGScheduler: Got job 1 (json at NativeMethodAccessorImpl.java:0) with 1 output partitions
[2021-12-01 16:38:22,024] {spark_submit_hook.py:479} INFO - 21/12/01 16:38:22 INFO DAGScheduler: Final stage: ResultStage 1 (json at NativeMethodAccessorImpl.java:0)
[2021-12-01 16:38:22,024] {spark_submit_hook.py:479} INFO - 21/12/01 16:38:22 INFO DAGScheduler: Parents of final stage: List()
[2021-12-01 16:38:22,024] {spark_submit_hook.py:479} INFO - 21/12/01 16:38:22 INFO DAGScheduler: Missing parents: List()
[2021-12-01 16:38:22,029] {spark_submit_hook.py:479} INFO - 21/12/01 16:38:22 INFO DAGScheduler: Submitting ResultStage 1 (CoalescedRDD[13] at json at NativeMethodAccessorImpl.java:0), which has no missing parents
[2021-12-01 16:38:22,084] {spark_submit_hook.py:479} INFO - 21/12/01 16:38:22 INFO MemoryStore: Block broadcast_3 stored as values in memory (estimated size 188.8 KiB, free 413.5 MiB)
[2021-12-01 16:38:22,091] {spark_submit_hook.py:479} INFO - 21/12/01 16:38:22 INFO MemoryStore: Block broadcast_3_piece0 stored as bytes in memory (estimated size 66.5 KiB, free 413.5 MiB)
[2021-12-01 16:38:22,092] {spark_submit_hook.py:479} INFO - 21/12/01 16:38:22 INFO BlockManagerInfo: Added broadcast_3_piece0 in memory on 10.0.2.15:41399 (size: 66.5 KiB, free: 413.8 MiB)
[2021-12-01 16:38:22,096] {spark_submit_hook.py:479} INFO - 21/12/01 16:38:22 INFO SparkContext: Created broadcast 3 from broadcast at DAGScheduler.scala:1388
[2021-12-01 16:38:22,101] {spark_submit_hook.py:479} INFO - 21/12/01 16:38:22 INFO DAGScheduler: Submitting 1 missing tasks from ResultStage 1 (CoalescedRDD[13] at json at NativeMethodAccessorImpl.java:0) (first 15 tasks are for partitions Vector(0))
[2021-12-01 16:38:22,102] {spark_submit_hook.py:479} INFO - 21/12/01 16:38:22 INFO TaskSchedulerImpl: Adding task set 1.0 with 1 tasks resource profile 0
[2021-12-01 16:38:22,105] {spark_submit_hook.py:479} INFO - 21/12/01 16:38:22 INFO TaskSetManager: Starting task 0.0 in stage 1.0 (TID 1) (10.0.2.15, executor driver, partition 0, PROCESS_LOCAL, 5177 bytes) taskResourceAssignments Map()
[2021-12-01 16:38:22,105] {spark_submit_hook.py:479} INFO - 21/12/01 16:38:22 INFO Executor: Running task 0.0 in stage 1.0 (TID 1)
[2021-12-01 16:38:22,213] {spark_submit_hook.py:479} INFO - 21/12/01 16:38:22 INFO FileOutputCommitter: File Output Committer Algorithm version is 1
[2021-12-01 16:38:22,213] {spark_submit_hook.py:479} INFO - 21/12/01 16:38:22 INFO FileOutputCommitter: FileOutputCommitter skip cleanup _temporary folders under output directory:false, ignore cleanup failures: false
[2021-12-01 16:38:22,214] {spark_submit_hook.py:479} INFO - 21/12/01 16:38:22 INFO SQLHadoopMapReduceCommitProtocol: Using output committer class org.apache.hadoop.mapreduce.lib.output.FileOutputCommitter
[2021-12-01 16:38:22,329] {spark_submit_hook.py:479} INFO - 21/12/01 16:38:22 INFO CodeGenerator: Code generated in 40.148101 ms
[2021-12-01 16:38:22,330] {spark_submit_hook.py:479} INFO - 21/12/01 16:38:22 INFO FileScanRDD: Reading File path: file:///home/kauai/kauai/datapipeline/datalake/bronze/twitter_aluraonline/extract_date=2021-11-30/AluraOnline_20211130.json, range: 0-22104, partition values: [empty row]
[2021-12-01 16:38:22,382] {spark_submit_hook.py:479} INFO - 21/12/01 16:38:22 INFO CodeGenerator: Code generated in 48.566996 ms
[2021-12-01 16:38:22,421] {spark_submit_hook.py:479} INFO - 21/12/01 16:38:22 INFO CodeGenerator: Code generated in 11.541853 ms
[2021-12-01 16:38:22,496] {spark_submit_hook.py:479} INFO - 21/12/01 16:38:22 INFO FileOutputCommitter: Saved output of task 'attempt_202112011638211538877523537283878_0001_m_000000_1' to file:/home/kauai/kauai/datapipeline/datalake/silver/twitter_aluraonline/tweet/process_date=2021-11-30/_temporary/0/task_202112011638211538877523537283878_0001_m_000000
[2021-12-01 16:38:22,500] {spark_submit_hook.py:479} INFO - 21/12/01 16:38:22 INFO SparkHadoopMapRedUtil: attempt_202112011638211538877523537283878_0001_m_000000_1: Committed
[2021-12-01 16:38:22,504] {spark_submit_hook.py:479} INFO - 21/12/01 16:38:22 INFO Executor: Finished task 0.0 in stage 1.0 (TID 1). 2944 bytes result sent to driver
[2021-12-01 16:38:22,516] {spark_submit_hook.py:479} INFO - 21/12/01 16:38:22 INFO TaskSetManager: Finished task 0.0 in stage 1.0 (TID 1) in 413 ms on 10.0.2.15 (executor driver) (1/1)
[2021-12-01 16:38:22,520] {spark_submit_hook.py:479} INFO - 21/12/01 16:38:22 INFO DAGScheduler: ResultStage 1 (json at NativeMethodAccessorImpl.java:0) finished in 0,487 s
[2021-12-01 16:38:22,520] {spark_submit_hook.py:479} INFO - 21/12/01 16:38:22 INFO DAGScheduler: Job 1 is finished. Cancelling potential speculative or zombie tasks for this job
[2021-12-01 16:38:22,521] {spark_submit_hook.py:479} INFO - 21/12/01 16:38:22 INFO TaskSchedulerImpl: Removed TaskSet 1.0, whose tasks have all completed, from pool
[2021-12-01 16:38:22,524] {spark_submit_hook.py:479} INFO - 21/12/01 16:38:22 INFO TaskSchedulerImpl: Killing all running tasks in stage 1: Stage finished
[2021-12-01 16:38:22,525] {spark_submit_hook.py:479} INFO - 21/12/01 16:38:22 INFO DAGScheduler: Job 1 finished: json at NativeMethodAccessorImpl.java:0, took 0,499250 s
[2021-12-01 16:38:22,543] {spark_submit_hook.py:479} INFO - 21/12/01 16:38:22 INFO FileFormatWriter: Write Job 1fc6b2d1-760a-4ce7-a9b2-03ef2b577157 committed.
[2021-12-01 16:38:22,555] {spark_submit_hook.py:479} INFO - 21/12/01 16:38:22 INFO FileFormatWriter: Finished processing stats for write job 1fc6b2d1-760a-4ce7-a9b2-03ef2b577157.
[2021-12-01 16:38:22,680] {spark_submit_hook.py:479} INFO - 21/12/01 16:38:22 INFO FileSourceStrategy: Pushed Filters: IsNotNull(includes)
[2021-12-01 16:38:22,681] {spark_submit_hook.py:479} INFO - 21/12/01 16:38:22 INFO FileSourceStrategy: Post-Scan Filters: isnotnull(includes#8),(size(includes#8.users, true) > 0),isnotnull(includes#8.users)
[2021-12-01 16:38:22,681] {spark_submit_hook.py:479} INFO - 21/12/01 16:38:22 INFO FileSourceStrategy: Output Data Schema: struct<includes: struct<users: array<struct<created_at:string,id:string,name:string,username:string>>>>
[2021-12-01 16:38:22,710] {spark_submit_hook.py:479} INFO - 21/12/01 16:38:22 INFO FileOutputCommitter: File Output Committer Algorithm version is 1
[2021-12-01 16:38:22,710] {spark_submit_hook.py:479} INFO - 21/12/01 16:38:22 INFO FileOutputCommitter: FileOutputCommitter skip cleanup _temporary folders under output directory:false, ignore cleanup failures: false
[2021-12-01 16:38:22,711] {spark_submit_hook.py:479} INFO - 21/12/01 16:38:22 INFO SQLHadoopMapReduceCommitProtocol: Using output committer class org.apache.hadoop.mapreduce.lib.output.FileOutputCommitter
[2021-12-01 16:38:22,770] {spark_submit_hook.py:479} INFO - 21/12/01 16:38:22 INFO CodeGenerator: Code generated in 27.520719 ms
[2021-12-01 16:38:22,811] {spark_submit_hook.py:479} INFO - 21/12/01 16:38:22 INFO CodeGenerator: Code generated in 29.233574 ms
[2021-12-01 16:38:22,818] {spark_submit_hook.py:479} INFO - 21/12/01 16:38:22 INFO MemoryStore: Block broadcast_4 stored as values in memory (estimated size 174.6 KiB, free 413.3 MiB)
[2021-12-01 16:38:22,848] {spark_submit_hook.py:479} INFO - 21/12/01 16:38:22 INFO MemoryStore: Block broadcast_4_piece0 stored as bytes in memory (estimated size 27.6 KiB, free 413.3 MiB)
[2021-12-01 16:38:22,849] {spark_submit_hook.py:479} INFO - 21/12/01 16:38:22 INFO BlockManagerInfo: Added broadcast_4_piece0 in memory on 10.0.2.15:41399 (size: 27.6 KiB, free: 413.8 MiB)
[2021-12-01 16:38:22,851] {spark_submit_hook.py:479} INFO - 21/12/01 16:38:22 INFO SparkContext: Created broadcast 4 from json at NativeMethodAccessorImpl.java:0
[2021-12-01 16:38:22,852] {spark_submit_hook.py:479} INFO - 21/12/01 16:38:22 INFO FileSourceScanExec: Planning scan with bin packing, max size: 4216408 bytes, open cost is considered as scanning 4194304 bytes.
[2021-12-01 16:38:22,923] {spark_submit_hook.py:479} INFO - 21/12/01 16:38:22 INFO SparkContext: Starting job: json at NativeMethodAccessorImpl.java:0
[2021-12-01 16:38:22,928] {spark_submit_hook.py:479} INFO - 21/12/01 16:38:22 INFO DAGScheduler: Got job 2 (json at NativeMethodAccessorImpl.java:0) with 1 output partitions
[2021-12-01 16:38:22,929] {spark_submit_hook.py:479} INFO - 21/12/01 16:38:22 INFO DAGScheduler: Final stage: ResultStage 2 (json at NativeMethodAccessorImpl.java:0)
[2021-12-01 16:38:22,929] {spark_submit_hook.py:479} INFO - 21/12/01 16:38:22 INFO DAGScheduler: Parents of final stage: List()
[2021-12-01 16:38:22,929] {spark_submit_hook.py:479} INFO - 21/12/01 16:38:22 INFO DAGScheduler: Missing parents: List()
[2021-12-01 16:38:22,931] {spark_submit_hook.py:479} INFO - 21/12/01 16:38:22 INFO DAGScheduler: Submitting ResultStage 2 (CoalescedRDD[25] at json at NativeMethodAccessorImpl.java:0), which has no missing parents
[2021-12-01 16:38:22,957] {spark_submit_hook.py:479} INFO - 21/12/01 16:38:22 INFO MemoryStore: Block broadcast_5 stored as values in memory (estimated size 185.1 KiB, free 413.1 MiB)
[2021-12-01 16:38:22,961] {spark_submit_hook.py:479} INFO - 21/12/01 16:38:22 INFO MemoryStore: Block broadcast_5_piece0 stored as bytes in memory (estimated size 66.1 KiB, free 413.0 MiB)
[2021-12-01 16:38:22,962] {spark_submit_hook.py:479} INFO - 21/12/01 16:38:22 INFO BlockManagerInfo: Added broadcast_5_piece0 in memory on 10.0.2.15:41399 (size: 66.1 KiB, free: 413.7 MiB)
[2021-12-01 16:38:22,963] {spark_submit_hook.py:479} INFO - 21/12/01 16:38:22 INFO SparkContext: Created broadcast 5 from broadcast at DAGScheduler.scala:1388
[2021-12-01 16:38:22,963] {spark_submit_hook.py:479} INFO - 21/12/01 16:38:22 INFO DAGScheduler: Submitting 1 missing tasks from ResultStage 2 (CoalescedRDD[25] at json at NativeMethodAccessorImpl.java:0) (first 15 tasks are for partitions Vector(0))
[2021-12-01 16:38:22,963] {spark_submit_hook.py:479} INFO - 21/12/01 16:38:22 INFO TaskSchedulerImpl: Adding task set 2.0 with 1 tasks resource profile 0
[2021-12-01 16:38:22,965] {spark_submit_hook.py:479} INFO - 21/12/01 16:38:22 INFO TaskSetManager: Starting task 0.0 in stage 2.0 (TID 2) (10.0.2.15, executor driver, partition 0, PROCESS_LOCAL, 5177 bytes) taskResourceAssignments Map()
[2021-12-01 16:38:22,965] {spark_submit_hook.py:479} INFO - 21/12/01 16:38:22 INFO Executor: Running task 0.0 in stage 2.0 (TID 2)
[2021-12-01 16:38:22,994] {spark_submit_hook.py:479} INFO - 21/12/01 16:38:22 INFO FileOutputCommitter: File Output Committer Algorithm version is 1
[2021-12-01 16:38:22,995] {spark_submit_hook.py:479} INFO - 21/12/01 16:38:22 INFO FileOutputCommitter: FileOutputCommitter skip cleanup _temporary folders under output directory:false, ignore cleanup failures: false
[2021-12-01 16:38:22,996] {spark_submit_hook.py:479} INFO - 21/12/01 16:38:22 INFO SQLHadoopMapReduceCommitProtocol: Using output committer class org.apache.hadoop.mapreduce.lib.output.FileOutputCommitter
[2021-12-01 16:38:23,062] {spark_submit_hook.py:479} INFO - 21/12/01 16:38:23 INFO CodeGenerator: Code generated in 22.88115 ms
[2021-12-01 16:38:23,064] {spark_submit_hook.py:479} INFO - 21/12/01 16:38:23 INFO FileScanRDD: Reading File path: file:///home/kauai/kauai/datapipeline/datalake/bronze/twitter_aluraonline/extract_date=2021-11-30/AluraOnline_20211130.json, range: 0-22104, partition values: [empty row]
[2021-12-01 16:38:23,097] {spark_submit_hook.py:479} INFO - 21/12/01 16:38:23 INFO CodeGenerator: Code generated in 23.850849 ms
[2021-12-01 16:38:23,110] {spark_submit_hook.py:479} INFO - 21/12/01 16:38:23 INFO CodeGenerator: Code generated in 5.0024 ms
[2021-12-01 16:38:23,143] {spark_submit_hook.py:479} INFO - 21/12/01 16:38:23 INFO FileOutputCommitter: Saved output of task 'attempt_202112011638221938342904919086693_0002_m_000000_2' to file:/home/kauai/kauai/datapipeline/datalake/silver/twitter_aluraonline/user/process_date=2021-11-30/_temporary/0/task_202112011638221938342904919086693_0002_m_000000
[2021-12-01 16:38:23,143] {spark_submit_hook.py:479} INFO - 21/12/01 16:38:23 INFO SparkHadoopMapRedUtil: attempt_202112011638221938342904919086693_0002_m_000000_2: Committed
[2021-12-01 16:38:23,146] {spark_submit_hook.py:479} INFO - 21/12/01 16:38:23 INFO Executor: Finished task 0.0 in stage 2.0 (TID 2). 2901 bytes result sent to driver
[2021-12-01 16:38:23,156] {spark_submit_hook.py:479} INFO - 21/12/01 16:38:23 INFO TaskSetManager: Finished task 0.0 in stage 2.0 (TID 2) in 192 ms on 10.0.2.15 (executor driver) (1/1)
[2021-12-01 16:38:23,158] {spark_submit_hook.py:479} INFO - 21/12/01 16:38:23 INFO DAGScheduler: ResultStage 2 (json at NativeMethodAccessorImpl.java:0) finished in 0,225 s
[2021-12-01 16:38:23,158] {spark_submit_hook.py:479} INFO - 21/12/01 16:38:23 INFO DAGScheduler: Job 2 is finished. Cancelling potential speculative or zombie tasks for this job
[2021-12-01 16:38:23,159] {spark_submit_hook.py:479} INFO - 21/12/01 16:38:23 INFO TaskSchedulerImpl: Removed TaskSet 2.0, whose tasks have all completed, from pool
[2021-12-01 16:38:23,160] {spark_submit_hook.py:479} INFO - 21/12/01 16:38:23 INFO TaskSchedulerImpl: Killing all running tasks in stage 2: Stage finished
[2021-12-01 16:38:23,160] {spark_submit_hook.py:479} INFO - 21/12/01 16:38:23 INFO DAGScheduler: Job 2 finished: json at NativeMethodAccessorImpl.java:0, took 0,231947 s
[2021-12-01 16:38:23,184] {spark_submit_hook.py:479} INFO - 21/12/01 16:38:23 INFO FileFormatWriter: Write Job 2207dab9-1b8d-4e39-9855-73d690409b20 committed.
[2021-12-01 16:38:23,184] {spark_submit_hook.py:479} INFO - 21/12/01 16:38:23 INFO FileFormatWriter: Finished processing stats for write job 2207dab9-1b8d-4e39-9855-73d690409b20.
[2021-12-01 16:38:23,259] {spark_submit_hook.py:479} INFO - 21/12/01 16:38:23 INFO SparkUI: Stopped Spark web UI at http://10.0.2.15:4040
[2021-12-01 16:38:23,282] {spark_submit_hook.py:479} INFO - 21/12/01 16:38:23 INFO MapOutputTrackerMasterEndpoint: MapOutputTrackerMasterEndpoint stopped!
[2021-12-01 16:38:23,302] {spark_submit_hook.py:479} INFO - 21/12/01 16:38:23 INFO MemoryStore: MemoryStore cleared
[2021-12-01 16:38:23,303] {spark_submit_hook.py:479} INFO - 21/12/01 16:38:23 INFO BlockManager: BlockManager stopped
[2021-12-01 16:38:23,306] {spark_submit_hook.py:479} INFO - 21/12/01 16:38:23 INFO BlockManagerMaster: BlockManagerMaster stopped
[2021-12-01 16:38:23,308] {spark_submit_hook.py:479} INFO - 21/12/01 16:38:23 INFO OutputCommitCoordinator$OutputCommitCoordinatorEndpoint: OutputCommitCoordinator stopped!
[2021-12-01 16:38:23,322] {spark_submit_hook.py:479} INFO - 21/12/01 16:38:23 INFO SparkContext: Successfully stopped SparkContext
[2021-12-01 16:38:23,329] {spark_submit_hook.py:479} INFO - 21/12/01 16:38:23 INFO ShutdownHookManager: Shutdown hook called
[2021-12-01 16:38:23,330] {spark_submit_hook.py:479} INFO - 21/12/01 16:38:23 INFO ShutdownHookManager: Deleting directory /tmp/spark-2cdabf7a-7ecd-4d5a-bb2c-90b5822541ba
[2021-12-01 16:38:23,331] {spark_submit_hook.py:479} INFO - 21/12/01 16:38:23 INFO ShutdownHookManager: Deleting directory /tmp/spark-5b92a5c8-f2c7-4a86-b5b8-fa2e025f1de2/pyspark-96c986aa-2b85-43ef-9227-26f60fbd8a37
[2021-12-01 16:38:23,333] {spark_submit_hook.py:479} INFO - 21/12/01 16:38:23 INFO ShutdownHookManager: Deleting directory /tmp/spark-5b92a5c8-f2c7-4a86-b5b8-fa2e025f1de2
[2021-12-01 16:38:23,360] {taskinstance.py:1057} INFO - Marking task as SUCCESS.dag_id=twitter_dag, task_id=transform_twitter_aluraonline, execution_date=20211130T090000, start_date=20211201T193808, end_date=20211201T193823
[2021-12-01 16:38:28,259] {local_task_job.py:102} INFO - Task exited with return code 0
