[2021-12-02 23:32:21,592] {taskinstance.py:670} INFO - Dependencies all met for <TaskInstance: twitter_dag.transform_twitter_aluraonline 2021-11-30T09:00:00+00:00 [queued]>
[2021-12-02 23:32:21,603] {taskinstance.py:670} INFO - Dependencies all met for <TaskInstance: twitter_dag.transform_twitter_aluraonline 2021-11-30T09:00:00+00:00 [queued]>
[2021-12-02 23:32:21,603] {taskinstance.py:880} INFO - 
--------------------------------------------------------------------------------
[2021-12-02 23:32:21,603] {taskinstance.py:881} INFO - Starting attempt 2 of 2
[2021-12-02 23:32:21,603] {taskinstance.py:882} INFO - 
--------------------------------------------------------------------------------
[2021-12-02 23:32:21,610] {taskinstance.py:901} INFO - Executing <Task(SparkSubmitOperator): transform_twitter_aluraonline> on 2021-11-30T09:00:00+00:00
[2021-12-02 23:32:21,611] {standard_task_runner.py:54} INFO - Started process 15028 to run task
[2021-12-02 23:32:21,659] {standard_task_runner.py:77} INFO - Running: ['airflow', 'run', 'twitter_dag', 'transform_twitter_aluraonline', '2021-11-30T09:00:00+00:00', '--job_id', '67', '--pool', 'default_pool', '--raw', '-sd', 'DAGS_FOLDER/twitter_dag.py', '--cfg_path', '/tmp/tmpt47wyybz']
[2021-12-02 23:32:21,659] {standard_task_runner.py:78} INFO - Job 67: Subtask transform_twitter_aluraonline
[2021-12-02 23:32:21,676] {logging_mixin.py:112} INFO - Running <TaskInstance: twitter_dag.transform_twitter_aluraonline 2021-11-30T09:00:00+00:00 [running]> on host kauai-VirtualBox
[2021-12-02 23:32:21,708] {base_hook.py:89} INFO - Using connection to: id: spark_default. Host: local, Port: None, Schema: None, Login: None, Password: None, extra: XXXXXXXX
[2021-12-02 23:32:21,709] {spark_submit_hook.py:325} INFO - Spark-Submit cmd: /home/kauai/spark-3.1.2-bin-hadoop3.2/bin/spark-submit --master local --name twitter_transformation /home/kauai/datapipeline/spark/transformation.py --src /home/kauai/datapipeline/datalake/bronze/twitter_aluraonline/extract_date=2021-11-30 --dest /home/kauai/datapipeline/datalake/silver/twitter_aluraonline/ --process-date 2021-11-30
[2021-12-02 23:32:23,086] {spark_submit_hook.py:479} INFO - 21/12/02 23:32:23 WARN Utils: Your hostname, kauai-VirtualBox resolves to a loopback address: 127.0.1.1; using 10.0.2.15 instead (on interface enp0s3)
[2021-12-02 23:32:23,087] {spark_submit_hook.py:479} INFO - 21/12/02 23:32:23 WARN Utils: Set SPARK_LOCAL_IP if you need to bind to another address
[2021-12-02 23:32:23,093] {spark_submit_hook.py:479} INFO - WARNING: An illegal reflective access operation has occurred
[2021-12-02 23:32:23,093] {spark_submit_hook.py:479} INFO - WARNING: Illegal reflective access by org.apache.spark.unsafe.Platform (file:/opt/spark/jars/spark-unsafe_2.12-3.1.2.jar) to constructor java.nio.DirectByteBuffer(long,int)
[2021-12-02 23:32:23,093] {spark_submit_hook.py:479} INFO - WARNING: Please consider reporting this to the maintainers of org.apache.spark.unsafe.Platform
[2021-12-02 23:32:23,093] {spark_submit_hook.py:479} INFO - WARNING: Use --illegal-access=warn to enable warnings of further illegal reflective access operations
[2021-12-02 23:32:23,094] {spark_submit_hook.py:479} INFO - WARNING: All illegal access operations will be denied in a future release
[2021-12-02 23:32:23,706] {spark_submit_hook.py:479} INFO - 21/12/02 23:32:23 WARN NativeCodeLoader: Unable to load native-hadoop library for your platform... using builtin-java classes where applicable
[2021-12-02 23:32:24,453] {spark_submit_hook.py:479} INFO - Using Spark's default log4j profile: org/apache/spark/log4j-defaults.properties
[2021-12-02 23:32:24,459] {spark_submit_hook.py:479} INFO - 21/12/02 23:32:24 INFO SparkContext: Running Spark version 3.1.2
[2021-12-02 23:32:24,514] {spark_submit_hook.py:479} INFO - 21/12/02 23:32:24 INFO ResourceUtils: ==============================================================
[2021-12-02 23:32:24,514] {spark_submit_hook.py:479} INFO - 21/12/02 23:32:24 INFO ResourceUtils: No custom resources configured for spark.driver.
[2021-12-02 23:32:24,515] {spark_submit_hook.py:479} INFO - 21/12/02 23:32:24 INFO ResourceUtils: ==============================================================
[2021-12-02 23:32:24,516] {spark_submit_hook.py:479} INFO - 21/12/02 23:32:24 INFO SparkContext: Submitted application: twitter_transformation
[2021-12-02 23:32:24,538] {spark_submit_hook.py:479} INFO - 21/12/02 23:32:24 INFO ResourceProfile: Default ResourceProfile created, executor resources: Map(cores -> name: cores, amount: 1, script: , vendor: , memory -> name: memory, amount: 1024, script: , vendor: , offHeap -> name: offHeap, amount: 0, script: , vendor: ), task resources: Map(cpus -> name: cpus, amount: 1.0)
[2021-12-02 23:32:24,557] {spark_submit_hook.py:479} INFO - 21/12/02 23:32:24 INFO ResourceProfile: Limiting resource is cpu
[2021-12-02 23:32:24,557] {spark_submit_hook.py:479} INFO - 21/12/02 23:32:24 INFO ResourceProfileManager: Added ResourceProfile id: 0
[2021-12-02 23:32:24,605] {spark_submit_hook.py:479} INFO - 21/12/02 23:32:24 INFO SecurityManager: Changing view acls to: kauai
[2021-12-02 23:32:24,606] {spark_submit_hook.py:479} INFO - 21/12/02 23:32:24 INFO SecurityManager: Changing modify acls to: kauai
[2021-12-02 23:32:24,606] {spark_submit_hook.py:479} INFO - 21/12/02 23:32:24 INFO SecurityManager: Changing view acls groups to:
[2021-12-02 23:32:24,606] {spark_submit_hook.py:479} INFO - 21/12/02 23:32:24 INFO SecurityManager: Changing modify acls groups to:
[2021-12-02 23:32:24,607] {spark_submit_hook.py:479} INFO - 21/12/02 23:32:24 INFO SecurityManager: SecurityManager: authentication disabled; ui acls disabled; users  with view permissions: Set(kauai); groups with view permissions: Set(); users  with modify permissions: Set(kauai); groups with modify permissions: Set()
[2021-12-02 23:32:24,944] {spark_submit_hook.py:479} INFO - 21/12/02 23:32:24 INFO Utils: Successfully started service 'sparkDriver' on port 37631.
[2021-12-02 23:32:24,993] {spark_submit_hook.py:479} INFO - 21/12/02 23:32:24 INFO SparkEnv: Registering MapOutputTracker
[2021-12-02 23:32:25,037] {spark_submit_hook.py:479} INFO - 21/12/02 23:32:25 INFO SparkEnv: Registering BlockManagerMaster
[2021-12-02 23:32:25,064] {spark_submit_hook.py:479} INFO - 21/12/02 23:32:25 INFO BlockManagerMasterEndpoint: Using org.apache.spark.storage.DefaultTopologyMapper for getting topology information
[2021-12-02 23:32:25,068] {spark_submit_hook.py:479} INFO - 21/12/02 23:32:25 INFO BlockManagerMasterEndpoint: BlockManagerMasterEndpoint up
[2021-12-02 23:32:25,075] {spark_submit_hook.py:479} INFO - 21/12/02 23:32:25 INFO SparkEnv: Registering BlockManagerMasterHeartbeat
[2021-12-02 23:32:25,094] {spark_submit_hook.py:479} INFO - 21/12/02 23:32:25 INFO DiskBlockManager: Created local directory at /tmp/blockmgr-6831cf93-c5fe-408e-b3b8-6f3c8f780919
[2021-12-02 23:32:25,115] {spark_submit_hook.py:479} INFO - 21/12/02 23:32:25 INFO MemoryStore: MemoryStore started with capacity 413.9 MiB
[2021-12-02 23:32:25,135] {spark_submit_hook.py:479} INFO - 21/12/02 23:32:25 INFO SparkEnv: Registering OutputCommitCoordinator
[2021-12-02 23:32:25,333] {spark_submit_hook.py:479} INFO - 21/12/02 23:32:25 WARN Utils: Service 'SparkUI' could not bind on port 4040. Attempting port 4041.
[2021-12-02 23:32:25,346] {spark_submit_hook.py:479} INFO - 21/12/02 23:32:25 INFO Utils: Successfully started service 'SparkUI' on port 4041.
[2021-12-02 23:32:25,432] {spark_submit_hook.py:479} INFO - 21/12/02 23:32:25 INFO SparkUI: Bound SparkUI to 0.0.0.0, and started at http://10.0.2.15:4041
[2021-12-02 23:32:25,683] {spark_submit_hook.py:479} INFO - 21/12/02 23:32:25 INFO Executor: Starting executor ID driver on host 10.0.2.15
[2021-12-02 23:32:25,728] {spark_submit_hook.py:479} INFO - 21/12/02 23:32:25 INFO Utils: Successfully started service 'org.apache.spark.network.netty.NettyBlockTransferService' on port 37473.
[2021-12-02 23:32:25,729] {spark_submit_hook.py:479} INFO - 21/12/02 23:32:25 INFO NettyBlockTransferService: Server created on 10.0.2.15:37473
[2021-12-02 23:32:25,729] {spark_submit_hook.py:479} INFO - 21/12/02 23:32:25 INFO BlockManager: Using org.apache.spark.storage.RandomBlockReplicationPolicy for block replication policy
[2021-12-02 23:32:25,733] {spark_submit_hook.py:479} INFO - 21/12/02 23:32:25 INFO BlockManagerMaster: Registering BlockManager BlockManagerId(driver, 10.0.2.15, 37473, None)
[2021-12-02 23:32:25,741] {spark_submit_hook.py:479} INFO - 21/12/02 23:32:25 INFO BlockManagerMasterEndpoint: Registering block manager 10.0.2.15:37473 with 413.9 MiB RAM, BlockManagerId(driver, 10.0.2.15, 37473, None)
[2021-12-02 23:32:25,744] {spark_submit_hook.py:479} INFO - 21/12/02 23:32:25 INFO BlockManagerMaster: Registered BlockManager BlockManagerId(driver, 10.0.2.15, 37473, None)
[2021-12-02 23:32:25,745] {spark_submit_hook.py:479} INFO - 21/12/02 23:32:25 INFO BlockManager: Initialized BlockManager: BlockManagerId(driver, 10.0.2.15, 37473, None)
[2021-12-02 23:32:26,304] {spark_submit_hook.py:479} INFO - 21/12/02 23:32:26 INFO SharedState: Setting hive.metastore.warehouse.dir ('null') to the value of spark.sql.warehouse.dir ('file:/home/kauai/datapipeline/spark-warehouse').
[2021-12-02 23:32:26,305] {spark_submit_hook.py:479} INFO - 21/12/02 23:32:26 INFO SharedState: Warehouse path is 'file:/home/kauai/datapipeline/spark-warehouse'.
[2021-12-02 23:32:27,312] {spark_submit_hook.py:479} INFO - 21/12/02 23:32:27 INFO InMemoryFileIndex: It took 70 ms to list leaf files for 1 paths.
[2021-12-02 23:32:27,412] {spark_submit_hook.py:479} INFO - 21/12/02 23:32:27 INFO InMemoryFileIndex: It took 2 ms to list leaf files for 1 paths.
[2021-12-02 23:32:29,583] {spark_submit_hook.py:479} INFO - 21/12/02 23:32:29 INFO FileSourceStrategy: Pushed Filters:
[2021-12-02 23:32:29,584] {spark_submit_hook.py:479} INFO - 21/12/02 23:32:29 INFO FileSourceStrategy: Post-Scan Filters:
[2021-12-02 23:32:29,586] {spark_submit_hook.py:479} INFO - 21/12/02 23:32:29 INFO FileSourceStrategy: Output Data Schema: struct<value: string>
[2021-12-02 23:32:29,901] {spark_submit_hook.py:479} INFO - 21/12/02 23:32:29 INFO MemoryStore: Block broadcast_0 stored as values in memory (estimated size 174.7 KiB, free 413.8 MiB)
[2021-12-02 23:32:29,976] {spark_submit_hook.py:479} INFO - 21/12/02 23:32:29 INFO MemoryStore: Block broadcast_0_piece0 stored as bytes in memory (estimated size 27.6 KiB, free 413.7 MiB)
[2021-12-02 23:32:29,978] {spark_submit_hook.py:479} INFO - 21/12/02 23:32:29 INFO BlockManagerInfo: Added broadcast_0_piece0 in memory on 10.0.2.15:37473 (size: 27.6 KiB, free: 413.9 MiB)
[2021-12-02 23:32:29,984] {spark_submit_hook.py:479} INFO - 21/12/02 23:32:29 INFO SparkContext: Created broadcast 0 from json at NativeMethodAccessorImpl.java:0
[2021-12-02 23:32:30,002] {spark_submit_hook.py:479} INFO - 21/12/02 23:32:30 INFO FileSourceScanExec: Planning scan with bin packing, max size: 4216397 bytes, open cost is considered as scanning 4194304 bytes.
[2021-12-02 23:32:30,246] {spark_submit_hook.py:479} INFO - 21/12/02 23:32:30 INFO SparkContext: Starting job: json at NativeMethodAccessorImpl.java:0
[2021-12-02 23:32:30,271] {spark_submit_hook.py:479} INFO - 21/12/02 23:32:30 INFO DAGScheduler: Got job 0 (json at NativeMethodAccessorImpl.java:0) with 1 output partitions
[2021-12-02 23:32:30,272] {spark_submit_hook.py:479} INFO - 21/12/02 23:32:30 INFO DAGScheduler: Final stage: ResultStage 0 (json at NativeMethodAccessorImpl.java:0)
[2021-12-02 23:32:30,274] {spark_submit_hook.py:479} INFO - 21/12/02 23:32:30 INFO DAGScheduler: Parents of final stage: List()
[2021-12-02 23:32:30,279] {spark_submit_hook.py:479} INFO - 21/12/02 23:32:30 INFO DAGScheduler: Missing parents: List()
[2021-12-02 23:32:30,292] {spark_submit_hook.py:479} INFO - 21/12/02 23:32:30 INFO DAGScheduler: Submitting ResultStage 0 (MapPartitionsRDD[3] at json at NativeMethodAccessorImpl.java:0), which has no missing parents
[2021-12-02 23:32:30,431] {spark_submit_hook.py:479} INFO - 21/12/02 23:32:30 INFO MemoryStore: Block broadcast_1 stored as values in memory (estimated size 12.0 KiB, free 413.7 MiB)
[2021-12-02 23:32:30,433] {spark_submit_hook.py:479} INFO - 21/12/02 23:32:30 INFO MemoryStore: Block broadcast_1_piece0 stored as bytes in memory (estimated size 6.3 KiB, free 413.7 MiB)
[2021-12-02 23:32:30,434] {spark_submit_hook.py:479} INFO - 21/12/02 23:32:30 INFO BlockManagerInfo: Added broadcast_1_piece0 in memory on 10.0.2.15:37473 (size: 6.3 KiB, free: 413.9 MiB)
[2021-12-02 23:32:30,435] {spark_submit_hook.py:479} INFO - 21/12/02 23:32:30 INFO SparkContext: Created broadcast 1 from broadcast at DAGScheduler.scala:1388
[2021-12-02 23:32:30,467] {spark_submit_hook.py:479} INFO - 21/12/02 23:32:30 INFO DAGScheduler: Submitting 1 missing tasks from ResultStage 0 (MapPartitionsRDD[3] at json at NativeMethodAccessorImpl.java:0) (first 15 tasks are for partitions Vector(0))
[2021-12-02 23:32:30,468] {spark_submit_hook.py:479} INFO - 21/12/02 23:32:30 INFO TaskSchedulerImpl: Adding task set 0.0 with 1 tasks resource profile 0
[2021-12-02 23:32:30,538] {spark_submit_hook.py:479} INFO - 21/12/02 23:32:30 INFO TaskSetManager: Starting task 0.0 in stage 0.0 (TID 0) (10.0.2.15, executor driver, partition 0, PROCESS_LOCAL, 4942 bytes) taskResourceAssignments Map()
[2021-12-02 23:32:30,565] {spark_submit_hook.py:479} INFO - 21/12/02 23:32:30 INFO Executor: Running task 0.0 in stage 0.0 (TID 0)
[2021-12-02 23:32:30,738] {spark_submit_hook.py:479} INFO - 21/12/02 23:32:30 INFO FileScanRDD: Reading File path: file:///home/kauai/datapipeline/datalake/bronze/twitter_aluraonline/extract_date=2021-11-30/AluraOnline_20211130.json, range: 0-22093, partition values: [empty row]
[2021-12-02 23:32:31,206] {spark_submit_hook.py:479} INFO - 21/12/02 23:32:31 INFO CodeGenerator: Code generated in 266.089186 ms
[2021-12-02 23:32:31,338] {spark_submit_hook.py:479} INFO - 21/12/02 23:32:31 INFO Executor: Finished task 0.0 in stage 0.0 (TID 0). 2858 bytes result sent to driver
[2021-12-02 23:32:31,354] {spark_submit_hook.py:479} INFO - 21/12/02 23:32:31 INFO TaskSetManager: Finished task 0.0 in stage 0.0 (TID 0) in 841 ms on 10.0.2.15 (executor driver) (1/1)
[2021-12-02 23:32:31,366] {spark_submit_hook.py:479} INFO - 21/12/02 23:32:31 INFO DAGScheduler: ResultStage 0 (json at NativeMethodAccessorImpl.java:0) finished in 1,046 s
[2021-12-02 23:32:31,373] {spark_submit_hook.py:479} INFO - 21/12/02 23:32:31 INFO DAGScheduler: Job 0 is finished. Cancelling potential speculative or zombie tasks for this job
[2021-12-02 23:32:31,384] {spark_submit_hook.py:479} INFO - 21/12/02 23:32:31 INFO TaskSchedulerImpl: Removed TaskSet 0.0, whose tasks have all completed, from pool
[2021-12-02 23:32:31,385] {spark_submit_hook.py:479} INFO - 21/12/02 23:32:31 INFO TaskSchedulerImpl: Killing all running tasks in stage 0: Stage finished
[2021-12-02 23:32:31,394] {spark_submit_hook.py:479} INFO - 21/12/02 23:32:31 INFO DAGScheduler: Job 0 finished: json at NativeMethodAccessorImpl.java:0, took 1,134065 s
[2021-12-02 23:32:32,007] {spark_submit_hook.py:479} INFO - 21/12/02 23:32:32 INFO FileSourceStrategy: Pushed Filters: IsNotNull(data)
[2021-12-02 23:32:32,009] {spark_submit_hook.py:479} INFO - 21/12/02 23:32:32 INFO FileSourceStrategy: Post-Scan Filters: (size(data#7, true) > 0),isnotnull(data#7)
[2021-12-02 23:32:32,010] {spark_submit_hook.py:479} INFO - 21/12/02 23:32:32 INFO FileSourceStrategy: Output Data Schema: struct<data: array<struct<author_id:string,conversation_id:string,created_at:string,id:string,in_reply_to_user_id:string,public_metrics:struct<like_count:bigint,quote_count:bigint,reply_count:bigint,retweet_count:bigint>,text:string>>>
[2021-12-02 23:32:32,164] {spark_submit_hook.py:479} INFO - 21/12/02 23:32:32 INFO BlockManagerInfo: Removed broadcast_1_piece0 on 10.0.2.15:37473 in memory (size: 6.3 KiB, free: 413.9 MiB)
[2021-12-02 23:32:32,191] {spark_submit_hook.py:479} INFO - 21/12/02 23:32:32 INFO BlockManagerInfo: Removed broadcast_0_piece0 on 10.0.2.15:37473 in memory (size: 27.6 KiB, free: 413.9 MiB)
[2021-12-02 23:32:32,193] {spark_submit_hook.py:479} INFO - 21/12/02 23:32:32 INFO FileOutputCommitter: File Output Committer Algorithm version is 1
[2021-12-02 23:32:32,193] {spark_submit_hook.py:479} INFO - 21/12/02 23:32:32 INFO FileOutputCommitter: FileOutputCommitter skip cleanup _temporary folders under output directory:false, ignore cleanup failures: false
[2021-12-02 23:32:32,194] {spark_submit_hook.py:479} INFO - 21/12/02 23:32:32 INFO SQLHadoopMapReduceCommitProtocol: Using output committer class org.apache.hadoop.mapreduce.lib.output.FileOutputCommitter
[2021-12-02 23:32:32,324] {spark_submit_hook.py:479} INFO - 21/12/02 23:32:32 INFO CodeGenerator: Code generated in 63.610695 ms
[2021-12-02 23:32:32,403] {spark_submit_hook.py:479} INFO - 21/12/02 23:32:32 INFO CodeGenerator: Code generated in 59.561164 ms
[2021-12-02 23:32:32,413] {spark_submit_hook.py:479} INFO - 21/12/02 23:32:32 INFO MemoryStore: Block broadcast_2 stored as values in memory (estimated size 174.6 KiB, free 413.8 MiB)
[2021-12-02 23:32:32,427] {spark_submit_hook.py:479} INFO - 21/12/02 23:32:32 INFO MemoryStore: Block broadcast_2_piece0 stored as bytes in memory (estimated size 27.6 KiB, free 413.7 MiB)
[2021-12-02 23:32:32,428] {spark_submit_hook.py:479} INFO - 21/12/02 23:32:32 INFO BlockManagerInfo: Added broadcast_2_piece0 in memory on 10.0.2.15:37473 (size: 27.6 KiB, free: 413.9 MiB)
[2021-12-02 23:32:32,429] {spark_submit_hook.py:479} INFO - 21/12/02 23:32:32 INFO SparkContext: Created broadcast 2 from json at NativeMethodAccessorImpl.java:0
[2021-12-02 23:32:32,433] {spark_submit_hook.py:479} INFO - 21/12/02 23:32:32 INFO FileSourceScanExec: Planning scan with bin packing, max size: 4216397 bytes, open cost is considered as scanning 4194304 bytes.
[2021-12-02 23:32:32,555] {spark_submit_hook.py:479} INFO - 21/12/02 23:32:32 INFO SparkContext: Starting job: json at NativeMethodAccessorImpl.java:0
[2021-12-02 23:32:32,560] {spark_submit_hook.py:479} INFO - 21/12/02 23:32:32 INFO DAGScheduler: Got job 1 (json at NativeMethodAccessorImpl.java:0) with 1 output partitions
[2021-12-02 23:32:32,560] {spark_submit_hook.py:479} INFO - 21/12/02 23:32:32 INFO DAGScheduler: Final stage: ResultStage 1 (json at NativeMethodAccessorImpl.java:0)
[2021-12-02 23:32:32,560] {spark_submit_hook.py:479} INFO - 21/12/02 23:32:32 INFO DAGScheduler: Parents of final stage: List()
[2021-12-02 23:32:32,560] {spark_submit_hook.py:479} INFO - 21/12/02 23:32:32 INFO DAGScheduler: Missing parents: List()
[2021-12-02 23:32:32,564] {spark_submit_hook.py:479} INFO - 21/12/02 23:32:32 INFO DAGScheduler: Submitting ResultStage 1 (CoalescedRDD[13] at json at NativeMethodAccessorImpl.java:0), which has no missing parents
[2021-12-02 23:32:32,620] {spark_submit_hook.py:479} INFO - 21/12/02 23:32:32 INFO MemoryStore: Block broadcast_3 stored as values in memory (estimated size 188.7 KiB, free 413.5 MiB)
[2021-12-02 23:32:32,626] {spark_submit_hook.py:479} INFO - 21/12/02 23:32:32 INFO MemoryStore: Block broadcast_3_piece0 stored as bytes in memory (estimated size 66.5 KiB, free 413.5 MiB)
[2021-12-02 23:32:32,627] {spark_submit_hook.py:479} INFO - 21/12/02 23:32:32 INFO BlockManagerInfo: Added broadcast_3_piece0 in memory on 10.0.2.15:37473 (size: 66.5 KiB, free: 413.8 MiB)
[2021-12-02 23:32:32,631] {spark_submit_hook.py:479} INFO - 21/12/02 23:32:32 INFO SparkContext: Created broadcast 3 from broadcast at DAGScheduler.scala:1388
[2021-12-02 23:32:32,631] {spark_submit_hook.py:479} INFO - 21/12/02 23:32:32 INFO DAGScheduler: Submitting 1 missing tasks from ResultStage 1 (CoalescedRDD[13] at json at NativeMethodAccessorImpl.java:0) (first 15 tasks are for partitions Vector(0))
[2021-12-02 23:32:32,632] {spark_submit_hook.py:479} INFO - 21/12/02 23:32:32 INFO TaskSchedulerImpl: Adding task set 1.0 with 1 tasks resource profile 0
[2021-12-02 23:32:32,644] {spark_submit_hook.py:479} INFO - 21/12/02 23:32:32 INFO TaskSetManager: Starting task 0.0 in stage 1.0 (TID 1) (10.0.2.15, executor driver, partition 0, PROCESS_LOCAL, 5171 bytes) taskResourceAssignments Map()
[2021-12-02 23:32:32,647] {spark_submit_hook.py:479} INFO - 21/12/02 23:32:32 INFO Executor: Running task 0.0 in stage 1.0 (TID 1)
[2021-12-02 23:32:32,746] {spark_submit_hook.py:479} INFO - 21/12/02 23:32:32 INFO FileOutputCommitter: File Output Committer Algorithm version is 1
[2021-12-02 23:32:32,746] {spark_submit_hook.py:479} INFO - 21/12/02 23:32:32 INFO FileOutputCommitter: FileOutputCommitter skip cleanup _temporary folders under output directory:false, ignore cleanup failures: false
[2021-12-02 23:32:32,746] {spark_submit_hook.py:479} INFO - 21/12/02 23:32:32 INFO SQLHadoopMapReduceCommitProtocol: Using output committer class org.apache.hadoop.mapreduce.lib.output.FileOutputCommitter
[2021-12-02 23:32:32,881] {spark_submit_hook.py:479} INFO - 21/12/02 23:32:32 INFO CodeGenerator: Code generated in 51.382196 ms
[2021-12-02 23:32:32,883] {spark_submit_hook.py:479} INFO - 21/12/02 23:32:32 INFO FileScanRDD: Reading File path: file:///home/kauai/datapipeline/datalake/bronze/twitter_aluraonline/extract_date=2021-11-30/AluraOnline_20211130.json, range: 0-22093, partition values: [empty row]
[2021-12-02 23:32:32,927] {spark_submit_hook.py:479} INFO - 21/12/02 23:32:32 INFO CodeGenerator: Code generated in 42.028568 ms
[2021-12-02 23:32:32,971] {spark_submit_hook.py:479} INFO - 21/12/02 23:32:32 INFO CodeGenerator: Code generated in 17.296755 ms
[2021-12-02 23:32:33,041] {spark_submit_hook.py:479} INFO - 21/12/02 23:32:33 INFO FileOutputCommitter: Saved output of task 'attempt_202112022332328098584795160411471_0001_m_000000_1' to file:/home/kauai/datapipeline/datalake/silver/twitter_aluraonline/tweet/process_date=2021-11-30/_temporary/0/task_202112022332328098584795160411471_0001_m_000000
[2021-12-02 23:32:33,042] {spark_submit_hook.py:479} INFO - 21/12/02 23:32:33 INFO SparkHadoopMapRedUtil: attempt_202112022332328098584795160411471_0001_m_000000_1: Committed
[2021-12-02 23:32:33,053] {spark_submit_hook.py:479} INFO - 21/12/02 23:32:33 INFO Executor: Finished task 0.0 in stage 1.0 (TID 1). 2944 bytes result sent to driver
[2021-12-02 23:32:33,060] {spark_submit_hook.py:479} INFO - 21/12/02 23:32:33 INFO TaskSetManager: Finished task 0.0 in stage 1.0 (TID 1) in 418 ms on 10.0.2.15 (executor driver) (1/1)
[2021-12-02 23:32:33,062] {spark_submit_hook.py:479} INFO - 21/12/02 23:32:33 INFO DAGScheduler: ResultStage 1 (json at NativeMethodAccessorImpl.java:0) finished in 0,494 s
[2021-12-02 23:32:33,062] {spark_submit_hook.py:479} INFO - 21/12/02 23:32:33 INFO DAGScheduler: Job 1 is finished. Cancelling potential speculative or zombie tasks for this job
[2021-12-02 23:32:33,064] {spark_submit_hook.py:479} INFO - 21/12/02 23:32:33 INFO TaskSchedulerImpl: Removed TaskSet 1.0, whose tasks have all completed, from pool
[2021-12-02 23:32:33,066] {spark_submit_hook.py:479} INFO - 21/12/02 23:32:33 INFO TaskSchedulerImpl: Killing all running tasks in stage 1: Stage finished
[2021-12-02 23:32:33,066] {spark_submit_hook.py:479} INFO - 21/12/02 23:32:33 INFO DAGScheduler: Job 1 finished: json at NativeMethodAccessorImpl.java:0, took 0,506163 s
[2021-12-02 23:32:33,089] {spark_submit_hook.py:479} INFO - 21/12/02 23:32:33 INFO FileFormatWriter: Write Job cda879f6-c03b-46a6-ac0b-10a7404aa842 committed.
[2021-12-02 23:32:33,092] {spark_submit_hook.py:479} INFO - 21/12/02 23:32:33 INFO FileFormatWriter: Finished processing stats for write job cda879f6-c03b-46a6-ac0b-10a7404aa842.
[2021-12-02 23:32:33,173] {spark_submit_hook.py:479} INFO - 21/12/02 23:32:33 INFO FileSourceStrategy: Pushed Filters: IsNotNull(includes)
[2021-12-02 23:32:33,177] {spark_submit_hook.py:479} INFO - 21/12/02 23:32:33 INFO FileSourceStrategy: Post-Scan Filters: isnotnull(includes#8),(size(includes#8.users, true) > 0),isnotnull(includes#8.users)
[2021-12-02 23:32:33,178] {spark_submit_hook.py:479} INFO - 21/12/02 23:32:33 INFO FileSourceStrategy: Output Data Schema: struct<includes: struct<users: array<struct<created_at:string,id:string,name:string,username:string>>>>
[2021-12-02 23:32:33,199] {spark_submit_hook.py:479} INFO - 21/12/02 23:32:33 INFO FileOutputCommitter: File Output Committer Algorithm version is 1
[2021-12-02 23:32:33,201] {spark_submit_hook.py:479} INFO - 21/12/02 23:32:33 INFO FileOutputCommitter: FileOutputCommitter skip cleanup _temporary folders under output directory:false, ignore cleanup failures: false
[2021-12-02 23:32:33,203] {spark_submit_hook.py:479} INFO - 21/12/02 23:32:33 INFO SQLHadoopMapReduceCommitProtocol: Using output committer class org.apache.hadoop.mapreduce.lib.output.FileOutputCommitter
[2021-12-02 23:32:33,251] {spark_submit_hook.py:479} INFO - 21/12/02 23:32:33 INFO CodeGenerator: Code generated in 29.692721 ms
[2021-12-02 23:32:33,293] {spark_submit_hook.py:479} INFO - 21/12/02 23:32:33 INFO CodeGenerator: Code generated in 33.509051 ms
[2021-12-02 23:32:33,303] {spark_submit_hook.py:479} INFO - 21/12/02 23:32:33 INFO MemoryStore: Block broadcast_4 stored as values in memory (estimated size 174.6 KiB, free 413.3 MiB)
[2021-12-02 23:32:33,325] {spark_submit_hook.py:479} INFO - 21/12/02 23:32:33 INFO MemoryStore: Block broadcast_4_piece0 stored as bytes in memory (estimated size 27.6 KiB, free 413.3 MiB)
[2021-12-02 23:32:33,325] {spark_submit_hook.py:479} INFO - 21/12/02 23:32:33 INFO BlockManagerInfo: Added broadcast_4_piece0 in memory on 10.0.2.15:37473 (size: 27.6 KiB, free: 413.8 MiB)
[2021-12-02 23:32:33,326] {spark_submit_hook.py:479} INFO - 21/12/02 23:32:33 INFO SparkContext: Created broadcast 4 from json at NativeMethodAccessorImpl.java:0
[2021-12-02 23:32:33,331] {spark_submit_hook.py:479} INFO - 21/12/02 23:32:33 INFO FileSourceScanExec: Planning scan with bin packing, max size: 4216397 bytes, open cost is considered as scanning 4194304 bytes.
[2021-12-02 23:32:33,390] {spark_submit_hook.py:479} INFO - 21/12/02 23:32:33 INFO SparkContext: Starting job: json at NativeMethodAccessorImpl.java:0
[2021-12-02 23:32:33,392] {spark_submit_hook.py:479} INFO - 21/12/02 23:32:33 INFO DAGScheduler: Got job 2 (json at NativeMethodAccessorImpl.java:0) with 1 output partitions
[2021-12-02 23:32:33,392] {spark_submit_hook.py:479} INFO - 21/12/02 23:32:33 INFO DAGScheduler: Final stage: ResultStage 2 (json at NativeMethodAccessorImpl.java:0)
[2021-12-02 23:32:33,392] {spark_submit_hook.py:479} INFO - 21/12/02 23:32:33 INFO DAGScheduler: Parents of final stage: List()
[2021-12-02 23:32:33,392] {spark_submit_hook.py:479} INFO - 21/12/02 23:32:33 INFO DAGScheduler: Missing parents: List()
[2021-12-02 23:32:33,393] {spark_submit_hook.py:479} INFO - 21/12/02 23:32:33 INFO DAGScheduler: Submitting ResultStage 2 (CoalescedRDD[25] at json at NativeMethodAccessorImpl.java:0), which has no missing parents
[2021-12-02 23:32:33,416] {spark_submit_hook.py:479} INFO - 21/12/02 23:32:33 INFO MemoryStore: Block broadcast_5 stored as values in memory (estimated size 185.1 KiB, free 413.1 MiB)
[2021-12-02 23:32:33,423] {spark_submit_hook.py:479} INFO - 21/12/02 23:32:33 INFO MemoryStore: Block broadcast_5_piece0 stored as bytes in memory (estimated size 66.1 KiB, free 413.0 MiB)
[2021-12-02 23:32:33,423] {spark_submit_hook.py:479} INFO - 21/12/02 23:32:33 INFO BlockManagerInfo: Added broadcast_5_piece0 in memory on 10.0.2.15:37473 (size: 66.1 KiB, free: 413.7 MiB)
[2021-12-02 23:32:33,424] {spark_submit_hook.py:479} INFO - 21/12/02 23:32:33 INFO SparkContext: Created broadcast 5 from broadcast at DAGScheduler.scala:1388
[2021-12-02 23:32:33,425] {spark_submit_hook.py:479} INFO - 21/12/02 23:32:33 INFO DAGScheduler: Submitting 1 missing tasks from ResultStage 2 (CoalescedRDD[25] at json at NativeMethodAccessorImpl.java:0) (first 15 tasks are for partitions Vector(0))
[2021-12-02 23:32:33,425] {spark_submit_hook.py:479} INFO - 21/12/02 23:32:33 INFO TaskSchedulerImpl: Adding task set 2.0 with 1 tasks resource profile 0
[2021-12-02 23:32:33,427] {spark_submit_hook.py:479} INFO - 21/12/02 23:32:33 INFO TaskSetManager: Starting task 0.0 in stage 2.0 (TID 2) (10.0.2.15, executor driver, partition 0, PROCESS_LOCAL, 5171 bytes) taskResourceAssignments Map()
[2021-12-02 23:32:33,428] {spark_submit_hook.py:479} INFO - 21/12/02 23:32:33 INFO Executor: Running task 0.0 in stage 2.0 (TID 2)
[2021-12-02 23:32:33,448] {spark_submit_hook.py:479} INFO - 21/12/02 23:32:33 INFO FileOutputCommitter: File Output Committer Algorithm version is 1
[2021-12-02 23:32:33,455] {spark_submit_hook.py:479} INFO - 21/12/02 23:32:33 INFO FileOutputCommitter: FileOutputCommitter skip cleanup _temporary folders under output directory:false, ignore cleanup failures: false
[2021-12-02 23:32:33,456] {spark_submit_hook.py:479} INFO - 21/12/02 23:32:33 INFO SQLHadoopMapReduceCommitProtocol: Using output committer class org.apache.hadoop.mapreduce.lib.output.FileOutputCommitter
[2021-12-02 23:32:33,515] {spark_submit_hook.py:479} INFO - 21/12/02 23:32:33 INFO CodeGenerator: Code generated in 22.294787 ms
[2021-12-02 23:32:33,520] {spark_submit_hook.py:479} INFO - 21/12/02 23:32:33 INFO FileScanRDD: Reading File path: file:///home/kauai/datapipeline/datalake/bronze/twitter_aluraonline/extract_date=2021-11-30/AluraOnline_20211130.json, range: 0-22093, partition values: [empty row]
[2021-12-02 23:32:33,544] {spark_submit_hook.py:479} INFO - 21/12/02 23:32:33 INFO CodeGenerator: Code generated in 20.540595 ms
[2021-12-02 23:32:33,559] {spark_submit_hook.py:479} INFO - 21/12/02 23:32:33 INFO CodeGenerator: Code generated in 7.742646 ms
[2021-12-02 23:32:33,584] {spark_submit_hook.py:479} INFO - 21/12/02 23:32:33 INFO FileOutputCommitter: Saved output of task 'attempt_202112022332336772057924586351160_0002_m_000000_2' to file:/home/kauai/datapipeline/datalake/silver/twitter_aluraonline/user/process_date=2021-11-30/_temporary/0/task_202112022332336772057924586351160_0002_m_000000
[2021-12-02 23:32:33,584] {spark_submit_hook.py:479} INFO - 21/12/02 23:32:33 INFO SparkHadoopMapRedUtil: attempt_202112022332336772057924586351160_0002_m_000000_2: Committed
[2021-12-02 23:32:33,585] {spark_submit_hook.py:479} INFO - 21/12/02 23:32:33 INFO Executor: Finished task 0.0 in stage 2.0 (TID 2). 2901 bytes result sent to driver
[2021-12-02 23:32:33,595] {spark_submit_hook.py:479} INFO - 21/12/02 23:32:33 INFO TaskSetManager: Finished task 0.0 in stage 2.0 (TID 2) in 169 ms on 10.0.2.15 (executor driver) (1/1)
[2021-12-02 23:32:33,597] {spark_submit_hook.py:479} INFO - 21/12/02 23:32:33 INFO DAGScheduler: ResultStage 2 (json at NativeMethodAccessorImpl.java:0) finished in 0,203 s
[2021-12-02 23:32:33,597] {spark_submit_hook.py:479} INFO - 21/12/02 23:32:33 INFO DAGScheduler: Job 2 is finished. Cancelling potential speculative or zombie tasks for this job
[2021-12-02 23:32:33,598] {spark_submit_hook.py:479} INFO - 21/12/02 23:32:33 INFO TaskSchedulerImpl: Removed TaskSet 2.0, whose tasks have all completed, from pool
[2021-12-02 23:32:33,600] {spark_submit_hook.py:479} INFO - 21/12/02 23:32:33 INFO TaskSchedulerImpl: Killing all running tasks in stage 2: Stage finished
[2021-12-02 23:32:33,600] {spark_submit_hook.py:479} INFO - 21/12/02 23:32:33 INFO DAGScheduler: Job 2 finished: json at NativeMethodAccessorImpl.java:0, took 0,207623 s
[2021-12-02 23:32:33,625] {spark_submit_hook.py:479} INFO - 21/12/02 23:32:33 INFO FileFormatWriter: Write Job 639dd886-6430-4811-b215-cd9ed2fa98cb committed.
[2021-12-02 23:32:33,625] {spark_submit_hook.py:479} INFO - 21/12/02 23:32:33 INFO FileFormatWriter: Finished processing stats for write job 639dd886-6430-4811-b215-cd9ed2fa98cb.
[2021-12-02 23:32:33,666] {spark_submit_hook.py:479} INFO - 21/12/02 23:32:33 INFO SparkUI: Stopped Spark web UI at http://10.0.2.15:4041
[2021-12-02 23:32:33,680] {spark_submit_hook.py:479} INFO - 21/12/02 23:32:33 INFO MapOutputTrackerMasterEndpoint: MapOutputTrackerMasterEndpoint stopped!
[2021-12-02 23:32:33,688] {spark_submit_hook.py:479} INFO - 21/12/02 23:32:33 INFO MemoryStore: MemoryStore cleared
[2021-12-02 23:32:33,688] {spark_submit_hook.py:479} INFO - 21/12/02 23:32:33 INFO BlockManager: BlockManager stopped
[2021-12-02 23:32:33,693] {spark_submit_hook.py:479} INFO - 21/12/02 23:32:33 INFO BlockManagerMaster: BlockManagerMaster stopped
[2021-12-02 23:32:33,694] {spark_submit_hook.py:479} INFO - 21/12/02 23:32:33 INFO OutputCommitCoordinator$OutputCommitCoordinatorEndpoint: OutputCommitCoordinator stopped!
[2021-12-02 23:32:33,705] {spark_submit_hook.py:479} INFO - 21/12/02 23:32:33 INFO SparkContext: Successfully stopped SparkContext
[2021-12-02 23:32:33,707] {spark_submit_hook.py:479} INFO - 21/12/02 23:32:33 INFO ShutdownHookManager: Shutdown hook called
[2021-12-02 23:32:33,707] {spark_submit_hook.py:479} INFO - 21/12/02 23:32:33 INFO ShutdownHookManager: Deleting directory /tmp/spark-74d97e0e-5706-4fd9-b8c1-2408df5f7baf
[2021-12-02 23:32:33,709] {spark_submit_hook.py:479} INFO - 21/12/02 23:32:33 INFO ShutdownHookManager: Deleting directory /tmp/spark-2ddfadfd-2151-4d90-a1c7-d0bb8ce91fb5
[2021-12-02 23:32:33,710] {spark_submit_hook.py:479} INFO - 21/12/02 23:32:33 INFO ShutdownHookManager: Deleting directory /tmp/spark-74d97e0e-5706-4fd9-b8c1-2408df5f7baf/pyspark-becc9663-1dba-4c47-98a3-64896aa0c6f8
[2021-12-02 23:32:33,741] {taskinstance.py:1057} INFO - Marking task as SUCCESS.dag_id=twitter_dag, task_id=transform_twitter_aluraonline, execution_date=20211130T090000, start_date=20211203T023221, end_date=20211203T023233
[2021-12-02 23:32:36,594] {local_task_job.py:102} INFO - Task exited with return code 0
